[2020-02-13T14:31:50-08:00]
rchar: 16584903
wchar: 209
syscr: 2825
syscw: 10
read_bytes: 708608
write_bytes: 53248
cancelled_write_bytes: 0

[2020-02-13T14:31:53-08:00]
rchar: 16584903
wchar: 209
syscr: 2825
syscw: 10
read_bytes: 708608
write_bytes: 53248
cancelled_write_bytes: 0

[2020-02-13T14:31:56-08:00]
rchar: 16584903
wchar: 209
syscr: 2825
syscw: 10
read_bytes: 708608
write_bytes: 53248
cancelled_write_bytes: 0

[2020-02-13T14:31:59-08:00]
rchar: 16584903
wchar: 209
syscr: 2825
syscw: 10
read_bytes: 708608
write_bytes: 53248
cancelled_write_bytes: 0

[2020-02-13T14:32:02-08:00]
rchar: 16584903
wchar: 209
syscr: 2825
syscw: 10
read_bytes: 708608
write_bytes: 53248
cancelled_write_bytes: 0

[2020-02-13T14:32:05-08:00]
rchar: 16584903
wchar: 209
syscr: 2825
syscw: 10
read_bytes: 708608
write_bytes: 53248
cancelled_write_bytes: 0

[2020-02-13T14:32:08-08:00]
rchar: 16584903
wchar: 209
syscr: 2825
syscw: 10
read_bytes: 708608
write_bytes: 53248
cancelled_write_bytes: 0

[2020-02-13T14:32:11-08:00]
rchar: 16584903
wchar: 209
syscr: 2825
syscw: 10
read_bytes: 708608
write_bytes: 61440
cancelled_write_bytes: 0

[2020-02-13T14:32:14-08:00]
rchar: 16584903
wchar: 209
syscr: 2825
syscw: 10
read_bytes: 708608
write_bytes: 61440
cancelled_write_bytes: 0

[2020-02-13T14:32:17-08:00]
rchar: 27531659
wchar: 8275336
syscr: 18046
syscw: 1261
read_bytes: 30733824
write_bytes: 8364032
cancelled_write_bytes: 0

[2020-02-13T14:32:20-08:00]
rchar: 216141343
wchar: 147019192
syscr: 61693
syscw: 6379
read_bytes: 309807616
write_bytes: 147124224
cancelled_write_bytes: 0

[2020-02-13T14:32:23-08:00]
rchar: 417395869
wchar: 247897042
syscr: 137279
syscw: 21698
read_bytes: 579942912
write_bytes: 248033280
cancelled_write_bytes: 4096

[2020-02-13T14:32:26-08:00]
rchar: 525630572
wchar: 434261838
syscr: 176183
syscw: 32641
read_bytes: 693717504
write_bytes: 434515968
cancelled_write_bytes: 4096

[2020-02-13T14:32:29-08:00]
rchar: 575017855
wchar: 499487011
syscr: 196284
syscw: 38682
read_bytes: 762235392
write_bytes: 499896320
cancelled_write_bytes: 4096

[2020-02-13T14:32:32-08:00]
rchar: 776080470
wchar: 630444417
syscr: 278271
syscw: 47910
read_bytes: 1047202304
write_bytes: 630882304
cancelled_write_bytes: 4096

[2020-02-13T14:32:35-08:00]
rchar: 891519179
wchar: 807311173
syscr: 324817
syscw: 56582
read_bytes: 1202551296
write_bytes: 807878656
cancelled_write_bytes: 4096

[2020-02-13T14:32:38-08:00]
rchar: 1030003032
wchar: 932804338
syscr: 380965
syscw: 66814
read_bytes: 1391979008
write_bytes: 933425152
cancelled_write_bytes: 4096

[2020-02-13T14:32:41-08:00]
rchar: 1140217075
wchar: 1074414961
syscr: 425290
syscw: 78808
read_bytes: 1536940544
write_bytes: 1075249152
cancelled_write_bytes: 4096

[2020-02-13T14:32:44-08:00]
rchar: 1194343034
wchar: 1142085151
syscr: 446824
syscw: 85076
read_bytes: 1601763840
write_bytes: 1143148544
cancelled_write_bytes: 4096

[2020-02-13T14:32:47-08:00]
rchar: 1403124993
wchar: 1273384395
syscr: 530192
syscw: 94947
read_bytes: 1865468416
write_bytes: 1274478592
cancelled_write_bytes: 4096

[2020-02-13T14:32:50-08:00]
rchar: 1487605857
wchar: 1430360077
syscr: 563717
syscw: 102329
read_bytes: 1969211904
write_bytes: 1431638016
cancelled_write_bytes: 4096

[2020-02-13T14:32:53-08:00]
rchar: 1546944982
wchar: 1499571599
syscr: 586895
syscw: 108725
read_bytes: 2034084352
write_bytes: 1501089792
cancelled_write_bytes: 4096

[2020-02-13T14:32:56-08:00]
rchar: 1796629844
wchar: 1700627747
syscr: 673418
syscw: 116967
read_bytes: 2295056896
write_bytes: 1702182912
cancelled_write_bytes: 4096

[2020-02-13T14:32:59-08:00]
rchar: 2049576374
wchar: 1935245358
syscr: 761547
syscw: 124556
read_bytes: 2550471168
write_bytes: 1936916480
cancelled_write_bytes: 4096

[2020-02-13T14:33:02-08:00]
rchar: 2248503200
wchar: 2141958243
syscr: 831172
syscw: 131565
read_bytes: 2757130752
write_bytes: 2143662080
cancelled_write_bytes: 4096

[2020-02-13T14:33:05-08:00]
rchar: 2541069455
wchar: 2407925276
syscr: 932275
syscw: 142006
read_bytes: 3052206592
write_bytes: 2409693184
cancelled_write_bytes: 4096

[2020-02-13T14:33:08-08:00]
rchar: 2792861323
wchar: 2649296882
syscr: 1019873
syscw: 149766
read_bytes: 3307014656
write_bytes: 2651095040
cancelled_write_bytes: 4096

[2020-02-13T14:33:11-08:00]
rchar: 2938469058
wchar: 2804742861
syscr: 1070341
syscw: 156499
read_bytes: 3447351808
write_bytes: 2806722560
cancelled_write_bytes: 4096

[2020-02-13T14:33:14-08:00]
rchar: 3223239737
wchar: 3049105426
syscr: 1167681
syscw: 165108
read_bytes: 3719117312
write_bytes: 3051122688
cancelled_write_bytes: 4096

[2020-02-13T14:33:17-08:00]
rchar: 3472896792
wchar: 3267494018
syscr: 1253151
syscw: 173201
read_bytes: 3954670080
write_bytes: 3269541888
cancelled_write_bytes: 4096

[2020-02-13T14:33:20-08:00]
rchar: 3744079603
wchar: 3527832251
syscr: 1346069
syscw: 182742
read_bytes: 4205337088
write_bytes: 3529916416
cancelled_write_bytes: 4096

[2020-02-13T14:33:23-08:00]
rchar: 4004406175
wchar: 3776234393
syscr: 1433792
syscw: 189483
read_bytes: 4441184768
write_bytes: 3778379776
cancelled_write_bytes: 4096

[2020-02-13T14:33:26-08:00]
rchar: 4097493524
wchar: 3865344130
syscr: 1466935
syscw: 195882
read_bytes: 4521437696
write_bytes: 3867643904
cancelled_write_bytes: 4096

[2020-02-13T14:33:29-08:00]
rchar: 4180969893
wchar: 3928162364
syscr: 1497873
syscw: 204482
read_bytes: 4591458816
write_bytes: 3931037696
cancelled_write_bytes: 4096

[2020-02-13T14:33:32-08:00]
rchar: 4263609656
wchar: 3984561053
syscr: 1528519
syscw: 210399
read_bytes: 4660017664
write_bytes: 3987640320
cancelled_write_bytes: 4096

[2020-02-13T14:33:35-08:00]
rchar: 4347243589
wchar: 4045409740
syscr: 1560094
syscw: 217978
read_bytes: 4732635648
write_bytes: 4048752640
cancelled_write_bytes: 4096

[2020-02-13T14:33:38-08:00]
rchar: 4454234601
wchar: 4124857579
syscr: 1600278
syscw: 226905
read_bytes: 4828097024
write_bytes: 4128460800
cancelled_write_bytes: 4096

[2020-02-13T14:33:41-08:00]
rchar: 4749815427
wchar: 4379798515
syscr: 1702520
syscw: 234960
read_bytes: 5099833856
write_bytes: 4383485952
cancelled_write_bytes: 4096

[2020-02-13T14:33:44-08:00]
rchar: 4809234135
wchar: 4480160408
syscr: 1725351
syscw: 240864
read_bytes: 5152066048
write_bytes: 4484091904
cancelled_write_bytes: 4096

[2020-02-13T14:33:47-08:00]
rchar: 4980223868
wchar: 4597644610
syscr: 1786464
syscw: 247891
read_bytes: 5304408576
write_bytes: 4601782272
cancelled_write_bytes: 4096

[2020-02-13T14:33:50-08:00]
rchar: 5247414704
wchar: 4816622200
syscr: 1878913
syscw: 255825
read_bytes: 5545413120
write_bytes: 4820856832
cancelled_write_bytes: 4096

[2020-02-13T14:33:53-08:00]
rchar: 5484693114
wchar: 5025862746
syscr: 1961577
syscw: 264283
read_bytes: 5757049344
write_bytes: 5030199296
cancelled_write_bytes: 4096

[2020-02-13T14:33:56-08:00]
rchar: 5615160633
wchar: 5158073032
syscr: 2009180
syscw: 272228
read_bytes: 5870766592
write_bytes: 5162639360
cancelled_write_bytes: 4096

[2020-02-13T14:33:59-08:00]
rchar: 5671820460
wchar: 5222926406
syscr: 2031027
syscw: 278045
read_bytes: 5917288960
write_bytes: 5227753472
cancelled_write_bytes: 4096

[2020-02-13T14:34:02-08:00]
rchar: 5768866082
wchar: 5305690640
syscr: 2068359
syscw: 285530
read_bytes: 5996493312
write_bytes: 5310763008
cancelled_write_bytes: 4096

[2020-02-13T14:34:05-08:00]
rchar: 5934405318
wchar: 5445329888
syscr: 2128309
syscw: 293887
read_bytes: 6137096704
write_bytes: 5450616832
cancelled_write_bytes: 4096

[2020-02-13T14:34:08-08:00]
rchar: 6039733410
wchar: 5531027074
syscr: 2168964
syscw: 302917
read_bytes: 6222625280
write_bytes: 5536530432
cancelled_write_bytes: 4096

[2020-02-13T14:34:11-08:00]
rchar: 6141070988
wchar: 5581841936
syscr: 2208302
syscw: 311599
read_bytes: 6304193024
write_bytes: 5587681280
cancelled_write_bytes: 4096

[2020-02-13T14:34:14-08:00]
rchar: 6216232669
wchar: 5653411823
syscr: 2237459
syscw: 318236
read_bytes: 6365391360
write_bytes: 5659455488
cancelled_write_bytes: 4096

[2020-02-13T14:34:17-08:00]
rchar: 6290331100
wchar: 5724845014
syscr: 2265798
syscw: 323982
read_bytes: 6424648192
write_bytes: 5731123200
cancelled_write_bytes: 4096

[2020-02-13T14:34:20-08:00]
rchar: 6403820308
wchar: 5781800255
syscr: 2309140
syscw: 333545
read_bytes: 6512376320
write_bytes: 5788430336
cancelled_write_bytes: 4096

[2020-02-13T14:34:23-08:00]
rchar: 6480753208
wchar: 5853518918
syscr: 2338855
syscw: 341510
read_bytes: 6571768320
write_bytes: 5860417536
cancelled_write_bytes: 4096

[2020-02-13T14:34:26-08:00]
rchar: 6586365493
wchar: 5938988356
syscr: 2379174
syscw: 348915
read_bytes: 6654339584
write_bytes: 5946216448
cancelled_write_bytes: 4096

[2020-02-13T14:34:29-08:00]
rchar: 6691610044
wchar: 6024626915
syscr: 2419852
syscw: 357634
read_bytes: 6738287104
write_bytes: 6032105472
cancelled_write_bytes: 4096

[2020-02-13T14:34:32-08:00]
rchar: 6778812462
wchar: 6102541882
syscr: 2453462
syscw: 364899
read_bytes: 6807566848
write_bytes: 6110318592
cancelled_write_bytes: 4096

[2020-02-13T14:34:35-08:00]
rchar: 6900703832
wchar: 6165377679
syscr: 2500553
syscw: 375073
read_bytes: 6905715200
write_bytes: 6173495296
cancelled_write_bytes: 4096

[2020-02-13T14:34:38-08:00]
rchar: 6966831049
wchar: 6232626696
syscr: 2526397
syscw: 381872
read_bytes: 6957246976
write_bytes: 6240956416
cancelled_write_bytes: 4096

[2020-02-13T14:34:41-08:00]
rchar: 7087816111
wchar: 6326583630
syscr: 2573566
syscw: 390778
read_bytes: 7054309888
write_bytes: 6335242240
cancelled_write_bytes: 4096

[2020-02-13T14:34:44-08:00]
rchar: 7147879550
wchar: 6392071167
syscr: 2596923
syscw: 397174
read_bytes: 7102609920
write_bytes: 6400937984
cancelled_write_bytes: 4096

[2020-02-13T14:34:47-08:00]
rchar: 7267831184
wchar: 6485276516
syscr: 2643711
syscw: 407466
read_bytes: 7197391360
write_bytes: 6494466048
cancelled_write_bytes: 4096

[2020-02-13T14:34:50-08:00]
rchar: 7351163251
wchar: 6562845653
syscr: 2675969
syscw: 415594
read_bytes: 7263795712
write_bytes: 6572306432
cancelled_write_bytes: 4096

[2020-02-13T14:34:53-08:00]
rchar: 7464831178
wchar: 6619739222
syscr: 2719694
syscw: 424402
read_bytes: 7350225408
write_bytes: 6629564416
cancelled_write_bytes: 4096

[2020-02-13T14:34:56-08:00]
rchar: 7536898050
wchar: 6687973213
syscr: 2747905
syscw: 431326
read_bytes: 7404210688
write_bytes: 6698008576
cancelled_write_bytes: 4096

[2020-02-13T14:34:59-08:00]
rchar: 7661319162
wchar: 6783662500
syscr: 2796046
syscw: 439549
read_bytes: 7500151296
write_bytes: 6794035200
cancelled_write_bytes: 4096

[2020-02-13T14:35:02-08:00]
rchar: 7739146907
wchar: 6855981410
syscr: 2826217
syscw: 446716
read_bytes: 7559232000
write_bytes: 6866620416
cancelled_write_bytes: 4096

[2020-02-13T14:35:05-08:00]
rchar: 7845136802
wchar: 6907280607
syscr: 2867632
syscw: 456189
read_bytes: 7639947776
write_bytes: 6918254592
cancelled_write_bytes: 4096

[2020-02-13T14:35:08-08:00]
rchar: 7919203109
wchar: 6978893720
syscr: 2896100
syscw: 462462
read_bytes: 7695575552
write_bytes: 6990147584
cancelled_write_bytes: 4096

[2020-02-13T14:35:11-08:00]
rchar: 8036712932
wchar: 7070959582
syscr: 2941553
syscw: 471130
read_bytes: 7783684608
write_bytes: 7082524672
cancelled_write_bytes: 4096

[2020-02-13T14:35:14-08:00]
rchar: 8117508670
wchar: 7145042069
syscr: 2972696
syscw: 478506
read_bytes: 7846054400
write_bytes: 7156875264
cancelled_write_bytes: 4096

[2020-02-13T14:35:17-08:00]
rchar: 8207179994
wchar: 7188424602
syscr: 3007559
syscw: 487027
read_bytes: 7913888256
write_bytes: 7200546816
cancelled_write_bytes: 4096

[2020-02-13T14:35:20-08:00]
rchar: 8311071413
wchar: 7271970956
syscr: 3047993
syscw: 494090
read_bytes: 7992175104
write_bytes: 7284383744
cancelled_write_bytes: 4096

[2020-02-13T14:35:23-08:00]
rchar: 8392662079
wchar: 7346026860
syscr: 3079981
syscw: 501595
read_bytes: 8052865536
write_bytes: 7358726144
cancelled_write_bytes: 4096

[2020-02-13T14:35:26-08:00]
rchar: 8487088592
wchar: 7426712025
syscr: 3116269
syscw: 509356
read_bytes: 8124299776
write_bytes: 7439736832
cancelled_write_bytes: 4096

[2020-02-13T14:35:29-08:00]
rchar: 8604933863
wchar: 7484155061
syscr: 3161233
syscw: 518478
read_bytes: 8211225088
write_bytes: 7497486336
cancelled_write_bytes: 4096

[2020-02-13T14:35:32-08:00]
rchar: 8691527945
wchar: 7560007546
syscr: 3194271
syscw: 525537
read_bytes: 8274479616
write_bytes: 7573602304
cancelled_write_bytes: 4096

[2020-02-13T14:35:35-08:00]
rchar: 8848674863
wchar: 7665973543
syscr: 3254578
syscw: 535108
read_bytes: 8388737536
write_bytes: 7679873024
cancelled_write_bytes: 4096

[2020-02-13T14:35:38-08:00]
rchar: 8937360183
wchar: 7754135620
syscr: 3287141
syscw: 541210
read_bytes: 8455588352
write_bytes: 7768236032
cancelled_write_bytes: 4096

[2020-02-13T14:35:41-08:00]
rchar: 9072653186
wchar: 7852918573
syscr: 3339137
syscw: 550954
read_bytes: 8554555904
write_bytes: 7867322368
cancelled_write_bytes: 4096

[2020-02-13T14:35:44-08:00]
rchar: 9151871308
wchar: 7926921936
syscr: 3369451
syscw: 557668
read_bytes: 8613849600
write_bytes: 7941599232
cancelled_write_bytes: 4096

[2020-02-13T14:35:47-08:00]
rchar: 9291303927
wchar: 7992873899
syscr: 3423039
syscw: 567275
read_bytes: 8716212736
write_bytes: 8007868416
cancelled_write_bytes: 4096

[2020-02-13T14:35:50-08:00]
rchar: 9366211763
wchar: 8097132804
syscr: 3452069
syscw: 574164
read_bytes: 8768039424
write_bytes: 8112357376
cancelled_write_bytes: 4096

[2020-02-13T14:35:53-08:00]
rchar: 9469928080
wchar: 8145999481
syscr: 3492130
syscw: 581726
read_bytes: 8843983360
write_bytes: 8161497088
cancelled_write_bytes: 4096

[2020-02-13T14:35:56-08:00]
rchar: 9578128166
wchar: 8232045147
syscr: 3533769
syscw: 589101
read_bytes: 8923326976
write_bytes: 8247816192
cancelled_write_bytes: 4096

[2020-02-13T14:35:59-08:00]
rchar: 9665287086
wchar: 8309698274
syscr: 3567354
syscw: 595929
read_bytes: 8986839552
write_bytes: 8325718016
cancelled_write_bytes: 4096

[2020-02-13T14:36:02-08:00]
rchar: 9830943534
wchar: 8430769012
syscr: 3629767
syscw: 605700
read_bytes: 9108916736
write_bytes: 8447070208
cancelled_write_bytes: 4096

[2020-02-13T14:36:05-08:00]
rchar: 9936497043
wchar: 8514807967
syscr: 3670629
syscw: 613665
read_bytes: 9183603200
write_bytes: 8531369984
cancelled_write_bytes: 4096

[2020-02-13T14:36:08-08:00]
rchar: 10042457717
wchar: 8598739781
syscr: 3711413
syscw: 622550
read_bytes: 9259895296
write_bytes: 8615616512
cancelled_write_bytes: 4096

[2020-02-13T14:36:11-08:00]
rchar: 10134249888
wchar: 8642452186
syscr: 3746659
syscw: 629879
read_bytes: 9325169152
write_bytes: 8659574784
cancelled_write_bytes: 4096

[2020-02-13T14:36:14-08:00]
rchar: 10271122573
wchar: 8741934615
syscr: 3798983
syscw: 638449
read_bytes: 9421871616
write_bytes: 8759398400
cancelled_write_bytes: 4096

[2020-02-13T14:36:17-08:00]
rchar: 10357006257
wchar: 8815859899
syscr: 3831920
syscw: 645095
read_bytes: 9481320960
write_bytes: 8833552384
cancelled_write_bytes: 4096

[2020-02-13T14:36:20-08:00]
rchar: 10512040002
wchar: 8921511467
syscr: 3891459
syscw: 655397
read_bytes: 9590856192
write_bytes: 8939520000
cancelled_write_bytes: 4096

[2020-02-13T14:36:23-08:00]
rchar: 10583586322
wchar: 8990017642
syscr: 3918551
syscw: 662237
read_bytes: 9641851392
write_bytes: 9008283648
cancelled_write_bytes: 4096

[2020-02-13T14:36:26-08:00]
rchar: 10714181152
wchar: 9050748507
syscr: 3968656
syscw: 672135
read_bytes: 9732438528
write_bytes: 9082273792
cancelled_write_bytes: 4096

[2020-02-13T14:36:29-08:00]
rchar: 10791900254
wchar: 9156389636
syscr: 3998177
syscw: 678473
read_bytes: 9785252352
write_bytes: 9175236608
cancelled_write_bytes: 4096

[2020-02-13T14:36:32-08:00]
rchar: 10900753332
wchar: 9205649600
syscr: 4039590
syscw: 686304
read_bytes: 9857567232
write_bytes: 9224773632
cancelled_write_bytes: 4096

[2020-02-13T14:36:35-08:00]
rchar: 11024200017
wchar: 9294488136
syscr: 4086514
syscw: 694379
read_bytes: 9939446272
write_bytes: 9313882112
cancelled_write_bytes: 4096

[2020-02-13T14:36:38-08:00]
rchar: 11130849796
wchar: 9375834121
syscr: 4127400
syscw: 703352
read_bytes: 10011511296
write_bytes: 9395519488
cancelled_write_bytes: 4096

[2020-02-13T14:36:41-08:00]
rchar: 11241669716
wchar: 9460485463
syscr: 4169188
syscw: 712202
read_bytes: 10086586880
write_bytes: 9480437760
cancelled_write_bytes: 4096

[2020-02-13T14:36:44-08:00]
rchar: 11343954497
wchar: 9524297776
syscr: 4208158
syscw: 720288
read_bytes: 10154805760
write_bytes: 9544511488
cancelled_write_bytes: 4096

[2020-02-13T14:36:47-08:00]
rchar: 11473054418
wchar: 9600934368
syscr: 4257208
syscw: 729272
read_bytes: 10239523328
write_bytes: 9621491712
cancelled_write_bytes: 4096

[2020-02-13T14:36:50-08:00]
rchar: 11546505591
wchar: 9668198960
syscr: 4285300
syscw: 735752
read_bytes: 10287188480
write_bytes: 9688981504
cancelled_write_bytes: 4096

[2020-02-13T14:36:53-08:00]
rchar: 11667441628
wchar: 9756690416
syscr: 4331167
syscw: 744315
read_bytes: 10368109056
write_bytes: 9777844224
cancelled_write_bytes: 4096

[2020-02-13T14:36:56-08:00]
rchar: 11771558261
wchar: 9837071129
syscr: 4370506
syscw: 752540
read_bytes: 10436008448
write_bytes: 9858494464
cancelled_write_bytes: 4096

[2020-02-13T14:36:59-08:00]
rchar: 11899067746
wchar: 9893230160
syscr: 4419006
syscw: 761947
read_bytes: 10519624192
write_bytes: 9914994688
cancelled_write_bytes: 4096

[2020-02-13T14:37:02-08:00]
rchar: 11987541245
wchar: 9968146237
syscr: 4452487
syscw: 768981
read_bytes: 10578127360
write_bytes: 9990168576
cancelled_write_bytes: 4096

[2020-02-13T14:37:05-08:00]
rchar: 12108557023
wchar: 10060317871
syscr: 4498561
syscw: 778411
read_bytes: 10659576320
write_bytes: 10082697216
cancelled_write_bytes: 4096

[2020-02-13T14:37:08-08:00]
rchar: 12203564989
wchar: 10137441783
syscr: 4534630
syscw: 785502
read_bytes: 10720938496
write_bytes: 10160103424
cancelled_write_bytes: 4096

[2020-02-13T14:37:11-08:00]
rchar: 12326092183
wchar: 10208552955
syscr: 4581108
syscw: 794747
read_bytes: 10802506240
write_bytes: 10231504896
cancelled_write_bytes: 4096

[2020-02-13T14:37:14-08:00]
rchar: 12442423782
wchar: 10278314344
syscr: 4625143
syscw: 803634
read_bytes: 10878888448
write_bytes: 10301591552
cancelled_write_bytes: 4096

[2020-02-13T14:37:17-08:00]
rchar: 12544229364
wchar: 10357420248
syscr: 4663834
syscw: 811027
read_bytes: 10946173440
write_bytes: 10381021184
cancelled_write_bytes: 4096

[2020-02-13T14:37:20-08:00]
rchar: 12657910636
wchar: 10442334116
syscr: 4706671
syscw: 819849
read_bytes: 11021789696
write_bytes: 10466234368
cancelled_write_bytes: 4096

[2020-02-13T14:37:23-08:00]
rchar: 12759728948
wchar: 10523721232
syscr: 4745192
syscw: 828058
read_bytes: 11088861696
write_bytes: 10547941376
cancelled_write_bytes: 4096

[2020-02-13T14:37:26-08:00]
rchar: 12877225614
wchar: 10611631539
syscr: 4789514
syscw: 835783
read_bytes: 11164158464
write_bytes: 10636136448
cancelled_write_bytes: 4096

[2020-02-13T14:37:29-08:00]
rchar: 12986059656
wchar: 10693737619
syscr: 4830627
syscw: 844147
read_bytes: 11233647104
write_bytes: 10718507008
cancelled_write_bytes: 4096

[2020-02-13T14:37:32-08:00]
rchar: 13120361634
wchar: 10754150704
syscr: 4881160
syscw: 854060
read_bytes: 11320916480
write_bytes: 10779320320
cancelled_write_bytes: 4096

[2020-02-13T14:37:35-08:00]
rchar: 13210126438
wchar: 10827573465
syscr: 4914891
syscw: 862051
read_bytes: 11377674752
write_bytes: 10852982784
cancelled_write_bytes: 4096

[2020-02-13T14:37:38-08:00]
rchar: 13342690186
wchar: 10920661292
syscr: 4964687
syscw: 871072
read_bytes: 11461659136
write_bytes: 10946396160
cancelled_write_bytes: 4096

[2020-02-13T14:37:41-08:00]
rchar: 13424429202
wchar: 10992032787
syscr: 4995489
syscw: 877363
read_bytes: 11514571264
write_bytes: 11017965568
cancelled_write_bytes: 4096

[2020-02-13T14:37:44-08:00]
rchar: 13552927587
wchar: 11066738841
syscr: 5043985
syscw: 886307
read_bytes: 11595926016
write_bytes: 11093028864
cancelled_write_bytes: 4096

[2020-02-13T14:37:47-08:00]
rchar: 13673991311
wchar: 11135729291
syscr: 5089812
syscw: 894230
read_bytes: 11672971776
write_bytes: 11162308608
cancelled_write_bytes: 4096

[2020-02-13T14:37:50-08:00]
rchar: 13808293486
wchar: 11235965737
syscr: 5139469
syscw: 903229
read_bytes: 11759823360
write_bytes: 11262881792
cancelled_write_bytes: 4096

[2020-02-13T14:37:53-08:00]
rchar: 13901177521
wchar: 11311342175
syscr: 5174088
syscw: 910135
read_bytes: 11818543616
write_bytes: 11338543104
cancelled_write_bytes: 4096

[2020-02-13T14:37:56-08:00]
rchar: 13997062579
wchar: 11388012236
syscr: 5210012
syscw: 917196
read_bytes: 11880581632
write_bytes: 11415470080
cancelled_write_bytes: 4096

[2020-02-13T14:37:59-08:00]
rchar: 14139374316
wchar: 11484451567
syscr: 5263281
syscw: 925708
read_bytes: 11972905472
write_bytes: 11512225792
cancelled_write_bytes: 4096

[2020-02-13T14:38:02-08:00]
rchar: 14233071314
wchar: 11563641043
syscr: 5298477
syscw: 933663
read_bytes: 12032715264
write_bytes: 11591712768
cancelled_write_bytes: 4096

[2020-02-13T14:38:05-08:00]
rchar: 14390917994
wchar: 11630296617
syscr: 5357896
syscw: 942576
read_bytes: 12131654144
write_bytes: 11658674176
cancelled_write_bytes: 4096

[2020-02-13T14:38:08-08:00]
rchar: 14517827570
wchar: 11725313209
syscr: 5404592
syscw: 950155
read_bytes: 12212939264
write_bytes: 11753943040
cancelled_write_bytes: 4096

[2020-02-13T14:38:11-08:00]
rchar: 14602886384
wchar: 11797004668
syscr: 5436470
syscw: 957561
read_bytes: 12265413120
write_bytes: 11825946624
cancelled_write_bytes: 4096

[2020-02-13T14:38:14-08:00]
rchar: 14742802365
wchar: 11892837928
syscr: 5488389
syscw: 966485
read_bytes: 12352027136
write_bytes: 11922128896
cancelled_write_bytes: 4096

[2020-02-13T14:38:18-08:00]
rchar: 14833477772
wchar: 11967378525
syscr: 5522453
syscw: 973067
read_bytes: 12408535552
write_bytes: 11996889088
cancelled_write_bytes: 4096

[2020-02-13T14:38:21-08:00]
rchar: 14981704643
wchar: 12068052256
syscr: 5578336
syscw: 983171
read_bytes: 12502575616
write_bytes: 12097888256
cancelled_write_bytes: 4096

[2020-02-13T14:38:24-08:00]
rchar: 15092491745
wchar: 12148547842
syscr: 5620000
syscw: 990652
read_bytes: 12570388992
write_bytes: 12178608128
cancelled_write_bytes: 4096

[2020-02-13T14:38:27-08:00]
rchar: 15231130588
wchar: 12208986644
syscr: 5671815
syscw: 1000510
read_bytes: 12655589888
write_bytes: 12239400960
cancelled_write_bytes: 4096

[2020-02-13T14:38:30-08:00]
rchar: 15379666368
wchar: 12313102017
syscr: 5726527
syscw: 1007641
read_bytes: 12750088704
write_bytes: 12343726080
cancelled_write_bytes: 4096

[2020-02-13T14:38:33-08:00]
rchar: 15525094455
wchar: 12411191580
syscr: 5780592
syscw: 1017580
read_bytes: 12839778816
write_bytes: 12442161152
cancelled_write_bytes: 4096

[2020-02-13T14:38:36-08:00]
rchar: 15613749278
wchar: 12517741301
syscr: 5813811
syscw: 1024292
read_bytes: 12895631872
write_bytes: 12548956160
cancelled_write_bytes: 4096

[2020-02-13T14:38:39-08:00]
rchar: 15739587798
wchar: 12573319774
syscr: 5860998
syscw: 1032120
read_bytes: 12972423680
write_bytes: 12604870656
cancelled_write_bytes: 4096

[2020-02-13T14:38:42-08:00]
rchar: 15887277333
wchar: 12669306425
syscr: 5915567
syscw: 1041083
read_bytes: 13058791936
write_bytes: 12701200384
cancelled_write_bytes: 4096

[2020-02-13T14:38:45-08:00]
rchar: 16006250667
wchar: 12753763390
syscr: 5959872
syscw: 1049147
read_bytes: 13130918400
write_bytes: 12785844224
cancelled_write_bytes: 4096

[2020-02-13T14:38:48-08:00]
rchar: 16166852720
wchar: 12855384285
syscr: 6019265
syscw: 1058434
read_bytes: 13227604480
write_bytes: 12887781376
cancelled_write_bytes: 4096

[2020-02-13T14:38:51-08:00]
rchar: 16267198895
wchar: 12932257368
syscr: 6056623
syscw: 1066392
read_bytes: 13286607360
write_bytes: 12964876288
cancelled_write_bytes: 4096

[2020-02-13T14:38:54-08:00]
rchar: 16398630537
wchar: 13022216499
syscr: 6105369
syscw: 1075310
read_bytes: 13365230080
write_bytes: 13055148032
cancelled_write_bytes: 4096

[2020-02-13T14:38:57-08:00]
rchar: 16517257484
wchar: 13107710788
syscr: 6149441
syscw: 1082599
read_bytes: 13435943424
write_bytes: 13140836352
cancelled_write_bytes: 4096

[2020-02-13T14:39:00-08:00]
rchar: 16625109408
wchar: 13155965929
syscr: 6189782
syscw: 1091061
read_bytes: 13500008960
write_bytes: 13189414912
cancelled_write_bytes: 4096

[2020-02-13T14:39:03-08:00]
rchar: 16784212763
wchar: 13257032844
syscr: 6248643
syscw: 1100623
read_bytes: 13590264320
write_bytes: 13290831872
cancelled_write_bytes: 4096

[2020-02-13T14:39:06-08:00]
rchar: 16872268214
wchar: 13329309524
syscr: 6281176
syscw: 1107124
read_bytes: 13641492992
write_bytes: 13363339264
cancelled_write_bytes: 4096

[2020-02-13T14:39:09-08:00]
rchar: 17028162376
wchar: 13429658660
syscr: 6339006
syscw: 1117471
read_bytes: 13731867136
write_bytes: 13464096768
cancelled_write_bytes: 4096

[2020-02-13T14:39:12-08:00]
rchar: 17124918892
wchar: 13504997159
syscr: 6374888
syscw: 1124640
read_bytes: 13789071872
write_bytes: 13539663872
cancelled_write_bytes: 4096

[2020-02-13T14:39:15-08:00]
rchar: 17254180927
wchar: 13594580166
syscr: 6422923
syscw: 1132914
read_bytes: 13868497408
write_bytes: 13629505536
cancelled_write_bytes: 4096

[2020-02-13T14:39:18-08:00]
rchar: 17378823759
wchar: 13683777418
syscr: 6469492
syscw: 1140857
read_bytes: 13943560704
write_bytes: 13718925312
cancelled_write_bytes: 4096

[2020-02-13T14:39:21-08:00]
rchar: 17510586166
wchar: 13758589886
syscr: 6518830
syscw: 1150193
read_bytes: 14021151232
write_bytes: 13794086912
cancelled_write_bytes: 4096

[2020-02-13T14:39:24-08:00]
rchar: 17634999683
wchar: 13828282759
syscr: 6565020
syscw: 1157896
read_bytes: 14094891520
write_bytes: 13864091648
cancelled_write_bytes: 4096

[2020-02-13T14:39:27-08:00]
rchar: 17789642478
wchar: 13927636051
syscr: 6622797
syscw: 1167413
read_bytes: 14186035712
write_bytes: 13963751424
cancelled_write_bytes: 4096

[2020-02-13T14:39:30-08:00]
rchar: 17899429991
wchar: 14009050361
syscr: 6663341
syscw: 1174591
read_bytes: 14250277376
write_bytes: 14045392896
cancelled_write_bytes: 4096

[2020-02-13T14:39:33-08:00]
rchar: 18040332614
wchar: 14103364494
syscr: 6715300
syscw: 1183262
read_bytes: 14334466560
write_bytes: 14139985920
cancelled_write_bytes: 4096

[2020-02-13T14:39:36-08:00]
rchar: 18190556451
wchar: 14202143286
syscr: 6771596
syscw: 1191836
read_bytes: 14424369664
write_bytes: 14239051776
cancelled_write_bytes: 4096

[2020-02-13T14:39:39-08:00]
rchar: 18281239538
wchar: 14278054797
syscr: 6805750
syscw: 1199391
read_bytes: 14479129088
write_bytes: 14315225088
cancelled_write_bytes: 4096

[2020-02-13T14:39:42-08:00]
rchar: 18431191701
wchar: 14377359634
syscr: 6862069
syscw: 1208250
read_bytes: 14567614976
write_bytes: 14414860288
cancelled_write_bytes: 4096

[2020-02-13T14:39:45-08:00]
rchar: 18546492518
wchar: 14461113734
syscr: 6905181
syscw: 1216063
read_bytes: 14635211264
write_bytes: 14498865152
cancelled_write_bytes: 4096

[2020-02-13T14:39:48-08:00]
rchar: 18680989022
wchar: 14553357782
syscr: 6955460
syscw: 1224138
read_bytes: 14717123072
write_bytes: 14591365120
cancelled_write_bytes: 4096

[2020-02-13T14:39:51-08:00]
rchar: 18820445913
wchar: 14647435320
syscr: 7007407
syscw: 1232107
read_bytes: 14800116224
write_bytes: 14685773824
cancelled_write_bytes: 4096

[2020-02-13T14:39:54-08:00]
rchar: 18937545123
wchar: 14733020087
syscr: 7051486
syscw: 1239909
read_bytes: 14872513024
write_bytes: 14771621888
cancelled_write_bytes: 4096

[2020-02-13T14:39:57-08:00]
rchar: 19102062961
wchar: 14839442195
syscr: 7113348
syscw: 1249606
read_bytes: 14970034688
write_bytes: 14878400512
cancelled_write_bytes: 4096

[2020-02-13T14:40:00-08:00]
rchar: 19205181736
wchar: 14915631653
syscr: 7151484
syscw: 1256454
read_bytes: 15026977280
write_bytes: 14954848256
cancelled_write_bytes: 4096

[2020-02-13T14:40:03-08:00]
rchar: 19369543079
wchar: 15013178938
syscr: 7210824
syscw: 1265923
read_bytes: 15121607168
write_bytes: 15052664832
cancelled_write_bytes: 4096

[2020-02-13T14:40:06-08:00]
rchar: 19514025034
wchar: 15090642715
syscr: 7264030
syscw: 1275115
read_bytes: 15204022784
write_bytes: 15130497024
cancelled_write_bytes: 4096

[2020-02-13T14:40:09-08:00]
rchar: 19612839483
wchar: 15201187265
syscr: 7300412
syscw: 1282679
read_bytes: 15260002816
write_bytes: 15241318400
cancelled_write_bytes: 4096

[2020-02-13T14:40:12-08:00]
rchar: 19750355037
wchar: 15259251923
syscr: 7351413
syscw: 1291489
read_bytes: 15336880640
write_bytes: 15299653632
cancelled_write_bytes: 4096

[2020-02-13T14:40:15-08:00]
rchar: 19873088267
wchar: 15349946386
syscr: 7397132
syscw: 1300352
read_bytes: 15408531968
write_bytes: 15390674944
cancelled_write_bytes: 4096

[2020-02-13T14:40:18-08:00]
rchar: 19996790330
wchar: 15434485142
syscr: 7442835
syscw: 1307720
read_bytes: 15475526144
write_bytes: 15475441664
cancelled_write_bytes: 4096

[2020-02-13T14:40:21-08:00]
rchar: 20169759202
wchar: 15540203682
syscr: 7506393
syscw: 1317112
read_bytes: 15572703744
write_bytes: 15581536256
cancelled_write_bytes: 4096

[2020-02-13T14:40:24-08:00]
rchar: 20299642147
wchar: 15627068351
syscr: 7554271
syscw: 1325516
read_bytes: 15644064256
write_bytes: 15668629504
cancelled_write_bytes: 4096

[2020-02-13T14:40:27-08:00]
rchar: 20493185516
wchar: 15746564910
syscr: 7624527
syscw: 1334662
read_bytes: 15749630464
write_bytes: 15788457984
cancelled_write_bytes: 4096

[2020-02-13T14:40:30-08:00]
rchar: 20583731643
wchar: 15819563624
syscr: 7657665
syscw: 1341244
read_bytes: 15800125952
write_bytes: 15861694464
cancelled_write_bytes: 4096

[2020-02-13T14:40:33-08:00]
rchar: 20713549870
wchar: 15908425885
syscr: 7706125
syscw: 1350083
read_bytes: 15873763840
write_bytes: 15950848000
cancelled_write_bytes: 4096

[2020-02-13T14:40:36-08:00]
rchar: 20842678535
wchar: 16000477507
syscr: 7754207
syscw: 1358362
read_bytes: 15946349056
write_bytes: 16043171840
cancelled_write_bytes: 4096

[2020-02-13T14:40:39-08:00]
rchar: 20999024318
wchar: 16098688630
syscr: 7811954
syscw: 1367645
read_bytes: 16030558720
write_bytes: 16141688832
cancelled_write_bytes: 4096

[2020-02-13T14:40:42-08:00]
rchar: 21135443220
wchar: 16187468559
syscr: 7862239
syscw: 1375717
read_bytes: 16103836160
write_bytes: 16230739968
cancelled_write_bytes: 4096

[2020-02-13T14:40:45-08:00]
rchar: 21264143141
wchar: 16257151101
syscr: 7909664
syscw: 1384224
read_bytes: 16174868992
write_bytes: 16300703744
cancelled_write_bytes: 4096

[2020-02-13T14:40:48-08:00]
rchar: 21457254499
wchar: 16353599440
syscr: 7980386
syscw: 1394091
read_bytes: 16281528832
write_bytes: 16397471744
cancelled_write_bytes: 4096

[2020-02-13T14:40:51-08:00]
rchar: 21563886574
wchar: 16467386393
syscr: 8019955
syscw: 1401873
read_bytes: 16339773952
write_bytes: 16511524864
cancelled_write_bytes: 4096

[2020-02-13T14:40:54-08:00]
rchar: 21699522898
wchar: 16528903627
syscr: 8070598
syscw: 1410857
read_bytes: 16416258560
write_bytes: 16573411328
cancelled_write_bytes: 4096

[2020-02-13T14:40:57-08:00]
rchar: 21821278643
wchar: 16612799747
syscr: 8115534
syscw: 1419012
read_bytes: 16479934976
write_bytes: 16657620992
cancelled_write_bytes: 4096

[2020-02-13T14:41:00-08:00]
rchar: 21931672811
wchar: 16691846154
syscr: 8156214
syscw: 1427090
read_bytes: 16538221056
write_bytes: 16736911360
cancelled_write_bytes: 4096

[2020-02-13T14:41:03-08:00]
rchar: 22094654963
wchar: 16792689187
syscr: 8216358
syscw: 1436534
read_bytes: 16626706944
write_bytes: 16838103040
cancelled_write_bytes: 4096

[2020-02-13T14:41:06-08:00]
rchar: 22193092880
wchar: 16866618562
syscr: 8252543
syscw: 1443198
read_bytes: 16681650688
write_bytes: 16912265216
cancelled_write_bytes: 4096

[2020-02-13T14:41:09-08:00]
rchar: 22352805497
wchar: 16969118698
syscr: 8311868
syscw: 1453872
read_bytes: 16769116672
write_bytes: 17015140352
cancelled_write_bytes: 4096

[2020-02-13T14:41:12-08:00]
rchar: 22464113782
wchar: 17051113691
syscr: 8353634
syscw: 1461891
read_bytes: 16831494656
write_bytes: 17097314304
cancelled_write_bytes: 4096

[2020-02-13T14:41:15-08:00]
rchar: 22587408463
wchar: 17123811165
syscr: 8399707
syscw: 1470757
read_bytes: 16899504640
write_bytes: 17170317312
cancelled_write_bytes: 4096

[2020-02-13T14:41:18-08:00]
rchar: 22737725694
wchar: 17243950881
syscr: 8454425
syscw: 1479697
read_bytes: 16981056000
write_bytes: 17290760192
cancelled_write_bytes: 4096

[2020-02-13T14:41:21-08:00]
rchar: 22867497749
wchar: 17332102478
syscr: 8502304
syscw: 1488440
read_bytes: 17049717248
write_bytes: 17379160064
cancelled_write_bytes: 4096

[2020-02-13T14:41:24-08:00]
rchar: 23027012012
wchar: 17398726361
syscr: 8560924
syscw: 1498012
read_bytes: 17133541888
write_bytes: 17446117376
cancelled_write_bytes: 4096

[2020-02-13T14:41:27-08:00]
rchar: 23155220521
wchar: 17520016425
syscr: 8607728
syscw: 1506445
read_bytes: 17202199040
write_bytes: 17567711232
cancelled_write_bytes: 4096

[2020-02-13T14:41:30-08:00]
rchar: 23299286937
wchar: 17596004920
syscr: 8660334
syscw: 1515189
read_bytes: 17278650880
write_bytes: 17643937792
cancelled_write_bytes: 4096

[2020-02-13T14:41:33-08:00]
rchar: 23453513534
wchar: 17678949564
syscr: 8716990
syscw: 1524855
read_bytes: 17361013248
write_bytes: 17727209472
cancelled_write_bytes: 4096

[2020-02-13T14:41:36-08:00]
rchar: 23564706694
wchar: 17762254666
syscr: 8758277
syscw: 1532716
read_bytes: 17421720064
write_bytes: 17810747392
cancelled_write_bytes: 4096

[2020-02-13T14:41:39-08:00]
rchar: 23689194208
wchar: 17846977151
syscr: 8803946
syscw: 1541033
read_bytes: 17485675008
write_bytes: 17895735296
cancelled_write_bytes: 4096

[2020-02-13T14:41:42-08:00]
rchar: 23857211381
wchar: 17949365488
syscr: 8865324
syscw: 1550367
read_bytes: 17573284352
write_bytes: 17998471168
cancelled_write_bytes: 4096

[2020-02-13T14:41:45-08:00]
rchar: 23962679985
wchar: 18027724598
syscr: 8903940
syscw: 1557634
read_bytes: 17631177216
write_bytes: 18077073408
cancelled_write_bytes: 4096

[2020-02-13T14:41:48-08:00]
rchar: 24135666925
wchar: 18135575476
syscr: 8968134
syscw: 1568262
read_bytes: 17725114880
write_bytes: 18185355264
cancelled_write_bytes: 4096

[2020-02-13T14:41:51-08:00]
rchar: 24255214181
wchar: 18221388161
syscr: 9012641
syscw: 1576084
read_bytes: 17792076288
write_bytes: 18271391744
cancelled_write_bytes: 4096

[2020-02-13T14:41:54-08:00]
rchar: 24400732217
wchar: 18319541185
syscr: 9067073
syscw: 1585534
read_bytes: 17872071168
write_bytes: 18369839104
cancelled_write_bytes: 4096

[2020-02-13T14:41:57-08:00]
rchar: 24520268956
wchar: 18404961243
syscr: 9111192
syscw: 1592951
read_bytes: 17935694336
write_bytes: 18455777280
cancelled_write_bytes: 4096

[2020-02-13T14:42:00-08:00]
rchar: 24629260596
wchar: 18484409519
syscr: 9151218
syscw: 1600867
read_bytes: 17992382976
write_bytes: 18535518208
cancelled_write_bytes: 4096

[2020-02-13T14:42:03-08:00]
rchar: 24837437278
wchar: 18604457382
syscr: 9227354
syscw: 1612039
read_bytes: 18102180352
write_bytes: 18655932416
cancelled_write_bytes: 4096

[2020-02-13T14:42:06-08:00]
rchar: 24947937884
wchar: 18684252873
syscr: 9267505
syscw: 1619099
read_bytes: 18161515008
write_bytes: 18735910912
cancelled_write_bytes: 4096

[2020-02-13T14:42:09-08:00]
rchar: 25125406082
wchar: 18792697555
syscr: 9332755
syscw: 1629041
read_bytes: 18255219200
write_bytes: 18844717056
cancelled_write_bytes: 4096

[2020-02-13T14:42:12-08:00]
rchar: 25247272478
wchar: 18880323391
syscr: 9377729
syscw: 1637462
read_bytes: 18316290560
write_bytes: 18932678656
cancelled_write_bytes: 4096

[2020-02-13T14:42:15-08:00]
rchar: 25369292066
wchar: 18962635398
syscr: 9422615
syscw: 1645304
read_bytes: 18377050624
write_bytes: 19015266304
cancelled_write_bytes: 4096

[2020-02-13T14:42:18-08:00]
rchar: 25545002423
wchar: 19068934781
syscr: 9486652
syscw: 1655398
read_bytes: 18465483264
write_bytes: 19121938432
cancelled_write_bytes: 4096

[2020-02-13T14:42:21-08:00]
rchar: 25839445952
wchar: 19217987763
syscr: 9593013
syscw: 1664947
read_bytes: 18616982016
write_bytes: 19271045120
cancelled_write_bytes: 4096

[2020-02-13T14:42:24-08:00]
rchar: 25980420699
wchar: 19345529327
syscr: 9643927
syscw: 1674029
read_bytes: 18687126016
write_bytes: 19398905856
cancelled_write_bytes: 4096

[2020-02-13T14:42:27-08:00]
rchar: 26137198194
wchar: 19440681407
syscr: 9700323
syscw: 1682894
read_bytes: 18762324480
write_bytes: 19494301696
cancelled_write_bytes: 4096

[2020-02-13T14:42:30-08:00]
rchar: 26284504174
wchar: 19537568592
syscr: 9752473
syscw: 1691505
read_bytes: 18832763392
write_bytes: 19591417856
cancelled_write_bytes: 4096

[2020-02-13T14:42:33-08:00]
rchar: 26412766033
wchar: 19623337142
syscr: 9798965
syscw: 1699919
read_bytes: 18896316928
write_bytes: 19677466624
cancelled_write_bytes: 4096

[2020-02-13T14:42:36-08:00]
rchar: 26609546534
wchar: 19704459661
syscr: 9871804
syscw: 1709214
read_bytes: 18995931648
write_bytes: 19758850048
cancelled_write_bytes: 4096

[2020-02-13T14:42:39-08:00]
rchar: 26740159237
wchar: 19829133703
syscr: 9920278
syscw: 1718150
read_bytes: 19064691200
write_bytes: 19883757568
cancelled_write_bytes: 4096

[2020-02-13T14:42:42-08:00]
rchar: 26843227818
wchar: 19913097167
syscr: 9959922
syscw: 1725609
read_bytes: 19112616448
write_bytes: 19968872448
cancelled_write_bytes: 4096

[2020-02-13T14:42:45-08:00]
rchar: 26976266753
wchar: 19968557104
syscr: 10008700
syscw: 1734194
read_bytes: 19178238464
write_bytes: 20024627200
cancelled_write_bytes: 4096

[2020-02-13T14:42:48-08:00]
rchar: 27130293478
wchar: 20065588200
syscr: 10065076
syscw: 1743590
read_bytes: 19257205248
write_bytes: 20121944064
cancelled_write_bytes: 4096

[2020-02-13T14:42:51-08:00]
rchar: 27290811482
wchar: 20167248675
syscr: 10123569
syscw: 1753449
read_bytes: 19337765376
write_bytes: 20223934464
cancelled_write_bytes: 4096

[2020-02-13T14:42:54-08:00]
rchar: 27433400132
wchar: 20280194952
syscr: 10176116
syscw: 1762528
read_bytes: 19411747328
write_bytes: 20337131520
cancelled_write_bytes: 4096

[2020-02-13T14:42:57-08:00]
rchar: 27573508802
wchar: 20391456325
syscr: 10227929
syscw: 1771262
read_bytes: 19484750336
write_bytes: 20448698368
cancelled_write_bytes: 4096

[2020-02-13T14:43:00-08:00]
rchar: 27659736527
wchar: 20467370451
syscr: 10261085
syscw: 1778246
read_bytes: 19525222912
write_bytes: 20525477888
cancelled_write_bytes: 4096

[2020-02-13T14:43:03-08:00]
rchar: 27833915662
wchar: 20541176940
syscr: 10325148
syscw: 1788288
read_bytes: 19614282240
write_bytes: 20599787520
cancelled_write_bytes: 4096

[2020-02-13T14:43:06-08:00]
rchar: 27948804346
wchar: 20623046087
syscr: 10367122
syscw: 1796341
read_bytes: 19671892480
write_bytes: 20681908224
cancelled_write_bytes: 4096

[2020-02-13T14:43:09-08:00]
rchar: 28125687052
wchar: 20731028160
syscr: 10431698
syscw: 1807141
read_bytes: 19762033152
write_bytes: 20790272000
cancelled_write_bytes: 4096

[2020-02-13T14:43:12-08:00]
rchar: 28233752029
wchar: 20812011762
syscr: 10471591
syscw: 1814437
read_bytes: 19817558528
write_bytes: 20871495680
cancelled_write_bytes: 4096

[2020-02-13T14:43:15-08:00]
rchar: 28414175313
wchar: 20923623817
syscr: 10538406
syscw: 1825071
read_bytes: 19908317696
write_bytes: 20983431168
cancelled_write_bytes: 4096

[2020-02-13T14:43:18-08:00]
rchar: 28501757553
wchar: 20998475620
syscr: 10571796
syscw: 1832281
read_bytes: 19951583744
write_bytes: 21058793472
cancelled_write_bytes: 4096

[2020-02-13T14:43:21-08:00]
rchar: 28628417545
wchar: 21089291795
syscr: 10618514
syscw: 1841828
read_bytes: 20017177088
write_bytes: 21150257152
cancelled_write_bytes: 4096

[2020-02-13T14:43:24-08:00]
rchar: 28812602105
wchar: 21199027787
syscr: 10685906
syscw: 1851119
read_bytes: 20107743744
write_bytes: 21260259328
cancelled_write_bytes: 4096

[2020-02-13T14:43:27-08:00]
rchar: 28948902570
wchar: 21291476633
syscr: 10735625
syscw: 1860008
read_bytes: 20177670656
write_bytes: 21352996864
cancelled_write_bytes: 4096

[2020-02-13T14:43:30-08:00]
rchar: 29135725129
wchar: 21403238598
syscr: 10803796
syscw: 1870059
read_bytes: 20269855232
write_bytes: 21465030656
cancelled_write_bytes: 4096

[2020-02-13T14:43:33-08:00]
rchar: 29279842947
wchar: 21516019313
syscr: 10857200
syscw: 1878808
read_bytes: 20341420544
write_bytes: 21578059776
cancelled_write_bytes: 4096

[2020-02-13T14:43:36-08:00]
rchar: 29609740514
wchar: 21738955685
syscr: 10966463
syscw: 1886222
read_bytes: 20494029312
write_bytes: 21801365504
cancelled_write_bytes: 4096

[2020-02-13T14:43:39-08:00]
rchar: 29795766717
wchar: 21852886945
syscr: 11026000
syscw: 1890028
read_bytes: 20585292288
write_bytes: 21915488256
cancelled_write_bytes: 4096

[2020-02-13T14:43:42-08:00]
rchar: 30150883119
wchar: 22228957852
syscr: 11140071
syscw: 1898064
read_bytes: 20758393344
write_bytes: 22291677184
cancelled_write_bytes: 4096

[2020-02-13T14:43:45-08:00]
rchar: 30451825994
wchar: 22436526309
syscr: 11236113
syscw: 1904017
read_bytes: 20907344384
write_bytes: 22499344384
cancelled_write_bytes: 4096

[2020-02-13T14:43:48-08:00]
rchar: 30627488562
wchar: 22635626018
syscr: 11292879
syscw: 1909276
read_bytes: 20993081856
write_bytes: 22698528768
cancelled_write_bytes: 4096

[2020-02-13T14:43:51-08:00]
rchar: 30881291134
wchar: 22864070892
syscr: 11374268
syscw: 1915008
read_bytes: 21112926720
write_bytes: 22927085568
cancelled_write_bytes: 4096

[2020-02-13T14:43:54-08:00]
rchar: 31068734311
wchar: 23072722174
syscr: 11436813
syscw: 1921965
read_bytes: 21201179136
write_bytes: 23135981568
cancelled_write_bytes: 4096

[2020-02-13T14:43:57-08:00]
rchar: 31168320390
wchar: 23164630279
syscr: 11471530
syscw: 1927940
read_bytes: 21244994048
write_bytes: 23228116992
cancelled_write_bytes: 4096

[2020-02-13T14:44:00-08:00]
rchar: 31308492887
wchar: 23255849920
syscr: 11521727
syscw: 1937030
read_bytes: 21307093504
write_bytes: 23319584768
cancelled_write_bytes: 4096

[2020-02-13T14:44:03-08:00]
rchar: 31509297581
wchar: 23386535471
syscr: 11592023
syscw: 1946408
read_bytes: 21395739136
write_bytes: 23450509312
cancelled_write_bytes: 4096

[2020-02-13T14:44:06-08:00]
rchar: 31650810867
wchar: 23474609783
syscr: 11642576
syscw: 1955638
read_bytes: 21455340032
write_bytes: 23538827264
cancelled_write_bytes: 4096

[2020-02-13T14:44:09-08:00]
rchar: 31810722365
wchar: 23570862241
syscr: 11699635
syscw: 1965391
read_bytes: 21524726272
write_bytes: 23635402752
cancelled_write_bytes: 4096

[2020-02-13T14:44:12-08:00]
rchar: 32016987801
wchar: 23685684413
syscr: 11773405
syscw: 1975739
read_bytes: 21612880384
write_bytes: 23750512640
cancelled_write_bytes: 4096

[2020-02-13T14:44:15-08:00]
rchar: 32133605121
wchar: 23767979754
syscr: 11815762
syscw: 1984109
read_bytes: 21663773184
write_bytes: 23833026560
cancelled_write_bytes: 4096

[2020-02-13T14:44:18-08:00]
rchar: 32289423617
wchar: 23868751735
syscr: 11873297
syscw: 1993911
read_bytes: 21736542720
write_bytes: 23934111744
cancelled_write_bytes: 4096

[2020-02-13T14:44:21-08:00]
rchar: 32402553578
wchar: 23954857148
syscr: 11916480
syscw: 2001634
read_bytes: 21781574144
write_bytes: 24021463040
cancelled_write_bytes: 4096

[2020-02-13T14:44:24-08:00]
rchar: 32541850570
wchar: 24046643048
syscr: 11967341
syscw: 2011236
read_bytes: 21843804672
write_bytes: 24113532928
cancelled_write_bytes: 4096

[2020-02-13T14:44:27-08:00]
rchar: 32728140616
wchar: 24140234875
syscr: 12035253
syscw: 2021979
read_bytes: 21926617600
write_bytes: 24207413248
cancelled_write_bytes: 4096

[2020-02-13T14:44:30-08:00]
rchar: 32884087094
wchar: 24254732443
syscr: 12091729
syscw: 2031683
read_bytes: 21994889728
write_bytes: 24322158592
cancelled_write_bytes: 4096

[2020-02-13T14:44:33-08:00]
rchar: 33015161913
wchar: 24343375616
syscr: 12139217
syscw: 2040083
read_bytes: 22052143616
write_bytes: 24411045888
cancelled_write_bytes: 4096

[2020-02-13T14:44:36-08:00]
rchar: 33193091203
wchar: 24453529698
syscr: 12203984
syscw: 2050569
read_bytes: 22133436928
write_bytes: 24521535488
cancelled_write_bytes: 4096

[2020-02-13T14:44:39-08:00]
rchar: 33295120002
wchar: 24527453663
syscr: 12241299
syscw: 2057356
read_bytes: 22177251840
write_bytes: 24596160512
cancelled_write_bytes: 4096

[2020-02-13T14:44:42-08:00]
rchar: 33525972625
wchar: 24713755854
syscr: 12319203
syscw: 2065894
read_bytes: 22282007040
write_bytes: 24782675968
cancelled_write_bytes: 4096

[2020-02-13T14:44:45-08:00]
rchar: 33716066473
wchar: 24848245646
syscr: 12385300
syscw: 2075619
read_bytes: 22366605824
write_bytes: 24917495808
cancelled_write_bytes: 4096

[2020-02-13T14:44:48-08:00]
rchar: 33881658691
wchar: 24966911903
syscr: 12444368
syscw: 2085685
read_bytes: 22438765056
write_bytes: 25036468224
cancelled_write_bytes: 4096

[2020-02-13T14:44:51-08:00]
rchar: 34023147639
wchar: 25059975764
syscr: 12494729
syscw: 2095222
read_bytes: 22499553792
write_bytes: 25129852928
cancelled_write_bytes: 4096

[2020-02-13T14:44:54-08:00]
rchar: 34157771479
wchar: 25149482034
syscr: 12543033
syscw: 2104605
read_bytes: 22557045248
write_bytes: 25219645440
cancelled_write_bytes: 4096

[2020-02-13T14:44:57-08:00]
rchar: 34285919649
wchar: 25227693075
syscr: 12590958
syscw: 2114360
read_bytes: 22608261632
write_bytes: 25298890752
cancelled_write_bytes: 4096

[2020-02-13T14:45:00-08:00]
rchar: 34425731165
wchar: 25302958795
syscr: 12641830
syscw: 2122209
read_bytes: 22668571136
write_bytes: 25374552064
cancelled_write_bytes: 4096

[2020-02-13T14:45:03-08:00]
rchar: 34578550019
wchar: 25414611090
syscr: 12696810
syscw: 2131183
read_bytes: 22733853184
write_bytes: 25486442496
cancelled_write_bytes: 4096

[2020-02-13T14:45:06-08:00]
rchar: 34866409563
wchar: 25588087263
syscr: 12796560
syscw: 2142801
read_bytes: 22860395008
write_bytes: 25660141568
cancelled_write_bytes: 4096

[2020-02-13T14:45:09-08:00]
rchar: 34991626616
wchar: 25707304700
syscr: 12841455
syscw: 2150916
read_bytes: 22913237504
write_bytes: 25779531776
cancelled_write_bytes: 4096

[2020-02-13T14:45:12-08:00]
rchar: 35125302301
wchar: 25796715264
syscr: 12891021
syscw: 2160272
read_bytes: 22968918528
write_bytes: 25869287424
cancelled_write_bytes: 4096

[2020-02-13T14:45:15-08:00]
rchar: 35495489578
wchar: 26055379890
syscr: 13009557
syscw: 2166962
read_bytes: 23125484032
write_bytes: 26128089088
cancelled_write_bytes: 4096

[2020-02-13T14:45:18-08:00]
rchar: 35937312017
wchar: 26386726446
syscr: 13151111
syscw: 2175924
read_bytes: 23313232384
write_bytes: 26459488256
cancelled_write_bytes: 4096

[2020-02-13T14:45:21-08:00]
rchar: 36183910093
wchar: 26618412531
syscr: 13230366
syscw: 2181895
read_bytes: 23417631232
write_bytes: 26691284992
cancelled_write_bytes: 4096

[2020-02-13T14:45:24-08:00]
rchar: 36335108604
wchar: 26798650056
syscr: 13279478
syscw: 2186295
read_bytes: 23479251456
write_bytes: 26871730176
cancelled_write_bytes: 4096

[2020-02-13T14:45:28-08:00]
rchar: 36438409524
wchar: 26925922329
syscr: 13314600
syscw: 2191552
read_bytes: 23521534464
write_bytes: 26999287808
cancelled_write_bytes: 4096

[2020-02-13T14:45:31-08:00]
rchar: 36516692050
wchar: 26988045573
syscr: 13342098
syscw: 2197022
read_bytes: 23552803328
write_bytes: 27061755904
cancelled_write_bytes: 4096

[2020-02-13T14:45:34-08:00]
rchar: 36741455777
wchar: 27108022472
syscr: 13420987
syscw: 2207494
read_bytes: 23638430208
write_bytes: 27182055424
cancelled_write_bytes: 4096

[2020-02-13T14:45:37-08:00]
rchar: 36893633086
wchar: 27216934089
syscr: 13475184
syscw: 2216513
read_bytes: 23692239360
write_bytes: 27291226112
cancelled_write_bytes: 4096

[2020-02-13T14:45:40-08:00]
rchar: 37054432359
wchar: 27294424290
syscr: 13532251
syscw: 2225716
read_bytes: 23752090112
write_bytes: 27368984576
cancelled_write_bytes: 4096

[2020-02-13T14:45:43-08:00]
rchar: 37252325097
wchar: 27403973533
syscr: 13602216
syscw: 2236491
read_bytes: 23822983680
write_bytes: 27478851584
cancelled_write_bytes: 4096

[2020-02-13T14:45:46-08:00]
rchar: 37425419808
wchar: 27539423509
syscr: 13663501
syscw: 2247423
read_bytes: 23887708672
write_bytes: 27614588928
cancelled_write_bytes: 4096

[2020-02-13T14:45:49-08:00]
rchar: 37567083353
wchar: 27629379872
syscr: 13714775
syscw: 2256678
read_bytes: 23939469824
write_bytes: 27704754176
cancelled_write_bytes: 4096

[2020-02-13T14:45:52-08:00]
rchar: 37798601527
wchar: 27739799839
syscr: 13799338
syscw: 2269407
read_bytes: 24027369984
write_bytes: 27815485440
cancelled_write_bytes: 4096

[2020-02-13T14:45:55-08:00]
rchar: 37908526390
wchar: 27837155993
syscr: 13840312
syscw: 2276640
read_bytes: 24065024512
write_bytes: 27913998336
cancelled_write_bytes: 4096

[2020-02-13T14:45:58-08:00]
rchar: 37996796326
wchar: 27928892252
syscr: 13872663
syscw: 2283698
read_bytes: 24102425088
write_bytes: 28006195200
cancelled_write_bytes: 4096

[2020-02-13T14:46:01-08:00]
rchar: 38510943498
wchar: 28152885407
syscr: 14038994
syscw: 2292590
read_bytes: 24305508864
write_bytes: 28230365184
cancelled_write_bytes: 4096

[2020-02-13T14:46:04-08:00]
rchar: 38834324598
wchar: 28528599552
syscr: 14140826
syscw: 2298099
read_bytes: 24434049536
write_bytes: 28606136320
cancelled_write_bytes: 4096

[2020-02-13T14:46:07-08:00]
rchar: 39091544255
wchar: 28779507680
syscr: 14222136
syscw: 2303385
read_bytes: 24537358848
write_bytes: 28866400256
cancelled_write_bytes: 4096

[2020-02-13T14:46:10-08:00]
rchar: 39356352838
wchar: 28975493226
syscr: 14305551
syscw: 2308305
read_bytes: 24643543552
write_bytes: 29053313024
cancelled_write_bytes: 4096

[2020-02-13T14:46:13-08:00]
rchar: 39531814558
wchar: 29204352589
syscr: 14361990
syscw: 2313233
read_bytes: 24711922176
write_bytes: 29282381824
cancelled_write_bytes: 4096

[2020-02-13T14:46:16-08:00]
rchar: 39667419251
wchar: 29349278685
syscr: 14405339
syscw: 2316764
read_bytes: 24766206464
write_bytes: 29427580928
cancelled_write_bytes: 4096

[2020-02-13T14:46:19-08:00]
rchar: 39955585319
wchar: 29567214208
syscr: 14497750
syscw: 2323909
read_bytes: 24875352576
write_bytes: 29645725696
cancelled_write_bytes: 4096

[2020-02-13T14:46:22-08:00]
rchar: 40033353238
wchar: 29707014221
syscr: 14523968
syscw: 2327955
read_bytes: 24904274432
write_bytes: 29785833472
cancelled_write_bytes: 4096

[2020-02-13T14:46:25-08:00]
rchar: 40139800884
wchar: 29837632528
syscr: 14560703
syscw: 2333747
read_bytes: 24939684352
write_bytes: 29916979200
cancelled_write_bytes: 4096

[2020-02-13T14:46:28-08:00]
rchar: 40258897615
wchar: 29873984447
syscr: 14601739
syscw: 2340772
read_bytes: 24981922304
write_bytes: 29953720320
cancelled_write_bytes: 4096

[2020-02-13T14:46:31-08:00]
rchar: 40440075502
wchar: 30041307766
syscr: 14665149
syscw: 2350129
read_bytes: 25045529088
write_bytes: 30121340928
cancelled_write_bytes: 4096

[2020-02-13T14:46:34-08:00]
rchar: 40696700704
wchar: 30205895429
syscr: 14754478
syscw: 2360330
read_bytes: 25133359616
write_bytes: 30286094336
cancelled_write_bytes: 4096

[2020-02-13T14:46:37-08:00]
rchar: 40903478086
wchar: 30339321290
syscr: 14826804
syscw: 2369908
read_bytes: 25207505408
write_bytes: 30419718144
cancelled_write_bytes: 4096

[2020-02-13T14:46:40-08:00]
rchar: 41081521603
wchar: 30443461410
syscr: 14889850
syscw: 2381048
read_bytes: 25265107456
write_bytes: 30524153856
cancelled_write_bytes: 4096

[2020-02-13T14:46:43-08:00]
rchar: 41309864205
wchar: 30565869529
syscr: 14970939
syscw: 2393519
read_bytes: 25341809152
write_bytes: 30646902784
cancelled_write_bytes: 4096

[2020-02-13T14:46:46-08:00]
rchar: 41415106393
wchar: 30677835523
syscr: 15009873
syscw: 2400434
read_bytes: 25372189184
write_bytes: 30759710720
cancelled_write_bytes: 4096

[2020-02-13T14:46:49-08:00]
rchar: 41528901010
wchar: 30742384108
syscr: 15050468
syscw: 2409244
read_bytes: 25409872384
write_bytes: 30824808448
cancelled_write_bytes: 4096

[2020-02-13T14:46:52-08:00]
rchar: 41733731392
wchar: 30839277224
syscr: 15123235
syscw: 2420512
read_bytes: 25478279680
write_bytes: 30921977856
cancelled_write_bytes: 4096

[2020-02-13T14:46:55-08:00]
rchar: 41953502988
wchar: 30997014681
syscr: 15202517
syscw: 2432789
read_bytes: 25554051584
write_bytes: 31080034304
cancelled_write_bytes: 4096

[2020-02-13T14:46:58-08:00]
rchar: 42168798781
wchar: 31090334662
syscr: 15279161
syscw: 2442164
read_bytes: 25628344832
write_bytes: 31173640192
cancelled_write_bytes: 4096

[2020-02-13T14:47:01-08:00]
rchar: 42389699600
wchar: 31237284705
syscr: 15349353
syscw: 2446564
read_bytes: 25704587776
write_bytes: 31320784896
cancelled_write_bytes: 4096

[2020-02-13T14:47:04-08:00]
rchar: 42822961510
wchar: 31673465870
syscr: 15485990
syscw: 2453350
read_bytes: 25862492672
write_bytes: 31757017088
cancelled_write_bytes: 4096

[2020-02-13T14:47:07-08:00]
rchar: 43226037486
wchar: 32003142530
syscr: 15614186
syscw: 2461679
read_bytes: 26005684736
write_bytes: 32093343744
cancelled_write_bytes: 4096

[2020-02-13T14:47:10-08:00]
rchar: 43369563689
wchar: 32115696110
syscr: 15660761
syscw: 2466511
read_bytes: 26056966656
write_bytes: 32199512064
cancelled_write_bytes: 4096

[2020-02-13T14:47:13-08:00]
rchar: 43606608026
wchar: 32339048508
syscr: 15736992
syscw: 2472059
read_bytes: 26135130624
write_bytes: 32423059456
cancelled_write_bytes: 4096

[2020-02-13T14:47:16-08:00]
rchar: 43746621139
wchar: 32443583320
syscr: 15783196
syscw: 2477600
read_bytes: 26182615552
write_bytes: 32527835136
cancelled_write_bytes: 4096

[2020-02-13T14:47:19-08:00]
rchar: 43877934400
wchar: 32627822019
syscr: 15827078
syscw: 2483375
read_bytes: 26226393600
write_bytes: 32712343552
cancelled_write_bytes: 4096

[2020-02-13T14:47:22-08:00]
rchar: 44022023129
wchar: 32746224020
syscr: 15876294
syscw: 2490733
read_bytes: 26271617536
write_bytes: 32831049728
cancelled_write_bytes: 4096

[2020-02-13T14:47:25-08:00]
rchar: 44205338971
wchar: 32869779350
syscr: 15941135
syscw: 2500482
read_bytes: 26325844480
write_bytes: 32954867712
cancelled_write_bytes: 4096

[2020-02-13T14:47:28-08:00]
rchar: 44384188136
wchar: 32971908992
syscr: 16004806
syscw: 2511485
read_bytes: 26377961984
write_bytes: 33057271808
cancelled_write_bytes: 4096

[2020-02-13T14:47:31-08:00]
rchar: 44649781342
wchar: 33104676971
syscr: 16098740
syscw: 2525234
read_bytes: 26454479360
write_bytes: 33190379520
cancelled_write_bytes: 4096

[2020-02-13T14:47:34-08:00]
rchar: 44777102028
wchar: 33225009067
syscr: 16145078
syscw: 2534343
read_bytes: 26488050176
write_bytes: 33311608832
cancelled_write_bytes: 4096

[2020-02-13T14:47:37-08:00]
rchar: 44899810338
wchar: 33309871139
syscr: 16189729
syscw: 2543867
read_bytes: 26525680128
write_bytes: 33396965376
cancelled_write_bytes: 4096

[2020-02-13T14:47:40-08:00]
rchar: 45112051531
wchar: 33411491785
syscr: 16266693
syscw: 2556044
read_bytes: 26590081536
write_bytes: 33498849280
cancelled_write_bytes: 4096

[2020-02-13T14:47:43-08:00]
rchar: 45363573268
wchar: 33545330593
syscr: 16358872
syscw: 2568322
read_bytes: 26666967552
write_bytes: 33633050624
cancelled_write_bytes: 4096

[2020-02-13T14:47:46-08:00]
rchar: 45584745025
wchar: 33622971029
syscr: 16430051
syscw: 2573682
read_bytes: 26740388352
write_bytes: 33711071232
cancelled_write_bytes: 4096

[2020-02-13T14:47:49-08:00]
rchar: 45845792825
wchar: 33908523572
syscr: 16514115
syscw: 2579446
read_bytes: 26830483968
write_bytes: 33996849152
cancelled_write_bytes: 4096

[2020-02-13T14:47:52-08:00]
rchar: 46032921353
wchar: 34061844992
syscr: 16574115
syscw: 2584148
read_bytes: 26896110080
write_bytes: 34150383616
cancelled_write_bytes: 4096

[2020-02-13T14:47:55-08:00]
rchar: 46326040680
wchar: 34352683906
syscr: 16667453
syscw: 2590476
read_bytes: 26999067136
write_bytes: 34441404416
cancelled_write_bytes: 4096

[2020-02-13T14:47:58-08:00]
rchar: 46518345105
wchar: 34494889880
syscr: 16729613
syscw: 2596328
read_bytes: 27060195840
write_bytes: 34583846912
cancelled_write_bytes: 4096

[2020-02-13T14:48:01-08:00]
rchar: 46700569891
wchar: 34671111644
syscr: 16788711
syscw: 2602099
read_bytes: 27120312832
write_bytes: 34760290304
cancelled_write_bytes: 4096

[2020-02-13T14:48:04-08:00]
rchar: 46905530683
wchar: 34907485472
syscr: 16855307
syscw: 2608041
read_bytes: 27187278336
write_bytes: 34996871168
cancelled_write_bytes: 4096

[2020-02-13T14:48:07-08:00]
rchar: 47030543369
wchar: 34986423181
syscr: 16896535
syscw: 2612839
read_bytes: 27226173952
write_bytes: 35076026368
cancelled_write_bytes: 4096

[2020-02-13T14:48:10-08:00]
rchar: 47177343188
wchar: 35141948311
syscr: 16947027
syscw: 2620929
read_bytes: 27268190720
write_bytes: 35231977472
cancelled_write_bytes: 4096

[2020-02-13T14:48:13-08:00]
rchar: 47309731080
wchar: 35277643292
syscr: 16993509
syscw: 2629092
read_bytes: 27305579008
write_bytes: 35367948288
cancelled_write_bytes: 4096

[2020-02-13T14:48:16-08:00]
rchar: 47486220330
wchar: 35367059401
syscr: 17056851
syscw: 2637736
read_bytes: 27352420864
write_bytes: 35457798144
cancelled_write_bytes: 4096

[2020-02-13T14:48:19-08:00]
rchar: 47656244981
wchar: 35452685512
syscr: 17114094
syscw: 2645888
read_bytes: 27403002368
write_bytes: 35543728128
cancelled_write_bytes: 4096

[2020-02-13T14:48:22-08:00]
rchar: 47883576302
wchar: 35701849209
syscr: 17190052
syscw: 2655090
read_bytes: 27472642560
write_bytes: 35793076224
cancelled_write_bytes: 4096

[2020-02-13T14:48:25-08:00]
rchar: 48257097908
wchar: 35897256617
syscr: 17313968
syscw: 2667444
read_bytes: 27583709696
write_bytes: 36001689600
cancelled_write_bytes: 4096

[2020-02-13T14:48:28-08:00]
rchar: 48488105605
wchar: 36080641968
syscr: 17391068
syscw: 2676202
read_bytes: 27650855424
write_bytes: 36172226560
cancelled_write_bytes: 4096

[2020-02-13T14:48:31-08:00]
rchar: 48647854966
wchar: 36246942804
syscr: 17446042
syscw: 2684785
read_bytes: 27695112704
write_bytes: 36338774016
cancelled_write_bytes: 4096

[2020-02-13T14:48:34-08:00]
rchar: 48821446962
wchar: 36366325715
syscr: 17507216
syscw: 2694495
read_bytes: 27738214912
write_bytes: 36458373120
cancelled_write_bytes: 4096

[2020-02-13T14:48:37-08:00]
rchar: 49027080009
wchar: 36478290275
syscr: 17579826
syscw: 2707685
read_bytes: 27786605056
write_bytes: 36570574848
cancelled_write_bytes: 4096

[2020-02-13T14:48:40-08:00]
rchar: 49245017139
wchar: 36591202139
syscr: 17656752
syscw: 2719267
read_bytes: 27838317056
write_bytes: 36683718656
cancelled_write_bytes: 4096

[2020-02-13T14:48:43-08:00]
rchar: 49469662001
wchar: 36740324194
syscr: 17735891
syscw: 2732070
read_bytes: 27891851776
write_bytes: 36833071104
cancelled_write_bytes: 4096

[2020-02-13T14:48:46-08:00]
rchar: 49687389041
wchar: 36853342319
syscr: 17812701
syscw: 2744965
read_bytes: 27944796672
write_bytes: 36946317312
cancelled_write_bytes: 4096

[2020-02-13T14:48:49-08:00]
rchar: 49925061515
wchar: 36978625075
syscr: 17897930
syscw: 2759151
read_bytes: 28004368896
write_bytes: 37071876096
cancelled_write_bytes: 4096

[2020-02-13T14:48:52-08:00]
rchar: 50040457354
wchar: 37085018407
syscr: 17940008
syscw: 2766152
read_bytes: 28033217024
write_bytes: 37178892288
cancelled_write_bytes: 4096

[2020-02-13T14:48:55-08:00]
rchar: 50265017849
wchar: 37221408899
syscr: 18014966
syscw: 2774300
read_bytes: 28096393728
write_bytes: 37315575808
cancelled_write_bytes: 4096

[2020-02-13T14:48:58-08:00]
rchar: 50587477710
wchar: 37454727657
syscr: 18121748
syscw: 2783943
read_bytes: 28186976768
write_bytes: 37549088768
cancelled_write_bytes: 4096

[2020-02-13T14:49:01-08:00]
rchar: 50810933256
wchar: 37621360619
syscr: 18197643
syscw: 2793681
read_bytes: 28249059840
write_bytes: 37718949888
cancelled_write_bytes: 4096

[2020-02-13T14:49:04-08:00]
rchar: 51020522632
wchar: 37848092065
syscr: 18269456
syscw: 2803196
read_bytes: 28305068544
write_bytes: 37942808576
cancelled_write_bytes: 4096

[2020-02-13T14:49:07-08:00]
rchar: 51192171502
wchar: 37945991186
syscr: 18330730
syscw: 2813929
read_bytes: 28344504832
write_bytes: 38040989696
cancelled_write_bytes: 4096

[2020-02-13T14:49:10-08:00]
rchar: 51379203079
wchar: 38051556396
syscr: 18397446
syscw: 2825488
read_bytes: 28389106176
write_bytes: 38146805760
cancelled_write_bytes: 4096

[2020-02-13T14:49:13-08:00]
rchar: 51576710482
wchar: 38172782818
syscr: 18468416
syscw: 2836531
read_bytes: 28430430720
write_bytes: 38268678144
cancelled_write_bytes: 4096

[2020-02-13T14:49:16-08:00]
rchar: 51693538314
wchar: 38244868163
syscr: 18509335
syscw: 2842812
read_bytes: 28457505280
write_bytes: 38341640192
cancelled_write_bytes: 4096

[2020-02-13T14:49:19-08:00]
rchar: 51888643124
wchar: 38395454558
syscr: 18575470
syscw: 2852320
read_bytes: 28506653184
write_bytes: 38492426240
cancelled_write_bytes: 4096

[2020-02-13T14:49:22-08:00]
rchar: 52119908214
wchar: 38530732604
syscr: 18656614
syscw: 2865510
read_bytes: 28559434240
write_bytes: 38627921920
cancelled_write_bytes: 4096

[2020-02-13T14:49:25-08:00]
rchar: 52333721357
wchar: 38646393850
syscr: 18732803
syscw: 2878698
read_bytes: 28607861248
write_bytes: 38743851008
cancelled_write_bytes: 4096

[2020-02-13T14:49:28-08:00]
rchar: 52493675272
wchar: 38758820602
syscr: 18790386
syscw: 2886207
read_bytes: 28643586560
write_bytes: 38856773632
cancelled_write_bytes: 4096

[2020-02-13T14:49:31-08:00]
rchar: 52804259865
wchar: 38951978323
syscr: 18892952
syscw: 2896444
read_bytes: 28727865856
write_bytes: 39050338304
cancelled_write_bytes: 4096

[2020-02-13T14:49:34-08:00]
rchar: 52930527777
wchar: 39076987429
syscr: 18935529
syscw: 2902937
read_bytes: 28760523264
write_bytes: 39175598080
cancelled_write_bytes: 4096

[2020-02-13T14:49:37-08:00]
rchar: 53118152352
wchar: 39235203935
syscr: 18998219
syscw: 2910899
read_bytes: 28808454656
write_bytes: 39334100992
cancelled_write_bytes: 4096

[2020-02-13T14:49:40-08:00]
rchar: 53326495088
wchar: 39379605222
syscr: 19068693
syscw: 2919786
read_bytes: 28858327552
write_bytes: 39478796288
cancelled_write_bytes: 4096

[2020-02-13T14:49:43-08:00]
rchar: 53530383993
wchar: 39577453522
syscr: 19138053
syscw: 2929131
read_bytes: 28906787328
write_bytes: 39676846080
cancelled_write_bytes: 4096

[2020-02-13T14:49:46-08:00]
rchar: 53706767051
wchar: 39676964186
syscr: 19200595
syscw: 2940260
read_bytes: 28945285632
write_bytes: 39776620544
cancelled_write_bytes: 4096

[2020-02-13T14:49:49-08:00]
rchar: 53919310618
wchar: 39789400985
syscr: 19277190
syscw: 2952520
read_bytes: 28986925568
write_bytes: 39889608704
cancelled_write_bytes: 4096

[2020-02-13T14:49:52-08:00]
rchar: 54025919891
wchar: 39860296046
syscr: 19314290
syscw: 2959369
read_bytes: 29011112448
write_bytes: 39961358336
cancelled_write_bytes: 4096

[2020-02-13T14:49:55-08:00]
rchar: 54272193755
wchar: 40025904031
syscr: 19399451
syscw: 2972598
read_bytes: 29068624384
write_bytes: 40127135744
cancelled_write_bytes: 4096

[2020-02-13T14:49:58-08:00]
rchar: 54520850197
wchar: 40173512966
syscr: 19487274
syscw: 2987380
read_bytes: 29120897536
write_bytes: 40275095552
cancelled_write_bytes: 4096

[2020-02-13T14:50:01-08:00]
rchar: 54721793071
wchar: 40293411415
syscr: 19558915
syscw: 2998991
read_bytes: 29166514688
write_bytes: 40395481088
cancelled_write_bytes: 4096

[2020-02-13T14:50:04-08:00]
rchar: 54895591508
wchar: 40384843635
syscr: 19620070
syscw: 3007136
read_bytes: 29207785984
write_bytes: 40487383040
cancelled_write_bytes: 4096

[2020-02-13T14:50:07-08:00]
rchar: 55357331398
wchar: 40771278900
syscr: 19768489
syscw: 3017590
read_bytes: 29326877184
write_bytes: 40873914368
cancelled_write_bytes: 4096

[2020-02-13T14:50:10-08:00]
rchar: 55487296729
wchar: 40940040941
syscr: 19812335
syscw: 3024279
read_bytes: 29357875712
write_bytes: 41042989056
cancelled_write_bytes: 4096

[2020-02-13T14:50:13-08:00]
rchar: 55701473505
wchar: 41039704645
syscr: 19883851
syscw: 3032646
read_bytes: 29410251264
write_bytes: 41142837248
cancelled_write_bytes: 4096

[2020-02-13T14:50:16-08:00]
rchar: 55960597541
wchar: 41287896460
syscr: 19971100
syscw: 3043083
read_bytes: 29468189184
write_bytes: 41391243264
cancelled_write_bytes: 4096

[2020-02-13T14:50:19-08:00]
rchar: 56112969505
wchar: 41410568543
syscr: 20024041
syscw: 3052173
read_bytes: 29499564544
write_bytes: 41514082304
cancelled_write_bytes: 4096

[2020-02-13T14:50:22-08:00]
rchar: 56442046891
wchar: 41600246889
syscr: 20137809
syscw: 3064608
read_bytes: 29565981184
write_bytes: 41703952384
cancelled_write_bytes: 4096

[2020-02-13T14:50:25-08:00]
rchar: 56678729694
wchar: 41764213333
syscr: 20219706
syscw: 3075511
read_bytes: 29609665024
write_bytes: 41868144640
cancelled_write_bytes: 4096

[2020-02-13T14:50:28-08:00]
rchar: 56902139704
wchar: 41909810253
syscr: 20297214
syscw: 3087183
read_bytes: 29650711040
write_bytes: 42013892608
cancelled_write_bytes: 4096

[2020-02-13T14:50:31-08:00]
rchar: 57293171318
wchar: 42163439474
syscr: 20429557
syscw: 3098878
read_bytes: 29724185088
write_bytes: 42267762688
cancelled_write_bytes: 4096

[2020-02-13T14:50:34-08:00]
rchar: 57393292797
wchar: 42245377408
syscr: 20465573
syscw: 3103982
read_bytes: 29743952384
write_bytes: 42350583808
cancelled_write_bytes: 4096

[2020-02-13T14:50:37-08:00]
rchar: 57695968664
wchar: 42456917978
syscr: 20567100
syscw: 3115389
read_bytes: 29812511232
write_bytes: 42562347008
cancelled_write_bytes: 4096

[2020-02-13T14:50:40-08:00]
rchar: 57831630238
wchar: 42550534928
syscr: 20615101
syscw: 3123058
read_bytes: 29841441280
write_bytes: 42656665600
cancelled_write_bytes: 4096

[2020-02-13T14:50:43-08:00]
rchar: 57956630201
wchar: 42630191152
syscr: 20659623
syscw: 3130365
read_bytes: 29866140160
write_bytes: 42736857088
cancelled_write_bytes: 4096

[2020-02-13T14:50:46-08:00]
rchar: 58098926799
wchar: 42745338105
syscr: 20708751
syscw: 3138503
read_bytes: 29898064384
write_bytes: 42852499456
cancelled_write_bytes: 4096

[2020-02-13T14:50:49-08:00]
rchar: 58316248081
wchar: 42950395042
syscr: 20782637
syscw: 3148827
read_bytes: 29944168960
write_bytes: 43057790976
cancelled_write_bytes: 4096

[2020-02-13T14:50:52-08:00]
rchar: 58632958201
wchar: 43173625391
syscr: 20888508
syscw: 3160315
read_bytes: 30012654080
write_bytes: 43281162240
cancelled_write_bytes: 4096

[2020-02-13T14:50:55-08:00]
rchar: 58855523096
wchar: 43385935158
syscr: 20965316
syscw: 3172818
read_bytes: 30057579008
write_bytes: 43493679104
cancelled_write_bytes: 4096

[2020-02-13T14:50:58-08:00]
rchar: 59118780383
wchar: 43561940322
syscr: 21055749
syscw: 3184147
read_bytes: 30107275776
write_bytes: 43669827584
cancelled_write_bytes: 4096

[2020-02-13T14:51:01-08:00]
rchar: 59399991116
wchar: 43740094369
syscr: 21154420
syscw: 3195088
read_bytes: 30160896512
write_bytes: 43848282112
cancelled_write_bytes: 4096

[2020-02-13T14:51:04-08:00]
rchar: 59565233848
wchar: 43844074122
syscr: 21209389
syscw: 3199616
read_bytes: 30194450944
write_bytes: 43952783360
cancelled_write_bytes: 4096

[2020-02-13T14:51:07-08:00]
rchar: 59790002461
wchar: 44030448581
syscr: 21284199
syscw: 3209053
read_bytes: 30244188672
write_bytes: 44139397120
cancelled_write_bytes: 4096

[2020-02-13T14:51:10-08:00]
rchar: 60028305006
wchar: 44209343605
syscr: 21364069
syscw: 3218984
read_bytes: 30290883072
write_bytes: 44318478336
cancelled_write_bytes: 4096

[2020-02-13T14:51:13-08:00]
rchar: 60257185862
wchar: 44367459490
syscr: 21441244
syscw: 3228966
read_bytes: 30334652928
write_bytes: 44476805120
cancelled_write_bytes: 4096

[2020-02-13T14:51:16-08:00]
rchar: 60426808666
wchar: 44524725035
syscr: 21498921
syscw: 3238373
read_bytes: 30366114304
write_bytes: 44634480640
cancelled_write_bytes: 4096

[2020-02-13T14:51:19-08:00]
rchar: 60626303199
wchar: 44671914828
syscr: 21567041
syscw: 3248659
read_bytes: 30402302464
write_bytes: 44783837184
cancelled_write_bytes: 4096

[2020-02-13T14:51:22-08:00]
rchar: 60886657539
wchar: 44861798653
syscr: 21656263
syscw: 3260097
read_bytes: 30447747584
write_bytes: 44972064768
cancelled_write_bytes: 4096

[2020-02-13T14:51:25-08:00]
rchar: 61165497847
wchar: 45031947704
syscr: 21752719
syscw: 3267289
read_bytes: 30496469504
write_bytes: 45143175168
cancelled_write_bytes: 4096

[2020-02-13T14:51:28-08:00]
rchar: 61321135831
wchar: 45185645432
syscr: 21808273
syscw: 3277398
read_bytes: 30524711424
write_bytes: 45297340416
cancelled_write_bytes: 4096

[2020-02-13T14:51:31-08:00]
rchar: 61470694009
wchar: 45276892324
syscr: 21862114
syscw: 3287486
read_bytes: 30550176256
write_bytes: 45389418496
cancelled_write_bytes: 4096

[2020-02-13T14:51:34-08:00]
rchar: 61609591090
wchar: 45370958334
syscr: 21910983
syscw: 3296846
read_bytes: 30575972864
write_bytes: 45483823104
cancelled_write_bytes: 4096

[2020-02-13T14:51:37-08:00]
rchar: 61852656690
wchar: 45515237179
syscr: 21996494
syscw: 3312113
read_bytes: 30619742720
write_bytes: 45628420096
cancelled_write_bytes: 4096

[2020-02-13T14:51:40-08:00]
rchar: 62028577232
wchar: 45638309853
syscr: 22058235
syscw: 3321666
read_bytes: 30648205824
write_bytes: 45752049664
cancelled_write_bytes: 4096

[2020-02-13T14:51:43-08:00]
rchar: 62321570893
wchar: 45876517283
syscr: 22157886
syscw: 3333677
read_bytes: 30699975168
write_bytes: 45990363136
cancelled_write_bytes: 4096

[2020-02-13T14:51:46-08:00]
rchar: 62698531580
wchar: 46128525506
syscr: 22285139
syscw: 3344656
read_bytes: 30765216256
write_bytes: 46242488320
cancelled_write_bytes: 4096

[2020-02-13T14:51:49-08:00]
rchar: 62917877626
wchar: 46279811518
syscr: 22362130
syscw: 3354819
read_bytes: 30797652480
write_bytes: 46394105856
cancelled_write_bytes: 4096

[2020-02-13T14:51:52-08:00]
rchar: 63268112258
wchar: 46475927314
syscr: 22483207
syscw: 3367904
read_bytes: 30853181952
write_bytes: 46590431232
cancelled_write_bytes: 4096

[2020-02-13T14:51:55-08:00]
rchar: 63343944473
wchar: 46574147565
syscr: 22510202
syscw: 3370783
read_bytes: 30865461760
write_bytes: 46689505280
cancelled_write_bytes: 4096

[2020-02-13T14:51:58-08:00]
rchar: 63554288410
wchar: 46702182032
syscr: 22585550
syscw: 3384101
read_bytes: 30899331584
write_bytes: 46818033664
cancelled_write_bytes: 4096

[2020-02-13T14:52:01-08:00]
rchar: 63813577228
wchar: 46840935748
syscr: 22680869
syscw: 3394099
read_bytes: 30941516288
write_bytes: 46957199360
cancelled_write_bytes: 4096

[2020-02-13T14:52:04-08:00]
rchar: 63904049856
wchar: 46909970010
syscr: 22711211
syscw: 3396460
read_bytes: 30959354368
write_bytes: 47026655232
cancelled_write_bytes: 4096

[2020-02-13T14:52:07-08:00]
rchar: 64182159490
wchar: 47034522890
syscr: 22804486
syscw: 3407676
read_bytes: 31010607616
write_bytes: 47151542272
cancelled_write_bytes: 4096

[2020-02-13T14:52:10-08:00]
rchar: 64469104015
wchar: 47326662805
syscr: 22899652
syscw: 3419111
read_bytes: 31062426112
write_bytes: 47443935232
cancelled_write_bytes: 4096

[2020-02-13T14:52:13-08:00]
rchar: 64787293247
wchar: 47626709010
syscr: 23004198
syscw: 3428128
read_bytes: 31121560064
write_bytes: 47744151552
cancelled_write_bytes: 4096

[2020-02-13T14:52:16-08:00]
rchar: 64915138548
wchar: 47727568294
syscr: 23045639
syscw: 3431142
read_bytes: 31145288192
write_bytes: 47845535744
cancelled_write_bytes: 4096

[2020-02-13T14:52:19-08:00]
rchar: 65069304513
wchar: 47844711799
syscr: 23098177
syscw: 3440029
read_bytes: 31171293696
write_bytes: 47963066368
cancelled_write_bytes: 4096

[2020-02-13T14:52:22-08:00]
rchar: 65324323835
wchar: 48006935069
syscr: 23183830
syscw: 3451877
read_bytes: 31214653952
write_bytes: 48125599744
cancelled_write_bytes: 4096

[2020-02-13T14:52:25-08:00]
rchar: 65529730536
wchar: 48153070000
syscr: 23254589
syscw: 3462950
read_bytes: 31246627328
write_bytes: 48272199680
cancelled_write_bytes: 4096

[2020-02-13T14:52:28-08:00]
rchar: 65702586676
wchar: 48301552956
syscr: 23312213
syscw: 3471465
read_bytes: 31275024896
write_bytes: 48420995072
cancelled_write_bytes: 4096

[2020-02-13T14:52:31-08:00]
rchar: 65988747957
wchar: 48483715787
syscr: 23406260
syscw: 3482621
read_bytes: 31324135936
write_bytes: 48603422720
cancelled_write_bytes: 4096

[2020-02-13T14:52:34-08:00]
rchar: 66205030351
wchar: 48671876480
syscr: 23478145
syscw: 3492774
read_bytes: 31358370304
write_bytes: 48791793664
cancelled_write_bytes: 4096

[2020-02-13T14:52:37-08:00]
rchar: 66356548738
wchar: 48828730482
syscr: 23529565
syscw: 3502282
read_bytes: 31380103680
write_bytes: 48948908032
cancelled_write_bytes: 4096

[2020-02-13T14:52:40-08:00]
rchar: 66659572048
wchar: 49029442303
syscr: 23629505
syscw: 3513427
read_bytes: 31429546496
write_bytes: 49149784064
cancelled_write_bytes: 4096

[2020-02-13T14:52:44-08:00]
rchar: 66901299748
wchar: 49248461432
syscr: 23710504
syscw: 3523632
read_bytes: 31463805440
write_bytes: 49369317376
cancelled_write_bytes: 4096

[2020-02-13T14:52:47-08:00]
rchar: 67053584289
wchar: 49370645790
syscr: 23764025
syscw: 3533522
read_bytes: 31486480896
write_bytes: 49491775488
cancelled_write_bytes: 4096

[2020-02-13T14:52:50-08:00]
rchar: 67306817957
wchar: 49545079467
syscr: 23852610
syscw: 3546382
read_bytes: 31523336704
write_bytes: 49666588672
cancelled_write_bytes: 4096

[2020-02-13T14:52:53-08:00]
rchar: 67578987509
wchar: 49724342875
syscr: 23947631
syscw: 3560200
read_bytes: 31562539520
write_bytes: 49864593408
cancelled_write_bytes: 4096

[2020-02-13T14:52:56-08:00]
rchar: 67710678987
wchar: 49835998926
syscr: 23994488
syscw: 3566555
read_bytes: 31581803008
write_bytes: 49958313984
cancelled_write_bytes: 4096

[2020-02-13T14:52:59-08:00]
rchar: 67834766454
wchar: 49956096708
syscr: 24038016
syscw: 3576440
read_bytes: 31599030784
write_bytes: 50078810112
cancelled_write_bytes: 4096

[2020-02-13T14:53:02-08:00]
rchar: 68049050603
wchar: 50059313334
syscr: 24112532
syscw: 3586763
read_bytes: 31629189632
write_bytes: 50182926336
cancelled_write_bytes: 4096

[2020-02-13T14:53:05-08:00]
rchar: 68313808984
wchar: 50304941450
syscr: 24202229
syscw: 3599416
read_bytes: 31673958912
write_bytes: 50428796928
cancelled_write_bytes: 4096

[2020-02-13T14:53:08-08:00]
rchar: 68457231801
wchar: 50474496135
syscr: 24250518
syscw: 3607027
read_bytes: 31697519104
write_bytes: 50598572032
cancelled_write_bytes: 4096

[2020-02-13T14:53:11-08:00]
rchar: 68558791363
wchar: 50520564885
syscr: 24284764
syscw: 3607586
read_bytes: 31716483584
write_bytes: 50645483520
cancelled_write_bytes: 4096

[2020-02-13T14:53:14-08:00]
rchar: 68646876551
wchar: 50658156555
syscr: 24311616
syscw: 3607697
read_bytes: 31733608960
write_bytes: 50783477760
cancelled_write_bytes: 4096

[2020-02-13T14:53:17-08:00]
rchar: 68883452201
wchar: 50913414793
syscr: 24383603
syscw: 3607825
read_bytes: 31777018368
write_bytes: 51038990336
cancelled_write_bytes: 4096

[2020-02-13T14:53:20-08:00]
rchar: 69075775069
wchar: 51098827227
syscr: 24442128
syscw: 3607905
read_bytes: 31812391424
write_bytes: 51224653824
cancelled_write_bytes: 4096

[2020-02-13T14:53:23-08:00]
rchar: 69076607276
wchar: 51119816655
syscr: 24442398
syscw: 3607950
read_bytes: 31812497920
write_bytes: 51245776896
cancelled_write_bytes: 4096

[2020-02-13T14:53:26-08:00]
rchar: 69076607276
wchar: 51119816655
syscr: 24442398
syscw: 3607950
read_bytes: 31812497920
write_bytes: 51245776896
cancelled_write_bytes: 4096

[2020-02-13T14:53:29-08:00]
rchar: 69076607276
wchar: 51119816655
syscr: 24442398
syscw: 3607950
read_bytes: 31812497920
write_bytes: 51245776896
cancelled_write_bytes: 4096

