[2020-02-18T08:11:19-08:00]
rchar: 16584901
wchar: 209
syscr: 2825
syscw: 10
read_bytes: 716800
write_bytes: 53248
cancelled_write_bytes: 0

[2020-02-18T08:11:22-08:00]
rchar: 16584901
wchar: 209
syscr: 2825
syscw: 10
read_bytes: 716800
write_bytes: 53248
cancelled_write_bytes: 0

[2020-02-18T08:11:25-08:00]
rchar: 16584901
wchar: 209
syscr: 2825
syscw: 10
read_bytes: 716800
write_bytes: 69632
cancelled_write_bytes: 0

[2020-02-18T08:11:28-08:00]
rchar: 16584901
wchar: 209
syscr: 2825
syscw: 10
read_bytes: 716800
write_bytes: 69632
cancelled_write_bytes: 0

[2020-02-18T08:11:31-08:00]
rchar: 16584901
wchar: 209
syscr: 2825
syscw: 10
read_bytes: 716800
write_bytes: 86016
cancelled_write_bytes: 0

[2020-02-18T08:11:34-08:00]
rchar: 16584901
wchar: 209
syscr: 2825
syscw: 10
read_bytes: 716800
write_bytes: 86016
cancelled_write_bytes: 0

[2020-02-18T08:11:37-08:00]
rchar: 16584901
wchar: 209
syscr: 2825
syscw: 10
read_bytes: 716800
write_bytes: 102400
cancelled_write_bytes: 0

[2020-02-18T08:11:40-08:00]
rchar: 16584901
wchar: 209
syscr: 2825
syscw: 10
read_bytes: 716800
write_bytes: 102400
cancelled_write_bytes: 0

[2020-02-18T08:11:43-08:00]
rchar: 16584901
wchar: 209
syscr: 2825
syscw: 10
read_bytes: 716800
write_bytes: 110592
cancelled_write_bytes: 0

[2020-02-18T08:11:46-08:00]
rchar: 16584901
wchar: 209
syscr: 2825
syscw: 10
read_bytes: 716800
write_bytes: 110592
cancelled_write_bytes: 0

[2020-02-18T08:11:49-08:00]
rchar: 121574976
wchar: 98001849
syscr: 24831
syscw: 1613
read_bytes: 130341376
write_bytes: 98156544
cancelled_write_bytes: 0

[2020-02-18T08:11:52-08:00]
rchar: 282186690
wchar: 175992372
syscr: 85612
syscw: 10379
read_bytes: 395082240
write_bytes: 176152576
cancelled_write_bytes: 0

[2020-02-18T08:11:55-08:00]
rchar: 470276114
wchar: 302280436
syscr: 155369
syscw: 24329
read_bytes: 627550720
write_bytes: 302473216
cancelled_write_bytes: 0

[2020-02-18T08:11:58-08:00]
rchar: 558613782
wchar: 456046843
syscr: 189672
syscw: 36318
read_bytes: 741775872
write_bytes: 456392704
cancelled_write_bytes: 0

[2020-02-18T08:12:01-08:00]
rchar: 616352596
wchar: 528321219
syscr: 213301
syscw: 44110
read_bytes: 823851520
write_bytes: 528764928
cancelled_write_bytes: 0

[2020-02-18T08:12:04-08:00]
rchar: 751159267
wchar: 651625317
syscr: 268292
syscw: 59913
read_bytes: 1015720448
write_bytes: 652132352
cancelled_write_bytes: 0

[2020-02-18T08:12:07-08:00]
rchar: 845144615
wchar: 747217707
syscr: 306286
syscw: 72884
read_bytes: 1143327232
write_bytes: 747814912
cancelled_write_bytes: 0

[2020-02-18T08:12:10-08:00]
rchar: 969140185
wchar: 896634987
syscr: 356566
syscw: 86047
read_bytes: 1311803904
write_bytes: 897261568
cancelled_write_bytes: 0

[2020-02-18T08:12:13-08:00]
rchar: 1069117162
wchar: 998078949
syscr: 396896
syscw: 100712
read_bytes: 1445411328
write_bytes: 998858752
cancelled_write_bytes: 0

[2020-02-18T08:12:16-08:00]
rchar: 1129180596
wchar: 1068635735
syscr: 420518
syscw: 107989
read_bytes: 1516812800
write_bytes: 1069580288
cancelled_write_bytes: 0

[2020-02-18T08:12:19-08:00]
rchar: 1274316449
wchar: 1160276392
syscr: 478586
syscw: 124275
read_bytes: 1701390848
write_bytes: 1161318400
cancelled_write_bytes: 0

[2020-02-18T08:12:22-08:00]
rchar: 1396473562
wchar: 1305112105
syscr: 527247
syscw: 135474
read_bytes: 1854208512
write_bytes: 1306198016
cancelled_write_bytes: 0

[2020-02-18T08:12:25-08:00]
rchar: 1470336756
wchar: 1419590848
syscr: 556361
syscw: 144431
read_bytes: 1940441600
write_bytes: 1420918784
cancelled_write_bytes: 0

[2020-02-18T08:12:28-08:00]
rchar: 1540276084
wchar: 1462140321
syscr: 583971
syscw: 152075
read_bytes: 2019613184
write_bytes: 1463709696
cancelled_write_bytes: 0

[2020-02-18T08:12:31-08:00]
rchar: 1678443346
wchar: 1590529005
syscr: 635735
syscw: 162388
read_bytes: 2165049856
write_bytes: 1592229888
cancelled_write_bytes: 0

[2020-02-18T08:12:34-08:00]
rchar: 1946158373
wchar: 1826820846
syscr: 730175
syscw: 173363
read_bytes: 2449046016
write_bytes: 1828585472
cancelled_write_bytes: 0

[2020-02-18T08:12:37-08:00]
rchar: 2152753167
wchar: 2043182908
syscr: 803442
syscw: 182227
read_bytes: 2666617344
write_bytes: 2044981248
cancelled_write_bytes: 0

[2020-02-18T08:12:40-08:00]
rchar: 2461043084
wchar: 2313232648
syscr: 912868
syscw: 192597
read_bytes: 2985527808
write_bytes: 2315100160
cancelled_write_bytes: 0

[2020-02-18T08:12:43-08:00]
rchar: 2612593416
wchar: 2492957571
syscr: 966464
syscw: 199940
read_bytes: 3139373568
write_bytes: 2494918656
cancelled_write_bytes: 0

[2020-02-18T08:12:46-08:00]
rchar: 2836203261
wchar: 2662457186
syscr: 1045004
syscw: 208941
read_bytes: 3356314112
write_bytes: 2664558592
cancelled_write_bytes: 0

[2020-02-18T08:12:49-08:00]
rchar: 3012750737
wchar: 2813377221
syscr: 1109787
syscw: 215815
read_bytes: 3519139328
write_bytes: 2815844352
cancelled_write_bytes: 0

[2020-02-18T08:12:52-08:00]
rchar: 3113161188
wchar: 2903635907
syscr: 1144102
syscw: 218964
read_bytes: 3610566144
write_bytes: 2906779648
cancelled_write_bytes: 0

[2020-02-18T08:12:55-08:00]
rchar: 3263002538
wchar: 3062965228
syscr: 1193933
syscw: 223490
read_bytes: 3752062464
write_bytes: 3066540032
cancelled_write_bytes: 0

[2020-02-18T08:12:58-08:00]
rchar: 3505585971
wchar: 3299866016
syscr: 1274485
syscw: 229393
read_bytes: 3980340736
write_bytes: 3303546880
cancelled_write_bytes: 0

[2020-02-18T08:13:01-08:00]
rchar: 3675781626
wchar: 3471189513
syscr: 1332889
syscw: 236561
read_bytes: 4142255616
write_bytes: 3475009536
cancelled_write_bytes: 0

[2020-02-18T08:13:04-08:00]
rchar: 3970859516
wchar: 3716647989
syscr: 1434258
syscw: 245557
read_bytes: 4419341824
write_bytes: 3720519680
cancelled_write_bytes: 0

[2020-02-18T08:13:07-08:00]
rchar: 4180017485
wchar: 3948447068
syscr: 1505505
syscw: 252488
read_bytes: 4613279232
write_bytes: 3952390144
cancelled_write_bytes: 0

[2020-02-18T08:13:10-08:00]
rchar: 4383895380
wchar: 4094703156
syscr: 1574820
syscw: 259372
read_bytes: 4795694592
write_bytes: 4098818048
cancelled_write_bytes: 0

[2020-02-18T08:13:13-08:00]
rchar: 4701726614
wchar: 4367866552
syscr: 1681225
syscw: 266956
read_bytes: 5077888512
write_bytes: 4372008960
cancelled_write_bytes: 0

[2020-02-18T08:13:16-08:00]
rchar: 5014034798
wchar: 4656960263
syscr: 1785323
syscw: 272817
read_bytes: 5352504832
write_bytes: 4661145600
cancelled_write_bytes: 0

[2020-02-18T08:13:19-08:00]
rchar: 5231998467
wchar: 4895055061
syscr: 1859582
syscw: 281316
read_bytes: 5540957696
write_bytes: 4899291136
cancelled_write_bytes: 0

[2020-02-18T08:13:22-08:00]
rchar: 5546706335
wchar: 5148523436
syscr: 1964989
syscw: 289777
read_bytes: 5808381440
write_bytes: 5152788480
cancelled_write_bytes: 0

[2020-02-18T08:13:25-08:00]
rchar: 5695018252
wchar: 5266287181
syscr: 2015790
syscw: 295769
read_bytes: 5930114560
write_bytes: 5270769664
cancelled_write_bytes: 0

[2020-02-18T08:13:28-08:00]
rchar: 5787550034
wchar: 5355673816
syscr: 2049019
syscw: 303132
read_bytes: 6002978304
write_bytes: 5360431104
cancelled_write_bytes: 0

[2020-02-18T08:13:31-08:00]
rchar: 5917595452
wchar: 5471532014
syscr: 2094265
syscw: 309936
read_bytes: 6103600640
write_bytes: 5476749312
cancelled_write_bytes: 0

[2020-02-18T08:13:34-08:00]
rchar: 6052087995
wchar: 5540422142
syscr: 2142308
syscw: 318931
read_bytes: 6206377472
write_bytes: 5545807872
cancelled_write_bytes: 0

[2020-02-18T08:13:37-08:00]
rchar: 6327542879
wchar: 5734670233
syscr: 2241052
syscw: 325491
read_bytes: 6414319104
write_bytes: 5740957696
cancelled_write_bytes: 0

[2020-02-18T08:13:40-08:00]
rchar: 6450210463
wchar: 5861084489
syscr: 2281279
syscw: 328292
read_bytes: 6522215936
write_bytes: 5868089344
cancelled_write_bytes: 0

[2020-02-18T08:13:43-08:00]
rchar: 6558462042
wchar: 5978195289
syscr: 2316495
syscw: 331050
read_bytes: 6617099776
write_bytes: 5985521664
cancelled_write_bytes: 0

[2020-02-18T08:13:46-08:00]
rchar: 6759625065
wchar: 6145760623
syscr: 2381510
syscw: 335258
read_bytes: 6791974400
write_bytes: 6153408512
cancelled_write_bytes: 0

[2020-02-18T08:13:49-08:00]
rchar: 6905942216
wchar: 6270945694
syscr: 2429494
syscw: 338663
read_bytes: 6919142912
write_bytes: 6278836224
cancelled_write_bytes: 0

[2020-02-18T08:13:52-08:00]
rchar: 7140485751
wchar: 6537851340
syscr: 2505988
syscw: 343585
read_bytes: 7122423296
write_bytes: 6545883136
cancelled_write_bytes: 0

[2020-02-18T08:13:55-08:00]
rchar: 7407287710
wchar: 6770539329
syscr: 2592584
syscw: 349028
read_bytes: 7350939136
write_bytes: 6778658816
cancelled_write_bytes: 0

[2020-02-18T08:13:58-08:00]
rchar: 7725697517
wchar: 7037721148
syscr: 2697197
syscw: 357200
read_bytes: 7623679488
write_bytes: 7045873664
cancelled_write_bytes: 0

[2020-02-18T08:14:01-08:00]
rchar: 7952174662
wchar: 7282816527
syscr: 2771316
syscw: 362988
read_bytes: 7817334272
write_bytes: 7291039744
cancelled_write_bytes: 0

[2020-02-18T08:14:04-08:00]
rchar: 8129601576
wchar: 7465777364
syscr: 2830163
syscw: 367349
read_bytes: 7965638144
write_bytes: 7474204672
cancelled_write_bytes: 0

[2020-02-18T08:14:08-08:00]
rchar: 8430653890
wchar: 7711835547
syscr: 2930077
syscw: 374438
read_bytes: 8218332672
write_bytes: 7720407040
cancelled_write_bytes: 0

[2020-02-18T08:14:11-08:00]
rchar: 8569378395
wchar: 7892850016
syscr: 2977060
syscw: 379319
read_bytes: 8331263488
write_bytes: 7901569024
cancelled_write_bytes: 0

[2020-02-18T08:14:14-08:00]
rchar: 8797360001
wchar: 8065700950
syscr: 3053071
syscw: 385896
read_bytes: 8515243520
write_bytes: 8074518528
cancelled_write_bytes: 0

[2020-02-18T08:14:17-08:00]
rchar: 8970782020
wchar: 8185725116
syscr: 3112274
syscw: 393376
read_bytes: 8650284544
write_bytes: 8194809856
cancelled_write_bytes: 0

[2020-02-18T08:14:20-08:00]
rchar: 9112437171
wchar: 8348996970
syscr: 3160056
syscw: 398220
read_bytes: 8760118784
write_bytes: 8358350848
cancelled_write_bytes: 0

[2020-02-18T08:14:23-08:00]
rchar: 9324055984
wchar: 8492365791
syscr: 3231857
syscw: 405078
read_bytes: 8925412864
write_bytes: 8502026240
cancelled_write_bytes: 0

[2020-02-18T08:14:26-08:00]
rchar: 9573770997
wchar: 8728794602
syscr: 3314864
syscw: 410284
read_bytes: 9121484288
write_bytes: 8738545664
cancelled_write_bytes: 0

[2020-02-18T08:14:29-08:00]
rchar: 9683573206
wchar: 8852756402
syscr: 3353196
syscw: 415540
read_bytes: 9202793984
write_bytes: 8862744576
cancelled_write_bytes: 0

[2020-02-18T08:14:32-08:00]
rchar: 10006162478
wchar: 9117189948
syscr: 3462967
syscw: 424574
read_bytes: 9445281280
write_bytes: 9127211008
cancelled_write_bytes: 0

[2020-02-18T08:14:35-08:00]
rchar: 10243662805
wchar: 9310289242
syscr: 3544537
syscw: 432773
read_bytes: 9618161152
write_bytes: 9320542208
cancelled_write_bytes: 0

[2020-02-18T08:14:38-08:00]
rchar: 10354992424
wchar: 9401097451
syscr: 3583913
syscw: 438960
read_bytes: 9692782080
write_bytes: 9411629056
cancelled_write_bytes: 0

[2020-02-18T08:14:41-08:00]
rchar: 10503896074
wchar: 9521759040
syscr: 3635996
syscw: 445997
read_bytes: 9792695808
write_bytes: 9532489728
cancelled_write_bytes: 0

[2020-02-18T08:14:44-08:00]
rchar: 10829284026
wchar: 9716002144
syscr: 3746197
syscw: 453684
read_bytes: 10019376640
write_bytes: 9726750720
cancelled_write_bytes: 0

[2020-02-18T08:14:47-08:00]
rchar: 10960046563
wchar: 9825107640
syscr: 3793441
syscw: 462814
read_bytes: 10096246272
write_bytes: 9836281856
cancelled_write_bytes: 0

[2020-02-18T08:14:50-08:00]
rchar: 11061193190
wchar: 9901338655
syscr: 3830235
syscw: 470965
read_bytes: 10156588544
write_bytes: 9912729600
cancelled_write_bytes: 0

[2020-02-18T08:14:53-08:00]
rchar: 11196059829
wchar: 9992565365
syscr: 3879916
syscw: 481260
read_bytes: 10237820416
write_bytes: 10004221952
cancelled_write_bytes: 0

[2020-02-18T08:14:56-08:00]
rchar: 11306398052
wchar: 10074727768
syscr: 3921375
syscw: 489121
read_bytes: 10307419648
write_bytes: 10086588416
cancelled_write_bytes: 0

[2020-02-18T08:14:59-08:00]
rchar: 11433609397
wchar: 10164076600
syscr: 3968934
syscw: 498740
read_bytes: 10390449664
write_bytes: 10176204800
cancelled_write_bytes: 0

[2020-02-18T08:15:02-08:00]
rchar: 11655433314
wchar: 10314311227
syscr: 4046962
syscw: 507660
read_bytes: 10549063168
write_bytes: 10326614016
cancelled_write_bytes: 0

[2020-02-18T08:15:05-08:00]
rchar: 11797677247
wchar: 10445666160
syscr: 4098145
syscw: 515581
read_bytes: 10645556736
write_bytes: 10458120192
cancelled_write_bytes: 0

[2020-02-18T08:15:08-08:00]
rchar: 11917135384
wchar: 10549376817
syscr: 4143049
syscw: 524225
read_bytes: 10720411136
write_bytes: 10562068480
cancelled_write_bytes: 0

[2020-02-18T08:15:11-08:00]
rchar: 12033936681
wchar: 10635557611
syscr: 4187132
syscw: 532830
read_bytes: 10791853568
write_bytes: 10648485888
cancelled_write_bytes: 0

[2020-02-18T08:15:14-08:00]
rchar: 12142242668
wchar: 10700561861
syscr: 4227842
syscw: 541515
read_bytes: 10862398976
write_bytes: 10713694208
cancelled_write_bytes: 0

[2020-02-18T08:15:17-08:00]
rchar: 12475104326
wchar: 10939692740
syscr: 4343623
syscw: 551432
read_bytes: 11100118528
write_bytes: 10952966144
cancelled_write_bytes: 0

[2020-02-18T08:15:20-08:00]
rchar: 12595484304
wchar: 11070358683
syscr: 4387403
syscw: 557987
read_bytes: 11177180672
write_bytes: 11083788288
cancelled_write_bytes: 0

[2020-02-18T08:15:23-08:00]
rchar: 12778781808
wchar: 11216822391
syscr: 4451943
syscw: 565812
read_bytes: 11300453888
write_bytes: 11230416896
cancelled_write_bytes: 0

[2020-02-18T08:15:26-08:00]
rchar: 12892951953
wchar: 11267173438
syscr: 4494988
syscw: 575170
read_bytes: 11368566272
write_bytes: 11281022976
cancelled_write_bytes: 0

[2020-02-18T08:15:29-08:00]
rchar: 13026009654
wchar: 11362029324
syscr: 4545372
syscw: 583693
read_bytes: 11450744320
write_bytes: 11376168960
cancelled_write_bytes: 0

[2020-02-18T08:15:32-08:00]
rchar: 13141808225
wchar: 11447207505
syscr: 4589453
syscw: 593132
read_bytes: 11521711616
write_bytes: 11461566464
cancelled_write_bytes: 0

[2020-02-18T08:15:35-08:00]
rchar: 13259023776
wchar: 11498816348
syscr: 4632777
syscw: 594483
read_bytes: 11597410816
write_bytes: 11514241024
cancelled_write_bytes: 0

[2020-02-18T08:15:38-08:00]
rchar: 13360450712
wchar: 11564007632
syscr: 4666909
syscw: 597049
read_bytes: 11672629760
write_bytes: 11580080128
cancelled_write_bytes: 0

[2020-02-18T08:15:41-08:00]
rchar: 13484270002
wchar: 11710392952
syscr: 4708436
syscw: 601003
read_bytes: 11765887488
write_bytes: 11726823424
cancelled_write_bytes: 0

[2020-02-18T08:15:44-08:00]
rchar: 13875386642
wchar: 12069669064
syscr: 4835378
syscw: 607649
read_bytes: 12072321536
write_bytes: 12086145024
cancelled_write_bytes: 0

[2020-02-18T08:15:47-08:00]
rchar: 14164298360
wchar: 12328098353
syscr: 4929513
syscw: 615088
read_bytes: 12295635456
write_bytes: 12344627200
cancelled_write_bytes: 0

[2020-02-18T08:15:50-08:00]
rchar: 14425468251
wchar: 12579954229
syscr: 5015037
syscw: 621222
read_bytes: 12495811072
write_bytes: 12596568064
cancelled_write_bytes: 0

[2020-02-18T08:15:53-08:00]
rchar: 14600358364
wchar: 12772181388
syscr: 5072734
syscw: 625412
read_bytes: 12628218368
write_bytes: 12788936704
cancelled_write_bytes: 0

[2020-02-18T08:15:56-08:00]
rchar: 14900675912
wchar: 13000477091
syscr: 5172284
syscw: 633043
read_bytes: 12853862912
write_bytes: 13017432064
cancelled_write_bytes: 0

[2020-02-18T08:15:59-08:00]
rchar: 15069836860
wchar: 13173653530
syscr: 5229712
syscw: 639075
read_bytes: 12976165376
write_bytes: 13190705152
cancelled_write_bytes: 0

[2020-02-18T08:16:02-08:00]
rchar: 15259980156
wchar: 13361409766
syscr: 5293176
syscw: 643824
read_bytes: 13116248576
write_bytes: 13378662400
cancelled_write_bytes: 0

[2020-02-18T08:16:05-08:00]
rchar: 15396060918
wchar: 13475795635
syscr: 5340229
syscw: 649700
read_bytes: 13209711104
write_bytes: 13493391360
cancelled_write_bytes: 0

[2020-02-18T08:16:08-08:00]
rchar: 15563864352
wchar: 13632456393
syscr: 5397898
syscw: 655885
read_bytes: 13320045056
write_bytes: 13650325504
cancelled_write_bytes: 0

[2020-02-18T08:16:11-08:00]
rchar: 15731488189
wchar: 13760873412
syscr: 5456411
syscw: 662662
read_bytes: 13427851776
write_bytes: 13778964480
cancelled_write_bytes: 0

[2020-02-18T08:16:14-08:00]
rchar: 15919365952
wchar: 13899254317
syscr: 5523207
syscw: 671568
read_bytes: 13541429760
write_bytes: 13917507584
cancelled_write_bytes: 0

[2020-02-18T08:16:17-08:00]
rchar: 16061277872
wchar: 13994383986
syscr: 5576312
syscw: 680212
read_bytes: 13620810240
write_bytes: 14012846080
cancelled_write_bytes: 0

[2020-02-18T08:16:20-08:00]
rchar: 16170910768
wchar: 14111079702
syscr: 5617462
syscw: 689249
read_bytes: 13682311680
write_bytes: 14129750016
cancelled_write_bytes: 0

[2020-02-18T08:16:23-08:00]
rchar: 16272390979
wchar: 14174090476
syscr: 5655590
syscw: 697349
read_bytes: 13737341440
write_bytes: 14192979968
cancelled_write_bytes: 0

[2020-02-18T08:16:26-08:00]
rchar: 16474174322
wchar: 14301167267
syscr: 5728150
syscw: 706227
read_bytes: 13857313280
write_bytes: 14320291840
cancelled_write_bytes: 0

[2020-02-18T08:16:29-08:00]
rchar: 16598689523
wchar: 14389277954
syscr: 5774931
syscw: 715008
read_bytes: 13925495296
write_bytes: 14408642560
cancelled_write_bytes: 0

[2020-02-18T08:16:32-08:00]
rchar: 16723493381
wchar: 14477731422
syscr: 5821822
syscw: 724663
read_bytes: 13994242560
write_bytes: 14497333248
cancelled_write_bytes: 0

[2020-02-18T08:16:35-08:00]
rchar: 16818657183
wchar: 14541006676
syscr: 5858168
syscw: 728974
read_bytes: 14047130112
write_bytes: 14561304576
cancelled_write_bytes: 0

[2020-02-18T08:16:38-08:00]
rchar: 17026963054
wchar: 14668256622
syscr: 5929348
syscw: 735311
read_bytes: 14194070016
write_bytes: 14688976896
cancelled_write_bytes: 0

[2020-02-18T08:16:41-08:00]
rchar: 17325998689
wchar: 14948242716
syscr: 6030800
syscw: 743800
read_bytes: 14402040320
write_bytes: 14969020416
cancelled_write_bytes: 0

[2020-02-18T08:16:44-08:00]
rchar: 17569541814
wchar: 15179899778
syscr: 6114218
syscw: 751061
read_bytes: 14570373632
write_bytes: 15200935936
cancelled_write_bytes: 0

[2020-02-18T08:16:47-08:00]
rchar: 17714047883
wchar: 15335456852
syscr: 6164926
syscw: 757454
read_bytes: 14664765952
write_bytes: 15356747776
cancelled_write_bytes: 0

[2020-02-18T08:16:50-08:00]
rchar: 17900028643
wchar: 15493791600
syscr: 6228954
syscw: 764160
read_bytes: 14780723712
write_bytes: 15515209728
cancelled_write_bytes: 0

[2020-02-18T08:16:53-08:00]
rchar: 18143676259
wchar: 15659114672
syscr: 6314661
syscw: 772381
read_bytes: 14926328320
write_bytes: 15680638976
cancelled_write_bytes: 0

[2020-02-18T08:16:56-08:00]
rchar: 18462237663
wchar: 15890426985
syscr: 6424852
syscw: 777729
read_bytes: 15123874304
write_bytes: 15912292352
cancelled_write_bytes: 0

[2020-02-18T08:16:59-08:00]
rchar: 18544115380
wchar: 15974359115
syscr: 6456652
syscw: 782100
read_bytes: 15168934400
write_bytes: 15997140992
cancelled_write_bytes: 0

[2020-02-18T08:17:02-08:00]
rchar: 18667170902
wchar: 16102551526
syscr: 6499850
syscw: 787150
read_bytes: 15246856704
write_bytes: 16125706240
cancelled_write_bytes: 0

[2020-02-18T08:17:05-08:00]
rchar: 18902673246
wchar: 16265239125
syscr: 6581672
syscw: 795454
read_bytes: 15397880320
write_bytes: 16288628736
cancelled_write_bytes: 0

[2020-02-18T08:17:08-08:00]
rchar: 18994658025
wchar: 16356740970
syscr: 6615690
syscw: 802042
read_bytes: 15451238912
write_bytes: 16380473344
cancelled_write_bytes: 0

[2020-02-18T08:17:11-08:00]
rchar: 19162746463
wchar: 16492091340
syscr: 6676164
syscw: 809230
read_bytes: 15551455744
write_bytes: 16516026368
cancelled_write_bytes: 0

[2020-02-18T08:17:14-08:00]
rchar: 19298591827
wchar: 16585155250
syscr: 6726833
syscw: 818156
read_bytes: 15620207104
write_bytes: 16609337344
cancelled_write_bytes: 0

[2020-02-18T08:17:17-08:00]
rchar: 19442699627
wchar: 16675440067
syscr: 6779810
syscw: 828030
read_bytes: 15693226496
write_bytes: 16699858944
cancelled_write_bytes: 0

[2020-02-18T08:17:20-08:00]
rchar: 19721588302
wchar: 16875059396
syscr: 6877815
syscw: 838794
read_bytes: 15854207488
write_bytes: 16899641344
cancelled_write_bytes: 0

[2020-02-18T08:17:23-08:00]
rchar: 19803410752
wchar: 16934552380
syscr: 6910674
syscw: 842289
read_bytes: 15893258752
write_bytes: 16960057344
cancelled_write_bytes: 0

[2020-02-18T08:17:26-08:00]
rchar: 19969255316
wchar: 17086767641
syscr: 6967429
syscw: 848080
read_bytes: 15998603776
write_bytes: 17112612864
cancelled_write_bytes: 0

[2020-02-18T08:17:29-08:00]
rchar: 20347972638
wchar: 17358757310
syscr: 7095188
syscw: 860214
read_bytes: 16246731264
write_bytes: 17384640512
cancelled_write_bytes: 0

[2020-02-18T08:17:32-08:00]
rchar: 20636045229
wchar: 17602407359
syscr: 7194010
syscw: 869016
read_bytes: 16429003264
write_bytes: 17628545024
cancelled_write_bytes: 0

[2020-02-18T08:17:35-08:00]
rchar: 20776823314
wchar: 17738190770
syscr: 7243741
syscw: 876148
read_bytes: 16513200640
write_bytes: 17764503552
cancelled_write_bytes: 0

[2020-02-18T08:17:38-08:00]
rchar: 20993500629
wchar: 17897593064
syscr: 7316931
syscw: 882601
read_bytes: 16645804544
write_bytes: 17943121920
cancelled_write_bytes: 0

[2020-02-18T08:17:41-08:00]
rchar: 21403792194
wchar: 18260283098
syscr: 7453100
syscw: 890006
read_bytes: 16901554688
write_bytes: 18286800896
cancelled_write_bytes: 0

[2020-02-18T08:17:44-08:00]
rchar: 21712382829
wchar: 18497681917
syscr: 7557109
syscw: 898555
read_bytes: 17080955392
write_bytes: 18524307456
cancelled_write_bytes: 0

[2020-02-18T08:17:47-08:00]
rchar: 21881565407
wchar: 18637189409
syscr: 7615502
syscw: 906238
read_bytes: 17171075584
write_bytes: 18664075264
cancelled_write_bytes: 0

[2020-02-18T08:17:50-08:00]
rchar: 22098596218
wchar: 18801999250
syscr: 7689658
syscw: 913315
read_bytes: 17290564096
write_bytes: 18829021184
cancelled_write_bytes: 0

[2020-02-18T08:17:53-08:00]
rchar: 22348330225
wchar: 18985963999
syscr: 7776438
syscw: 921550
read_bytes: 17418662400
write_bytes: 19013210112
cancelled_write_bytes: 0

[2020-02-18T08:17:56-08:00]
rchar: 22587197154
wchar: 19153062434
syscr: 7859966
syscw: 929815
read_bytes: 17536741888
write_bytes: 19180793856
cancelled_write_bytes: 0

[2020-02-18T08:17:59-08:00]
rchar: 22848036299
wchar: 19355961130
syscr: 7951405
syscw: 938518
read_bytes: 17666286080
write_bytes: 19383767040
cancelled_write_bytes: 0

[2020-02-18T08:18:02-08:00]
rchar: 22986209882
wchar: 19442157577
syscr: 8001594
syscw: 947626
read_bytes: 17724781056
write_bytes: 19470213120
cancelled_write_bytes: 0

[2020-02-18T08:18:05-08:00]
rchar: 23163077784
wchar: 19544316469
syscr: 8065645
syscw: 957139
read_bytes: 17797657088
write_bytes: 19572629504
cancelled_write_bytes: 0

[2020-02-18T08:18:08-08:00]
rchar: 23366540339
wchar: 19655522208
syscr: 8139377
syscw: 967619
read_bytes: 17883148800
write_bytes: 19684114432
cancelled_write_bytes: 0

[2020-02-18T08:18:11-08:00]
rchar: 23511301390
wchar: 19744084301
syscr: 8191700
syscw: 976699
read_bytes: 17943564800
write_bytes: 19772919808
cancelled_write_bytes: 0

[2020-02-18T08:18:14-08:00]
rchar: 23679163476
wchar: 19825212724
syscr: 8252630
syscw: 985927
read_bytes: 18014097920
write_bytes: 19854295040
cancelled_write_bytes: 0

[2020-02-18T08:18:17-08:00]
rchar: 23819143911
wchar: 19921830322
syscr: 8304624
syscw: 992385
read_bytes: 18078888448
write_bytes: 19952205824
cancelled_write_bytes: 0

[2020-02-18T08:18:20-08:00]
rchar: 23964298253
wchar: 20080213663
syscr: 8355166
syscw: 998297
read_bytes: 18163384832
write_bytes: 20110860288
cancelled_write_bytes: 0

[2020-02-18T08:18:23-08:00]
rchar: 24269547984
wchar: 20293590431
syscr: 8458597
syscw: 1005647
read_bytes: 18343576064
write_bytes: 20324356096
cancelled_write_bytes: 0

[2020-02-18T08:18:26-08:00]
rchar: 24436538850
wchar: 20446791767
syscr: 8518055
syscw: 1013854
read_bytes: 18432881152
write_bytes: 20477800448
cancelled_write_bytes: 0

[2020-02-18T08:18:29-08:00]
rchar: 24590804752
wchar: 20543500663
syscr: 8575338
syscw: 1022165
read_bytes: 18499420672
write_bytes: 20574810112
cancelled_write_bytes: 0

[2020-02-18T08:18:32-08:00]
rchar: 24733011569
wchar: 20635485419
syscr: 8627653
syscw: 1032031
read_bytes: 18560967168
write_bytes: 20667031552
cancelled_write_bytes: 0

[2020-02-18T08:18:35-08:00]
rchar: 24894163698
wchar: 20716321968
syscr: 8687899
syscw: 1040496
read_bytes: 18627793408
write_bytes: 20748304384
cancelled_write_bytes: 0

[2020-02-18T08:18:38-08:00]
rchar: 24998811543
wchar: 20819337926
syscr: 8725815
syscw: 1045162
read_bytes: 18681471488
write_bytes: 20852273152
cancelled_write_bytes: 0

[2020-02-18T08:18:41-08:00]
rchar: 25126042422
wchar: 20929797823
syscr: 8770582
syscw: 1051600
read_bytes: 18748916224
write_bytes: 20963004416
cancelled_write_bytes: 0

[2020-02-18T08:18:44-08:00]
rchar: 25339822588
wchar: 21064920470
syscr: 8848281
syscw: 1062468
read_bytes: 18850816512
write_bytes: 21098393600
cancelled_write_bytes: 0

[2020-02-18T08:18:47-08:00]
rchar: 25470991568
wchar: 21174632518
syscr: 8897010
syscw: 1071909
read_bytes: 18910130688
write_bytes: 21208342528
cancelled_write_bytes: 0

[2020-02-18T08:18:50-08:00]
rchar: 25616002344
wchar: 21234703303
syscr: 8950651
syscw: 1081371
read_bytes: 18971759104
write_bytes: 21268652032
cancelled_write_bytes: 0

[2020-02-18T08:18:53-08:00]
rchar: 25846622099
wchar: 21396880798
syscr: 9034158
syscw: 1093993
read_bytes: 19082125824
write_bytes: 21431078912
cancelled_write_bytes: 0

[2020-02-18T08:18:56-08:00]
rchar: 25924313958
wchar: 21467927460
syscr: 9064531
syscw: 1100093
read_bytes: 19113902592
write_bytes: 21502922752
cancelled_write_bytes: 0

[2020-02-18T08:18:59-08:00]
rchar: 26093552885
wchar: 21592939749
syscr: 9128442
syscw: 1109544
read_bytes: 19191554560
write_bytes: 21628235776
cancelled_write_bytes: 0

[2020-02-18T08:19:02-08:00]
rchar: 26222476922
wchar: 21682820332
syscr: 9176752
syscw: 1118841
read_bytes: 19249406464
write_bytes: 21718355968
cancelled_write_bytes: 0

[2020-02-18T08:19:05-08:00]
rchar: 26408588531
wchar: 21776477452
syscr: 9245786
syscw: 1129953
read_bytes: 19330777600
write_bytes: 21812318208
cancelled_write_bytes: 0

[2020-02-18T08:19:08-08:00]
rchar: 26533639540
wchar: 21866285801
syscr: 9292928
syscw: 1136678
read_bytes: 19387986432
write_bytes: 21902807040
cancelled_write_bytes: 0

[2020-02-18T08:19:11-08:00]
rchar: 26691874828
wchar: 21968120624
syscr: 9348276
syscw: 1143607
read_bytes: 19474158080
write_bytes: 22005022720
cancelled_write_bytes: 0

[2020-02-18T08:19:14-08:00]
rchar: 26887542020
wchar: 22156118229
syscr: 9415974
syscw: 1149974
read_bytes: 19582886400
write_bytes: 22193360896
cancelled_write_bytes: 0

[2020-02-18T08:19:17-08:00]
rchar: 27061009833
wchar: 22303081041
syscr: 9476801
syscw: 1157865
read_bytes: 19673952768
write_bytes: 22340554752
cancelled_write_bytes: 0

[2020-02-18T08:19:20-08:00]
rchar: 27249580302
wchar: 22467088836
syscr: 9543101
syscw: 1166044
read_bytes: 19773116928
write_bytes: 22504747008
cancelled_write_bytes: 0

[2020-02-18T08:19:23-08:00]
rchar: 27449415455
wchar: 22624440050
syscr: 9614239
syscw: 1174499
read_bytes: 19872281088
write_bytes: 22662316032
cancelled_write_bytes: 0

[2020-02-18T08:19:26-08:00]
rchar: 27624313300
wchar: 22745323789
syscr: 9677886
syscw: 1183764
read_bytes: 19954270720
write_bytes: 22783451136
cancelled_write_bytes: 0

[2020-02-18T08:19:29-08:00]
rchar: 27794159875
wchar: 22846532595
syscr: 9740061
syscw: 1194408
read_bytes: 20022481408
write_bytes: 22884892672
cancelled_write_bytes: 0

[2020-02-18T08:19:32-08:00]
rchar: 27932386606
wchar: 22935547085
syscr: 9790628
syscw: 1203669
read_bytes: 20077175296
write_bytes: 22974148608
cancelled_write_bytes: 0

[2020-02-18T08:19:35-08:00]
rchar: 28140379619
wchar: 23035875011
syscr: 9867525
syscw: 1214226
read_bytes: 20157587968
write_bytes: 23074947072
cancelled_write_bytes: 0

[2020-02-18T08:19:38-08:00]
rchar: 28230492160
wchar: 23132807319
syscr: 9902709
syscw: 1218111
read_bytes: 20196704768
write_bytes: 23173140480
cancelled_write_bytes: 0

[2020-02-18T08:19:41-08:00]
rchar: 28345477413
wchar: 23218286569
syscr: 9946131
syscw: 1226982
read_bytes: 20249674240
write_bytes: 23259287552
cancelled_write_bytes: 0

[2020-02-18T08:19:44-08:00]
rchar: 28514937205
wchar: 23331929416
syscr: 10007712
syscw: 1235234
read_bytes: 20333638144
write_bytes: 23373197312
cancelled_write_bytes: 0

[2020-02-18T08:19:47-08:00]
rchar: 28646677929
wchar: 23426052349
syscr: 10057297
syscw: 1244335
read_bytes: 20392161792
write_bytes: 23467589632
cancelled_write_bytes: 0

[2020-02-18T08:19:50-08:00]
rchar: 28845403016
wchar: 23575706075
syscr: 10130729
syscw: 1255033
read_bytes: 20473745920
write_bytes: 23617511424
cancelled_write_bytes: 0

[2020-02-18T08:19:53-08:00]
rchar: 28999467885
wchar: 23672943921
syscr: 10187717
syscw: 1264854
read_bytes: 20538839552
write_bytes: 23714971648
cancelled_write_bytes: 0

[2020-02-18T08:19:56-08:00]
rchar: 29192507706
wchar: 23789239702
syscr: 10259294
syscw: 1277068
read_bytes: 20618629632
write_bytes: 23831580672
cancelled_write_bytes: 0

[2020-02-18T08:19:59-08:00]
rchar: 29297293344
wchar: 23870566320
syscr: 10298859
syscw: 1283148
read_bytes: 20662411776
write_bytes: 23913177088
cancelled_write_bytes: 0

[2020-02-18T08:20:02-08:00]
rchar: 29455086163
wchar: 23970327632
syscr: 10357943
syscw: 1293059
read_bytes: 20726796800
write_bytes: 24013201408
cancelled_write_bytes: 0

[2020-02-18T08:20:05-08:00]
rchar: 29646689973
wchar: 24084388530
syscr: 10429215
syscw: 1304230
read_bytes: 20804825600
write_bytes: 24127565824
cancelled_write_bytes: 0

[2020-02-18T08:20:08-08:00]
rchar: 29801716551
wchar: 24192236847
syscr: 10487782
syscw: 1312226
read_bytes: 20868542976
write_bytes: 24236273664
cancelled_write_bytes: 0

[2020-02-18T08:20:11-08:00]
rchar: 29929390852
wchar: 24319728014
syscr: 10536243
syscw: 1321897
read_bytes: 20924973568
write_bytes: 24364351488
cancelled_write_bytes: 0

[2020-02-18T08:20:14-08:00]
rchar: 30079861115
wchar: 24386787500
syscr: 10592645
syscw: 1330821
read_bytes: 20990972416
write_bytes: 24431697920
cancelled_write_bytes: 0

[2020-02-18T08:20:17-08:00]
rchar: 30225694610
wchar: 24493131312
syscr: 10648675
syscw: 1339230
read_bytes: 21047095808
write_bytes: 24538714112
cancelled_write_bytes: 0

[2020-02-18T08:20:20-08:00]
rchar: 30338982744
wchar: 24558297124
syscr: 10691102
syscw: 1346371
read_bytes: 21097886208
write_bytes: 24605184000
cancelled_write_bytes: 0

[2020-02-18T08:20:23-08:00]
rchar: 30468822782
wchar: 24668839105
syscr: 10737436
syscw: 1352548
read_bytes: 21164077568
write_bytes: 24733892608
cancelled_write_bytes: 0

[2020-02-18T08:20:26-08:00]
rchar: 30787059339
wchar: 24931542173
syscr: 10846860
syscw: 1361661
read_bytes: 21330936320
write_bytes: 24978960384
cancelled_write_bytes: 0

[2020-02-18T08:20:29-08:00]
rchar: 31055839475
wchar: 25175919023
syscr: 10940531
syscw: 1369541
read_bytes: 21463450112
write_bytes: 25223405568
cancelled_write_bytes: 0

[2020-02-18T08:20:32-08:00]
rchar: 31214878590
wchar: 25293781984
syscr: 10999127
syscw: 1378490
read_bytes: 21536076288
write_bytes: 25341419520
cancelled_write_bytes: 0

[2020-02-18T08:20:35-08:00]
rchar: 31353221825
wchar: 25389703007
syscr: 11050755
syscw: 1388734
read_bytes: 21592769024
write_bytes: 25437622272
cancelled_write_bytes: 0

[2020-02-18T08:20:38-08:00]
rchar: 31573524154
wchar: 25515629578
syscr: 11132882
syscw: 1400183
read_bytes: 21681594880
write_bytes: 25563844608
cancelled_write_bytes: 0

[2020-02-18T08:20:41-08:00]
rchar: 31698585226
wchar: 25627361853
syscr: 11181375
syscw: 1408173
read_bytes: 21731648000
write_bytes: 25676066816
cancelled_write_bytes: 0

[2020-02-18T08:20:44-08:00]
rchar: 31795502857
wchar: 25682753795
syscr: 11215231
syscw: 1413256
read_bytes: 21781279232
write_bytes: 25732079616
cancelled_write_bytes: 0

[2020-02-18T08:20:47-08:00]
rchar: 31939066047
wchar: 25789020304
syscr: 11264865
syscw: 1419179
read_bytes: 21853352448
write_bytes: 25838628864
cancelled_write_bytes: 0

[2020-02-18T08:20:50-08:00]
rchar: 32254310058
wchar: 26050113524
syscr: 11371050
syscw: 1427349
read_bytes: 22015369728
write_bytes: 26099933184
cancelled_write_bytes: 0

[2020-02-18T08:20:53-08:00]
rchar: 32363308742
wchar: 26183106061
syscr: 11411262
syscw: 1435784
read_bytes: 22064042496
write_bytes: 26233176064
cancelled_write_bytes: 0

[2020-02-18T08:20:56-08:00]
rchar: 32491698647
wchar: 26270328761
syscr: 11457871
syscw: 1444066
read_bytes: 22119633408
write_bytes: 26320674816
cancelled_write_bytes: 0

[2020-02-18T08:20:59-08:00]
rchar: 32800531065
wchar: 26478566149
syscr: 11565654
syscw: 1454621
read_bytes: 22255067648
write_bytes: 26529103872
cancelled_write_bytes: 0

[2020-02-18T08:21:02-08:00]
rchar: 32956046782
wchar: 26597687539
syscr: 11622490
syscw: 1464750
read_bytes: 22315823616
write_bytes: 26648440832
cancelled_write_bytes: 0

[2020-02-18T08:21:05-08:00]
rchar: 33125349121
wchar: 26718824992
syscr: 11685047
syscw: 1475575
read_bytes: 22381425152
write_bytes: 26769813504
cancelled_write_bytes: 0

[2020-02-18T08:21:08-08:00]
rchar: 33336159564
wchar: 26841719126
syscr: 11763442
syscw: 1486958
read_bytes: 22462054912
write_bytes: 26893029376
cancelled_write_bytes: 0

[2020-02-18T08:21:11-08:00]
rchar: 33482551449
wchar: 26939840387
syscr: 11818617
syscw: 1494481
read_bytes: 22518956544
write_bytes: 26991394816
cancelled_write_bytes: 0

[2020-02-18T08:21:14-08:00]
rchar: 33663882360
wchar: 27050054709
syscr: 11886319
syscw: 1505695
read_bytes: 22586696192
write_bytes: 27106304000
cancelled_write_bytes: 0

[2020-02-18T08:21:17-08:00]
rchar: 33856845199
wchar: 27163446792
syscr: 11958307
syscw: 1516168
read_bytes: 22660878848
write_bytes: 27215491072
cancelled_write_bytes: 0

[2020-02-18T08:21:20-08:00]
rchar: 33989884141
wchar: 27287326713
syscr: 12010083
syscw: 1523907
read_bytes: 22709522944
write_bytes: 27340767232
cancelled_write_bytes: 0

[2020-02-18T08:21:23-08:00]
rchar: 34107434241
wchar: 27383155481
syscr: 12052962
syscw: 1531274
read_bytes: 22760165888
write_bytes: 27436883968
cancelled_write_bytes: 0

[2020-02-18T08:21:26-08:00]
rchar: 34402988960
wchar: 27607025057
syscr: 12156411
syscw: 1540755
read_bytes: 22899282432
write_bytes: 27660939264
cancelled_write_bytes: 0

[2020-02-18T08:21:29-08:00]
rchar: 34623806677
wchar: 27759422104
syscr: 12236034
syscw: 1551474
read_bytes: 22993768960
write_bytes: 27813519360
cancelled_write_bytes: 0

[2020-02-18T08:21:32-08:00]
rchar: 35000892424
wchar: 28032455376
syscr: 12365654
syscw: 1560758
read_bytes: 23152050688
write_bytes: 28086603776
cancelled_write_bytes: 0

[2020-02-18T08:21:35-08:00]
rchar: 35173304096
wchar: 28165897850
syscr: 12426811
syscw: 1565318
read_bytes: 23222784512
write_bytes: 28220583936
cancelled_write_bytes: 0

[2020-02-18T08:21:39-08:00]
rchar: 35248058708
wchar: 28207096037
syscr: 12453284
syscw: 1568923
read_bytes: 23254884864
write_bytes: 28262531072
cancelled_write_bytes: 0

[2020-02-18T08:21:42-08:00]
rchar: 35457080423
wchar: 28395856632
syscr: 12526242
syscw: 1577881
read_bytes: 23347417600
write_bytes: 28451622912
cancelled_write_bytes: 0

[2020-02-18T08:21:45-08:00]
rchar: 35708299920
wchar: 28609051482
syscr: 12611968
syscw: 1587082
read_bytes: 23462216192
write_bytes: 28665069568
cancelled_write_bytes: 0

[2020-02-18T08:21:48-08:00]
rchar: 35928598449
wchar: 28799423369
syscr: 12688232
syscw: 1595557
read_bytes: 23557517824
write_bytes: 28855549952
cancelled_write_bytes: 0

[2020-02-18T08:21:51-08:00]
rchar: 36068368345
wchar: 28888499834
syscr: 12738751
syscw: 1604395
read_bytes: 23611204096
write_bytes: 28944908288
cancelled_write_bytes: 0

[2020-02-18T08:21:54-08:00]
rchar: 36236747881
wchar: 29009332513
syscr: 12799751
syscw: 1614173
read_bytes: 23670493696
write_bytes: 29065981952
cancelled_write_bytes: 0

[2020-02-18T08:21:57-08:00]
rchar: 36442298214
wchar: 29125596779
syscr: 12874761
syscw: 1626092
read_bytes: 23741452800
write_bytes: 29182509056
cancelled_write_bytes: 0

[2020-02-18T08:22:00-08:00]
rchar: 36559309318
wchar: 29199733987
syscr: 12918111
syscw: 1632895
read_bytes: 23783555584
write_bytes: 29257347072
cancelled_write_bytes: 0

[2020-02-18T08:22:03-08:00]
rchar: 36749264633
wchar: 29351349021
syscr: 12985808
syscw: 1642013
read_bytes: 23860810240
write_bytes: 29409443840
cancelled_write_bytes: 0

[2020-02-18T08:22:06-08:00]
rchar: 36968847764
wchar: 29566396238
syscr: 13061662
syscw: 1648965
read_bytes: 23959540224
write_bytes: 29624713216
cancelled_write_bytes: 0

[2020-02-18T08:22:09-08:00]
rchar: 37136979017
wchar: 29686139669
syscr: 13123292
syscw: 1659229
read_bytes: 24020787712
write_bytes: 29744713728
cancelled_write_bytes: 0

[2020-02-18T08:22:12-08:00]
rchar: 37380564075
wchar: 29801932040
syscr: 13215084
syscw: 1672161
read_bytes: 24102781440
write_bytes: 29860835328
cancelled_write_bytes: 0

[2020-02-18T08:22:15-08:00]
rchar: 37475847978
wchar: 29899331944
syscr: 13251454
syscw: 1678365
read_bytes: 24137708032
write_bytes: 29959639040
cancelled_write_bytes: 0

[2020-02-18T08:22:18-08:00]
rchar: 37591217362
wchar: 29965144878
syscr: 13294652
syscw: 1687326
read_bytes: 24183235072
write_bytes: 30025850880
cancelled_write_bytes: 0

[2020-02-18T08:22:21-08:00]
rchar: 37827541063
wchar: 30102520008
syscr: 13385171
syscw: 1698959
read_bytes: 24268349952
write_bytes: 30163611648
cancelled_write_bytes: 0

[2020-02-18T08:22:24-08:00]
rchar: 37905766356
wchar: 30193374039
syscr: 13412710
syscw: 1702315
read_bytes: 24300954112
write_bytes: 30255099904
cancelled_write_bytes: 0

[2020-02-18T08:22:27-08:00]
rchar: 38029375107
wchar: 30239636134
syscr: 13455833
syscw: 1708576
read_bytes: 24354099712
write_bytes: 30301954048
cancelled_write_bytes: 0

[2020-02-18T08:22:30-08:00]
rchar: 38137151437
wchar: 30338518884
syscr: 13493479
syscw: 1714304
read_bytes: 24399413760
write_bytes: 30401056768
cancelled_write_bytes: 0

[2020-02-18T08:22:33-08:00]
rchar: 38413098428
wchar: 30608295695
syscr: 13585281
syscw: 1721979
read_bytes: 24524632576
write_bytes: 30670999552
cancelled_write_bytes: 0

[2020-02-18T08:22:36-08:00]
rchar: 38745896322
wchar: 30828154974
syscr: 13698677
syscw: 1732617
read_bytes: 24667685376
write_bytes: 30891040768
cancelled_write_bytes: 0

[2020-02-18T08:22:39-08:00]
rchar: 38964798624
wchar: 31085577262
syscr: 13774903
syscw: 1741466
read_bytes: 24756240896
write_bytes: 31148605440
cancelled_write_bytes: 0

[2020-02-18T08:22:42-08:00]
rchar: 39219311783
wchar: 31260855624
syscr: 13864640
syscw: 1751203
read_bytes: 24853357056
write_bytes: 31324049408
cancelled_write_bytes: 0

[2020-02-18T08:22:45-08:00]
rchar: 39416844020
wchar: 31384388528
syscr: 13934946
syscw: 1761143
read_bytes: 24926110208
write_bytes: 31447752704
cancelled_write_bytes: 0

[2020-02-18T08:22:48-08:00]
rchar: 39736482634
wchar: 31610470318
syscr: 14045183
syscw: 1771327
read_bytes: 25042407936
write_bytes: 31673950208
cancelled_write_bytes: 0

[2020-02-18T08:22:51-08:00]
rchar: 39850571173
wchar: 31723030073
syscr: 14088591
syscw: 1776644
read_bytes: 25077105152
write_bytes: 31787315200
cancelled_write_bytes: 0

[2020-02-18T08:22:54-08:00]
rchar: 39955651713
wchar: 31760756075
syscr: 14127048
syscw: 1783613
read_bytes: 25115030016
write_bytes: 31825620992
cancelled_write_bytes: 0

[2020-02-18T08:22:57-08:00]
rchar: 40217731185
wchar: 31972067647
syscr: 14218464
syscw: 1792583
read_bytes: 25218589184
write_bytes: 32037203968
cancelled_write_bytes: 0

[2020-02-18T08:23:00-08:00]
rchar: 40436050379
wchar: 32164006589
syscr: 14295082
syscw: 1800262
read_bytes: 25302884864
write_bytes: 32229306368
cancelled_write_bytes: 0

[2020-02-18T08:23:03-08:00]
rchar: 40673875895
wchar: 32319962822
syscr: 14381107
syscw: 1810007
read_bytes: 25387360768
write_bytes: 32385474560
cancelled_write_bytes: 0

[2020-02-18T08:23:06-08:00]
rchar: 40995268847
wchar: 32547310706
syscr: 14494419
syscw: 1819812
read_bytes: 25497072128
write_bytes: 32613048320
cancelled_write_bytes: 0

[2020-02-18T08:23:09-08:00]
rchar: 41074061298
wchar: 32651582957
syscr: 14525096
syscw: 1824494
read_bytes: 25520714240
write_bytes: 32718483456
cancelled_write_bytes: 0

[2020-02-18T08:23:12-08:00]
rchar: 41186855498
wchar: 32747681844
syscr: 14567261
syscw: 1833037
read_bytes: 25557905920
write_bytes: 32815087616
cancelled_write_bytes: 0

[2020-02-18T08:23:15-08:00]
rchar: 41467067601
wchar: 32877838416
syscr: 14672631
syscw: 1846327
read_bytes: 25647178240
write_bytes: 32945704960
cancelled_write_bytes: 0

[2020-02-18T08:23:18-08:00]
rchar: 41557122056
wchar: 32992046056
syscr: 14708766
syscw: 1852720
read_bytes: 25673921024
write_bytes: 33061330944
cancelled_write_bytes: 0

[2020-02-18T08:23:21-08:00]
rchar: 41658984915
wchar: 33070200009
syscr: 14746933
syscw: 1861049
read_bytes: 25710297600
write_bytes: 33139904512
cancelled_write_bytes: 0

[2020-02-18T08:23:24-08:00]
rchar: 41787802040
wchar: 33173701515
syscr: 14795609
syscw: 1871277
read_bytes: 25755275776
write_bytes: 33243648000
cancelled_write_bytes: 0

[2020-02-18T08:23:27-08:00]
rchar: 41984567835
wchar: 33278919630
syscr: 14869666
syscw: 1883725
read_bytes: 25821176320
write_bytes: 33349087232
cancelled_write_bytes: 0

[2020-02-18T08:23:30-08:00]
rchar: 42247701742
wchar: 33457435545
syscr: 14966550
syscw: 1892794
read_bytes: 25909912064
write_bytes: 33528233984
cancelled_write_bytes: 0

[2020-02-18T08:23:33-08:00]
rchar: 42341087338
wchar: 33565210042
syscr: 15000956
syscw: 1900145
read_bytes: 25941561856
write_bytes: 33636761600
cancelled_write_bytes: 0

[2020-02-18T08:23:36-08:00]
rchar: 42441537324
wchar: 33595433608
syscr: 15038824
syscw: 1906125
read_bytes: 25973625344
write_bytes: 33667534848
cancelled_write_bytes: 0

[2020-02-18T08:23:39-08:00]
rchar: 42540794323
wchar: 33683986200
syscr: 15074320
syscw: 1912723
read_bytes: 26011742720
write_bytes: 33756790784
cancelled_write_bytes: 0

[2020-02-18T08:23:42-08:00]
rchar: 42797953267
wchar: 33884079009
syscr: 15162430
syscw: 1922281
read_bytes: 26112328192
write_bytes: 33957183488
cancelled_write_bytes: 0

[2020-02-18T08:23:45-08:00]
rchar: 43047940922
wchar: 34122889822
syscr: 15248611
syscw: 1932305
read_bytes: 26205901312
write_bytes: 34196189184
cancelled_write_bytes: 0

[2020-02-18T08:23:48-08:00]
rchar: 43218301475
wchar: 34256569612
syscr: 15309675
syscw: 1942240
read_bytes: 26263093760
write_bytes: 34330075136
cancelled_write_bytes: 0

[2020-02-18T08:23:51-08:00]
rchar: 43402398064
wchar: 34393822202
syscr: 15374864
syscw: 1951386
read_bytes: 26325664256
write_bytes: 34467581952
cancelled_write_bytes: 0

[2020-02-18T08:23:54-08:00]
rchar: 43665708859
wchar: 34563874364
syscr: 15467573
syscw: 1960472
read_bytes: 26412990976
write_bytes: 34638192640
cancelled_write_bytes: 0

[2020-02-18T08:23:57-08:00]
rchar: 43770743846
wchar: 34634151236
syscr: 15505926
syscw: 1967088
read_bytes: 26447696384
write_bytes: 34709057536
cancelled_write_bytes: 0

[2020-02-18T08:24:00-08:00]
rchar: 43877434503
wchar: 34729393182
syscr: 15545485
syscw: 1973951
read_bytes: 26483040768
write_bytes: 34805157888
cancelled_write_bytes: 0

[2020-02-18T08:24:03-08:00]
rchar: 44068120060
wchar: 34906995607
syscr: 15611974
syscw: 1982133
read_bytes: 26552455680
write_bytes: 34983043072
cancelled_write_bytes: 0

[2020-02-18T08:24:06-08:00]
rchar: 44547292906
wchar: 35291114950
syscr: 15774229
syscw: 1993169
read_bytes: 26732552704
write_bytes: 35367219200
cancelled_write_bytes: 0

[2020-02-18T08:24:09-08:00]
rchar: 44765641451
wchar: 35497809165
syscr: 15849975
syscw: 2000914
read_bytes: 26810937856
write_bytes: 35574108160
cancelled_write_bytes: 0

[2020-02-18T08:24:12-08:00]
rchar: 45174025095
wchar: 35785007048
syscr: 15987737
syscw: 2011146
read_bytes: 26953581056
write_bytes: 35861356544
cancelled_write_bytes: 0

[2020-02-18T08:24:15-08:00]
rchar: 45321482478
wchar: 35937796137
syscr: 16041582
syscw: 2017861
read_bytes: 26999734784
write_bytes: 36014784512
cancelled_write_bytes: 0

[2020-02-18T08:24:18-08:00]
rchar: 45413647357
wchar: 36004785595
syscr: 16074229
syscw: 2023991
read_bytes: 27030397440
write_bytes: 36082171904
cancelled_write_bytes: 0

[2020-02-18T08:24:21-08:00]
rchar: 45640269869
wchar: 36180974447
syscr: 16152239
syscw: 2032972
read_bytes: 27111813632
write_bytes: 36258635776
cancelled_write_bytes: 0

[2020-02-18T08:24:24-08:00]
rchar: 45830315924
wchar: 36315894997
syscr: 16219476
syscw: 2043492
read_bytes: 27174486528
write_bytes: 36393775104
cancelled_write_bytes: 0

[2020-02-18T08:24:27-08:00]
rchar: 45958864960
wchar: 36437456999
syscr: 16266107
syscw: 2052180
read_bytes: 27215094272
write_bytes: 36515586048
cancelled_write_bytes: 0

[2020-02-18T08:24:30-08:00]
rchar: 46242820377
wchar: 36642485055
syscr: 16365436
syscw: 2063077
read_bytes: 27305964032
write_bytes: 36720824320
cancelled_write_bytes: 0

[2020-02-18T08:24:33-08:00]
rchar: 46440422086
wchar: 36749965952
syscr: 16437370
syscw: 2073551
read_bytes: 27359937024
write_bytes: 36828893184
cancelled_write_bytes: 0

[2020-02-18T08:24:36-08:00]
rchar: 46543455889
wchar: 36858657939
syscr: 16475037
syscw: 2077868
read_bytes: 27392287232
write_bytes: 36938809344
cancelled_write_bytes: 0

[2020-02-18T08:24:39-08:00]
rchar: 46660426130
wchar: 36943510772
syscr: 16517201
syscw: 2085848
read_bytes: 27429515776
write_bytes: 37023940608
cancelled_write_bytes: 0

[2020-02-18T08:24:42-08:00]
rchar: 46902133394
wchar: 37156707356
syscr: 16602000
syscw: 2096627
read_bytes: 27507626496
write_bytes: 37237366784
cancelled_write_bytes: 0

[2020-02-18T08:24:45-08:00]
rchar: 47144232536
wchar: 37366333733
syscr: 16686839
syscw: 2106517
read_bytes: 27587392000
write_bytes: 37447188480
cancelled_write_bytes: 0

[2020-02-18T08:24:48-08:00]
rchar: 47370879157
wchar: 37501909491
syscr: 16770319
syscw: 2118276
read_bytes: 27650912768
write_bytes: 37583024128
cancelled_write_bytes: 0

[2020-02-18T08:24:51-08:00]
rchar: 47462206341
wchar: 37586408826
syscr: 16802340
syscw: 2122923
read_bytes: 27680907776
write_bytes: 37668130816
cancelled_write_bytes: 0

[2020-02-18T08:24:54-08:00]
rchar: 47597067914
wchar: 37658766139
syscr: 16849336
syscw: 2130682
read_bytes: 27725242880
write_bytes: 37740789760
cancelled_write_bytes: 0

[2020-02-18T08:24:57-08:00]
rchar: 47891420678
wchar: 37865340894
syscr: 16951947
syscw: 2141677
read_bytes: 27821052416
write_bytes: 37953396736
cancelled_write_bytes: 0

[2020-02-18T08:25:00-08:00]
rchar: 48191683008
wchar: 38107085084
syscr: 17058032
syscw: 2153465
read_bytes: 27914326528
write_bytes: 38189502464
cancelled_write_bytes: 0

[2020-02-18T08:25:03-08:00]
rchar: 48289368062
wchar: 38247614751
syscr: 17093202
syscw: 2157517
read_bytes: 27944337920
write_bytes: 38330318848
cancelled_write_bytes: 0

[2020-02-18T08:25:06-08:00]
rchar: 48575474034
wchar: 38465634916
syscr: 17190694
syscw: 2165072
read_bytes: 28036051456
write_bytes: 38548525056
cancelled_write_bytes: 0

[2020-02-18T08:25:09-08:00]
rchar: 48830419778
wchar: 38626611992
syscr: 17283552
syscw: 2178509
read_bytes: 28103406080
write_bytes: 38709755904
cancelled_write_bytes: 0

[2020-02-18T08:25:12-08:00]
rchar: 48930629079
wchar: 38719568640
syscr: 17319896
syscw: 2185591
read_bytes: 28131344896
write_bytes: 38803480576
cancelled_write_bytes: 0

[2020-02-18T08:25:15-08:00]
rchar: 49060137195
wchar: 38824508908
syscr: 17366573
syscw: 2193672
read_bytes: 28167139840
write_bytes: 38908837888
cancelled_write_bytes: 0

[2020-02-18T08:25:18-08:00]
rchar: 49354489688
wchar: 39032900105
syscr: 17471540
syscw: 2207312
read_bytes: 28250640896
write_bytes: 39117434880
cancelled_write_bytes: 0

[2020-02-18T08:25:21-08:00]
rchar: 49554151421
wchar: 39194315906
syscr: 17544585
syscw: 2216786
read_bytes: 28304458240
write_bytes: 39279185920
cancelled_write_bytes: 0

[2020-02-18T08:25:24-08:00]
rchar: 49687191598
wchar: 39275288744
syscr: 17592813
syscw: 2225120
read_bytes: 28339597824
write_bytes: 39360868352
cancelled_write_bytes: 0

[2020-02-18T08:25:27-08:00]
rchar: 49855767174
wchar: 39433102303
syscr: 17653309
syscw: 2234304
read_bytes: 28386447872
write_bytes: 39518949376
cancelled_write_bytes: 0

[2020-02-18T08:25:30-08:00]
rchar: 50113141654
wchar: 39625172437
syscr: 17744254
syscw: 2245951
read_bytes: 28461842944
write_bytes: 39711227904
cancelled_write_bytes: 0

[2020-02-18T08:25:33-08:00]
rchar: 50429071987
wchar: 39837153384
syscr: 17853404
syscw: 2256158
read_bytes: 28554420736
write_bytes: 39923367936
cancelled_write_bytes: 0

[2020-02-18T08:25:36-08:00]
rchar: 50651603064
wchar: 40076959845
syscr: 17932100
syscw: 2264936
read_bytes: 28614902272
write_bytes: 40163270656
cancelled_write_bytes: 0

[2020-02-18T08:25:39-08:00]
rchar: 50941689573
wchar: 40261107921
syscr: 18034579
syscw: 2276923
read_bytes: 28689367552
write_bytes: 40347688960
cancelled_write_bytes: 0

[2020-02-18T08:25:42-08:00]
rchar: 51096453712
wchar: 40361354750
syscr: 18090582
syscw: 2286962
read_bytes: 28727603712
write_bytes: 40448581632
cancelled_write_bytes: 0

[2020-02-18T08:25:45-08:00]
rchar: 51349321187
wchar: 40520894090
syscr: 18180009
syscw: 2295774
read_bytes: 28795707904
write_bytes: 40608333824
cancelled_write_bytes: 0

[2020-02-18T08:25:48-08:00]
rchar: 51515332280
wchar: 40691066070
syscr: 18240981
syscw: 2303362
read_bytes: 28834898432
write_bytes: 40778821632
cancelled_write_bytes: 0

[2020-02-18T08:25:51-08:00]
rchar: 51808230959
wchar: 40854362680
syscr: 18348590
syscw: 2315680
read_bytes: 28898451968
write_bytes: 40942440448
cancelled_write_bytes: 0

[2020-02-18T08:25:54-08:00]
rchar: 51935082329
wchar: 40959296836
syscr: 18394816
syscw: 2322312
read_bytes: 28927758848
write_bytes: 41048559616
cancelled_write_bytes: 0

[2020-02-18T08:25:57-08:00]
rchar: 52140422792
wchar: 41130230005
syscr: 18467539
syscw: 2332458
read_bytes: 28981498368
write_bytes: 41219661824
cancelled_write_bytes: 0

[2020-02-18T08:26:00-08:00]
rchar: 52389685226
wchar: 41305903588
syscr: 18556328
syscw: 2341586
read_bytes: 29045322240
write_bytes: 41395527680
cancelled_write_bytes: 0

[2020-02-18T08:26:03-08:00]
rchar: 52590884866
wchar: 41423623202
syscr: 18633202
syscw: 2349155
read_bytes: 29089923584
write_bytes: 41513820160
cancelled_write_bytes: 0

[2020-02-18T08:26:06-08:00]
rchar: 52772034152
wchar: 41519088459
syscr: 18694595
syscw: 2356601
read_bytes: 29141430784
write_bytes: 41609711616
cancelled_write_bytes: 0

[2020-02-18T08:26:09-08:00]
rchar: 52982307231
wchar: 41667960184
syscr: 18768351
syscw: 2367824
read_bytes: 29195952640
write_bytes: 41758994432
cancelled_write_bytes: 0

[2020-02-18T08:26:12-08:00]
rchar: 53149094952
wchar: 41788305294
syscr: 18826034
syscw: 2375493
read_bytes: 29240840704
write_bytes: 41898217472
cancelled_write_bytes: 0

[2020-02-18T08:26:15-08:00]
rchar: 53376290757
wchar: 42016236428
syscr: 18903763
syscw: 2385714
read_bytes: 29304041984
write_bytes: 42107633664
cancelled_write_bytes: 0

[2020-02-18T08:26:18-08:00]
rchar: 53554894735
wchar: 42181391414
syscr: 18966246
syscw: 2394970
read_bytes: 29351879168
write_bytes: 42272985088
cancelled_write_bytes: 0

[2020-02-18T08:26:21-08:00]
rchar: 53880309190
wchar: 42434726867
syscr: 19077143
syscw: 2406271
read_bytes: 29442175488
write_bytes: 42526461952
cancelled_write_bytes: 0

[2020-02-18T08:26:24-08:00]
rchar: 54197060554
wchar: 42649611192
syscr: 19185410
syscw: 2417197
read_bytes: 29523264000
write_bytes: 42741510144
cancelled_write_bytes: 0

[2020-02-18T08:26:27-08:00]
rchar: 54462250262
wchar: 42830881167
syscr: 19275543
syscw: 2426781
read_bytes: 29588623872
write_bytes: 42922938368
cancelled_write_bytes: 0

[2020-02-18T08:26:30-08:00]
rchar: 54718141228
wchar: 43037057208
syscr: 19364953
syscw: 2438517
read_bytes: 29650072064
write_bytes: 43129495552
cancelled_write_bytes: 0

[2020-02-18T08:26:33-08:00]
rchar: 54913747454
wchar: 43212023243
syscr: 19434081
syscw: 2448595
read_bytes: 29694960128
write_bytes: 43304714240
cancelled_write_bytes: 0

[2020-02-18T08:26:36-08:00]
rchar: 55107110898
wchar: 43370042196
syscr: 19503463
syscw: 2459896
read_bytes: 29738594816
write_bytes: 43462938624
cancelled_write_bytes: 0

[2020-02-18T08:26:39-08:00]
rchar: 55450614599
wchar: 43583975490
syscr: 19624030
syscw: 2473167
read_bytes: 29823812096
write_bytes: 43677024256
cancelled_write_bytes: 0

[2020-02-18T08:26:42-08:00]
rchar: 55633222602
wchar: 43747339818
syscr: 19688567
syscw: 2480058
read_bytes: 29865550336
write_bytes: 43840516096
cancelled_write_bytes: 0

[2020-02-18T08:26:45-08:00]
rchar: 55967241216
wchar: 43967063088
syscr: 19804977
syscw: 2489842
read_bytes: 29940859392
write_bytes: 44060704768
cancelled_write_bytes: 0

[2020-02-18T08:26:48-08:00]
rchar: 56049708391
wchar: 44060279612
syscr: 19833715
syscw: 2490763
read_bytes: 29960573440
write_bytes: 44154769408
cancelled_write_bytes: 0

[2020-02-18T08:26:51-08:00]
rchar: 56265566165
wchar: 44210007994
syscr: 19906277
syscw: 2497696
read_bytes: 30022013440
write_bytes: 44305018880
cancelled_write_bytes: 0

[2020-02-18T08:26:54-08:00]
rchar: 56537156822
wchar: 44434322523
syscr: 19998305
syscw: 2508004
read_bytes: 30092423680
write_bytes: 44529532928
cancelled_write_bytes: 0

[2020-02-18T08:26:57-08:00]
rchar: 56886946976
wchar: 44762257689
syscr: 20116178
syscw: 2517039
read_bytes: 30183281152
write_bytes: 44857573376
cancelled_write_bytes: 0

[2020-02-18T08:27:00-08:00]
rchar: 57260588071
wchar: 45008631115
syscr: 20244621
syscw: 2529408
read_bytes: 30272008704
write_bytes: 45104087040
cancelled_write_bytes: 0

[2020-02-18T08:27:03-08:00]
rchar: 57405830243
wchar: 45139750616
syscr: 20295199
syscw: 2534315
read_bytes: 30307672576
write_bytes: 45235306496
cancelled_write_bytes: 0

[2020-02-18T08:27:06-08:00]
rchar: 57555765315
wchar: 45302160724
syscr: 20348356
syscw: 2543326
read_bytes: 30337290752
write_bytes: 45397954560
cancelled_write_bytes: 0

[2020-02-18T08:27:09-08:00]
rchar: 57833003939
wchar: 45451146254
syscr: 20443355
syscw: 2553322
read_bytes: 30397895168
write_bytes: 45547065344
cancelled_write_bytes: 0

[2020-02-18T08:27:12-08:00]
rchar: 58030389781
wchar: 45642082029
syscr: 20514653
syscw: 2563355
read_bytes: 30432911872
write_bytes: 45738508288
cancelled_write_bytes: 0

[2020-02-18T08:27:15-08:00]
rchar: 58209634239
wchar: 45737495464
syscr: 20578881
syscw: 2574999
read_bytes: 30466052608
write_bytes: 45834317824
cancelled_write_bytes: 0

[2020-02-18T08:27:18-08:00]
rchar: 58448480385
wchar: 45933099343
syscr: 20662633
syscw: 2586199
read_bytes: 30516109824
write_bytes: 46030118912
cancelled_write_bytes: 0

[2020-02-18T08:27:21-08:00]
rchar: 58746659436
wchar: 46127400128
syscr: 20766483
syscw: 2599338
read_bytes: 30578479616
write_bytes: 46224633856
cancelled_write_bytes: 0

[2020-02-18T08:27:24-08:00]
rchar: 58960432684
wchar: 46289002790
syscr: 20842451
syscw: 2609936
read_bytes: 30618366464
write_bytes: 46386528256
cancelled_write_bytes: 0

[2020-02-18T08:27:27-08:00]
rchar: 59216183687
wchar: 46451863752
syscr: 20930913
syscw: 2620531
read_bytes: 30670803456
write_bytes: 46549897216
cancelled_write_bytes: 0

[2020-02-18T08:27:30-08:00]
rchar: 59482109683
wchar: 46643551621
syscr: 21024845
syscw: 2628943
read_bytes: 30725235200
write_bytes: 46742142976
cancelled_write_bytes: 0

[2020-02-18T08:27:33-08:00]
rchar: 59563345429
wchar: 46715730130
syscr: 21051722
syscw: 2630765
read_bytes: 30747234816
write_bytes: 46814814208
cancelled_write_bytes: 0

[2020-02-18T08:27:36-08:00]
rchar: 59826246312
wchar: 46956633061
syscr: 21142946
syscw: 2641896
read_bytes: 30805987840
write_bytes: 47055941632
cancelled_write_bytes: 0

[2020-02-18T08:27:39-08:00]
rchar: 60020087019
wchar: 47121512305
syscr: 21211335
syscw: 2650427
read_bytes: 30846480896
write_bytes: 47220977664
cancelled_write_bytes: 0

[2020-02-18T08:27:42-08:00]
rchar: 60273883825
wchar: 47324326690
syscr: 21300240
syscw: 2662360
read_bytes: 30896558592
write_bytes: 47424004096
cancelled_write_bytes: 0

[2020-02-18T08:27:45-08:00]
rchar: 60545370754
wchar: 47459645380
syscr: 21396449
syscw: 2673238
read_bytes: 30948254208
write_bytes: 47559839744
cancelled_write_bytes: 0

[2020-02-18T08:27:48-08:00]
rchar: 60734832945
wchar: 47586370492
syscr: 21463375
syscw: 2681192
read_bytes: 30985634304
write_bytes: 47687045120
cancelled_write_bytes: 0

[2020-02-18T08:27:51-08:00]
rchar: 60913947497
wchar: 47736131859
syscr: 21526585
syscw: 2691754
read_bytes: 31020712448
write_bytes: 47837044736
cancelled_write_bytes: 0

[2020-02-18T08:27:54-08:00]
rchar: 61099523899
wchar: 47925121739
syscr: 21592232
syscw: 2701202
read_bytes: 31058231808
write_bytes: 48026275840
cancelled_write_bytes: 0

[2020-02-18T08:27:57-08:00]
rchar: 61285860009
wchar: 48081486291
syscr: 21659084
syscw: 2711262
read_bytes: 31092412928
write_bytes: 48182853632
cancelled_write_bytes: 0

[2020-02-18T08:28:00-08:00]
rchar: 61458627393
wchar: 48153048917
syscr: 21720719
syscw: 2721211
read_bytes: 31121560064
write_bytes: 48254971904
cancelled_write_bytes: 0

[2020-02-18T08:28:03-08:00]
rchar: 61627755518
wchar: 48256775046
syscr: 21781875
syscw: 2730607
read_bytes: 31150797312
write_bytes: 48359100416
cancelled_write_bytes: 0

[2020-02-18T08:28:06-08:00]
rchar: 61895604909
wchar: 48456427113
syscr: 21874745
syscw: 2743574
read_bytes: 31204499968
write_bytes: 48559017984
cancelled_write_bytes: 0

[2020-02-18T08:28:09-08:00]
rchar: 62143445328
wchar: 48673585401
syscr: 21962344
syscw: 2757353
read_bytes: 31247938048
write_bytes: 48776577024
cancelled_write_bytes: 0

[2020-02-18T08:28:12-08:00]
rchar: 62354525095
wchar: 48793061549
syscr: 22036259
syscw: 2766864
read_bytes: 31286841856
write_bytes: 48896253952
cancelled_write_bytes: 0

[2020-02-18T08:28:15-08:00]
rchar: 62526401723
wchar: 48990662540
syscr: 22097601
syscw: 2776916
read_bytes: 31312867840
write_bytes: 49094172672
cancelled_write_bytes: 0

[2020-02-18T08:28:18-08:00]
rchar: 62636345565
wchar: 49070196356
syscr: 22134873
syscw: 2779789
read_bytes: 31337251328
write_bytes: 49174179840
cancelled_write_bytes: 0

[2020-02-18T08:28:21-08:00]
rchar: 62865177604
wchar: 49298716914
syscr: 22208597
syscw: 2783684
read_bytes: 31393268224
write_bytes: 49402904576
cancelled_write_bytes: 0

[2020-02-18T08:28:24-08:00]
rchar: 63285197238
wchar: 49577171239
syscr: 22350930
syscw: 2796161
read_bytes: 31478817280
write_bytes: 49681457152
cancelled_write_bytes: 0

[2020-02-18T08:28:27-08:00]
rchar: 63559749436
wchar: 49775056937
syscr: 22447478
syscw: 2808520
read_bytes: 31524520448
write_bytes: 49879584768
cancelled_write_bytes: 0

[2020-02-18T08:28:30-08:00]
rchar: 63764311859
wchar: 49951825936
syscr: 22520392
syscw: 2819864
read_bytes: 31555441152
write_bytes: 50056617984
cancelled_write_bytes: 0

[2020-02-18T08:28:33-08:00]
rchar: 63985596473
wchar: 50116804635
syscr: 22599503
syscw: 2829820
read_bytes: 31588397568
write_bytes: 50221821952
cancelled_write_bytes: 0

[2020-02-18T08:28:36-08:00]
rchar: 64174555471
wchar: 50233469712
syscr: 22666277
syscw: 2838696
read_bytes: 31618445824
write_bytes: 50339123200
cancelled_write_bytes: 0

[2020-02-18T08:28:39-08:00]
rchar: 64418437785
wchar: 50402768141
syscr: 22751594
syscw: 2844331
read_bytes: 31660626432
write_bytes: 50508656640
cancelled_write_bytes: 0

[2020-02-18T08:28:42-08:00]
rchar: 64664505584
wchar: 50601794102
syscr: 22838586
syscw: 2851201
read_bytes: 31703147008
write_bytes: 50708176896
cancelled_write_bytes: 0

[2020-02-18T08:28:45-08:00]
rchar: 64718679996
wchar: 50645111194
syscr: 22856813
syscw: 2851763
read_bytes: 31716266496
write_bytes: 50751840256
cancelled_write_bytes: 0

[2020-02-18T08:28:48-08:00]
rchar: 64842911018
wchar: 50757046604
syscr: 22899898
syscw: 2858363
read_bytes: 31737983488
write_bytes: 50864500736
cancelled_write_bytes: 0

[2020-02-18T08:28:51-08:00]
rchar: 65065885346
wchar: 50910718839
syscr: 22980136
syscw: 2871951
read_bytes: 31770468864
write_bytes: 51018436608
cancelled_write_bytes: 0

[2020-02-18T08:28:54-08:00]
rchar: 65365809846
wchar: 51132447359
syscr: 23082400
syscw: 2879096
read_bytes: 31826457088
write_bytes: 51240378368
cancelled_write_bytes: 0

[2020-02-18T08:28:57-08:00]
rchar: 65497511491
wchar: 51303929491
syscr: 23128982
syscw: 2885108
read_bytes: 31847596544
write_bytes: 51412099072
cancelled_write_bytes: 0

[2020-02-18T08:29:00-08:00]
rchar: 65776248080
wchar: 51442326278
syscr: 23229850
syscw: 2899428
read_bytes: 31888323072
write_bytes: 51550752768
cancelled_write_bytes: 0

[2020-02-18T08:29:03-08:00]
rchar: 65898647439
wchar: 51552758734
syscr: 23274396
syscw: 2904699
read_bytes: 31904203264
write_bytes: 51661684736
cancelled_write_bytes: 0

[2020-02-18T08:29:06-08:00]
rchar: 66099685115
wchar: 51721540766
syscr: 23347135
syscw: 2915884
read_bytes: 31933047296
write_bytes: 51831074816
cancelled_write_bytes: 0

[2020-02-18T08:29:09-08:00]
rchar: 66353665744
wchar: 51843112073
syscr: 23437842
syscw: 2926546
read_bytes: 31969980928
write_bytes: 51952848896
cancelled_write_bytes: 0

[2020-02-18T08:29:12-08:00]
rchar: 66579109880
wchar: 52059094062
syscr: 23519095
syscw: 2932281
read_bytes: 32002855424
write_bytes: 52169146368
cancelled_write_bytes: 0

[2020-02-18T08:29:15-08:00]
rchar: 66767023780
wchar: 52182527293
syscr: 23587811
syscw: 2941809
read_bytes: 32026247680
write_bytes: 52293406720
cancelled_write_bytes: 0

[2020-02-18T08:29:18-08:00]
rchar: 66933716846
wchar: 52272227807
syscr: 23648150
syscw: 2949703
read_bytes: 32048202240
write_bytes: 52384063488
cancelled_write_bytes: 0

[2020-02-18T08:29:21-08:00]
rchar: 67123349263
wchar: 52420550199
syscr: 23716420
syscw: 2959576
read_bytes: 32071995904
write_bytes: 52532973568
cancelled_write_bytes: 0

[2020-02-18T08:29:24-08:00]
rchar: 67346688032
wchar: 52593351329
syscr: 23797451
syscw: 2973368
read_bytes: 32099611136
write_bytes: 52706103296
cancelled_write_bytes: 0

[2020-02-18T08:29:28-08:00]
rchar: 67548488037
wchar: 52764734874
syscr: 23871188
syscw: 2985052
read_bytes: 32125837824
write_bytes: 52877836288
cancelled_write_bytes: 0

[2020-02-18T08:29:31-08:00]
rchar: 67712073441
wchar: 52870310630
syscr: 23931279
syscw: 2990815
read_bytes: 32147468800
write_bytes: 52984295424
cancelled_write_bytes: 0

[2020-02-18T08:29:34-08:00]
rchar: 67960286016
wchar: 53043082855
syscr: 24019229
syscw: 3002883
read_bytes: 32180892160
write_bytes: 53157535744
cancelled_write_bytes: 0

[2020-02-18T08:29:37-08:00]
rchar: 68280277297
wchar: 53272030337
syscr: 24128662
syscw: 3011057
read_bytes: 32231985664
write_bytes: 53386625024
cancelled_write_bytes: 0

[2020-02-18T08:29:40-08:00]
rchar: 68481428840
wchar: 53465960696
syscr: 24201137
syscw: 3018166
read_bytes: 32255918592
write_bytes: 53580886016
cancelled_write_bytes: 0

[2020-02-18T08:29:43-08:00]
rchar: 68586914841
wchar: 53561564559
syscr: 24239623
syscw: 3024841
read_bytes: 32270053888
write_bytes: 53677449216
cancelled_write_bytes: 0

[2020-02-18T08:29:46-08:00]
rchar: 68811062946
wchar: 53677586530
syscr: 24320619
syscw: 3037948
read_bytes: 32296485376
write_bytes: 53793812480
cancelled_write_bytes: 0

[2020-02-18T08:29:49-08:00]
rchar: 69062848874
wchar: 53873932978
syscr: 24409698
syscw: 3047409
read_bytes: 32331469312
write_bytes: 53990416384
cancelled_write_bytes: 0

[2020-02-18T08:29:52-08:00]
rchar: 69285249644
wchar: 54097661691
syscr: 24487795
syscw: 3052434
read_bytes: 32362697216
write_bytes: 54214348800
cancelled_write_bytes: 0

[2020-02-18T08:29:55-08:00]
rchar: 69514100090
wchar: 54232923268
syscr: 24572307
syscw: 3060821
read_bytes: 32387367424
write_bytes: 54349828096
cancelled_write_bytes: 0

[2020-02-18T08:29:58-08:00]
rchar: 69703695511
wchar: 54377902176
syscr: 24640947
syscw: 3070215
read_bytes: 32408834560
write_bytes: 54495678464
cancelled_write_bytes: 0

[2020-02-18T08:30:01-08:00]
rchar: 69899397414
wchar: 54517599970
syscr: 24712519
syscw: 3082959
read_bytes: 32430350848
write_bytes: 54636138496
cancelled_write_bytes: 0

[2020-02-18T08:30:04-08:00]
rchar: 70117844548
wchar: 54643004557
syscr: 24793040
syscw: 3096745
read_bytes: 32451809792
write_bytes: 54761836544
cancelled_write_bytes: 0

[2020-02-18T08:30:07-08:00]
rchar: 70336567664
wchar: 54793856222
syscr: 24873564
syscw: 3101766
read_bytes: 32476168704
write_bytes: 54913163264
cancelled_write_bytes: 0

[2020-02-18T08:30:10-08:00]
rchar: 70433830299
wchar: 54885566991
syscr: 24907160
syscw: 3102556
read_bytes: 32493498880
write_bytes: 55005769728
cancelled_write_bytes: 0

[2020-02-18T08:30:13-08:00]
rchar: 70526906962
wchar: 54976403687
syscr: 24938840
syscw: 3104852
read_bytes: 32509477376
write_bytes: 55097409536
cancelled_write_bytes: 0

[2020-02-18T08:30:16-08:00]
rchar: 70857021668
wchar: 55156930473
syscr: 25056572
syscw: 3118834
read_bytes: 32551772672
write_bytes: 55278579712
cancelled_write_bytes: 0

[2020-02-18T08:30:19-08:00]
rchar: 70993917249
wchar: 55333316497
syscr: 25104733
syscw: 3124649
read_bytes: 32570495488
write_bytes: 55455186944
cancelled_write_bytes: 0

[2020-02-18T08:30:22-08:00]
rchar: 71205738202
wchar: 55515335018
syscr: 25179908
syscw: 3132362
read_bytes: 32597197312
write_bytes: 55637422080
cancelled_write_bytes: 0

[2020-02-18T08:30:25-08:00]
rchar: 71511716795
wchar: 55699566829
syscr: 25290336
syscw: 3142485
read_bytes: 32629473792
write_bytes: 55822262272
cancelled_write_bytes: 0

[2020-02-18T08:30:28-08:00]
rchar: 71635854251
wchar: 55793796744
syscr: 25334394
syscw: 3146030
read_bytes: 32648012288
write_bytes: 55917129728
cancelled_write_bytes: 0

[2020-02-18T08:30:31-08:00]
rchar: 71866887947
wchar: 55906248624
syscr: 25416922
syscw: 3160132
read_bytes: 32674734592
write_bytes: 56030031872
cancelled_write_bytes: 0

[2020-02-18T08:30:34-08:00]
rchar: 72102934489
wchar: 56070800531
syscr: 25499818
syscw: 3169939
read_bytes: 32704229888
write_bytes: 56194981888
cancelled_write_bytes: 0

[2020-02-18T08:30:37-08:00]
rchar: 72296423911
wchar: 56282947303
syscr: 25568916
syscw: 3180391
read_bytes: 32725332480
write_bytes: 56415109120
cancelled_write_bytes: 0

[2020-02-18T08:30:40-08:00]
rchar: 72518875105
wchar: 56460987005
syscr: 25648616
syscw: 3193853
read_bytes: 32748159488
write_bytes: 56585515008
cancelled_write_bytes: 0

[2020-02-18T08:30:43-08:00]
rchar: 72740421706
wchar: 56577224989
syscr: 25727538
syscw: 3204533
read_bytes: 32772452864
write_bytes: 56702337024
cancelled_write_bytes: 0

[2020-02-18T08:30:46-08:00]
rchar: 72868200128
wchar: 56649747267
syscr: 25772481
syscw: 3209458
read_bytes: 32788677120
write_bytes: 56775176192
cancelled_write_bytes: 0

[2020-02-18T08:30:49-08:00]
rchar: 73017892287
wchar: 56871617500
syscr: 25823361
syscw: 3213320
read_bytes: 32809046528
write_bytes: 56997335040
cancelled_write_bytes: 0

[2020-02-18T08:30:52-08:00]
rchar: 73435838489
wchar: 57094878348
syscr: 25969845
syscw: 3226640
read_bytes: 32856891904
write_bytes: 57220739072
cancelled_write_bytes: 0

[2020-02-18T08:30:55-08:00]
rchar: 73585632015
wchar: 57240462125
syscr: 26024600
syscw: 3232251
read_bytes: 32874758656
write_bytes: 57367134208
cancelled_write_bytes: 0

[2020-02-18T08:30:58-08:00]
rchar: 73755494673
wchar: 57344857048
syscr: 26084394
syscw: 3238187
read_bytes: 32895001088
write_bytes: 57472122880
cancelled_write_bytes: 0

[2020-02-18T08:31:01-08:00]
rchar: 73900285769
wchar: 57514806067
syscr: 26134567
syscw: 3243934
read_bytes: 32913392128
write_bytes: 57642467328
cancelled_write_bytes: 0

[2020-02-18T08:31:04-08:00]
rchar: 74119356973
wchar: 57633058434
syscr: 26213143
syscw: 3257711
read_bytes: 32933511680
write_bytes: 57760907264
cancelled_write_bytes: 0

[2020-02-18T08:31:07-08:00]
rchar: 74331929924
wchar: 57793715511
syscr: 26289007
syscw: 3266584
read_bytes: 32955478528
write_bytes: 57922297856
cancelled_write_bytes: 0

[2020-02-18T08:31:10-08:00]
rchar: 74454843429
wchar: 57938226708
syscr: 26331933
syscw: 3272013
read_bytes: 32971960832
write_bytes: 58067386368
cancelled_write_bytes: 0

[2020-02-18T08:31:13-08:00]
rchar: 74738204448
wchar: 58185434408
syscr: 26427938
syscw: 3284490
read_bytes: 33009123840
write_bytes: 58314788864
cancelled_write_bytes: 0

[2020-02-18T08:31:16-08:00]
rchar: 74970187015
wchar: 58380431847
syscr: 26507433
syscw: 3297664
read_bytes: 33039417856
write_bytes: 58510053376
cancelled_write_bytes: 0

[2020-02-18T08:31:19-08:00]
rchar: 75110805690
wchar: 58515105496
syscr: 26552805
syscw: 3302030
read_bytes: 33063748096
write_bytes: 58644938752
cancelled_write_bytes: 0

[2020-02-18T08:31:22-08:00]
rchar: 75192451828
wchar: 58658424666
syscr: 26578200
syscw: 3302866
read_bytes: 33078383104
write_bytes: 58788466688
cancelled_write_bytes: 0

[2020-02-18T08:31:25-08:00]
rchar: 75334212910
wchar: 58806792018
syscr: 26621356
syscw: 3302982
read_bytes: 33105314304
write_bytes: 58937081856
cancelled_write_bytes: 0

[2020-02-18T08:31:28-08:00]
rchar: 75334212986
wchar: 58807698168
syscr: 26621375
syscw: 3303035
read_bytes: 33105314304
write_bytes: 58938114048
cancelled_write_bytes: 0

[2020-02-18T08:31:31-08:00]
rchar: 75334212986
wchar: 58807698168
syscr: 26621375
syscw: 3303035
read_bytes: 33105314304
write_bytes: 58938114048
cancelled_write_bytes: 0

[2020-02-18T08:31:34-08:00]
rchar: 75334212986
wchar: 58807698168
syscr: 26621375
syscw: 3303035
read_bytes: 33105314304
write_bytes: 58938114048
cancelled_write_bytes: 0

[2020-02-18T08:31:37-08:00]
rchar: 75334212986
wchar: 58807698168
syscr: 26621375
syscw: 3303035
read_bytes: 33105314304
write_bytes: 58938114048
cancelled_write_bytes: 0

