[2020-01-23T14:49:06-08:00]
rchar: 16583973
wchar: 209
syscr: 2824
syscw: 10
read_bytes: 708608
write_bytes: 53248
cancelled_write_bytes: 0

[2020-01-23T14:49:09-08:00]
rchar: 16583973
wchar: 209
syscr: 2824
syscw: 10
read_bytes: 708608
write_bytes: 53248
cancelled_write_bytes: 0

[2020-01-23T14:49:12-08:00]
rchar: 16583973
wchar: 209
syscr: 2824
syscw: 10
read_bytes: 708608
write_bytes: 69632
cancelled_write_bytes: 0

[2020-01-23T14:49:15-08:00]
rchar: 16583973
wchar: 209
syscr: 2824
syscw: 10
read_bytes: 708608
write_bytes: 69632
cancelled_write_bytes: 0

[2020-01-23T14:49:18-08:00]
rchar: 16583973
wchar: 209
syscr: 2824
syscw: 10
read_bytes: 708608
write_bytes: 77824
cancelled_write_bytes: 0

[2020-01-23T14:49:21-08:00]
rchar: 16583973
wchar: 209
syscr: 2824
syscw: 10
read_bytes: 708608
write_bytes: 77824
cancelled_write_bytes: 0

[2020-01-23T14:49:24-08:00]
rchar: 16583973
wchar: 209
syscr: 2824
syscw: 10
read_bytes: 708608
write_bytes: 77824
cancelled_write_bytes: 0

[2020-01-23T14:49:27-08:00]
rchar: 16583973
wchar: 209
syscr: 2824
syscw: 10
read_bytes: 708608
write_bytes: 86016
cancelled_write_bytes: 0

[2020-01-23T14:49:30-08:00]
rchar: 16583973
wchar: 209
syscr: 2824
syscw: 10
read_bytes: 708608
write_bytes: 86016
cancelled_write_bytes: 0

[2020-01-23T14:49:33-08:00]
rchar: 77425875
wchar: 8275336
syscr: 5855
syscw: 1261
read_bytes: 72381952
write_bytes: 8388608
cancelled_write_bytes: 0

[2020-01-23T14:49:36-08:00]
rchar: 453279320
wchar: 259018828
syscr: 29480
syscw: 6453
read_bytes: 506841600
write_bytes: 259149824
cancelled_write_bytes: 0

[2020-01-23T14:49:39-08:00]
rchar: 1005868008
wchar: 468082672
syscr: 96498
syscw: 32067
read_bytes: 1286011392
write_bytes: 468217856
cancelled_write_bytes: 0

[2020-01-23T14:49:42-08:00]
rchar: 1516741068
wchar: 747496990
syscr: 158363
syscw: 43183
read_bytes: 1658124800
write_bytes: 747651072
cancelled_write_bytes: 0

[2020-01-23T14:49:45-08:00]
rchar: 2322153734
wchar: 896647565
syscr: 256025
syscw: 56884
read_bytes: 2162502144
write_bytes: 896802816
cancelled_write_bytes: 0

[2020-01-23T14:49:48-08:00]
rchar: 3232074658
wchar: 1371407247
syscr: 366271
syscw: 66557
read_bytes: 2455316992
write_bytes: 1371594752
cancelled_write_bytes: 0

[2020-01-23T14:49:51-08:00]
rchar: 3916676817
wchar: 1681411759
syscr: 449286
syscw: 73105
read_bytes: 2620246528
write_bytes: 1681612800
cancelled_write_bytes: 0

[2020-01-23T14:49:54-08:00]
rchar: 4638713778
wchar: 1857884137
syscr: 536598
syscw: 83483
read_bytes: 2983283200
write_bytes: 1858121728
cancelled_write_bytes: 0

[2020-01-23T14:49:57-08:00]
rchar: 5891941904
wchar: 2192150512
syscr: 688473
syscw: 99757
read_bytes: 3479640576
write_bytes: 2192412672
cancelled_write_bytes: 0

[2020-01-23T14:50:00-08:00]
rchar: 6805039862
wchar: 2480054164
syscr: 799196
syscw: 110773
read_bytes: 3824826880
write_bytes: 2480336896
cancelled_write_bytes: 0

[2020-01-23T14:50:03-08:00]
rchar: 8977356429
wchar: 2679495890
syscr: 1062511
syscw: 127330
read_bytes: 4413528576
write_bytes: 2679795712
cancelled_write_bytes: 0

[2020-01-23T14:50:06-08:00]
rchar: 10042782821
wchar: 2943560023
syscr: 1191612
syscw: 136547
read_bytes: 4673133056
write_bytes: 2943901696
cancelled_write_bytes: 0

[2020-01-23T14:50:09-08:00]
rchar: 12691217169
wchar: 3139347801
syscr: 1512730
syscw: 153090
read_bytes: 5227280896
write_bytes: 3139682304
cancelled_write_bytes: 0

[2020-01-23T14:50:12-08:00]
rchar: 13996369585
wchar: 3534482339
syscr: 1670892
syscw: 162510
read_bytes: 5432244736
write_bytes: 3534839808
cancelled_write_bytes: 0

[2020-01-23T14:50:15-08:00]
rchar: 15996036496
wchar: 4016176533
syscr: 1913351
syscw: 173428
read_bytes: 5701954048
write_bytes: 4016558080
cancelled_write_bytes: 0

[2020-01-23T14:50:18-08:00]
rchar: 17708935108
wchar: 4442923802
syscr: 2121036
syscw: 182891
read_bytes: 5929482752
write_bytes: 4443328512
cancelled_write_bytes: 0

[2020-01-23T14:50:21-08:00]
rchar: 17931653162
wchar: 4688344880
syscr: 2148044
syscw: 184634
read_bytes: 5948705280
write_bytes: 4688764928
cancelled_write_bytes: 0

[2020-01-23T14:50:24-08:00]
rchar: 19399378933
wchar: 5088338829
syscr: 2325415
syscw: 195856
read_bytes: 6226868736
write_bytes: 5088800768
cancelled_write_bytes: 0

[2020-01-23T14:50:27-08:00]
rchar: 20546303886
wchar: 5483337349
syscr: 2464441
syscw: 206799
read_bytes: 6513986048
write_bytes: 5483859968
cancelled_write_bytes: 0

[2020-01-23T14:50:30-08:00]
rchar: 21207869887
wchar: 5898256367
syscr: 2544655
syscw: 214366
read_bytes: 6674536960
write_bytes: 5898842112
cancelled_write_bytes: 0

[2020-01-23T14:50:33-08:00]
rchar: 22925146147
wchar: 6197524273
syscr: 2752764
syscw: 228237
read_bytes: 7046994432
write_bytes: 6198165504
cancelled_write_bytes: 0

[2020-01-23T14:50:36-08:00]
rchar: 24089084851
wchar: 6479396142
syscr: 2893892
syscw: 238369
read_bytes: 7325551104
write_bytes: 6480035840
cancelled_write_bytes: 0

[2020-01-23T14:50:39-08:00]
rchar: 26760831565
wchar: 6676109187
syscr: 3217749
syscw: 253626
read_bytes: 7821277696
write_bytes: 6676766720
cancelled_write_bytes: 0

[2020-01-23T14:50:42-08:00]
rchar: 27589079166
wchar: 6922227150
syscr: 3318091
syscw: 260398
read_bytes: 7972715008
write_bytes: 6923476992
cancelled_write_bytes: 0

[2020-01-23T14:50:45-08:00]
rchar: 29110777428
wchar: 7322116433
syscr: 3502594
syscw: 269886
read_bytes: 8148900352
write_bytes: 7322824704
cancelled_write_bytes: 0

[2020-01-23T14:50:48-08:00]
rchar: 30948158024
wchar: 7847220239
syscr: 3725378
syscw: 280002
read_bytes: 8355494400
write_bytes: 7847952384
cancelled_write_bytes: 0

[2020-01-23T14:50:51-08:00]
rchar: 32444948548
wchar: 8256174242
syscr: 3906873
syscw: 288805
read_bytes: 8529811968
write_bytes: 8256942080
cancelled_write_bytes: 4096

[2020-01-23T14:50:54-08:00]
rchar: 33326041699
wchar: 8702607845
syscr: 4013096
syscw: 297574
read_bytes: 8702085632
write_bytes: 8703942656
cancelled_write_bytes: 4096

[2020-01-23T14:50:57-08:00]
rchar: 34664595564
wchar: 9141637541
syscr: 4175374
syscw: 308418
read_bytes: 8948328960
write_bytes: 9142513664
cancelled_write_bytes: 4096

[2020-01-23T14:51:00-08:00]
rchar: 35629457121
wchar: 9442096799
syscr: 4292350
syscw: 317130
read_bytes: 9131887104
write_bytes: 9443049472
cancelled_write_bytes: 4096

[2020-01-23T14:51:03-08:00]
rchar: 36157252045
wchar: 9794054657
syscr: 4356255
syscw: 322335
read_bytes: 9211640320
write_bytes: 9795043328
cancelled_write_bytes: 4096

[2020-01-23T14:51:06-08:00]
rchar: 37978174749
wchar: 10093131175
syscr: 4577036
syscw: 335067
read_bytes: 9616574976
write_bytes: 10094149632
cancelled_write_bytes: 4096

[2020-01-23T14:51:09-08:00]
rchar: 39214864898
wchar: 10304632082
syscr: 4726988
syscw: 343985
read_bytes: 9907677696
write_bytes: 10305658880
cancelled_write_bytes: 4096

[2020-01-23T14:51:12-08:00]
rchar: 41350486966
wchar: 10687524113
syscr: 4985803
syscw: 356896
read_bytes: 10222127616
write_bytes: 10688593920
cancelled_write_bytes: 4096

[2020-01-23T14:51:15-08:00]
rchar: 43259632860
wchar: 10942961038
syscr: 5217283
syscw: 367811
read_bytes: 10508380672
write_bytes: 10944036864
cancelled_write_bytes: 4096

[2020-01-23T14:51:18-08:00]
rchar: 44609948753
wchar: 11319410985
syscr: 5380923
syscw: 376422
read_bytes: 10640202240
write_bytes: 11320512512
cancelled_write_bytes: 4096

[2020-01-23T14:51:21-08:00]
rchar: 46345371846
wchar: 11734279750
syscr: 5591344
syscw: 386489
read_bytes: 10810042880
write_bytes: 11735408640
cancelled_write_bytes: 4096

[2020-01-23T14:51:24-08:00]
rchar: 48484293262
wchar: 12248366333
syscr: 5850688
syscw: 398572
read_bytes: 11020511744
write_bytes: 12249534464
cancelled_write_bytes: 4096

[2020-01-23T14:51:27-08:00]
rchar: 49282737467
wchar: 12639901985
syscr: 5946922
syscw: 405274
read_bytes: 11128732160
write_bytes: 12641128448
cancelled_write_bytes: 4096

[2020-01-23T14:51:30-08:00]
rchar: 50760039526
wchar: 13075123346
syscr: 6126010
syscw: 417037
read_bytes: 11362527744
write_bytes: 13076406272
cancelled_write_bytes: 4096

[2020-01-23T14:51:33-08:00]
rchar: 51713727136
wchar: 13373482492
syscr: 6241634
syscw: 426388
read_bytes: 11514624512
write_bytes: 13374803968
cancelled_write_bytes: 4096

[2020-01-23T14:51:36-08:00]
rchar: 52441234986
wchar: 13759078533
syscr: 6329763
syscw: 433849
read_bytes: 11629410816
write_bytes: 13760446464
cancelled_write_bytes: 4096

[2020-01-23T14:51:39-08:00]
rchar: 54269998495
wchar: 14170539481
syscr: 6551476
syscw: 446765
read_bytes: 11920255488
write_bytes: 14171951104
cancelled_write_bytes: 4096

[2020-01-23T14:51:42-08:00]
rchar: 55799574078
wchar: 14530470768
syscr: 6736930
syscw: 457767
read_bytes: 12130646528
write_bytes: 14531932160
cancelled_write_bytes: 4096

[2020-01-23T14:51:45-08:00]
rchar: 56771169249
wchar: 14980563766
syscr: 6854623
syscw: 465502
read_bytes: 12238334464
write_bytes: 14982074368
cancelled_write_bytes: 4096

[2020-01-23T14:51:48-08:00]
rchar: 58297964174
wchar: 15239933672
syscr: 7039734
syscw: 475920
read_bytes: 12470667776
write_bytes: 15241482240
cancelled_write_bytes: 4096

[2020-01-23T14:51:51-08:00]
rchar: 60031986554
wchar: 15483617582
syscr: 7249985
syscw: 486162
read_bytes: 12778318336
write_bytes: 15485181952
cancelled_write_bytes: 4096

[2020-01-23T14:51:54-08:00]
rchar: 61472701846
wchar: 15969799418
syscr: 7424553
syscw: 496130
read_bytes: 12930161152
write_bytes: 15971393536
cancelled_write_bytes: 4096

[2020-01-23T14:51:57-08:00]
rchar: 63602921404
wchar: 16486338546
syscr: 7682842
syscw: 508420
read_bytes: 13120260608
write_bytes: 16488472576
cancelled_write_bytes: 4096

[2020-01-23T14:52:00-08:00]
rchar: 65521499080
wchar: 17026250842
syscr: 7915470
syscw: 518937
read_bytes: 13282687488
write_bytes: 17027915776
cancelled_write_bytes: 4096

[2020-01-23T14:52:03-08:00]
rchar: 65784511990
wchar: 17214478824
syscr: 7947361
syscw: 521493
read_bytes: 13308078592
write_bytes: 17216155648
cancelled_write_bytes: 4096

[2020-01-23T14:52:06-08:00]
rchar: 67214250558
wchar: 17640863816
syscr: 8120107
syscw: 533323
read_bytes: 13513009664
write_bytes: 17642672128
cancelled_write_bytes: 4096

[2020-01-23T14:52:09-08:00]
rchar: 68711138323
wchar: 18101666280
syscr: 8301576
syscw: 545535
read_bytes: 13727517184
write_bytes: 18103631872
cancelled_write_bytes: 4096

[2020-01-23T14:52:12-08:00]
rchar: 69479067029
wchar: 18524340725
syscr: 8394599
syscw: 553131
read_bytes: 13831272960
write_bytes: 18526171136
cancelled_write_bytes: 4096

[2020-01-23T14:52:15-08:00]
rchar: 70750677533
wchar: 18827700707
syscr: 8548744
syscw: 563630
read_bytes: 13986568704
write_bytes: 18829561856
cancelled_write_bytes: 4096

[2020-01-23T14:52:18-08:00]
rchar: 72553766807
wchar: 19255721611
syscr: 8767360
syscw: 576536
read_bytes: 14214175232
write_bytes: 19257638912
cancelled_write_bytes: 4096

[2020-01-23T14:52:21-08:00]
rchar: 73404689682
wchar: 19656379914
syscr: 8870432
syscw: 583824
read_bytes: 14313523712
write_bytes: 19658334208
cancelled_write_bytes: 4096

[2020-01-23T14:52:24-08:00]
rchar: 75491154576
wchar: 20085320772
syscr: 9123369
syscw: 596529
read_bytes: 14552349184
write_bytes: 20087353344
cancelled_write_bytes: 4096

[2020-01-23T14:52:27-08:00]
rchar: 77201379305
wchar: 20337593390
syscr: 9330736
syscw: 606696
read_bytes: 14821906944
write_bytes: 20339601408
cancelled_write_bytes: 4096

[2020-01-23T14:52:30-08:00]
rchar: 78522673033
wchar: 20713640487
syscr: 9490830
syscw: 615303
read_bytes: 14983195136
write_bytes: 20715679744
cancelled_write_bytes: 4096

[2020-01-23T14:52:33-08:00]
rchar: 80073713813
wchar: 21155326065
syscr: 9678895
syscw: 624728
read_bytes: 15102441984
write_bytes: 21157404672
cancelled_write_bytes: 4096

[2020-01-23T14:52:36-08:00]
rchar: 82175694378
wchar: 21695455969
syscr: 9933759
syscw: 636957
read_bytes: 15270898176
write_bytes: 21697568768
cancelled_write_bytes: 4096

[2020-01-23T14:52:39-08:00]
rchar: 83180840278
wchar: 22090667252
syscr: 10055634
syscw: 643816
read_bytes: 15356922368
write_bytes: 22092791808
cancelled_write_bytes: 4096

[2020-01-23T14:52:42-08:00]
rchar: 84263219876
wchar: 22388721076
syscr: 10186279
syscw: 652541
read_bytes: 15486732800
write_bytes: 22390898688
cancelled_write_bytes: 4096

[2020-01-23T14:52:45-08:00]
rchar: 85862193203
wchar: 22855364627
syscr: 10380133
syscw: 665447
read_bytes: 15688030720
write_bytes: 22857580544
cancelled_write_bytes: 4096

[2020-01-23T14:52:48-08:00]
rchar: 86706657433
wchar: 23196524664
syscr: 10482424
syscw: 673946
read_bytes: 15836793344
write_bytes: 23198785536
cancelled_write_bytes: 4096

[2020-01-23T14:52:51-08:00]
rchar: 88665276039
wchar: 23518993065
syscr: 10719882
syscw: 686292
read_bytes: 16134629888
write_bytes: 23521280000
cancelled_write_bytes: 4096

[2020-01-23T14:52:54-08:00]
rchar: 90036185728
wchar: 23740345234
syscr: 10886110
syscw: 695464
read_bytes: 16346475008
write_bytes: 23742652416
cancelled_write_bytes: 4096

[2020-01-23T14:52:57-08:00]
rchar: 91580641230
wchar: 24174179179
syscr: 11073269
syscw: 705958
read_bytes: 16521206272
write_bytes: 24176513024
cancelled_write_bytes: 4096

[2020-01-23T14:53:00-08:00]
rchar: 93293511541
wchar: 24543322301
syscr: 11280921
syscw: 717112
read_bytes: 16672041472
write_bytes: 24545697792
cancelled_write_bytes: 4096

[2020-01-23T14:53:03-08:00]
rchar: 94813685364
wchar: 24937207024
syscr: 11465225
syscw: 726346
read_bytes: 16801942016
write_bytes: 24939634688
cancelled_write_bytes: 4096

[2020-01-23T14:53:06-08:00]
rchar: 96511795348
wchar: 25492785214
syscr: 11671000
syscw: 737030
read_bytes: 16925305344
write_bytes: 25495257088
cancelled_write_bytes: 4096

[2020-01-23T14:53:09-08:00]
rchar: 98075343813
wchar: 25868934460
syscr: 11860580
syscw: 746518
read_bytes: 17035606528
write_bytes: 25871433728
cancelled_write_bytes: 4096

[2020-01-23T14:53:12-08:00]
rchar: 100349304835
wchar: 26446359492
syscr: 12136301
syscw: 759264
read_bytes: 17194498560
write_bytes: 26449387520
cancelled_write_bytes: 4096

[2020-01-23T14:53:15-08:00]
rchar: 101037333946
wchar: 26916573597
syscr: 12219249
syscw: 764143
read_bytes: 17233242624
write_bytes: 26919157760
cancelled_write_bytes: 4096

[2020-01-23T14:53:18-08:00]
rchar: 101484102195
wchar: 27346848364
syscr: 12273419
syscw: 767833
read_bytes: 17258781184
write_bytes: 27349495808
cancelled_write_bytes: 4096

[2020-01-23T14:53:21-08:00]
rchar: 102346550888
wchar: 27902253770
syscr: 12377762
syscw: 774054
read_bytes: 17305795072
write_bytes: 27904978944
cancelled_write_bytes: 4096

[2020-01-23T14:53:24-08:00]
rchar: 103542432610
wchar: 28204910628
syscr: 12522762
syscw: 785354
read_bytes: 17461533184
write_bytes: 28207697920
cancelled_write_bytes: 4096

[2020-01-23T14:53:27-08:00]
rchar: 104834835718
wchar: 28539120524
syscr: 12679464
syscw: 795847
read_bytes: 17657092608
write_bytes: 28541939712
cancelled_write_bytes: 4096

[2020-01-23T14:53:30-08:00]
rchar: 106127345578
wchar: 28948743625
syscr: 12836085
syscw: 805807
read_bytes: 17843919360
write_bytes: 28951605248
cancelled_write_bytes: 4096

[2020-01-23T14:53:33-08:00]
rchar: 107876679829
wchar: 29381234541
syscr: 13048155
syscw: 818244
read_bytes: 18016066048
write_bytes: 29384155136
cancelled_write_bytes: 4096

[2020-01-23T14:53:36-08:00]
rchar: 108832422849
wchar: 29646990110
syscr: 13164022
syscw: 827175
read_bytes: 18144033280
write_bytes: 29649932288
cancelled_write_bytes: 4096

[2020-01-23T14:53:39-08:00]
rchar: 110716770114
wchar: 29998585921
syscr: 13392418
syscw: 838682
read_bytes: 18374392320
write_bytes: 30001553408
cancelled_write_bytes: 4096

[2020-01-23T14:53:42-08:00]
rchar: 112887959506
wchar: 30424220544
syscr: 13655629
syscw: 851712
read_bytes: 18560829952
write_bytes: 30427234304
cancelled_write_bytes: 4096

[2020-01-23T14:53:45-08:00]
rchar: 113117423969
wchar: 30595624524
syscr: 13683457
syscw: 853656
read_bytes: 18574866944
write_bytes: 30598651904
cancelled_write_bytes: 4096

[2020-01-23T14:53:48-08:00]
rchar: 114982618789
wchar: 31134674066
syscr: 13909494
syscw: 865569
read_bytes: 18701638144
write_bytes: 31138762752
cancelled_write_bytes: 4096

[2020-01-23T14:53:51-08:00]
rchar: 117269645637
wchar: 31672575831
syscr: 14186796
syscw: 878935
read_bytes: 18854459904
write_bytes: 31675674624
cancelled_write_bytes: 4096

[2020-01-23T14:53:54-08:00]
rchar: 118696522301
wchar: 32059076652
syscr: 14359808
syscw: 887880
read_bytes: 18946169344
write_bytes: 32062205952
cancelled_write_bytes: 4096

[2020-01-23T14:53:57-08:00]
rchar: 119694534963
wchar: 32492046789
syscr: 14480242
syscw: 897640
read_bytes: 19057191424
write_bytes: 32495214592
cancelled_write_bytes: 4096

[2020-01-23T14:54:00-08:00]
rchar: 121397404262
wchar: 32958952019
syscr: 14686680
syscw: 911042
read_bytes: 19235609088
write_bytes: 32962174976
cancelled_write_bytes: 4096

[2020-01-23T14:54:03-08:00]
rchar: 122235970688
wchar: 33198743700
syscr: 14788354
syscw: 918213
read_bytes: 19324803584
write_bytes: 33201995776
cancelled_write_bytes: 4096

[2020-01-23T14:54:06-08:00]
rchar: 123144040700
wchar: 33612652640
syscr: 14898360
syscw: 926454
read_bytes: 19406260736
write_bytes: 33615962112
cancelled_write_bytes: 4096

[2020-01-23T14:54:09-08:00]
rchar: 125156603915
wchar: 34095944380
syscr: 15142332
syscw: 940153
read_bytes: 19580557824
write_bytes: 34100027392
cancelled_write_bytes: 4096

[2020-01-23T14:54:12-08:00]
rchar: 126476416853
wchar: 34462521278
syscr: 15302360
syscw: 949658
read_bytes: 19693181440
write_bytes: 34465923072
cancelled_write_bytes: 4096

[2020-01-23T14:54:15-08:00]
rchar: 127946427751
wchar: 34971952827
syscr: 15480494
syscw: 960190
read_bytes: 19800848896
write_bytes: 34975399936
cancelled_write_bytes: 4096

[2020-01-23T14:54:18-08:00]
rchar: 129747200430
wchar: 35358691594
syscr: 15698796
syscw: 972464
read_bytes: 19935070720
write_bytes: 35362304000
cancelled_write_bytes: 4096

[2020-01-23T14:54:21-08:00]
rchar: 131215200621
wchar: 35625215073
syscr: 15876753
syscw: 981845
read_bytes: 20076833280
write_bytes: 35628937216
cancelled_write_bytes: 4096

[2020-01-23T14:54:24-08:00]
rchar: 133457753407
wchar: 36030871569
syscr: 16148575
syscw: 993672
read_bytes: 20303399424
write_bytes: 36034428928
cancelled_write_bytes: 4096

[2020-01-23T14:54:27-08:00]
rchar: 135957070288
wchar: 36398336702
syscr: 16451581
syscw: 1005708
read_bytes: 20529388032
write_bytes: 36401917952
cancelled_write_bytes: 4096

[2020-01-23T14:54:30-08:00]
rchar: 136421189738
wchar: 36621624313
syscr: 16507858
syscw: 1009096
read_bytes: 20557027840
write_bytes: 36625764352
cancelled_write_bytes: 4096

[2020-01-23T14:54:33-08:00]
rchar: 138624475341
wchar: 37168277519
syscr: 16774922
syscw: 1020789
read_bytes: 20673718784
write_bytes: 37171920896
cancelled_write_bytes: 4096

[2020-01-23T14:54:36-08:00]
rchar: 140723748992
wchar: 37633210804
syscr: 17029454
syscw: 1032214
read_bytes: 20782610944
write_bytes: 37636890624
cancelled_write_bytes: 4096

[2020-01-23T14:54:39-08:00]
rchar: 142174852776
wchar: 38008166013
syscr: 17204870
syscw: 1040794
read_bytes: 20883786240
write_bytes: 38011883520
cancelled_write_bytes: 4096

[2020-01-23T14:54:42-08:00]
rchar: 142981818383
wchar: 38392005432
syscr: 17302607
syscw: 1048964
read_bytes: 20951280128
write_bytes: 38395772928
cancelled_write_bytes: 4096

[2020-01-23T14:54:45-08:00]
rchar: 144777617315
wchar: 38836004714
syscr: 17520337
syscw: 1061775
read_bytes: 21090392576
write_bytes: 38839824384
cancelled_write_bytes: 4096

[2020-01-23T14:54:48-08:00]
rchar: 146458400444
wchar: 39273179117
syscr: 17724111
syscw: 1073196
read_bytes: 21219768832
write_bytes: 39277043712
cancelled_write_bytes: 4096

[2020-01-23T14:54:51-08:00]
rchar: 146984459972
wchar: 39569952363
syscr: 17787774
syscw: 1078236
read_bytes: 21260544512
write_bytes: 39573839872
cancelled_write_bytes: 4096

[2020-01-23T14:54:55-08:00]
rchar: 149083962753
wchar: 40002465057
syscr: 18042306
syscw: 1090710
read_bytes: 21402057216
write_bytes: 40006414336
cancelled_write_bytes: 4096

[2020-01-23T14:54:58-08:00]
rchar: 151225725822
wchar: 40444016608
syscr: 18301966
syscw: 1103041
read_bytes: 21549828608
write_bytes: 40448012288
cancelled_write_bytes: 4096

[2020-01-23T14:55:01-08:00]
rchar: 151576605382
wchar: 40702230463
syscr: 18344513
syscw: 1106750
read_bytes: 21573097984
write_bytes: 40706232320
cancelled_write_bytes: 4096

[2020-01-23T14:55:04-08:00]
rchar: 154037783564
wchar: 41125139973
syscr: 18642805
syscw: 1119800
read_bytes: 21720791552
write_bytes: 41129242624
cancelled_write_bytes: 4096

[2020-01-23T14:55:07-08:00]
rchar: 156631577171
wchar: 41670160267
syscr: 18957301
syscw: 1134224
read_bytes: 21870885376
write_bytes: 41674256384
cancelled_write_bytes: 4096

[2020-01-23T14:55:10-08:00]
rchar: 157208905186
wchar: 42022202369
syscr: 19027306
syscw: 1138703
read_bytes: 21899586048
write_bytes: 42026307584
cancelled_write_bytes: 4096

[2020-01-23T14:55:13-08:00]
rchar: 159355465318
wchar: 42443584000
syscr: 19287492
syscw: 1150286
read_bytes: 22004783616
write_bytes: 42447724544
cancelled_write_bytes: 4096

[2020-01-23T14:55:16-08:00]
rchar: 161531070213
wchar: 43145477752
syscr: 19550724
syscw: 1161988
read_bytes: 22105017856
write_bytes: 43149688832
cancelled_write_bytes: 4096

[2020-01-23T14:55:19-08:00]
rchar: 162346839250
wchar: 43670942508
syscr: 19649648
syscw: 1167393
read_bytes: 22137748992
write_bytes: 43675189248
cancelled_write_bytes: 4096

[2020-01-23T14:55:22-08:00]
rchar: 163154494651
wchar: 44065578477
syscr: 19747460
syscw: 1174197
read_bytes: 22189927936
write_bytes: 44069904384
cancelled_write_bytes: 4096

[2020-01-23T14:55:25-08:00]
rchar: 164072146970
wchar: 44435958230
syscr: 19858593
syscw: 1182728
read_bytes: 22286401024
write_bytes: 44440326144
cancelled_write_bytes: 4096

[2020-01-23T14:55:28-08:00]
rchar: 165735703420
wchar: 44820461245
syscr: 20060278
syscw: 1194859
read_bytes: 22419918336
write_bytes: 44825903104
cancelled_write_bytes: 4096

[2020-01-23T14:55:31-08:00]
rchar: 167098666306
wchar: 45185608772
syscr: 20225516
syscw: 1204983
read_bytes: 22522543616
write_bytes: 45190070272
cancelled_write_bytes: 4096

[2020-01-23T14:55:34-08:00]
rchar: 168415001047
wchar: 45712101209
syscr: 20385022
syscw: 1214747
read_bytes: 22605057536
write_bytes: 45716611072
cancelled_write_bytes: 4096

[2020-01-23T14:55:37-08:00]
rchar: 170468937217
wchar: 46145273303
syscr: 20634045
syscw: 1227791
read_bytes: 22739185152
write_bytes: 46149849088
cancelled_write_bytes: 4096

[2020-01-23T14:55:40-08:00]
rchar: 171953896639
wchar: 46540916236
syscr: 20814043
syscw: 1237568
read_bytes: 22830652928
write_bytes: 46545543168
cancelled_write_bytes: 4096

[2020-01-23T14:55:43-08:00]
rchar: 173434639955
wchar: 46988869299
syscr: 20993468
syscw: 1247692
read_bytes: 22918340096
write_bytes: 46994153472
cancelled_write_bytes: 4096

[2020-01-23T14:55:46-08:00]
rchar: 174999149623
wchar: 47401607333
syscr: 21183168
syscw: 1257331
read_bytes: 22998756864
write_bytes: 47406301184
cancelled_write_bytes: 4096

[2020-01-23T14:55:49-08:00]
rchar: 177349672924
wchar: 47974874224
syscr: 21468168
syscw: 1270752
read_bytes: 23122083328
write_bytes: 47979601920
cancelled_write_bytes: 4096

[2020-01-23T14:55:52-08:00]
rchar: 178025484853
wchar: 48349950560
syscr: 21550111
syscw: 1275852
read_bytes: 23155584512
write_bytes: 48354689024
cancelled_write_bytes: 4096

[2020-01-23T14:55:55-08:00]
rchar: 179457518803
wchar: 48681062956
syscr: 21723166
syscw: 1286087
read_bytes: 23262641664
write_bytes: 48685850624
cancelled_write_bytes: 4096

[2020-01-23T14:55:58-08:00]
rchar: 181306725109
wchar: 49169863531
syscr: 21947385
syscw: 1300724
read_bytes: 23417384448
write_bytes: 49174691840
cancelled_write_bytes: 4096

[2020-01-23T14:56:01-08:00]
rchar: 181743962116
wchar: 49505024285
syscr: 22000374
syscw: 1305207
read_bytes: 23449431552
write_bytes: 49509875712
cancelled_write_bytes: 4096

[2020-01-23T14:56:04-08:00]
rchar: 183414228665
wchar: 49883417045
syscr: 22202766
syscw: 1317376
read_bytes: 23564430848
write_bytes: 49888325632
cancelled_write_bytes: 4096

[2020-01-23T14:56:07-08:00]
rchar: 185564587354
wchar: 50390261630
syscr: 22463485
syscw: 1331886
read_bytes: 23711657472
write_bytes: 50395226112
cancelled_write_bytes: 4096

[2020-01-23T14:56:10-08:00]
rchar: 186511251046
wchar: 50816502057
syscr: 22578164
syscw: 1339885
read_bytes: 23769452032
write_bytes: 50821505024
cancelled_write_bytes: 4096

[2020-01-23T14:56:13-08:00]
rchar: 188295340833
wchar: 51219214333
syscr: 22794458
syscw: 1351748
read_bytes: 23868186112
write_bytes: 51224264704
cancelled_write_bytes: 4096

[2020-01-23T14:56:16-08:00]
rchar: 190635664227
wchar: 51718690716
syscr: 23078155
syscw: 1365616
read_bytes: 24003497472
write_bytes: 51723796480
cancelled_write_bytes: 4096

[2020-01-23T14:56:19-08:00]
rchar: 191142281814
wchar: 51999502119
syscr: 23139502
syscw: 1370405
read_bytes: 24033644032
write_bytes: 52004622336
cancelled_write_bytes: 4096

[2020-01-23T14:56:22-08:00]
rchar: 193382434542
wchar: 52508630384
syscr: 23411084
syscw: 1383045
read_bytes: 24138546688
write_bytes: 52514627584
cancelled_write_bytes: 4096

[2020-01-23T14:56:25-08:00]
rchar: 195949651712
wchar: 53075596621
syscr: 23722363
syscw: 1397415
read_bytes: 24262155776
write_bytes: 53080801280
cancelled_write_bytes: 4096

[2020-01-23T14:56:28-08:00]
rchar: 196583800937
wchar: 53267892107
syscr: 23799256
syscw: 1401224
read_bytes: 24289689088
write_bytes: 53273104384
cancelled_write_bytes: 4096

[2020-01-23T14:56:31-08:00]
rchar: 198586526146
wchar: 53856986931
syscr: 24042000
syscw: 1412701
read_bytes: 24376753664
write_bytes: 53862240256
cancelled_write_bytes: 4096

[2020-01-23T14:56:34-08:00]
rchar: 200071729561
wchar: 54225325644
syscr: 24221519
syscw: 1424721
read_bytes: 24486600192
write_bytes: 54230638592
cancelled_write_bytes: 4096

[2020-01-23T14:56:37-08:00]
rchar: 201130638381
wchar: 54532428642
syscr: 24349892
syscw: 1433997
read_bytes: 24569466368
write_bytes: 54537904128
cancelled_write_bytes: 4096

[2020-01-23T14:56:40-08:00]
rchar: 202991135076
wchar: 55077527620
syscr: 24575363
syscw: 1448173
read_bytes: 24699137536
write_bytes: 55082938368
cancelled_write_bytes: 4096

[2020-01-23T14:56:43-08:00]
rchar: 204421871189
wchar: 55445190986
syscr: 24748830
syscw: 1459411
read_bytes: 24789257728
write_bytes: 55450628096
cancelled_write_bytes: 4096

[2020-01-23T14:56:46-08:00]
rchar: 205497005774
wchar: 55936362035
syscr: 24879160
syscw: 1468622
read_bytes: 24854199808
write_bytes: 55941836800
cancelled_write_bytes: 4096

[2020-01-23T14:56:49-08:00]
rchar: 207536442552
wchar: 56376108668
syscr: 25126310
syscw: 1481873
read_bytes: 24965266944
write_bytes: 56381628416
cancelled_write_bytes: 4096

[2020-01-23T14:56:52-08:00]
rchar: 209403523817
wchar: 56796820016
syscr: 25352671
syscw: 1493857
read_bytes: 25065078272
write_bytes: 56802381824
cancelled_write_bytes: 4096

[2020-01-23T14:56:55-08:00]
rchar: 210594102339
wchar: 57254230224
syscr: 25496912
syscw: 1502579
read_bytes: 25127198208
write_bytes: 57259831296
cancelled_write_bytes: 4096

[2020-01-23T14:56:58-08:00]
rchar: 212658059183
wchar: 57631481904
syscr: 25747170
syscw: 1515522
read_bytes: 25225821696
write_bytes: 57637150720
cancelled_write_bytes: 4096

[2020-01-23T14:57:01-08:00]
rchar: 215086452543
wchar: 58222497073
syscr: 26041564
syscw: 1529208
read_bytes: 25331162624
write_bytes: 58228174848
cancelled_write_bytes: 4096

[2020-01-23T14:57:04-08:00]
rchar: 215855700528
wchar: 58441782277
syscr: 26134840
syscw: 1534059
read_bytes: 25362828800
write_bytes: 58447470592
cancelled_write_bytes: 4096

[2020-01-23T14:57:07-08:00]
rchar: 217824038222
wchar: 59035263319
syscr: 26373416
syscw: 1545385
read_bytes: 25441693184
write_bytes: 59040993280
cancelled_write_bytes: 4096

[2020-01-23T14:57:10-08:00]
rchar: 219882071577
wchar: 59581674005
syscr: 26622379
syscw: 1556578
read_bytes: 25528245760
write_bytes: 59587514368
cancelled_write_bytes: 4096

[2020-01-23T14:57:13-08:00]
rchar: 221027224205
wchar: 60280567614
syscr: 26761237
syscw: 1565676
read_bytes: 25594400256
write_bytes: 60286386176
cancelled_write_bytes: 4096

[2020-01-23T14:57:16-08:00]
rchar: 221706252737
wchar: 60634910661
syscr: 26843555
syscw: 1572402
read_bytes: 25652534784
write_bytes: 60640817152
cancelled_write_bytes: 4096

[2020-01-23T14:57:19-08:00]
rchar: 222327124973
wchar: 60971952428
syscr: 26918831
syscw: 1578031
read_bytes: 25700244992
write_bytes: 60977885184
cancelled_write_bytes: 4096

[2020-01-23T14:57:22-08:00]
rchar: 223028301080
wchar: 61443656108
syscr: 27003772
syscw: 1584828
read_bytes: 25758293504
write_bytes: 61449650176
cancelled_write_bytes: 4096

[2020-01-23T14:57:25-08:00]
rchar: 224086627542
wchar: 62066839093
syscr: 27131970
syscw: 1593448
read_bytes: 25844108800
write_bytes: 62072868864
cancelled_write_bytes: 4096

[2020-01-23T14:57:28-08:00]
rchar: 224870396355
wchar: 62456429887
syscr: 27227002
syscw: 1600073
read_bytes: 25899494912
write_bytes: 62462500864
cancelled_write_bytes: 4096

[2020-01-23T14:57:31-08:00]
rchar: 226093742922
wchar: 62962142025
syscr: 27375183
syscw: 1610442
read_bytes: 26017508864
write_bytes: 62968324096
cancelled_write_bytes: 4096

[2020-01-23T14:57:34-08:00]
rchar: 227487277317
wchar: 63353121257
syscr: 27544109
syscw: 1620675
read_bytes: 26156473856
write_bytes: 63359361024
cancelled_write_bytes: 4096

[2020-01-23T14:57:37-08:00]
rchar: 228002443406
wchar: 63581901886
syscr: 27606490
syscw: 1626703
read_bytes: 26200411648
write_bytes: 63588593664
cancelled_write_bytes: 4096

[2020-01-23T14:57:40-08:00]
rchar: 230656902131
wchar: 63872568419
syscr: 27928317
syscw: 1639504
read_bytes: 26394258944
write_bytes: 63878873088
cancelled_write_bytes: 4096

[2020-01-23T14:57:43-08:00]
rchar: 232128025326
wchar: 64384416874
syscr: 28106679
syscw: 1650351
read_bytes: 26467417600
write_bytes: 64390754304
cancelled_write_bytes: 4096

[2020-01-23T14:57:46-08:00]
rchar: 233294823227
wchar: 64694087986
syscr: 28248052
syscw: 1658145
read_bytes: 26514157056
write_bytes: 64700461056
cancelled_write_bytes: 4096

[2020-01-23T14:57:49-08:00]
rchar: 235965081666
wchar: 65282585277
syscr: 28571822
syscw: 1673056
read_bytes: 26624806400
write_bytes: 65288994816
cancelled_write_bytes: 4096

[2020-01-23T14:57:52-08:00]
rchar: 237466519737
wchar: 65636839758
syscr: 28753871
syscw: 1682199
read_bytes: 26685623808
write_bytes: 65643266048
cancelled_write_bytes: 4096

[2020-01-23T14:57:55-08:00]
rchar: 238330599292
wchar: 66063738644
syscr: 28858073
syscw: 1690119
read_bytes: 26727333376
write_bytes: 66070204416
cancelled_write_bytes: 4096

[2020-01-23T14:57:58-08:00]
rchar: 239784764575
wchar: 66425414234
syscr: 29034361
syscw: 1702095
read_bytes: 26822995456
write_bytes: 66431922176
cancelled_write_bytes: 4096

[2020-01-23T14:58:01-08:00]
rchar: 241260470612
wchar: 66785609693
syscr: 29213283
syscw: 1713761
read_bytes: 26922688000
write_bytes: 66792144896
cancelled_write_bytes: 4096

[2020-01-23T14:58:04-08:00]
rchar: 242549379836
wchar: 67258689885
syscr: 29369470
syscw: 1726019
read_bytes: 26996559360
write_bytes: 67265269760
cancelled_write_bytes: 4096

[2020-01-23T14:58:07-08:00]
rchar: 244635726713
wchar: 67710164041
syscr: 29622402
syscw: 1740261
read_bytes: 27111067136
write_bytes: 67716792320
cancelled_write_bytes: 4096

[2020-01-23T14:58:10-08:00]
rchar: 245529351915
wchar: 67948902196
syscr: 29730733
syscw: 1747038
read_bytes: 27162377728
write_bytes: 67955572736
cancelled_write_bytes: 4096

[2020-01-23T14:58:13-08:00]
rchar: 247273885576
wchar: 68378446820
syscr: 29942154
syscw: 1758206
read_bytes: 27246448128
write_bytes: 68385161216
cancelled_write_bytes: 4096

[2020-01-23T14:58:16-08:00]
rchar: 249343685913
wchar: 68786706462
syscr: 30193095
syscw: 1771876
read_bytes: 27342339584
write_bytes: 68793458688
cancelled_write_bytes: 4096

[2020-01-23T14:58:19-08:00]
rchar: 250658405524
wchar: 69240835830
syscr: 30352476
syscw: 1781853
read_bytes: 27401731584
write_bytes: 69247614976
cancelled_write_bytes: 4096

[2020-01-23T14:58:22-08:00]
rchar: 252691020671
wchar: 69629398719
syscr: 30598803
syscw: 1793937
read_bytes: 27482160640
write_bytes: 69636231168
cancelled_write_bytes: 4096

[2020-01-23T14:58:25-08:00]
rchar: 255198686548
wchar: 70145330695
syscr: 30902861
syscw: 1807165
read_bytes: 27580104192
write_bytes: 70152196096
cancelled_write_bytes: 4096

[2020-01-23T14:58:28-08:00]
rchar: 255969239246
wchar: 70478120345
syscr: 30996293
syscw: 1812323
read_bytes: 27607776768
write_bytes: 70484996096
cancelled_write_bytes: 4096

[2020-01-23T14:58:31-08:00]
rchar: 257550310455
wchar: 70881197257
syscr: 31187911
syscw: 1820543
read_bytes: 27658804736
write_bytes: 70888103936
cancelled_write_bytes: 4096

[2020-01-23T14:58:34-08:00]
rchar: 259808813979
wchar: 71319635301
syscr: 31461754
syscw: 1832302
read_bytes: 27735580160
write_bytes: 71327563776
cancelled_write_bytes: 4096

[2020-01-23T14:58:37-08:00]
rchar: 261269376990
wchar: 72077615343
syscr: 31638278
syscw: 1842095
read_bytes: 27808366080
write_bytes: 72084619264
cancelled_write_bytes: 4096

[2020-01-23T14:58:40-08:00]
rchar: 262110454609
wchar: 72533078444
syscr: 31740268
syscw: 1849592
read_bytes: 27872337408
write_bytes: 72540110848
cancelled_write_bytes: 4096

[2020-01-23T14:58:43-08:00]
rchar: 262679666848
wchar: 72863171482
syscr: 31809295
syscw: 1855189
read_bytes: 27917889024
write_bytes: 72870281216
cancelled_write_bytes: 4096

[2020-01-23T14:58:46-08:00]
rchar: 263578466982
wchar: 73422451092
syscr: 31918246
syscw: 1863454
read_bytes: 27987217920
write_bytes: 73429569536
cancelled_write_bytes: 4096

[2020-01-23T14:58:49-08:00]
rchar: 264573485353
wchar: 73992214946
syscr: 32038740
syscw: 1871751
read_bytes: 28058615296
write_bytes: 73999429632
cancelled_write_bytes: 4096

[2020-01-23T14:58:52-08:00]
rchar: 265479842891
wchar: 74428459153
syscr: 32148621
syscw: 1879587
read_bytes: 28116606464
write_bytes: 74435710976
cancelled_write_bytes: 4096

[2020-01-23T14:58:55-08:00]
rchar: 266782840382
wchar: 75106170839
syscr: 32306577
syscw: 1888822
read_bytes: 28212248064
write_bytes: 75113484288
cancelled_write_bytes: 4096

[2020-01-23T14:58:58-08:00]
rchar: 267677168192
wchar: 75542042465
syscr: 32415039
syscw: 1896119
read_bytes: 28274560512
write_bytes: 75549450240
cancelled_write_bytes: 4096

[2020-01-23T14:59:01-08:00]
rchar: 268447273934
wchar: 75906864125
syscr: 32508404
syscw: 1903190
read_bytes: 28332727808
write_bytes: 75914276864
cancelled_write_bytes: 4096

[2020-01-23T14:59:04-08:00]
rchar: 269196158573
wchar: 76307210616
syscr: 32599219
syscw: 1910491
read_bytes: 28389531136
write_bytes: 76315160576
cancelled_write_bytes: 4096

[2020-01-23T14:59:07-08:00]
rchar: 270341032691
wchar: 76898252945
syscr: 32737863
syscw: 1919549
read_bytes: 28480548352
write_bytes: 76905771008
cancelled_write_bytes: 4096

[2020-01-23T14:59:10-08:00]
rchar: 271265195078
wchar: 77216690344
syscr: 32849750
syscw: 1927159
read_bytes: 28564401664
write_bytes: 77224296448
cancelled_write_bytes: 4096

[2020-01-23T14:59:13-08:00]
rchar: 272465868421
wchar: 77654088283
syscr: 32995310
syscw: 1936053
read_bytes: 28690447872
write_bytes: 77661753344
cancelled_write_bytes: 4096

[2020-01-23T14:59:16-08:00]
rchar: 273839972300
wchar: 78011499258
syscr: 33161910
syscw: 1945927
read_bytes: 28851625472
write_bytes: 78019207168
cancelled_write_bytes: 4096

[2020-01-23T14:59:19-08:00]
rchar: 274388005191
wchar: 78292836478
syscr: 33228278
syscw: 1952328
read_bytes: 28904017408
write_bytes: 78300561408
cancelled_write_bytes: 4096

[2020-01-23T14:59:22-08:00]
rchar: 276634849464
wchar: 78791635425
syscr: 33500633
syscw: 1964905
read_bytes: 29112729088
write_bytes: 78799421440
cancelled_write_bytes: 4096

[2020-01-23T14:59:25-08:00]
rchar: 278860757335
wchar: 79077568913
syscr: 33770386
syscw: 1977122
read_bytes: 29241302528
write_bytes: 79085408256
cancelled_write_bytes: 4096

[2020-01-23T14:59:28-08:00]
rchar: 279889235719
wchar: 79487411153
syscr: 33895005
syscw: 1984774
read_bytes: 29274578432
write_bytes: 79495274496
cancelled_write_bytes: 4096

[2020-01-23T14:59:31-08:00]
rchar: 281554533812
wchar: 79887503192
syscr: 34096923
syscw: 1994497
read_bytes: 29323001344
write_bytes: 79895748608
cancelled_write_bytes: 4096

[2020-01-23T14:59:34-08:00]
rchar: 284553075877
wchar: 80444098573
syscr: 34460493
syscw: 2008579
read_bytes: 29418204672
write_bytes: 80452022272
cancelled_write_bytes: 8192

[2020-01-23T14:59:37-08:00]
rchar: 285354254549
wchar: 80704212264
syscr: 34557157
syscw: 2013649
read_bytes: 29444505088
write_bytes: 80712163328
cancelled_write_bytes: 8192

[2020-01-23T14:59:40-08:00]
rchar: 287174226507
wchar: 81163296187
syscr: 34777736
syscw: 2026392
read_bytes: 29529243136
write_bytes: 81171275776
cancelled_write_bytes: 8192

[2020-01-23T14:59:43-08:00]
rchar: 289359038396
wchar: 81638840463
syscr: 35042602
syscw: 2040939
read_bytes: 29627174400
write_bytes: 81646899200
cancelled_write_bytes: 8192

[2020-01-23T14:59:46-08:00]
rchar: 289878228288
wchar: 81932867504
syscr: 35105556
syscw: 2046281
read_bytes: 29650148864
write_bytes: 81940938752
cancelled_write_bytes: 8192

[2020-01-23T14:59:49-08:00]
rchar: 292478163796
wchar: 82461270303
syscr: 35420660
syscw: 2062104
read_bytes: 29746347520
write_bytes: 82469408768
cancelled_write_bytes: 8192

[2020-01-23T14:59:52-08:00]
rchar: 294310807680
wchar: 82825694925
syscr: 35642858
syscw: 2073511
read_bytes: 29815176704
write_bytes: 82833866752
cancelled_write_bytes: 8192

[2020-01-23T14:59:55-08:00]
rchar: 295548157091
wchar: 83233148510
syscr: 35792769
syscw: 2082905
read_bytes: 29858917888
write_bytes: 83241365504
cancelled_write_bytes: 8192

[2020-01-23T14:59:58-08:00]
rchar: 297732548523
wchar: 83696944742
syscr: 36057633
syscw: 2094778
read_bytes: 29926645248
write_bytes: 83705180160
cancelled_write_bytes: 8192

[2020-01-23T15:00:01-08:00]
rchar: 300025386388
wchar: 84201199550
syscr: 36335641
syscw: 2107582
read_bytes: 29997755904
write_bytes: 84209467392
cancelled_write_bytes: 8192

[2020-01-23T15:00:04-08:00]
rchar: 300542748358
wchar: 84464148724
syscr: 36398288
syscw: 2112372
read_bytes: 30014688768
write_bytes: 84472426496
cancelled_write_bytes: 8192

[2020-01-23T15:00:07-08:00]
rchar: 302803300807
wchar: 84888278681
syscr: 36672376
syscw: 2124377
read_bytes: 30076669440
write_bytes: 84896587776
cancelled_write_bytes: 8192

[2020-01-23T15:00:10-08:00]
rchar: 304672373447
wchar: 85634192405
syscr: 36898392
syscw: 2136042
read_bytes: 30141423104
write_bytes: 85642588160
cancelled_write_bytes: 8192

[2020-01-23T15:00:13-08:00]
rchar: 305630306578
wchar: 86147029901
syscr: 37014548
syscw: 2145037
read_bytes: 30190435840
write_bytes: 86155440128
cancelled_write_bytes: 8192

[2020-01-23T15:00:16-08:00]
rchar: 306249089903
wchar: 86465743794
syscr: 37089588
syscw: 2151278
read_bytes: 30224600576
write_bytes: 86474194944
cancelled_write_bytes: 8192

[2020-01-23T15:00:19-08:00]
rchar: 306811027098
wchar: 86759899825
syscr: 37157716
syscw: 2157626
read_bytes: 30257647104
write_bytes: 86768418816
cancelled_write_bytes: 8192

[2020-01-23T15:00:22-08:00]
rchar: 307859885341
wchar: 87397254187
syscr: 37284893
syscw: 2167395
read_bytes: 30316006912
write_bytes: 87405772800
cancelled_write_bytes: 8192

[2020-01-23T15:00:25-08:00]
rchar: 308528219652
wchar: 87771326032
syscr: 37365788
syscw: 2174744
read_bytes: 30358285824
write_bytes: 87779954688
cancelled_write_bytes: 8192

[2020-01-23T15:00:28-08:00]
rchar: 309671804017
wchar: 88364157269
syscr: 37504356
syscw: 2183455
read_bytes: 30416068096
write_bytes: 88372809728
cancelled_write_bytes: 8192

[2020-01-23T15:00:31-08:00]
rchar: 310644944468
wchar: 88835800706
syscr: 37622346
syscw: 2191377
read_bytes: 30466256384
write_bytes: 88844738560
cancelled_write_bytes: 8192

[2020-01-23T15:00:34-08:00]
rchar: 311755102653
wchar: 89390175471
syscr: 37756966
syscw: 2200028
read_bytes: 30521187840
write_bytes: 89398935552
cancelled_write_bytes: 8192

[2020-01-23T15:00:37-08:00]
rchar: 312495043711
wchar: 89730835121
syscr: 37846700
syscw: 2206754
read_bytes: 30558981632
write_bytes: 89739649024
cancelled_write_bytes: 8192

[2020-01-23T15:00:40-08:00]
rchar: 313360188675
wchar: 90182312985
syscr: 37951616
syscw: 2214463
read_bytes: 30604033536
write_bytes: 90191175680
cancelled_write_bytes: 8192

[2020-01-23T15:00:43-08:00]
rchar: 314660856540
wchar: 90898147409
syscr: 38109315
syscw: 2225145
read_bytes: 30671199744
write_bytes: 90907041792
cancelled_write_bytes: 8192

[2020-01-23T15:00:46-08:00]
rchar: 315381590772
wchar: 91240514195
syscr: 38196635
syscw: 2231750
read_bytes: 30707125760
write_bytes: 91249500160
cancelled_write_bytes: 8192

[2020-01-23T15:00:49-08:00]
rchar: 316928463564
wchar: 91941226091
syscr: 38384088
syscw: 2242808
read_bytes: 30776471040
write_bytes: 91950989312
cancelled_write_bytes: 8192

[2020-01-23T15:00:52-08:00]
rchar: 317789414703
wchar: 92300612989
syscr: 38488451
syscw: 2249882
read_bytes: 30818967040
write_bytes: 92310093824
cancelled_write_bytes: 8192

[2020-01-23T15:00:55-08:00]
rchar: 318624602382
wchar: 92663984792
syscr: 38589660
syscw: 2256420
read_bytes: 30860267008
write_bytes: 92673130496
cancelled_write_bytes: 8192

[2020-01-23T15:00:58-08:00]
rchar: 319572924321
wchar: 93124921189
syscr: 38704524
syscw: 2264504
read_bytes: 30911753728
write_bytes: 93134102528
cancelled_write_bytes: 8192

[2020-01-23T15:01:02-08:00]
rchar: 320481723080
wchar: 93544696011
syscr: 38814644
syscw: 2272585
read_bytes: 30961724928
write_bytes: 93553926144
cancelled_write_bytes: 8192

[2020-01-23T15:01:05-08:00]
rchar: 321960794183
wchar: 94128236246
syscr: 38993839
syscw: 2282616
read_bytes: 31038340608
write_bytes: 94137552896
cancelled_write_bytes: 8192

[2020-01-23T15:01:08-08:00]
rchar: 323204523238
wchar: 94487973906
syscr: 39144540
syscw: 2292246
read_bytes: 31131000320
write_bytes: 94497329152
cancelled_write_bytes: 8192

[2020-01-23T15:01:11-08:00]
rchar: 324814008611
wchar: 94887332787
syscr: 39339705
syscw: 2302673
read_bytes: 31281569280
write_bytes: 94896742400
cancelled_write_bytes: 8192

[2020-01-23T15:01:14-08:00]
rchar: 325657896632
wchar: 95227818024
syscr: 39441946
syscw: 2309944
read_bytes: 31349538304
write_bytes: 95237246976
cancelled_write_bytes: 8192

[2020-01-23T15:01:17-08:00]
rchar: 327748925857
wchar: 95733718944
syscr: 39695493
syscw: 2322229
read_bytes: 31509020160
write_bytes: 95743197184
cancelled_write_bytes: 8192

[2020-01-23T15:01:20-08:00]
rchar: 329659550001
wchar: 96128857191
syscr: 39927060
syscw: 2332882
read_bytes: 31641787904
write_bytes: 96138391552
cancelled_write_bytes: 8192

[2020-01-23T15:01:23-08:00]
rchar: 330992579302
wchar: 96377965308
syscr: 40088693
syscw: 2340254
read_bytes: 31737835008
write_bytes: 96387530752
cancelled_write_bytes: 8192

[2020-01-23T15:01:26-08:00]
rchar: 332422731364
wchar: 96749947629
syscr: 40261976
syscw: 2350258
read_bytes: 31812963840
write_bytes: 96759549952
cancelled_write_bytes: 8192

[2020-01-23T15:01:29-08:00]
rchar: 335371363133
wchar: 97015433554
syscr: 40619259
syscw: 2361643
read_bytes: 31923682816
write_bytes: 97025089536
cancelled_write_bytes: 8192

[2020-01-23T15:01:32-08:00]
rchar: 337563814008
wchar: 97416128592
syscr: 40885003
syscw: 2371903
read_bytes: 31978106368
write_bytes: 97425801216
cancelled_write_bytes: 8192

[2020-01-23T15:01:35-08:00]
rchar: 339790511460
wchar: 97821409809
syscr: 41154984
syscw: 2382167
read_bytes: 32022822400
write_bytes: 97831112704
cancelled_write_bytes: 8192

[2020-01-23T15:01:38-08:00]
rchar: 343351036896
wchar: 98362690034
syscr: 41586686
syscw: 2396322
read_bytes: 32096882176
write_bytes: 98372423680
cancelled_write_bytes: 8192

[2020-01-23T15:01:41-08:00]
rchar: 344609967030
wchar: 98666285692
syscr: 41739327
syscw: 2403185
read_bytes: 32122662400
write_bytes: 98676035584
cancelled_write_bytes: 8192

[2020-01-23T15:01:44-08:00]
rchar: 347430410892
wchar: 99334077444
syscr: 42080629
syscw: 2415535
read_bytes: 32182124032
write_bytes: 99343929344
cancelled_write_bytes: 8192

[2020-01-23T15:01:47-08:00]
rchar: 348574435762
wchar: 99876672009
syscr: 42219349
syscw: 2425180
read_bytes: 32229277184
write_bytes: 99886530560
cancelled_write_bytes: 8192

[2020-01-23T15:01:50-08:00]
rchar: 349674795668
wchar: 100367689709
syscr: 42352772
syscw: 2434836
read_bytes: 32281067008
write_bytes: 100377546752
cancelled_write_bytes: 8192

[2020-01-23T15:01:53-08:00]
rchar: 350774875238
wchar: 100868212517
syscr: 42486147
syscw: 2444019
read_bytes: 32337067520
write_bytes: 100878155776
cancelled_write_bytes: 8192

[2020-01-23T15:01:56-08:00]
rchar: 351434293585
wchar: 101164797005
syscr: 42566074
syscw: 2450707
read_bytes: 32371936768
write_bytes: 101174779904
cancelled_write_bytes: 8192

[2020-01-23T15:01:59-08:00]
rchar: 352311378191
wchar: 101587238606
syscr: 42672375
syscw: 2459593
read_bytes: 32418213376
write_bytes: 101597278208
cancelled_write_bytes: 8192

[2020-01-23T15:02:02-08:00]
rchar: 353708382964
wchar: 102283334617
syscr: 42841677
syscw: 2470766
read_bytes: 32490024448
write_bytes: 102293405696
cancelled_write_bytes: 8192

[2020-01-23T15:02:05-08:00]
rchar: 354732588674
wchar: 102676523024
syscr: 42965795
syscw: 2479237
read_bytes: 32536702464
write_bytes: 102686662656
cancelled_write_bytes: 8192

[2020-01-23T15:02:08-08:00]
rchar: 356066877201
wchar: 103260790695
syscr: 43127584
syscw: 2488765
read_bytes: 32597708288
write_bytes: 103270969344
cancelled_write_bytes: 8192

[2020-01-23T15:02:11-08:00]
rchar: 356962065590
wchar: 103587211751
syscr: 43236140
syscw: 2496727
read_bytes: 32637935104
write_bytes: 103597428736
cancelled_write_bytes: 8192

[2020-01-23T15:02:14-08:00]
rchar: 357895042156
wchar: 103976563946
syscr: 43349281
syscw: 2504860
read_bytes: 32681713152
write_bytes: 103986855936
cancelled_write_bytes: 8192

[2020-01-23T15:02:17-08:00]
rchar: 358890650757
wchar: 104403357350
syscr: 43470007
syscw: 2513327
read_bytes: 32726126080
write_bytes: 104413667328
cancelled_write_bytes: 8192

[2020-01-23T15:02:20-08:00]
rchar: 360302576942
wchar: 105046394590
syscr: 43641010
syscw: 2524755
read_bytes: 32794447360
write_bytes: 105056817152
cancelled_write_bytes: 8192

[2020-01-23T15:02:23-08:00]
rchar: 361434666530
wchar: 105430755718
syscr: 43778262
syscw: 2533456
read_bytes: 32844508672
write_bytes: 105441210368
cancelled_write_bytes: 8192

[2020-01-23T15:02:26-08:00]
rchar: 362563676690
wchar: 105800488738
syscr: 43915068
syscw: 2542288
read_bytes: 32900271616
write_bytes: 105810997248
cancelled_write_bytes: 8192

[2020-01-23T15:02:29-08:00]
rchar: 363610291659
wchar: 106147375814
syscr: 44041938
syscw: 2550596
read_bytes: 32954748416
write_bytes: 106158231552
cancelled_write_bytes: 8192

[2020-01-23T15:02:32-08:00]
rchar: 364924178443
wchar: 106680328210
syscr: 44201117
syscw: 2561204
read_bytes: 33026477568
write_bytes: 106691272704
cancelled_write_bytes: 8192

[2020-01-23T15:02:35-08:00]
rchar: 366175347058
wchar: 107052072475
syscr: 44352823
syscw: 2570060
read_bytes: 33086123520
write_bytes: 107062718464
cancelled_write_bytes: 8192

[2020-01-23T15:02:38-08:00]
rchar: 367833022375
wchar: 107459101253
syscr: 44553700
syscw: 2581356
read_bytes: 33185222144
write_bytes: 107469778944
cancelled_write_bytes: 8192

[2020-01-23T15:02:41-08:00]
rchar: 369628767832
wchar: 107878875073
syscr: 44771442
syscw: 2591328
read_bytes: 33324932608
write_bytes: 107889582080
cancelled_write_bytes: 8192

[2020-01-23T15:02:44-08:00]
rchar: 370644147473
wchar: 108210719735
syscr: 44894478
syscw: 2600280
read_bytes: 33381948928
write_bytes: 108221460480
cancelled_write_bytes: 8192

[2020-01-23T15:02:47-08:00]
rchar: 372967522651
wchar: 108688070995
syscr: 45176195
syscw: 2612363
read_bytes: 33538321920
write_bytes: 108698865664
cancelled_write_bytes: 8192

[2020-01-23T15:02:50-08:00]
rchar: 375355987692
wchar: 109195805535
syscr: 45465806
syscw: 2624621
read_bytes: 33703034368
write_bytes: 109206650880
cancelled_write_bytes: 8192

[2020-01-23T15:02:53-08:00]
rchar: 376814901840
wchar: 109527789797
syscr: 45642658
syscw: 2633392
read_bytes: 33795431936
write_bytes: 109538643968
cancelled_write_bytes: 8192

[2020-01-23T15:02:56-08:00]
rchar: 378744907295
wchar: 109983749134
syscr: 45876586
syscw: 2644729
read_bytes: 33899724288
write_bytes: 109994639360
cancelled_write_bytes: 8192

[2020-01-23T15:02:59-08:00]
rchar: 381659151732
wchar: 110487497280
syscr: 46229818
syscw: 2658058
read_bytes: 34038480384
write_bytes: 110498467840
cancelled_write_bytes: 8192

[2020-01-23T15:03:02-08:00]
rchar: 383709096785
wchar: 110777334566
syscr: 46478237
syscw: 2668329
read_bytes: 34136452608
write_bytes: 110788349952
cancelled_write_bytes: 8192

[2020-01-23T15:03:05-08:00]
rchar: 386119690847
wchar: 111282158855
syscr: 46770292
syscw: 2681249
read_bytes: 34188832256
write_bytes: 111293235200
cancelled_write_bytes: 8192

[2020-01-23T15:03:08-08:00]
rchar: 389191004479
wchar: 111792575137
syscr: 47142630
syscw: 2695169
read_bytes: 34238242304
write_bytes: 111803678720
cancelled_write_bytes: 8192

[2020-01-23T15:03:11-08:00]
rchar: 391524552536
wchar: 112201614362
syscr: 47425564
syscw: 2705097
read_bytes: 34272091648
write_bytes: 112212742144
cancelled_write_bytes: 8192

[2020-01-23T15:03:14-08:00]
rchar: 393710742552
wchar: 112612097988
syscr: 47690545
syscw: 2716021
read_bytes: 34305433088
write_bytes: 112623255552
cancelled_write_bytes: 8192

[2020-01-23T15:03:17-08:00]
rchar: 397537730830
wchar: 113123705758
syscr: 48154548
syscw: 2730520
read_bytes: 34357800448
write_bytes: 113134891008
cancelled_write_bytes: 8192

[2020-01-23T15:03:20-08:00]
rchar: 399404178549
wchar: 113712004884
syscr: 48380149
syscw: 2740786
read_bytes: 34403499520
write_bytes: 113723289600
cancelled_write_bytes: 8192

[2020-01-23T15:03:23-08:00]
rchar: 400203628530
wchar: 114123477805
syscr: 48477088
syscw: 2749726
read_bytes: 34438073856
write_bytes: 114134953984
cancelled_write_bytes: 8192

[2020-01-23T15:03:26-08:00]
rchar: 401150925528
wchar: 114616169127
syscr: 48591955
syscw: 2760074
read_bytes: 34479697408
write_bytes: 114627444736
cancelled_write_bytes: 8192

[2020-01-23T15:03:29-08:00]
rchar: 402014295273
wchar: 115057960568
syscr: 48696631
syscw: 2770263
read_bytes: 34522136064
write_bytes: 115069341696
cancelled_write_bytes: 8192

[2020-01-23T15:03:32-08:00]
rchar: 403337930048
wchar: 115676121065
syscr: 48857032
syscw: 2781839
read_bytes: 34573929984
write_bytes: 115687514112
cancelled_write_bytes: 8192

[2020-01-23T15:03:35-08:00]
rchar: 404297807327
wchar: 116080514866
syscr: 48973344
syscw: 2790873
read_bytes: 34611576320
write_bytes: 116091994112
cancelled_write_bytes: 8192

[2020-01-23T15:03:38-08:00]
rchar: 404907910587
wchar: 116333190762
syscr: 49047324
syscw: 2797249
read_bytes: 34636058112
write_bytes: 116344676352
cancelled_write_bytes: 8192

[2020-01-23T15:03:41-08:00]
rchar: 405916241002
wchar: 116791192405
syscr: 49169568
syscw: 2807307
read_bytes: 34672795136
write_bytes: 116802695168
cancelled_write_bytes: 8192

[2020-01-23T15:03:44-08:00]
rchar: 406990424550
wchar: 117294888338
syscr: 49299753
syscw: 2818041
read_bytes: 34715348480
write_bytes: 117306494976
cancelled_write_bytes: 8192

[2020-01-23T15:03:47-08:00]
rchar: 408414620423
wchar: 117930336670
syscr: 49472344
syscw: 2830360
read_bytes: 34767031808
write_bytes: 117941977088
cancelled_write_bytes: 8192

[2020-01-23T15:03:50-08:00]
rchar: 409381069448
wchar: 118285502369
syscr: 49589542
syscw: 2839016
read_bytes: 34798702080
write_bytes: 118297194496
cancelled_write_bytes: 8192

[2020-01-23T15:03:53-08:00]
rchar: 410433405768
wchar: 118699346093
syscr: 49717142
syscw: 2848428
read_bytes: 34837184000
write_bytes: 118711119872
cancelled_write_bytes: 8192

[2020-01-23T15:03:56-08:00]
rchar: 411708157602
wchar: 119219363707
syscr: 49871678
syscw: 2859724
read_bytes: 34882420224
write_bytes: 119231614976
cancelled_write_bytes: 8192

[2020-01-23T15:03:59-08:00]
rchar: 413022227757
wchar: 119768766761
syscr: 50030914
syscw: 2870682
read_bytes: 34931609088
write_bytes: 119780642816
cancelled_write_bytes: 8192

[2020-01-23T15:04:02-08:00]
rchar: 414430501575
wchar: 120312345494
syscr: 50201587
syscw: 2881423
read_bytes: 34976628224
write_bytes: 120324268032
cancelled_write_bytes: 8192

[2020-01-23T15:04:05-08:00]
rchar: 415130613431
wchar: 120687624783
syscr: 50286448
syscw: 2886059
read_bytes: 35001769472
write_bytes: 120699588608
cancelled_write_bytes: 8192

[2020-01-23T15:04:08-08:00]
rchar: 415651173541
wchar: 121069147942
syscr: 50349544
syscw: 2888222
read_bytes: 35022044672
write_bytes: 121081155584
cancelled_write_bytes: 8192

[2020-01-23T15:04:11-08:00]
rchar: 416212156087
wchar: 121514433826
syscr: 50417378
syscw: 2889899
read_bytes: 35067985408
write_bytes: 121526513664
cancelled_write_bytes: 8192

[2020-01-23T15:04:14-08:00]
rchar: 416273201552
wchar: 121566036604
syscr: 50424740
syscw: 2890071
read_bytes: 35080183296
write_bytes: 121578139648
cancelled_write_bytes: 8192

[2020-01-23T15:04:17-08:00]
rchar: 416273201552
wchar: 121566036680
syscr: 50424740
syscw: 2890072
read_bytes: 35080183296
write_bytes: 121578151936
cancelled_write_bytes: 8192

[2020-01-23T15:04:20-08:00]
rchar: 416273201552
wchar: 121566036680
syscr: 50424740
syscw: 2890072
read_bytes: 35080183296
write_bytes: 121578160128
cancelled_write_bytes: 8192

[2020-01-23T15:04:23-08:00]
rchar: 416273201552
wchar: 121566036680
syscr: 50424740
syscw: 2890072
read_bytes: 35080183296
write_bytes: 121578160128
cancelled_write_bytes: 8192

[2020-01-23T15:04:26-08:00]
rchar: 416273201552
wchar: 121566036680
syscr: 50424740
syscw: 2890072
read_bytes: 35080183296
write_bytes: 121578160128
cancelled_write_bytes: 8192

[2020-01-23T15:04:29-08:00]
rchar: 416273201552
wchar: 121566036680
syscr: 50424740
syscw: 2890072
read_bytes: 35080183296
write_bytes: 121578160128
cancelled_write_bytes: 8192

[2020-01-23T15:04:32-08:00]
rchar: 416273201552
wchar: 121566036680
syscr: 50424740
syscw: 2890072
read_bytes: 35080183296
write_bytes: 121578160128
cancelled_write_bytes: 8192

[2020-01-23T15:04:35-08:00]
rchar: 416273201552
wchar: 121566036680
syscr: 50424740
syscw: 2890072
read_bytes: 35080183296
write_bytes: 121578160128
cancelled_write_bytes: 8192

