[2020-01-22T05:26:59-08:00]
rchar: 16583888
wchar: 209
syscr: 2824
syscw: 10
read_bytes: 708608
write_bytes: 69632
cancelled_write_bytes: 0

[2020-01-22T05:27:02-08:00]
rchar: 16583888
wchar: 209
syscr: 2824
syscw: 10
read_bytes: 708608
write_bytes: 77824
cancelled_write_bytes: 0

[2020-01-22T05:27:05-08:00]
rchar: 16583888
wchar: 209
syscr: 2824
syscw: 10
read_bytes: 708608
write_bytes: 77824
cancelled_write_bytes: 0

[2020-01-22T05:27:08-08:00]
rchar: 16583888
wchar: 209
syscr: 2824
syscw: 10
read_bytes: 708608
write_bytes: 86016
cancelled_write_bytes: 0

[2020-01-22T05:27:11-08:00]
rchar: 16583888
wchar: 209
syscr: 2824
syscw: 10
read_bytes: 708608
write_bytes: 94208
cancelled_write_bytes: 0

[2020-01-22T05:27:14-08:00]
rchar: 16583888
wchar: 209
syscr: 2824
syscw: 10
read_bytes: 708608
write_bytes: 94208
cancelled_write_bytes: 0

[2020-01-22T05:27:17-08:00]
rchar: 16583888
wchar: 209
syscr: 2824
syscw: 10
read_bytes: 708608
write_bytes: 102400
cancelled_write_bytes: 0

[2020-01-22T05:27:20-08:00]
rchar: 16583888
wchar: 209
syscr: 2824
syscw: 10
read_bytes: 708608
write_bytes: 102400
cancelled_write_bytes: 0

[2020-01-22T05:27:23-08:00]
rchar: 16583888
wchar: 209
syscr: 2824
syscw: 10
read_bytes: 708608
write_bytes: 110592
cancelled_write_bytes: 0

[2020-01-22T05:27:26-08:00]
rchar: 119687513
wchar: 8275336
syscr: 7207
syscw: 1261
read_bytes: 112346624
write_bytes: 8413184
cancelled_write_bytes: 0

[2020-01-22T05:27:29-08:00]
rchar: 485203821
wchar: 274245180
syscr: 32748
syscw: 9370
read_bytes: 546601472
write_bytes: 274399232
cancelled_write_bytes: 0

[2020-01-22T05:27:32-08:00]
rchar: 1014698797
wchar: 474205582
syscr: 96964
syscw: 38885
read_bytes: 1292655104
write_bytes: 474365952
cancelled_write_bytes: 0

[2020-01-22T05:27:35-08:00]
rchar: 1045539264
wchar: 600772635
syscr: 100705
syscw: 40770
read_bytes: 1335532032
write_bytes: 600932352
cancelled_write_bytes: 0

[2020-01-22T05:27:38-08:00]
rchar: 1729335089
wchar: 967062328
syscr: 183539
syscw: 51966
read_bytes: 1680804352
write_bytes: 967258112
cancelled_write_bytes: 0

[2020-01-22T05:27:41-08:00]
rchar: 2538575702
wchar: 1283543609
syscr: 281675
syscw: 67548
read_bytes: 2253761024
write_bytes: 1283760128
cancelled_write_bytes: 0

[2020-01-22T05:27:44-08:00]
rchar: 2968531164
wchar: 1596994047
syscr: 333815
syscw: 76349
read_bytes: 2552265216
write_bytes: 1597243392
cancelled_write_bytes: 0

[2020-01-22T05:27:47-08:00]
rchar: 3942365370
wchar: 1887674103
syscr: 451813
syscw: 89718
read_bytes: 3029572096
write_bytes: 1887948800
cancelled_write_bytes: 0

[2020-01-22T05:27:50-08:00]
rchar: 5025895783
wchar: 2200689396
syscr: 583203
syscw: 104075
read_bytes: 3560966656
write_bytes: 2200993792
cancelled_write_bytes: 0

[2020-01-22T05:27:53-08:00]
rchar: 5594011446
wchar: 2646735807
syscr: 652100
syscw: 110286
read_bytes: 3713010176
write_bytes: 2647080960
cancelled_write_bytes: 0

[2020-01-22T05:27:56-08:00]
rchar: 7129983554
wchar: 2793149854
syscr: 837730
syscw: 126997
read_bytes: 4136217088
write_bytes: 2793590784
cancelled_write_bytes: 0

[2020-01-22T05:27:59-08:00]
rchar: 8310387348
wchar: 2903629400
syscr: 980850
syscw: 139950
read_bytes: 4464355840
write_bytes: 2904084480
cancelled_write_bytes: 0

[2020-01-22T05:28:02-08:00]
rchar: 9236650140
wchar: 3146570676
syscr: 1093073
syscw: 149180
read_bytes: 4670515712
write_bytes: 3147042816
cancelled_write_bytes: 0

[2020-01-22T05:28:05-08:00]
rchar: 11633422153
wchar: 3324277029
syscr: 1383671
syscw: 169944
read_bytes: 5181979136
write_bytes: 3324776448
cancelled_write_bytes: 0

[2020-01-22T05:28:08-08:00]
rchar: 12546381535
wchar: 3684172737
syscr: 1494284
syscw: 177484
read_bytes: 5327698432
write_bytes: 3684716544
cancelled_write_bytes: 0

[2020-01-22T05:28:11-08:00]
rchar: 14260908293
wchar: 4163839182
syscr: 1702166
syscw: 188716
read_bytes: 5547485696
write_bytes: 4164411392
cancelled_write_bytes: 0

[2020-01-22T05:28:14-08:00]
rchar: 16043447398
wchar: 4641585879
syscr: 1918300
syscw: 200959
read_bytes: 5782657536
write_bytes: 4643065856
cancelled_write_bytes: 0

[2020-01-22T05:28:18-08:00]
rchar: 16976508013
wchar: 4924432329
syscr: 2030931
syscw: 207430
read_bytes: 5902428672
write_bytes: 4925104128
cancelled_write_bytes: 0

[2020-01-22T05:28:21-08:00]
rchar: 17342468721
wchar: 5233341465
syscr: 2075227
syscw: 213510
read_bytes: 6014478848
write_bytes: 5234081792
cancelled_write_bytes: 0

[2020-01-22T05:28:24-08:00]
rchar: 18379716771
wchar: 5486961695
syscr: 2201004
syscw: 226685
read_bytes: 6313617920
write_bytes: 5487816704
cancelled_write_bytes: 0

[2020-01-22T05:28:27-08:00]
rchar: 19359577332
wchar: 5740404772
syscr: 2319818
syscw: 240948
read_bytes: 6644386304
write_bytes: 5741264896
cancelled_write_bytes: 0

[2020-01-22T05:28:30-08:00]
rchar: 21084934480
wchar: 5943678496
syscr: 2528935
syscw: 259078
read_bytes: 7064013312
write_bytes: 5944565760
cancelled_write_bytes: 0

[2020-01-22T05:28:33-08:00]
rchar: 22098192048
wchar: 6211898917
syscr: 2651794
syscw: 270248
read_bytes: 7311153664
write_bytes: 6212788224
cancelled_write_bytes: 0

[2020-01-22T05:28:36-08:00]
rchar: 24314401210
wchar: 6376066426
syscr: 2920420
syscw: 288733
read_bytes: 7726959104
write_bytes: 6376988672
cancelled_write_bytes: 0

[2020-01-22T05:28:39-08:00]
rchar: 25330874608
wchar: 6502667576
syscr: 3043666
syscw: 297572
read_bytes: 7919159808
write_bytes: 6503596032
cancelled_write_bytes: 0

[2020-01-22T05:28:42-08:00]
rchar: 26297216955
wchar: 6861179843
syscr: 3160751
syscw: 304954
read_bytes: 8038496768
write_bytes: 6862815232
cancelled_write_bytes: 0

[2020-01-22T05:28:45-08:00]
rchar: 27938247047
wchar: 7374307431
syscr: 3359728
syscw: 315599
read_bytes: 8215239168
write_bytes: 7375290368
cancelled_write_bytes: 0

[2020-01-22T05:28:48-08:00]
rchar: 29698931545
wchar: 7855328851
syscr: 3573209
syscw: 327732
read_bytes: 8418843136
write_bytes: 7857102848
cancelled_write_bytes: 0

[2020-01-22T05:28:51-08:00]
rchar: 30546105870
wchar: 8264147434
syscr: 3675408
syscw: 335664
read_bytes: 8548166144
write_bytes: 8265216000
cancelled_write_bytes: 0

[2020-01-22T05:28:54-08:00]
rchar: 31540246824
wchar: 8693912096
syscr: 3795848
syscw: 346578
read_bytes: 8744049152
write_bytes: 8695033856
cancelled_write_bytes: 0

[2020-01-22T05:28:57-08:00]
rchar: 32723495070
wchar: 9040005531
syscr: 3939301
syscw: 360539
read_bytes: 9057499648
write_bytes: 9041453056
cancelled_write_bytes: 0

[2020-01-22T05:29:00-08:00]
rchar: 33274936274
wchar: 9205023728
syscr: 4006170
syscw: 367220
read_bytes: 9223948800
write_bytes: 9206206464
cancelled_write_bytes: 0

[2020-01-22T05:29:03-08:00]
rchar: 33971303934
wchar: 9515099036
syscr: 4090507
syscw: 375215
read_bytes: 9413605888
write_bytes: 9516314624
cancelled_write_bytes: 0

[2020-01-22T05:29:06-08:00]
rchar: 35458884176
wchar: 9893604586
syscr: 4270860
syscw: 389388
read_bytes: 9723415040
write_bytes: 9894879232
cancelled_write_bytes: 0

[2020-01-22T05:29:09-08:00]
rchar: 36488921751
wchar: 10106714293
syscr: 4395757
syscw: 399983
read_bytes: 9990273536
write_bytes: 10108006400
cancelled_write_bytes: 0

[2020-01-22T05:29:12-08:00]
rchar: 37891201798
wchar: 10517440488
syscr: 4565678
syscw: 412946
read_bytes: 10289166848
write_bytes: 10518773760
cancelled_write_bytes: 0

[2020-01-22T05:29:15-08:00]
rchar: 39634277341
wchar: 10815955963
syscr: 4777012
syscw: 427249
read_bytes: 10660518400
write_bytes: 10817306624
cancelled_write_bytes: 0

[2020-01-22T05:29:18-08:00]
rchar: 40601378650
wchar: 11122226456
syscr: 4894178
syscw: 435651
read_bytes: 10806360576
write_bytes: 11123605504
cancelled_write_bytes: 0

[2020-01-22T05:29:21-08:00]
rchar: 42012166368
wchar: 11531611412
syscr: 5065237
syscw: 445701
read_bytes: 10947840512
write_bytes: 11533017088
cancelled_write_bytes: 0

[2020-01-22T05:29:24-08:00]
rchar: 43357701303
wchar: 11929899904
syscr: 5228385
syscw: 455640
read_bytes: 11081992704
write_bytes: 11931332608
cancelled_write_bytes: 0

[2020-01-22T05:29:27-08:00]
rchar: 45110578186
wchar: 12434238201
syscr: 5440403
syscw: 467916
read_bytes: 11260897792
write_bytes: 12435714048
cancelled_write_bytes: 0

[2020-01-22T05:29:30-08:00]
rchar: 45670342625
wchar: 12737073783
syscr: 5508201
syscw: 476036
read_bytes: 11436780032
write_bytes: 12738576384
cancelled_write_bytes: 0

[2020-01-22T05:29:33-08:00]
rchar: 47060796353
wchar: 13115054142
syscr: 5676782
syscw: 490658
read_bytes: 11747252736
write_bytes: 13116588032
cancelled_write_bytes: 0

[2020-01-22T05:29:36-08:00]
rchar: 48196048373
wchar: 13507076657
syscr: 5814426
syscw: 502373
read_bytes: 11937749504
write_bytes: 13508681728
cancelled_write_bytes: 0

[2020-01-22T05:29:39-08:00]
rchar: 48446706168
wchar: 13785156762
syscr: 5844804
syscw: 505764
read_bytes: 11975973376
write_bytes: 13786787840
cancelled_write_bytes: 0

[2020-01-22T05:29:42-08:00]
rchar: 49725472106
wchar: 14146508842
syscr: 5999759
syscw: 517456
read_bytes: 12152502784
write_bytes: 14148194304
cancelled_write_bytes: 0

[2020-01-22T05:29:45-08:00]
rchar: 51178799559
wchar: 14594454001
syscr: 6175958
syscw: 530737
read_bytes: 12355471872
write_bytes: 14596182016
cancelled_write_bytes: 0

[2020-01-22T05:29:48-08:00]
rchar: 52074061507
wchar: 14951023274
syscr: 6284485
syscw: 540330
read_bytes: 12548196864
write_bytes: 14952771584
cancelled_write_bytes: 0

[2020-01-22T05:29:51-08:00]
rchar: 53799670597
wchar: 15234655451
syscr: 6493634
syscw: 553853
read_bytes: 12860037632
write_bytes: 15236435968
cancelled_write_bytes: 0

[2020-01-22T05:29:54-08:00]
rchar: 55583391008
wchar: 15529072186
syscr: 6709881
syscw: 567908
read_bytes: 13173389824
write_bytes: 15530893312
cancelled_write_bytes: 0

[2020-01-22T05:29:57-08:00]
rchar: 55955290781
wchar: 15841506149
syscr: 6754982
syscw: 571141
read_bytes: 13208930816
write_bytes: 15843360768
cancelled_write_bytes: 0

[2020-01-22T05:30:00-08:00]
rchar: 57143253900
wchar: 16197686114
syscr: 6898909
syscw: 579509
read_bytes: 13311744512
write_bytes: 16199942144
cancelled_write_bytes: 0

[2020-01-22T05:30:03-08:00]
rchar: 58928376371
wchar: 16778569498
syscr: 7115358
syscw: 591253
read_bytes: 13459577344
write_bytes: 16780505088
cancelled_write_bytes: 0

[2020-01-22T05:30:06-08:00]
rchar: 60648279197
wchar: 17229021957
syscr: 7323388
syscw: 604208
read_bytes: 13644405248
write_bytes: 17231024128
cancelled_write_bytes: 0

[2020-01-22T05:30:09-08:00]
rchar: 60969627931
wchar: 17461313549
syscr: 7362359
syscw: 608660
read_bytes: 13704075776
write_bytes: 17463332864
cancelled_write_bytes: 0

[2020-01-22T05:30:12-08:00]
rchar: 61823976735
wchar: 17853345370
syscr: 7465844
syscw: 617554
read_bytes: 13823162880
write_bytes: 17855426560
cancelled_write_bytes: 0

[2020-01-22T05:30:15-08:00]
rchar: 63167187887
wchar: 18277714866
syscr: 7628695
syscw: 631670
read_bytes: 14026086912
write_bytes: 18279841792
cancelled_write_bytes: 0

[2020-01-22T05:30:18-08:00]
rchar: 64262273441
wchar: 18696824352
syscr: 7761461
syscw: 642529
read_bytes: 14180203008
write_bytes: 18699001856
cancelled_write_bytes: 0

[2020-01-22T05:30:21-08:00]
rchar: 65052145472
wchar: 19104917958
syscr: 7857126
syscw: 650783
read_bytes: 14280026624
write_bytes: 19107139584
cancelled_write_bytes: 0

[2020-01-22T05:30:24-08:00]
rchar: 66310634053
wchar: 19460941462
syscr: 8009698
syscw: 662690
read_bytes: 14433860096
write_bytes: 19463204864
cancelled_write_bytes: 0

[2020-01-22T05:30:27-08:00]
rchar: 67812313286
wchar: 19903633295
syscr: 8191756
syscw: 676352
read_bytes: 14620379648
write_bytes: 19906420736
cancelled_write_bytes: 0

[2020-01-22T05:30:30-08:00]
rchar: 68777536536
wchar: 20216098933
syscr: 8308671
syscw: 685996
read_bytes: 14753303040
write_bytes: 20218454016
cancelled_write_bytes: 0

[2020-01-22T05:30:33-08:00]
rchar: 71476694114
wchar: 20411652916
syscr: 8635936
syscw: 706249
read_bytes: 15113185792
write_bytes: 20414013440
cancelled_write_bytes: 0

[2020-01-22T05:30:36-08:00]
rchar: 72171123391
wchar: 20717741799
syscr: 8720053
syscw: 712749
read_bytes: 15186176512
write_bytes: 20720128000
cancelled_write_bytes: 0

[2020-01-22T05:30:39-08:00]
rchar: 73568673491
wchar: 21134098276
syscr: 8889509
syscw: 722681
read_bytes: 15296408064
write_bytes: 21136654336
cancelled_write_bytes: 0

[2020-01-22T05:30:42-08:00]
rchar: 75467349060
wchar: 21692924987
syscr: 9119723
syscw: 735834
read_bytes: 15445809664
write_bytes: 21695385600
cancelled_write_bytes: 0

[2020-01-22T05:30:45-08:00]
rchar: 76835898112
wchar: 22159125877
syscr: 9285136
syscw: 746926
read_bytes: 15577430528
write_bytes: 22161629184
cancelled_write_bytes: 0

[2020-01-22T05:30:48-08:00]
rchar: 77020277210
wchar: 22415875516
syscr: 9307413
syscw: 749947
read_bytes: 15607269888
write_bytes: 22418391040
cancelled_write_bytes: 0

[2020-01-22T05:30:51-08:00]
rchar: 78289899834
wchar: 22805714857
syscr: 9461314
syscw: 763226
read_bytes: 15779551744
write_bytes: 22808289280
cancelled_write_bytes: 0

[2020-01-22T05:30:54-08:00]
rchar: 79755142974
wchar: 23201961763
syscr: 9638954
syscw: 778461
read_bytes: 16049994240
write_bytes: 23204560896
cancelled_write_bytes: 0

[2020-01-22T05:30:57-08:00]
rchar: 80540173654
wchar: 23530712331
syscr: 9734061
syscw: 787199
read_bytes: 16197614080
write_bytes: 23533334528
cancelled_write_bytes: 0

[2020-01-22T05:31:00-08:00]
rchar: 82258838033
wchar: 23906109008
syscr: 9942432
syscw: 801904
read_bytes: 16459037184
write_bytes: 23909687296
cancelled_write_bytes: 0

[2020-01-22T05:31:03-08:00]
rchar: 83408784960
wchar: 24092492989
syscr: 10081868
syscw: 812774
read_bytes: 16671832576
write_bytes: 24095158272
cancelled_write_bytes: 0

[2020-01-22T05:31:06-08:00]
rchar: 84430684304
wchar: 24458283433
syscr: 10205658
syscw: 821895
read_bytes: 16809892352
write_bytes: 24460980224
cancelled_write_bytes: 0

[2020-01-22T05:31:09-08:00]
rchar: 86297380349
wchar: 24909595614
syscr: 10431966
syscw: 836250
read_bytes: 16977910272
write_bytes: 24912363520
cancelled_write_bytes: 0

[2020-01-22T05:31:12-08:00]
rchar: 87797249862
wchar: 25298951953
syscr: 10613787
syscw: 848015
read_bytes: 17115343360
write_bytes: 25301757952
cancelled_write_bytes: 0

[2020-01-22T05:31:15-08:00]
rchar: 88199921111
wchar: 25624307749
syscr: 10662533
syscw: 851783
read_bytes: 17146214912
write_bytes: 25627136000
cancelled_write_bytes: 0

[2020-01-22T05:31:18-08:00]
rchar: 90146029106
wchar: 26143041312
syscr: 10898458
syscw: 865285
read_bytes: 17290738176
write_bytes: 26145918976
cancelled_write_bytes: 0

[2020-01-22T05:31:21-08:00]
rchar: 92018130353
wchar: 26730247387
syscr: 11125454
syscw: 878033
read_bytes: 17419389440
write_bytes: 26733162496
cancelled_write_bytes: 0

[2020-01-22T05:31:24-08:00]
rchar: 93134244126
wchar: 27097394315
syscr: 11260782
syscw: 886087
read_bytes: 17494985216
write_bytes: 27100327936
cancelled_write_bytes: 0

[2020-01-22T05:31:27-08:00]
rchar: 93934029776
wchar: 27565624974
syscr: 11357207
syscw: 893298
read_bytes: 17564256768
write_bytes: 27568590848
cancelled_write_bytes: 0

[2020-01-22T05:31:30-08:00]
rchar: 95214170308
wchar: 27988408818
syscr: 11512309
syscw: 906212
read_bytes: 17715157504
write_bytes: 27991445504
cancelled_write_bytes: 0

[2020-01-22T05:31:33-08:00]
rchar: 96622790776
wchar: 28485556415
syscr: 11683091
syscw: 920634
read_bytes: 17883085312
write_bytes: 28488642560
cancelled_write_bytes: 0

[2020-01-22T05:31:36-08:00]
rchar: 97192903878
wchar: 28763497817
syscr: 11752201
syscw: 926758
read_bytes: 17951910400
write_bytes: 28766617600
cancelled_write_bytes: 0

[2020-01-22T05:31:39-08:00]
rchar: 97895184940
wchar: 29091085487
syscr: 11837235
syscw: 933170
read_bytes: 18018273792
write_bytes: 29094264832
cancelled_write_bytes: 0

[2020-01-22T05:31:42-08:00]
rchar: 99572340356
wchar: 29544689176
syscr: 12040562
syscw: 947768
read_bytes: 18210716160
write_bytes: 29547909120
cancelled_write_bytes: 0

[2020-01-22T05:31:45-08:00]
rchar: 100980747114
wchar: 29851702687
syscr: 12211341
syscw: 959564
read_bytes: 18430605824
write_bytes: 29854941184
cancelled_write_bytes: 0

[2020-01-22T05:31:48-08:00]
rchar: 102272946357
wchar: 30244553094
syscr: 12367903
syscw: 970664
read_bytes: 18591255040
write_bytes: 30247837696
cancelled_write_bytes: 0

[2020-01-22T05:31:51-08:00]
rchar: 103920970893
wchar: 30471421825
syscr: 12567727
syscw: 984642
read_bytes: 18824096256
write_bytes: 30474715136
cancelled_write_bytes: 0

[2020-01-22T05:31:54-08:00]
rchar: 105248467866
wchar: 30765082364
syscr: 12728692
syscw: 995316
read_bytes: 19012155904
write_bytes: 30769418240
cancelled_write_bytes: 0

[2020-01-22T05:31:57-08:00]
rchar: 107039473531
wchar: 31236850132
syscr: 12945726
syscw: 1008151
read_bytes: 19151989248
write_bytes: 31240216576
cancelled_write_bytes: 0

[2020-01-22T05:32:00-08:00]
rchar: 109057437886
wchar: 31805052465
syscr: 13190405
syscw: 1021950
read_bytes: 19281385984
write_bytes: 31808450560
cancelled_write_bytes: 0

[2020-01-22T05:32:03-08:00]
rchar: 110231286717
wchar: 32151973726
syscr: 13332736
syscw: 1030427
read_bytes: 19354991104
write_bytes: 32155398144
cancelled_write_bytes: 0

[2020-01-22T05:32:06-08:00]
rchar: 111126662310
wchar: 32603761158
syscr: 13440877
syscw: 1036907
read_bytes: 19409123840
write_bytes: 32607232000
cancelled_write_bytes: 0

[2020-01-22T05:32:09-08:00]
rchar: 112714442306
wchar: 33044086787
syscr: 13633165
syscw: 1052636
read_bytes: 19592141312
write_bytes: 33047605248
cancelled_write_bytes: 0

[2020-01-22T05:32:12-08:00]
rchar: 113701309620
wchar: 33377691321
syscr: 13752807
syscw: 1063660
read_bytes: 19699235328
write_bytes: 33381265408
cancelled_write_bytes: 0

[2020-01-22T05:32:15-08:00]
rchar: 114401904908
wchar: 33822849750
syscr: 13837728
syscw: 1071437
read_bytes: 19772373504
write_bytes: 33826459648
cancelled_write_bytes: 0

[2020-01-22T05:32:18-08:00]
rchar: 115979742970
wchar: 34265426812
syscr: 14028940
syscw: 1085543
read_bytes: 19915164160
write_bytes: 34269089792
cancelled_write_bytes: 0

[2020-01-22T05:32:21-08:00]
rchar: 117388134488
wchar: 34655913071
syscr: 14199689
syscw: 1098671
read_bytes: 20045015552
write_bytes: 34659635200
cancelled_write_bytes: 0

[2020-01-22T05:32:24-08:00]
rchar: 118245260977
wchar: 34975664908
syscr: 14303597
syscw: 1107135
read_bytes: 20122761728
write_bytes: 34979807232
cancelled_write_bytes: 0

[2020-01-22T05:32:27-08:00]
rchar: 119688906428
wchar: 35503573354
syscr: 14478532
syscw: 1118493
read_bytes: 20229949952
write_bytes: 35507404800
cancelled_write_bytes: 0

[2020-01-22T05:32:30-08:00]
rchar: 121304770312
wchar: 35888201226
syscr: 14674423
syscw: 1130942
read_bytes: 20357282304
write_bytes: 35892088832
cancelled_write_bytes: 0

[2020-01-22T05:32:33-08:00]
rchar: 122652502205
wchar: 36213401202
syscr: 14837799
syscw: 1142541
read_bytes: 20466043392
write_bytes: 36217364480
cancelled_write_bytes: 0

[2020-01-22T05:32:36-08:00]
rchar: 123550111193
wchar: 36651360846
syscr: 14946533
syscw: 1150146
read_bytes: 20523477504
write_bytes: 36655382528
cancelled_write_bytes: 0

[2020-01-22T05:32:39-08:00]
rchar: 125284039517
wchar: 37167374473
syscr: 15156775
syscw: 1162242
read_bytes: 20626364928
write_bytes: 37171417088
cancelled_write_bytes: 0

[2020-01-22T05:32:42-08:00]
rchar: 126732571744
wchar: 37597691113
syscr: 15332415
syscw: 1172954
read_bytes: 20711623168
write_bytes: 37601767424
cancelled_write_bytes: 0

[2020-01-22T05:32:45-08:00]
rchar: 128039290514
wchar: 38047058035
syscr: 15490348
syscw: 1184597
read_bytes: 20816615936
write_bytes: 38051184640
cancelled_write_bytes: 0

[2020-01-22T05:32:48-08:00]
rchar: 128639165206
wchar: 38467431285
syscr: 15562984
syscw: 1192074
read_bytes: 20873927168
write_bytes: 38471602176
cancelled_write_bytes: 0

[2020-01-22T05:32:51-08:00]
rchar: 129876264003
wchar: 38901627069
syscr: 15712967
syscw: 1204950
read_bytes: 20992948736
write_bytes: 38905860096
cancelled_write_bytes: 0

[2020-01-22T05:32:54-08:00]
rchar: 131307112859
wchar: 39409013292
syscr: 15886402
syscw: 1219375
read_bytes: 21133027840
write_bytes: 39413301248
cancelled_write_bytes: 0

[2020-01-22T05:32:57-08:00]
rchar: 131716088573
wchar: 39681219462
syscr: 15936001
syscw: 1223638
read_bytes: 21166336512
write_bytes: 39685533696
cancelled_write_bytes: 0

[2020-01-22T05:33:00-08:00]
rchar: 132768384841
wchar: 40076244235
syscr: 16063474
syscw: 1232820
read_bytes: 21252532736
write_bytes: 40080605184
cancelled_write_bytes: 0

[2020-01-22T05:33:03-08:00]
rchar: 134511608018
wchar: 40555729000
syscr: 16274809
syscw: 1247551
read_bytes: 21399738880
write_bytes: 40560136192
cancelled_write_bytes: 0

[2020-01-22T05:33:06-08:00]
rchar: 135730501310
wchar: 40939165333
syscr: 16422562
syscw: 1258307
read_bytes: 21497879040
write_bytes: 40943611904
cancelled_write_bytes: 0

[2020-01-22T05:33:09-08:00]
rchar: 136067606103
wchar: 41230951287
syscr: 16463357
syscw: 1261864
read_bytes: 21520144896
write_bytes: 41235427328
cancelled_write_bytes: 0

[2020-01-22T05:33:12-08:00]
rchar: 138164381559
wchar: 41505329754
syscr: 16717545
syscw: 1276517
read_bytes: 21692189184
write_bytes: 41509875712
cancelled_write_bytes: 0

[2020-01-22T05:33:15-08:00]
rchar: 139812089000
wchar: 41690254743
syscr: 16917330
syscw: 1288177
read_bytes: 21839362560
write_bytes: 41695129600
cancelled_write_bytes: 0

[2020-01-22T05:33:18-08:00]
rchar: 141167788259
wchar: 42143494975
syscr: 17081626
syscw: 1298675
read_bytes: 21918919168
write_bytes: 42148081664
cancelled_write_bytes: 0

[2020-01-22T05:33:21-08:00]
rchar: 142843189781
wchar: 42638791201
syscr: 17284774
syscw: 1310130
read_bytes: 22008330752
write_bytes: 42643415040
cancelled_write_bytes: 0

[2020-01-22T05:33:24-08:00]
rchar: 144525588919
wchar: 43163862707
syscr: 17488766
syscw: 1321748
read_bytes: 22097390080
write_bytes: 43168526336
cancelled_write_bytes: 0

[2020-01-22T05:33:27-08:00]
rchar: 145171082922
wchar: 43480787582
syscr: 17566508
syscw: 1329031
read_bytes: 22151879168
write_bytes: 43485491200
cancelled_write_bytes: 0

[2020-01-22T05:33:30-08:00]
rchar: 146377260818
wchar: 43975886401
syscr: 17712628
syscw: 1341978
read_bytes: 22264502784
write_bytes: 43980648448
cancelled_write_bytes: 0

[2020-01-22T05:33:33-08:00]
rchar: 147395063287
wchar: 44328012382
syscr: 17836012
syscw: 1353323
read_bytes: 22358485504
write_bytes: 44332810240
cancelled_write_bytes: 0

[2020-01-22T05:33:36-08:00]
rchar: 148570738057
wchar: 44771488677
syscr: 17978537
syscw: 1365008
read_bytes: 22462216704
write_bytes: 44776325120
cancelled_write_bytes: 0

[2020-01-22T05:33:39-08:00]
rchar: 149616416139
wchar: 45217008589
syscr: 18105251
syscw: 1375187
read_bytes: 22548875776
write_bytes: 45221879808
cancelled_write_bytes: 0

[2020-01-22T05:33:42-08:00]
rchar: 150854811740
wchar: 45587850455
syscr: 18255374
syscw: 1386632
read_bytes: 22642219520
write_bytes: 45592768512
cancelled_write_bytes: 0

[2020-01-22T05:33:45-08:00]
rchar: 152473824128
wchar: 46017319321
syscr: 18451648
syscw: 1400583
read_bytes: 22771571200
write_bytes: 46022270976
cancelled_write_bytes: 0

[2020-01-22T05:33:48-08:00]
rchar: 152943009258
wchar: 46382825535
syscr: 18508416
syscw: 1405262
read_bytes: 22799890944
write_bytes: 46388760576
cancelled_write_bytes: 0

[2020-01-22T05:33:51-08:00]
rchar: 154660655758
wchar: 46747719894
syscr: 18716640
syscw: 1419082
read_bytes: 22916692480
write_bytes: 46752751616
cancelled_write_bytes: 0

[2020-01-22T05:33:54-08:00]
rchar: 156723623131
wchar: 47130068966
syscr: 18966770
syscw: 1434547
read_bytes: 23090047488
write_bytes: 47135158272
cancelled_write_bytes: 0

[2020-01-22T05:33:57-08:00]
rchar: 157114196237
wchar: 47416954374
syscr: 19014134
syscw: 1437895
read_bytes: 23111121408
write_bytes: 47422066688
cancelled_write_bytes: 0

[2020-01-22T05:34:00-08:00]
rchar: 158771240088
wchar: 47880754643
syscr: 19214922
syscw: 1449533
read_bytes: 23197219328
write_bytes: 47885910016
cancelled_write_bytes: 0

[2020-01-22T05:34:03-08:00]
rchar: 160449224030
wchar: 48348848072
syscr: 19418382
syscw: 1461507
read_bytes: 23283100160
write_bytes: 48354037760
cancelled_write_bytes: 0

[2020-01-22T05:34:06-08:00]
rchar: 162264294699
wchar: 48827881804
syscr: 19638460
syscw: 1474749
read_bytes: 23378139648
write_bytes: 48833097728
cancelled_write_bytes: 0

[2020-01-22T05:34:09-08:00]
rchar: 163124101517
wchar: 49263225544
syscr: 19742108
syscw: 1483943
read_bytes: 23445232128
write_bytes: 49268482048
cancelled_write_bytes: 0

[2020-01-22T05:34:12-08:00]
rchar: 164112447483
wchar: 49621250431
syscr: 19861922
syscw: 1494702
read_bytes: 23525812736
write_bytes: 49626542080
cancelled_write_bytes: 0

[2020-01-22T05:34:15-08:00]
rchar: 165684866712
wchar: 50112145972
syscr: 20052551
syscw: 1510780
read_bytes: 23668820480
write_bytes: 50117468160
cancelled_write_bytes: 0

[2020-01-22T05:34:18-08:00]
rchar: 166243297247
wchar: 50498006332
syscr: 20120229
syscw: 1517477
read_bytes: 23714933248
write_bytes: 50503364608
cancelled_write_bytes: 0

[2020-01-22T05:34:21-08:00]
rchar: 167528295319
wchar: 50837070708
syscr: 20275960
syscw: 1529618
read_bytes: 23807592960
write_bytes: 50842468352
cancelled_write_bytes: 0

[2020-01-22T05:34:24-08:00]
rchar: 169337015379
wchar: 51315319391
syscr: 20495186
syscw: 1545553
read_bytes: 23941069312
write_bytes: 51320795136
cancelled_write_bytes: 0

[2020-01-22T05:34:27-08:00]
rchar: 169953952572
wchar: 51486501909
syscr: 20569994
syscw: 1550966
read_bytes: 23985527296
write_bytes: 51491983360
cancelled_write_bytes: 0

[2020-01-22T05:34:30-08:00]
rchar: 171265110287
wchar: 51978412621
syscr: 20728845
syscw: 1562415
read_bytes: 24068323840
write_bytes: 51983941632
cancelled_write_bytes: 0

[2020-01-22T05:34:33-08:00]
rchar: 173365427162
wchar: 52464559053
syscr: 20983464
syscw: 1578403
read_bytes: 24199309824
write_bytes: 52470136832
cancelled_write_bytes: 0

[2020-01-22T05:34:36-08:00]
rchar: 174536983252
wchar: 52781867698
syscr: 21125521
syscw: 1587721
read_bytes: 24269212160
write_bytes: 52787466240
cancelled_write_bytes: 0

[2020-01-22T05:34:39-08:00]
rchar: 175417343959
wchar: 53177118870
syscr: 21232128
syscw: 1594877
read_bytes: 24316344832
write_bytes: 53182754816
cancelled_write_bytes: 0

[2020-01-22T05:34:42-08:00]
rchar: 177620787257
wchar: 53730706740
syscr: 21499298
syscw: 1610362
read_bytes: 24425118208
write_bytes: 53736386560
cancelled_write_bytes: 0

[2020-01-22T05:34:45-08:00]
rchar: 179344424977
wchar: 54196509187
syscr: 21708290
syscw: 1622484
read_bytes: 24510171648
write_bytes: 54202212352
cancelled_write_bytes: 0

[2020-01-22T05:34:49-08:00]
rchar: 180270522420
wchar: 54565409114
syscr: 21820584
syscw: 1629773
read_bytes: 24555334144
write_bytes: 54571139072
cancelled_write_bytes: 0

[2020-01-22T05:34:52-08:00]
rchar: 181477427089
wchar: 54963104006
syscr: 21966302
syscw: 1640834
read_bytes: 24632572416
write_bytes: 54968905728
cancelled_write_bytes: 0

[2020-01-22T05:34:55-08:00]
rchar: 182858820297
wchar: 55408829503
syscr: 22133749
syscw: 1655406
read_bytes: 24743508480
write_bytes: 55415689216
cancelled_write_bytes: 0

[2020-01-22T05:34:58-08:00]
rchar: 183839856319
wchar: 55793228062
syscr: 22252677
syscw: 1664904
read_bytes: 24815516160
write_bytes: 55799115776
cancelled_write_bytes: 0

[2020-01-22T05:35:01-08:00]
rchar: 184416795071
wchar: 56141071753
syscr: 22322553
syscw: 1671454
read_bytes: 24856132096
write_bytes: 56146993152
cancelled_write_bytes: 0

[2020-01-22T05:35:04-08:00]
rchar: 186024226714
wchar: 56580622005
syscr: 22517424
syscw: 1685682
read_bytes: 24962808320
write_bytes: 56586579968
cancelled_write_bytes: 0

[2020-01-22T05:35:07-08:00]
rchar: 187552168074
wchar: 56995218512
syscr: 22702656
syscw: 1700042
read_bytes: 25067960832
write_bytes: 57001222144
cancelled_write_bytes: 0

[2020-01-22T05:35:10-08:00]
rchar: 188426771784
wchar: 57427652882
syscr: 22808581
syscw: 1708691
read_bytes: 25122617856
write_bytes: 57433698304
cancelled_write_bytes: 0

[2020-01-22T05:35:13-08:00]
rchar: 189843467677
wchar: 57788190844
syscr: 22980321
syscw: 1720180
read_bytes: 25199180288
write_bytes: 57794519040
cancelled_write_bytes: 0

[2020-01-22T05:35:16-08:00]
rchar: 191761601026
wchar: 58253809786
syscr: 23212856
syscw: 1734974
read_bytes: 25308424704
write_bytes: 58259951616
cancelled_write_bytes: 0

[2020-01-22T05:35:19-08:00]
rchar: 192964369414
wchar: 58603636353
syscr: 23358613
syscw: 1745606
read_bytes: 25409747456
write_bytes: 58609963008
cancelled_write_bytes: 0

[2020-01-22T05:35:22-08:00]
rchar: 194741714661
wchar: 59089050954
syscr: 23574102
syscw: 1757626
read_bytes: 25491737088
write_bytes: 59095252992
cancelled_write_bytes: 0

[2020-01-22T05:35:25-08:00]
rchar: 196296255236
wchar: 59534305301
syscr: 23762598
syscw: 1768631
read_bytes: 25559218688
write_bytes: 59540545536
cancelled_write_bytes: 0

[2020-01-22T05:35:28-08:00]
rchar: 197988125432
wchar: 60029000208
syscr: 23967741
syscw: 1780113
read_bytes: 25631787520
write_bytes: 60035284992
cancelled_write_bytes: 0

[2020-01-22T05:35:31-08:00]
rchar: 198369454668
wchar: 60309011225
syscr: 24013896
syscw: 1783670
read_bytes: 25648048640
write_bytes: 60315320320
cancelled_write_bytes: 0

[2020-01-22T05:35:34-08:00]
rchar: 200056209725
wchar: 60807424594
syscr: 24217831
syscw: 1799827
read_bytes: 25771932160
write_bytes: 60813783040
cancelled_write_bytes: 0

[2020-01-22T05:35:37-08:00]
rchar: 201541107183
wchar: 61304102256
syscr: 24397862
syscw: 1815121
read_bytes: 25882122752
write_bytes: 61310513152
cancelled_write_bytes: 0

[2020-01-22T05:35:40-08:00]
rchar: 201713989364
wchar: 61529009969
syscr: 24418829
syscw: 1817174
read_bytes: 25890593280
write_bytes: 61536174080
cancelled_write_bytes: 0

[2020-01-22T05:35:43-08:00]
rchar: 203307087864
wchar: 62034686577
syscr: 24611840
syscw: 1831800
read_bytes: 25987021312
write_bytes: 62041174016
cancelled_write_bytes: 0

[2020-01-22T05:35:46-08:00]
rchar: 205024298660
wchar: 62555378157
syscr: 24820016
syscw: 1846937
read_bytes: 26091563520
write_bytes: 62561906688
cancelled_write_bytes: 0

[2020-01-22T05:35:49-08:00]
rchar: 205848522654
wchar: 62838050614
syscr: 24919966
syscw: 1855265
read_bytes: 26138556928
write_bytes: 62844608512
cancelled_write_bytes: 0

[2020-01-22T05:35:52-08:00]
rchar: 207181420776
wchar: 63362171316
syscr: 25081460
syscw: 1867005
read_bytes: 26207992320
write_bytes: 63368781824
cancelled_write_bytes: 0

[2020-01-22T05:35:55-08:00]
rchar: 208729314661
wchar: 63772616793
syscr: 25269101
syscw: 1880021
read_bytes: 26285685248
write_bytes: 63779287040
cancelled_write_bytes: 0

[2020-01-22T05:35:58-08:00]
rchar: 210277391615
wchar: 64055815149
syscr: 25456759
syscw: 1891539
read_bytes: 26397403648
write_bytes: 64062517248
cancelled_write_bytes: 0

[2020-01-22T05:36:01-08:00]
rchar: 210974902625
wchar: 64496711555
syscr: 25541260
syscw: 1897505
read_bytes: 26441612800
write_bytes: 64503500800
cancelled_write_bytes: 0

[2020-01-22T05:36:04-08:00]
rchar: 212321325614
wchar: 65148042029
syscr: 25704527
syscw: 1906162
read_bytes: 26570661376
write_bytes: 65154854912
cancelled_write_bytes: 0

[2020-01-22T05:36:07-08:00]
rchar: 213454907064
wchar: 65644325771
syscr: 25841971
syscw: 1914153
read_bytes: 26696642048
write_bytes: 65651150848
cancelled_write_bytes: 0

[2020-01-22T05:36:10-08:00]
rchar: 214580132242
wchar: 66136091239
syscr: 25978421
syscw: 1922160
read_bytes: 26816822784
write_bytes: 66142978048
cancelled_write_bytes: 0

[2020-01-22T05:36:13-08:00]
rchar: 215840939199
wchar: 66704003321
syscr: 26131259
syscw: 1930883
read_bytes: 26960440832
write_bytes: 66711248896
cancelled_write_bytes: 0

[2020-01-22T05:36:16-08:00]
rchar: 216733907968
wchar: 67087292480
syscr: 26239540
syscw: 1937838
read_bytes: 27048111616
write_bytes: 67095257088
cancelled_write_bytes: 0

[2020-01-22T05:36:19-08:00]
rchar: 217785548631
wchar: 67518014474
syscr: 26367024
syscw: 1945099
read_bytes: 27179871744
write_bytes: 67525017600
cancelled_write_bytes: 0

[2020-01-22T05:36:22-08:00]
rchar: 218458363606
wchar: 67861447940
syscr: 26448610
syscw: 1951437
read_bytes: 27256864256
write_bytes: 67868483584
cancelled_write_bytes: 0

[2020-01-22T05:36:25-08:00]
rchar: 219867264687
wchar: 68460041186
syscr: 26619354
syscw: 1960102
read_bytes: 27401985536
write_bytes: 68467146752
cancelled_write_bytes: 0

[2020-01-22T05:36:28-08:00]
rchar: 220593173348
wchar: 68795854859
syscr: 26707363
syscw: 1964809
read_bytes: 27444641280
write_bytes: 68803035136
cancelled_write_bytes: 0

[2020-01-22T05:36:31-08:00]
rchar: 222279906440
wchar: 69377802576
syscr: 26911798
syscw: 1975962
read_bytes: 27578072576
write_bytes: 69385039872
cancelled_write_bytes: 0

[2020-01-22T05:36:34-08:00]
rchar: 223347221787
wchar: 69762520321
syscr: 27040597
syscw: 1983703
read_bytes: 27671756288
write_bytes: 69769797632
cancelled_write_bytes: 0

[2020-01-22T05:36:37-08:00]
rchar: 224218424432
wchar: 70051750159
syscr: 27146185
syscw: 1994014
read_bytes: 27804429824
write_bytes: 70059077632
cancelled_write_bytes: 0

[2020-01-22T05:36:40-08:00]
rchar: 225502531864
wchar: 70400911537
syscr: 27301707
syscw: 2007860
read_bytes: 27906313728
write_bytes: 70408282112
cancelled_write_bytes: 0

[2020-01-22T05:36:43-08:00]
rchar: 227310852560
wchar: 70885973752
syscr: 27520948
syscw: 2024157
read_bytes: 28004806144
write_bytes: 70893391872
cancelled_write_bytes: 0

[2020-01-22T05:36:46-08:00]
rchar: 228241686512
wchar: 71333511557
syscr: 27633702
syscw: 2033650
read_bytes: 28054007296
write_bytes: 71340969984
cancelled_write_bytes: 0

[2020-01-22T05:36:49-08:00]
rchar: 229910390019
wchar: 71724108658
syscr: 27836004
syscw: 2047112
read_bytes: 28129385984
write_bytes: 71731605504
cancelled_write_bytes: 0

[2020-01-22T05:36:52-08:00]
rchar: 232063186907
wchar: 72205966552
syscr: 28096998
syscw: 2063264
read_bytes: 28230913536
write_bytes: 72213508096
cancelled_write_bytes: 0

[2020-01-22T05:36:55-08:00]
rchar: 232725793905
wchar: 72551526037
syscr: 28177346
syscw: 2069232
read_bytes: 28259474944
write_bytes: 72559874048
cancelled_write_bytes: 0

[2020-01-22T05:36:58-08:00]
rchar: 234242645341
wchar: 72916013621
syscr: 28361145
syscw: 2079898
read_bytes: 28319579648
write_bytes: 72923643904
cancelled_write_bytes: 0

[2020-01-22T05:37:01-08:00]
rchar: 236728237649
wchar: 73474208124
syscr: 28662441
syscw: 2097137
read_bytes: 28417342976
write_bytes: 73481887744
cancelled_write_bytes: 0

[2020-01-22T05:37:04-08:00]
rchar: 237838128277
wchar: 73775263650
syscr: 28797020
syscw: 2105789
read_bytes: 28458376704
write_bytes: 73782964224
cancelled_write_bytes: 0

[2020-01-22T05:37:07-08:00]
rchar: 239076572595
wchar: 74268697978
syscr: 28947099
syscw: 2114945
read_bytes: 28500393472
write_bytes: 74276429824
cancelled_write_bytes: 0

[2020-01-22T05:37:10-08:00]
rchar: 240967815212
wchar: 74712576326
syscr: 29176415
syscw: 2127185
read_bytes: 28562210304
write_bytes: 74720346112
cancelled_write_bytes: 0

[2020-01-22T05:37:13-08:00]
rchar: 243395836162
wchar: 75332798423
syscr: 29470184
syscw: 2143089
read_bytes: 28644171264
write_bytes: 75340615680
cancelled_write_bytes: 0

[2020-01-22T05:37:16-08:00]
rchar: 243832265834
wchar: 75510628993
syscr: 29523110
syscw: 2148299
read_bytes: 28667526656
write_bytes: 75518455808
cancelled_write_bytes: 0

[2020-01-22T05:37:19-08:00]
rchar: 245338557719
wchar: 76093365519
syscr: 29705641
syscw: 2162881
read_bytes: 28746915328
write_bytes: 76101242880
cancelled_write_bytes: 0

[2020-01-22T05:37:22-08:00]
rchar: 246728731599
wchar: 76457126406
syscr: 29874172
syscw: 2176555
read_bytes: 28819111424
write_bytes: 76465254400
cancelled_write_bytes: 0

[2020-01-22T05:37:25-08:00]
rchar: 247881231745
wchar: 76925915164
syscr: 30013883
syscw: 2187096
read_bytes: 28877106688
write_bytes: 76933865472
cancelled_write_bytes: 0

[2020-01-22T05:37:28-08:00]
rchar: 248908085333
wchar: 77236711166
syscr: 30138272
syscw: 2196292
read_bytes: 28919275008
write_bytes: 77244719104
cancelled_write_bytes: 0

[2020-01-22T05:37:31-08:00]
rchar: 251258390955
wchar: 77754128196
syscr: 30423213
syscw: 2214604
read_bytes: 29024452096
write_bytes: 77762203648
cancelled_write_bytes: 0

[2020-01-22T05:37:34-08:00]
rchar: 252299025913
wchar: 77972737112
syscr: 30549355
syscw: 2222761
read_bytes: 29072182784
write_bytes: 77980831744
cancelled_write_bytes: 0

[2020-01-22T05:37:37-08:00]
rchar: 253530680144
wchar: 78534133988
syscr: 30698623
syscw: 2232480
read_bytes: 29121351168
write_bytes: 78542282752
cancelled_write_bytes: 0

[2020-01-22T05:37:40-08:00]
rchar: 254433781137
wchar: 78953045475
syscr: 30808098
syscw: 2238471
read_bytes: 29154065920
write_bytes: 78961246208
cancelled_write_bytes: 0

[2020-01-22T05:37:43-08:00]
rchar: 255625166006
wchar: 79353043744
syscr: 30952517
syscw: 2247333
read_bytes: 29241392640
write_bytes: 79361269760
cancelled_write_bytes: 0

[2020-01-22T05:37:46-08:00]
rchar: 257638159740
wchar: 79881971543
syscr: 31196574
syscw: 2261218
read_bytes: 29418847744
write_bytes: 79890247680
cancelled_write_bytes: 0

[2020-01-22T05:37:49-08:00]
rchar: 258490309608
wchar: 80136920326
syscr: 31299907
syscw: 2267640
read_bytes: 29477117440
write_bytes: 80145219584
cancelled_write_bytes: 0

[2020-01-22T05:37:52-08:00]
rchar: 259746354359
wchar: 80588368415
syscr: 31452080
syscw: 2277088
read_bytes: 29569691136
write_bytes: 80596713472
cancelled_write_bytes: 0

[2020-01-22T05:37:55-08:00]
rchar: 262054526809
wchar: 81030991913
syscr: 31731924
syscw: 2291103
read_bytes: 29755870720
write_bytes: 81039384576
cancelled_write_bytes: 0

[2020-01-22T05:37:58-08:00]
rchar: 264217752125
wchar: 81355376936
syscr: 31994221
syscw: 2304989
read_bytes: 29908848128
write_bytes: 81363791872
cancelled_write_bytes: 0

[2020-01-22T05:38:01-08:00]
rchar: 265703274476
wchar: 81704649971
syscr: 32174188
syscw: 2314549
read_bytes: 29979606528
write_bytes: 81713127424
cancelled_write_bytes: 0

[2020-01-22T05:38:04-08:00]
rchar: 267923880186
wchar: 82025141604
syscr: 32443388
syscw: 2325522
read_bytes: 30054661632
write_bytes: 82033651712
cancelled_write_bytes: 0

[2020-01-22T05:38:07-08:00]
rchar: 270215728214
wchar: 82573041458
syscr: 32721274
syscw: 2339059
read_bytes: 30113033728
write_bytes: 82581590016
cancelled_write_bytes: 0

[2020-01-22T05:38:10-08:00]
rchar: 270937907794
wchar: 82761295286
syscr: 32808840
syscw: 2343490
read_bytes: 30130695680
write_bytes: 82769854464
cancelled_write_bytes: 0

[2020-01-22T05:38:13-08:00]
rchar: 273305531653
wchar: 83368571043
syscr: 33095828
syscw: 2356886
read_bytes: 30189002240
write_bytes: 83377172480
cancelled_write_bytes: 0

[2020-01-22T05:38:16-08:00]
rchar: 275363970620
wchar: 83764824698
syscr: 33345414
syscw: 2368727
read_bytes: 30237457920
write_bytes: 83773456384
cancelled_write_bytes: 0

[2020-01-22T05:38:19-08:00]
rchar: 277516590711
wchar: 84272435015
syscr: 33605663
syscw: 2383388
read_bytes: 30307757568
write_bytes: 84281106432
cancelled_write_bytes: 0

[2020-01-22T05:38:22-08:00]
rchar: 277774960855
wchar: 84521258063
syscr: 33636967
syscw: 2387705
read_bytes: 30322548224
write_bytes: 84529954816
cancelled_write_bytes: 0

[2020-01-22T05:38:25-08:00]
rchar: 279692168553
wchar: 85010441562
syscr: 33869316
syscw: 2404843
read_bytes: 30410481152
write_bytes: 85019193344
cancelled_write_bytes: 0

[2020-01-22T05:38:28-08:00]
rchar: 281381627682
wchar: 85502866681
syscr: 34074144
syscw: 2419837
read_bytes: 30484409856
write_bytes: 85511655424
cancelled_write_bytes: 0

[2020-01-22T05:38:31-08:00]
rchar: 281793729761
wchar: 85774924618
syscr: 34124031
syscw: 2425441
read_bytes: 30504377856
write_bytes: 85783748608
cancelled_write_bytes: 0

[2020-01-22T05:38:34-08:00]
rchar: 283495825829
wchar: 86145918414
syscr: 34330347
syscw: 2440059
read_bytes: 30568377856
write_bytes: 86154784768
cancelled_write_bytes: 0

[2020-01-22T05:38:37-08:00]
rchar: 285713970552
wchar: 86631616696
syscr: 34599259
syscw: 2457168
read_bytes: 30653357568
write_bytes: 86641328128
cancelled_write_bytes: 0

[2020-01-22T05:38:40-08:00]
rchar: 286633552136
wchar: 87149103568
syscr: 34710688
syscw: 2464654
read_bytes: 30681370112
write_bytes: 87158067200
cancelled_write_bytes: 0

[2020-01-22T05:38:43-08:00]
rchar: 287478301876
wchar: 87586156757
syscr: 34813119
syscw: 2469516
read_bytes: 30697188864
write_bytes: 87595163648
cancelled_write_bytes: 0

[2020-01-22T05:38:46-08:00]
rchar: 288805973355
wchar: 88283875456
syscr: 34974077
syscw: 2477541
read_bytes: 30721232384
write_bytes: 88292941824
cancelled_write_bytes: 0

[2020-01-22T05:38:49-08:00]
rchar: 289533911636
wchar: 88658122631
syscr: 35062234
syscw: 2482187
read_bytes: 30748307968
write_bytes: 88667275264
cancelled_write_bytes: 0

[2020-01-22T05:38:52-08:00]
rchar: 291166512972
wchar: 89306223150
syscr: 35260158
syscw: 2493496
read_bytes: 30922764800
write_bytes: 89315409920
cancelled_write_bytes: 0

[2020-01-22T05:38:55-08:00]
rchar: 292400897380
wchar: 89748265002
syscr: 35409831
syscw: 2503456
read_bytes: 31042052608
write_bytes: 89757741056
cancelled_write_bytes: 0

[2020-01-22T05:38:58-08:00]
rchar: 293361952360
wchar: 90099599382
syscr: 35526370
syscw: 2510606
read_bytes: 31143711232
write_bytes: 90108833792
cancelled_write_bytes: 0

[2020-01-22T05:39:01-08:00]
rchar: 294073530193
wchar: 90460180376
syscr: 35612665
syscw: 2517175
read_bytes: 31208112640
write_bytes: 90470920192
cancelled_write_bytes: 0

[2020-01-22T05:39:04-08:00]
rchar: 295196574612
wchar: 90841144247
syscr: 35748758
syscw: 2526007
read_bytes: 31305425408
write_bytes: 90850492416
cancelled_write_bytes: 0

[2020-01-22T05:39:07-08:00]
rchar: 296904218143
wchar: 91460560813
syscr: 35955819
syscw: 2536665
read_bytes: 31463703040
write_bytes: 91470581760
cancelled_write_bytes: 0

[2020-01-22T05:39:10-08:00]
rchar: 298465552755
wchar: 91995480002
syscr: 36145143
syscw: 2547157
read_bytes: 31603958272
write_bytes: 92004884480
cancelled_write_bytes: 0

[2020-01-22T05:39:13-08:00]
rchar: 299787712328
wchar: 92423890135
syscr: 36305458
syscw: 2556761
read_bytes: 31709262336
write_bytes: 92433371136
cancelled_write_bytes: 0

[2020-01-22T05:39:16-08:00]
rchar: 300612733967
wchar: 92695110626
syscr: 36405495
syscw: 2562472
read_bytes: 31779410432
write_bytes: 92704600064
cancelled_write_bytes: 0

[2020-01-22T05:39:19-08:00]
rchar: 301816972946
wchar: 93246549117
syscr: 36551429
syscw: 2571181
read_bytes: 31875899904
write_bytes: 93256077312
cancelled_write_bytes: 0

[2020-01-22T05:39:22-08:00]
rchar: 303272279647
wchar: 93655919281
syscr: 36727892
syscw: 2580905
read_bytes: 31983890944
write_bytes: 93665480704
cancelled_write_bytes: 0

[2020-01-22T05:39:25-08:00]
rchar: 304712334487
wchar: 94150741788
syscr: 36901873
syscw: 2591826
read_bytes: 32144294400
write_bytes: 94160388096
cancelled_write_bytes: 0

[2020-01-22T05:39:28-08:00]
rchar: 305835258524
wchar: 94564328720
syscr: 37038036
syscw: 2602869
read_bytes: 32296833536
write_bytes: 94573961216
cancelled_write_bytes: 0

[2020-01-22T05:39:31-08:00]
rchar: 306884385630
wchar: 94986342840
syscr: 37165264
syscw: 2612230
read_bytes: 32424636928
write_bytes: 94996021248
cancelled_write_bytes: 0

[2020-01-22T05:39:34-08:00]
rchar: 307501891154
wchar: 95354689297
syscr: 37240150
syscw: 2619997
read_bytes: 32482132480
write_bytes: 95364427776
cancelled_write_bytes: 0

[2020-01-22T05:39:37-08:00]
rchar: 309036185785
wchar: 95904952649
syscr: 37426031
syscw: 2631802
read_bytes: 32659141120
write_bytes: 95914741760
cancelled_write_bytes: 0

[2020-01-22T05:39:40-08:00]
rchar: 310186874753
wchar: 96297889550
syscr: 37565484
syscw: 2641887
read_bytes: 32761152000
write_bytes: 96307720192
cancelled_write_bytes: 0

[2020-01-22T05:39:43-08:00]
rchar: 311700635299
wchar: 96734839747
syscr: 37748953
syscw: 2654049
read_bytes: 32913601024
write_bytes: 96745508864
cancelled_write_bytes: 0

[2020-01-22T05:39:46-08:00]
rchar: 312493462544
wchar: 97008309327
syscr: 37845044
syscw: 2662074
read_bytes: 32978338304
write_bytes: 97018224640
cancelled_write_bytes: 0

[2020-01-22T05:39:49-08:00]
rchar: 313870939441
wchar: 97681670443
syscr: 38011995
syscw: 2672185
read_bytes: 33033630208
write_bytes: 97691615232
cancelled_write_bytes: 0

[2020-01-22T05:39:52-08:00]
rchar: 314900215681
wchar: 98144504141
syscr: 38136812
syscw: 2679834
read_bytes: 33068225024
write_bytes: 98154504192
cancelled_write_bytes: 0

[2020-01-22T05:39:55-08:00]
rchar: 316030056872
wchar: 98662398354
syscr: 38273778
syscw: 2687803
read_bytes: 33102873088
write_bytes: 98672467968
cancelled_write_bytes: 0

[2020-01-22T05:39:58-08:00]
rchar: 317246012186
wchar: 99238423225
syscr: 38421208
syscw: 2696510
read_bytes: 33139802624
write_bytes: 99248541696
cancelled_write_bytes: 0

[2020-01-22T05:40:01-08:00]
rchar: 318144756937
wchar: 99663642406
syscr: 38530111
syscw: 2703081
read_bytes: 33165861376
write_bytes: 99674320896
cancelled_write_bytes: 0

[2020-01-22T05:40:04-08:00]
rchar: 319135331403
wchar: 100057710915
syscr: 38649904
syscw: 2711010
read_bytes: 33194885632
write_bytes: 100068012032
cancelled_write_bytes: 0

[2020-01-22T05:40:07-08:00]
rchar: 319933301577
wchar: 100293220275
syscr: 38746455
syscw: 2719035
read_bytes: 33224114688
write_bytes: 100303564800
cancelled_write_bytes: 0

[2020-01-22T05:40:10-08:00]
rchar: 322536818054
wchar: 100620966275
syscr: 39062041
syscw: 2732779
read_bytes: 33288819200
write_bytes: 100631498752
cancelled_write_bytes: 0

[2020-01-22T05:40:13-08:00]
rchar: 324746986443
wchar: 101119184370
syscr: 39330022
syscw: 2747395
read_bytes: 33337192960
write_bytes: 101129588736
cancelled_write_bytes: 0

[2020-01-22T05:40:16-08:00]
rchar: 325793390919
wchar: 101512815395
syscr: 39456899
syscw: 2755386
read_bytes: 33360478720
write_bytes: 101523234816
cancelled_write_bytes: 0

[2020-01-22T05:40:19-08:00]
rchar: 327863650439
wchar: 101940240103
syscr: 39707832
syscw: 2767903
read_bytes: 33401082368
write_bytes: 101950697472
cancelled_write_bytes: 0

[2020-01-22T05:40:22-08:00]
rchar: 329886750619
wchar: 102389504106
syscr: 39953133
syscw: 2780197
read_bytes: 33437880832
write_bytes: 102399995904
cancelled_write_bytes: 0

[2020-01-22T05:40:25-08:00]
rchar: 331219076534
wchar: 102757835178
syscr: 40113961
syscw: 2791652
read_bytes: 33480114688
write_bytes: 102768357376
cancelled_write_bytes: 0

[2020-01-22T05:40:28-08:00]
rchar: 332120853920
wchar: 103156608928
syscr: 40223197
syscw: 2802345
read_bytes: 33514537472
write_bytes: 103167168512
cancelled_write_bytes: 0

[2020-01-22T05:40:31-08:00]
rchar: 333531844263
wchar: 103558386715
syscr: 40394262
syscw: 2816022
read_bytes: 33559626240
write_bytes: 103569756160
cancelled_write_bytes: 0

[2020-01-22T05:40:34-08:00]
rchar: 334988441419
wchar: 103961512514
syscr: 40570850
syscw: 2828916
read_bytes: 33607324160
write_bytes: 103972167680
cancelled_write_bytes: 0

[2020-01-22T05:40:37-08:00]
rchar: 336049690319
wchar: 104352588968
syscr: 40699410
syscw: 2839896
read_bytes: 33642516992
write_bytes: 104363278336
cancelled_write_bytes: 0

[2020-01-22T05:40:40-08:00]
rchar: 337726868742
wchar: 104749893888
syscr: 40902743
syscw: 2853871
read_bytes: 33689219584
write_bytes: 104760619008
cancelled_write_bytes: 0

[2020-01-22T05:40:43-08:00]
rchar: 339453204484
wchar: 105144532236
syscr: 41112036
syscw: 2867492
read_bytes: 33739297280
write_bytes: 105155293184
cancelled_write_bytes: 0

[2020-01-22T05:40:46-08:00]
rchar: 340357757057
wchar: 105608450111
syscr: 41221636
syscw: 2875450
read_bytes: 33760727552
write_bytes: 105619800064
cancelled_write_bytes: 0

[2020-01-22T05:40:49-08:00]
rchar: 341270493018
wchar: 106067232304
syscr: 41332318
syscw: 2881333
read_bytes: 33773285888
write_bytes: 106078064640
cancelled_write_bytes: 0

[2020-01-22T05:40:52-08:00]
rchar: 342106070960
wchar: 106512917014
syscr: 41433601
syscw: 2886448
read_bytes: 33784713728
write_bytes: 106524491776
cancelled_write_bytes: 0

[2020-01-22T05:40:55-08:00]
rchar: 343633542600
wchar: 107101409313
syscr: 41618694
syscw: 2897390
read_bytes: 33891865088
write_bytes: 107112374272
cancelled_write_bytes: 0

[2020-01-22T05:40:58-08:00]
rchar: 344953686358
wchar: 107548818549
syscr: 41778767
syscw: 2908186
read_bytes: 33996030464
write_bytes: 107559784448
cancelled_write_bytes: 0

[2020-01-22T05:41:01-08:00]
rchar: 346465419791
wchar: 108080259751
syscr: 41962076
syscw: 2919382
read_bytes: 34115547648
write_bytes: 108091240448
cancelled_write_bytes: 0

[2020-01-22T05:41:04-08:00]
rchar: 347216942043
wchar: 108396630602
syscr: 42053202
syscw: 2926561
read_bytes: 34166100480
write_bytes: 108407635968
cancelled_write_bytes: 0

[2020-01-22T05:41:08-08:00]
rchar: 348382243000
wchar: 108802252879
syscr: 42194426
syscw: 2935966
read_bytes: 34237706752
write_bytes: 108813328384
cancelled_write_bytes: 0

[2020-01-22T05:41:11-08:00]
rchar: 350102010666
wchar: 109368948105
syscr: 42402965
syscw: 2947196
read_bytes: 34357301760
write_bytes: 109380079616
cancelled_write_bytes: 0

[2020-01-22T05:41:14-08:00]
rchar: 351818352901
wchar: 109884897018
syscr: 42611077
syscw: 2959300
read_bytes: 34477801984
write_bytes: 109896056832
cancelled_write_bytes: 0

[2020-01-22T05:41:17-08:00]
rchar: 353369197779
wchar: 110369054817
syscr: 42799125
syscw: 2970131
read_bytes: 34587808256
write_bytes: 110380228608
cancelled_write_bytes: 0

[2020-01-22T05:41:20-08:00]
rchar: 354064287175
wchar: 110602370564
syscr: 42883413
syscw: 2976882
read_bytes: 34624807424
write_bytes: 110613585920
cancelled_write_bytes: 0

[2020-01-22T05:41:23-08:00]
rchar: 355519538339
wchar: 111103111714
syscr: 43059797
syscw: 2987817
read_bytes: 34705674752
write_bytes: 111114424320
cancelled_write_bytes: 0

[2020-01-22T05:41:26-08:00]
rchar: 357224036847
wchar: 111571019314
syscr: 43266450
syscw: 2999714
read_bytes: 34797511168
write_bytes: 111582359552
cancelled_write_bytes: 0

[2020-01-22T05:41:29-08:00]
rchar: 358843004010
wchar: 112034099029
syscr: 43462123
syscw: 3012385
read_bytes: 34933125632
write_bytes: 112046313472
cancelled_write_bytes: 0

[2020-01-22T05:41:32-08:00]
rchar: 359748326491
wchar: 112347461176
syscr: 43571912
syscw: 3021324
read_bytes: 35028468224
write_bytes: 112358854656
cancelled_write_bytes: 0

[2020-01-22T05:41:35-08:00]
rchar: 360423938590
wchar: 112695711841
syscr: 43653842
syscw: 3030327
read_bytes: 35084374528
write_bytes: 112707170304
cancelled_write_bytes: 0

[2020-01-22T05:41:38-08:00]
rchar: 361961945619
wchar: 113187217320
syscr: 43840252
syscw: 3043124
read_bytes: 35236307456
write_bytes: 113198686208
cancelled_write_bytes: 0

[2020-01-22T05:41:41-08:00]
rchar: 363408070561
wchar: 113612376346
syscr: 44015580
syscw: 3056026
read_bytes: 35359449600
write_bytes: 113623871488
cancelled_write_bytes: 0

[2020-01-22T05:41:44-08:00]
rchar: 364792390681
wchar: 114010310967
syscr: 44183405
syscw: 3068709
read_bytes: 35468714496
write_bytes: 114021900288
cancelled_write_bytes: 0

[2020-01-22T05:41:47-08:00]
rchar: 365505949288
wchar: 114302364087
syscr: 44269930
syscw: 3077030
read_bytes: 35517125120
write_bytes: 114314981376
cancelled_write_bytes: 0

[2020-01-22T05:41:50-08:00]
rchar: 367136057939
wchar: 114924702638
syscr: 44467510
syscw: 3089512
read_bytes: 35591840256
write_bytes: 114936307712
cancelled_write_bytes: 0

[2020-01-22T05:41:53-08:00]
rchar: 368261191611
wchar: 115310204957
syscr: 44603948
syscw: 3098744
read_bytes: 35634745856
write_bytes: 115321942016
cancelled_write_bytes: 0

[2020-01-22T05:41:56-08:00]
rchar: 370097834100
wchar: 116050191474
syscr: 44826651
syscw: 3112105
read_bytes: 35704156672
write_bytes: 116061892608
cancelled_write_bytes: 0

[2020-01-22T05:41:59-08:00]
rchar: 371206663824
wchar: 116437171520
syscr: 44961109
syscw: 3121115
read_bytes: 35745096192
write_bytes: 116448919552
cancelled_write_bytes: 0

[2020-01-22T05:42:02-08:00]
rchar: 372020754882
wchar: 116716470059
syscr: 45059828
syscw: 3128699
read_bytes: 35773231616
write_bytes: 116728877056
cancelled_write_bytes: 0

[2020-01-22T05:42:05-08:00]
rchar: 373326572107
wchar: 117282064515
syscr: 45218179
syscw: 3139182
read_bytes: 35822187008
write_bytes: 117293924352
cancelled_write_bytes: 0

[2020-01-22T05:42:08-08:00]
rchar: 374323898936
wchar: 117657062884
syscr: 45338992
syscw: 3147872
read_bytes: 35860521472
write_bytes: 117668970496
cancelled_write_bytes: 0

[2020-01-22T05:42:11-08:00]
rchar: 376096789649
wchar: 118221779302
syscr: 45553764
syscw: 3160763
read_bytes: 35934519808
write_bytes: 118233763840
cancelled_write_bytes: 0

[2020-01-22T05:42:14-08:00]
rchar: 377522438536
wchar: 118611104280
syscr: 45726462
syscw: 3171652
read_bytes: 36008358400
write_bytes: 118623141888
cancelled_write_bytes: 0

[2020-01-22T05:42:17-08:00]
rchar: 378291733246
wchar: 118764568734
syscr: 45819402
syscw: 3178363
read_bytes: 36039107072
write_bytes: 118776680448
cancelled_write_bytes: 0

[2020-01-22T05:42:20-08:00]
rchar: 380699832641
wchar: 119095197831
syscr: 46111099
syscw: 3194064
read_bytes: 36093264384
write_bytes: 119107350528
cancelled_write_bytes: 0

[2020-01-22T05:42:23-08:00]
rchar: 384064376708
wchar: 119505738486
syscr: 46519041
syscw: 3210676
read_bytes: 36144443904
write_bytes: 119517913088
cancelled_write_bytes: 0

[2020-01-22T05:42:26-08:00]
rchar: 385789493818
wchar: 119945862931
syscr: 46728124
syscw: 3222611
read_bytes: 36168782336
write_bytes: 119958073344
cancelled_write_bytes: 0

[2020-01-22T05:42:29-08:00]
rchar: 389287817317
wchar: 120466809947
syscr: 47152285
syscw: 3239977
read_bytes: 36212965888
write_bytes: 120479055872
cancelled_write_bytes: 0

[2020-01-22T05:42:32-08:00]
rchar: 391120546213
wchar: 120830921612
syscr: 47374502
syscw: 3250402
read_bytes: 36234269184
write_bytes: 120843186176
cancelled_write_bytes: 0

[2020-01-22T05:42:35-08:00]
rchar: 392916226820
wchar: 121268290905
syscr: 47592140
syscw: 3262048
read_bytes: 36256948736
write_bytes: 121280585728
cancelled_write_bytes: 0

[2020-01-22T05:42:38-08:00]
rchar: 396259518871
wchar: 121738792025
syscr: 47996732
syscw: 3278474
read_bytes: 36296503808
write_bytes: 121751150592
cancelled_write_bytes: 0

[2020-01-22T05:42:41-08:00]
rchar: 397026679054
wchar: 121993325712
syscr: 48089739
syscw: 3287038
read_bytes: 36312252928
write_bytes: 122005712896
cancelled_write_bytes: 0

[2020-01-22T05:42:44-08:00]
rchar: 397026679054
wchar: 121993325788
syscr: 48089739
syscw: 3287039
read_bytes: 36312252928
write_bytes: 122005721088
cancelled_write_bytes: 0

[2020-01-22T05:42:47-08:00]
rchar: 397026679054
wchar: 121993325788
syscr: 48089739
syscw: 3287039
read_bytes: 36312252928
write_bytes: 122005721088
cancelled_write_bytes: 0

[2020-01-22T05:42:50-08:00]
rchar: 397026679054
wchar: 121993325788
syscr: 48089739
syscw: 3287039
read_bytes: 36312252928
write_bytes: 122005721088
cancelled_write_bytes: 0

[2020-01-22T05:42:53-08:00]
rchar: 397026679054
wchar: 121993325788
syscr: 48089739
syscw: 3287039
read_bytes: 36312252928
write_bytes: 122005721088
cancelled_write_bytes: 0

