[2020-01-22T06:56:00-08:00]
rchar: 16583888
wchar: 209
syscr: 2824
syscw: 10
read_bytes: 704512
write_bytes: 53248
cancelled_write_bytes: 0

[2020-01-22T06:56:03-08:00]
rchar: 16583888
wchar: 209
syscr: 2824
syscw: 10
read_bytes: 704512
write_bytes: 53248
cancelled_write_bytes: 0

[2020-01-22T06:56:06-08:00]
rchar: 16583888
wchar: 209
syscr: 2824
syscw: 10
read_bytes: 704512
write_bytes: 53248
cancelled_write_bytes: 0

[2020-01-22T06:56:09-08:00]
rchar: 16583888
wchar: 209
syscr: 2824
syscw: 10
read_bytes: 704512
write_bytes: 61440
cancelled_write_bytes: 0

[2020-01-22T06:56:12-08:00]
rchar: 16583888
wchar: 209
syscr: 2824
syscw: 10
read_bytes: 704512
write_bytes: 61440
cancelled_write_bytes: 0

[2020-01-22T06:56:15-08:00]
rchar: 16583888
wchar: 209
syscr: 2824
syscw: 10
read_bytes: 704512
write_bytes: 61440
cancelled_write_bytes: 0

[2020-01-22T06:56:18-08:00]
rchar: 16583888
wchar: 209
syscr: 2824
syscw: 10
read_bytes: 704512
write_bytes: 61440
cancelled_write_bytes: 0

[2020-01-22T06:56:21-08:00]
rchar: 16583888
wchar: 209
syscr: 2824
syscw: 10
read_bytes: 704512
write_bytes: 69632
cancelled_write_bytes: 0

[2020-01-22T06:56:24-08:00]
rchar: 16583888
wchar: 209
syscr: 2824
syscw: 10
read_bytes: 704512
write_bytes: 77824
cancelled_write_bytes: 0

[2020-01-22T06:56:27-08:00]
rchar: 16926717
wchar: 209
syscr: 3026
syscw: 10
read_bytes: 757760
write_bytes: 102400
cancelled_write_bytes: 0

[2020-01-22T06:56:30-08:00]
rchar: 333271292
wchar: 216183896
syscr: 15153
syscw: 2189
read_bytes: 333138432
write_bytes: 216338432
cancelled_write_bytes: 0

[2020-01-22T06:56:33-08:00]
rchar: 770562759
wchar: 374889632
syscr: 68190
syscw: 27538
read_bytes: 956041728
write_bytes: 375046144
cancelled_write_bytes: 0

[2020-01-22T06:56:36-08:00]
rchar: 1062475077
wchar: 596865751
syscr: 103593
syscw: 41445
read_bytes: 1363974656
write_bytes: 597172224
cancelled_write_bytes: 0

[2020-01-22T06:56:39-08:00]
rchar: 1765203327
wchar: 977749369
syscr: 188722
syscw: 54126
read_bytes: 1724889600
write_bytes: 977944576
cancelled_write_bytes: 0

[2020-01-22T06:56:42-08:00]
rchar: 2522305012
wchar: 1282941703
syscr: 280533
syscw: 68165
read_bytes: 2264513024
write_bytes: 1283158016
cancelled_write_bytes: 0

[2020-01-22T06:56:45-08:00]
rchar: 2955056132
wchar: 1639877969
syscr: 333012
syscw: 76684
read_bytes: 2575153664
write_bytes: 1640120320
cancelled_write_bytes: 0

[2020-01-22T06:56:48-08:00]
rchar: 3925207657
wchar: 1942304794
syscr: 450565
syscw: 89181
read_bytes: 3067558400
write_bytes: 1942585344
cancelled_write_bytes: 0

[2020-01-22T06:56:51-08:00]
rchar: 5017403874
wchar: 2298140227
syscr: 583003
syscw: 102787
read_bytes: 3545590272
write_bytes: 2298843136
cancelled_write_bytes: 0

[2020-01-22T06:56:54-08:00]
rchar: 5525419462
wchar: 2578628333
syscr: 644093
syscw: 109398
read_bytes: 3696093696
write_bytes: 2579177472
cancelled_write_bytes: 0

[2020-01-22T06:56:57-08:00]
rchar: 7308363859
wchar: 2797829933
syscr: 860187
syscw: 129441
read_bytes: 4189936128
write_bytes: 2798243840
cancelled_write_bytes: 0

[2020-01-22T06:57:00-08:00]
rchar: 8416590733
wchar: 3017690564
syscr: 994558
syscw: 141821
read_bytes: 4498139648
write_bytes: 3018108928
cancelled_write_bytes: 0

[2020-01-22T06:57:03-08:00]
rchar: 9407711506
wchar: 3148135336
syscr: 1114644
syscw: 151188
read_bytes: 4711758336
write_bytes: 3148566528
cancelled_write_bytes: 0

[2020-01-22T06:57:06-08:00]
rchar: 11575840197
wchar: 3310750760
syscr: 1377524
syscw: 170040
read_bytes: 5173606912
write_bytes: 3311190016
cancelled_write_bytes: 0

[2020-01-22T06:57:09-08:00]
rchar: 12680490310
wchar: 3708881035
syscr: 1511377
syscw: 178798
read_bytes: 5341592064
write_bytes: 3709345792
cancelled_write_bytes: 0

[2020-01-22T06:57:12-08:00]
rchar: 14457680626
wchar: 4216286403
syscr: 1726860
syscw: 190309
read_bytes: 5567236608
write_bytes: 4216786944
cancelled_write_bytes: 0

[2020-01-22T06:57:15-08:00]
rchar: 16137282369
wchar: 4694265571
syscr: 1930513
syscw: 201438
read_bytes: 5785844224
write_bytes: 4694794240
cancelled_write_bytes: 0

[2020-01-22T06:57:18-08:00]
rchar: 16877541569
wchar: 5084328891
syscr: 2019777
syscw: 208309
read_bytes: 5914593792
write_bytes: 5084938240
cancelled_write_bytes: 0

[2020-01-22T06:57:21-08:00]
rchar: 17711464878
wchar: 5396317080
syscr: 2120817
syscw: 218401
read_bytes: 6126041600
write_bytes: 5397037056
cancelled_write_bytes: 0

[2020-01-22T06:57:24-08:00]
rchar: 19033797364
wchar: 5562064364
syscr: 2281158
syscw: 236260
read_bytes: 6570330624
write_bytes: 5562806272
cancelled_write_bytes: 0

[2020-01-22T06:57:27-08:00]
rchar: 19144218016
wchar: 5718586565
syscr: 2294548
syscw: 238493
read_bytes: 6607641088
write_bytes: 5719330816
cancelled_write_bytes: 0

[2020-01-22T06:57:30-08:00]
rchar: 20984014388
wchar: 5922947157
syscr: 2517539
syscw: 258648
read_bytes: 7053859328
write_bytes: 5923704832
cancelled_write_bytes: 0

[2020-01-22T06:57:33-08:00]
rchar: 21895070888
wchar: 6180263031
syscr: 2628006
syscw: 268631
read_bytes: 7275559424
write_bytes: 6181023744
cancelled_write_bytes: 0

[2020-01-22T06:57:36-08:00]
rchar: 24523036595
wchar: 6372826507
syscr: 2946555
syscw: 291619
read_bytes: 7767570944
write_bytes: 6373601280
cancelled_write_bytes: 0

[2020-01-22T06:57:39-08:00]
rchar: 25575568126
wchar: 6684053779
syscr: 3074091
syscw: 300838
read_bytes: 7947700736
write_bytes: 6684848128
cancelled_write_bytes: 0

[2020-01-22T06:57:42-08:00]
rchar: 27240745749
wchar: 7174692432
syscr: 3275993
syscw: 311941
read_bytes: 8132291072
write_bytes: 7175520256
cancelled_write_bytes: 0

[2020-01-22T06:57:45-08:00]
rchar: 28998000647
wchar: 7706350509
syscr: 3489061
syscw: 323555
read_bytes: 8324942336
write_bytes: 7707549696
cancelled_write_bytes: 0

[2020-01-22T06:57:48-08:00]
rchar: 30290490467
wchar: 8081713458
syscr: 3645263
syscw: 333973
read_bytes: 8503581184
write_bytes: 8082628608
cancelled_write_bytes: 0

[2020-01-22T06:57:51-08:00]
rchar: 30398715671
wchar: 8329081171
syscr: 3658384
syscw: 335571
read_bytes: 8519809536
write_bytes: 8330014720
cancelled_write_bytes: 0

[2020-01-22T06:57:54-08:00]
rchar: 31527335936
wchar: 8656690411
syscr: 3795135
syscw: 348591
read_bytes: 8803633664
write_bytes: 8657678336
cancelled_write_bytes: 0

[2020-01-22T06:57:57-08:00]
rchar: 32734622879
wchar: 9049548547
syscr: 3941500
syscw: 361985
read_bytes: 9070774784
write_bytes: 9050583040
cancelled_write_bytes: 0

[2020-01-22T06:58:00-08:00]
rchar: 33351518053
wchar: 9413465007
syscr: 4016293
syscw: 370323
read_bytes: 9232431616
write_bytes: 9414520832
cancelled_write_bytes: 0

[2020-01-22T06:58:03-08:00]
rchar: 34767477304
wchar: 9697093212
syscr: 4187883
syscw: 384110
read_bytes: 9590102528
write_bytes: 9698193408
cancelled_write_bytes: 0

[2020-01-22T06:58:06-08:00]
rchar: 36254425113
wchar: 9993542251
syscr: 4368181
syscw: 399098
read_bytes: 9977580032
write_bytes: 9994661888
cancelled_write_bytes: 0

[2020-01-22T06:58:09-08:00]
rchar: 36852123659
wchar: 10266472596
syscr: 4440538
syscw: 406112
read_bytes: 10113133056
write_bytes: 10267615232
cancelled_write_bytes: 0

[2020-01-22T06:58:12-08:00]
rchar: 38307458573
wchar: 10513146520
syscr: 4617003
syscw: 418915
read_bytes: 10414668288
write_bytes: 10514313216
cancelled_write_bytes: 0

[2020-01-22T06:58:15-08:00]
rchar: 39974966086
wchar: 10727376386
syscr: 4819157
syscw: 432686
read_bytes: 10738747904
write_bytes: 10728558592
cancelled_write_bytes: 0

[2020-01-22T06:58:18-08:00]
rchar: 41224040065
wchar: 11215747615
syscr: 4970522
syscw: 442650
read_bytes: 10877422080
write_bytes: 11216973824
cancelled_write_bytes: 0

[2020-01-22T06:58:21-08:00]
rchar: 43039174495
wchar: 11788746230
syscr: 5190610
syscw: 454244
read_bytes: 11050588672
write_bytes: 11790282752
cancelled_write_bytes: 0

[2020-01-22T06:58:24-08:00]
rchar: 44751714407
wchar: 12287788763
syscr: 5397745
syscw: 465980
read_bytes: 11224844800
write_bytes: 12289105920
cancelled_write_bytes: 0

[2020-01-22T06:58:27-08:00]
rchar: 45182611250
wchar: 12616358532
syscr: 5450001
syscw: 472382
read_bytes: 11317664256
write_bytes: 12617699328
cancelled_write_bytes: 0

[2020-01-22T06:58:30-08:00]
rchar: 45947024719
wchar: 12845627013
syscr: 5542595
syscw: 480846
read_bytes: 11513068032
write_bytes: 12846997504
cancelled_write_bytes: 0

[2020-01-22T06:58:33-08:00]
rchar: 47262228342
wchar: 13176265957
syscr: 5702049
syscw: 494903
read_bytes: 11808070144
write_bytes: 13177683968
cancelled_write_bytes: 0

[2020-01-22T06:58:36-08:00]
rchar: 48130350320
wchar: 13586292865
syscr: 5807299
syscw: 503595
read_bytes: 11944352256
write_bytes: 13587759104
cancelled_write_bytes: 0

[2020-01-22T06:58:39-08:00]
rchar: 49362730953
wchar: 13918415678
syscr: 5956626
syscw: 515913
read_bytes: 12206713344
write_bytes: 13919911936
cancelled_write_bytes: 0

[2020-01-22T06:58:42-08:00]
rchar: 50643438873
wchar: 14193734032
syscr: 6111895
syscw: 529034
read_bytes: 12461447680
write_bytes: 14195249152
cancelled_write_bytes: 0

[2020-01-22T06:58:45-08:00]
rchar: 51592247776
wchar: 14499008460
syscr: 6226933
syscw: 537517
read_bytes: 12587739648
write_bytes: 14501396480
cancelled_write_bytes: 0

[2020-01-22T06:58:48-08:00]
rchar: 53077170757
wchar: 14896535160
syscr: 6406897
syscw: 549679
read_bytes: 12865370624
write_bytes: 14898139136
cancelled_write_bytes: 0

[2020-01-22T06:58:51-08:00]
rchar: 54818640196
wchar: 15281768451
syscr: 6618026
syscw: 563217
read_bytes: 13098105344
write_bytes: 15283421184
cancelled_write_bytes: 0

[2020-01-22T06:58:54-08:00]
rchar: 55865109593
wchar: 15605317626
syscr: 6744892
syscw: 572438
read_bytes: 13240269312
write_bytes: 15607009280
cancelled_write_bytes: 0

[2020-01-22T06:58:57-08:00]
rchar: 56922674078
wchar: 15922462462
syscr: 6873038
syscw: 580492
read_bytes: 13332470272
write_bytes: 15924183040
cancelled_write_bytes: 0

[2020-01-22T06:59:00-08:00]
rchar: 58706351785
wchar: 16448685796
syscr: 7089313
syscw: 592739
read_bytes: 13488544256
write_bytes: 16451174400
cancelled_write_bytes: 0

[2020-01-22T06:59:03-08:00]
rchar: 60409328614
wchar: 16963602751
syscr: 7295292
syscw: 604743
read_bytes: 13644098048
write_bytes: 16965423104
cancelled_write_bytes: 0

[2020-01-22T06:59:06-08:00]
rchar: 60938380146
wchar: 17382120595
syscr: 7359337
syscw: 611290
read_bytes: 13729958400
write_bytes: 17383981056
cancelled_write_bytes: 0

[2020-01-22T06:59:09-08:00]
rchar: 61920919990
wchar: 17718123396
syscr: 7478478
syscw: 622011
read_bytes: 13868673536
write_bytes: 17720012800
cancelled_write_bytes: 0

[2020-01-22T06:59:12-08:00]
rchar: 63185452071
wchar: 18130520940
syscr: 7631760
syscw: 635158
read_bytes: 14059256320
write_bytes: 18132463616
cancelled_write_bytes: 0

[2020-01-22T06:59:15-08:00]
rchar: 64132109822
wchar: 18538678585
syscr: 7746528
syscw: 644478
read_bytes: 14188878336
write_bytes: 18540670976
cancelled_write_bytes: 0

[2020-01-22T06:59:18-08:00]
rchar: 65196983721
wchar: 19002600095
syscr: 7875540
syscw: 654602
read_bytes: 14320658944
write_bytes: 19004649472
cancelled_write_bytes: 0

[2020-01-22T06:59:22-08:00]
rchar: 66619367715
wchar: 19427957344
syscr: 8048000
syscw: 667550
read_bytes: 14498839040
write_bytes: 19430064128
cancelled_write_bytes: 0

[2020-01-22T06:59:25-08:00]
rchar: 67791609692
wchar: 19772551520
syscr: 8190104
syscw: 679513
read_bytes: 14649784832
write_bytes: 19774701568
cancelled_write_bytes: 0

[2020-01-22T06:59:28-08:00]
rchar: 68637530751
wchar: 20085527159
syscr: 8292596
syscw: 687544
read_bytes: 14801082880
write_bytes: 20087717888
cancelled_write_bytes: 0

[2020-01-22T06:59:31-08:00]
rchar: 70738695237
wchar: 20306177164
syscr: 8547327
syscw: 703323
read_bytes: 15117494784
write_bytes: 20308381696
cancelled_write_bytes: 0

[2020-01-22T06:59:34-08:00]
rchar: 71911414614
wchar: 20595467142
syscr: 8689436
syscw: 713347
read_bytes: 15266667008
write_bytes: 20598046720
cancelled_write_bytes: 0

[2020-01-22T06:59:37-08:00]
rchar: 73801882479
wchar: 21133956332
syscr: 8918656
syscw: 726337
read_bytes: 15417092608
write_bytes: 21136216064
cancelled_write_bytes: 0

[2020-01-22T06:59:40-08:00]
rchar: 74999373239
wchar: 21480789606
syscr: 9063857
syscw: 735125
read_bytes: 15513209344
write_bytes: 21483073536
cancelled_write_bytes: 0

[2020-01-22T06:59:43-08:00]
rchar: 76718376534
wchar: 22016864800
syscr: 9271774
syscw: 748060
read_bytes: 15665252864
write_bytes: 22019186688
cancelled_write_bytes: 0

[2020-01-22T06:59:46-08:00]
rchar: 77272851426
wchar: 22431817500
syscr: 9338912
syscw: 754568
read_bytes: 15736961536
write_bytes: 22434177024
cancelled_write_bytes: 0

[2020-01-22T06:59:49-08:00]
rchar: 78671703936
wchar: 22875080810
syscr: 9508489
syscw: 768957
read_bytes: 15925324288
write_bytes: 22877499392
cancelled_write_bytes: 0

[2020-01-22T06:59:52-08:00]
rchar: 79552557351
wchar: 23186342859
syscr: 9615303
syscw: 778932
read_bytes: 16040925696
write_bytes: 23188807680
cancelled_write_bytes: 0

[2020-01-22T06:59:55-08:00]
rchar: 80310984998
wchar: 23576220708
syscr: 9707244
syscw: 787989
read_bytes: 16172034560
write_bytes: 23578710016
cancelled_write_bytes: 0

[2020-01-22T06:59:58-08:00]
rchar: 81899507661
wchar: 23893194311
syscr: 9899745
syscw: 801841
read_bytes: 16432908800
write_bytes: 23895724032
cancelled_write_bytes: 0

[2020-01-22T07:00:01-08:00]
rchar: 83533175629
wchar: 24394993830
syscr: 10097800
syscw: 816192
read_bytes: 16604011008
write_bytes: 24397578240
cancelled_write_bytes: 0

[2020-01-22T07:00:04-08:00]
rchar: 84269413035
wchar: 24771129370
syscr: 10186955
syscw: 823485
read_bytes: 16690260480
write_bytes: 24773754880
cancelled_write_bytes: 0

[2020-01-22T07:00:07-08:00]
rchar: 86075669237
wchar: 25063862363
syscr: 10405970
syscw: 836809
read_bytes: 16947509760
write_bytes: 25066508288
cancelled_write_bytes: 0

[2020-01-22T07:00:10-08:00]
rchar: 87461646765
wchar: 25256408287
syscr: 10573985
syscw: 847719
read_bytes: 17097316864
write_bytes: 25259085824
cancelled_write_bytes: 0

[2020-01-22T07:00:13-08:00]
rchar: 88579449224
wchar: 25597188626
syscr: 10709436
syscw: 857177
read_bytes: 17208474112
write_bytes: 25600372736
cancelled_write_bytes: 0

[2020-01-22T07:00:16-08:00]
rchar: 90509419823
wchar: 26170135974
syscr: 10943448
syscw: 870535
read_bytes: 17342401024
write_bytes: 26172870656
cancelled_write_bytes: 0

[2020-01-22T07:00:19-08:00]
rchar: 92445990689
wchar: 26715948369
syscr: 11178259
syscw: 884153
read_bytes: 17482070528
write_bytes: 26718720000
cancelled_write_bytes: 0

[2020-01-22T07:00:22-08:00]
rchar: 93319316474
wchar: 27035678882
syscr: 11283620
syscw: 891170
read_bytes: 17553598976
write_bytes: 27038498816
cancelled_write_bytes: 0

[2020-01-22T07:00:25-08:00]
rchar: 93925166871
wchar: 27337427946
syscr: 11356984
syscw: 898865
read_bytes: 17680390656
write_bytes: 27340279808
cancelled_write_bytes: 0

[2020-01-22T07:00:28-08:00]
rchar: 95391905773
wchar: 27729683236
syscr: 11534816
syscw: 913439
read_bytes: 17917479424
write_bytes: 27732561920
cancelled_write_bytes: 0

[2020-01-22T07:00:31-08:00]
rchar: 96462386954
wchar: 28104540012
syscr: 11664576
syscw: 924230
read_bytes: 18040859136
write_bytes: 28107460608
cancelled_write_bytes: 0

[2020-01-22T07:00:34-08:00]
rchar: 96674309866
wchar: 28350072131
syscr: 11690193
syscw: 926689
read_bytes: 18061888000
write_bytes: 28353019904
cancelled_write_bytes: 0

[2020-01-22T07:00:37-08:00]
rchar: 98381658763
wchar: 28825661093
syscr: 11897183
syscw: 941111
read_bytes: 18231310848
write_bytes: 28828655616
cancelled_write_bytes: 0

[2020-01-22T07:00:40-08:00]
rchar: 100110464097
wchar: 29225090091
syscr: 12106778
syscw: 955813
read_bytes: 18454800896
write_bytes: 29228122112
cancelled_write_bytes: 0

[2020-01-22T07:00:43-08:00]
rchar: 100661689900
wchar: 29576569953
syscr: 12173580
syscw: 961292
read_bytes: 18507688448
write_bytes: 29579649024
cancelled_write_bytes: 0

[2020-01-22T07:00:46-08:00]
rchar: 101873391630
wchar: 29901569496
syscr: 12320378
syscw: 970781
read_bytes: 18604243456
write_bytes: 29904687104
cancelled_write_bytes: 0

[2020-01-22T07:00:49-08:00]
rchar: 103765153617
wchar: 30298490780
syscr: 12549716
syscw: 985178
read_bytes: 18772969984
write_bytes: 30301663232
cancelled_write_bytes: 0

[2020-01-22T07:00:52-08:00]
rchar: 105023574220
wchar: 30565895477
syscr: 12702215
syscw: 995715
read_bytes: 18906524160
write_bytes: 30569988096
cancelled_write_bytes: 0

[2020-01-22T07:00:55-08:00]
rchar: 106986408424
wchar: 31155388550
syscr: 12940208
syscw: 1008863
read_bytes: 19029056000
write_bytes: 31158611968
cancelled_write_bytes: 0

[2020-01-22T07:00:58-08:00]
rchar: 108147483818
wchar: 31519756370
syscr: 13080992
syscw: 1017150
read_bytes: 19102788096
write_bytes: 31523024896
cancelled_write_bytes: 0

[2020-01-22T07:01:01-08:00]
rchar: 109943595603
wchar: 32064098062
syscr: 13298235
syscw: 1030968
read_bytes: 19237841408
write_bytes: 32067391488
cancelled_write_bytes: 0

[2020-01-22T07:01:04-08:00]
rchar: 110227429427
wchar: 32382906148
syscr: 13332639
syscw: 1034735
read_bytes: 19271494144
write_bytes: 32386228224
cancelled_write_bytes: 0

[2020-01-22T07:01:07-08:00]
rchar: 111274830079
wchar: 32716336930
syscr: 13459539
syscw: 1045772
read_bytes: 19387906560
write_bytes: 32719695872
cancelled_write_bytes: 0

[2020-01-22T07:01:10-08:00]
rchar: 112744090596
wchar: 33208388008
syscr: 13637679
syscw: 1060705
read_bytes: 19550116352
write_bytes: 33211797504
cancelled_write_bytes: 0

[2020-01-22T07:01:13-08:00]
rchar: 113601423420
wchar: 33618058275
syscr: 13741602
syscw: 1070021
read_bytes: 19640232448
write_bytes: 33621528576
cancelled_write_bytes: 0

[2020-01-22T07:01:16-08:00]
rchar: 114057127299
wchar: 33876626837
syscr: 13796741
syscw: 1074257
read_bytes: 19676453376
write_bytes: 33880121344
cancelled_write_bytes: 0

[2020-01-22T07:01:19-08:00]
rchar: 115810495825
wchar: 34288598976
syscr: 14009331
syscw: 1089419
read_bytes: 19846720000
write_bytes: 34292137984
cancelled_write_bytes: 0

[2020-01-22T07:01:22-08:00]
rchar: 117269812881
wchar: 34652930566
syscr: 14186245
syscw: 1102239
read_bytes: 19988400640
write_bytes: 34656514048
cancelled_write_bytes: 0

[2020-01-22T07:01:25-08:00]
rchar: 117523111044
wchar: 34908645810
syscr: 14216877
syscw: 1105387
read_bytes: 20009757184
write_bytes: 34912247808
cancelled_write_bytes: 0

[2020-01-22T07:01:28-08:00]
rchar: 119441288268
wchar: 35312082612
syscr: 14449414
syscw: 1119720
read_bytes: 20163684864
write_bytes: 35315740672
cancelled_write_bytes: 0

[2020-01-22T07:01:31-08:00]
rchar: 121395264567
wchar: 35661653911
syscr: 14686286
syscw: 1134448
read_bytes: 20333779456
write_bytes: 35665391616
cancelled_write_bytes: 0

[2020-01-22T07:01:34-08:00]
rchar: 122549841137
wchar: 36039176415
syscr: 14826197
syscw: 1144193
read_bytes: 20424063488
write_bytes: 36042928128
cancelled_write_bytes: 0

[2020-01-22T07:01:37-08:00]
rchar: 123859955068
wchar: 36401905277
syscr: 14985050
syscw: 1154009
read_bytes: 20504029696
write_bytes: 36405673984
cancelled_write_bytes: 0

[2020-01-22T07:01:40-08:00]
rchar: 125854562560
wchar: 36968837892
syscr: 15226902
syscw: 1168242
read_bytes: 20622588416
write_bytes: 36972650496
cancelled_write_bytes: 0

[2020-01-22T07:01:43-08:00]
rchar: 127182972093
wchar: 37429526824
syscr: 15387434
syscw: 1178485
read_bytes: 20709677568
write_bytes: 37433401344
cancelled_write_bytes: 0

[2020-01-22T07:01:46-08:00]
rchar: 127631174521
wchar: 37674509685
syscr: 15441700
syscw: 1183807
read_bytes: 20753328640
write_bytes: 37678399488
cancelled_write_bytes: 0

[2020-01-22T07:01:49-08:00]
rchar: 129139592506
wchar: 38076680548
syscr: 15624583
syscw: 1198775
read_bytes: 20949273088
write_bytes: 38080606208
cancelled_write_bytes: 0

[2020-01-22T07:01:52-08:00]
rchar: 130249495824
wchar: 38381695534
syscr: 15759138
syscw: 1209751
read_bytes: 21105326592
write_bytes: 38385643520
cancelled_write_bytes: 0

[2020-01-22T07:01:55-08:00]
rchar: 131338596945
wchar: 38886424437
syscr: 15891102
syscw: 1220820
read_bytes: 21194988032
write_bytes: 38890426368
cancelled_write_bytes: 0

[2020-01-22T07:01:58-08:00]
rchar: 132771507097
wchar: 39279522400
syscr: 16064820
syscw: 1234289
read_bytes: 21313194496
write_bytes: 39283560448
cancelled_write_bytes: 0

[2020-01-22T07:02:01-08:00]
rchar: 134293433258
wchar: 39733026231
syscr: 16249292
syscw: 1247225
read_bytes: 21437106688
write_bytes: 39737122816
cancelled_write_bytes: 0

[2020-01-22T07:02:04-08:00]
rchar: 134780400156
wchar: 40037419392
syscr: 16308258
syscw: 1252473
read_bytes: 21473143296
write_bytes: 40041545728
cancelled_write_bytes: 0

[2020-01-22T07:02:07-08:00]
rchar: 136548701399
wchar: 40487980482
syscr: 16522632
syscw: 1265789
read_bytes: 21595109888
write_bytes: 40492142592
cancelled_write_bytes: 0

[2020-01-22T07:02:10-08:00]
rchar: 138544061331
wchar: 41000686764
syscr: 16764539
syscw: 1281485
read_bytes: 21734365696
write_bytes: 41004900352
cancelled_write_bytes: 0

[2020-01-22T07:02:13-08:00]
rchar: 139142852250
wchar: 41206663897
syscr: 16837106
syscw: 1287196
read_bytes: 21786528256
write_bytes: 41210916864
cancelled_write_bytes: 0

[2020-01-22T07:02:16-08:00]
rchar: 140573786409
wchar: 41636310417
syscr: 17010525
syscw: 1297351
read_bytes: 21864720896
write_bytes: 41640607744
cancelled_write_bytes: 0

[2020-01-22T07:02:19-08:00]
rchar: 142608265634
wchar: 42214267642
syscr: 17257212
syscw: 1311679
read_bytes: 21977172480
write_bytes: 42218610688
cancelled_write_bytes: 0

[2020-01-22T07:02:22-08:00]
rchar: 144036647980
wchar: 42614197794
syscr: 17430402
syscw: 1322446
read_bytes: 22056466944
write_bytes: 42618560512
cancelled_write_bytes: 0

[2020-01-22T07:02:25-08:00]
rchar: 144733661996
wchar: 43023465716
syscr: 17514302
syscw: 1330038
read_bytes: 22113098240
write_bytes: 43027869696
cancelled_write_bytes: 0

[2020-01-22T07:02:28-08:00]
rchar: 146206227454
wchar: 43501211742
syscr: 17692838
syscw: 1344592
read_bytes: 22250514944
write_bytes: 43505672192
cancelled_write_bytes: 0

[2020-01-22T07:02:31-08:00]
rchar: 147305440474
wchar: 43863932441
syscr: 17826056
syscw: 1357039
read_bytes: 22355102208
write_bytes: 43868442624
cancelled_write_bytes: 0

[2020-01-22T07:02:34-08:00]
rchar: 148112111521
wchar: 44305720750
syscr: 17923858
syscw: 1366316
read_bytes: 22429288960
write_bytes: 44310261760
cancelled_write_bytes: 0

[2020-01-22T07:02:37-08:00]
rchar: 149291505582
wchar: 44688595611
syscr: 18066746
syscw: 1377907
read_bytes: 22516460032
write_bytes: 44693180416
cancelled_write_bytes: 0

[2020-01-22T07:02:40-08:00]
rchar: 150879947902
wchar: 45157088256
syscr: 18259325
syscw: 1391764
read_bytes: 22638086656
write_bytes: 45161721856
cancelled_write_bytes: 0

[2020-01-22T07:02:43-08:00]
rchar: 152007826829
wchar: 45556890444
syscr: 18396049
syscw: 1401861
read_bytes: 22723758592
write_bytes: 45561565184
cancelled_write_bytes: 0

[2020-01-22T07:02:46-08:00]
rchar: 152560149038
wchar: 45861055516
syscr: 18462914
syscw: 1407057
read_bytes: 22758787584
write_bytes: 45865775104
cancelled_write_bytes: 0

[2020-01-22T07:02:49-08:00]
rchar: 154603378716
wchar: 46266079192
syscr: 18710616
syscw: 1422269
read_bytes: 22928378368
write_bytes: 46270840832
cancelled_write_bytes: 0

[2020-01-22T07:02:52-08:00]
rchar: 156275908970
wchar: 46585458303
syscr: 18913390
syscw: 1434557
read_bytes: 23087667712
write_bytes: 46590259200
cancelled_write_bytes: 0

[2020-01-22T07:02:55-08:00]
rchar: 156525332297
wchar: 46859862931
syscr: 18943636
syscw: 1437062
read_bytes: 23100787200
write_bytes: 46864666624
cancelled_write_bytes: 0

[2020-01-22T07:02:58-08:00]
rchar: 158661840046
wchar: 47381640168
syscr: 19202566
syscw: 1451920
read_bytes: 23216556544
write_bytes: 47386509312
cancelled_write_bytes: 0

[2020-01-22T07:03:01-08:00]
rchar: 160721277004
wchar: 47969241173
syscr: 19452279
syscw: 1466622
read_bytes: 23322343936
write_bytes: 47974154240
cancelled_write_bytes: 0

[2020-01-22T07:03:04-08:00]
rchar: 161923674020
wchar: 48354698076
syscr: 19598072
syscw: 1475279
read_bytes: 23381801472
write_bytes: 48359632896
cancelled_write_bytes: 0

[2020-01-22T07:03:07-08:00]
rchar: 162860642309
wchar: 48785836028
syscr: 19711074
syscw: 1483271
read_bytes: 23438535168
write_bytes: 48790818816
cancelled_write_bytes: 0

[2020-01-22T07:03:10-08:00]
rchar: 164432907979
wchar: 49288541390
syscr: 19901666
syscw: 1498983
read_bytes: 23575218688
write_bytes: 49293578240
cancelled_write_bytes: 0

[2020-01-22T07:03:13-08:00]
rchar: 165662084699
wchar: 49727682701
syscr: 20050684
syscw: 1511133
read_bytes: 23678175744
write_bytes: 49732759552
cancelled_write_bytes: 0

[2020-01-22T07:03:16-08:00]
rchar: 165935156633
wchar: 49988865117
syscr: 20083714
syscw: 1515152
read_bytes: 23702297088
write_bytes: 49993973760
cancelled_write_bytes: 0

[2020-01-22T07:03:19-08:00]
rchar: 167682782015
wchar: 50490187146
syscr: 20295587
syscw: 1530309
read_bytes: 23823505920
write_bytes: 50495352832
cancelled_write_bytes: 0

[2020-01-22T07:03:22-08:00]
rchar: 169113622290
wchar: 50909048985
syscr: 20469037
syscw: 1543807
read_bytes: 23923112448
write_bytes: 50914246656
cancelled_write_bytes: 0

[2020-01-22T07:03:25-08:00]
rchar: 169939314400
wchar: 51320682673
syscr: 20569116
syscw: 1552153
read_bytes: 23978445312
write_bytes: 51326582784
cancelled_write_bytes: 0

[2020-01-22T07:03:28-08:00]
rchar: 171744158426
wchar: 51808786287
syscr: 20787827
syscw: 1566165
read_bytes: 24087640576
write_bytes: 51814084608
cancelled_write_bytes: 0

[2020-01-22T07:03:31-08:00]
rchar: 172969677518
wchar: 52167595014
syscr: 20936381
syscw: 1576621
read_bytes: 24158075392
write_bytes: 52172926976
cancelled_write_bytes: 0

[2020-01-22T07:03:34-08:00]
rchar: 174358958607
wchar: 52412051049
syscr: 21104821
syscw: 1586887
read_bytes: 24287771136
write_bytes: 52417417216
cancelled_write_bytes: 0

[2020-01-22T07:03:37-08:00]
rchar: 176291457928
wchar: 52888301551
syscr: 21339038
syscw: 1600469
read_bytes: 24430340608
write_bytes: 52893687808
cancelled_write_bytes: 0

[2020-01-22T07:03:40-08:00]
rchar: 177960982849
wchar: 53376026577
syscr: 21541471
syscw: 1612241
read_bytes: 24508316160
write_bytes: 53381443584
cancelled_write_bytes: 0

[2020-01-22T07:03:43-08:00]
rchar: 179658805099
wchar: 53848555865
syscr: 21747336
syscw: 1624249
read_bytes: 24589613568
write_bytes: 53854003200
cancelled_write_bytes: 0

[2020-01-22T07:03:46-08:00]
rchar: 180835755552
wchar: 54302149020
syscr: 21889958
syscw: 1633330
read_bytes: 24643815936
write_bytes: 54307651584
cancelled_write_bytes: 0

[2020-01-22T07:03:49-08:00]
rchar: 182530243489
wchar: 54823881026
syscr: 22094846
syscw: 1648196
read_bytes: 24754223616
write_bytes: 54829436928
cancelled_write_bytes: 0

[2020-01-22T07:03:52-08:00]
rchar: 183465452170
wchar: 55139913815
syscr: 22208222
syscw: 1658928
read_bytes: 24827968000
write_bytes: 55145508864
cancelled_write_bytes: 0

[2020-01-22T07:03:55-08:00]
rchar: 184208414868
wchar: 55588869133
syscr: 22298197
syscw: 1667194
read_bytes: 24882825728
write_bytes: 55594508288
cancelled_write_bytes: 0

[2020-01-22T07:03:58-08:00]
rchar: 186054705840
wchar: 56089700688
syscr: 22522036
syscw: 1683139
read_bytes: 25003702784
write_bytes: 56095395840
cancelled_write_bytes: 0

[2020-01-22T07:04:01-08:00]
rchar: 187668522352
wchar: 56582146742
syscr: 22717681
syscw: 1697616
read_bytes: 25108322816
write_bytes: 56587882496
cancelled_write_bytes: 0

[2020-01-22T07:04:04-08:00]
rchar: 188272094627
wchar: 56897627503
syscr: 22790873
syscw: 1704560
read_bytes: 25149639168
write_bytes: 56903385088
cancelled_write_bytes: 0

[2020-01-22T07:04:07-08:00]
rchar: 190168178804
wchar: 57368739964
syscr: 23020653
syscw: 1719326
read_bytes: 25257552384
write_bytes: 57374552064
cancelled_write_bytes: 0

[2020-01-22T07:04:10-08:00]
rchar: 191650644647
wchar: 57802162918
syscr: 23200367
syscw: 1731282
read_bytes: 25336723968
write_bytes: 57808519168
cancelled_write_bytes: 0

[2020-01-22T07:04:13-08:00]
rchar: 192675608329
wchar: 58079461059
syscr: 23324606
syscw: 1739584
read_bytes: 25397070336
write_bytes: 58085355520
cancelled_write_bytes: 0

[2020-01-22T07:04:16-08:00]
rchar: 194522904332
wchar: 58552306257
syscr: 23548489
syscw: 1752714
read_bytes: 25516874240
write_bytes: 58558255104
cancelled_write_bytes: 0

[2020-01-22T07:04:19-08:00]
rchar: 196421441044
wchar: 59087892954
syscr: 23778690
syscw: 1765920
read_bytes: 25599724032
write_bytes: 59093868544
cancelled_write_bytes: 0

[2020-01-22T07:04:22-08:00]
rchar: 197990337466
wchar: 59503228558
syscr: 23968926
syscw: 1777637
read_bytes: 25671379456
write_bytes: 59509231616
cancelled_write_bytes: 0

[2020-01-22T07:04:25-08:00]
rchar: 198581374183
wchar: 59885246434
syscr: 24040507
syscw: 1782249
read_bytes: 25693616640
write_bytes: 59891273728
cancelled_write_bytes: 0

[2020-01-22T07:04:28-08:00]
rchar: 200023724124
wchar: 60302833096
syscr: 24214833
syscw: 1794036
read_bytes: 25770297856
write_bytes: 60308901888
cancelled_write_bytes: 0

[2020-01-22T07:04:31-08:00]
rchar: 201588339073
wchar: 60784605464
syscr: 24404503
syscw: 1809967
read_bytes: 25892575744
write_bytes: 60790734848
cancelled_write_bytes: 0

[2020-01-22T07:04:34-08:00]
rchar: 202164050630
wchar: 61090344518
syscr: 24474318
syscw: 1816373
read_bytes: 25932179968
write_bytes: 61096493056
cancelled_write_bytes: 0

[2020-01-22T07:04:37-08:00]
rchar: 203266157289
wchar: 61495079287
syscr: 24607821
syscw: 1826680
read_bytes: 25999063552
write_bytes: 61501276160
cancelled_write_bytes: 0

[2020-01-22T07:04:40-08:00]
rchar: 205074905729
wchar: 61993575158
syscr: 24827115
syscw: 1842472
read_bytes: 26110835200
write_bytes: 61999833088
cancelled_write_bytes: 0

[2020-01-22T07:04:43-08:00]
rchar: 206058650621
wchar: 62293163288
syscr: 24946360
syscw: 1851372
read_bytes: 26170866176
write_bytes: 62299443200
cancelled_write_bytes: 0

[2020-01-22T07:04:46-08:00]
rchar: 206889645350
wchar: 62697668473
syscr: 25046999
syscw: 1858817
read_bytes: 26215823872
write_bytes: 62703988736
cancelled_write_bytes: 0

[2020-01-22T07:04:49-08:00]
rchar: 208797153055
wchar: 63126912221
syscr: 25278256
syscw: 1873754
read_bytes: 26318301696
write_bytes: 63133290496
cancelled_write_bytes: 0

[2020-01-22T07:04:52-08:00]
rchar: 210414863500
wchar: 63358989837
syscr: 25474410
syscw: 1886790
read_bytes: 26449377792
write_bytes: 63365382144
cancelled_write_bytes: 0

[2020-01-22T07:04:55-08:00]
rchar: 211685652192
wchar: 64031939615
syscr: 25628430
syscw: 1896194
read_bytes: 26547785216
write_bytes: 64038391808
cancelled_write_bytes: 4096

[2020-01-22T07:04:58-08:00]
rchar: 212498062273
wchar: 64395223830
syscr: 25726945
syscw: 1901782
read_bytes: 26616946176
write_bytes: 64401707008
cancelled_write_bytes: 4096

[2020-01-22T07:05:01-08:00]
rchar: 213843247227
wchar: 65040464132
syscr: 25890046
syscw: 1910537
read_bytes: 26741685760
write_bytes: 65047060480
cancelled_write_bytes: 4096

[2020-01-22T07:05:04-08:00]
rchar: 214815133785
wchar: 65409328260
syscr: 26007853
syscw: 1918104
read_bytes: 26849213952
write_bytes: 65415905280
cancelled_write_bytes: 4096

[2020-01-22T07:05:07-08:00]
rchar: 215769908247
wchar: 65852267192
syscr: 26123638
syscw: 1924570
read_bytes: 26948824576
write_bytes: 65858908160
cancelled_write_bytes: 4096

[2020-01-22T07:05:10-08:00]
rchar: 216900018916
wchar: 66333258692
syscr: 26260652
syscw: 1932616
read_bytes: 27068345856
write_bytes: 66339913728
cancelled_write_bytes: 4096

[2020-01-22T07:05:13-08:00]
rchar: 217974477711
wchar: 66767125862
syscr: 26390943
syscw: 1940380
read_bytes: 27194256896
write_bytes: 66773823488
cancelled_write_bytes: 4096

[2020-01-22T07:05:16-08:00]
rchar: 218716532191
wchar: 67184724830
syscr: 26480839
syscw: 1947050
read_bytes: 27276561920
write_bytes: 67191443456
cancelled_write_bytes: 4096

[2020-01-22T07:05:19-08:00]
rchar: 220036097901
wchar: 67738750720
syscr: 26640831
syscw: 1955323
read_bytes: 27391151616
write_bytes: 67745566720
cancelled_write_bytes: 4096

[2020-01-22T07:05:22-08:00]
rchar: 221017026803
wchar: 68082683128
syscr: 26759746
syscw: 1962068
read_bytes: 27479678464
write_bytes: 68089511936
cancelled_write_bytes: 4096

[2020-01-22T07:05:25-08:00]
rchar: 222565099138
wchar: 68678642925
syscr: 26946831
syscw: 1972185
read_bytes: 27635342848
write_bytes: 68685541376
cancelled_write_bytes: 4096

[2020-01-22T07:05:28-08:00]
rchar: 223210591662
wchar: 68885206501
syscr: 27024939
syscw: 1980665
read_bytes: 27736120832
write_bytes: 68892160000
cancelled_write_bytes: 4096

[2020-01-22T07:05:31-08:00]
rchar: 224123516283
wchar: 69289587705
syscr: 27135582
syscw: 1991972
read_bytes: 27832016384
write_bytes: 69296578560
cancelled_write_bytes: 4096

[2020-01-22T07:05:34-08:00]
rchar: 225286628724
wchar: 69624843266
syscr: 27276510
syscw: 2003549
read_bytes: 27893464576
write_bytes: 69631885312
cancelled_write_bytes: 4096

[2020-01-22T07:05:37-08:00]
rchar: 227306821873
wchar: 70116420807
syscr: 27521434
syscw: 2021436
read_bytes: 28009111040
write_bytes: 70123511808
cancelled_write_bytes: 4096

[2020-01-22T07:05:40-08:00]
rchar: 227768635872
wchar: 70429828473
syscr: 27577400
syscw: 2026250
read_bytes: 28031946240
write_bytes: 70436945920
cancelled_write_bytes: 4096

[2020-01-22T07:05:43-08:00]
rchar: 229442212077
wchar: 70812455715
syscr: 27780207
syscw: 2039300
read_bytes: 28109962752
write_bytes: 70819622912
cancelled_write_bytes: 4096

[2020-01-22T07:05:47-08:00]
rchar: 231686031521
wchar: 71329013281
syscr: 28052241
syscw: 2056450
read_bytes: 28213329408
write_bytes: 71336235008
cancelled_write_bytes: 4096

[2020-01-22T07:05:50-08:00]
rchar: 232240276721
wchar: 71542705174
syscr: 28119412
syscw: 2061736
read_bytes: 28237102592
write_bytes: 71550636032
cancelled_write_bytes: 4096

[2020-01-22T07:05:53-08:00]
rchar: 234191470631
wchar: 72073467476
syscr: 28355918
syscw: 2076097
read_bytes: 28317748736
write_bytes: 72080769024
cancelled_write_bytes: 4096

[2020-01-22T07:05:56-08:00]
rchar: 235705233733
wchar: 72450165732
syscr: 28539429
syscw: 2087644
read_bytes: 28373343744
write_bytes: 72457502720
cancelled_write_bytes: 4096

[2020-01-22T07:05:59-08:00]
rchar: 237583748806
wchar: 72942175353
syscr: 28767163
syscw: 2100491
read_bytes: 28442914304
write_bytes: 72949551104
cancelled_write_bytes: 4096

[2020-01-22T07:06:02-08:00]
rchar: 238568111385
wchar: 73363788259
syscr: 28886437
syscw: 2108483
read_bytes: 28478787072
write_bytes: 73371197440
cancelled_write_bytes: 4096

[2020-01-22T07:06:05-08:00]
rchar: 240727782566
wchar: 73860934338
syscr: 29148300
syscw: 2121960
read_bytes: 28550569472
write_bytes: 73868378112
cancelled_write_bytes: 4096

[2020-01-22T07:06:08-08:00]
rchar: 242327547900
wchar: 74277268807
syscr: 29342271
syscw: 2132833
read_bytes: 28601019904
write_bytes: 74284855296
cancelled_write_bytes: 4096

[2020-01-22T07:06:11-08:00]
rchar: 243339655291
wchar: 74604410138
syscr: 29464384
syscw: 2142768
read_bytes: 28655259136
write_bytes: 74611924992
cancelled_write_bytes: 4096

[2020-01-22T07:06:14-08:00]
rchar: 244066644633
wchar: 74990393020
syscr: 29552423
syscw: 2150228
read_bytes: 28692921856
write_bytes: 74997948416
cancelled_write_bytes: 4096

[2020-01-22T07:06:17-08:00]
rchar: 246076273717
wchar: 75483589311
syscr: 29796066
syscw: 2167477
read_bytes: 28798909952
write_bytes: 75491192832
cancelled_write_bytes: 4096

[2020-01-22T07:06:20-08:00]
rchar: 247231284240
wchar: 75821702735
syscr: 29936085
syscw: 2177749
read_bytes: 28856872448
write_bytes: 75829346304
cancelled_write_bytes: 4096

[2020-01-22T07:06:23-08:00]
rchar: 248226753341
wchar: 76232468711
syscr: 30056661
syscw: 2186753
read_bytes: 28902813184
write_bytes: 76240154624
cancelled_write_bytes: 4096

[2020-01-22T07:06:26-08:00]
rchar: 249696345579
wchar: 76583767240
syscr: 30234816
syscw: 2198527
read_bytes: 28965903872
write_bytes: 76591493120
cancelled_write_bytes: 4096

[2020-01-22T07:06:29-08:00]
rchar: 251745730308
wchar: 77015312346
syscr: 30483316
syscw: 2214357
read_bytes: 29058682368
write_bytes: 77023076352
cancelled_write_bytes: 4096

[2020-01-22T07:06:32-08:00]
rchar: 252147826314
wchar: 77318203610
syscr: 30532028
syscw: 2218339
read_bytes: 29074140672
write_bytes: 77325987840
cancelled_write_bytes: 4096

[2020-01-22T07:06:35-08:00]
rchar: 253547467696
wchar: 77821531223
syscr: 30701664
syscw: 2228295
read_bytes: 29125139968
write_bytes: 77829361664
cancelled_write_bytes: 4096

[2020-01-22T07:06:38-08:00]
rchar: 254874402295
wchar: 78359833095
syscr: 30862482
syscw: 2237567
read_bytes: 29200252416
write_bytes: 78367719424
cancelled_write_bytes: 4096

[2020-01-22T07:06:41-08:00]
rchar: 256385974193
wchar: 78730008513
syscr: 31045772
syscw: 2249154
read_bytes: 29365501440
write_bytes: 78737932288
cancelled_write_bytes: 4096

[2020-01-22T07:06:44-08:00]
rchar: 257849743259
wchar: 79093009509
syscr: 31223265
syscw: 2260000
read_bytes: 29525659136
write_bytes: 79100968960
cancelled_write_bytes: 4096

[2020-01-22T07:06:47-08:00]
rchar: 258883911144
wchar: 79494109459
syscr: 31348582
syscw: 2268609
read_bytes: 29627809280
write_bytes: 79502098432
cancelled_write_bytes: 4096

[2020-01-22T07:06:50-08:00]
rchar: 260549574284
wchar: 79879256255
syscr: 31550529
syscw: 2279161
read_bytes: 29782736384
write_bytes: 79887298560
cancelled_write_bytes: 4096

[2020-01-22T07:06:53-08:00]
rchar: 262655558063
wchar: 80331396280
syscr: 31805836
syscw: 2292800
read_bytes: 29946166784
write_bytes: 80339509248
cancelled_write_bytes: 4096

[2020-01-22T07:06:56-08:00]
rchar: 264360404883
wchar: 80720946389
syscr: 32012477
syscw: 2304284
read_bytes: 30064528896
write_bytes: 80729088000
cancelled_write_bytes: 4096

[2020-01-22T07:06:59-08:00]
rchar: 266693488937
wchar: 80956504586
syscr: 32295234
syscw: 2317943
read_bytes: 30173232640
write_bytes: 80964681728
cancelled_write_bytes: 4096

[2020-01-22T07:07:02-08:00]
rchar: 269690476528
wchar: 81440232445
syscr: 32658569
syscw: 2333403
read_bytes: 30259281408
write_bytes: 81448439808
cancelled_write_bytes: 4096

[2020-01-22T07:07:05-08:00]
rchar: 271087938864
wchar: 81919541807
syscr: 32827929
syscw: 2342230
read_bytes: 30294236672
write_bytes: 81927794688
cancelled_write_bytes: 4096

[2020-01-22T07:07:08-08:00]
rchar: 273324434725
wchar: 82378320533
syscr: 33099099
syscw: 2354689
read_bytes: 30344564224
write_bytes: 82386599936
cancelled_write_bytes: 4096

[2020-01-22T07:07:11-08:00]
rchar: 276105440583
wchar: 82923770300
syscr: 33436290
syscw: 2369389
read_bytes: 30408994304
write_bytes: 82932076544
cancelled_write_bytes: 4096

[2020-01-22T07:07:14-08:00]
rchar: 277842544321
wchar: 83252217807
syscr: 33646916
syscw: 2378614
read_bytes: 30449761792
write_bytes: 83260555264
cancelled_write_bytes: 4096

[2020-01-22T07:07:17-08:00]
rchar: 278824462190
wchar: 83666290882
syscr: 33765116
syscw: 2388431
read_bytes: 30490676736
write_bytes: 83674673152
cancelled_write_bytes: 4096

[2020-01-22T07:07:20-08:00]
rchar: 280304149308
wchar: 84076274049
syscr: 33944506
syscw: 2402614
read_bytes: 30554185216
write_bytes: 84084682752
cancelled_write_bytes: 4096

[2020-01-22T07:07:23-08:00]
rchar: 281930066843
wchar: 84552921211
syscr: 34141627
syscw: 2417368
read_bytes: 30624747008
write_bytes: 84561395712
cancelled_write_bytes: 4096

[2020-01-22T07:07:26-08:00]
rchar: 282288304151
wchar: 84827271982
syscr: 34184949
syscw: 2422035
read_bytes: 30640578048
write_bytes: 84835770368
cancelled_write_bytes: 4096

[2020-01-22T07:07:29-08:00]
rchar: 284516790212
wchar: 85354542894
syscr: 34455125
syscw: 2439816
read_bytes: 30721805824
write_bytes: 85363785728
cancelled_write_bytes: 4096

[2020-01-22T07:07:32-08:00]
rchar: 286202443298
wchar: 85746941913
syscr: 34659482
syscw: 2454223
read_bytes: 30785273344
write_bytes: 85755523072
cancelled_write_bytes: 4096

[2020-01-22T07:07:35-08:00]
rchar: 287325014714
wchar: 86298467173
syscr: 34795487
syscw: 2463186
read_bytes: 30819679744
write_bytes: 86307098624
cancelled_write_bytes: 4096

[2020-01-22T07:07:38-08:00]
rchar: 288016880817
wchar: 86695328296
syscr: 34879386
syscw: 2466932
read_bytes: 30831078912
write_bytes: 86704001024
cancelled_write_bytes: 4096

[2020-01-22T07:07:41-08:00]
rchar: 289246874322
wchar: 87384403485
syscr: 35028508
syscw: 2474023
read_bytes: 30852107776
write_bytes: 87393153024
cancelled_write_bytes: 4096

[2020-01-22T07:07:44-08:00]
rchar: 290102696327
wchar: 87789534469
syscr: 35132138
syscw: 2479901
read_bytes: 30890094080
write_bytes: 87798366208
cancelled_write_bytes: 4096

[2020-01-22T07:07:47-08:00]
rchar: 291686067977
wchar: 88430016219
syscr: 35324134
syscw: 2490883
read_bytes: 31048363520
write_bytes: 88439656448
cancelled_write_bytes: 4096

[2020-01-22T07:07:50-08:00]
rchar: 292868673507
wchar: 88838965825
syscr: 35467530
syscw: 2500479
read_bytes: 31164177920
write_bytes: 88847851520
cancelled_write_bytes: 4096

[2020-01-22T07:07:53-08:00]
rchar: 294001869153
wchar: 89287475964
syscr: 35604945
syscw: 2508672
read_bytes: 31272394240
write_bytes: 89296412672
cancelled_write_bytes: 4096

[2020-01-22T07:07:56-08:00]
rchar: 294560337267
wchar: 89561030880
syscr: 35672672
syscw: 2514131
read_bytes: 31319694848
write_bytes: 89570025472
cancelled_write_bytes: 4096

[2020-01-22T07:07:59-08:00]
rchar: 296041813778
wchar: 90106280248
syscr: 35852226
syscw: 2524313
read_bytes: 31460515328
write_bytes: 90115858432
cancelled_write_bytes: 4096

[2020-01-22T07:08:02-08:00]
rchar: 297494633547
wchar: 90612039477
syscr: 36028385
syscw: 2534331
read_bytes: 31584534016
write_bytes: 90621562880
cancelled_write_bytes: 4096

[2020-01-22T07:08:05-08:00]
rchar: 298804035457
wchar: 91044335072
syscr: 36187160
syscw: 2543586
read_bytes: 31689817600
write_bytes: 91053416448
cancelled_write_bytes: 4096

[2020-01-22T07:08:08-08:00]
rchar: 300240230463
wchar: 91548422987
syscr: 36361277
syscw: 2553084
read_bytes: 31801810432
write_bytes: 91557609472
cancelled_write_bytes: 4096

[2020-01-22T07:08:11-08:00]
rchar: 301425171889
wchar: 91946450203
syscr: 36504959
syscw: 2560920
read_bytes: 31900069376
write_bytes: 91955638272
cancelled_write_bytes: 4096

[2020-01-22T07:08:14-08:00]
rchar: 302434977487
wchar: 92393101401
syscr: 36627401
syscw: 2569568
read_bytes: 31970508288
write_bytes: 92402290688
cancelled_write_bytes: 4096

[2020-01-22T07:08:17-08:00]
rchar: 303596936892
wchar: 92741020626
syscr: 36767568
syscw: 2579302
read_bytes: 32090058240
write_bytes: 92750274560
cancelled_write_bytes: 4096

[2020-01-22T07:08:20-08:00]
rchar: 305050723556
wchar: 93291542069
syscr: 36943860
syscw: 2591585
read_bytes: 32290442752
write_bytes: 93300846592
cancelled_write_bytes: 4096

[2020-01-22T07:08:23-08:00]
rchar: 306543084094
wchar: 93838199606
syscr: 37124839
syscw: 2604607
read_bytes: 32489501184
write_bytes: 93847597056
cancelled_write_bytes: 4096

[2020-01-22T07:08:26-08:00]
rchar: 306917001001
wchar: 93970929184
syscr: 37170181
syscw: 2608569
read_bytes: 32537625088
write_bytes: 93980315648
cancelled_write_bytes: 4096

[2020-01-22T07:08:29-08:00]
rchar: 308294089352
wchar: 94592389720
syscr: 37337080
syscw: 2620716
read_bytes: 32700617216
write_bytes: 94601797632
cancelled_write_bytes: 4096

[2020-01-22T07:08:32-08:00]
rchar: 309717419529
wchar: 95036794705
syscr: 37509680
syscw: 2631939
read_bytes: 32861532672
write_bytes: 95046287360
cancelled_write_bytes: 4096

[2020-01-22T07:08:35-08:00]
rchar: 311270194461
wchar: 95504121448
syscr: 37697871
syscw: 2645194
read_bytes: 33031029248
write_bytes: 95513632768
cancelled_write_bytes: 4096

[2020-01-22T07:08:38-08:00]
rchar: 312235396746
wchar: 95755708861
syscr: 37814771
syscw: 2653904
read_bytes: 33121952256
write_bytes: 95765282816
cancelled_write_bytes: 4096

[2020-01-22T07:08:41-08:00]
rchar: 313370898839
wchar: 96341374600
syscr: 37952333
syscw: 2663535
read_bytes: 33181970944
write_bytes: 96350998528
cancelled_write_bytes: 4096

[2020-01-22T07:08:44-08:00]
rchar: 314508510962
wchar: 96875166900
syscr: 38090127
syscw: 2671455
read_bytes: 33211834880
write_bytes: 96884850688
cancelled_write_bytes: 4096

[2020-01-22T07:08:47-08:00]
rchar: 315655965912
wchar: 97451413651
syscr: 38229266
syscw: 2678914
read_bytes: 33236853248
write_bytes: 97461133312
cancelled_write_bytes: 4096

[2020-01-22T07:08:50-08:00]
rchar: 316557144710
wchar: 97901704243
syscr: 38338481
syscw: 2684868
read_bytes: 33254117888
write_bytes: 97911488512
cancelled_write_bytes: 4096

[2020-01-22T07:08:53-08:00]
rchar: 317659634137
wchar: 98469907119
syscr: 38471998
syscw: 2692100
read_bytes: 33271583232
write_bytes: 98479788032
cancelled_write_bytes: 4096

[2020-01-22T07:08:56-08:00]
rchar: 318246967867
wchar: 98748277340
syscr: 38543028
syscw: 2696354
read_bytes: 33281733120
write_bytes: 98758234112
cancelled_write_bytes: 4096

[2020-01-22T07:08:59-08:00]
rchar: 319884619998
wchar: 99116152615
syscr: 38741552
syscw: 2707452
read_bytes: 33329631744
write_bytes: 99126132736
cancelled_write_bytes: 4096

[2020-01-22T07:09:02-08:00]
rchar: 321565308902
wchar: 99526712471
syscr: 38945253
syscw: 2718966
read_bytes: 33365578240
write_bytes: 99536723968
cancelled_write_bytes: 4096

[2020-01-22T07:09:05-08:00]
rchar: 324185080077
wchar: 100108358044
syscr: 39262899
syscw: 2735414
read_bytes: 33421304320
write_bytes: 100118413312
cancelled_write_bytes: 4096

[2020-01-22T07:09:08-08:00]
rchar: 325462002122
wchar: 100420019600
syscr: 39417726
syscw: 2743774
read_bytes: 33448735232
write_bytes: 100430090240
cancelled_write_bytes: 4096

[2020-01-22T07:09:11-08:00]
rchar: 327154427606
wchar: 100927075015
syscr: 39622444
syscw: 2755644
read_bytes: 33482875392
write_bytes: 100937187328
cancelled_write_bytes: 4096

[2020-01-22T07:09:14-08:00]
rchar: 329431311900
wchar: 101489020853
syscr: 39898259
syscw: 2775359
read_bytes: 33559269888
write_bytes: 101500182528
cancelled_write_bytes: 4096

[2020-01-22T07:09:17-08:00]
rchar: 330064583545
wchar: 101669406875
syscr: 39975013
syscw: 2781658
read_bytes: 33579979264
write_bytes: 101679583232
cancelled_write_bytes: 4096

[2020-01-22T07:09:20-08:00]
rchar: 331665818122
wchar: 102198829933
syscr: 40169051
syscw: 2796122
read_bytes: 33627460096
write_bytes: 102209052672
cancelled_write_bytes: 4096

[2020-01-22T07:09:23-08:00]
rchar: 333813409035
wchar: 102658704274
syscr: 40429418
syscw: 2813600
read_bytes: 33688961536
write_bytes: 102668959744
cancelled_write_bytes: 4096

[2020-01-22T07:09:26-08:00]
rchar: 334906861589
wchar: 103104419542
syscr: 40561971
syscw: 2823291
read_bytes: 33719411200
write_bytes: 103114723328
cancelled_write_bytes: 4096

[2020-01-22T07:09:29-08:00]
rchar: 336128609904
wchar: 103622357665
syscr: 40710038
syscw: 2831445
read_bytes: 33741275648
write_bytes: 103632711680
cancelled_write_bytes: 4096

[2020-01-22T07:09:32-08:00]
rchar: 337304120638
wchar: 104174778464
syscr: 40852542
syscw: 2839131
read_bytes: 33759252992
write_bytes: 104185200640
cancelled_write_bytes: 4096

[2020-01-22T07:09:35-08:00]
rchar: 338801920755
wchar: 104702850404
syscr: 41034035
syscw: 2849729
read_bytes: 33837642240
write_bytes: 104713351168
cancelled_write_bytes: 4096

[2020-01-22T07:09:38-08:00]
rchar: 340066800082
wchar: 105113851621
syscr: 41187406
syscw: 2860108
read_bytes: 33930170880
write_bytes: 105124372480
cancelled_write_bytes: 4096

[2020-01-22T07:09:41-08:00]
rchar: 341414252829
wchar: 105609899118
syscr: 41350791
syscw: 2870615
read_bytes: 34033267200
write_bytes: 105620426752
cancelled_write_bytes: 4096

[2020-01-22T07:09:44-08:00]
rchar: 342360816189
wchar: 106000806740
syscr: 41465564
syscw: 2879560
read_bytes: 34098450944
write_bytes: 106011353088
cancelled_write_bytes: 4096

[2020-01-22T07:09:47-08:00]
rchar: 344216654371
wchar: 106620132471
syscr: 41690523
syscw: 2891500
read_bytes: 34223583744
write_bytes: 106631704576
cancelled_write_bytes: 4096

[2020-01-22T07:09:50-08:00]
rchar: 345649534880
wchar: 107023484686
syscr: 41864264
syscw: 2902253
read_bytes: 34318627328
write_bytes: 107035885568
cancelled_write_bytes: 4096

[2020-01-22T07:09:53-08:00]
rchar: 347479482394
wchar: 107614040491
syscr: 42086149
syscw: 2914388
read_bytes: 34447983104
write_bytes: 107624722432
cancelled_write_bytes: 4096

[2020-01-22T07:09:56-08:00]
rchar: 348557674211
wchar: 107963739973
syscr: 42216886
syscw: 2923602
read_bytes: 34513969664
write_bytes: 107975454720
cancelled_write_bytes: 4096

[2020-01-22T07:09:59-08:00]
rchar: 349462853730
wchar: 108273384176
syscr: 42326568
syscw: 2931512
read_bytes: 34559066624
write_bytes: 108284186624
cancelled_write_bytes: 4096

[2020-01-22T07:10:02-08:00]
rchar: 351465580210
wchar: 108850104139
syscr: 42569405
syscw: 2943630
read_bytes: 34681274880
write_bytes: 108860940288
cancelled_write_bytes: 4096

[2020-01-22T07:10:05-08:00]
rchar: 353075200530
wchar: 109315993366
syscr: 42763957
syscw: 2955333
read_bytes: 34808328704
write_bytes: 109326839808
cancelled_write_bytes: 4096

[2020-01-22T07:10:08-08:00]
rchar: 354141094138
wchar: 109651668640
syscr: 42893197
syscw: 2967108
read_bytes: 34915324416
write_bytes: 109662597120
cancelled_write_bytes: 4096

[2020-01-22T07:10:11-08:00]
rchar: 354885845365
wchar: 109978751645
syscr: 42983510
syscw: 2976048
read_bytes: 34985595392
write_bytes: 109989715968
cancelled_write_bytes: 4096

[2020-01-22T07:10:14-08:00]
rchar: 356223489258
wchar: 110428036127
syscr: 43145621
syscw: 2988470
read_bytes: 35107840512
write_bytes: 110439002112
cancelled_write_bytes: 4096

[2020-01-22T07:10:17-08:00]
rchar: 357748541722
wchar: 110875056933
syscr: 43330524
syscw: 3001643
read_bytes: 35238613504
write_bytes: 110887124992
cancelled_write_bytes: 4096

[2020-01-22T07:10:20-08:00]
rchar: 359339610630
wchar: 111312050129
syscr: 43523456
syscw: 3015654
read_bytes: 35376198144
write_bytes: 111323103232
cancelled_write_bytes: 4096

[2020-01-22T07:10:23-08:00]
rchar: 360423707968
wchar: 111790613226
syscr: 43654831
syscw: 3026126
read_bytes: 35448771072
write_bytes: 111801688064
cancelled_write_bytes: 4096

[2020-01-22T07:10:26-08:00]
rchar: 361718640886
wchar: 112283844581
syscr: 43811847
syscw: 3035857
read_bytes: 35494838784
write_bytes: 112294973440
cancelled_write_bytes: 4096

[2020-01-22T07:10:29-08:00]
rchar: 362905598853
wchar: 112722317548
syscr: 43955783
syscw: 3045213
read_bytes: 35537351168
write_bytes: 112733487104
cancelled_write_bytes: 4096

[2020-01-22T07:10:32-08:00]
rchar: 364408192278
wchar: 113304785588
syscr: 44137934
syscw: 3056706
read_bytes: 35589284352
write_bytes: 113316044800
cancelled_write_bytes: 4096

[2020-01-22T07:10:35-08:00]
rchar: 365841981858
wchar: 113859633788
syscr: 44311800
syscw: 3067575
read_bytes: 35640500736
write_bytes: 113870942208
cancelled_write_bytes: 4096

[2020-01-22T07:10:38-08:00]
rchar: 366748075678
wchar: 114196787927
syscr: 44421635
syscw: 3075770
read_bytes: 35673088512
write_bytes: 114208145408
cancelled_write_bytes: 4096

[2020-01-22T07:10:41-08:00]
rchar: 367738978755
wchar: 114594759746
syscr: 44541707
syscw: 3084915
read_bytes: 35709665792
write_bytes: 114606133248
cancelled_write_bytes: 4096

[2020-01-22T07:10:44-08:00]
rchar: 368815763240
wchar: 114931946057
syscr: 44672023
syscw: 3094408
read_bytes: 35751309824
write_bytes: 114943365120
cancelled_write_bytes: 4096

[2020-01-22T07:10:47-08:00]
rchar: 370776607287
wchar: 115409746076
syscr: 44909403
syscw: 3108304
read_bytes: 35834737152
write_bytes: 115421270016
cancelled_write_bytes: 4096

[2020-01-22T07:10:50-08:00]
rchar: 372279102670
wchar: 115632778822
syscr: 45091417
syscw: 3117956
read_bytes: 35866817024
write_bytes: 115644346368
cancelled_write_bytes: 4096

[2020-01-22T07:10:53-08:00]
rchar: 373100447535
wchar: 115934711197
syscr: 45191005
syscw: 3125101
read_bytes: 35881136640
write_bytes: 115946287104
cancelled_write_bytes: 4096

[2020-01-22T07:10:56-08:00]
rchar: 376060926784
wchar: 116493883785
syscr: 45549873
syscw: 3141524
read_bytes: 35923137024
write_bytes: 116505513984
cancelled_write_bytes: 4096

[2020-01-22T07:10:59-08:00]
rchar: 378598513251
wchar: 116968667081
syscr: 45857550
syscw: 3156421
read_bytes: 35959181824
write_bytes: 116980330496
cancelled_write_bytes: 4096

[2020-01-22T07:11:02-08:00]
rchar: 379854737079
wchar: 117360702163
syscr: 46009868
syscw: 3165557
read_bytes: 35977576960
write_bytes: 117372383232
cancelled_write_bytes: 4096

[2020-01-22T07:11:05-08:00]
rchar: 382565265005
wchar: 117821238260
syscr: 46338431
syscw: 3179352
read_bytes: 36012425728
write_bytes: 117832957952
cancelled_write_bytes: 4096

[2020-01-22T07:11:08-08:00]
rchar: 384782314037
wchar: 118256167052
syscr: 46606515
syscw: 3196741
read_bytes: 36058649088
write_bytes: 118267936768
cancelled_write_bytes: 4096

[2020-01-22T07:11:11-08:00]
rchar: 385982971594
wchar: 118705439664
syscr: 46752019
syscw: 3209072
read_bytes: 36085834240
write_bytes: 118717235200
cancelled_write_bytes: 4096

[2020-01-22T07:11:14-08:00]
rchar: 387883072430
wchar: 119120914659
syscr: 46982362
syscw: 3224557
read_bytes: 36124905984
write_bytes: 119132762112
cancelled_write_bytes: 4096

[2020-01-22T07:11:17-08:00]
rchar: 389714089981
wchar: 119651475135
syscr: 47204347
syscw: 3239739
read_bytes: 36163674624
write_bytes: 119663366144
cancelled_write_bytes: 4096

[2020-01-22T07:11:20-08:00]
rchar: 390733986918
wchar: 120112500643
syscr: 47327937
syscw: 3247587
read_bytes: 36176970240
write_bytes: 120124424192
cancelled_write_bytes: 4096

[2020-01-22T07:11:23-08:00]
rchar: 392166720728
wchar: 120739243706
syscr: 47501677
syscw: 3257374
read_bytes: 36193989120
write_bytes: 120751214592
cancelled_write_bytes: 4096

[2020-01-22T07:11:26-08:00]
rchar: 393335646654
wchar: 121291245747
syscr: 47643387
syscw: 3265548
read_bytes: 36206916096
write_bytes: 121303289856
cancelled_write_bytes: 4096

[2020-01-22T07:11:29-08:00]
rchar: 394152414168
wchar: 121681356672
syscr: 47742397
syscw: 3271503
read_bytes: 36215845376
write_bytes: 121693462528
cancelled_write_bytes: 4096

[2020-01-22T07:11:32-08:00]
rchar: 394932021644
wchar: 122033831499
syscr: 47836733
syscw: 3277756
read_bytes: 36250034688
write_bytes: 122046054400
cancelled_write_bytes: 4096

[2020-01-22T07:11:35-08:00]
rchar: 395805247143
wchar: 122599235258
syscr: 47942623
syscw: 3282724
read_bytes: 36345811456
write_bytes: 122611470336
cancelled_write_bytes: 4096

[2020-01-22T07:11:38-08:00]
rchar: 395860670281
wchar: 122651492553
syscr: 47949350
syscw: 3282900
read_bytes: 36353929728
write_bytes: 122663739392
cancelled_write_bytes: 4096

[2020-01-22T07:11:41-08:00]
rchar: 395860670281
wchar: 122651492553
syscr: 47949350
syscw: 3282900
read_bytes: 36353929728
write_bytes: 122663739392
cancelled_write_bytes: 4096

[2020-01-22T07:11:44-08:00]
rchar: 395860670281
wchar: 122651492553
syscr: 47949350
syscw: 3282900
read_bytes: 36353929728
write_bytes: 122663739392
cancelled_write_bytes: 4096

[2020-01-22T07:11:47-08:00]
rchar: 395860670281
wchar: 122651492553
syscr: 47949350
syscw: 3282900
read_bytes: 36353929728
write_bytes: 122663739392
cancelled_write_bytes: 4096

[2020-01-22T07:11:50-08:00]
rchar: 395860670281
wchar: 122651492553
syscr: 47949350
syscw: 3282900
read_bytes: 36353929728
write_bytes: 122663739392
cancelled_write_bytes: 4096

[2020-01-22T07:11:53-08:00]
rchar: 395860670281
wchar: 122651492553
syscr: 47949350
syscw: 3282900
read_bytes: 36353929728
write_bytes: 122663739392
cancelled_write_bytes: 4096

