[2020-01-23T11:48:30-08:00]
rchar: 16583973
wchar: 209
syscr: 2824
syscw: 10
read_bytes: 716800
write_bytes: 53248
cancelled_write_bytes: 0

[2020-01-23T11:48:33-08:00]
rchar: 16583973
wchar: 209
syscr: 2824
syscw: 10
read_bytes: 716800
write_bytes: 53248
cancelled_write_bytes: 0

[2020-01-23T11:48:36-08:00]
rchar: 16583973
wchar: 209
syscr: 2824
syscw: 10
read_bytes: 716800
write_bytes: 69632
cancelled_write_bytes: 0

[2020-01-23T11:48:39-08:00]
rchar: 16583973
wchar: 209
syscr: 2824
syscw: 10
read_bytes: 716800
write_bytes: 69632
cancelled_write_bytes: 0

[2020-01-23T11:48:42-08:00]
rchar: 16583973
wchar: 209
syscr: 2824
syscw: 10
read_bytes: 716800
write_bytes: 77824
cancelled_write_bytes: 0

[2020-01-23T11:48:45-08:00]
rchar: 16583973
wchar: 209
syscr: 2824
syscw: 10
read_bytes: 716800
write_bytes: 86016
cancelled_write_bytes: 0

[2020-01-23T11:48:48-08:00]
rchar: 16583973
wchar: 209
syscr: 2824
syscw: 10
read_bytes: 716800
write_bytes: 86016
cancelled_write_bytes: 0

[2020-01-23T11:48:51-08:00]
rchar: 16583973
wchar: 209
syscr: 2824
syscw: 10
read_bytes: 716800
write_bytes: 86016
cancelled_write_bytes: 0

[2020-01-23T11:48:54-08:00]
rchar: 16583973
wchar: 209
syscr: 2824
syscw: 10
read_bytes: 716800
write_bytes: 86016
cancelled_write_bytes: 0

[2020-01-23T11:48:57-08:00]
rchar: 151600660
wchar: 8275336
syscr: 8615
syscw: 1261
read_bytes: 145434112
write_bytes: 8388608
cancelled_write_bytes: 0

[2020-01-23T11:49:00-08:00]
rchar: 494584918
wchar: 278019324
syscr: 35633
syscw: 9173
read_bytes: 567597568
write_bytes: 278151168
cancelled_write_bytes: 0

[2020-01-23T11:49:03-08:00]
rchar: 1006148934
wchar: 471610987
syscr: 97676
syscw: 44214
read_bytes: 1286576640
write_bytes: 471748608
cancelled_write_bytes: 0

[2020-01-23T11:49:06-08:00]
rchar: 1676671137
wchar: 779101826
syscr: 178901
syscw: 59247
read_bytes: 1754196480
write_bytes: 779251712
cancelled_write_bytes: 0

[2020-01-23T11:49:09-08:00]
rchar: 2415923734
wchar: 1035406877
syscr: 268541
syscw: 73113
read_bytes: 2215098880
write_bytes: 1035558912
cancelled_write_bytes: 0

[2020-01-23T11:49:12-08:00]
rchar: 3475119604
wchar: 1454869493
syscr: 396884
syscw: 83749
read_bytes: 2524252672
write_bytes: 1455046656
cancelled_write_bytes: 0

[2020-01-23T11:49:15-08:00]
rchar: 4574780964
wchar: 1891475104
syscr: 529987
syscw: 94651
read_bytes: 2844207616
write_bytes: 1891684352
cancelled_write_bytes: 0

[2020-01-23T11:49:18-08:00]
rchar: 5048296374
wchar: 2144937771
syscr: 587313
syscw: 103293
read_bytes: 3096979968
write_bytes: 2145185792
cancelled_write_bytes: 0

[2020-01-23T11:49:21-08:00]
rchar: 6763316306
wchar: 2355940195
syscr: 795264
syscw: 124150
read_bytes: 3744508416
write_bytes: 2356203520
cancelled_write_bytes: 0

[2020-01-23T11:49:24-08:00]
rchar: 6913982263
wchar: 2548663563
syscr: 813533
syscw: 127373
read_bytes: 3801340416
write_bytes: 2548932608
cancelled_write_bytes: 0

[2020-01-23T11:49:27-08:00]
rchar: 9149924834
wchar: 2753902201
syscr: 1084554
syscw: 145174
read_bytes: 4403468800
write_bytes: 2754183168
cancelled_write_bytes: 0

[2020-01-23T11:49:30-08:00]
rchar: 10298478790
wchar: 3022381981
syscr: 1223734
syscw: 155477
read_bytes: 4677503488
write_bytes: 3022684160
cancelled_write_bytes: 0

[2020-01-23T11:49:33-08:00]
rchar: 12820891810
wchar: 3209475052
syscr: 1529567
syscw: 171437
read_bytes: 5205608960
write_bytes: 3209785344
cancelled_write_bytes: 0

[2020-01-23T11:49:36-08:00]
rchar: 14062230907
wchar: 3613426648
syscr: 1679992
syscw: 180201
read_bytes: 5398108672
write_bytes: 3613757440
cancelled_write_bytes: 0

[2020-01-23T11:49:39-08:00]
rchar: 15863501428
wchar: 4076807085
syscr: 1898392
syscw: 190546
read_bytes: 5632354816
write_bytes: 4077162496
cancelled_write_bytes: 0

[2020-01-23T11:49:42-08:00]
rchar: 17724236219
wchar: 4569557111
syscr: 2124004
syscw: 201140
read_bytes: 5874240000
write_bytes: 4569944064
cancelled_write_bytes: 0

[2020-01-23T11:49:45-08:00]
rchar: 18510138730
wchar: 4974760184
syscr: 2218730
syscw: 207815
read_bytes: 5989263872
write_bytes: 4975190016
cancelled_write_bytes: 0

[2020-01-23T11:49:48-08:00]
rchar: 19376533220
wchar: 5293074221
syscr: 2323757
syscw: 216547
read_bytes: 6180489728
write_bytes: 5293547520
cancelled_write_bytes: 0

[2020-01-23T11:49:51-08:00]
rchar: 20495852510
wchar: 5622340899
syscr: 2459494
syscw: 227796
read_bytes: 6460340736
write_bytes: 5622882304
cancelled_write_bytes: 0

[2020-01-23T11:49:54-08:00]
rchar: 21195596512
wchar: 5989041984
syscr: 2544328
syscw: 234835
read_bytes: 6616566272
write_bytes: 5989691392
cancelled_write_bytes: 0

[2020-01-23T11:49:57-08:00]
rchar: 22469396082
wchar: 6292345651
syscr: 2698669
syscw: 245377
read_bytes: 6878231040
write_bytes: 6293041152
cancelled_write_bytes: 0

[2020-01-23T11:50:00-08:00]
rchar: 24089996153
wchar: 6439107519
syscr: 2895170
syscw: 257670
read_bytes: 7252441600
write_bytes: 6440177664
cancelled_write_bytes: 0

[2020-01-23T11:50:03-08:00]
rchar: 26401431673
wchar: 6778699499
syscr: 3175341
syscw: 272957
read_bytes: 7678794240
write_bytes: 6779420672
cancelled_write_bytes: 0

[2020-01-23T11:50:06-08:00]
rchar: 27793633326
wchar: 7055036846
syscr: 3344143
syscw: 282184
read_bytes: 7930554880
write_bytes: 7055765504
cancelled_write_bytes: 0

[2020-01-23T11:50:09-08:00]
rchar: 29273989495
wchar: 7395634646
syscr: 3523547
syscw: 291228
read_bytes: 8105302528
write_bytes: 7396392960
cancelled_write_bytes: 0

[2020-01-23T11:50:12-08:00]
rchar: 30898505491
wchar: 7801087042
syscr: 3720518
syscw: 301165
read_bytes: 8291387904
write_bytes: 7801868288
cancelled_write_bytes: 0

[2020-01-23T11:50:15-08:00]
rchar: 32702207759
wchar: 8296480144
syscr: 3939220
syscw: 311565
read_bytes: 8493165056
write_bytes: 8297295872
cancelled_write_bytes: 0

[2020-01-23T11:50:18-08:00]
rchar: 33558965009
wchar: 8705057688
syscr: 4042508
syscw: 318550
read_bytes: 8613763584
write_bytes: 8705921024
cancelled_write_bytes: 0

[2020-01-23T11:50:21-08:00]
rchar: 35114408048
wchar: 9144035032
syscr: 4231076
syscw: 331456
read_bytes: 8904067584
write_bytes: 9144938496
cancelled_write_bytes: 0

[2020-01-23T11:50:24-08:00]
rchar: 36147245586
wchar: 9445865877
syscr: 4356300
syscw: 340378
read_bytes: 9097288192
write_bytes: 9446825984
cancelled_write_bytes: 0

[2020-01-23T11:50:27-08:00]
rchar: 36393055847
wchar: 9693376752
syscr: 4386097
syscw: 343583
read_bytes: 9142012416
write_bytes: 9694359552
cancelled_write_bytes: 0

[2020-01-23T11:50:30-08:00]
rchar: 37954420183
wchar: 10063608476
syscr: 4575311
syscw: 354506
read_bytes: 9373714944
write_bytes: 10064650240
cancelled_write_bytes: 0

[2020-01-23T11:50:33-08:00]
rchar: 39753855443
wchar: 10277192556
syscr: 4793480
syscw: 366519
read_bytes: 9685789184
write_bytes: 10278289408
cancelled_write_bytes: 0

[2020-01-23T11:50:36-08:00]
rchar: 41898023261
wchar: 10591974644
syscr: 5053371
syscw: 380510
read_bytes: 10010728960
write_bytes: 10593087488
cancelled_write_bytes: 0

[2020-01-23T11:50:39-08:00]
rchar: 43877505919
wchar: 10831875359
syscr: 5293379
syscw: 391921
read_bytes: 10300762624
write_bytes: 10832994304
cancelled_write_bytes: 0

[2020-01-23T11:50:42-08:00]
rchar: 45628476127
wchar: 11319943374
syscr: 5505598
syscw: 402279
read_bytes: 10469403136
write_bytes: 11321688064
cancelled_write_bytes: 0

[2020-01-23T11:50:45-08:00]
rchar: 47304428343
wchar: 11719427684
syscr: 5708806
syscw: 412219
read_bytes: 10629417472
write_bytes: 11720601600
cancelled_write_bytes: 0

[2020-01-23T11:50:48-08:00]
rchar: 49041885208
wchar: 12185415469
syscr: 5919475
syscw: 421969
read_bytes: 10790861312
write_bytes: 12187648000
cancelled_write_bytes: 0

[2020-01-23T11:50:51-08:00]
rchar: 49809590201
wchar: 12591975343
syscr: 6011968
syscw: 429063
read_bytes: 10890549760
write_bytes: 12593233920
cancelled_write_bytes: 0

[2020-01-23T11:50:54-08:00]
rchar: 51372174515
wchar: 13026653542
syscr: 6201408
syscw: 440789
read_bytes: 11123354112
write_bytes: 13027983360
cancelled_write_bytes: 0

[2020-01-23T11:50:57-08:00]
rchar: 52841921173
wchar: 13426363147
syscr: 6379591
syscw: 452694
read_bytes: 11347159552
write_bytes: 13427769344
cancelled_write_bytes: 0

[2020-01-23T11:51:00-08:00]
rchar: 53632869388
wchar: 13826896267
syscr: 6475408
syscw: 459555
read_bytes: 11450903040
write_bytes: 13828349952
cancelled_write_bytes: 0

[2020-01-23T11:51:03-08:00]
rchar: 55379215747
wchar: 14236997730
syscr: 6687133
syscw: 471475
read_bytes: 11673639424
write_bytes: 14238507008
cancelled_write_bytes: 0

[2020-01-23T11:51:06-08:00]
rchar: 56812899934
wchar: 14367629539
syscr: 6860954
syscw: 480573
read_bytes: 11899562496
write_bytes: 14369153024
cancelled_write_bytes: 0

[2020-01-23T11:51:09-08:00]
rchar: 58036466038
wchar: 14620228344
syscr: 7009224
syscw: 489208
read_bytes: 12065348096
write_bytes: 14621765632
cancelled_write_bytes: 0

[2020-01-23T11:51:12-08:00]
rchar: 60727837468
wchar: 14791721386
syscr: 7335548
syscw: 502666
read_bytes: 12413516288
write_bytes: 14793261056
cancelled_write_bytes: 0

[2020-01-23T11:51:15-08:00]
rchar: 62232666819
wchar: 15249450322
syscr: 7517925
syscw: 512391
read_bytes: 12560091648
write_bytes: 15251021824
cancelled_write_bytes: 0

[2020-01-23T11:51:18-08:00]
rchar: 64432600846
wchar: 15802993094
syscr: 7784666
syscw: 524507
read_bytes: 12744686080
write_bytes: 15804592128
cancelled_write_bytes: 0

[2020-01-23T11:51:21-08:00]
rchar: 66422602060
wchar: 16305978834
syscr: 8025480
syscw: 536022
read_bytes: 12921797120
write_bytes: 16307613696
cancelled_write_bytes: 0

[2020-01-23T11:51:24-08:00]
rchar: 66598164113
wchar: 16580185666
syscr: 8046761
syscw: 538479
read_bytes: 12942006784
write_bytes: 16581853184
cancelled_write_bytes: 0

[2020-01-23T11:51:27-08:00]
rchar: 67834945854
wchar: 16919456340
syscr: 8196613
syscw: 548410
read_bytes: 13111880192
write_bytes: 16921182208
cancelled_write_bytes: 0

[2020-01-23T11:51:30-08:00]
rchar: 69481333060
wchar: 17342700185
syscr: 8396205
syscw: 561775
read_bytes: 13345012224
write_bytes: 17344471040
cancelled_write_bytes: 0

[2020-01-23T11:51:33-08:00]
rchar: 70296609552
wchar: 17760318390
syscr: 8495057
syscw: 569453
read_bytes: 13458553344
write_bytes: 17762127872
cancelled_write_bytes: 0

[2020-01-23T11:51:36-08:00]
rchar: 72049100756
wchar: 18191005510
syscr: 8707438
syscw: 581720
read_bytes: 13657950720
write_bytes: 18192875520
cancelled_write_bytes: 0

[2020-01-23T11:51:39-08:00]
rchar: 73191324903
wchar: 18505423007
syscr: 8845894
syscw: 590915
read_bytes: 13784644096
write_bytes: 18507329536
cancelled_write_bytes: 0

[2020-01-23T11:51:42-08:00]
rchar: 74361734692
wchar: 18892384446
syscr: 8987797
syscw: 599377
read_bytes: 13919508992
write_bytes: 18894331904
cancelled_write_bytes: 0

[2020-01-23T11:51:45-08:00]
rchar: 76140392563
wchar: 19245103445
syscr: 9203338
syscw: 610085
read_bytes: 14115748352
write_bytes: 19247108096
cancelled_write_bytes: 0

[2020-01-23T11:51:48-08:00]
rchar: 78391382101
wchar: 19390364755
syscr: 9476268
syscw: 621173
read_bytes: 14387501568
write_bytes: 19392376832
cancelled_write_bytes: 0

[2020-01-23T11:51:51-08:00]
rchar: 80166513564
wchar: 19919204325
syscr: 9691415
syscw: 632762
read_bytes: 14544546304
write_bytes: 19921244160
cancelled_write_bytes: 0

[2020-01-23T11:51:54-08:00]
rchar: 81859202645
wchar: 20370318508
syscr: 9896656
syscw: 642431
read_bytes: 14672542208
write_bytes: 20372385792
cancelled_write_bytes: 0

[2020-01-23T11:51:57-08:00]
rchar: 83637686317
wchar: 20807532369
syscr: 10112296
syscw: 653386
read_bytes: 14814591488
write_bytes: 20809637888
cancelled_write_bytes: 0

[2020-01-23T11:52:00-08:00]
rchar: 84403908883
wchar: 21254785797
syscr: 10204619
syscw: 660113
read_bytes: 14887586304
write_bytes: 21256949760
cancelled_write_bytes: 0

[2020-01-23T11:52:03-08:00]
rchar: 86058292797
wchar: 21746604899
syscr: 10405199
syscw: 673086
read_bytes: 15090153984
write_bytes: 21748805632
cancelled_write_bytes: 0

[2020-01-23T11:52:06-08:00]
rchar: 87107436536
wchar: 22064245107
syscr: 10532360
syscw: 682723
read_bytes: 15222462976
write_bytes: 22066483200
cancelled_write_bytes: 0

[2020-01-23T11:52:09-08:00]
rchar: 87919714629
wchar: 22493658007
syscr: 10630847
syscw: 690619
read_bytes: 15326558720
write_bytes: 22495940608
cancelled_write_bytes: 0

[2020-01-23T11:52:12-08:00]
rchar: 89530357352
wchar: 22923754898
syscr: 10826021
syscw: 702104
read_bytes: 15495182848
write_bytes: 22926086144
cancelled_write_bytes: 0

[2020-01-23T11:52:15-08:00]
rchar: 91275660738
wchar: 23348400119
syscr: 11037594
syscw: 714530
read_bytes: 15687875072
write_bytes: 23350792192
cancelled_write_bytes: 0

[2020-01-23T11:52:18-08:00]
rchar: 92172233410
wchar: 23811719966
syscr: 11146203
syscw: 721793
read_bytes: 15777122816
write_bytes: 23814164480
cancelled_write_bytes: 0

[2020-01-23T11:52:21-08:00]
rchar: 93745537401
wchar: 24108185636
syscr: 11336934
syscw: 732148
read_bytes: 15928691200
write_bytes: 24110661632
cancelled_write_bytes: 0

[2020-01-23T11:52:24-08:00]
rchar: 95973928662
wchar: 24257297552
syscr: 11607124
syscw: 744378
read_bytes: 16181815808
write_bytes: 24259801088
cancelled_write_bytes: 0

[2020-01-23T11:52:27-08:00]
rchar: 97461322294
wchar: 24707461543
syscr: 11787386
syscw: 754986
read_bytes: 16307317248
write_bytes: 24710008832
cancelled_write_bytes: 0

[2020-01-23T11:52:31-08:00]
rchar: 99665339169
wchar: 25273807740
syscr: 12054623
syscw: 767985
read_bytes: 16466749952
write_bytes: 25276383232
cancelled_write_bytes: 0

[2020-01-23T11:52:34-08:00]
rchar: 101595630040
wchar: 25779690806
syscr: 12288676
syscw: 779437
read_bytes: 16606657024
write_bytes: 25782300672
cancelled_write_bytes: 0

[2020-01-23T11:52:37-08:00]
rchar: 101787409228
wchar: 26043604256
syscr: 12311433
syscw: 781574
read_bytes: 16622074368
write_bytes: 26046255104
cancelled_write_bytes: 0

[2020-01-23T11:52:40-08:00]
rchar: 103271896092
wchar: 26471424465
syscr: 12491323
syscw: 794044
read_bytes: 16794679808
write_bytes: 26474110976
cancelled_write_bytes: 0

[2020-01-23T11:52:43-08:00]
rchar: 104938486240
wchar: 26919730563
syscr: 12693365
syscw: 807722
read_bytes: 16996100608
write_bytes: 26922467328
cancelled_write_bytes: 0

[2020-01-23T11:52:46-08:00]
rchar: 105625506725
wchar: 27345845730
syscr: 12776592
syscw: 814450
read_bytes: 17065286144
write_bytes: 27348619264
cancelled_write_bytes: 0

[2020-01-23T11:52:49-08:00]
rchar: 106939808923
wchar: 27680159937
syscr: 12935898
syscw: 824782
read_bytes: 17191991808
write_bytes: 27682975744
cancelled_write_bytes: 0

[2020-01-23T11:52:52-08:00]
rchar: 108797193116
wchar: 28129029102
syscr: 13161093
syscw: 838106
read_bytes: 17379047936
write_bytes: 28131893248
cancelled_write_bytes: 0

[2020-01-23T11:52:55-08:00]
rchar: 109734181770
wchar: 28550845579
syscr: 13274687
syscw: 846046
read_bytes: 17472588288
write_bytes: 28553740288
cancelled_write_bytes: 0

[2020-01-23T11:52:58-08:00]
rchar: 111840773711
wchar: 29008610852
syscr: 13529987
syscw: 859075
read_bytes: 17650096640
write_bytes: 29012099072
cancelled_write_bytes: 0

[2020-01-23T11:53:01-08:00]
rchar: 113540867155
wchar: 29386779703
syscr: 13736074
syscw: 870480
read_bytes: 17794705920
write_bytes: 29389803520
cancelled_write_bytes: 0

[2020-01-23T11:53:04-08:00]
rchar: 114540872280
wchar: 29650311933
syscr: 13857243
syscw: 878807
read_bytes: 17894148608
write_bytes: 29653917696
cancelled_write_bytes: 0

[2020-01-23T11:53:07-08:00]
rchar: 116782075536
wchar: 30231257449
syscr: 14128989
syscw: 891952
read_bytes: 18042468864
write_bytes: 30234341376
cancelled_write_bytes: 0

[2020-01-23T11:53:10-08:00]
rchar: 119037409367
wchar: 30795719365
syscr: 14402450
syscw: 905507
read_bytes: 18195339776
write_bytes: 30798835712
cancelled_write_bytes: 0

[2020-01-23T11:53:13-08:00]
rchar: 119609285760
wchar: 30936651596
syscr: 14471316
syscw: 909233
read_bytes: 18235390464
write_bytes: 30939791360
cancelled_write_bytes: 0

[2020-01-23T11:53:16-08:00]
rchar: 120790061759
wchar: 31423948572
syscr: 14614394
syscw: 920462
read_bytes: 18367937024
write_bytes: 31427137536
cancelled_write_bytes: 0

[2020-01-23T11:53:19-08:00]
rchar: 122471044283
wchar: 31866728431
syscr: 14818170
syscw: 933878
read_bytes: 18570430976
write_bytes: 31869964288
cancelled_write_bytes: 0

[2020-01-23T11:53:22-08:00]
rchar: 123190694959
wchar: 32228596882
syscr: 14905437
syscw: 940376
read_bytes: 18667379200
write_bytes: 32231849984
cancelled_write_bytes: 0

[2020-01-23T11:53:25-08:00]
rchar: 124342283153
wchar: 32519428808
syscr: 15044967
syscw: 949543
read_bytes: 18769185280
write_bytes: 32522715136
cancelled_write_bytes: 0

[2020-01-23T11:53:28-08:00]
rchar: 126255028893
wchar: 32984575693
syscr: 15276842
syscw: 962802
read_bytes: 18941454848
write_bytes: 32987942912
cancelled_write_bytes: 0

[2020-01-23T11:53:31-08:00]
rchar: 127411927302
wchar: 33415979194
syscr: 15417091
syscw: 971489
read_bytes: 19044014592
write_bytes: 33419403264
cancelled_write_bytes: 0

[2020-01-23T11:53:34-08:00]
rchar: 128962023787
wchar: 33804495524
syscr: 15604937
syscw: 981990
read_bytes: 19162081792
write_bytes: 33807958016
cancelled_write_bytes: 0

[2020-01-23T11:53:37-08:00]
rchar: 130826084253
wchar: 34186993369
syscr: 15830935
syscw: 994262
read_bytes: 19307743744
write_bytes: 34190503936
cancelled_write_bytes: 0

[2020-01-23T11:53:40-08:00]
rchar: 132191274989
wchar: 34607822480
syscr: 15996433
syscw: 1003595
read_bytes: 19412257280
write_bytes: 34611412992
cancelled_write_bytes: 0

[2020-01-23T11:53:43-08:00]
rchar: 133965675583
wchar: 35089515976
syscr: 16211470
syscw: 1014595
read_bytes: 19524983296
write_bytes: 35093118976
cancelled_write_bytes: 0

[2020-01-23T11:53:46-08:00]
rchar: 135351395192
wchar: 35458538083
syscr: 16379489
syscw: 1023079
read_bytes: 19606727168
write_bytes: 35462160384
cancelled_write_bytes: 0

[2020-01-23T11:53:49-08:00]
rchar: 137583557241
wchar: 36033005670
syscr: 16650140
syscw: 1035861
read_bytes: 19743377920
write_bytes: 36036665344
cancelled_write_bytes: 0

[2020-01-23T11:53:52-08:00]
rchar: 138565073436
wchar: 36465583822
syscr: 16768555
syscw: 1043506
read_bytes: 19814009344
write_bytes: 36470026240
cancelled_write_bytes: 0

[2020-01-23T11:53:55-08:00]
rchar: 140337992016
wchar: 36948309722
syscr: 16983487
syscw: 1057820
read_bytes: 19987622400
write_bytes: 36952055808
cancelled_write_bytes: 0

[2020-01-23T11:53:58-08:00]
rchar: 141572110030
wchar: 37297380619
syscr: 17133103
syscw: 1070278
read_bytes: 20110858752
write_bytes: 37301182464
cancelled_write_bytes: 0

[2020-01-23T11:54:01-08:00]
rchar: 142561627057
wchar: 37718980809
syscr: 17252990
syscw: 1079537
read_bytes: 20200987136
write_bytes: 37722828800
cancelled_write_bytes: 0

[2020-01-23T11:54:04-08:00]
rchar: 144554539273
wchar: 38181173382
syscr: 17494618
syscw: 1093176
read_bytes: 20367469056
write_bytes: 38185062400
cancelled_write_bytes: 0

[2020-01-23T11:54:07-08:00]
rchar: 145753419236
wchar: 38506904898
syscr: 17639933
syscw: 1101744
read_bytes: 20464261632
write_bytes: 38510837760
cancelled_write_bytes: 0

[2020-01-23T11:54:10-08:00]
rchar: 146296636536
wchar: 38803531883
syscr: 17705717
syscw: 1106470
read_bytes: 20504537600
write_bytes: 38807490560
cancelled_write_bytes: 0

[2020-01-23T11:54:13-08:00]
rchar: 148492727555
wchar: 39250584585
syscr: 17971947
syscw: 1119703
read_bytes: 20662434304
write_bytes: 39254609920
cancelled_write_bytes: 0

[2020-01-23T11:54:16-08:00]
rchar: 150523266381
wchar: 39747808490
syscr: 18218139
syscw: 1132385
read_bytes: 20805376512
write_bytes: 39751884800
cancelled_write_bytes: 0

[2020-01-23T11:54:19-08:00]
rchar: 151350723998
wchar: 40063125868
syscr: 18318348
syscw: 1139189
read_bytes: 20871895552
write_bytes: 40067235840
cancelled_write_bytes: 0

[2020-01-23T11:54:22-08:00]
rchar: 153861718667
wchar: 40334109815
syscr: 18622804
syscw: 1152160
read_bytes: 21117975040
write_bytes: 40338239488
cancelled_write_bytes: 0

[2020-01-23T11:54:25-08:00]
rchar: 155616399239
wchar: 40573548791
syscr: 18835560
syscw: 1161009
read_bytes: 21291297280
write_bytes: 40577687552
cancelled_write_bytes: 0

[2020-01-23T11:54:28-08:00]
rchar: 157686677816
wchar: 41163103163
syscr: 19086440
syscw: 1173063
read_bytes: 21397821952
write_bytes: 41167290368
cancelled_write_bytes: 0

[2020-01-23T11:54:31-08:00]
rchar: 160366027241
wchar: 41761261755
syscr: 19411307
syscw: 1187318
read_bytes: 21531798016
write_bytes: 41765494784
cancelled_write_bytes: 0

[2020-01-23T11:54:34-08:00]
rchar: 161793099760
wchar: 42087332368
syscr: 19584344
syscw: 1195257
read_bytes: 21603297792
write_bytes: 42091581440
cancelled_write_bytes: 0

[2020-01-23T11:54:37-08:00]
rchar: 162500779684
wchar: 42470673140
syscr: 19669531
syscw: 1201490
read_bytes: 21651737088
write_bytes: 42474971136
cancelled_write_bytes: 0

[2020-01-23T11:54:40-08:00]
rchar: 164537809912
wchar: 42933959534
syscr: 19916481
syscw: 1214785
read_bytes: 21800962560
write_bytes: 42938314752
cancelled_write_bytes: 0

[2020-01-23T11:54:43-08:00]
rchar: 166283208534
wchar: 43399568636
syscr: 20128089
syscw: 1226368
read_bytes: 21923121664
write_bytes: 43403968512
cancelled_write_bytes: 0

[2020-01-23T11:54:46-08:00]
rchar: 166517991674
wchar: 43630733278
syscr: 20156559
syscw: 1229244
read_bytes: 21940165120
write_bytes: 43635146752
cancelled_write_bytes: 0

[2020-01-23T11:54:49-08:00]
rchar: 168730045132
wchar: 44087556226
syscr: 20424641
syscw: 1242796
read_bytes: 22077143552
write_bytes: 44092026880
cancelled_write_bytes: 0

[2020-01-23T11:54:52-08:00]
rchar: 171081966984
wchar: 44543545335
syscr: 20709747
syscw: 1256704
read_bytes: 22229199360
write_bytes: 44548071424
cancelled_write_bytes: 0

[2020-01-23T11:54:55-08:00]
rchar: 171706273324
wchar: 44895788110
syscr: 20785450
syscw: 1261726
read_bytes: 22264281600
write_bytes: 44900331520
cancelled_write_bytes: 0

[2020-01-23T11:54:58-08:00]
rchar: 173720590771
wchar: 45311648141
syscr: 21029567
syscw: 1273897
read_bytes: 22370449920
write_bytes: 45316243456
cancelled_write_bytes: 0

[2020-01-23T11:55:01-08:00]
rchar: 176286363387
wchar: 45923150152
syscr: 21340668
syscw: 1288637
read_bytes: 22499510784
write_bytes: 45927796736
cancelled_write_bytes: 0

[2020-01-23T11:55:04-08:00]
rchar: 177672470919
wchar: 46475677521
syscr: 21508738
syscw: 1297671
read_bytes: 22565087744
write_bytes: 46480355328
cancelled_write_bytes: 0

[2020-01-23T11:55:07-08:00]
rchar: 178911129773
wchar: 46842324021
syscr: 21658310
syscw: 1305016
read_bytes: 22619965952
write_bytes: 46848212992
cancelled_write_bytes: 0

[2020-01-23T11:55:10-08:00]
rchar: 180118259157
wchar: 47618930388
syscr: 21804691
syscw: 1313137
read_bytes: 22664391168
write_bytes: 47623725056
cancelled_write_bytes: 0

[2020-01-23T11:55:13-08:00]
rchar: 181268595967
wchar: 48141686140
syscr: 21943996
syscw: 1321983
read_bytes: 22739368448
write_bytes: 48146558976
cancelled_write_bytes: 0

[2020-01-23T11:55:16-08:00]
rchar: 182532675916
wchar: 48516903554
syscr: 22097260
syscw: 1334191
read_bytes: 22849731072
write_bytes: 48521809920
cancelled_write_bytes: 0

[2020-01-23T11:55:19-08:00]
rchar: 183534876370
wchar: 48897644682
syscr: 22218680
syscw: 1343049
read_bytes: 22956096000
write_bytes: 48902590464
cancelled_write_bytes: 0

[2020-01-23T11:55:22-08:00]
rchar: 184927531678
wchar: 49232131361
syscr: 22387523
syscw: 1354200
read_bytes: 23067601408
write_bytes: 49237110784
cancelled_write_bytes: 0

[2020-01-23T11:55:25-08:00]
rchar: 186549245606
wchar: 49678172906
syscr: 22584119
syscw: 1366260
read_bytes: 23181232640
write_bytes: 49683202048
cancelled_write_bytes: 0

[2020-01-23T11:55:28-08:00]
rchar: 187904724710
wchar: 50178398975
syscr: 22748363
syscw: 1376679
read_bytes: 23267080704
write_bytes: 50183479296
cancelled_write_bytes: 0

[2020-01-23T11:55:31-08:00]
rchar: 189592434363
wchar: 50556551203
syscr: 22952978
syscw: 1388086
read_bytes: 23369411072
write_bytes: 50562326528
cancelled_write_bytes: 0

[2020-01-23T11:55:34-08:00]
rchar: 191315828050
wchar: 50964157002
syscr: 23161915
syscw: 1399284
read_bytes: 23474891264
write_bytes: 50969333760
cancelled_write_bytes: 0

[2020-01-23T11:55:37-08:00]
rchar: 192975212368
wchar: 51455056513
syscr: 23363004
syscw: 1410614
read_bytes: 23567526400
write_bytes: 51460296704
cancelled_write_bytes: 0

[2020-01-23T11:55:40-08:00]
rchar: 195513124429
wchar: 51988352494
syscr: 23670693
syscw: 1425402
read_bytes: 23700691456
write_bytes: 51993624576
cancelled_write_bytes: 0

[2020-01-23T11:55:43-08:00]
rchar: 196724485990
wchar: 52292058443
syscr: 23817573
syscw: 1433416
read_bytes: 23760718336
write_bytes: 52297347072
cancelled_write_bytes: 0

[2020-01-23T11:55:46-08:00]
rchar: 198288591071
wchar: 52800178857
syscr: 24007135
syscw: 1443635
read_bytes: 23834810880
write_bytes: 52805496832
cancelled_write_bytes: 0

[2020-01-23T11:55:49-08:00]
rchar: 200754232879
wchar: 53261339628
syscr: 24305583
syscw: 1458269
read_bytes: 23983921664
write_bytes: 53266694144
cancelled_write_bytes: 0

[2020-01-23T11:55:52-08:00]
rchar: 201801129157
wchar: 53751600868
syscr: 24432504
syscw: 1468202
read_bytes: 24062585344
write_bytes: 53756993536
cancelled_write_bytes: 0

[2020-01-23T11:55:55-08:00]
rchar: 202689497393
wchar: 53994047137
syscr: 24540124
syscw: 1475756
read_bytes: 24120285696
write_bytes: 53999484928
cancelled_write_bytes: 0

[2020-01-23T11:55:58-08:00]
rchar: 204813593912
wchar: 54517512199
syscr: 24797629
syscw: 1491194
read_bytes: 24258701824
write_bytes: 54522998784
cancelled_write_bytes: 0

[2020-01-23T11:56:01-08:00]
rchar: 206001739743
wchar: 54984452345
syscr: 24941652
syscw: 1500615
read_bytes: 24337644032
write_bytes: 54990008320
cancelled_write_bytes: 0

[2020-01-23T11:56:04-08:00]
rchar: 208144181020
wchar: 55488686213
syscr: 25201313
syscw: 1515036
read_bytes: 24457701888
write_bytes: 55494287360
cancelled_write_bytes: 0

[2020-01-23T11:56:07-08:00]
rchar: 209818008821
wchar: 55863216138
syscr: 25404229
syscw: 1526314
read_bytes: 24550844928
write_bytes: 55868858368
cancelled_write_bytes: 0

[2020-01-23T11:56:10-08:00]
rchar: 211000793553
wchar: 56304769808
syscr: 25547623
syscw: 1535580
read_bytes: 24617232896
write_bytes: 56310452224
cancelled_write_bytes: 0

[2020-01-23T11:56:13-08:00]
rchar: 213526680301
wchar: 56799742493
syscr: 25853772
syscw: 1550176
read_bytes: 24740653568
write_bytes: 56806428672
cancelled_write_bytes: 0

[2020-01-23T11:56:16-08:00]
rchar: 215202453473
wchar: 57256484427
syscr: 26056960
syscw: 1560722
read_bytes: 24813591040
write_bytes: 57262239744
cancelled_write_bytes: 0

[2020-01-23T11:56:19-08:00]
rchar: 216613624329
wchar: 57660055020
syscr: 26228069
syscw: 1569801
read_bytes: 24880470528
write_bytes: 57665859584
cancelled_write_bytes: 0

[2020-01-23T11:56:22-08:00]
rchar: 218916772361
wchar: 58225527936
syscr: 26507245
syscw: 1582880
read_bytes: 24975628800
write_bytes: 58231345152
cancelled_write_bytes: 0

[2020-01-23T11:56:25-08:00]
rchar: 220147932067
wchar: 58834014372
syscr: 26655985
syscw: 1590157
read_bytes: 25020444160
write_bytes: 58839871488
cancelled_write_bytes: 0

[2020-01-23T11:56:28-08:00]
rchar: 220866047998
wchar: 59320938133
syscr: 26743012
syscw: 1595125
read_bytes: 25043348992
write_bytes: 59327356928
cancelled_write_bytes: 0

[2020-01-23T11:56:31-08:00]
rchar: 221977395896
wchar: 59661392982
syscr: 26877674
syscw: 1604609
read_bytes: 25128775168
write_bytes: 59667394560
cancelled_write_bytes: 0

[2020-01-23T11:56:34-08:00]
rchar: 223097071827
wchar: 60130283062
syscr: 27013337
syscw: 1615057
read_bytes: 25204301312
write_bytes: 60137291776
cancelled_write_bytes: 0

[2020-01-23T11:56:37-08:00]
rchar: 224703187868
wchar: 60545614682
syscr: 27208032
syscw: 1627843
read_bytes: 25304342016
write_bytes: 60551725056
cancelled_write_bytes: 0

[2020-01-23T11:56:40-08:00]
rchar: 226213061168
wchar: 60959813532
syscr: 27391086
syscw: 1639255
read_bytes: 25401355776
write_bytes: 60966289408
cancelled_write_bytes: 0

[2020-01-23T11:56:43-08:00]
rchar: 227503217202
wchar: 61373182358
syscr: 27547411
syscw: 1650112
read_bytes: 25472294400
write_bytes: 61379383296
cancelled_write_bytes: 0

[2020-01-23T11:56:46-08:00]
rchar: 229762067237
wchar: 61887307791
syscr: 27821278
syscw: 1665031
read_bytes: 25591311872
write_bytes: 61893550080
cancelled_write_bytes: 0

[2020-01-23T11:56:49-08:00]
rchar: 231018755947
wchar: 62356191275
syscr: 27973627
syscw: 1674668
read_bytes: 25658547712
write_bytes: 62362460160
cancelled_write_bytes: 0

[2020-01-23T11:56:52-08:00]
rchar: 232429683816
wchar: 62627677882
syscr: 28144587
syscw: 1683661
read_bytes: 25724583424
write_bytes: 62633979904
cancelled_write_bytes: 0

[2020-01-23T11:56:55-08:00]
rchar: 234987425991
wchar: 63199783786
syscr: 28454718
syscw: 1697914
read_bytes: 25837727232
write_bytes: 63206121472
cancelled_write_bytes: 0

[2020-01-23T11:56:58-08:00]
rchar: 236286623065
wchar: 63541686727
syscr: 28612248
syscw: 1705835
read_bytes: 25892843008
write_bytes: 63548039168
cancelled_write_bytes: 0

[2020-01-23T11:57:01-08:00]
rchar: 237492081980
wchar: 63965978161
syscr: 28758327
syscw: 1713484
read_bytes: 25941175808
write_bytes: 63972360192
cancelled_write_bytes: 0

[2020-01-23T11:57:04-08:00]
rchar: 239413357906
wchar: 64428229079
syscr: 28990786
syscw: 1728262
read_bytes: 26072714752
write_bytes: 64434688000
cancelled_write_bytes: 0

[2020-01-23T11:57:07-08:00]
rchar: 240608285444
wchar: 64861899120
syscr: 29135669
syscw: 1739020
read_bytes: 26154802688
write_bytes: 64868634624
cancelled_write_bytes: 0

[2020-01-23T11:57:10-08:00]
rchar: 241517474504
wchar: 65149777012
syscr: 29245800
syscw: 1746612
read_bytes: 26205875712
write_bytes: 65156321280
cancelled_write_bytes: 0

[2020-01-23T11:57:13-08:00]
rchar: 243847488856
wchar: 65666751595
syscr: 29528286
syscw: 1762862
read_bytes: 26339311104
write_bytes: 65673330688
cancelled_write_bytes: 0

[2020-01-23T11:57:16-08:00]
rchar: 244809944202
wchar: 66039271271
syscr: 29644963
syscw: 1770561
read_bytes: 26393206272
write_bytes: 66045890560
cancelled_write_bytes: 0

[2020-01-23T11:57:19-08:00]
rchar: 246124557306
wchar: 66341134814
syscr: 29804252
syscw: 1779473
read_bytes: 26457984512
write_bytes: 66347790336
cancelled_write_bytes: 0

[2020-01-23T11:57:22-08:00]
rchar: 248639274902
wchar: 66860018504
syscr: 30109119
syscw: 1795054
read_bytes: 26578927104
write_bytes: 66866728960
cancelled_write_bytes: 0

[2020-01-23T11:57:25-08:00]
rchar: 249956406898
wchar: 67313469510
syscr: 30268703
syscw: 1805034
read_bytes: 26641272320
write_bytes: 67320217600
cancelled_write_bytes: 0

[2020-01-23T11:57:28-08:00]
rchar: 251869472721
wchar: 67649513238
syscr: 30500666
syscw: 1816712
read_bytes: 26722037248
write_bytes: 67656294400
cancelled_write_bytes: 0

[2020-01-23T11:57:31-08:00]
rchar: 254494153694
wchar: 68238785886
syscr: 30818860
syscw: 1831408
read_bytes: 26826440192
write_bytes: 68245606400
cancelled_write_bytes: 0

[2020-01-23T11:57:34-08:00]
rchar: 255584808284
wchar: 68692805496
syscr: 30951021
syscw: 1839457
read_bytes: 26867781120
write_bytes: 68699672576
cancelled_write_bytes: 0

[2020-01-23T11:57:37-08:00]
rchar: 257736254294
wchar: 69133142885
syscr: 31211883
syscw: 1851564
read_bytes: 26942209536
write_bytes: 69140041728
cancelled_write_bytes: 0

[2020-01-23T11:57:40-08:00]
rchar: 260101145346
wchar: 69658730328
syscr: 31498053
syscw: 1866802
read_bytes: 27060461056
write_bytes: 69665669120
cancelled_write_bytes: 0

[2020-01-23T11:57:43-08:00]
rchar: 260661319555
wchar: 70013832835
syscr: 31565964
syscw: 1872676
read_bytes: 27093716480
write_bytes: 70020796416
cancelled_write_bytes: 0

[2020-01-23T11:57:46-08:00]
rchar: 262362334836
wchar: 70365874228
syscr: 31772116
syscw: 1884993
read_bytes: 27185806848
write_bytes: 70372872192
cancelled_write_bytes: 0

[2020-01-23T11:57:49-08:00]
rchar: 264504493068
wchar: 70882557292
syscr: 32031805
syscw: 1900302
read_bytes: 27298373120
write_bytes: 70889603072
cancelled_write_bytes: 0

[2020-01-23T11:57:52-08:00]
rchar: 264932767725
wchar: 71147314676
syscr: 32083736
syscw: 1905277
read_bytes: 27321961984
write_bytes: 71154372608
cancelled_write_bytes: 0

[2020-01-23T11:57:55-08:00]
rchar: 267327005332
wchar: 71603080561
syscr: 32373926
syscw: 1920190
read_bytes: 27434368512
write_bytes: 71610191872
cancelled_write_bytes: 0

[2020-01-23T11:57:58-08:00]
rchar: 269185022533
wchar: 71994629091
syscr: 32599150
syscw: 1932699
read_bytes: 27519241728
write_bytes: 72001781760
cancelled_write_bytes: 0

[2020-01-23T11:58:01-08:00]
rchar: 270164549891
wchar: 72386210914
syscr: 32717809
syscw: 1940193
read_bytes: 27559554560
write_bytes: 72393408512
cancelled_write_bytes: 0

[2020-01-23T11:58:04-08:00]
rchar: 272775795108
wchar: 72958535408
syscr: 33034423
syscw: 1955584
read_bytes: 27658591744
write_bytes: 72965787648
cancelled_write_bytes: 0

[2020-01-23T11:58:07-08:00]
rchar: 274656095870
wchar: 73397423827
syscr: 33262412
syscw: 1967102
read_bytes: 27728297472
write_bytes: 73404694528
cancelled_write_bytes: 0

[2020-01-23T11:58:10-08:00]
rchar: 275585764527
wchar: 73805757774
syscr: 33375054
syscw: 1973862
read_bytes: 27760987648
write_bytes: 73813061632
cancelled_write_bytes: 0

[2020-01-23T11:58:13-08:00]
rchar: 277882156457
wchar: 74301803565
syscr: 33652900
syscw: 1986160
read_bytes: 27838026240
write_bytes: 74309378048
cancelled_write_bytes: 0

[2020-01-23T11:58:16-08:00]
rchar: 279101379845
wchar: 75021144943
syscr: 33800739
syscw: 1995479
read_bytes: 27907858944
write_bytes: 75028516864
cancelled_write_bytes: 0

[2020-01-23T11:58:19-08:00]
rchar: 279892256322
wchar: 75458757142
syscr: 33896638
syscw: 2002364
read_bytes: 27954917888
write_bytes: 75466199040
cancelled_write_bytes: 0

[2020-01-23T11:58:22-08:00]
rchar: 281004046232
wchar: 76083654416
syscr: 34031328
syscw: 2011653
read_bytes: 28025770496
write_bytes: 76091170816
cancelled_write_bytes: 0

[2020-01-23T11:58:25-08:00]
rchar: 281299097194
wchar: 76210422171
syscr: 34067080
syscw: 2015263
read_bytes: 28054721024
write_bytes: 76217942016
cancelled_write_bytes: 0

[2020-01-23T11:58:28-08:00]
rchar: 282436207675
wchar: 76749651378
syscr: 34204827
syscw: 2026116
read_bytes: 28198060544
write_bytes: 76757250048
cancelled_write_bytes: 0

[2020-01-23T11:58:31-08:00]
rchar: 283987445096
wchar: 77216607949
syscr: 34392925
syscw: 2037999
read_bytes: 28404244992
write_bytes: 77224218624
cancelled_write_bytes: 0

[2020-01-23T11:58:34-08:00]
rchar: 285477711026
wchar: 77655483175
syscr: 34573637
syscw: 2049751
read_bytes: 28596240896
write_bytes: 77663449088
cancelled_write_bytes: 0

[2020-01-23T11:58:37-08:00]
rchar: 286389743336
wchar: 78058142700
syscr: 34684154
syscw: 2058283
read_bytes: 28701856256
write_bytes: 78066536448
cancelled_write_bytes: 0

[2020-01-23T11:58:41-08:00]
rchar: 288361224061
wchar: 78608502620
syscr: 34923181
syscw: 2071327
read_bytes: 28890468864
write_bytes: 78616256512
cancelled_write_bytes: 0

[2020-01-23T11:58:44-08:00]
rchar: 289867340575
wchar: 78947687587
syscr: 35105772
syscw: 2081702
read_bytes: 29036478976
write_bytes: 78955868160
cancelled_write_bytes: 0

[2020-01-23T11:58:47-08:00]
rchar: 291248242963
wchar: 79400877821
syscr: 35273138
syscw: 2091965
read_bytes: 29150491136
write_bytes: 79408717824
cancelled_write_bytes: 0

[2020-01-23T11:58:50-08:00]
rchar: 293367788334
wchar: 79703706937
syscr: 35530051
syscw: 2104950
read_bytes: 29298401792
write_bytes: 79711584256
cancelled_write_bytes: 0

[2020-01-23T11:58:53-08:00]
rchar: 295792935112
wchar: 80046140054
syscr: 35823946
syscw: 2115917
read_bytes: 29417832960
write_bytes: 80054054912
cancelled_write_bytes: 0

[2020-01-23T11:58:56-08:00]
rchar: 297528966500
wchar: 80543434863
syscr: 36034354
syscw: 2126685
read_bytes: 29473403392
write_bytes: 80551383040
cancelled_write_bytes: 0

[2020-01-23T11:58:59-08:00]
rchar: 299572522481
wchar: 80940904337
syscr: 36282134
syscw: 2138122
read_bytes: 29534040576
write_bytes: 80948887552
cancelled_write_bytes: 0

[2020-01-23T11:59:02-08:00]
rchar: 302090385400
wchar: 81486180123
syscr: 36587424
syscw: 2151032
read_bytes: 29606355456
write_bytes: 81494192128
cancelled_write_bytes: 0

[2020-01-23T11:59:05-08:00]
rchar: 303254556511
wchar: 81980580218
syscr: 36727970
syscw: 2158875
read_bytes: 29638734336
write_bytes: 81988653056
cancelled_write_bytes: 0

[2020-01-23T11:59:08-08:00]
rchar: 304325597434
wchar: 82567366171
syscr: 36857839
syscw: 2166261
read_bytes: 29663900160
write_bytes: 82575466496
cancelled_write_bytes: 0

[2020-01-23T11:59:11-08:00]
rchar: 305672736979
wchar: 83322091688
syscr: 37021140
syscw: 2175423
read_bytes: 29694923264
write_bytes: 83330314240
cancelled_write_bytes: 0

[2020-01-23T11:59:14-08:00]
rchar: 306410709897
wchar: 83714033121
syscr: 37110584
syscw: 2181156
read_bytes: 29717352960
write_bytes: 83722317824
cancelled_write_bytes: 0

[2020-01-23T11:59:17-08:00]
rchar: 307494351599
wchar: 84318039462
syscr: 37241905
syscw: 2189221
read_bytes: 29750460928
write_bytes: 84326408192
cancelled_write_bytes: 0

[2020-01-23T11:59:20-08:00]
rchar: 308355358574
wchar: 84768069479
syscr: 37346245
syscw: 2195966
read_bytes: 29780316672
write_bytes: 84776914944
cancelled_write_bytes: 0

[2020-01-23T11:59:23-08:00]
rchar: 309365983720
wchar: 85294201611
syscr: 37468740
syscw: 2203655
read_bytes: 29816144384
write_bytes: 85302673408
cancelled_write_bytes: 0

[2020-01-23T11:59:26-08:00]
rchar: 309952110118
wchar: 85634884494
syscr: 37539765
syscw: 2210091
read_bytes: 29842600448
write_bytes: 85643390976
cancelled_write_bytes: 0

[2020-01-23T11:59:29-08:00]
rchar: 311619246395
wchar: 86089417766
syscr: 37741729
syscw: 2221841
read_bytes: 29960290816
write_bytes: 86097997824
cancelled_write_bytes: 0

[2020-01-23T11:59:32-08:00]
rchar: 313716862980
wchar: 86444233277
syscr: 37996073
syscw: 2235026
read_bytes: 30121734656
write_bytes: 86452834304
cancelled_write_bytes: 0

[2020-01-23T11:59:35-08:00]
rchar: 315174959155
wchar: 86844324170
syscr: 38172793
syscw: 2245689
read_bytes: 30225502720
write_bytes: 86852960256
cancelled_write_bytes: 0

[2020-01-23T11:59:38-08:00]
rchar: 317804271375
wchar: 87280131071
syscr: 38491606
syscw: 2258097
read_bytes: 30412591616
write_bytes: 87288815616
cancelled_write_bytes: 0

[2020-01-23T11:59:41-08:00]
rchar: 319410004287
wchar: 87464477965
syscr: 38686258
syscw: 2268163
read_bytes: 30501634560
write_bytes: 87473184768
cancelled_write_bytes: 0

[2020-01-23T11:59:44-08:00]
rchar: 322006577898
wchar: 87945071006
syscr: 39000893
syscw: 2281658
read_bytes: 30620480000
write_bytes: 87953825792
cancelled_write_bytes: 0

[2020-01-23T11:59:47-08:00]
rchar: 325122058681
wchar: 88389972320
syscr: 39378638
syscw: 2295250
read_bytes: 30710272512
write_bytes: 88398753792
cancelled_write_bytes: 0

[2020-01-23T11:59:50-08:00]
rchar: 325688389407
wchar: 88679508735
syscr: 39447305
syscw: 2299960
read_bytes: 30725267968
write_bytes: 88688295936
cancelled_write_bytes: 0

[2020-01-23T11:59:53-08:00]
rchar: 328431177443
wchar: 89180610060
syscr: 39779777
syscw: 2312811
read_bytes: 30789554688
write_bytes: 89189449728
cancelled_write_bytes: 0

[2020-01-23T11:59:56-08:00]
rchar: 331111718028
wchar: 89645203846
syscr: 40104786
syscw: 2326475
read_bytes: 30853124608
write_bytes: 89654079488
cancelled_write_bytes: 0

[2020-01-23T11:59:59-08:00]
rchar: 332190290685
wchar: 90119497716
syscr: 40235043
syscw: 2333501
read_bytes: 30880473600
write_bytes: 90128408576
cancelled_write_bytes: 0

[2020-01-23T12:00:02-08:00]
rchar: 333146253789
wchar: 90741263693
syscr: 40350959
syscw: 2341128
read_bytes: 30904148480
write_bytes: 90750177280
cancelled_write_bytes: 0

[2020-01-23T12:00:05-08:00]
rchar: 333782722160
wchar: 91180770565
syscr: 40428151
syscw: 2346576
read_bytes: 30920540672
write_bytes: 91189985280
cancelled_write_bytes: 0

[2020-01-23T12:00:08-08:00]
rchar: 334961142037
wchar: 91862919678
syscr: 40570921
syscw: 2354892
read_bytes: 30946243072
write_bytes: 91871965184
cancelled_write_bytes: 0

[2020-01-23T12:00:11-08:00]
rchar: 335597754544
wchar: 92208125542
syscr: 40648072
syscw: 2359587
read_bytes: 30960071168
write_bytes: 92217249792
cancelled_write_bytes: 0

[2020-01-23T12:00:14-08:00]
rchar: 336915152428
wchar: 92945135606
syscr: 40807738
syscw: 2368775
read_bytes: 30987919872
write_bytes: 92954316800
cancelled_write_bytes: 0

[2020-01-23T12:00:17-08:00]
rchar: 337589395041
wchar: 93333130085
syscr: 40889451
syscw: 2373444
read_bytes: 31002276352
write_bytes: 93343215616
cancelled_write_bytes: 0

[2020-01-23T12:00:20-08:00]
rchar: 338505028383
wchar: 93854429355
syscr: 41000457
syscw: 2379771
read_bytes: 31021613568
write_bytes: 93864521728
cancelled_write_bytes: 0

[2020-01-23T12:00:23-08:00]
rchar: 339413359271
wchar: 94402114658
syscr: 41110548
syscw: 2385898
read_bytes: 31039812096
write_bytes: 94411509760
cancelled_write_bytes: 0

[2020-01-23T12:00:26-08:00]
rchar: 339835244292
wchar: 94633553079
syscr: 41161711
syscw: 2389496
read_bytes: 31050691072
write_bytes: 94643466240
cancelled_write_bytes: 0

[2020-01-23T12:00:29-08:00]
rchar: 340833563252
wchar: 95228683698
syscr: 41282721
syscw: 2397349
read_bytes: 31074030080
write_bytes: 95238135808
cancelled_write_bytes: 0

[2020-01-23T12:00:32-08:00]
rchar: 341729732890
wchar: 95795221439
syscr: 41391393
syscw: 2404439
read_bytes: 31094235648
write_bytes: 95804739584
cancelled_write_bytes: 0

[2020-01-23T12:00:35-08:00]
rchar: 342367896943
wchar: 96147765790
syscr: 41468672
syscw: 2408958
read_bytes: 31107121664
write_bytes: 96157310976
cancelled_write_bytes: 0

[2020-01-23T12:00:38-08:00]
rchar: 343618746198
wchar: 96826774657
syscr: 41620268
syscw: 2417174
read_bytes: 31130710528
write_bytes: 96836431872
cancelled_write_bytes: 0

[2020-01-23T12:00:41-08:00]
rchar: 344317943634
wchar: 97185439358
syscr: 41704906
syscw: 2422205
read_bytes: 31144944128
write_bytes: 97195147264
cancelled_write_bytes: 0

[2020-01-23T12:00:44-08:00]
rchar: 345244566717
wchar: 97676297588
syscr: 41817110
syscw: 2428699
read_bytes: 31164338688
write_bytes: 97686097920
cancelled_write_bytes: 0

[2020-01-23T12:00:47-08:00]
rchar: 346411734095
wchar: 97941451819
syscr: 41958457
syscw: 2436742
read_bytes: 31206605312
write_bytes: 97951305728
cancelled_write_bytes: 0

[2020-01-23T12:00:50-08:00]
rchar: 346969397962
wchar: 98223954663
syscr: 42025993
syscw: 2442260
read_bytes: 31226167808
write_bytes: 98233831424
cancelled_write_bytes: 0

[2020-01-23T12:00:53-08:00]
rchar: 349800216160
wchar: 98814236070
syscr: 42369199
syscw: 2457748
read_bytes: 31311344128
write_bytes: 98824151040
cancelled_write_bytes: 0

[2020-01-23T12:00:56-08:00]
rchar: 351523538861
wchar: 99208014354
syscr: 42578154
syscw: 2469162
read_bytes: 31361499648
write_bytes: 99217973248
cancelled_write_bytes: 0

[2020-01-23T12:00:59-08:00]
rchar: 352779014683
wchar: 99669021630
syscr: 42730297
syscw: 2478545
read_bytes: 31396372992
write_bytes: 99679014912
cancelled_write_bytes: 0

[2020-01-23T12:01:02-08:00]
rchar: 354616194451
wchar: 100220932035
syscr: 42952573
syscw: 2490275
read_bytes: 31473889792
write_bytes: 100231929856
cancelled_write_bytes: 0

[2020-01-23T12:01:05-08:00]
rchar: 355810943179
wchar: 100861609990
syscr: 43097439
syscw: 2500698
read_bytes: 31561622016
write_bytes: 100871684096
cancelled_write_bytes: 0

[2020-01-23T12:01:08-08:00]
rchar: 356786628832
wchar: 101336356181
syscr: 43215717
syscw: 2510093
read_bytes: 31644336640
write_bytes: 101346508800
cancelled_write_bytes: 0

[2020-01-23T12:01:11-08:00]
rchar: 357221771582
wchar: 101544147693
syscr: 43268469
syscw: 2514608
read_bytes: 31679885824
write_bytes: 101554311168
cancelled_write_bytes: 0

[2020-01-23T12:01:14-08:00]
rchar: 358287732039
wchar: 102151498201
syscr: 43397681
syscw: 2525012
read_bytes: 31767159296
write_bytes: 102161711104
cancelled_write_bytes: 0

[2020-01-23T12:01:17-08:00]
rchar: 359114763423
wchar: 102601689954
syscr: 43497967
syscw: 2534072
read_bytes: 31831994880
write_bytes: 102611927040
cancelled_write_bytes: 0

[2020-01-23T12:01:20-08:00]
rchar: 360504828470
wchar: 103274183516
syscr: 43666448
syscw: 2544291
read_bytes: 31932248576
write_bytes: 103284453376
cancelled_write_bytes: 0

[2020-01-23T12:01:23-08:00]
rchar: 361287760631
wchar: 103597293260
syscr: 43761406
syscw: 2551700
read_bytes: 31980327424
write_bytes: 103607656448
cancelled_write_bytes: 0

[2020-01-23T12:01:26-08:00]
rchar: 362605449231
wchar: 104221318240
syscr: 43921104
syscw: 2561307
read_bytes: 32075162112
write_bytes: 104231792640
cancelled_write_bytes: 0

[2020-01-23T12:01:29-08:00]
rchar: 363027118545
wchar: 104392552615
syscr: 43972239
syscw: 2565766
read_bytes: 32103649792
write_bytes: 104403025920
cancelled_write_bytes: 0

[2020-01-23T12:01:32-08:00]
rchar: 364120258671
wchar: 104933527910
syscr: 44104721
syscw: 2575661
read_bytes: 32179679744
write_bytes: 104944054272
cancelled_write_bytes: 0

[2020-01-23T12:01:35-08:00]
rchar: 365341795438
wchar: 105479994952
syscr: 44252720
syscw: 2585607
read_bytes: 32271630848
write_bytes: 105490956288
cancelled_write_bytes: 0

[2020-01-23T12:01:38-08:00]
rchar: 366596914233
wchar: 105949268488
syscr: 44404850
syscw: 2594828
read_bytes: 32364818944
write_bytes: 105959874560
cancelled_write_bytes: 0

[2020-01-23T12:01:41-08:00]
rchar: 368023768693
wchar: 106450858049
syscr: 44577881
syscw: 2605974
read_bytes: 32480453120
write_bytes: 106461503488
cancelled_write_bytes: 0

[2020-01-23T12:01:44-08:00]
rchar: 369042391468
wchar: 106854286666
syscr: 44701409
syscw: 2614589
read_bytes: 32555590144
write_bytes: 106865020928
cancelled_write_bytes: 0

[2020-01-23T12:01:47-08:00]
rchar: 370188470774
wchar: 107284709400
syscr: 44840196
syscw: 2624314
read_bytes: 32659276288
write_bytes: 107295485952
cancelled_write_bytes: 0

[2020-01-23T12:01:50-08:00]
rchar: 372167645990
wchar: 107886091811
syscr: 45080180
syscw: 2636052
read_bytes: 32853123584
write_bytes: 107896872960
cancelled_write_bytes: 0

[2020-01-23T12:01:53-08:00]
rchar: 373500150047
wchar: 108228980845
syscr: 45241770
syscw: 2646063
read_bytes: 32964465152
write_bytes: 108240302080
cancelled_write_bytes: 0

[2020-01-23T12:01:56-08:00]
rchar: 374862249277
wchar: 108664181948
syscr: 45406911
syscw: 2655546
read_bytes: 33088594432
write_bytes: 108675100672
cancelled_write_bytes: 0

[2020-01-23T12:01:59-08:00]
rchar: 376284200403
wchar: 109107621678
syscr: 45579242
syscw: 2666555
read_bytes: 33193607680
write_bytes: 109118554112
cancelled_write_bytes: 0

[2020-01-23T12:02:02-08:00]
rchar: 378347631642
wchar: 109652527942
syscr: 45829453
syscw: 2678249
read_bytes: 33366602240
write_bytes: 109663518720
cancelled_write_bytes: 0

[2020-01-23T12:02:05-08:00]
rchar: 380264555506
wchar: 110130696396
syscr: 46061892
syscw: 2690475
read_bytes: 33517715968
write_bytes: 110141714432
cancelled_write_bytes: 0

[2020-01-23T12:02:08-08:00]
rchar: 381771613163
wchar: 110542988143
syscr: 46244628
syscw: 2701065
read_bytes: 33626112512
write_bytes: 110554021888
cancelled_write_bytes: 0

[2020-01-23T12:02:11-08:00]
rchar: 383686978686
wchar: 111082212673
syscr: 46476797
syscw: 2712435
read_bytes: 33764499968
write_bytes: 111093329920
cancelled_write_bytes: 0

[2020-01-23T12:02:14-08:00]
rchar: 385561873621
wchar: 111482665064
syscr: 46704103
syscw: 2723388
read_bytes: 33891754496
write_bytes: 111493832704
cancelled_write_bytes: 4096

[2020-01-23T12:02:17-08:00]
rchar: 387937900079
wchar: 112062509880
syscr: 46992070
syscw: 2735893
read_bytes: 34068140544
write_bytes: 112073703424
cancelled_write_bytes: 4096

[2020-01-23T12:02:20-08:00]
rchar: 388704431760
wchar: 112185235607
syscr: 47084679
syscw: 2741849
read_bytes: 34098860544
write_bytes: 112196808704
cancelled_write_bytes: 4096

[2020-01-23T12:02:23-08:00]
rchar: 392490985842
wchar: 112525484909
syscr: 47543460
syscw: 2755932
read_bytes: 34181706240
write_bytes: 112536797184
cancelled_write_bytes: 4096

[2020-01-23T12:02:26-08:00]
rchar: 394994034088
wchar: 112817963223
syscr: 47846948
syscw: 2765129
read_bytes: 34224570880
write_bytes: 112829292544
cancelled_write_bytes: 4096

[2020-01-23T12:02:29-08:00]
rchar: 397053351952
wchar: 113267559562
syscr: 48096551
syscw: 2775449
read_bytes: 34257162752
write_bytes: 113278935040
cancelled_write_bytes: 4096

[2020-01-23T12:02:32-08:00]
rchar: 399522633505
wchar: 113675829076
syscr: 48395943
syscw: 2786487
read_bytes: 34292883968
write_bytes: 113687220224
cancelled_write_bytes: 4096

[2020-01-23T12:02:35-08:00]
rchar: 403026263430
wchar: 114190512825
syscr: 48820748
syscw: 2800150
read_bytes: 34344256000
write_bytes: 114201931776
cancelled_write_bytes: 4096

[2020-01-23T12:02:38-08:00]
rchar: 406024860903
wchar: 114791375825
syscr: 49184232
syscw: 2813362
read_bytes: 34384683520
write_bytes: 114802831360
cancelled_write_bytes: 4096

[2020-01-23T12:02:41-08:00]
rchar: 407716433255
wchar: 115408897231
syscr: 49388680
syscw: 2824850
read_bytes: 34437079552
write_bytes: 115420737536
cancelled_write_bytes: 4096

[2020-01-23T12:02:44-08:00]
rchar: 408911505873
wchar: 116020137402
syscr: 49533587
syscw: 2835602
read_bytes: 34482065920
write_bytes: 116031660032
cancelled_write_bytes: 4096

[2020-01-23T12:02:47-08:00]
rchar: 409621869583
wchar: 116494415169
syscr: 49619666
syscw: 2840490
read_bytes: 34513691136
write_bytes: 116506025984
cancelled_write_bytes: 4096

[2020-01-23T12:02:50-08:00]
rchar: 410056309421
wchar: 116863790264
syscr: 49672316
syscw: 2841871
read_bytes: 34531086848
write_bytes: 116875456512
cancelled_write_bytes: 4096

[2020-01-23T12:02:53-08:00]
rchar: 410231844723
wchar: 117031271438
syscr: 49693558
syscw: 2842200
read_bytes: 34537177600
write_bytes: 117042978816
cancelled_write_bytes: 4096

[2020-01-23T12:02:56-08:00]
rchar: 410231844723
wchar: 117031271514
syscr: 49693558
syscw: 2842201
read_bytes: 34537177600
write_bytes: 117042991104
cancelled_write_bytes: 4096

[2020-01-23T12:02:59-08:00]
rchar: 410231844723
wchar: 117031271514
syscr: 49693558
syscw: 2842201
read_bytes: 34537177600
write_bytes: 117042999296
cancelled_write_bytes: 4096

[2020-01-23T12:03:02-08:00]
rchar: 410231852376
wchar: 117031271871
syscr: 49693568
syscw: 2842204
read_bytes: 34537177600
write_bytes: 117043007488
cancelled_write_bytes: 4096

