[2020-01-18T21:41:09-08:00]
rchar: 16583888
wchar: 209
syscr: 2824
syscw: 10
read_bytes: 708608
write_bytes: 53248
cancelled_write_bytes: 0

[2020-01-18T21:41:12-08:00]
rchar: 16583888
wchar: 209
syscr: 2824
syscw: 10
read_bytes: 708608
write_bytes: 53248
cancelled_write_bytes: 0

[2020-01-18T21:41:15-08:00]
rchar: 16583888
wchar: 209
syscr: 2824
syscw: 10
read_bytes: 708608
write_bytes: 53248
cancelled_write_bytes: 0

[2020-01-18T21:41:18-08:00]
rchar: 16583888
wchar: 209
syscr: 2824
syscw: 10
read_bytes: 708608
write_bytes: 53248
cancelled_write_bytes: 0

[2020-01-18T21:41:21-08:00]
rchar: 16583888
wchar: 209
syscr: 2824
syscw: 10
read_bytes: 708608
write_bytes: 53248
cancelled_write_bytes: 0

[2020-01-18T21:41:24-08:00]
rchar: 16583888
wchar: 209
syscr: 2824
syscw: 10
read_bytes: 708608
write_bytes: 53248
cancelled_write_bytes: 0

[2020-01-18T21:41:27-08:00]
rchar: 16583888
wchar: 209
syscr: 2824
syscw: 10
read_bytes: 708608
write_bytes: 53248
cancelled_write_bytes: 0

[2020-01-18T21:41:30-08:00]
rchar: 16583888
wchar: 209
syscr: 2824
syscw: 10
read_bytes: 708608
write_bytes: 61440
cancelled_write_bytes: 0

[2020-01-18T21:41:33-08:00]
rchar: 16583888
wchar: 209
syscr: 2824
syscw: 10
read_bytes: 708608
write_bytes: 61440
cancelled_write_bytes: 0

[2020-01-18T21:41:36-08:00]
rchar: 235948708
wchar: 138170512
syscr: 11108
syscw: 1386
read_bytes: 229452288
write_bytes: 138260480
cancelled_write_bytes: 0

[2020-01-18T21:41:39-08:00]
rchar: 624925797
wchar: 464747757
syscr: 50459
syscw: 9398
read_bytes: 658487808
write_bytes: 465043456
cancelled_write_bytes: 0

[2020-01-18T21:41:42-08:00]
rchar: 1024202721
wchar: 795971848
syscr: 98884
syscw: 18875
read_bytes: 1102076416
write_bytes: 796127232
cancelled_write_bytes: 4096

[2020-01-18T21:41:45-08:00]
rchar: 1279456731
wchar: 1029004777
syscr: 129506
syscw: 21743
read_bytes: 1152748032
write_bytes: 1029206016
cancelled_write_bytes: 4096

[2020-01-18T21:41:48-08:00]
rchar: 1518499151
wchar: 1118515284
syscr: 158497
syscw: 42304
read_bytes: 1485834752
write_bytes: 1118728192
cancelled_write_bytes: 4096

[2020-01-18T21:41:51-08:00]
rchar: 1734654477
wchar: 1202083238
syscr: 184714
syscw: 61955
read_bytes: 1784637952
write_bytes: 1202298880
cancelled_write_bytes: 4096

[2020-01-18T21:41:54-08:00]
rchar: 2025875196
wchar: 1431342185
syscr: 219944
syscw: 75500
read_bytes: 1975912960
write_bytes: 1431572480
cancelled_write_bytes: 4096

[2020-01-18T21:41:57-08:00]
rchar: 2543676475
wchar: 1524693669
syscr: 282731
syscw: 97587
read_bytes: 2294548992
write_bytes: 1524953088
cancelled_write_bytes: 4096

[2020-01-18T21:42:00-08:00]
rchar: 3052862696
wchar: 1620364976
syscr: 344472
syscw: 120038
read_bytes: 2609183232
write_bytes: 1620627456
cancelled_write_bytes: 4096

[2020-01-18T21:42:03-08:00]
rchar: 3378227604
wchar: 1837341729
syscr: 383842
syscw: 130432
read_bytes: 2753886720
write_bytes: 1837617152
cancelled_write_bytes: 4096

[2020-01-18T21:42:06-08:00]
rchar: 4167857552
wchar: 1931927700
syscr: 479587
syscw: 152507
read_bytes: 3056597504
write_bytes: 1932206080
cancelled_write_bytes: 4096

[2020-01-18T21:42:09-08:00]
rchar: 4938354455
wchar: 2028281917
syscr: 573009
syscw: 175376
read_bytes: 3354487296
write_bytes: 2028560384
cancelled_write_bytes: 4096

[2020-01-18T21:42:12-08:00]
rchar: 5321352967
wchar: 2245460710
syscr: 619366
syscw: 185937
read_bytes: 3492047360
write_bytes: 2245754880
cancelled_write_bytes: 4096

[2020-01-18T21:42:15-08:00]
rchar: 6356126186
wchar: 2338666233
syscr: 744827
syscw: 208140
read_bytes: 3775646208
write_bytes: 2338963456
cancelled_write_bytes: 4096

[2020-01-18T21:42:18-08:00]
rchar: 7372287806
wchar: 2432614115
syscr: 868033
syscw: 230423
read_bytes: 4056803840
write_bytes: 2432913408
cancelled_write_bytes: 4096

[2020-01-18T21:42:21-08:00]
rchar: 7983498789
wchar: 2623742889
syscr: 942143
syscw: 243917
read_bytes: 4226763264
write_bytes: 2624790528
cancelled_write_bytes: 4096

[2020-01-18T21:42:24-08:00]
rchar: 8887857660
wchar: 3214677343
syscr: 1051713
syscw: 250293
read_bytes: 4297845248
write_bytes: 3215028224
cancelled_write_bytes: 4096

[2020-01-18T21:42:27-08:00]
rchar: 9383438302
wchar: 3550721062
syscr: 1111812
syscw: 253252
read_bytes: 4332460544
write_bytes: 3551113216
cancelled_write_bytes: 4096

[2020-01-18T21:42:30-08:00]
rchar: 10115794635
wchar: 4008890725
syscr: 1200086
syscw: 261013
read_bytes: 4422560256
write_bytes: 4009357312
cancelled_write_bytes: 4096

[2020-01-18T21:42:33-08:00]
rchar: 10645494430
wchar: 4327069683
syscr: 1264328
syscw: 273206
read_bytes: 4567366144
write_bytes: 4327661568
cancelled_write_bytes: 4096

[2020-01-18T21:42:36-08:00]
rchar: 11162722244
wchar: 4427389386
syscr: 1327049
syscw: 296620
read_bytes: 4853725696
write_bytes: 4427980800
cancelled_write_bytes: 4096

[2020-01-18T21:42:39-08:00]
rchar: 11416545081
wchar: 4644973610
syscr: 1357747
syscw: 307143
read_bytes: 4982086144
write_bytes: 4645580800
cancelled_write_bytes: 4096

[2020-01-18T21:42:42-08:00]
rchar: 12214508982
wchar: 4741496771
syscr: 1454504
syscw: 329808
read_bytes: 5255682560
write_bytes: 4742107136
cancelled_write_bytes: 4096

[2020-01-18T21:42:45-08:00]
rchar: 12988702982
wchar: 4838350332
syscr: 1548380
syscw: 352532
read_bytes: 5524716032
write_bytes: 4838961152
cancelled_write_bytes: 4096

[2020-01-18T21:42:48-08:00]
rchar: 13420737935
wchar: 5066100037
syscr: 1600768
syscw: 365613
read_bytes: 5676710400
write_bytes: 5066719232
cancelled_write_bytes: 4096

[2020-01-18T21:42:51-08:00]
rchar: 14360230750
wchar: 5150427363
syscr: 1714598
syscw: 385866
read_bytes: 5910800896
write_bytes: 5151059968
cancelled_write_bytes: 4096

[2020-01-18T21:42:54-08:00]
rchar: 15385726133
wchar: 5245806743
syscr: 1838943
syscw: 408685
read_bytes: 6167382528
write_bytes: 5246439424
cancelled_write_bytes: 4096

[2020-01-18T21:42:57-08:00]
rchar: 16095628357
wchar: 5312989121
syscr: 1925021
syscw: 424404
read_bytes: 6346258944
write_bytes: 5313642496
cancelled_write_bytes: 4096

[2020-01-18T21:43:00-08:00]
rchar: 17116960599
wchar: 5563220636
syscr: 2048774
syscw: 443032
read_bytes: 6548036096
write_bytes: 5563891712
cancelled_write_bytes: 4096

[2020-01-18T21:43:03-08:00]
rchar: 18374770795
wchar: 5656436205
syscr: 2201281
syscw: 465326
read_bytes: 6794156544
write_bytes: 5657104384
cancelled_write_bytes: 4096

[2020-01-18T21:43:06-08:00]
rchar: 19470231127
wchar: 5738782483
syscr: 2334104
syscw: 484775
read_bytes: 7009335808
write_bytes: 5739454464
cancelled_write_bytes: 4096

[2020-01-18T21:43:09-08:00]
rchar: 19612771367
wchar: 5950425614
syscr: 2351304
syscw: 486899
read_bytes: 7030213120
write_bytes: 5951119360
cancelled_write_bytes: 4096

[2020-01-18T21:43:12-08:00]
rchar: 20687950108
wchar: 6525421599
syscr: 2481671
syscw: 494321
read_bytes: 7104674304
write_bytes: 6526148608
cancelled_write_bytes: 4096

[2020-01-18T21:43:15-08:00]
rchar: 21707591077
wchar: 7113655723
syscr: 2604814
syscw: 501339
read_bytes: 7175301632
write_bytes: 7114448896
cancelled_write_bytes: 4096

[2020-01-18T21:43:18-08:00]
rchar: 22399164486
wchar: 7517427336
syscr: 2688663
syscw: 513781
read_bytes: 7303682560
write_bytes: 7518310400
cancelled_write_bytes: 4096

[2020-01-18T21:43:21-08:00]
rchar: 23083109471
wchar: 7967414221
syscr: 2771561
syscw: 524916
read_bytes: 7416900096
write_bytes: 7968374784
cancelled_write_bytes: 4096

[2020-01-18T21:43:24-08:00]
rchar: 23579405236
wchar: 8059697623
syscr: 2831743
syscw: 546328
read_bytes: 7651424768
write_bytes: 8060665856
cancelled_write_bytes: 4096

[2020-01-18T21:43:27-08:00]
rchar: 23614594754
wchar: 8238809883
syscr: 2836011
syscw: 548127
read_bytes: 7668226560
write_bytes: 8239792128
cancelled_write_bytes: 4096

[2020-01-18T21:43:30-08:00]
rchar: 24397856754
wchar: 8331036538
syscr: 2930901
syscw: 569993
read_bytes: 7899986432
write_bytes: 8332038144
cancelled_write_bytes: 4096

[2020-01-18T21:43:33-08:00]
rchar: 25211937450
wchar: 8429611170
syscr: 3029613
syscw: 593193
read_bytes: 8145512960
write_bytes: 8430616576
cancelled_write_bytes: 4096

[2020-01-18T21:43:36-08:00]
rchar: 25724137930
wchar: 8614974237
syscr: 3091722
syscw: 608272
read_bytes: 8301070848
write_bytes: 8615981056
cancelled_write_bytes: 4096

[2020-01-18T21:43:39-08:00]
rchar: 26627817761
wchar: 8747683723
syscr: 3201208
syscw: 627421
read_bytes: 8498231808
write_bytes: 8748699648
cancelled_write_bytes: 4096

[2020-01-18T21:43:42-08:00]
rchar: 27716038783
wchar: 8846911174
syscr: 3333155
syscw: 650974
read_bytes: 8737470976
write_bytes: 8847933440
cancelled_write_bytes: 4096

[2020-01-18T21:43:45-08:00]
rchar: 28449929171
wchar: 8914461193
syscr: 3422140
syscw: 666686
read_bytes: 8900172288
write_bytes: 8915484672
cancelled_write_bytes: 4096

[2020-01-18T21:43:48-08:00]
rchar: 29449863065
wchar: 9161613629
syscr: 3543296
syscw: 684653
read_bytes: 9073207808
write_bytes: 9162653696
cancelled_write_bytes: 4096

[2020-01-18T21:43:51-08:00]
rchar: 30725185634
wchar: 9255306814
syscr: 3697925
syscw: 706960
read_bytes: 9292003840
write_bytes: 9256349696
cancelled_write_bytes: 4096

[2020-01-18T21:43:54-08:00]
rchar: 31864353451
wchar: 9339863676
syscr: 3836048
syscw: 727091
read_bytes: 9491184128
write_bytes: 9340911616
cancelled_write_bytes: 4096

[2020-01-18T21:43:58-08:00]
rchar: 32558289659
wchar: 9841019586
syscr: 3920107
syscw: 733495
read_bytes: 9546127872
write_bytes: 9842106368
cancelled_write_bytes: 4096

[2020-01-18T21:44:01-08:00]
rchar: 33254532440
wchar: 10236308600
syscr: 4004532
syscw: 738111
read_bytes: 9586149888
write_bytes: 10237440000
cancelled_write_bytes: 4096

[2020-01-18T21:44:04-08:00]
rchar: 34164388024
wchar: 10754808965
syscr: 4114346
syscw: 744066
read_bytes: 9638812160
write_bytes: 10756005888
cancelled_write_bytes: 4096

[2020-01-18T21:44:07-08:00]
rchar: 34893253784
wchar: 11112088548
syscr: 4202713
syscw: 758900
read_bytes: 9823627776
write_bytes: 11113332736
cancelled_write_bytes: 4096

[2020-01-18T21:44:10-08:00]
rchar: 35637598453
wchar: 11538710339
syscr: 4292935
syscw: 772296
read_bytes: 9989401088
write_bytes: 11540000768
cancelled_write_bytes: 4096

[2020-01-18T21:44:13-08:00]
rchar: 36295180958
wchar: 11863321581
syscr: 4372633
syscw: 786991
read_bytes: 10224613888
write_bytes: 11864653824
cancelled_write_bytes: 4096

[2020-01-18T21:44:16-08:00]
rchar: 36540351247
wchar: 12048785860
syscr: 4402366
syscw: 789695
read_bytes: 10247604736
write_bytes: 12050132992
cancelled_write_bytes: 4096

[2020-01-18T21:44:19-08:00]
rchar: 36993466817
wchar: 12476590818
syscr: 4457174
syscw: 796113
read_bytes: 10305022464
write_bytes: 12477997056
cancelled_write_bytes: 4096

[2020-01-18T21:44:22-08:00]
rchar: 37857035858
wchar: 12743056545
syscr: 4561858
syscw: 815134
read_bytes: 10480663040
write_bytes: 12744503296
cancelled_write_bytes: 4096

[2020-01-18T21:44:25-08:00]
rchar: 38673174019
wchar: 12843430458
syscr: 4660820
syscw: 838587
read_bytes: 10701277696
write_bytes: 12844879872
cancelled_write_bytes: 4096

[2020-01-18T21:44:28-08:00]
rchar: 39140572094
wchar: 13074426358
syscr: 4717497
syscw: 852453
read_bytes: 10827979264
write_bytes: 13075881984
cancelled_write_bytes: 4096

[2020-01-18T21:44:31-08:00]
rchar: 40158470215
wchar: 13165721915
syscr: 4840834
syscw: 874037
read_bytes: 11027257856
write_bytes: 13167185920
cancelled_write_bytes: 4096

[2020-01-18T21:44:34-08:00]
rchar: 41232690392
wchar: 13263807890
syscr: 4971083
syscw: 897294
read_bytes: 11238967808
write_bytes: 13265276928
cancelled_write_bytes: 4096

[2020-01-18T21:44:37-08:00]
rchar: 41909590350
wchar: 13445459949
syscr: 5053159
syscw: 912005
read_bytes: 11373914624
write_bytes: 13446950912
cancelled_write_bytes: 4096

[2020-01-18T21:44:40-08:00]
rchar: 43019120000
wchar: 13579701902
syscr: 5187602
syscw: 931183
read_bytes: 11545111040
write_bytes: 13581205504
cancelled_write_bytes: 4096

[2020-01-18T21:44:43-08:00]
rchar: 44343607371
wchar: 13676365217
syscr: 5348195
syscw: 953860
read_bytes: 11749829120
write_bytes: 13677867008
cancelled_write_bytes: 4096

[2020-01-18T21:44:46-08:00]
rchar: 45300574687
wchar: 13747544422
syscr: 5464228
syscw: 970619
read_bytes: 11899058688
write_bytes: 13749047296
cancelled_write_bytes: 4096

[2020-01-18T21:44:49-08:00]
rchar: 46182513310
wchar: 14339484131
syscr: 5571084
syscw: 978161
read_bytes: 11959167488
write_bytes: 14341029888
cancelled_write_bytes: 4096

[2020-01-18T21:44:52-08:00]
rchar: 46612688267
wchar: 14600132713
syscr: 5623245
syscw: 980783
read_bytes: 11979512320
write_bytes: 14601691136
cancelled_write_bytes: 4096

[2020-01-18T21:44:55-08:00]
rchar: 47661068481
wchar: 15208396629
syscr: 5749861
syscw: 988438
read_bytes: 12039846400
write_bytes: 15210012672
cancelled_write_bytes: 4096

[2020-01-18T21:44:58-08:00]
rchar: 48409220013
wchar: 15574745503
syscr: 5840564
syscw: 1003196
read_bytes: 12218137088
write_bytes: 15576465408
cancelled_write_bytes: 4096

[2020-01-18T21:45:01-08:00]
rchar: 49185466201
wchar: 16055221093
syscr: 5934657
syscw: 1015358
read_bytes: 12318177792
write_bytes: 16056954880
cancelled_write_bytes: 4096

[2020-01-18T21:45:04-08:00]
rchar: 49923052022
wchar: 16512630213
syscr: 6024054
syscw: 1027683
read_bytes: 12419701248
write_bytes: 16514437120
cancelled_write_bytes: 4096

[2020-01-18T21:45:07-08:00]
rchar: 50343564117
wchar: 16951513380
syscr: 6075025
syscw: 1034548
read_bytes: 12481653248
write_bytes: 16953397248
cancelled_write_bytes: 4096

[2020-01-18T21:45:10-08:00]
rchar: 50840712410
wchar: 17131592459
syscr: 6135227
syscw: 1044565
read_bytes: 12656929280
write_bytes: 17133490176
cancelled_write_bytes: 4096

[2020-01-18T21:45:13-08:00]
rchar: 51627314891
wchar: 17375527946
syscr: 6230560
syscw: 1060851
read_bytes: 12884482560
write_bytes: 17377472512
cancelled_write_bytes: 4096

[2020-01-18T21:45:16-08:00]
rchar: 52484368050
wchar: 17477682279
syscr: 6334483
syscw: 1084434
read_bytes: 13086595584
write_bytes: 17479626752
cancelled_write_bytes: 4096

[2020-01-18T21:45:19-08:00]
rchar: 52905139783
wchar: 17698432362
syscr: 6385423
syscw: 1095769
read_bytes: 13182188032
write_bytes: 17700392960
cancelled_write_bytes: 4096

[2020-01-18T21:45:22-08:00]
rchar: 54046100990
wchar: 17797905187
syscr: 6523763
syscw: 1118803
read_bytes: 13377493504
write_bytes: 17799868416
cancelled_write_bytes: 4096

[2020-01-18T21:45:25-08:00]
rchar: 55192508394
wchar: 17899970576
syscr: 6662768
syscw: 1142914
read_bytes: 13575768576
write_bytes: 17901936640
cancelled_write_bytes: 4096

[2020-01-18T21:45:28-08:00]
rchar: 55730343027
wchar: 18122625900
syscr: 6727900
syscw: 1154694
read_bytes: 13669132800
write_bytes: 18124599296
cancelled_write_bytes: 4096

[2020-01-18T21:45:31-08:00]
rchar: 57110094342
wchar: 18220078245
syscr: 6895193
syscw: 1177743
read_bytes: 13856381440
write_bytes: 18222059520
cancelled_write_bytes: 4096

[2020-01-18T21:45:34-08:00]
rchar: 58452712691
wchar: 18317040777
syscr: 7057984
syscw: 1200572
read_bytes: 14041188864
write_bytes: 18319024128
cancelled_write_bytes: 4096

[2020-01-18T21:45:37-08:00]
rchar: 59239854717
wchar: 18548037808
syscr: 7153425
syscw: 1214407
read_bytes: 14150068736
write_bytes: 18550042624
cancelled_write_bytes: 4096

[2020-01-18T21:45:40-08:00]
rchar: 60320676959
wchar: 19140951543
syscr: 7284398
syscw: 1221862
read_bytes: 14203857408
write_bytes: 19143680000
cancelled_write_bytes: 4096

[2020-01-18T21:45:43-08:00]
rchar: 61207114518
wchar: 19632974508
syscr: 7391882
syscw: 1227721
read_bytes: 14245419520
write_bytes: 19635068928
cancelled_write_bytes: 4096

[2020-01-18T21:45:46-08:00]
rchar: 61805326287
wchar: 19962960815
syscr: 7463881
syscw: 1235286
read_bytes: 14302075392
write_bytes: 19965100032
cancelled_write_bytes: 4096

[2020-01-18T21:45:49-08:00]
rchar: 62614545156
wchar: 20429210131
syscr: 7561977
syscw: 1248847
read_bytes: 14404811264
write_bytes: 20431417344
cancelled_write_bytes: 4096

[2020-01-18T21:45:52-08:00]
rchar: 63402658976
wchar: 20911989495
syscr: 7657508
syscw: 1261292
read_bytes: 14496864768
write_bytes: 20914253824
cancelled_write_bytes: 4096

[2020-01-18T21:45:55-08:00]
rchar: 64130991115
wchar: 21359064854
syscr: 7745784
syscw: 1273128
read_bytes: 14589385216
write_bytes: 21361401856
cancelled_write_bytes: 4096

[2020-01-18T21:45:58-08:00]
rchar: 64405449540
wchar: 21667315684
syscr: 7779071
syscw: 1276397
read_bytes: 14612822528
write_bytes: 21669670912
cancelled_write_bytes: 4096

[2020-01-18T21:46:01-08:00]
rchar: 64936643295
wchar: 21980467326
syscr: 7843367
syscw: 1284633
read_bytes: 14703364608
write_bytes: 21982867456
cancelled_write_bytes: 4096

[2020-01-18T21:46:04-08:00]
rchar: 65804066711
wchar: 22244624346
syscr: 7948551
syscw: 1303074
read_bytes: 14970370560
write_bytes: 22247038976
cancelled_write_bytes: 4096

[2020-01-18T21:46:07-08:00]
rchar: 66645631951
wchar: 22365852632
syscr: 8050540
syscw: 1325111
read_bytes: 15156595200
write_bytes: 22368317440
cancelled_write_bytes: 4096

[2020-01-18T21:46:10-08:00]
rchar: 67121697655
wchar: 22594233381
syscr: 8108267
syscw: 1338107
read_bytes: 15255652864
write_bytes: 22596702208
cancelled_write_bytes: 4096

[2020-01-18T21:46:13-08:00]
rchar: 68253078508
wchar: 22691429345
syscr: 8245364
syscw: 1361156
read_bytes: 15427009024
write_bytes: 22693904384
cancelled_write_bytes: 4096

[2020-01-18T21:46:16-08:00]
rchar: 69415001983
wchar: 22793163535
syscr: 8386249
syscw: 1385156
read_bytes: 15605357056
write_bytes: 22795644928
cancelled_write_bytes: 4096

[2020-01-18T21:46:19-08:00]
rchar: 70045054863
wchar: 23022105195
syscr: 8462647
syscw: 1398118
read_bytes: 15704128000
write_bytes: 23024590848
cancelled_write_bytes: 4096

[2020-01-18T21:46:22-08:00]
rchar: 71373583833
wchar: 23114526572
syscr: 8623645
syscw: 1419831
read_bytes: 15868402176
write_bytes: 23117025280
cancelled_write_bytes: 4096

[2020-01-18T21:46:25-08:00]
rchar: 72825128015
wchar: 23217345187
syscr: 8799644
syscw: 1444376
read_bytes: 16047331840
write_bytes: 23219847168
cancelled_write_bytes: 4096

[2020-01-18T21:46:28-08:00]
rchar: 73603658745
wchar: 23362885869
syscr: 8894042
syscw: 1457599
read_bytes: 16144734720
write_bytes: 23365386240
cancelled_write_bytes: 4096

[2020-01-18T21:46:31-08:00]
rchar: 74011753514
wchar: 23658925461
syscr: 8943441
syscw: 1460536
read_bytes: 16163895808
write_bytes: 23661445120
cancelled_write_bytes: 4096

[2020-01-18T21:46:34-08:00]
rchar: 75217035262
wchar: 24297500967
syscr: 9089589
syscw: 1468853
read_bytes: 16219421184
write_bytes: 24300072960
cancelled_write_bytes: 4096

[2020-01-18T21:46:37-08:00]
rchar: 76263561827
wchar: 24861674699
syscr: 9215973
syscw: 1479105
read_bytes: 16287549952
write_bytes: 24865333248
cancelled_write_bytes: 4096

[2020-01-18T21:46:40-08:00]
rchar: 77093089385
wchar: 25334374224
syscr: 9316519
syscw: 1492319
read_bytes: 16381938176
write_bytes: 25337094144
cancelled_write_bytes: 4096

[2020-01-18T21:46:43-08:00]
rchar: 77906366895
wchar: 25855319779
syscr: 9415074
syscw: 1504042
read_bytes: 16463219200
write_bytes: 25858097152
cancelled_write_bytes: 4096

[2020-01-18T21:46:46-08:00]
rchar: 78354004018
wchar: 26174627158
syscr: 9469324
syscw: 1509446
read_bytes: 16499427840
write_bytes: 26177441792
cancelled_write_bytes: 4096

[2020-01-18T21:46:49-08:00]
rchar: 79042353037
wchar: 26640119037
syscr: 9552781
syscw: 1519166
read_bytes: 16564365824
write_bytes: 26642997248
cancelled_write_bytes: 4096

[2020-01-18T21:46:52-08:00]
rchar: 79607954643
wchar: 27003817006
syscr: 9621238
syscw: 1530355
read_bytes: 16713787904
write_bytes: 27006738432
cancelled_write_bytes: 4096

[2020-01-18T21:46:55-08:00]
rchar: 80533714044
wchar: 27398389696
syscr: 9733481
syscw: 1545382
read_bytes: 16865802752
write_bytes: 27401347072
cancelled_write_bytes: 4096

[2020-01-18T21:46:58-08:00]
rchar: 81369989835
wchar: 27623062108
syscr: 9834846
syscw: 1563655
read_bytes: 16993868288
write_bytes: 27626082304
cancelled_write_bytes: 4096

[2020-01-18T21:47:01-08:00]
rchar: 81967229718
wchar: 27690382070
syscr: 9907265
syscw: 1579175
read_bytes: 17104865792
write_bytes: 27693404160
cancelled_write_bytes: 4096

[2020-01-18T21:47:04-08:00]
rchar: 82330866286
wchar: 27895308777
syscr: 9951274
syscw: 1587066
read_bytes: 17158121984
write_bytes: 27898343424
cancelled_write_bytes: 4096

[2020-01-18T21:47:07-08:00]
rchar: 83564333149
wchar: 27999443023
syscr: 10100832
syscw: 1611327
read_bytes: 17327974912
write_bytes: 28002480128
cancelled_write_bytes: 4096

[2020-01-18T21:47:10-08:00]
rchar: 84746820844
wchar: 28101235684
syscr: 10244207
syscw: 1635159
read_bytes: 17492683264
write_bytes: 28104290304
cancelled_write_bytes: 4096

[2020-01-18T21:47:13-08:00]
rchar: 85409686549
wchar: 28324581074
syscr: 10324498
syscw: 1647505
read_bytes: 17574218240
write_bytes: 28327649280
cancelled_write_bytes: 4096

[2020-01-18T21:47:16-08:00]
rchar: 86851188697
wchar: 28424483458
syscr: 10499278
syscw: 1671270
read_bytes: 17733470720
write_bytes: 28427554816
cancelled_write_bytes: 4096

[2020-01-18T21:47:19-08:00]
rchar: 88271786373
wchar: 28523422702
syscr: 10671522
syscw: 1694599
read_bytes: 17889962496
write_bytes: 28526493696
cancelled_write_bytes: 4096

[2020-01-18T21:47:22-08:00]
rchar: 88982986489
wchar: 28864974523
syscr: 10757674
syscw: 1703962
read_bytes: 17950669312
write_bytes: 28868071424
cancelled_write_bytes: 4096

[2020-01-18T21:47:25-08:00]
rchar: 90155928933
wchar: 29471550183
syscr: 10899899
syscw: 1712453
read_bytes: 18001209856
write_bytes: 29474693120
cancelled_write_bytes: 4096

[2020-01-18T21:47:28-08:00]
rchar: 90676332233
wchar: 29755464038
syscr: 10963001
syscw: 1715858
read_bytes: 18021530112
write_bytes: 29758627840
cancelled_write_bytes: 4096

[2020-01-18T21:47:31-08:00]
rchar: 91653839298
wchar: 30273545368
syscr: 11081004
syscw: 1727795
read_bytes: 18097084928
write_bytes: 30276780032
cancelled_write_bytes: 4096

[2020-01-18T21:47:34-08:00]
rchar: 92482136211
wchar: 30773096519
syscr: 11181384
syscw: 1740368
read_bytes: 18176498176
write_bytes: 30776406016
cancelled_write_bytes: 4096

[2020-01-18T21:47:37-08:00]
rchar: 93341501254
wchar: 31307360327
syscr: 11285563
syscw: 1753408
read_bytes: 18258528768
write_bytes: 31310725120
cancelled_write_bytes: 4096

[2020-01-18T21:47:40-08:00]
rchar: 93905912461
wchar: 31644529042
syscr: 11353976
syscw: 1763130
read_bytes: 18319182336
write_bytes: 31647956992
cancelled_write_bytes: 4096

[2020-01-18T21:47:43-08:00]
rchar: 94139278646
wchar: 31950123243
syscr: 11382161
syscw: 1767008
read_bytes: 18341124608
write_bytes: 31953592320
cancelled_write_bytes: 4096

[2020-01-18T21:47:46-08:00]
rchar: 95102245111
wchar: 32427307828
syscr: 11498895
syscw: 1780418
read_bytes: 18425440768
write_bytes: 32430833664
cancelled_write_bytes: 4096

[2020-01-18T21:47:49-08:00]
rchar: 95950568071
wchar: 32865460805
syscr: 11601733
syscw: 1792272
read_bytes: 18499635712
write_bytes: 32869056512
cancelled_write_bytes: 4096

[2020-01-18T21:47:52-08:00]
rchar: 96522583891
wchar: 33031504904
syscr: 11671053
syscw: 1804350
read_bytes: 18576763392
write_bytes: 33035132928
cancelled_write_bytes: 4096

[2020-01-18T21:47:55-08:00]
rchar: 97266237126
wchar: 33117174166
syscr: 11761225
syscw: 1824117
read_bytes: 18705988096
write_bytes: 33120808960
cancelled_write_bytes: 4096

[2020-01-18T21:47:58-08:00]
rchar: 98061245734
wchar: 33359246383
syscr: 11857537
syscw: 1840858
read_bytes: 18809903616
write_bytes: 33362894848
cancelled_write_bytes: 4096

[2020-01-18T21:48:01-08:00]
rchar: 99259955748
wchar: 33462911897
syscr: 12002881
syscw: 1865356
read_bytes: 18963712512
write_bytes: 33466564608
cancelled_write_bytes: 4096

[2020-01-18T21:48:04-08:00]
rchar: 100178475000
wchar: 33543388076
syscr: 12114254
syscw: 1884071
read_bytes: 19085494784
write_bytes: 33547038720
cancelled_write_bytes: 4096

[2020-01-18T21:48:07-08:00]
rchar: 101215126329
wchar: 33790887366
syscr: 12239863
syscw: 1901944
read_bytes: 19194010112
write_bytes: 33794555904
cancelled_write_bytes: 4096

[2020-01-18T21:48:10-08:00]
rchar: 102651493217
wchar: 33890995125
syscr: 12414021
syscw: 1925690
read_bytes: 19343415808
write_bytes: 33894678528
cancelled_write_bytes: 4096

[2020-01-18T21:48:13-08:00]
rchar: 103773976668
wchar: 33971237643
syscr: 12550121
syscw: 1944887
read_bytes: 19458943488
write_bytes: 33974923264
cancelled_write_bytes: 4096

[2020-01-18T21:48:16-08:00]
rchar: 104406198307
wchar: 34430647618
syscr: 12626696
syscw: 1950701
read_bytes: 19489954304
write_bytes: 34434363392
cancelled_write_bytes: 4096

[2020-01-18T21:48:19-08:00]
rchar: 105159857197
wchar: 34846849916
syscr: 12718084
syscw: 1955651
read_bytes: 19517544960
write_bytes: 34851328000
cancelled_write_bytes: 4096

[2020-01-18T21:48:22-08:00]
rchar: 106342226027
wchar: 35469643332
syscr: 12860936
syscw: 1964886
read_bytes: 19568609792
write_bytes: 35473448960
cancelled_write_bytes: 4096

[2020-01-18T21:48:25-08:00]
rchar: 107180047340
wchar: 35889155069
syscr: 12962516
syscw: 1980418
read_bytes: 19696433664
write_bytes: 35893014528
cancelled_write_bytes: 4096

[2020-01-18T21:48:28-08:00]
rchar: 108002724075
wchar: 36380094415
syscr: 13062228
syscw: 1993672
read_bytes: 19776563712
write_bytes: 36384026624
cancelled_write_bytes: 4096

[2020-01-18T21:48:31-08:00]
rchar: 108520717391
wchar: 36720281789
syscr: 13125010
syscw: 2001153
read_bytes: 19818691072
write_bytes: 36724252672
cancelled_write_bytes: 4096

[2020-01-18T21:48:34-08:00]
rchar: 109073089576
wchar: 37123134164
syscr: 13191962
syscw: 2008361
read_bytes: 19860056576
write_bytes: 37127155712
cancelled_write_bytes: 4096

[2020-01-18T21:48:37-08:00]
rchar: 109833519595
wchar: 37685938694
syscr: 13284056
syscw: 2018559
read_bytes: 19917515264
write_bytes: 37690015744
cancelled_write_bytes: 4096

[2020-01-18T21:48:40-08:00]
rchar: 110522575719
wchar: 38039478793
syscr: 13367584
syscw: 2028156
read_bytes: 19972803072
write_bytes: 38043611136
cancelled_write_bytes: 4096

[2020-01-18T21:48:43-08:00]
rchar: 111289270132
wchar: 38159477522
syscr: 13460513
syscw: 2047023
read_bytes: 20087122432
write_bytes: 38163648512
cancelled_write_bytes: 4096

[2020-01-18T21:48:46-08:00]
rchar: 112088349559
wchar: 38250317499
syscr: 13557408
syscw: 2067536
read_bytes: 20213684736
write_bytes: 38254493696
cancelled_write_bytes: 4096

[2020-01-18T21:48:49-08:00]
rchar: 112839879434
wchar: 38491029554
syscr: 13648450
syscw: 2083448
read_bytes: 20305816064
write_bytes: 38495219712
cancelled_write_bytes: 4096

[2020-01-18T21:48:52-08:00]
rchar: 114071256537
wchar: 38595966997
syscr: 13797757
syscw: 2108394
read_bytes: 20451097088
write_bytes: 38600159232
cancelled_write_bytes: 4096

[2020-01-18T21:48:55-08:00]
rchar: 115044785432
wchar: 38679732735
syscr: 13915799
syscw: 2127605
read_bytes: 20566301184
write_bytes: 38683926528
cancelled_write_bytes: 4096

[2020-01-18T21:48:58-08:00]
rchar: 116024192050
wchar: 38922323305
syscr: 14034467
syscw: 2144245
read_bytes: 20660816384
write_bytes: 38926536704
cancelled_write_bytes: 4096

[2020-01-18T21:49:01-08:00]
rchar: 117431838317
wchar: 39020228543
syscr: 14205144
syscw: 2167086
read_bytes: 20795828736
write_bytes: 39024447488
cancelled_write_bytes: 4096

[2020-01-18T21:49:04-08:00]
rchar: 118643271988
wchar: 39105858527
syscr: 14352030
syscw: 2186511
read_bytes: 20909816320
write_bytes: 39110074368
cancelled_write_bytes: 4096

[2020-01-18T21:49:07-08:00]
rchar: 119381365830
wchar: 39576700569
syscr: 14441444
syscw: 2193733
read_bytes: 20946995712
write_bytes: 39580946432
cancelled_write_bytes: 4096

[2020-01-18T21:49:10-08:00]
rchar: 120130311039
wchar: 39966707452
syscr: 14532258
syscw: 2199027
read_bytes: 20973627904
write_bytes: 39970983936
cancelled_write_bytes: 4096

[2020-01-18T21:49:13-08:00]
rchar: 121367400964
wchar: 40588693114
syscr: 14681727
syscw: 2208057
read_bytes: 21019769344
write_bytes: 40593039360
cancelled_write_bytes: 4096

[2020-01-18T21:49:16-08:00]
rchar: 122266071149
wchar: 41098086875
syscr: 14790656
syscw: 2222318
read_bytes: 21097982464
write_bytes: 41102495744
cancelled_write_bytes: 4096

[2020-01-18T21:49:19-08:00]
rchar: 122783879677
wchar: 41433504223
syscr: 14853418
syscw: 2229478
read_bytes: 21135702528
write_bytes: 41437954048
cancelled_write_bytes: 4096

[2020-01-18T21:49:22-08:00]
rchar: 123625513296
wchar: 41927936490
syscr: 14955444
syscw: 2243226
read_bytes: 21210024448
write_bytes: 41932435456
cancelled_write_bytes: 4096

[2020-01-18T21:49:25-08:00]
rchar: 124167359981
wchar: 42402837057
syscr: 15021115
syscw: 2251498
read_bytes: 21253659136
write_bytes: 42407374848
cancelled_write_bytes: 4096

[2020-01-18T21:49:28-08:00]
rchar: 124571447075
wchar: 42696768535
syscr: 15069995
syscw: 2255701
read_bytes: 21276224000
write_bytes: 42701348864
cancelled_write_bytes: 4096

[2020-01-18T21:49:31-08:00]
rchar: 125543399736
wchar: 43231398677
syscr: 15187819
syscw: 2267942
read_bytes: 21340752384
write_bytes: 43236044800
cancelled_write_bytes: 4096

[2020-01-18T21:49:34-08:00]
rchar: 126450699602
wchar: 43711233852
syscr: 15297749
syscw: 2280388
read_bytes: 21407779328
write_bytes: 43715981312
cancelled_write_bytes: 4096

[2020-01-18T21:49:37-08:00]
rchar: 127388213187
wchar: 43817664136
syscr: 15411427
syscw: 2304742
read_bytes: 21548198400
write_bytes: 43822415872
cancelled_write_bytes: 4096

[2020-01-18T21:49:40-08:00]
rchar: 127681454689
wchar: 44025789948
syscr: 15446988
syscw: 2312897
read_bytes: 21591472640
write_bytes: 44030545920
cancelled_write_bytes: 4096

[2020-01-18T21:49:43-08:00]
rchar: 128680967183
wchar: 44111598059
syscr: 15568096
syscw: 2332682
read_bytes: 21701437952
write_bytes: 44116381696
cancelled_write_bytes: 4096

[2020-01-18T21:49:46-08:00]
rchar: 129887051685
wchar: 44216929047
syscr: 15714336
syscw: 2357330
read_bytes: 21834111488
write_bytes: 44221718528
cancelled_write_bytes: 4096

[2020-01-18T21:49:49-08:00]
rchar: 130597087240
wchar: 44444394658
syscr: 15800430
syscw: 2372150
read_bytes: 21913344512
write_bytes: 44450029568
cancelled_write_bytes: 4096

[2020-01-18T21:49:52-08:00]
rchar: 131921782808
wchar: 44544630280
syscr: 15960961
syscw: 2393954
read_bytes: 22029400576
write_bytes: 44549439488
cancelled_write_bytes: 4096

[2020-01-18T21:49:55-08:00]
rchar: 133361615817
wchar: 44647047854
syscr: 16135538
syscw: 2418406
read_bytes: 22155741696
write_bytes: 44651859968
cancelled_write_bytes: 4096

[2020-01-18T21:49:58-08:00]
rchar: 134212521751
wchar: 44880209711
syscr: 16238710
syscw: 2432973
read_bytes: 22231554560
write_bytes: 44885024768
cancelled_write_bytes: 4096

[2020-01-18T21:50:01-08:00]
rchar: 135417876815
wchar: 45438343833
syscr: 16384783
syscw: 2442749
read_bytes: 22278543872
write_bytes: 45443215360
cancelled_write_bytes: 4096

[2020-01-18T21:50:04-08:00]
rchar: 136741213100
wchar: 46058468268
syscr: 16545244
syscw: 2453431
read_bytes: 22329338368
write_bytes: 46063378432
cancelled_write_bytes: 4096

[2020-01-18T21:50:07-08:00]
rchar: 137238844145
wchar: 46351094049
syscr: 16605073
syscw: 2458522
read_bytes: 22354434560
write_bytes: 46356045824
cancelled_write_bytes: 4096

[2020-01-18T21:50:10-08:00]
rchar: 138080195011
wchar: 46787724028
syscr: 16707031
syscw: 2474387
read_bytes: 22434294272
write_bytes: 46792736768
cancelled_write_bytes: 4096

[2020-01-18T21:50:13-08:00]
rchar: 138935398806
wchar: 47266577483
syscr: 16810704
syscw: 2489427
read_bytes: 22510803456
write_bytes: 47271653376
cancelled_write_bytes: 4096

[2020-01-18T21:50:16-08:00]
rchar: 139394647852
wchar: 47727245025
syscr: 16866271
syscw: 2496578
read_bytes: 22545590784
write_bytes: 47732367360
cancelled_write_bytes: 4096

[2020-01-18T21:50:19-08:00]
rchar: 140263265234
wchar: 48199873240
syscr: 16971563
syscw: 2507578
read_bytes: 22597941760
write_bytes: 48205045760
cancelled_write_bytes: 4096

[2020-01-18T21:50:22-08:00]
rchar: 140920883545
wchar: 48563798780
syscr: 17051264
syscw: 2515925
read_bytes: 22637595136
write_bytes: 48569012224
cancelled_write_bytes: 4096

[2020-01-18T21:50:25-08:00]
rchar: 141943061666
wchar: 49119740694
syscr: 17175177
syscw: 2529794
read_bytes: 22704003584
write_bytes: 49125007360
cancelled_write_bytes: 4096

[2020-01-18T21:50:28-08:00]
rchar: 142840066247
wchar: 49247926984
syscr: 17283895
syscw: 2552735
read_bytes: 22822009344
write_bytes: 49253236736
cancelled_write_bytes: 4096

[2020-01-18T21:50:31-08:00]
rchar: 143399858917
wchar: 49475024654
syscr: 17351690
syscw: 2565691
read_bytes: 22887344640
write_bytes: 49480347648
cancelled_write_bytes: 4096

[2020-01-18T21:50:34-08:00]
rchar: 144650650447
wchar: 49581303097
syscr: 17503350
syscw: 2590819
read_bytes: 23012973056
write_bytes: 49586626560
cancelled_write_bytes: 4096

[2020-01-18T21:50:37-08:00]
rchar: 145866648747
wchar: 49686782180
syscr: 17650791
syscw: 2615465
read_bytes: 23137319424
write_bytes: 49692106752
cancelled_write_bytes: 4096

[2020-01-18T21:50:40-08:00]
rchar: 146009537442
wchar: 49872867853
syscr: 17668119
syscw: 2618670
read_bytes: 23151716864
write_bytes: 49878200320
cancelled_write_bytes: 4096

[2020-01-18T21:50:43-08:00]
rchar: 147323929668
wchar: 49963269456
syscr: 17827403
syscw: 2639997
read_bytes: 23258049024
write_bytes: 49968631808
cancelled_write_bytes: 4096

[2020-01-18T21:50:46-08:00]
rchar: 148782674625
wchar: 50064987481
syscr: 18004273
syscw: 2663589
read_bytes: 23378344448
write_bytes: 50070351872
cancelled_write_bytes: 4096

[2020-01-18T21:50:49-08:00]
rchar: 149665931960
wchar: 50293689448
syscr: 18111369
syscw: 2678271
read_bytes: 23451212288
write_bytes: 50299056128
cancelled_write_bytes: 4096

[2020-01-18T21:50:53-08:00]
rchar: 150923837649
wchar: 50882555437
syscr: 18263812
syscw: 2688546
read_bytes: 23496083968
write_bytes: 50888306688
cancelled_write_bytes: 4096

[2020-01-18T21:50:56-08:00]
rchar: 152019593679
wchar: 51453958655
syscr: 18396678
syscw: 2696556
read_bytes: 23529597440
write_bytes: 51459416064
cancelled_write_bytes: 4096

[2020-01-18T21:50:59-08:00]
rchar: 152678963740
wchar: 51774656480
syscr: 18476077
syscw: 2705362
read_bytes: 23569807872
write_bytes: 51780161536
cancelled_write_bytes: 4096

[2020-01-18T21:51:02-08:00]
rchar: 153554311707
wchar: 52217611809
syscr: 18582202
syscw: 2722062
read_bytes: 23673842176
write_bytes: 52223152128
cancelled_write_bytes: 4096

[2020-01-18T21:51:05-08:00]
rchar: 154410568909
wchar: 52652475452
syscr: 18686011
syscw: 2738533
read_bytes: 23783250432
write_bytes: 52658061312
cancelled_write_bytes: 4096

[2020-01-18T21:51:08-08:00]
rchar: 154576371500
wchar: 52866700633
syscr: 18706088
syscw: 2740856
read_bytes: 23793334784
write_bytes: 52872302592
cancelled_write_bytes: 4096

[2020-01-18T21:51:11-08:00]
rchar: 155374827711
wchar: 53330281077
syscr: 18802786
syscw: 2751577
read_bytes: 23842793984
write_bytes: 53335937024
cancelled_write_bytes: 4096

[2020-01-18T21:51:14-08:00]
rchar: 156418960348
wchar: 53860306274
syscr: 18929358
syscw: 2765396
read_bytes: 23906544128
write_bytes: 53866037248
cancelled_write_bytes: 4096

[2020-01-18T21:51:17-08:00]
rchar: 157396944924
wchar: 54370715275
syscr: 19047901
syscw: 2778749
read_bytes: 23967300096
write_bytes: 54376505344
cancelled_write_bytes: 4096

[2020-01-18T21:51:20-08:00]
rchar: 157974532991
wchar: 54624804081
syscr: 19117879
syscw: 2787804
read_bytes: 24027015680
write_bytes: 54630633472
cancelled_write_bytes: 4096

[2020-01-18T21:51:23-08:00]
rchar: 158760631044
wchar: 54932117992
syscr: 19213184
syscw: 2801419
read_bytes: 24136927744
write_bytes: 54937989120
cancelled_write_bytes: 4096

[2020-01-18T21:51:26-08:00]
rchar: 159532486890
wchar: 55275899416
syscr: 19306695
syscw: 2814714
read_bytes: 24250825216
write_bytes: 55281799168
cancelled_write_bytes: 4096

[2020-01-18T21:51:29-08:00]
rchar: 160707461791
wchar: 55802863017
syscr: 19449119
syscw: 2828895
read_bytes: 24315054592
write_bytes: 55808819200
cancelled_write_bytes: 4096

[2020-01-18T21:51:32-08:00]
rchar: 161604420116
wchar: 56026406037
syscr: 19557863
syscw: 2843554
read_bytes: 24430029312
write_bytes: 56032387072
cancelled_write_bytes: 4096

[2020-01-18T21:51:35-08:00]
rchar: 162573276343
wchar: 56138063823
syscr: 19675321
syscw: 2862477
read_bytes: 24531499520
write_bytes: 56144056320
cancelled_write_bytes: 4096

[2020-01-18T21:51:38-08:00]
rchar: 163545629334
wchar: 56379047052
syscr: 19793137
syscw: 2878832
read_bytes: 24605653504
write_bytes: 56385056768
cancelled_write_bytes: 4096

[2020-01-18T21:51:41-08:00]
rchar: 165053269799
wchar: 56482694299
syscr: 19975938
syscw: 2903238
read_bytes: 24718395904
write_bytes: 56488706048
cancelled_write_bytes: 4096

[2020-01-18T21:51:44-08:00]
rchar: 166264912681
wchar: 56567147668
syscr: 20122849
syscw: 2923288
read_bytes: 24809167360
write_bytes: 56573165568
cancelled_write_bytes: 4096

[2020-01-18T21:51:47-08:00]
rchar: 167240791301
wchar: 57151281895
syscr: 20241095
syscw: 2932478
read_bytes: 24845310464
write_bytes: 57158270976
cancelled_write_bytes: 4096

[2020-01-18T21:51:50-08:00]
rchar: 168384064089
wchar: 57717503319
syscr: 20379722
syscw: 2940774
read_bytes: 24879294976
write_bytes: 57723613184
cancelled_write_bytes: 4096

[2020-01-18T21:51:53-08:00]
rchar: 169213553234
wchar: 58116619815
syscr: 20479777
syscw: 2948612
read_bytes: 24911432192
write_bytes: 58122768384
cancelled_write_bytes: 4096

[2020-01-18T21:51:56-08:00]
rchar: 170108438862
wchar: 58570864684
syscr: 20588244
syscw: 2965303
read_bytes: 24984599040
write_bytes: 58577076224
cancelled_write_bytes: 4096

[2020-01-18T21:51:59-08:00]
rchar: 171017672211
wchar: 59086353846
syscr: 20698468
syscw: 2980689
read_bytes: 25050319360
write_bytes: 59093585920
cancelled_write_bytes: 4096

[2020-01-18T21:52:02-08:00]
rchar: 171346488814
wchar: 59278431766
syscr: 20738313
syscw: 2986320
read_bytes: 25073580544
write_bytes: 59284725760
cancelled_write_bytes: 4096

[2020-01-18T21:52:05-08:00]
rchar: 171871797179
wchar: 59716450518
syscr: 20801894
syscw: 2994327
read_bytes: 25105357312
write_bytes: 59722788864
cancelled_write_bytes: 4096

[2020-01-18T21:52:08-08:00]
rchar: 172957848416
wchar: 60273837330
syscr: 20933560
syscw: 3008899
read_bytes: 25165801984
write_bytes: 60280238080
cancelled_write_bytes: 4096

[2020-01-18T21:52:11-08:00]
rchar: 173983236594
wchar: 60783427800
syscr: 21057828
syscw: 3024147
read_bytes: 25229437440
write_bytes: 60789895168
cancelled_write_bytes: 4096

[2020-01-18T21:52:14-08:00]
rchar: 174981376457
wchar: 61074498832
syscr: 21178841
syscw: 3044561
read_bytes: 25387903488
write_bytes: 61080993792
cancelled_write_bytes: 4096

[2020-01-18T21:52:17-08:00]
rchar: 175287013629
wchar: 61329844230
syscr: 21215906
syscw: 3051009
read_bytes: 25438755328
write_bytes: 61336363008
cancelled_write_bytes: 4096

[2020-01-18T21:52:20-08:00]
rchar: 176156071497
wchar: 61509141884
syscr: 21321202
syscw: 3065787
read_bytes: 25551182336
write_bytes: 61515685888
cancelled_write_bytes: 4096

[2020-01-18T21:52:23-08:00]
rchar: 177374271870
wchar: 61816543530
syscr: 21468890
syscw: 3085155
read_bytes: 25693342208
write_bytes: 61823119360
cancelled_write_bytes: 4096

[2020-01-18T21:52:26-08:00]
rchar: 178550321136
wchar: 62092589042
syscr: 21611468
syscw: 3104779
read_bytes: 25840876032
write_bytes: 62099193856
cancelled_write_bytes: 4096

[2020-01-18T21:52:29-08:00]
rchar: 179224349816
wchar: 62393905098
syscr: 21693116
syscw: 3116069
read_bytes: 25921669632
write_bytes: 62400593920
cancelled_write_bytes: 4096

[2020-01-18T21:52:32-08:00]
rchar: 180693070150
wchar: 62677211895
syscr: 21871169
syscw: 3136512
read_bytes: 26066803200
write_bytes: 62683856896
cancelled_write_bytes: 4096

[2020-01-18T21:52:35-08:00]
rchar: 182078908088
wchar: 62924368871
syscr: 22039209
syscw: 3156681
read_bytes: 26217220608
write_bytes: 62931034112
cancelled_write_bytes: 4096

[2020-01-18T21:52:38-08:00]
rchar: 183056655277
wchar: 63100854242
syscr: 22157765
syscw: 3170427
read_bytes: 26323241472
write_bytes: 63107534848
cancelled_write_bytes: 4096

[2020-01-18T21:52:41-08:00]
rchar: 183540528182
wchar: 63479414378
syscr: 22216319
syscw: 3175412
read_bytes: 26341992960
write_bytes: 63486128128
cancelled_write_bytes: 4096

[2020-01-18T21:52:44-08:00]
rchar: 184845150506
wchar: 64065959076
syscr: 22374470
syscw: 3186271
read_bytes: 26381040128
write_bytes: 64072720384
cancelled_write_bytes: 4096

[2020-01-18T21:52:47-08:00]
rchar: 186250133666
wchar: 64721331931
syscr: 22544831
syscw: 3197708
read_bytes: 26421848576
write_bytes: 64728154112
cancelled_write_bytes: 4096

[2020-01-18T21:52:50-08:00]
rchar: 187351391393
wchar: 65286097367
syscr: 22677803
syscw: 3210695
read_bytes: 26470214144
write_bytes: 65292988416
cancelled_write_bytes: 4096

[2020-01-18T21:52:53-08:00]
rchar: 187985662828
wchar: 65681503844
syscr: 22754682
syscw: 3220235
read_bytes: 26506074624
write_bytes: 65688432640
cancelled_write_bytes: 4096

[2020-01-18T21:52:56-08:00]
rchar: 188812990605
wchar: 66166172005
syscr: 22854974
syscw: 3233795
read_bytes: 26558339584
write_bytes: 66173149184
cancelled_write_bytes: 4096

[2020-01-18T21:52:59-08:00]
rchar: 189304307696
wchar: 66646949317
syscr: 22914439
syscw: 3239962
read_bytes: 26579487232
write_bytes: 66653978624
cancelled_write_bytes: 4096

[2020-01-18T21:53:02-08:00]
rchar: 190180785443
wchar: 67049197867
syscr: 23020682
syscw: 3253212
read_bytes: 26628909568
write_bytes: 67056275456
cancelled_write_bytes: 4096

[2020-01-18T21:53:05-08:00]
rchar: 191000931666
wchar: 67469910420
syscr: 23120090
syscw: 3264627
read_bytes: 26672720384
write_bytes: 67477028864
cancelled_write_bytes: 4096

[2020-01-18T21:53:08-08:00]
rchar: 192047529958
wchar: 68011519306
syscr: 23246907
syscw: 3279737
read_bytes: 26728159744
write_bytes: 68018700288
cancelled_write_bytes: 4096

[2020-01-18T21:53:11-08:00]
rchar: 192895525715
wchar: 68251552647
syscr: 23349738
syscw: 3297983
read_bytes: 26852481536
write_bytes: 68258750464
cancelled_write_bytes: 4096

[2020-01-18T21:53:14-08:00]
rchar: 193187608228
wchar: 68485030278
syscr: 23385072
syscw: 3303815
read_bytes: 26888534528
write_bytes: 68492238848
cancelled_write_bytes: 4096

[2020-01-18T21:53:17-08:00]
rchar: 194364440865
wchar: 68737821261
syscr: 23527771
syscw: 3323511
read_bytes: 27035007488
write_bytes: 68745068544
cancelled_write_bytes: 4096

[2020-01-18T21:53:20-08:00]
rchar: 195570616984
wchar: 69083603130
syscr: 23673979
syscw: 3342161
read_bytes: 27149851136
write_bytes: 69090889728
cancelled_write_bytes: 4096

[2020-01-18T21:53:23-08:00]
rchar: 196540652761
wchar: 69322976484
syscr: 23791606
syscw: 3358104
read_bytes: 27258538496
write_bytes: 69330292736
cancelled_write_bytes: 4096

[2020-01-18T21:53:26-08:00]
rchar: 197553392120
wchar: 69673708976
syscr: 23914277
syscw: 3373551
read_bytes: 27359529472
write_bytes: 69681434624
cancelled_write_bytes: 4096

[2020-01-18T21:53:29-08:00]
rchar: 198236887657
wchar: 70005102495
syscr: 23997160
syscw: 3379959
read_bytes: 27380922880
write_bytes: 70012473344
cancelled_write_bytes: 4096

[2020-01-18T21:53:32-08:00]
rchar: 199633698127
wchar: 70331342223
syscr: 24166493
syscw: 3398765
read_bytes: 27498080768
write_bytes: 70338752512
cancelled_write_bytes: 4096

[2020-01-18T21:53:35-08:00]
rchar: 201057641739
wchar: 70619984257
syscr: 24339109
syscw: 3419044
read_bytes: 27635526144
write_bytes: 70627426304
cancelled_write_bytes: 4096

[2020-01-18T21:53:38-08:00]
rchar: 201838860331
wchar: 70916787302
syscr: 24433748
syscw: 3429503
read_bytes: 27703507456
write_bytes: 70924247040
cancelled_write_bytes: 4096

[2020-01-18T21:53:41-08:00]
rchar: 203442487659
wchar: 71192655918
syscr: 24628189
syscw: 3449183
read_bytes: 27835222528
write_bytes: 71200137216
cancelled_write_bytes: 4096

[2020-01-18T21:53:44-08:00]
rchar: 204275397390
wchar: 71560830376
syscr: 24729132
syscw: 3456461
read_bytes: 27858917888
write_bytes: 71568347136
cancelled_write_bytes: 4096

[2020-01-18T21:53:47-08:00]
rchar: 205612946302
wchar: 72225692521
syscr: 24891316
syscw: 3466926
read_bytes: 27892365824
write_bytes: 72233963520
cancelled_write_bytes: 4096

[2020-01-18T21:53:50-08:00]
rchar: 206896695442
wchar: 72780985053
syscr: 25046446
syscw: 3481555
read_bytes: 27943094784
write_bytes: 72788619264
cancelled_write_bytes: 4096

[2020-01-18T21:53:53-08:00]
rchar: 207026413738
wchar: 72914380028
syscr: 25062181
syscw: 3482958
read_bytes: 27947813376
write_bytes: 72922042368
cancelled_write_bytes: 4096

[2020-01-18T21:53:56-08:00]
rchar: 207922952907
wchar: 73493866584
syscr: 25170756
syscw: 3495864
read_bytes: 27990202880
write_bytes: 73501581312
cancelled_write_bytes: 4096

[2020-01-18T21:53:59-08:00]
rchar: 209042148733
wchar: 74030594518
syscr: 25306438
syscw: 3511852
read_bytes: 28044532224
write_bytes: 74038366208
cancelled_write_bytes: 4096

[2020-01-18T21:54:02-08:00]
rchar: 209699661140
wchar: 74373363409
syscr: 25386093
syscw: 3520784
read_bytes: 28073609728
write_bytes: 74381180928
cancelled_write_bytes: 4096

[2020-01-18T21:54:05-08:00]
rchar: 210822312912
wchar: 74946907088
syscr: 25522188
syscw: 3536671
read_bytes: 28126779904
write_bytes: 74954776576
cancelled_write_bytes: 4096

[2020-01-18T21:54:08-08:00]
rchar: 211500259010
wchar: 75317802044
syscr: 25604355
syscw: 3549405
read_bytes: 28188572160
write_bytes: 75325710336
cancelled_write_bytes: 4096

[2020-01-18T21:54:11-08:00]
rchar: 212160991224
wchar: 75495112521
syscr: 25684389
syscw: 3560878
read_bytes: 28258945536
write_bytes: 75503026176
cancelled_write_bytes: 4096

[2020-01-18T21:54:14-08:00]
rchar: 213459007140
wchar: 75757125853
syscr: 25841783
syscw: 3582806
read_bytes: 28402072064
write_bytes: 75765063680
cancelled_write_bytes: 4096

[2020-01-18T21:54:17-08:00]
rchar: 214704768946
wchar: 76057796931
syscr: 25992790
syscw: 3603499
read_bytes: 28526074368
write_bytes: 76065767424
cancelled_write_bytes: 4096

[2020-01-18T21:54:20-08:00]
rchar: 215343624444
wchar: 76527666999
syscr: 26070132
syscw: 3611233
read_bytes: 28551047680
write_bytes: 76535705600
cancelled_write_bytes: 4096

[2020-01-18T21:54:23-08:00]
rchar: 216853344258
wchar: 76788613099
syscr: 26253190
syscw: 3632991
read_bytes: 28688067072
write_bytes: 76796665856
cancelled_write_bytes: 4096

[2020-01-18T21:54:26-08:00]
rchar: 218327124203
wchar: 77044117966
syscr: 26431894
syscw: 3653899
read_bytes: 28824291840
write_bytes: 77052571648
cancelled_write_bytes: 4096

[2020-01-18T21:54:29-08:00]
rchar: 219396116094
wchar: 77222449544
syscr: 26561464
syscw: 3669620
read_bytes: 28919224832
write_bytes: 77230538752
cancelled_write_bytes: 4096

[2020-01-18T21:54:32-08:00]
rchar: 220425052750
wchar: 77546572031
syscr: 26686140
syscw: 3682970
read_bytes: 28998543872
write_bytes: 77554688000
cancelled_write_bytes: 4096

[2020-01-18T21:54:35-08:00]
rchar: 222136986860
wchar: 77803408125
syscr: 26893716
syscw: 3704032
read_bytes: 29130717696
write_bytes: 77811548160
cancelled_write_bytes: 4096

[2020-01-18T21:54:38-08:00]
rchar: 223743548179
wchar: 78050314588
syscr: 27088461
syscw: 3723790
read_bytes: 29255866880
write_bytes: 78058475520
cancelled_write_bytes: 4096

[2020-01-18T21:54:41-08:00]
rchar: 224591658804
wchar: 78454070506
syscr: 27191300
syscw: 3730552
read_bytes: 29275691520
write_bytes: 78462255104
cancelled_write_bytes: 4096

[2020-01-18T21:54:44-08:00]
rchar: 225307756362
wchar: 78918537643
syscr: 27278047
syscw: 3736541
read_bytes: 29292988928
write_bytes: 78926753792
cancelled_write_bytes: 4096

[2020-01-18T21:54:47-08:00]
rchar: 226087887470
wchar: 79288222593
syscr: 27372641
syscw: 3741928
read_bytes: 29308529152
write_bytes: 79296466944
cancelled_write_bytes: 4096

[2020-01-18T21:54:50-08:00]
rchar: 227397630329
wchar: 79831999483
syscr: 27530885
syscw: 3757446
read_bytes: 29355080192
write_bytes: 79840321536
cancelled_write_bytes: 4096

[2020-01-18T21:54:53-08:00]
rchar: 228365422906
wchar: 80322853264
syscr: 27648212
syscw: 3770886
read_bytes: 29395724800
write_bytes: 80331223040
cancelled_write_bytes: 4096

[2020-01-18T21:54:56-08:00]
rchar: 229214539089
wchar: 80738920977
syscr: 27751110
syscw: 3783388
read_bytes: 29433018880
write_bytes: 80747352064
cancelled_write_bytes: 4096

[2020-01-18T21:54:59-08:00]
rchar: 230066080814
wchar: 81164443730
syscr: 27854328
syscw: 3795741
read_bytes: 29470222848
write_bytes: 81172914176
cancelled_write_bytes: 4096

[2020-01-18T21:55:02-08:00]
rchar: 230353454023
wchar: 81486038663
syscr: 27889095
syscw: 3799732
read_bytes: 29481527808
write_bytes: 81494536192
cancelled_write_bytes: 4096

[2020-01-18T21:55:05-08:00]
rchar: 231571579205
wchar: 82009097753
syscr: 28036724
syscw: 3814785
read_bytes: 29526174208
write_bytes: 82017665024
cancelled_write_bytes: 4096

[2020-01-18T21:55:08-08:00]
rchar: 232835333464
wchar: 82490294915
syscr: 28189917
syscw: 3831778
read_bytes: 29591661056
write_bytes: 82498912256
cancelled_write_bytes: 4096

[2020-01-18T21:55:11-08:00]
rchar: 233899211159
wchar: 82702123495
syscr: 28318919
syscw: 3849965
read_bytes: 29698116096
write_bytes: 82710753280
cancelled_write_bytes: 4096

[2020-01-18T21:55:14-08:00]
rchar: 234551754596
wchar: 82999810828
syscr: 28397963
syscw: 3861594
read_bytes: 29761219072
write_bytes: 83008462848
cancelled_write_bytes: 4096

[2020-01-18T21:55:17-08:00]
rchar: 236068174603
wchar: 83256696996
syscr: 28581788
syscw: 3883087
read_bytes: 29888195072
write_bytes: 83265372160
cancelled_write_bytes: 4096

[2020-01-18T21:55:20-08:00]
rchar: 237542477555
wchar: 83513754952
syscr: 28760552
syscw: 3903733
read_bytes: 30014712320
write_bytes: 83522457600
cancelled_write_bytes: 4096

[2020-01-18T21:55:23-08:00]
rchar: 238564599438
wchar: 83693910023
syscr: 28884491
syscw: 3918297
read_bytes: 30102956544
write_bytes: 83702632448
cancelled_write_bytes: 4096

[2020-01-18T21:55:26-08:00]
rchar: 239349529904
wchar: 83978495795
syscr: 28979582
syscw: 3928667
read_bytes: 30158154240
write_bytes: 83987238912
cancelled_write_bytes: 4096

[2020-01-18T21:55:29-08:00]
rchar: 240886710032
wchar: 84536321407
syscr: 29165924
syscw: 3943517
read_bytes: 30215604736
write_bytes: 84545110016
cancelled_write_bytes: 4096

[2020-01-18T21:55:32-08:00]
rchar: 242357649895
wchar: 85183166062
syscr: 29344284
syscw: 3956219
read_bytes: 30249732608
write_bytes: 85192003584
cancelled_write_bytes: 4096

[2020-01-18T21:55:35-08:00]
rchar: 243359106219
wchar: 85626517759
syscr: 29465160
syscw: 3969511
read_bytes: 30287686144
write_bytes: 85635407872
cancelled_write_bytes: 4096

[2020-01-18T21:55:38-08:00]
rchar: 244045436609
wchar: 86046818385
syscr: 29548366
syscw: 3980255
read_bytes: 30318107136
write_bytes: 86055759872
cancelled_write_bytes: 4096

[2020-01-18T21:55:41-08:00]
rchar: 244572565368
wchar: 86496846884
syscr: 29612140
syscw: 3988367
read_bytes: 30341728768
write_bytes: 86505840640
cancelled_write_bytes: 4096

[2020-01-18T21:55:44-08:00]
rchar: 245255385170
wchar: 86853855927
syscr: 29694899
syscw: 3997037
read_bytes: 30365690368
write_bytes: 86862888960
cancelled_write_bytes: 4096

[2020-01-18T21:55:47-08:00]
rchar: 246424967633
wchar: 87405349271
syscr: 29836686
syscw: 4014644
read_bytes: 30413863424
write_bytes: 87414435840
cancelled_write_bytes: 4096

[2020-01-18T21:55:50-08:00]
rchar: 247077958618
wchar: 87745054179
syscr: 29915827
syscw: 4023801
read_bytes: 30439942656
write_bytes: 87754194944
cancelled_write_bytes: 4096

[2020-01-18T21:55:53-08:00]
rchar: 248156731767
wchar: 88290041630
syscr: 30046600
syscw: 4039480
read_bytes: 30485019136
write_bytes: 88299237376
cancelled_write_bytes: 4096

[2020-01-18T21:55:56-08:00]
rchar: 248536078035
wchar: 88658830738
syscr: 30092606
syscw: 4045345
read_bytes: 30501063168
write_bytes: 88668049408
cancelled_write_bytes: 4096

[2020-01-18T21:55:59-08:00]
rchar: 249438984310
wchar: 88846360324
syscr: 30201953
syscw: 4060510
read_bytes: 30584650240
write_bytes: 88855830528
cancelled_write_bytes: 4096

[2020-01-18T21:56:02-08:00]
rchar: 250718115279
wchar: 89112898698
syscr: 30357060
syscw: 4081989
read_bytes: 30707587584
write_bytes: 89122172928
cancelled_write_bytes: 4096

[2020-01-18T21:56:05-08:00]
rchar: 251919464056
wchar: 89371508196
syscr: 30502686
syscw: 4102680
read_bytes: 30824782336
write_bytes: 89380802560
cancelled_write_bytes: 4096

[2020-01-18T21:56:08-08:00]
rchar: 252741471151
wchar: 89681537737
syscr: 30602276
syscw: 4115516
read_bytes: 30889413120
write_bytes: 89690865664
cancelled_write_bytes: 4096

[2020-01-18T21:56:11-08:00]
rchar: 254004109066
wchar: 89889919228
syscr: 30755377
syscw: 4134086
read_bytes: 30986258944
write_bytes: 89899257856
cancelled_write_bytes: 4096

[2020-01-18T21:56:14-08:00]
rchar: 255472351232
wchar: 90142486361
syscr: 30933357
syscw: 4155074
read_bytes: 31101000192
write_bytes: 90152087552
cancelled_write_bytes: 4096

[2020-01-18T21:56:17-08:00]
rchar: 256300267981
wchar: 90456474707
syscr: 31033746
syscw: 4167517
read_bytes: 31164357120
write_bytes: 90465841152
cancelled_write_bytes: 4096

[2020-01-18T21:56:20-08:00]
rchar: 257971604921
wchar: 90704853782
syscr: 31236313
syscw: 4188651
read_bytes: 31275121152
write_bytes: 90714251264
cancelled_write_bytes: 4096

[2020-01-18T21:56:23-08:00]
rchar: 259659540843
wchar: 91039509181
syscr: 31440930
syscw: 4208691
read_bytes: 31370836480
write_bytes: 91049902080
cancelled_write_bytes: 4096

[2020-01-18T21:56:26-08:00]
rchar: 260618942024
wchar: 91455374467
syscr: 31557262
syscw: 4217434
read_bytes: 31391693312
write_bytes: 91464839168
cancelled_write_bytes: 4096

[2020-01-18T21:56:29-08:00]
rchar: 261825219795
wchar: 92018907563
syscr: 31703530
syscw: 4227531
read_bytes: 31416138240
write_bytes: 92028411904
cancelled_write_bytes: 4096

[2020-01-18T21:56:32-08:00]
rchar: 262275267679
wchar: 92357645854
syscr: 31758017
syscw: 4232059
read_bytes: 31426501120
write_bytes: 92367183872
cancelled_write_bytes: 4096

[2020-01-18T21:56:35-08:00]
rchar: 263352800931
wchar: 92786347648
syscr: 31888097
syscw: 4246069
read_bytes: 31462287872
write_bytes: 92795924480
cancelled_write_bytes: 4096

[2020-01-18T21:56:38-08:00]
rchar: 264517152458
wchar: 93190839077
syscr: 32029214
syscw: 4266564
read_bytes: 31516744192
write_bytes: 93200465920
cancelled_write_bytes: 4096

[2020-01-18T21:56:41-08:00]
rchar: 265675022384
wchar: 93647462925
syscr: 32169580
syscw: 4286287
read_bytes: 31566981632
write_bytes: 93657133056
cancelled_write_bytes: 4096

[2020-01-18T21:56:44-08:00]
rchar: 265942995548
wchar: 93795542169
syscr: 32202079
syscw: 4289600
read_bytes: 31575562752
write_bytes: 93805223936
cancelled_write_bytes: 4096

[2020-01-18T21:56:47-08:00]
rchar: 266940391624
wchar: 94328038572
syscr: 32322900
syscw: 4303617
read_bytes: 31610882560
write_bytes: 94337773568
cancelled_write_bytes: 4096

[2020-01-18T21:56:50-08:00]
rchar: 267928799104
wchar: 94667979003
syscr: 32442709
syscw: 4317444
read_bytes: 31645927936
write_bytes: 94677753856
cancelled_write_bytes: 4096

[2020-01-18T21:56:53-08:00]
rchar: 269019192970
wchar: 95120840746
syscr: 32574889
syscw: 4331551
read_bytes: 31680764416
write_bytes: 95130685440
cancelled_write_bytes: 4096

[2020-01-18T21:56:56-08:00]
rchar: 270371854666
wchar: 95652918117
syscr: 32738822
syscw: 4350214
read_bytes: 31727360512
write_bytes: 95662813184
cancelled_write_bytes: 4096

[2020-01-18T21:56:59-08:00]
rchar: 270893794391
wchar: 95910837716
syscr: 32802028
syscw: 4359442
read_bytes: 31765608960
write_bytes: 95920754688
cancelled_write_bytes: 4096

[2020-01-18T21:57:02-08:00]
rchar: 272353429143
wchar: 96148158625
syscr: 32978995
syscw: 4380673
read_bytes: 31866919424
write_bytes: 96158097408
cancelled_write_bytes: 4096

[2020-01-18T21:57:05-08:00]
rchar: 273851262484
wchar: 96405330334
syscr: 33160617
syscw: 4402443
read_bytes: 31975053824
write_bytes: 96415285248
cancelled_write_bytes: 4096

[2020-01-18T21:57:08-08:00]
rchar: 274800578269
wchar: 96725612775
syscr: 33275704
syscw: 4417003
read_bytes: 32041802240
write_bytes: 96735584256
cancelled_write_bytes: 4096

[2020-01-18T21:57:11-08:00]
rchar: 275735525711
wchar: 97247297118
syscr: 33389009
syscw: 4423461
read_bytes: 32133931520
write_bytes: 97257332736
cancelled_write_bytes: 4096

[2020-01-18T21:57:14-08:00]
rchar: 276689918707
wchar: 97794067103
syscr: 33504741
syscw: 4429371
read_bytes: 32233013760
write_bytes: 97804124160
cancelled_write_bytes: 4096

[2020-01-18T21:57:17-08:00]
rchar: 277413719118
wchar: 98166300461
syscr: 33592484
syscw: 4434673
read_bytes: 32321733120
write_bytes: 98176933888
cancelled_write_bytes: 4096

[2020-01-18T21:57:20-08:00]
rchar: 278444527595
wchar: 98729267054
syscr: 33717494
syscw: 4441510
read_bytes: 32442692096
write_bytes: 98739417088
cancelled_write_bytes: 4096

[2020-01-18T21:57:23-08:00]
rchar: 279240109228
wchar: 99149119899
syscr: 33813971
syscw: 4447090
read_bytes: 32531882496
write_bytes: 99159629824
cancelled_write_bytes: 4096

[2020-01-18T21:57:26-08:00]
rchar: 280194947789
wchar: 99657639683
syscr: 33929756
syscw: 4453575
read_bytes: 32648757760
write_bytes: 99667865600
cancelled_write_bytes: 4096

[2020-01-18T21:57:29-08:00]
rchar: 281147631493
wchar: 100168441080
syscr: 34045279
syscw: 4459840
read_bytes: 32761111040
write_bytes: 100178685952
cancelled_write_bytes: 4096

[2020-01-18T21:57:32-08:00]
rchar: 281752192848
wchar: 100495991275
syscr: 34118599
syscw: 4464108
read_bytes: 32824500736
write_bytes: 100506300416
cancelled_write_bytes: 4096

[2020-01-18T21:57:36-08:00]
rchar: 282744706115
wchar: 101042393478
syscr: 34238349
syscw: 4471151
read_bytes: 32952037888
write_bytes: 101052780544
cancelled_write_bytes: 4096

[2020-01-18T21:57:39-08:00]
rchar: 283409444416
wchar: 101476390148
syscr: 34318960
syscw: 4478173
read_bytes: 33094910464
write_bytes: 101486788608
cancelled_write_bytes: 4096

[2020-01-18T21:57:42-08:00]
rchar: 283830684084
wchar: 101794963184
syscr: 34370055
syscw: 4483450
read_bytes: 33183371776
write_bytes: 101805383680
cancelled_write_bytes: 4096

[2020-01-18T21:57:45-08:00]
rchar: 284461643438
wchar: 102279838708
syscr: 34446494
syscw: 4490446
read_bytes: 33303777792
write_bytes: 102290329600
cancelled_write_bytes: 4096

[2020-01-18T21:57:48-08:00]
rchar: 285281903868
wchar: 102767684031
syscr: 34545965
syscw: 4498186
read_bytes: 33438933504
write_bytes: 102778200064
cancelled_write_bytes: 4096

[2020-01-18T21:57:51-08:00]
rchar: 286183056617
wchar: 103300813010
syscr: 34655214
syscw: 4506680
read_bytes: 33577529856
write_bytes: 103311425536
cancelled_write_bytes: 4096

[2020-01-18T21:57:54-08:00]
rchar: 287073046951
wchar: 103807215236
syscr: 34763142
syscw: 4515586
read_bytes: 33742610944
write_bytes: 103817867264
cancelled_write_bytes: 4096

[2020-01-18T21:57:57-08:00]
rchar: 287872811462
wchar: 104260513030
syscr: 34860091
syscw: 4523841
read_bytes: 33889219072
write_bytes: 104271233024
cancelled_write_bytes: 4096

[2020-01-18T21:58:00-08:00]
rchar: 288772316619
wchar: 104766652479
syscr: 34969173
syscw: 4533044
read_bytes: 34055336448
write_bytes: 104777383936
cancelled_write_bytes: 4096

[2020-01-18T21:58:03-08:00]
rchar: 289378676072
wchar: 105087792274
syscr: 35042420
syscw: 4540302
read_bytes: 34159661568
write_bytes: 105100185600
cancelled_write_bytes: 4096

[2020-01-18T21:58:06-08:00]
rchar: 289957047426
wchar: 105353872760
syscr: 35112272
syscw: 4549435
read_bytes: 34240283136
write_bytes: 105364754432
cancelled_write_bytes: 4096

[2020-01-18T21:58:09-08:00]
rchar: 290700624604
wchar: 105692753603
syscr: 35202302
syscw: 4562065
read_bytes: 34264568320
write_bytes: 105703661568
cancelled_write_bytes: 4096

[2020-01-18T21:58:12-08:00]
rchar: 292169866008
wchar: 106224383052
syscr: 35380396
syscw: 4582428
read_bytes: 34302784000
write_bytes: 106235363328
cancelled_write_bytes: 4096

[2020-01-18T21:58:15-08:00]
rchar: 292997510985
wchar: 106559329872
syscr: 35480716
syscw: 4593335
read_bytes: 34323755520
write_bytes: 106571018240
cancelled_write_bytes: 4096

[2020-01-18T21:58:18-08:00]
rchar: 294241668738
wchar: 106990990174
syscr: 35631539
syscw: 4611633
read_bytes: 34356781568
write_bytes: 107002036224
cancelled_write_bytes: 4096

[2020-01-18T21:58:21-08:00]
rchar: 295133439771
wchar: 107413035371
syscr: 35739548
syscw: 4624114
read_bytes: 34379891200
write_bytes: 107424124928
cancelled_write_bytes: 4096

[2020-01-18T21:58:24-08:00]
rchar: 296271246847
wchar: 107792759984
syscr: 35877474
syscw: 4637793
read_bytes: 34404745728
write_bytes: 107803906048
cancelled_write_bytes: 4096

[2020-01-18T21:58:27-08:00]
rchar: 297664488949
wchar: 108225064840
syscr: 36046389
syscw: 4655287
read_bytes: 34437763584
write_bytes: 108236251136
cancelled_write_bytes: 4096

[2020-01-18T21:58:30-08:00]
rchar: 298784820515
wchar: 108559950001
syscr: 36182179
syscw: 4670078
read_bytes: 34465497600
write_bytes: 108571176960
cancelled_write_bytes: 4096

[2020-01-18T21:58:33-08:00]
rchar: 299637352012
wchar: 109057048581
syscr: 36285477
syscw: 4680052
read_bytes: 34482790912
write_bytes: 109068324864
cancelled_write_bytes: 4096

[2020-01-18T21:58:36-08:00]
rchar: 300650850798
wchar: 109433179329
syscr: 36408319
syscw: 4689662
read_bytes: 34499748352
write_bytes: 109444485120
cancelled_write_bytes: 4096

[2020-01-18T21:58:39-08:00]
rchar: 302334548726
wchar: 110018441703
syscr: 36612472
syscw: 4706450
read_bytes: 34530337280
write_bytes: 110030340096
cancelled_write_bytes: 4096

[2020-01-18T21:58:42-08:00]
rchar: 303455994090
wchar: 110445312452
syscr: 36748454
syscw: 4717532
read_bytes: 34549699072
write_bytes: 110456692736
cancelled_write_bytes: 4096

[2020-01-18T21:58:45-08:00]
rchar: 304570791289
wchar: 110883913524
syscr: 36883050
syscw: 4736670
read_bytes: 34585420288
write_bytes: 110895337472
cancelled_write_bytes: 4096

[2020-01-18T21:58:48-08:00]
rchar: 304758761607
wchar: 111024055190
syscr: 36905850
syscw: 4739785
read_bytes: 34591064576
write_bytes: 111035494400
cancelled_write_bytes: 4096

[2020-01-18T21:58:51-08:00]
rchar: 305758446095
wchar: 111606252086
syscr: 37026915
syscw: 4756075
read_bytes: 34620690944
write_bytes: 111617753088
cancelled_write_bytes: 4096

[2020-01-18T21:58:54-08:00]
rchar: 306522689190
wchar: 111974738421
syscr: 37119547
syscw: 4767463
read_bytes: 34641064448
write_bytes: 111986270208
cancelled_write_bytes: 4096

[2020-01-18T21:58:57-08:00]
rchar: 307792435116
wchar: 112494673904
syscr: 37273476
syscw: 4788924
read_bytes: 34679566848
write_bytes: 112506265600
cancelled_write_bytes: 4096

[2020-01-18T21:59:00-08:00]
rchar: 308535995295
wchar: 112798392555
syscr: 37363600
syscw: 4801877
read_bytes: 34703938048
write_bytes: 112810008576
cancelled_write_bytes: 4096

[2020-01-18T21:59:03-08:00]
rchar: 309103467673
wchar: 113176669832
syscr: 37432330
syscw: 4811456
read_bytes: 34720313856
write_bytes: 113188319232
cancelled_write_bytes: 4096

[2020-01-18T21:59:06-08:00]
rchar: 310317919359
wchar: 113630673830
syscr: 37579500
syscw: 4828388
read_bytes: 34749944320
write_bytes: 113642377216
cancelled_write_bytes: 4096

[2020-01-18T21:59:09-08:00]
rchar: 311476076767
wchar: 114064251138
syscr: 37719892
syscw: 4844678
read_bytes: 34785657344
write_bytes: 114075996160
cancelled_write_bytes: 4096

[2020-01-18T21:59:12-08:00]
rchar: 312609453587
wchar: 114290036532
syscr: 37857322
syscw: 4864439
read_bytes: 34863428096
write_bytes: 114301792256
cancelled_write_bytes: 4096

[2020-01-18T21:59:15-08:00]
rchar: 313029437597
wchar: 114526838216
syscr: 37908163
syscw: 4871924
read_bytes: 34886033920
write_bytes: 114538610688
cancelled_write_bytes: 4096

[2020-01-18T21:59:18-08:00]
rchar: 314634007840
wchar: 114791268320
syscr: 38102684
syscw: 4895397
read_bytes: 34977640960
write_bytes: 114803064832
cancelled_write_bytes: 4096

[2020-01-18T21:59:21-08:00]
rchar: 316194114571
wchar: 115040451083
syscr: 38291851
syscw: 4918634
read_bytes: 35062809088
write_bytes: 115052257280
cancelled_write_bytes: 4096

[2020-01-18T21:59:24-08:00]
rchar: 316976875665
wchar: 115320700574
syscr: 38386680
syscw: 4931351
read_bytes: 35100480000
write_bytes: 115332526080
cancelled_write_bytes: 4096

[2020-01-18T21:59:27-08:00]
rchar: 318204737851
wchar: 115738412800
syscr: 38535530
syscw: 4943500
read_bytes: 35128705536
write_bytes: 115750301696
cancelled_write_bytes: 4096

[2020-01-18T21:59:30-08:00]
rchar: 319702156830
wchar: 116310424480
syscr: 38717096
syscw: 4958001
read_bytes: 35152216576
write_bytes: 116322828288
cancelled_write_bytes: 4096

[2020-01-18T21:59:33-08:00]
rchar: 320665775746
wchar: 116708184700
syscr: 38833941
syscw: 4966680
read_bytes: 35166605824
write_bytes: 116720140288
cancelled_write_bytes: 4096

[2020-01-18T21:59:36-08:00]
rchar: 321894045244
wchar: 117275451698
syscr: 38982259
syscw: 4987784
read_bytes: 35202658816
write_bytes: 117287456768
cancelled_write_bytes: 4096

[2020-01-18T21:59:39-08:00]
rchar: 322094331118
wchar: 117394989156
syscr: 39006552
syscw: 4991693
read_bytes: 35208851968
write_bytes: 117407010816
cancelled_write_bytes: 4096

[2020-01-18T21:59:42-08:00]
rchar: 322923955315
wchar: 117925941577
syscr: 39107036
syscw: 5006163
read_bytes: 35231724032
write_bytes: 117938012160
cancelled_write_bytes: 4096

[2020-01-18T21:59:45-08:00]
rchar: 323889765251
wchar: 118370713451
syscr: 39224067
syscw: 5020629
read_bytes: 35255587328
write_bytes: 118382833664
cancelled_write_bytes: 4096

[2020-01-18T21:59:48-08:00]
rchar: 325122103448
wchar: 118880488955
syscr: 39373467
syscw: 5041202
read_bytes: 35290644992
write_bytes: 118892654592
cancelled_write_bytes: 4096

[2020-01-18T21:59:51-08:00]
rchar: 325877821539
wchar: 119214800855
syscr: 39465065
syscw: 5053622
read_bytes: 35310989824
write_bytes: 119227002880
cancelled_write_bytes: 4096

[2020-01-18T21:59:54-08:00]
rchar: 326604100948
wchar: 119682483440
syscr: 39553053
syscw: 5064359
read_bytes: 35327586816
write_bytes: 119694725120
cancelled_write_bytes: 4096

[2020-01-18T21:59:57-08:00]
rchar: 327731636528
wchar: 120082979992
syscr: 39689728
syscw: 5080576
read_bytes: 35354444288
write_bytes: 120095272960
cancelled_write_bytes: 4096

[2020-01-18T22:00:00-08:00]
rchar: 328982500113
wchar: 120351811954
syscr: 39841355
syscw: 5102382
read_bytes: 35425751552
write_bytes: 120364138496
cancelled_write_bytes: 4096

[2020-01-18T22:00:03-08:00]
rchar: 329941538912
wchar: 120659157890
syscr: 39957646
syscw: 5119831
read_bytes: 35483599360
write_bytes: 120671494144
cancelled_write_bytes: 4096

[2020-01-18T22:00:06-08:00]
rchar: 331184105584
wchar: 120886920778
syscr: 40108189
syscw: 5138982
read_bytes: 35543921152
write_bytes: 120899280896
cancelled_write_bytes: 4096

[2020-01-18T22:00:09-08:00]
rchar: 332805260723
wchar: 121156725354
syscr: 40304761
syscw: 5162887
read_bytes: 35630412288
write_bytes: 121169108992
cancelled_write_bytes: 4096

[2020-01-18T22:00:12-08:00]
rchar: 333882072169
wchar: 121359909243
syscr: 40435301
syscw: 5179204
read_bytes: 35685642752
write_bytes: 121372311552
cancelled_write_bytes: 4096

[2020-01-18T22:00:15-08:00]
rchar: 334606393540
wchar: 121799410373
syscr: 40523059
syscw: 5186551
read_bytes: 35734176256
write_bytes: 121811861504
cancelled_write_bytes: 4096

[2020-01-18T22:00:18-08:00]
rchar: 335982656303
wchar: 122484878809
syscr: 40689945
syscw: 5196439
read_bytes: 35851170304
write_bytes: 122498093056
cancelled_write_bytes: 4096

[2020-01-18T22:00:21-08:00]
rchar: 336791749709
wchar: 122895332268
syscr: 40788054
syscw: 5202352
read_bytes: 35911168512
write_bytes: 122907824128
cancelled_write_bytes: 4096

[2020-01-18T22:00:24-08:00]
rchar: 337879608476
wchar: 123421063675
syscr: 40919971
syscw: 5210597
read_bytes: 36001100288
write_bytes: 123433975808
cancelled_write_bytes: 4096

[2020-01-18T22:00:27-08:00]
rchar: 338880597063
wchar: 123925617220
syscr: 41041366
syscw: 5217666
read_bytes: 36086047232
write_bytes: 123938263040
cancelled_write_bytes: 4096

[2020-01-18T22:00:30-08:00]
rchar: 339671108169
wchar: 124300794128
syscr: 41137222
syscw: 5223913
read_bytes: 36148072960
write_bytes: 124313444352
cancelled_write_bytes: 4096

[2020-01-18T22:00:33-08:00]
rchar: 340910338185
wchar: 124910973320
syscr: 41287491
syscw: 5233040
read_bytes: 36254224896
write_bytes: 124924645376
cancelled_write_bytes: 4096

[2020-01-18T22:00:36-08:00]
rchar: 341619093591
wchar: 125258267363
syscr: 41372839
syscw: 5240393
read_bytes: 36331155968
write_bytes: 125271040000
cancelled_write_bytes: 4096

[2020-01-18T22:00:39-08:00]
rchar: 342245903871
wchar: 125691840959
syscr: 41448857
syscw: 5245837
read_bytes: 36449604096
write_bytes: 125704728576
cancelled_write_bytes: 4096

[2020-01-18T22:00:42-08:00]
rchar: 342358312322
wchar: 125953757796
syscr: 41462410
syscw: 5246670
read_bytes: 36472570368
write_bytes: 125966557184
cancelled_write_bytes: 4096

[2020-01-18T22:00:45-08:00]
rchar: 342358312322
wchar: 125953770077
syscr: 41462410
syscw: 5246675
read_bytes: 36472570368
write_bytes: 125966581760
cancelled_write_bytes: 4096

[2020-01-18T22:00:48-08:00]
rchar: 342358312322
wchar: 125953770077
syscr: 41462410
syscw: 5246675
read_bytes: 36472570368
write_bytes: 125966581760
cancelled_write_bytes: 4096

[2020-01-18T22:00:51-08:00]
rchar: 342358312322
wchar: 125953770077
syscr: 41462410
syscw: 5246675
read_bytes: 36472570368
write_bytes: 125966581760
cancelled_write_bytes: 4096

[2020-01-18T22:00:54-08:00]
rchar: 342358312322
wchar: 125953770077
syscr: 41462410
syscw: 5246675
read_bytes: 36472570368
write_bytes: 125966581760
cancelled_write_bytes: 4096

[2020-01-18T22:00:57-08:00]
rchar: 342358312322
wchar: 125953770077
syscr: 41462410
syscw: 5246675
read_bytes: 36472570368
write_bytes: 125966581760
cancelled_write_bytes: 4096

[2020-01-18T22:01:00-08:00]
rchar: 342358312322
wchar: 125953770077
syscr: 41462410
syscw: 5246675
read_bytes: 36472570368
write_bytes: 125966589952
cancelled_write_bytes: 4096

[2020-01-18T22:01:03-08:00]
rchar: 342358312322
wchar: 125953770077
syscr: 41462410
syscw: 5246675
read_bytes: 36472570368
write_bytes: 125966589952
cancelled_write_bytes: 4096

[2020-01-18T22:01:06-08:00]
rchar: 342358319975
wchar: 125953770437
syscr: 41462420
syscw: 5246678
read_bytes: 36472570368
write_bytes: 125966598144
cancelled_write_bytes: 4096

