[2020-01-18T20:08:27-08:00]
rchar: 16583888
wchar: 209
syscr: 2824
syscw: 10
read_bytes: 704512
write_bytes: 53248
cancelled_write_bytes: 0

[2020-01-18T20:08:30-08:00]
rchar: 16583888
wchar: 209
syscr: 2824
syscw: 10
read_bytes: 704512
write_bytes: 53248
cancelled_write_bytes: 0

[2020-01-18T20:08:33-08:00]
rchar: 16583888
wchar: 209
syscr: 2824
syscw: 10
read_bytes: 704512
write_bytes: 53248
cancelled_write_bytes: 0

[2020-01-18T20:08:36-08:00]
rchar: 16583888
wchar: 209
syscr: 2824
syscw: 10
read_bytes: 704512
write_bytes: 53248
cancelled_write_bytes: 0

[2020-01-18T20:08:39-08:00]
rchar: 16583888
wchar: 209
syscr: 2824
syscw: 10
read_bytes: 704512
write_bytes: 53248
cancelled_write_bytes: 0

[2020-01-18T20:08:42-08:00]
rchar: 16583888
wchar: 209
syscr: 2824
syscw: 10
read_bytes: 704512
write_bytes: 61440
cancelled_write_bytes: 0

[2020-01-18T20:08:45-08:00]
rchar: 16583888
wchar: 209
syscr: 2824
syscw: 10
read_bytes: 704512
write_bytes: 61440
cancelled_write_bytes: 0

[2020-01-18T20:08:48-08:00]
rchar: 16583888
wchar: 209
syscr: 2824
syscw: 10
read_bytes: 704512
write_bytes: 69632
cancelled_write_bytes: 0

[2020-01-18T20:08:51-08:00]
rchar: 16583888
wchar: 209
syscr: 2824
syscw: 10
read_bytes: 704512
write_bytes: 69632
cancelled_write_bytes: 0

[2020-01-18T20:08:54-08:00]
rchar: 237463620
wchar: 138170514
syscr: 11048
syscw: 1386
read_bytes: 231045632
write_bytes: 138268672
cancelled_write_bytes: 0

[2020-01-18T20:08:57-08:00]
rchar: 531632779
wchar: 288494379
syscr: 39895
syscw: 20702
read_bytes: 620046848
write_bytes: 288612352
cancelled_write_bytes: 0

[2020-01-18T20:09:00-08:00]
rchar: 784569971
wchar: 382237794
syscr: 70571
syscw: 42621
read_bytes: 976181760
write_bytes: 382357504
cancelled_write_bytes: 0

[2020-01-18T20:09:03-08:00]
rchar: 1003248675
wchar: 467130876
syscr: 97093
syscw: 62252
read_bytes: 1281788416
write_bytes: 467251200
cancelled_write_bytes: 0

[2020-01-18T20:09:06-08:00]
rchar: 1320512292
wchar: 871914273
syscr: 135484
syscw: 68576
read_bytes: 1407130112
write_bytes: 872075264
cancelled_write_bytes: 0

[2020-01-18T20:09:09-08:00]
rchar: 1864884141
wchar: 1197476510
syscr: 201499
syscw: 80201
read_bytes: 1840192000
write_bytes: 1197678592
cancelled_write_bytes: 0

[2020-01-18T20:09:12-08:00]
rchar: 2400629540
wchar: 1531464254
syscr: 266469
syscw: 90964
read_bytes: 2271099392
write_bytes: 1531691008
cancelled_write_bytes: 0

[2020-01-18T20:09:15-08:00]
rchar: 2991063897
wchar: 1937451262
syscr: 337560
syscw: 100777
read_bytes: 2561128960
write_bytes: 1937735680
cancelled_write_bytes: 0

[2020-01-18T20:09:18-08:00]
rchar: 3461495625
wchar: 2027203071
syscr: 394603
syscw: 121910
read_bytes: 2854353408
write_bytes: 2027524096
cancelled_write_bytes: 0

[2020-01-18T20:09:21-08:00]
rchar: 3800543491
wchar: 2246120640
syscr: 435633
syscw: 132932
read_bytes: 3001059840
write_bytes: 2246459392
cancelled_write_bytes: 0

[2020-01-18T20:09:24-08:00]
rchar: 4592230512
wchar: 2341804816
syscr: 531629
syscw: 155626
read_bytes: 3305581056
write_bytes: 2342141952
cancelled_write_bytes: 0

[2020-01-18T20:09:27-08:00]
rchar: 5365193649
wchar: 2437905043
syscr: 625350
syscw: 178556
read_bytes: 3605146112
write_bytes: 2438242304
cancelled_write_bytes: 0

[2020-01-18T20:09:30-08:00]
rchar: 5606110812
wchar: 2641397999
syscr: 654564
syscw: 185746
read_bytes: 3698641408
write_bytes: 2641747968
cancelled_write_bytes: 0

[2020-01-18T20:09:34-08:00]
rchar: 6317879275
wchar: 2705736819
syscr: 740780
syscw: 200825
read_bytes: 3894794752
write_bytes: 2706108416
cancelled_write_bytes: 0

[2020-01-18T20:09:37-08:00]
rchar: 7344684330
wchar: 2800389477
syscr: 865279
syscw: 223380
read_bytes: 4179794432
write_bytes: 2800758784
cancelled_write_bytes: 0

[2020-01-18T20:09:40-08:00]
rchar: 8258391191
wchar: 2885994211
syscr: 976066
syscw: 243863
read_bytes: 4434901504
write_bytes: 2886377472
cancelled_write_bytes: 0

[2020-01-18T20:09:43-08:00]
rchar: 8944041135
wchar: 3109735458
syscr: 1059115
syscw: 256161
read_bytes: 4585036288
write_bytes: 3110141952
cancelled_write_bytes: 4096

[2020-01-18T20:09:46-08:00]
rchar: 10193696398
wchar: 3202413779
syscr: 1210633
syscw: 278126
read_bytes: 4851862016
write_bytes: 3202818048
cancelled_write_bytes: 4096

[2020-01-18T20:09:49-08:00]
rchar: 11466903198
wchar: 3297365030
syscr: 1365004
syscw: 301017
read_bytes: 5125822976
write_bytes: 3297771520
cancelled_write_bytes: 4096

[2020-01-18T20:09:52-08:00]
rchar: 12048594911
wchar: 3636285804
syscr: 1435452
syscw: 308680
read_bytes: 5213452800
write_bytes: 3636711424
cancelled_write_bytes: 4096

[2020-01-18T20:09:55-08:00]
rchar: 13103922802
wchar: 4262604391
syscr: 1563414
syscw: 314856
read_bytes: 5279996416
write_bytes: 4263079936
cancelled_write_bytes: 4096

[2020-01-18T20:09:58-08:00]
rchar: 13958589870
wchar: 4784550941
syscr: 1666558
syscw: 324320
read_bytes: 5387184640
write_bytes: 4785094656
cancelled_write_bytes: 4096

[2020-01-18T20:10:01-08:00]
rchar: 14458895094
wchar: 5126608853
syscr: 1727236
syscw: 333113
read_bytes: 5490428416
write_bytes: 5127249920
cancelled_write_bytes: 4096

[2020-01-18T20:10:04-08:00]
rchar: 14808730639
wchar: 5254852485
syscr: 1769664
syscw: 345349
read_bytes: 5636188672
write_bytes: 5255557120
cancelled_write_bytes: 4096

[2020-01-18T20:10:07-08:00]
rchar: 15253419193
wchar: 5340633176
syscr: 1823589
syscw: 365142
read_bytes: 5873703424
write_bytes: 5341339648
cancelled_write_bytes: 4096

[2020-01-18T20:10:10-08:00]
rchar: 15708596112
wchar: 5572389592
syscr: 1878698
syscw: 379120
read_bytes: 6033451520
write_bytes: 5573107712
cancelled_write_bytes: 4096

[2020-01-18T20:10:13-08:00]
rchar: 16498940458
wchar: 5670307557
syscr: 1974530
syscw: 402411
read_bytes: 6297303552
write_bytes: 5671043072
cancelled_write_bytes: 4096

[2020-01-18T20:10:16-08:00]
rchar: 17259856866
wchar: 5765770279
syscr: 2066794
syscw: 424701
read_bytes: 6554413568
write_bytes: 5766512640
cancelled_write_bytes: 4096

[2020-01-18T20:10:19-08:00]
rchar: 17751682489
wchar: 5985767919
syscr: 2126344
syscw: 436044
read_bytes: 6678718976
write_bytes: 5986521088
cancelled_write_bytes: 4096

[2020-01-18T20:10:22-08:00]
rchar: 18782371728
wchar: 6081328825
syscr: 2251315
syscw: 458531
read_bytes: 6928488960
write_bytes: 6082084864
cancelled_write_bytes: 4096

[2020-01-18T20:10:25-08:00]
rchar: 19787917593
wchar: 6175817012
syscr: 2373236
syscw: 480410
read_bytes: 7172700672
write_bytes: 6176579584
cancelled_write_bytes: 4096

[2020-01-18T20:10:28-08:00]
rchar: 20320738270
wchar: 6393255515
syscr: 2437759
syscw: 491233
read_bytes: 7287380480
write_bytes: 6394036224
cancelled_write_bytes: 4096

[2020-01-18T20:10:31-08:00]
rchar: 21596811863
wchar: 6487676361
syscr: 2592477
syscw: 513717
read_bytes: 7526414848
write_bytes: 6488457216
cancelled_write_bytes: 4096

[2020-01-18T20:10:34-08:00]
rchar: 22851064908
wchar: 6581812887
syscr: 2744552
syscw: 536180
read_bytes: 7761545728
write_bytes: 6582595584
cancelled_write_bytes: 4096

[2020-01-18T20:10:37-08:00]
rchar: 23459513236
wchar: 6799738188
syscr: 2818244
syscw: 547053
read_bytes: 7875607040
write_bytes: 6800539648
cancelled_write_bytes: 4096

[2020-01-18T20:10:40-08:00]
rchar: 24495207459
wchar: 7382473487
syscr: 2943825
syscw: 553979
read_bytes: 7940061696
write_bytes: 7383318528
cancelled_write_bytes: 4096

[2020-01-18T20:10:43-08:00]
rchar: 25013711175
wchar: 7692057545
syscr: 3006697
syscw: 557183
read_bytes: 7969356288
write_bytes: 7692947456
cancelled_write_bytes: 4096

[2020-01-18T20:10:46-08:00]
rchar: 25866051199
wchar: 8178400769
syscr: 3109528
syscw: 567102
read_bytes: 8071010816
write_bytes: 8179355648
cancelled_write_bytes: 4096

[2020-01-18T20:10:49-08:00]
rchar: 26575803802
wchar: 8581339621
syscr: 3195561
syscw: 579746
read_bytes: 8199629312
write_bytes: 8582361088
cancelled_write_bytes: 4096

[2020-01-18T20:10:52-08:00]
rchar: 27246693020
wchar: 8948519254
syscr: 3276904
syscw: 593651
read_bytes: 8423860736
write_bytes: 8949579776
cancelled_write_bytes: 4096

[2020-01-18T20:10:55-08:00]
rchar: 27798232054
wchar: 9230384329
syscr: 3343753
syscw: 606407
read_bytes: 8572791296
write_bytes: 9231499264
cancelled_write_bytes: 4096

[2020-01-18T20:10:58-08:00]
rchar: 27918519440
wchar: 9419101312
syscr: 3358256
syscw: 610360
read_bytes: 8612727296
write_bytes: 9420230656
cancelled_write_bytes: 4096

[2020-01-18T20:11:01-08:00]
rchar: 28795566828
wchar: 9520330167
syscr: 3464601
syscw: 634410
read_bytes: 8856603136
write_bytes: 9521463296
cancelled_write_bytes: 4096

[2020-01-18T20:11:04-08:00]
rchar: 29640196164
wchar: 9621222487
syscr: 3567016
syscw: 658078
read_bytes: 9092934144
write_bytes: 9622355968
cancelled_write_bytes: 4096

[2020-01-18T20:11:07-08:00]
rchar: 30046497499
wchar: 9841892856
syscr: 3616201
syscw: 669376
read_bytes: 9206077952
write_bytes: 9843048448
cancelled_write_bytes: 4096

[2020-01-18T20:11:10-08:00]
rchar: 31149030038
wchar: 9937431355
syscr: 3749881
syscw: 692421
read_bytes: 9433176576
write_bytes: 9938587648
cancelled_write_bytes: 4096

[2020-01-18T20:11:13-08:00]
rchar: 32243528296
wchar: 10034979199
syscr: 3882591
syscw: 715514
read_bytes: 9658624512
write_bytes: 10036150272
cancelled_write_bytes: 4096

[2020-01-18T20:11:16-08:00]
rchar: 32889886742
wchar: 10248494210
syscr: 3960963
syscw: 729127
read_bytes: 9792092672
write_bytes: 10249670656
cancelled_write_bytes: 4096

[2020-01-18T20:11:19-08:00]
rchar: 34090897344
wchar: 10351248811
syscr: 4106499
syscw: 749506
read_bytes: 9986009600
write_bytes: 10352435200
cancelled_write_bytes: 4096

[2020-01-18T20:11:22-08:00]
rchar: 35426977179
wchar: 10447467367
syscr: 4268498
syscw: 772599
read_bytes: 10202360320
write_bytes: 10448654336
cancelled_write_bytes: 4096

[2020-01-18T20:11:25-08:00]
rchar: 36360908161
wchar: 10515209477
syscr: 4381735
syscw: 788892
read_bytes: 10354440704
write_bytes: 10516402176
cancelled_write_bytes: 4096

[2020-01-18T20:11:28-08:00]
rchar: 37309059032
wchar: 11158558272
syscr: 4496620
syscw: 796490
read_bytes: 10418121216
write_bytes: 11159793664
cancelled_write_bytes: 4096

[2020-01-18T20:11:31-08:00]
rchar: 37747779480
wchar: 11420321721
syscr: 4549818
syscw: 799105
read_bytes: 10439973376
write_bytes: 11421573120
cancelled_write_bytes: 4096

[2020-01-18T20:11:34-08:00]
rchar: 38792363810
wchar: 11999018246
syscr: 4675966
syscw: 808341
read_bytes: 10522028544
write_bytes: 12000325632
cancelled_write_bytes: 4096

[2020-01-18T20:11:37-08:00]
rchar: 39541010173
wchar: 12480966097
syscr: 4766727
syscw: 818868
read_bytes: 10617141760
write_bytes: 12482363392
cancelled_write_bytes: 4096

[2020-01-18T20:11:40-08:00]
rchar: 40249603194
wchar: 12918461951
syscr: 4852617
syscw: 830691
read_bytes: 10723318272
write_bytes: 12919947264
cancelled_write_bytes: 4096

[2020-01-18T20:11:43-08:00]
rchar: 40902325745
wchar: 13296182987
syscr: 4931760
syscw: 843893
read_bytes: 10888944128
write_bytes: 13297750016
cancelled_write_bytes: 4096

[2020-01-18T20:11:46-08:00]
rchar: 41252053761
wchar: 13643915388
syscr: 4974146
syscw: 852529
read_bytes: 11013614080
write_bytes: 13645512704
cancelled_write_bytes: 4096

[2020-01-18T20:11:49-08:00]
rchar: 42071677131
wchar: 13737207300
syscr: 5073445
syscw: 874515
read_bytes: 11216288256
write_bytes: 13738819584
cancelled_write_bytes: 4096

[2020-01-18T20:11:52-08:00]
rchar: 42930996882
wchar: 13837621102
syscr: 5177645
syscw: 897905
read_bytes: 11429472768
write_bytes: 13839233024
cancelled_write_bytes: 4096

[2020-01-18T20:11:55-08:00]
rchar: 43401027381
wchar: 13892822948
syscr: 5234640
syscw: 910493
read_bytes: 11548191232
write_bytes: 13894434816
cancelled_write_bytes: 4096

[2020-01-18T20:11:58-08:00]
rchar: 43835185784
wchar: 14105333793
syscr: 5287200
syscw: 919843
read_bytes: 11630553600
write_bytes: 14106963968
cancelled_write_bytes: 4096

[2020-01-18T20:12:01-08:00]
rchar: 44952596859
wchar: 14204119529
syscr: 5422688
syscw: 942674
read_bytes: 11836807680
write_bytes: 14205751296
cancelled_write_bytes: 4096

[2020-01-18T20:12:04-08:00]
rchar: 46047730111
wchar: 14302406213
syscr: 5555474
syscw: 965451
read_bytes: 12040706560
write_bytes: 14304038912
cancelled_write_bytes: 4096

[2020-01-18T20:12:07-08:00]
rchar: 46639183766
wchar: 14521497229
syscr: 5627106
syscw: 976475
read_bytes: 12138195456
write_bytes: 14523146240
cancelled_write_bytes: 4096

[2020-01-18T20:12:10-08:00]
rchar: 47994457447
wchar: 14617237011
syscr: 5791433
syscw: 999062
read_bytes: 12334053888
write_bytes: 14618886144
cancelled_write_bytes: 4096

[2020-01-18T20:12:13-08:00]
rchar: 49321060719
wchar: 14712317067
syscr: 5952280
syscw: 1021801
read_bytes: 12528998912
write_bytes: 14713974784
cancelled_write_bytes: 4096

[2020-01-18T20:12:16-08:00]
rchar: 49986664287
wchar: 14960215113
syscr: 6032902
syscw: 1032400
read_bytes: 12620618240
write_bytes: 14961901568
cancelled_write_bytes: 4096

[2020-01-18T20:12:19-08:00]
rchar: 51154464503
wchar: 15598699240
syscr: 6174504
syscw: 1040378
read_bytes: 12680264192
write_bytes: 15600431104
cancelled_write_bytes: 4096

[2020-01-18T20:12:22-08:00]
rchar: 51846904524
wchar: 16011394540
syscr: 6258467
syscw: 1044592
read_bytes: 12711434752
write_bytes: 16013152256
cancelled_write_bytes: 4096

[2020-01-18T20:12:25-08:00]
rchar: 52522027728
wchar: 16325242230
syscr: 6339808
syscw: 1057048
read_bytes: 12863633920
write_bytes: 16327036928
cancelled_write_bytes: 4096

[2020-01-18T20:12:28-08:00]
rchar: 53314595176
wchar: 16836964963
syscr: 6435894
syscw: 1068207
read_bytes: 12951472640
write_bytes: 16838836224
cancelled_write_bytes: 4096

[2020-01-18T20:12:31-08:00]
rchar: 54060085111
wchar: 17303293456
syscr: 6526250
syscw: 1079931
read_bytes: 13045897728
write_bytes: 17305255936
cancelled_write_bytes: 4096

[2020-01-18T20:12:34-08:00]
rchar: 54815549999
wchar: 17794734150
syscr: 6617843
syscw: 1091813
read_bytes: 13139851776
write_bytes: 17796759552
cancelled_write_bytes: 4096

[2020-01-18T20:12:37-08:00]
rchar: 55164763037
wchar: 18111440057
syscr: 6660081
syscw: 1099232
read_bytes: 13198727680
write_bytes: 18113519616
cancelled_write_bytes: 4096

[2020-01-18T20:12:40-08:00]
rchar: 56055321191
wchar: 18213501339
syscr: 6768066
syscw: 1122902
read_bytes: 13399640576
write_bytes: 18215579648
cancelled_write_bytes: 4096

[2020-01-18T20:12:43-08:00]
rchar: 56943684023
wchar: 18319220673
syscr: 6875784
syscw: 1147197
read_bytes: 13601360384
write_bytes: 18321301504
cancelled_write_bytes: 4096

[2020-01-18T20:12:46-08:00]
rchar: 57142576989
wchar: 18342504883
syscr: 6899904
syscw: 1152548
read_bytes: 13647153664
write_bytes: 18344595456
cancelled_write_bytes: 4096

[2020-01-18T20:12:49-08:00]
rchar: 57955701096
wchar: 18586553051
syscr: 6998413
syscw: 1169431
read_bytes: 13783529984
write_bytes: 18588663808
cancelled_write_bytes: 4096

[2020-01-18T20:12:52-08:00]
rchar: 59088547470
wchar: 18687626676
syscr: 7135774
syscw: 1193107
read_bytes: 13972515328
write_bytes: 18689740800
cancelled_write_bytes: 4096

[2020-01-18T20:12:55-08:00]
rchar: 59983991335
wchar: 18768072773
syscr: 7244349
syscw: 1212188
read_bytes: 14125066752
write_bytes: 18770190336
cancelled_write_bytes: 4096

[2020-01-18T20:12:58-08:00]
rchar: 60930774125
wchar: 19007330400
syscr: 7359061
syscw: 1228097
read_bytes: 14252636672
write_bytes: 19009462272
cancelled_write_bytes: 4096

[2020-01-18T20:13:01-08:00]
rchar: 62303619571
wchar: 19105400659
syscr: 7525517
syscw: 1251173
read_bytes: 14434368000
write_bytes: 19107536896
cancelled_write_bytes: 4096

[2020-01-18T20:13:04-08:00]
rchar: 63498639543
wchar: 19191851871
syscr: 7670412
syscw: 1271153
read_bytes: 14593001984
write_bytes: 19193991168
cancelled_write_bytes: 4096

[2020-01-18T20:13:07-08:00]
rchar: 64271383900
wchar: 19713533382
syscr: 7764027
syscw: 1278119
read_bytes: 14641940992
write_bytes: 19715706880
cancelled_write_bytes: 4096

[2020-01-18T20:13:10-08:00]
rchar: 65153139429
wchar: 20203316292
syscr: 7870948
syscw: 1283997
read_bytes: 14683232768
write_bytes: 20205527040
cancelled_write_bytes: 4096

[2020-01-18T20:13:13-08:00]
rchar: 65888623397
wchar: 20633251129
syscr: 7959598
syscw: 1289080
read_bytes: 14718990848
write_bytes: 20635508736
cancelled_write_bytes: 4096

[2020-01-18T20:13:16-08:00]
rchar: 66723449564
wchar: 21103906473
syscr: 8060797
syscw: 1303112
read_bytes: 14824126976
write_bytes: 21106233344
cancelled_write_bytes: 4096

[2020-01-18T20:13:19-08:00]
rchar: 67513946375
wchar: 21591461960
syscr: 8156616
syscw: 1315480
read_bytes: 14914398720
write_bytes: 21593866240
cancelled_write_bytes: 4096

[2020-01-18T20:13:22-08:00]
rchar: 68250044120
wchar: 22088009978
syscr: 8245852
syscw: 1325620
read_bytes: 14988593664
write_bytes: 22090465280
cancelled_write_bytes: 4096

[2020-01-18T20:13:25-08:00]
rchar: 68635007986
wchar: 22258389007
syscr: 8292505
syscw: 1335372
read_bytes: 15114938880
write_bytes: 22260862976
cancelled_write_bytes: 4096

[2020-01-18T20:13:28-08:00]
rchar: 69253738773
wchar: 22611991771
syscr: 8367449
syscw: 1348535
read_bytes: 15296510464
write_bytes: 22614495232
cancelled_write_bytes: 4096

[2020-01-18T20:13:31-08:00]
rchar: 70182710759
wchar: 23013881755
syscr: 8480050
syscw: 1363420
read_bytes: 15440886272
write_bytes: 23016423424
cancelled_write_bytes: 4096

[2020-01-18T20:13:34-08:00]
rchar: 71059870046
wchar: 23171190117
syscr: 8586370
syscw: 1385183
read_bytes: 15602752000
write_bytes: 23173767168
cancelled_write_bytes: 4096

[2020-01-18T20:13:37-08:00]
rchar: 71493672328
wchar: 23324298301
syscr: 8638973
syscw: 1396799
read_bytes: 15690848768
write_bytes: 23326875648
cancelled_write_bytes: 4096

[2020-01-18T20:13:40-08:00]
rchar: 72111115175
wchar: 23447770860
syscr: 8713753
syscw: 1409562
read_bytes: 15781857792
write_bytes: 23450365952
cancelled_write_bytes: 4096

[2020-01-18T20:13:43-08:00]
rchar: 73259859760
wchar: 23546911705
syscr: 8853038
syscw: 1433225
read_bytes: 15953410560
write_bytes: 23549505536
cancelled_write_bytes: 4096

[2020-01-18T20:13:46-08:00]
rchar: 74339768264
wchar: 23641414045
syscr: 8983979
syscw: 1455746
read_bytes: 16116541952
write_bytes: 23644028928
cancelled_write_bytes: 4096

[2020-01-18T20:13:49-08:00]
rchar: 75116255226
wchar: 23870039764
syscr: 9078043
syscw: 1469285
read_bytes: 16211442176
write_bytes: 23872667648
cancelled_write_bytes: 4096

[2020-01-18T20:13:52-08:00]
rchar: 76473141529
wchar: 23964813649
syscr: 9242562
syscw: 1491660
read_bytes: 16371407360
write_bytes: 23967457280
cancelled_write_bytes: 4096

[2020-01-18T20:13:55-08:00]
rchar: 77917168353
wchar: 24068520623
syscr: 9417647
syscw: 1516658
read_bytes: 16546167296
write_bytes: 24071176192
cancelled_write_bytes: 4096

[2020-01-18T20:13:58-08:00]
rchar: 78618668529
wchar: 24559851911
syscr: 9502623
syscw: 1522952
read_bytes: 16586525184
write_bytes: 24562540544
cancelled_write_bytes: 4096

[2020-01-18T20:14:01-08:00]
rchar: 79398700319
wchar: 25022348159
syscr: 9597209
syscw: 1527588
read_bytes: 16616856064
write_bytes: 25025069056
cancelled_write_bytes: 4096

[2020-01-18T20:14:04-08:00]
rchar: 80382886829
wchar: 25519303925
syscr: 9716024
syscw: 1535209
read_bytes: 16667118080
write_bytes: 25522069504
cancelled_write_bytes: 4096

[2020-01-18T20:14:07-08:00]
rchar: 81238851294
wchar: 26014076660
syscr: 9819771
syscw: 1548941
read_bytes: 16758663680
write_bytes: 26016899072
cancelled_write_bytes: 4096

[2020-01-18T20:14:10-08:00]
rchar: 82045218332
wchar: 26461292024
syscr: 9917535
syscw: 1562883
read_bytes: 16899037696
write_bytes: 26464161792
cancelled_write_bytes: 4096

[2020-01-18T20:14:13-08:00]
rchar: 82508334800
wchar: 26777066820
syscr: 9973646
syscw: 1568960
read_bytes: 16939432448
write_bytes: 26779979776
cancelled_write_bytes: 4096

[2020-01-18T20:14:16-08:00]
rchar: 83267139452
wchar: 27274294849
syscr: 10065609
syscw: 1580256
read_bytes: 17013615104
write_bytes: 27278241792
cancelled_write_bytes: 4096

[2020-01-18T20:14:19-08:00]
rchar: 83682364599
wchar: 27673957472
syscr: 10115847
syscw: 1586487
read_bytes: 17053714944
write_bytes: 27676991488
cancelled_write_bytes: 4096

[2020-01-18T20:14:22-08:00]
rchar: 84392867269
wchar: 27998097550
syscr: 10201965
syscw: 1597493
read_bytes: 17128712704
write_bytes: 28001198080
cancelled_write_bytes: 4096

[2020-01-18T20:14:25-08:00]
rchar: 85330722570
wchar: 28103052302
syscr: 10315687
syscw: 1621610
read_bytes: 17301633536
write_bytes: 28106153984
cancelled_write_bytes: 4096

[2020-01-18T20:14:28-08:00]
rchar: 86018402379
wchar: 28182719638
syscr: 10399073
syscw: 1640004
read_bytes: 17429985792
write_bytes: 28185821184
cancelled_write_bytes: 4096

[2020-01-18T20:14:31-08:00]
rchar: 86864485901
wchar: 28430488603
syscr: 10501579
syscw: 1657687
read_bytes: 17549998592
write_bytes: 28433604608
cancelled_write_bytes: 4096

[2020-01-18T20:14:34-08:00]
rchar: 88043163088
wchar: 28533349730
syscr: 10644496
syscw: 1682091
read_bytes: 17712278016
write_bytes: 28536467456
cancelled_write_bytes: 4096

[2020-01-18T20:14:37-08:00]
rchar: 88922036751
wchar: 28610463478
syscr: 10751064
syscw: 1700154
read_bytes: 17833892352
write_bytes: 28613586944
cancelled_write_bytes: 4096

[2020-01-18T20:14:40-08:00]
rchar: 89988960956
wchar: 28859117240
syscr: 10880344
syscw: 1718662
read_bytes: 17952541184
write_bytes: 28862251008
cancelled_write_bytes: 4096

[2020-01-18T20:14:43-08:00]
rchar: 91412680524
wchar: 28957951736
syscr: 11052968
syscw: 1742110
read_bytes: 18109159936
write_bytes: 28961087488
cancelled_write_bytes: 4096

[2020-01-18T20:14:46-08:00]
rchar: 92519493782
wchar: 29036847705
syscr: 11187170
syscw: 1760613
read_bytes: 18230569472
write_bytes: 29039984640
cancelled_write_bytes: 4096

[2020-01-18T20:14:49-08:00]
rchar: 93151258504
wchar: 29473412533
syscr: 11263690
syscw: 1766692
read_bytes: 18266044928
write_bytes: 29477326848
cancelled_write_bytes: 4096

[2020-01-18T20:14:52-08:00]
rchar: 94027185066
wchar: 29957011200
syscr: 11369902
syscw: 1772574
read_bytes: 18299759104
write_bytes: 29960228864
cancelled_write_bytes: 4096

[2020-01-18T20:14:55-08:00]
rchar: 95175528954
wchar: 30587036000
syscr: 11508623
syscw: 1781742
read_bytes: 18353879552
write_bytes: 30590308352
cancelled_write_bytes: 4096

[2020-01-18T20:14:58-08:00]
rchar: 95994209109
wchar: 31055579799
syscr: 11607849
syscw: 1794640
read_bytes: 18437327360
write_bytes: 31058915328
cancelled_write_bytes: 4096

[2020-01-18T20:15:01-08:00]
rchar: 96485876604
wchar: 31389525936
syscr: 11667442
syscw: 1800834
read_bytes: 18475207168
write_bytes: 31392894976
cancelled_write_bytes: 4096

[2020-01-18T20:15:04-08:00]
rchar: 97317363524
wchar: 31879889782
syscr: 11768241
syscw: 1814955
read_bytes: 18582698496
write_bytes: 31883313152
cancelled_write_bytes: 4096

[2020-01-18T20:15:07-08:00]
rchar: 97840528252
wchar: 32259318737
syscr: 11831655
syscw: 1824653
read_bytes: 18661677568
write_bytes: 32262803456
cancelled_write_bytes: 4096

[2020-01-18T20:15:10-08:00]
rchar: 98590494076
wchar: 32772244759
syscr: 11922476
syscw: 1834517
read_bytes: 18720111104
write_bytes: 32775782400
cancelled_write_bytes: 4096

[2020-01-18T20:15:13-08:00]
rchar: 99153533138
wchar: 33105621946
syscr: 11990717
syscw: 1841165
read_bytes: 18760116736
write_bytes: 33109209088
cancelled_write_bytes: 4096

[2020-01-18T20:15:16-08:00]
rchar: 99966370703
wchar: 33393506198
syscr: 12089225
syscw: 1856746
read_bytes: 18860235264
write_bytes: 33397170176
cancelled_write_bytes: 4096

[2020-01-18T20:15:19-08:00]
rchar: 100892224424
wchar: 33500018348
syscr: 12201489
syscw: 1881611
read_bytes: 19017783808
write_bytes: 33503682560
cancelled_write_bytes: 4096

[2020-01-18T20:15:22-08:00]
rchar: 101416909858
wchar: 33723969910
syscr: 12265027
syscw: 1894016
read_bytes: 19094817280
write_bytes: 33727651840
cancelled_write_bytes: 4096

[2020-01-18T20:15:25-08:00]
rchar: 102639888103
wchar: 33828581281
syscr: 12413316
syscw: 1918697
read_bytes: 19249654272
write_bytes: 33832284160
cancelled_write_bytes: 4096

[2020-01-18T20:15:28-08:00]
rchar: 103818975609
wchar: 33931230082
syscr: 12556282
syscw: 1942539
read_bytes: 19400800768
write_bytes: 33934934016
cancelled_write_bytes: 4096

[2020-01-18T20:15:31-08:00]
rchar: 104060027837
wchar: 34126075908
syscr: 12585428
syscw: 1947668
read_bytes: 19430730240
write_bytes: 34129797120
cancelled_write_bytes: 4096

[2020-01-18T20:15:34-08:00]
rchar: 105391430306
wchar: 34218624281
syscr: 12746856
syscw: 1969941
read_bytes: 19564972544
write_bytes: 34222362624
cancelled_write_bytes: 4096

[2020-01-18T20:15:37-08:00]
rchar: 106833916666
wchar: 34320495581
syscr: 12921758
syscw: 1994447
read_bytes: 19711392256
write_bytes: 34324234240
cancelled_write_bytes: 4096

[2020-01-18T20:15:40-08:00]
rchar: 107657824705
wchar: 34550879388
syscr: 13021659
syscw: 2008327
read_bytes: 19795872256
write_bytes: 34554626048
cancelled_write_bytes: 4096

[2020-01-18T20:15:43-08:00]
rchar: 108842862716
wchar: 35162376487
syscr: 13165270
syscw: 2016958
read_bytes: 19842451968
write_bytes: 35166240768
cancelled_write_bytes: 4096

[2020-01-18T20:15:46-08:00]
rchar: 110023494534
wchar: 35799314052
syscr: 13308427
syscw: 2025208
read_bytes: 19887036928
write_bytes: 35803156480
cancelled_write_bytes: 4096

[2020-01-18T20:15:49-08:00]
rchar: 110602892220
wchar: 36113125642
syscr: 13378138
syscw: 2034529
read_bytes: 19940289024
write_bytes: 36117024768
cancelled_write_bytes: 4096

[2020-01-18T20:15:52-08:00]
rchar: 111351145024
wchar: 36375898489
syscr: 13468878
syscw: 2052922
read_bytes: 20147595776
write_bytes: 36379820032
cancelled_write_bytes: 4096

[2020-01-18T20:15:55-08:00]
rchar: 112202321467
wchar: 36873734521
syscr: 13572035
syscw: 2066484
read_bytes: 20242631168
write_bytes: 36877721600
cancelled_write_bytes: 4096

[2020-01-18T20:15:58-08:00]
rchar: 112587015843
wchar: 37283619070
syscr: 13618569
syscw: 2072034
read_bytes: 20272749056
write_bytes: 37287649280
cancelled_write_bytes: 4096

[2020-01-18T20:16:01-08:00]
rchar: 113139003425
wchar: 37575559797
syscr: 13685468
syscw: 2078871
read_bytes: 20326017536
write_bytes: 37579628544
cancelled_write_bytes: 4096

[2020-01-18T20:16:04-08:00]
rchar: 114096621169
wchar: 37845945008
syscr: 13801590
syscw: 2097396
read_bytes: 20529158656
write_bytes: 37850034176
cancelled_write_bytes: 4096

[2020-01-18T20:16:07-08:00]
rchar: 115086007091
wchar: 38285416913
syscr: 13921538
syscw: 2112469
read_bytes: 20645931520
write_bytes: 38289551360
cancelled_write_bytes: 4096

[2020-01-18T20:16:10-08:00]
rchar: 115996883132
wchar: 38630373425
syscr: 14031925
syscw: 2128884
read_bytes: 20738271744
write_bytes: 38634577920
cancelled_write_bytes: 4096

[2020-01-18T20:16:13-08:00]
rchar: 116356523761
wchar: 38838943409
syscr: 14075450
syscw: 2137187
read_bytes: 20783585792
write_bytes: 38843162624
cancelled_write_bytes: 4096

[2020-01-18T20:16:16-08:00]
rchar: 117497467173
wchar: 38934198869
syscr: 14213791
syscw: 2159627
read_bytes: 20911319552
write_bytes: 38938419200
cancelled_write_bytes: 4096

[2020-01-18T20:16:19-08:00]
rchar: 118706059622
wchar: 39037252588
syscr: 14360333
syscw: 2183337
read_bytes: 21049424384
write_bytes: 39041470464
cancelled_write_bytes: 4096

[2020-01-18T20:16:22-08:00]
rchar: 119344737602
wchar: 39260451877
syscr: 14437692
syscw: 2195224
read_bytes: 21116275200
write_bytes: 39264698368
cancelled_write_bytes: 4096

[2020-01-18T20:16:26-08:00]
rchar: 120828861721
wchar: 39362651058
syscr: 14617641
syscw: 2219445
read_bytes: 21248694784
write_bytes: 39366918144
cancelled_write_bytes: 4096

[2020-01-18T20:16:29-08:00]
rchar: 122323641119
wchar: 39466698287
syscr: 14798879
syscw: 2244108
read_bytes: 21384710656
write_bytes: 39470964736
cancelled_write_bytes: 4096

[2020-01-18T20:16:32-08:00]
rchar: 123098744960
wchar: 39791091011
syscr: 14892780
syscw: 2254948
read_bytes: 21441354240
write_bytes: 39795376128
cancelled_write_bytes: 4096

[2020-01-18T20:16:35-08:00]
rchar: 124367181947
wchar: 40461475442
syscr: 15046586
syscw: 2263957
read_bytes: 21485206016
write_bytes: 40465928192
cancelled_write_bytes: 4096

[2020-01-18T20:16:38-08:00]
rchar: 124965744077
wchar: 40779813207
syscr: 15119165
syscw: 2268163
read_bytes: 21505227264
write_bytes: 40784175104
cancelled_write_bytes: 4096

[2020-01-18T20:16:41-08:00]
rchar: 125981156725
wchar: 41315617550
syscr: 15241743
syscw: 2281489
read_bytes: 21574695424
write_bytes: 41320038400
cancelled_write_bytes: 4096

[2020-01-18T20:16:44-08:00]
rchar: 126855736760
wchar: 41832052507
syscr: 15347741
syscw: 2295763
read_bytes: 21646948864
write_bytes: 41836535808
cancelled_write_bytes: 4096

[2020-01-18T20:16:47-08:00]
rchar: 127741375479
wchar: 42364799488
syscr: 15455068
syscw: 2310046
read_bytes: 21720783360
write_bytes: 42369343488
cancelled_write_bytes: 4096

[2020-01-18T20:16:50-08:00]
rchar: 128043900827
wchar: 42578762793
syscr: 15491759
syscw: 2313644
read_bytes: 21739174400
write_bytes: 42583326720
cancelled_write_bytes: 4096

[2020-01-18T20:16:53-08:00]
rchar: 128654852705
wchar: 43080639277
syscr: 15565726
syscw: 2322244
read_bytes: 21783222784
write_bytes: 43085254656
cancelled_write_bytes: 4096

[2020-01-18T20:16:56-08:00]
rchar: 129646116285
wchar: 43596747971
syscr: 15685847
syscw: 2335610
read_bytes: 21853424128
write_bytes: 43601448960
cancelled_write_bytes: 4096

[2020-01-18T20:16:59-08:00]
rchar: 130177751853
wchar: 43815646713
syscr: 15750277
syscw: 2344971
read_bytes: 21901629952
write_bytes: 43820412928
cancelled_write_bytes: 4096

[2020-01-18T20:17:02-08:00]
rchar: 131126658895
wchar: 43923364070
syscr: 15865336
syscw: 2370006
read_bytes: 22036580864
write_bytes: 43928133632
cancelled_write_bytes: 4096

[2020-01-18T20:17:05-08:00]
rchar: 131643298930
wchar: 44147283739
syscr: 15927899
syscw: 2382084
read_bytes: 22100924928
write_bytes: 44152066048
cancelled_write_bytes: 4096

[2020-01-18T20:17:08-08:00]
rchar: 132902106558
wchar: 44253801814
syscr: 16080533
syscw: 2407043
read_bytes: 22234302976
write_bytes: 44258586624
cancelled_write_bytes: 4096

[2020-01-18T20:17:11-08:00]
rchar: 134110907591
wchar: 44357802377
syscr: 16227100
syscw: 2431199
read_bytes: 22363535872
write_bytes: 44362584064
cancelled_write_bytes: 4096

[2020-01-18T20:17:14-08:00]
rchar: 134794717378
wchar: 44582327284
syscr: 16309931
syscw: 2443448
read_bytes: 22426475008
write_bytes: 44587130880
cancelled_write_bytes: 4096

[2020-01-18T20:17:17-08:00]
rchar: 136266810600
wchar: 44684827558
syscr: 16488420
syscw: 2467488
read_bytes: 22552021504
write_bytes: 44689629184
cancelled_write_bytes: 4096

[2020-01-18T20:17:20-08:00]
rchar: 137695998921
wchar: 44785546770
syscr: 16661705
syscw: 2491141
read_bytes: 22672841216
write_bytes: 44790349824
cancelled_write_bytes: 4096

[2020-01-18T20:17:23-08:00]
rchar: 138426191088
wchar: 45169273970
syscr: 16750161
syscw: 2500067
read_bytes: 22716590592
write_bytes: 45174104064
cancelled_write_bytes: 4096

[2020-01-18T20:17:26-08:00]
rchar: 139046852662
wchar: 45498010995
syscr: 16825423
syscw: 2504469
read_bytes: 22736124416
write_bytes: 45502869504
cancelled_write_bytes: 4096

[2020-01-18T20:17:29-08:00]
rchar: 140353933215
wchar: 46170870506
syscr: 16983914
syscw: 2514160
read_bytes: 22779935232
write_bytes: 46176002048
cancelled_write_bytes: 4096

[2020-01-18T20:17:32-08:00]
rchar: 141291159749
wchar: 46678478812
syscr: 17097006
syscw: 2527080
read_bytes: 22842878464
write_bytes: 46683455488
cancelled_write_bytes: 4096

[2020-01-18T20:17:35-08:00]
rchar: 141853032828
wchar: 47053946835
syscr: 17165116
syscw: 2534200
read_bytes: 22876756480
write_bytes: 47058960384
cancelled_write_bytes: 4096

[2020-01-18T20:17:38-08:00]
rchar: 142718521608
wchar: 47537843559
syscr: 17270002
syscw: 2549922
read_bytes: 22950509056
write_bytes: 47542927360
cancelled_write_bytes: 4096

[2020-01-18T20:17:41-08:00]
rchar: 143315735403
wchar: 47972241621
syscr: 17342389
syscw: 2558525
read_bytes: 22992402944
write_bytes: 47977357312
cancelled_write_bytes: 4096

[2020-01-18T20:17:44-08:00]
rchar: 143562855811
wchar: 48223756209
syscr: 17372274
syscw: 2562160
read_bytes: 23008823808
write_bytes: 48228904960
cancelled_write_bytes: 4096

[2020-01-18T20:17:47-08:00]
rchar: 144584246351
wchar: 48720571168
syscr: 17496037
syscw: 2576492
read_bytes: 23079602688
write_bytes: 48725770240
cancelled_write_bytes: 4096

[2020-01-18T20:17:50-08:00]
rchar: 145528285324
wchar: 49206550445
syscr: 17610473
syscw: 2589787
read_bytes: 23142529536
write_bytes: 49211817984
cancelled_write_bytes: 4096

[2020-01-18T20:17:53-08:00]
rchar: 146147850251
wchar: 49568172784
syscr: 17685554
syscw: 2597458
read_bytes: 23177988608
write_bytes: 49573482496
cancelled_write_bytes: 4096

[2020-01-18T20:17:56-08:00]
rchar: 147007781233
wchar: 49684580329
syscr: 17789808
syscw: 2619165
read_bytes: 23290657280
write_bytes: 49689903104
cancelled_write_bytes: 4096

[2020-01-18T20:17:59-08:00]
rchar: 147612332756
wchar: 49911766260
syscr: 17863030
syscw: 2632190
read_bytes: 23353149952
write_bytes: 49917124608
cancelled_write_bytes: 4096

[2020-01-18T20:18:02-08:00]
rchar: 148864047396
wchar: 50018949087
syscr: 18014802
syscw: 2657700
read_bytes: 23475296768
write_bytes: 50024308736
cancelled_write_bytes: 4096

[2020-01-18T20:18:05-08:00]
rchar: 149940339535
wchar: 50112680786
syscr: 18145304
syscw: 2679855
read_bytes: 23583263232
write_bytes: 50118037504
cancelled_write_bytes: 4096

[2020-01-18T20:18:08-08:00]
rchar: 150838730076
wchar: 50349415160
syscr: 18254150
syscw: 2695336
read_bytes: 23657327104
write_bytes: 50354786304
cancelled_write_bytes: 4096

[2020-01-18T20:18:11-08:00]
rchar: 152388586699
wchar: 50457689252
syscr: 18442069
syscw: 2721314
read_bytes: 23778507264
write_bytes: 50463059968
cancelled_write_bytes: 4096

[2020-01-18T20:18:14-08:00]
rchar: 153571069696
wchar: 50540622931
syscr: 18585445
syscw: 2740924
read_bytes: 23871502848
write_bytes: 50545991680
cancelled_write_bytes: 4096

[2020-01-18T20:18:17-08:00]
rchar: 153861992262
wchar: 50781398613
syscr: 18620637
syscw: 2744916
read_bytes: 23888194048
write_bytes: 50786783232
cancelled_write_bytes: 4096

[2020-01-18T20:18:20-08:00]
rchar: 155170089117
wchar: 51429399956
syscr: 18779252
syscw: 2754667
read_bytes: 23930001920
write_bytes: 51434831872
cancelled_write_bytes: 4096

[2020-01-18T20:18:23-08:00]
rchar: 156517250843
wchar: 52024426833
syscr: 18942074
syscw: 2766211
read_bytes: 23980861952
write_bytes: 52029919232
cancelled_write_bytes: 4096

[2020-01-18T20:18:26-08:00]
rchar: 156981754685
wchar: 52283297740
syscr: 18998380
syscw: 2773739
read_bytes: 24016837120
write_bytes: 52288819200
cancelled_write_bytes: 4096

[2020-01-18T20:18:29-08:00]
rchar: 157863116986
wchar: 52785415811
syscr: 19105225
syscw: 2788659
read_bytes: 24084277760
write_bytes: 52791001088
cancelled_write_bytes: 4096

[2020-01-18T20:18:32-08:00]
rchar: 158761716779
wchar: 53331889182
syscr: 19214113
syscw: 2802969
read_bytes: 24147544576
write_bytes: 53337538560
cancelled_write_bytes: 4096

[2020-01-18T20:18:35-08:00]
rchar: 159245661756
wchar: 53805731021
syscr: 19272722
syscw: 2809388
read_bytes: 24174197248
write_bytes: 53811429376
cancelled_write_bytes: 4096

[2020-01-18T20:18:38-08:00]
rchar: 159830158828
wchar: 54144140130
syscr: 19343560
syscw: 2816219
read_bytes: 24203254272
write_bytes: 54149873664
cancelled_write_bytes: 4096

[2020-01-18T20:18:41-08:00]
rchar: 160877315837
wchar: 54620935676
syscr: 19470496
syscw: 2831959
read_bytes: 24274467328
write_bytes: 54626717696
cancelled_write_bytes: 4096

[2020-01-18T20:18:44-08:00]
rchar: 161860274496
wchar: 54990521855
syscr: 19589617
syscw: 2849066
read_bytes: 24388803072
write_bytes: 54996348928
cancelled_write_bytes: 4096

[2020-01-18T20:18:47-08:00]
rchar: 162563527870
wchar: 55334732108
syscr: 19674879
syscw: 2859193
read_bytes: 24455993856
write_bytes: 55340589056
cancelled_write_bytes: 4096

[2020-01-18T20:18:50-08:00]
rchar: 163087927965
wchar: 55652113741
syscr: 19738428
syscw: 2868092
read_bytes: 24510278144
write_bytes: 55658016768
cancelled_write_bytes: 4096

[2020-01-18T20:18:53-08:00]
rchar: 163829369973
wchar: 55935141145
syscr: 19828232
syscw: 2880164
read_bytes: 24603638272
write_bytes: 55941083136
cancelled_write_bytes: 4096

[2020-01-18T20:18:56-08:00]
rchar: 164771853095
wchar: 56206351544
syscr: 19942493
syscw: 2894692
read_bytes: 24710142464
write_bytes: 56212316160
cancelled_write_bytes: 4096

[2020-01-18T20:18:59-08:00]
rchar: 165927912713
wchar: 56526407849
syscr: 20082652
syscw: 2913294
read_bytes: 24850115072
write_bytes: 56532418560
cancelled_write_bytes: 4096

[2020-01-18T20:19:02-08:00]
rchar: 166775641236
wchar: 56740800022
syscr: 20185429
syscw: 2927137
read_bytes: 24967510528
write_bytes: 56746831872
cancelled_write_bytes: 4096

[2020-01-18T20:19:05-08:00]
rchar: 167848559046
wchar: 57100731887
syscr: 20315425
syscw: 2943511
read_bytes: 25061149184
write_bytes: 57106804736
cancelled_write_bytes: 4096

[2020-01-18T20:19:08-08:00]
rchar: 169328515230
wchar: 57204141852
syscr: 20494870
syscw: 2967734
read_bytes: 25167690240
write_bytes: 57210216448
cancelled_write_bytes: 4096

[2020-01-18T20:19:11-08:00]
rchar: 170506131331
wchar: 57286859705
syscr: 20637656
syscw: 2987045
read_bytes: 25253161472
write_bytes: 57292939264
cancelled_write_bytes: 4096

[2020-01-18T20:19:14-08:00]
rchar: 171018463412
wchar: 57641578533
syscr: 20699696
syscw: 2992677
read_bytes: 25274866176
write_bytes: 57647685632
cancelled_write_bytes: 4096

[2020-01-18T20:19:17-08:00]
rchar: 172181841435
wchar: 58224015049
syscr: 20840762
syscw: 3001515
read_bytes: 25308494336
write_bytes: 58230157312
cancelled_write_bytes: 4096

[2020-01-18T20:19:20-08:00]
rchar: 173426482534
wchar: 58867993190
syscr: 20991146
syscw: 3012197
read_bytes: 25350679040
write_bytes: 58874187776
cancelled_write_bytes: 4096

[2020-01-18T20:19:23-08:00]
rchar: 174122816066
wchar: 59263404670
syscr: 21075534
syscw: 3023847
read_bytes: 25399085568
write_bytes: 59269648384
cancelled_write_bytes: 4096

[2020-01-18T20:19:26-08:00]
rchar: 174818886684
wchar: 59708063470
syscr: 21159910
syscw: 3033497
read_bytes: 25438267904
write_bytes: 59714355200
cancelled_write_bytes: 4096

[2020-01-18T20:19:29-08:00]
rchar: 175706546482
wchar: 60229885990
syscr: 21267480
syscw: 3048555
read_bytes: 25499187712
write_bytes: 60236324864
cancelled_write_bytes: 4096

[2020-01-18T20:19:32-08:00]
rchar: 176028230488
wchar: 60592954118
syscr: 21306494
syscw: 3052439
read_bytes: 25513495040
write_bytes: 60599353344
cancelled_write_bytes: 4096

[2020-01-18T20:19:35-08:00]
rchar: 176665117731
wchar: 60959749515
syscr: 21383604
syscw: 3061222
read_bytes: 25548495360
write_bytes: 60966195200
cancelled_write_bytes: 4096

[2020-01-18T20:19:38-08:00]
rchar: 177726877105
wchar: 61493463805
syscr: 21512319
syscw: 3076435
read_bytes: 25609538048
write_bytes: 61499969536
cancelled_write_bytes: 4096

[2020-01-18T20:19:41-08:00]
rchar: 178612015065
wchar: 61763148812
syscr: 21619592
syscw: 3094106
read_bytes: 25736878592
write_bytes: 61769687040
cancelled_write_bytes: 4096

[2020-01-18T20:19:44-08:00]
rchar: 179395790808
wchar: 62015128536
syscr: 21714635
syscw: 3109275
read_bytes: 25851779584
write_bytes: 62022537216
cancelled_write_bytes: 4096

[2020-01-18T20:19:47-08:00]
rchar: 179916564287
wchar: 62341942534
syscr: 21777675
syscw: 3118777
read_bytes: 25911716352
write_bytes: 62348533760
cancelled_write_bytes: 4096

[2020-01-18T20:19:50-08:00]
rchar: 181011566250
wchar: 62572615061
syscr: 21910450
syscw: 3136804
read_bytes: 26053306880
write_bytes: 62579216384
cancelled_write_bytes: 4096

[2020-01-18T20:19:53-08:00]
rchar: 182053695640
wchar: 62841361624
syscr: 22036791
syscw: 3153227
read_bytes: 26179201536
write_bytes: 62847987712
cancelled_write_bytes: 4096

[2020-01-18T20:19:56-08:00]
rchar: 183273499429
wchar: 63237994700
syscr: 22184674
syscw: 3171009
read_bytes: 26279082496
write_bytes: 63244660736
cancelled_write_bytes: 4096

[2020-01-18T20:19:59-08:00]
rchar: 183912456841
wchar: 63568524447
syscr: 22262043
syscw: 3180541
read_bytes: 26337569280
write_bytes: 63575224320
cancelled_write_bytes: 4096

[2020-01-18T20:20:02-08:00]
rchar: 185110734623
wchar: 63779764329
syscr: 22407337
syscw: 3197460
read_bytes: 26465856000
write_bytes: 63786496000
cancelled_write_bytes: 4096

[2020-01-18T20:20:05-08:00]
rchar: 186546403406
wchar: 63937290904
syscr: 22581382
syscw: 3219169
read_bytes: 26582227456
write_bytes: 63944044544
cancelled_write_bytes: 4096

[2020-01-18T20:20:08-08:00]
rchar: 187522718410
wchar: 64103706519
syscr: 22699761
syscw: 3235690
read_bytes: 26646043136
write_bytes: 64110469120
cancelled_write_bytes: 4096

[2020-01-18T20:20:11-08:00]
rchar: 188763778227
wchar: 64725842005
syscr: 22850162
syscw: 3246394
read_bytes: 26684213760
write_bytes: 64732651520
cancelled_write_bytes: 4096

[2020-01-18T20:20:14-08:00]
rchar: 189976772461
wchar: 65340263210
syscr: 22997243
syscw: 3255377
read_bytes: 26715789824
write_bytes: 65347112960
cancelled_write_bytes: 4096

[2020-01-18T20:20:17-08:00]
rchar: 190697301946
wchar: 65704021042
syscr: 23084062
syscw: 3263994
read_bytes: 26747501056
write_bytes: 65710903296
cancelled_write_bytes: 4096

[2020-01-18T20:20:20-08:00]
rchar: 191625732904
wchar: 66221412438
syscr: 23196592
syscw: 3280264
read_bytes: 26809055744
write_bytes: 66228359168
cancelled_write_bytes: 4096

[2020-01-18T20:20:23-08:00]
rchar: 192528822570
wchar: 66763817498
syscr: 23306032
syscw: 3295014
read_bytes: 26862983680
write_bytes: 66770821120
cancelled_write_bytes: 4096

[2020-01-18T20:20:26-08:00]
rchar: 192821968150
wchar: 66970507682
syscr: 23341585
syscw: 3298429
read_bytes: 26875390464
write_bytes: 66977525760
cancelled_write_bytes: 4096

[2020-01-18T20:20:29-08:00]
rchar: 193567832450
wchar: 67531373287
syscr: 23431911
syscw: 3309759
read_bytes: 26914789888
write_bytes: 67538452480
cancelled_write_bytes: 4096

[2020-01-18T20:20:32-08:00]
rchar: 194546906910
wchar: 67994281502
syscr: 23550556
syscw: 3324644
read_bytes: 26968082944
write_bytes: 68001427456
cancelled_write_bytes: 4096

[2020-01-18T20:20:35-08:00]
rchar: 195197406763
wchar: 68358076467
syscr: 23629397
syscw: 3333029
read_bytes: 26997832192
write_bytes: 68365266944
cancelled_write_bytes: 4096

[2020-01-18T20:20:38-08:00]
rchar: 196221590352
wchar: 68793858048
syscr: 23753545
syscw: 3350505
read_bytes: 27090508288
write_bytes: 68801085440
cancelled_write_bytes: 4096

[2020-01-18T20:20:41-08:00]
rchar: 196832948602
wchar: 69104980082
syscr: 23827682
syscw: 3363500
read_bytes: 27185949184
write_bytes: 69112401920
cancelled_write_bytes: 4096

[2020-01-18T20:20:44-08:00]
rchar: 197751874098
wchar: 69343755089
syscr: 23938990
syscw: 3378569
read_bytes: 27285436928
write_bytes: 69351034880
cancelled_write_bytes: 4096

[2020-01-18T20:20:47-08:00]
rchar: 198876561524
wchar: 69587611630
syscr: 24075368
syscw: 3397496
read_bytes: 27423001088
write_bytes: 69594906624
cancelled_write_bytes: 4096

[2020-01-18T20:20:50-08:00]
rchar: 200053741157
wchar: 69862470204
syscr: 24218070
syscw: 3417077
read_bytes: 27558009344
write_bytes: 69869793280
cancelled_write_bytes: 4096

[2020-01-18T20:20:53-08:00]
rchar: 200721510694
wchar: 70164512637
syscr: 24298960
syscw: 3428061
read_bytes: 27631520256
write_bytes: 70171856896
cancelled_write_bytes: 4096

[2020-01-18T20:20:56-08:00]
rchar: 202186360958
wchar: 70432423293
syscr: 24476578
syscw: 3448484
read_bytes: 27778447872
write_bytes: 70439788544
cancelled_write_bytes: 4096

[2020-01-18T20:20:59-08:00]
rchar: 203391256192
wchar: 70645884051
syscr: 24622677
syscw: 3465701
read_bytes: 27895925248
write_bytes: 70653263872
cancelled_write_bytes: 4096

[2020-01-18T20:21:02-08:00]
rchar: 204488824953
wchar: 70851693279
syscr: 24755706
syscw: 3481163
read_bytes: 28008016384
write_bytes: 70859108352
cancelled_write_bytes: 4096

[2020-01-18T20:21:05-08:00]
rchar: 205647472669
wchar: 71208481612
syscr: 24896113
syscw: 3495679
read_bytes: 28108114432
write_bytes: 71215923200
cancelled_write_bytes: 4096

[2020-01-18T20:21:08-08:00]
rchar: 207289952862
wchar: 71473310138
syscr: 25095269
syscw: 3515798
read_bytes: 28249012736
write_bytes: 71480778752
cancelled_write_bytes: 4096

[2020-01-18T20:21:11-08:00]
rchar: 208462740412
wchar: 71854443923
syscr: 25237417
syscw: 3527590
read_bytes: 28314225152
write_bytes: 71861927936
cancelled_write_bytes: 4096

[2020-01-18T20:21:14-08:00]
rchar: 209545456498
wchar: 72361710429
syscr: 25368701
syscw: 3536343
read_bytes: 28342123008
write_bytes: 72369332224
cancelled_write_bytes: 4096

[2020-01-18T20:21:17-08:00]
rchar: 210537671885
wchar: 72865316844
syscr: 25489015
syscw: 3543826
read_bytes: 28365691392
write_bytes: 72872873984
cancelled_write_bytes: 4096

[2020-01-18T20:21:20-08:00]
rchar: 210825115674
wchar: 73150324803
syscr: 25523245
syscw: 3547707
read_bytes: 28377512448
write_bytes: 73157922816
cancelled_write_bytes: 4096

[2020-01-18T20:21:23-08:00]
rchar: 211950914672
wchar: 73679362900
syscr: 25659698
syscw: 3563679
read_bytes: 28430346752
write_bytes: 73687019520
cancelled_write_bytes: 4096

[2020-01-18T20:21:26-08:00]
rchar: 212782633442
wchar: 74080683942
syscr: 25760525
syscw: 3575652
read_bytes: 28468771328
write_bytes: 74088390656
cancelled_write_bytes: 4096

[2020-01-18T20:21:29-08:00]
rchar: 213718769288
wchar: 74519226261
syscr: 25874003
syscw: 3589745
read_bytes: 28514978304
write_bytes: 74527236096
cancelled_write_bytes: 4096

[2020-01-18T20:21:32-08:00]
rchar: 214703953739
wchar: 74987301389
syscr: 25993427
syscw: 3604878
read_bytes: 28564269568
write_bytes: 74995089408
cancelled_write_bytes: 4096

[2020-01-18T20:21:35-08:00]
rchar: 214972962351
wchar: 75281878573
syscr: 26026012
syscw: 3608941
read_bytes: 28577888768
write_bytes: 75290796032
cancelled_write_bytes: 4096

[2020-01-18T20:21:38-08:00]
rchar: 216081737507
wchar: 75698987750
syscr: 26160338
syscw: 3623835
read_bytes: 28626917888
write_bytes: 75706884096
cancelled_write_bytes: 4096

[2020-01-18T20:21:41-08:00]
rchar: 216845377663
wchar: 76041680966
syscr: 26252893
syscw: 3632917
read_bytes: 28655733248
write_bytes: 76049604608
cancelled_write_bytes: 4096

[2020-01-18T20:21:44-08:00]
rchar: 218098556653
wchar: 76387253493
syscr: 26404826
syscw: 3651887
read_bytes: 28766894592
write_bytes: 76395638784
cancelled_write_bytes: 4096

[2020-01-18T20:21:47-08:00]
rchar: 219026406367
wchar: 76588513972
syscr: 26517335
syscw: 3667219
read_bytes: 28871150080
write_bytes: 76596502528
cancelled_write_bytes: 4096

[2020-01-18T20:21:50-08:00]
rchar: 219830367441
wchar: 76897208546
syscr: 26614735
syscw: 3679731
read_bytes: 28944366080
write_bytes: 76905226240
cancelled_write_bytes: 4096

[2020-01-18T20:21:53-08:00]
rchar: 221305319827
wchar: 77158846274
syscr: 26793533
syscw: 3700747
read_bytes: 29079038464
write_bytes: 77166882816
cancelled_write_bytes: 4096

[2020-01-18T20:21:56-08:00]
rchar: 222707961874
wchar: 77417551135
syscr: 26963608
syscw: 3720457
read_bytes: 29210462720
write_bytes: 77425610752
cancelled_write_bytes: 4096

[2020-01-18T20:21:59-08:00]
rchar: 223463653414
wchar: 77715735454
syscr: 27055116
syscw: 3731541
read_bytes: 29275802112
write_bytes: 77723824128
cancelled_write_bytes: 4096

[2020-01-18T20:22:02-08:00]
rchar: 225138063993
wchar: 77982593197
syscr: 27258138
syscw: 3751683
read_bytes: 29409389056
write_bytes: 77991055360
cancelled_write_bytes: 4096

[2020-01-18T20:22:05-08:00]
rchar: 226536954714
wchar: 78194513978
syscr: 27427755
syscw: 3769116
read_bytes: 29516700160
write_bytes: 78202642432
cancelled_write_bytes: 4096

[2020-01-18T20:22:08-08:00]
rchar: 228048891365
wchar: 78680330488
syscr: 27611035
syscw: 3784418
read_bytes: 29591075328
write_bytes: 78688501760
cancelled_write_bytes: 4096

[2020-01-18T20:22:11-08:00]
rchar: 228627120054
wchar: 79028905728
syscr: 27681151
syscw: 3789366
read_bytes: 29605059072
write_bytes: 79037100032
cancelled_write_bytes: 4096

[2020-01-18T20:22:14-08:00]
rchar: 229546223913
wchar: 79488445251
syscr: 27792511
syscw: 3796768
read_bytes: 29626161664
write_bytes: 79496908800
cancelled_write_bytes: 4096

[2020-01-18T20:22:17-08:00]
rchar: 230955868680
wchar: 80052801642
syscr: 27962860
syscw: 3811809
read_bytes: 29671913984
write_bytes: 80061083648
cancelled_write_bytes: 4096

[2020-01-18T20:22:20-08:00]
rchar: 231813303497
wchar: 80466704503
syscr: 28066808
syscw: 3823940
read_bytes: 29708327424
write_bytes: 80475029504
cancelled_write_bytes: 4096

[2020-01-18T20:22:23-08:00]
rchar: 232683606777
wchar: 80920485705
syscr: 28172307
syscw: 3835584
read_bytes: 29743032832
write_bytes: 80928862208
cancelled_write_bytes: 4096

[2020-01-18T20:22:26-08:00]
rchar: 233696121089
wchar: 81402191617
syscr: 28295003
syscw: 3850819
read_bytes: 29788129792
write_bytes: 81410625536
cancelled_write_bytes: 4096

[2020-01-18T20:22:29-08:00]
rchar: 233938208383
wchar: 81701738109
syscr: 28324366
syscw: 3854537
read_bytes: 29797714432
write_bytes: 81710186496
cancelled_write_bytes: 4096

[2020-01-18T20:22:32-08:00]
rchar: 234979730004
wchar: 82130144555
syscr: 28450534
syscw: 3867951
read_bytes: 29836634624
write_bytes: 82138644480
cancelled_write_bytes: 4096

[2020-01-18T20:22:35-08:00]
rchar: 235821440683
wchar: 82491086376
syscr: 28552554
syscw: 3878660
read_bytes: 29866981888
write_bytes: 82499645440
cancelled_write_bytes: 4096

[2020-01-18T20:22:38-08:00]
rchar: 237119799626
wchar: 83032872469
syscr: 28709948
syscw: 3895812
read_bytes: 29915720192
write_bytes: 83041484800
cancelled_write_bytes: 4096

[2020-01-18T20:22:41-08:00]
rchar: 238278330594
wchar: 83334402106
syscr: 28850380
syscw: 3914780
read_bytes: 30011406848
write_bytes: 83343044608
cancelled_write_bytes: 4096

[2020-01-18T20:22:44-08:00]
rchar: 238565668667
wchar: 83553240905
syscr: 28885139
syscw: 3919957
read_bytes: 30034983424
write_bytes: 83561897984
cancelled_write_bytes: 4096

[2020-01-18T20:22:47-08:00]
rchar: 239999557634
wchar: 83799440343
syscr: 29059003
syscw: 3941058
read_bytes: 30153337344
write_bytes: 83808120832
cancelled_write_bytes: 4096

[2020-01-18T20:22:50-08:00]
rchar: 241459996895
wchar: 84052914652
syscr: 29236045
syscw: 3962516
read_bytes: 30274361856
write_bytes: 84061618176
cancelled_write_bytes: 4096

[2020-01-18T20:22:53-08:00]
rchar: 242496656458
wchar: 84260217457
syscr: 29361745
syscw: 3977689
read_bytes: 30360472064
write_bytes: 84268929024
cancelled_write_bytes: 4096

[2020-01-18T20:22:56-08:00]
rchar: 243869863470
wchar: 84607827730
syscr: 29528164
syscw: 3995281
read_bytes: 30457186816
write_bytes: 84616564736
cancelled_write_bytes: 4096

[2020-01-18T20:22:59-08:00]
rchar: 245309294320
wchar: 84975216841
syscr: 29702653
syscw: 4010965
read_bytes: 30536833536
write_bytes: 84983992320
cancelled_write_bytes: 4096

[2020-01-18T20:23:02-08:00]
rchar: 246210488101
wchar: 85401453851
syscr: 29811929
syscw: 4018281
read_bytes: 30555695616
write_bytes: 85410267136
cancelled_write_bytes: 4096

[2020-01-18T20:23:05-08:00]
rchar: 247107315357
wchar: 85832113093
syscr: 29920674
syscw: 4025469
read_bytes: 30575008256
write_bytes: 85840961536
cancelled_write_bytes: 4096

[2020-01-18T20:23:08-08:00]
rchar: 248207362070
wchar: 86364466818
syscr: 30053508
syscw: 4039159
read_bytes: 30611642880
write_bytes: 86373376000
cancelled_write_bytes: 4096

[2020-01-18T20:23:11-08:00]
rchar: 248375025310
wchar: 86637656787
syscr: 30073814
syscw: 4042082
read_bytes: 30619007488
write_bytes: 86646587392
cancelled_write_bytes: 4096

[2020-01-18T20:23:14-08:00]
rchar: 249415017040
wchar: 87069164745
syscr: 30199815
syscw: 4058534
read_bytes: 30664174080
write_bytes: 87078141952
cancelled_write_bytes: 4096

[2020-01-18T20:23:17-08:00]
rchar: 250313578556
wchar: 87480112303
syscr: 30308709
syscw: 4072019
read_bytes: 30700452352
write_bytes: 87489146880
cancelled_write_bytes: 4096

[2020-01-18T20:23:21-08:00]
rchar: 251241080325
wchar: 87941934576
syscr: 30421147
syscw: 4085176
read_bytes: 30735997440
write_bytes: 87951015936
cancelled_write_bytes: 4096

[2020-01-18T20:23:24-08:00]
rchar: 252287072573
wchar: 88447943176
syscr: 30547952
syscw: 4101039
read_bytes: 30778247680
write_bytes: 88457072640
cancelled_write_bytes: 4096

[2020-01-18T20:23:27-08:00]
rchar: 252574196782
wchar: 88719276075
syscr: 30582729
syscw: 4105613
read_bytes: 30790412800
write_bytes: 88728432640
cancelled_write_bytes: 4096

[2020-01-18T20:23:30-08:00]
rchar: 253650180562
wchar: 89125581106
syscr: 30713074
syscw: 4121567
read_bytes: 30842784256
write_bytes: 89134784512
cancelled_write_bytes: 4096

[2020-01-18T20:23:33-08:00]
rchar: 254825302408
wchar: 89360194784
syscr: 30855569
syscw: 4141742
read_bytes: 30949227008
write_bytes: 89369411584
cancelled_write_bytes: 4096

[2020-01-18T20:23:36-08:00]
rchar: 256117174884
wchar: 89629545865
syscr: 31012218
syscw: 4163745
read_bytes: 31070013952
write_bytes: 89638801408
cancelled_write_bytes: 4096

[2020-01-18T20:23:39-08:00]
rchar: 256884750601
wchar: 89934507261
syscr: 31105164
syscw: 4175446
read_bytes: 31130249728
write_bytes: 89943785472
cancelled_write_bytes: 4096

[2020-01-18T20:23:42-08:00]
rchar: 258184449081
wchar: 90148835267
syscr: 31262756
syscw: 4194151
read_bytes: 31226051072
write_bytes: 90158129152
cancelled_write_bytes: 4096

[2020-01-18T20:23:45-08:00]
rchar: 259668658975
wchar: 90410422168
syscr: 31442727
syscw: 4215074
read_bytes: 31340079616
write_bytes: 90419732480
cancelled_write_bytes: 4096

[2020-01-18T20:23:48-08:00]
rchar: 260556201207
wchar: 90733019696
syscr: 31550301
syscw: 4228140
read_bytes: 31407368704
write_bytes: 90742345728
cancelled_write_bytes: 4096

[2020-01-18T20:23:51-08:00]
rchar: 262147766880
wchar: 90976469589
syscr: 31743197
syscw: 4247651
read_bytes: 31513029120
write_bytes: 90985832448
cancelled_write_bytes: 4096

[2020-01-18T20:23:54-08:00]
rchar: 263620487789
wchar: 91189944469
syscr: 31921766
syscw: 4266065
read_bytes: 31604492800
write_bytes: 91199336448
cancelled_write_bytes: 4096

[2020-01-18T20:23:57-08:00]
rchar: 265183855994
wchar: 91763460698
syscr: 32111286
syscw: 4280989
read_bytes: 31649253888
write_bytes: 91772891136
cancelled_write_bytes: 4096

[2020-01-18T20:24:00-08:00]
rchar: 265910233734
wchar: 92103946420
syscr: 32199365
syscw: 4286941
read_bytes: 31663483392
write_bytes: 92113403904
cancelled_write_bytes: 4096

[2020-01-18T20:24:03-08:00]
rchar: 266811675462
wchar: 92578743136
syscr: 32308585
syscw: 4295607
read_bytes: 31683275264
write_bytes: 92588232704
cancelled_write_bytes: 4096

[2020-01-18T20:24:06-08:00]
rchar: 267691169782
wchar: 92909982872
syscr: 32414657
syscw: 4304055
read_bytes: 31703923200
write_bytes: 92919508992
cancelled_write_bytes: 4096

[2020-01-18T20:24:09-08:00]
rchar: 268928663274
wchar: 93418959751
syscr: 32564692
syscw: 4324034
read_bytes: 31753304576
write_bytes: 93428563968
cancelled_write_bytes: 4096

[2020-01-18T20:24:12-08:00]
rchar: 270013719228
wchar: 93924440448
syscr: 32696197
syscw: 4340591
read_bytes: 31794567680
write_bytes: 93934096384
cancelled_write_bytes: 4096

[2020-01-18T20:24:15-08:00]
rchar: 270679245459
wchar: 94239251443
syscr: 32776873
syscw: 4350830
read_bytes: 31819012608
write_bytes: 94248943616
cancelled_write_bytes: 4096

[2020-01-18T20:24:18-08:00]
rchar: 271329200015
wchar: 94686914352
syscr: 32855554
syscw: 4360019
read_bytes: 31840934400
write_bytes: 94696652800
cancelled_write_bytes: 4096

[2020-01-18T20:24:21-08:00]
rchar: 272265891209
wchar: 95080553227
syscr: 32969089
syscw: 4371784
read_bytes: 31869520384
write_bytes: 95090335744
cancelled_write_bytes: 4096

[2020-01-18T20:24:24-08:00]
rchar: 273653456012
wchar: 95621471757
syscr: 33137293
syscw: 4390558
read_bytes: 31914654208
write_bytes: 95631302656
cancelled_write_bytes: 4096

[2020-01-18T20:24:27-08:00]
rchar: 274768791463
wchar: 95974798911
syscr: 33272482
syscw: 4408023
read_bytes: 31971596800
write_bytes: 95984668672
cancelled_write_bytes: 4096

[2020-01-18T20:24:30-08:00]
rchar: 275448304734
wchar: 96270808412
syscr: 33354795
syscw: 4420237
read_bytes: 32024074752
write_bytes: 96280702976
cancelled_write_bytes: 4096

[2020-01-18T20:24:33-08:00]
rchar: 277008155974
wchar: 96531552754
syscr: 33543934
syscw: 4442861
read_bytes: 32132049408
write_bytes: 96541466624
cancelled_write_bytes: 4096

[2020-01-18T20:24:36-08:00]
rchar: 278526098541
wchar: 96790419918
syscr: 33727950
syscw: 4464542
read_bytes: 32240294400
write_bytes: 96800354304
cancelled_write_bytes: 4096

[2020-01-18T20:24:39-08:00]
rchar: 279306868679
wchar: 96923506503
syscr: 33822622
syscw: 4476310
read_bytes: 32293407232
write_bytes: 96934146048
cancelled_write_bytes: 4096

[2020-01-18T20:24:42-08:00]
rchar: 280439771422
wchar: 97640411995
syscr: 33959926
syscw: 4485640
read_bytes: 32417947136
write_bytes: 97651916800
cancelled_write_bytes: 4096

[2020-01-18T20:24:45-08:00]
rchar: 281333425995
wchar: 98130753040
syscr: 34068290
syscw: 4491449
read_bytes: 32519966208
write_bytes: 98140794880
cancelled_write_bytes: 4096

[2020-01-18T20:24:48-08:00]
rchar: 282321688277
wchar: 98662805507
syscr: 34188128
syscw: 4498002
read_bytes: 32638651904
write_bytes: 98672881664
cancelled_write_bytes: 4096

[2020-01-18T20:24:51-08:00]
rchar: 283300110438
wchar: 99191501220
syscr: 34306791
syscw: 4504424
read_bytes: 32744771072
write_bytes: 99201675264
cancelled_write_bytes: 4096

[2020-01-18T20:24:54-08:00]
rchar: 284136461731
wchar: 99616906961
syscr: 34408206
syscw: 4510577
read_bytes: 32839880192
write_bytes: 99627069440
cancelled_write_bytes: 4096

[2020-01-18T20:24:57-08:00]
rchar: 285227858244
wchar: 100204038401
syscr: 34540551
syscw: 4517680
read_bytes: 32962690560
write_bytes: 100214259712
cancelled_write_bytes: 4096

[2020-01-18T20:25:00-08:00]
rchar: 285999760134
wchar: 100624490010
syscr: 34634154
syscw: 4523030
read_bytes: 33044897280
write_bytes: 100634718208
cancelled_write_bytes: 4096

[2020-01-18T20:25:03-08:00]
rchar: 286893161361
wchar: 101116247551
syscr: 34741909
syscw: 4530358
read_bytes: 33172307456
write_bytes: 101126627328
cancelled_write_bytes: 4096

[2020-01-18T20:25:06-08:00]
rchar: 287528394061
wchar: 101525175910
syscr: 34818942
syscw: 4537886
read_bytes: 33304329728
write_bytes: 101535510528
cancelled_write_bytes: 4096

[2020-01-18T20:25:09-08:00]
rchar: 288104256710
wchar: 101939980180
syscr: 34888787
syscw: 4544548
read_bytes: 33425960448
write_bytes: 101950361600
cancelled_write_bytes: 4096

[2020-01-18T20:25:12-08:00]
rchar: 288456215274
wchar: 102269926070
syscr: 34931394
syscw: 4549253
read_bytes: 33492856320
write_bytes: 102280396800
cancelled_write_bytes: 4096

[2020-01-18T20:25:15-08:00]
rchar: 289444274303
wchar: 102844008732
syscr: 35051172
syscw: 4558596
read_bytes: 33676799488
write_bytes: 102854488064
cancelled_write_bytes: 4096

[2020-01-18T20:25:18-08:00]
rchar: 290338754642
wchar: 103351069669
syscr: 35159627
syscw: 4567697
read_bytes: 33842212352
write_bytes: 103361630208
cancelled_write_bytes: 4096

[2020-01-18T20:25:21-08:00]
rchar: 291022898598
wchar: 103733655877
syscr: 35242592
syscw: 4574762
read_bytes: 33966272000
write_bytes: 103744233472
cancelled_write_bytes: 4096

[2020-01-18T20:25:24-08:00]
rchar: 291974614781
wchar: 104280519542
syscr: 35358016
syscw: 4584294
read_bytes: 34140319232
write_bytes: 104291155968
cancelled_write_bytes: 4096

[2020-01-18T20:25:27-08:00]
rchar: 292691507361
wchar: 104677179522
syscr: 35444912
syscw: 4592157
read_bytes: 34267172352
write_bytes: 104687845376
cancelled_write_bytes: 4096

[2020-01-18T20:25:30-08:00]
rchar: 293539571762
wchar: 105136381652
syscr: 35547431
syscw: 4602328
read_bytes: 34413997568
write_bytes: 105147129856
cancelled_write_bytes: 4096

[2020-01-18T20:25:33-08:00]
rchar: 293875926408
wchar: 105220928795
syscr: 35587932
syscw: 4609546
read_bytes: 34444320256
write_bytes: 105231740928
cancelled_write_bytes: 4096

[2020-01-18T20:25:36-08:00]
rchar: 295074080155
wchar: 105793800679
syscr: 35733098
syscw: 4627746
read_bytes: 34478198272
write_bytes: 105804664832
cancelled_write_bytes: 4096

[2020-01-18T20:25:39-08:00]
rchar: 295998083577
wchar: 106158555503
syscr: 35845110
syscw: 4640045
read_bytes: 34500562432
write_bytes: 106169880576
cancelled_write_bytes: 4096

[2020-01-18T20:25:42-08:00]
rchar: 297483181566
wchar: 106718578154
syscr: 36025122
syscw: 4660814
read_bytes: 34537901568
write_bytes: 106729574400
cancelled_write_bytes: 4096

[2020-01-18T20:25:45-08:00]
rchar: 298295343134
wchar: 107032169813
syscr: 36123575
syscw: 4672187
read_bytes: 34559323648
write_bytes: 107043192832
cancelled_write_bytes: 4096

[2020-01-18T20:25:48-08:00]
rchar: 299090100488
wchar: 107482723758
syscr: 36219865
syscw: 4683061
read_bytes: 34577792512
write_bytes: 107493781504
cancelled_write_bytes: 4096

[2020-01-18T20:25:51-08:00]
rchar: 300168531993
wchar: 107861126646
syscr: 36350550
syscw: 4695774
read_bytes: 34600365568
write_bytes: 107872235520
cancelled_write_bytes: 4096

[2020-01-18T20:25:54-08:00]
rchar: 301751507458
wchar: 108358963484
syscr: 36542454
syscw: 4715930
read_bytes: 34636418560
write_bytes: 108370116608
cancelled_write_bytes: 4096

[2020-01-18T20:25:57-08:00]
rchar: 302723965142
wchar: 108691795794
syscr: 36660321
syscw: 4727998
read_bytes: 34661826048
write_bytes: 108702986240
cancelled_write_bytes: 4096

[2020-01-18T20:26:00-08:00]
rchar: 303551376483
wchar: 108992446102
syscr: 36760649
syscw: 4740936
read_bytes: 34709065216
write_bytes: 109003649024
cancelled_write_bytes: 4096

[2020-01-18T20:26:03-08:00]
rchar: 305155099126
wchar: 109213021431
syscr: 36955016
syscw: 4761755
read_bytes: 34786508288
write_bytes: 109224251392
cancelled_write_bytes: 4096

[2020-01-18T20:26:06-08:00]
rchar: 306864985214
wchar: 109624395655
syscr: 37162305
syscw: 4781466
read_bytes: 34850831872
write_bytes: 109635661824
cancelled_write_bytes: 4096

[2020-01-18T20:26:09-08:00]
rchar: 307911570672
wchar: 110049397113
syscr: 37289207
syscw: 4791390
read_bytes: 34867191296
write_bytes: 110060687360
cancelled_write_bytes: 4096

[2020-01-18T20:26:12-08:00]
rchar: 308903310641
wchar: 110497599470
syscr: 37409462
syscw: 4800339
read_bytes: 34881797632
write_bytes: 110508937216
cancelled_write_bytes: 4096

[2020-01-18T20:26:15-08:00]
rchar: 309448340396
wchar: 110851022960
syscr: 37475466
syscw: 4805634
read_bytes: 34890391040
write_bytes: 110862393344
cancelled_write_bytes: 4096

[2020-01-18T20:26:18-08:00]
rchar: 310833212482
wchar: 111369523640
syscr: 37642781
syscw: 4825993
read_bytes: 34926411264
write_bytes: 111380942848
cancelled_write_bytes: 4096

[2020-01-18T20:26:21-08:00]
rchar: 311666263583
wchar: 111757932259
syscr: 37743771
syscw: 4839037
read_bytes: 34948365824
write_bytes: 111769395200
cancelled_write_bytes: 4096

[2020-01-18T20:26:24-08:00]
rchar: 312789641972
wchar: 112218040508
syscr: 37879962
syscw: 4857952
read_bytes: 34981441024
write_bytes: 112229543936
cancelled_write_bytes: 4096

[2020-01-18T20:26:27-08:00]
rchar: 313318205172
wchar: 112620409068
syscr: 37944022
syscw: 4866018
read_bytes: 34994830848
write_bytes: 112632602624
cancelled_write_bytes: 4096

[2020-01-18T20:26:30-08:00]
rchar: 314012147901
wchar: 112928295249
syscr: 38028046
syscw: 4875545
read_bytes: 35010833920
write_bytes: 112939868160
cancelled_write_bytes: 4096

[2020-01-18T20:26:33-08:00]
rchar: 315318280861
wchar: 113401102564
syscr: 38186392
syscw: 4893992
read_bytes: 35043057152
write_bytes: 113412722688
cancelled_write_bytes: 4096

[2020-01-18T20:26:36-08:00]
rchar: 316315225304
wchar: 113788422605
syscr: 38307199
syscw: 4907906
read_bytes: 35066117632
write_bytes: 113800097792
cancelled_write_bytes: 4096

[2020-01-18T20:26:39-08:00]
rchar: 317384229186
wchar: 113996632655
syscr: 38436823
syscw: 4926764
read_bytes: 35136593408
write_bytes: 114008317952
cancelled_write_bytes: 4096

[2020-01-18T20:26:42-08:00]
rchar: 317888337340
wchar: 114245012875
syscr: 38497864
syscw: 4935050
read_bytes: 35163368960
write_bytes: 114256736256
cancelled_write_bytes: 4096

[2020-01-18T20:26:45-08:00]
rchar: 319481104557
wchar: 114505695200
syscr: 38690957
syscw: 4957720
read_bytes: 35250761216
write_bytes: 114517450752
cancelled_write_bytes: 4096

[2020-01-18T20:26:48-08:00]
rchar: 320932989010
wchar: 114732242794
syscr: 38866999
syscw: 4979811
read_bytes: 35325259264
write_bytes: 114744012800
cancelled_write_bytes: 4096

[2020-01-18T20:26:51-08:00]
rchar: 321855962401
wchar: 115043757322
syscr: 38978830
syscw: 4993266
read_bytes: 35373415936
write_bytes: 115055546368
cancelled_write_bytes: 4096

[2020-01-18T20:26:54-08:00]
rchar: 323383164018
wchar: 115356238902
syscr: 39163965
syscw: 5011297
read_bytes: 35432848896
write_bytes: 115368046592
cancelled_write_bytes: 4096

[2020-01-18T20:26:57-08:00]
rchar: 324999100335
wchar: 115968296469
syscr: 39359907
syscw: 5026924
read_bytes: 35456581120
write_bytes: 115980849152
cancelled_write_bytes: 4096

[2020-01-18T20:27:00-08:00]
rchar: 326052031166
wchar: 116410214900
syscr: 39487578
syscw: 5036611
read_bytes: 35471425024
write_bytes: 116422094848
cancelled_write_bytes: 4096

[2020-01-18T20:27:03-08:00]
rchar: 327128802940
wchar: 116839794282
syscr: 39617548
syscw: 5049123
read_bytes: 35491249664
write_bytes: 116851712000
cancelled_write_bytes: 4096

[2020-01-18T20:27:06-08:00]
rchar: 327529156840
wchar: 117220481095
syscr: 39665989
syscw: 5057069
read_bytes: 35503058432
write_bytes: 117232447488
cancelled_write_bytes: 4096

[2020-01-18T20:27:09-08:00]
rchar: 328495754601
wchar: 117623868904
syscr: 39783168
syscw: 5072621
read_bytes: 35527867904
write_bytes: 117635883008
cancelled_write_bytes: 4096

[2020-01-18T20:27:12-08:00]
rchar: 329693529737
wchar: 118095164853
syscr: 39928346
syscw: 5093076
read_bytes: 35560513024
write_bytes: 118107238400
cancelled_write_bytes: 4096

[2020-01-18T20:27:15-08:00]
rchar: 330801429684
wchar: 118568481901
syscr: 40062655
syscw: 5111549
read_bytes: 35589217792
write_bytes: 118580609024
cancelled_write_bytes: 4096

[2020-01-18T20:27:18-08:00]
rchar: 331278453479
wchar: 118948246174
syscr: 40120504
syscw: 5119340
read_bytes: 35601337856
write_bytes: 118960390144
cancelled_write_bytes: 4096

[2020-01-18T20:27:21-08:00]
rchar: 332318168490
wchar: 119342238471
syscr: 40246459
syscw: 5133850
read_bytes: 35624214016
write_bytes: 119354437632
cancelled_write_bytes: 4096

[2020-01-18T20:27:24-08:00]
rchar: 333593543338
wchar: 119795292229
syscr: 40401044
syscw: 5152565
read_bytes: 35653737984
write_bytes: 119807549440
cancelled_write_bytes: 4096

[2020-01-18T20:27:27-08:00]
rchar: 335033222604
wchar: 120191432195
syscr: 40575562
syscw: 5175681
read_bytes: 35712974336
write_bytes: 120203722752
cancelled_write_bytes: 4096

[2020-01-18T20:27:30-08:00]
rchar: 335511084483
wchar: 120439628391
syscr: 40633423
syscw: 5184730
read_bytes: 35737075200
write_bytes: 120451936256
cancelled_write_bytes: 4096

[2020-01-18T20:27:33-08:00]
rchar: 337007695826
wchar: 120680674247
syscr: 40814875
syscw: 5206892
read_bytes: 35813051904
write_bytes: 120692998144
cancelled_write_bytes: 4096

[2020-01-18T20:27:36-08:00]
rchar: 338601266794
wchar: 120949915151
syscr: 41008070
syscw: 5230361
read_bytes: 35896790528
write_bytes: 120962265088
cancelled_write_bytes: 4096

[2020-01-18T20:27:39-08:00]
rchar: 339385418820
wchar: 121182252686
syscr: 41103154
syscw: 5242542
read_bytes: 35936218624
write_bytes: 121194610688
cancelled_write_bytes: 4096

[2020-01-18T20:27:42-08:00]
rchar: 340003747258
wchar: 121685417884
syscr: 41178067
syscw: 5245517
read_bytes: 35995954688
write_bytes: 121697837056
cancelled_write_bytes: 4096

[2020-01-18T20:27:45-08:00]
rchar: 340430455899
wchar: 122036643530
syscr: 41229815
syscw: 5246494
read_bytes: 36030131712
write_bytes: 122049085440
cancelled_write_bytes: 4096

[2020-01-18T20:27:48-08:00]
rchar: 340437091891
wchar: 122050689851
syscr: 41230626
syscw: 5246540
read_bytes: 36031737344
write_bytes: 122063151104
cancelled_write_bytes: 4096

[2020-01-18T20:27:51-08:00]
rchar: 340437091891
wchar: 122050689851
syscr: 41230626
syscw: 5246540
read_bytes: 36031737344
write_bytes: 122063151104
cancelled_write_bytes: 4096

[2020-01-18T20:27:54-08:00]
rchar: 340437091891
wchar: 122050689851
syscr: 41230626
syscw: 5246540
read_bytes: 36031737344
write_bytes: 122063151104
cancelled_write_bytes: 4096

[2020-01-18T20:27:57-08:00]
rchar: 340437091891
wchar: 122050689851
syscr: 41230626
syscw: 5246540
read_bytes: 36031737344
write_bytes: 122063151104
cancelled_write_bytes: 4096

[2020-01-18T20:28:00-08:00]
rchar: 340437091891
wchar: 122050689851
syscr: 41230626
syscw: 5246540
read_bytes: 36031737344
write_bytes: 122063151104
cancelled_write_bytes: 4096

[2020-01-18T20:28:03-08:00]
rchar: 340437091891
wchar: 122050689851
syscr: 41230626
syscw: 5246540
read_bytes: 36031737344
write_bytes: 122063151104
cancelled_write_bytes: 4096

