[2020-01-18T18:35:03-08:00]
rchar: 16583888
wchar: 209
syscr: 2824
syscw: 10
read_bytes: 708608
write_bytes: 53248
cancelled_write_bytes: 0

[2020-01-18T18:35:06-08:00]
rchar: 16583888
wchar: 209
syscr: 2824
syscw: 10
read_bytes: 708608
write_bytes: 53248
cancelled_write_bytes: 0

[2020-01-18T18:35:09-08:00]
rchar: 16583888
wchar: 209
syscr: 2824
syscw: 10
read_bytes: 708608
write_bytes: 53248
cancelled_write_bytes: 0

[2020-01-18T18:35:12-08:00]
rchar: 16583888
wchar: 209
syscr: 2824
syscw: 10
read_bytes: 708608
write_bytes: 53248
cancelled_write_bytes: 0

[2020-01-18T18:35:15-08:00]
rchar: 16583888
wchar: 209
syscr: 2824
syscw: 10
read_bytes: 708608
write_bytes: 53248
cancelled_write_bytes: 0

[2020-01-18T18:35:18-08:00]
rchar: 16583888
wchar: 209
syscr: 2824
syscw: 10
read_bytes: 708608
write_bytes: 61440
cancelled_write_bytes: 0

[2020-01-18T18:35:21-08:00]
rchar: 16583888
wchar: 209
syscr: 2824
syscw: 10
read_bytes: 708608
write_bytes: 61440
cancelled_write_bytes: 0

[2020-01-18T18:35:24-08:00]
rchar: 16583888
wchar: 209
syscr: 2824
syscw: 10
read_bytes: 708608
write_bytes: 69632
cancelled_write_bytes: 0

[2020-01-18T18:35:27-08:00]
rchar: 16583888
wchar: 209
syscr: 2824
syscw: 10
read_bytes: 708608
write_bytes: 69632
cancelled_write_bytes: 0

[2020-01-18T18:35:30-08:00]
rchar: 17195132
wchar: 319
syscr: 3192
syscw: 11
read_bytes: 876544
write_bytes: 106496
cancelled_write_bytes: 0

[2020-01-18T18:35:33-08:00]
rchar: 376680308
wchar: 246593300
syscr: 18147
syscw: 4141
read_bytes: 384780800
write_bytes: 246722560
cancelled_write_bytes: 0

[2020-01-18T18:35:36-08:00]
rchar: 670703713
wchar: 351571456
syscr: 53806
syscw: 29932
read_bytes: 803432960
write_bytes: 351698944
cancelled_write_bytes: 0

[2020-01-18T18:35:39-08:00]
rchar: 918004496
wchar: 446294494
syscr: 83798
syscw: 51642
read_bytes: 1151658496
write_bytes: 446423040
cancelled_write_bytes: 0

[2020-01-18T18:35:42-08:00]
rchar: 1044936793
wchar: 588621480
syscr: 99194
syscw: 63045
read_bytes: 1328237056
write_bytes: 588754944
cancelled_write_bytes: 0

[2020-01-18T18:35:45-08:00]
rchar: 1290935856
wchar: 869864348
syscr: 128943
syscw: 65808
read_bytes: 1386867200
write_bytes: 870031360
cancelled_write_bytes: 0

[2020-01-18T18:35:48-08:00]
rchar: 1843832439
wchar: 1184756485
syscr: 195992
syscw: 78161
read_bytes: 1820301824
write_bytes: 1184948224
cancelled_write_bytes: 0

[2020-01-18T18:35:51-08:00]
rchar: 2374600700
wchar: 1493095058
syscr: 260358
syscw: 90000
read_bytes: 2237741568
write_bytes: 1493340160
cancelled_write_bytes: 0

[2020-01-18T18:35:54-08:00]
rchar: 2947510076
wchar: 1866281902
syscr: 329836
syscw: 101050
read_bytes: 2599148032
write_bytes: 1866551296
cancelled_write_bytes: 4096

[2020-01-18T18:35:57-08:00]
rchar: 3427269807
wchar: 2052558079
syscr: 387486
syscw: 116761
read_bytes: 2820540928
write_bytes: 2052919296
cancelled_write_bytes: 4096

[2020-01-18T18:36:00-08:00]
rchar: 3695480641
wchar: 2270228882
syscr: 419929
syscw: 127468
read_bytes: 2964187648
write_bytes: 2270605312
cancelled_write_bytes: 4096

[2020-01-18T18:36:03-08:00]
rchar: 4509942236
wchar: 2368286209
syscr: 518683
syscw: 150951
read_bytes: 3276261888
write_bytes: 2368671744
cancelled_write_bytes: 4096

[2020-01-18T18:36:06-08:00]
rchar: 5276550307
wchar: 2463295519
syscr: 611638
syscw: 173214
read_bytes: 3572713984
write_bytes: 2463686656
cancelled_write_bytes: 4096

[2020-01-18T18:36:09-08:00]
rchar: 5645692964
wchar: 2538230684
syscr: 656401
syscw: 184234
read_bytes: 3716127232
write_bytes: 2538627072
cancelled_write_bytes: 4096

[2020-01-18T18:36:12-08:00]
rchar: 6078676470
wchar: 2722827747
syscr: 708815
syscw: 193787
read_bytes: 3836602880
write_bytes: 2723237888
cancelled_write_bytes: 4096

[2020-01-18T18:36:15-08:00]
rchar: 7128954476
wchar: 2818676672
syscr: 836159
syscw: 216920
read_bytes: 4125022720
write_bytes: 2819088384
cancelled_write_bytes: 4096

[2020-01-18T18:36:18-08:00]
rchar: 8129823860
wchar: 2911802597
syscr: 957514
syscw: 238831
read_bytes: 4402977280
write_bytes: 2912215040
cancelled_write_bytes: 4096

[2020-01-18T18:36:21-08:00]
rchar: 8650584769
wchar: 3129268423
syscr: 1020574
syscw: 249466
read_bytes: 4534688256
write_bytes: 3129716736
cancelled_write_bytes: 4096

[2020-01-18T18:36:24-08:00]
rchar: 9912982835
wchar: 3221784759
syscr: 1173635
syscw: 271569
read_bytes: 4801866240
write_bytes: 3222233088
cancelled_write_bytes: 4096

[2020-01-18T18:36:27-08:00]
rchar: 11155375257
wchar: 3313771251
syscr: 1324272
syscw: 293508
read_bytes: 5066779136
write_bytes: 3314221056
cancelled_write_bytes: 4096

[2020-01-18T18:36:30-08:00]
rchar: 11852734307
wchar: 3521397314
syscr: 1408827
syscw: 306170
read_bytes: 5216758272
write_bytes: 3521847296
cancelled_write_bytes: 4096

[2020-01-18T18:36:33-08:00]
rchar: 12851007852
wchar: 4078440426
syscr: 1529785
syscw: 313154
read_bytes: 5290908160
write_bytes: 4078940160
cancelled_write_bytes: 4096

[2020-01-18T18:36:36-08:00]
rchar: 13754492450
wchar: 4668398989
syscr: 1639345
syscw: 318098
read_bytes: 5342964224
write_bytes: 4668948480
cancelled_write_bytes: 4096

[2020-01-18T18:36:39-08:00]
rchar: 14129408169
wchar: 4902425706
syscr: 1684303
syscw: 323914
read_bytes: 5415049728
write_bytes: 4903071744
cancelled_write_bytes: 4096

[2020-01-18T18:36:42-08:00]
rchar: 14696165856
wchar: 5210496774
syscr: 1753031
syscw: 337862
read_bytes: 5720574464
write_bytes: 5211181056
cancelled_write_bytes: 4096

[2020-01-18T18:36:45-08:00]
rchar: 15217301423
wchar: 5467738284
syscr: 1816203
syscw: 352411
read_bytes: 6034205184
write_bytes: 5468467200
cancelled_write_bytes: 4096

[2020-01-18T18:36:48-08:00]
rchar: 15654049234
wchar: 5660490721
syscr: 1869161
syscw: 366188
read_bytes: 6254893568
write_bytes: 5661265920
cancelled_write_bytes: 4096

[2020-01-18T18:36:51-08:00]
rchar: 16124846766
wchar: 5893527864
syscr: 1926164
syscw: 380129
read_bytes: 6416366080
write_bytes: 5894332416
cancelled_write_bytes: 4096

[2020-01-18T18:36:54-08:00]
rchar: 16919780304
wchar: 5991530358
syscr: 2022553
syscw: 402892
read_bytes: 6680656384
write_bytes: 5992337408
cancelled_write_bytes: 4096

[2020-01-18T18:36:57-08:00]
rchar: 17678981469
wchar: 6088012603
syscr: 2114608
syscw: 425555
read_bytes: 6934538752
write_bytes: 6088830976
cancelled_write_bytes: 4096

[2020-01-18T18:37:00-08:00]
rchar: 18210335144
wchar: 6311091951
syscr: 2178952
syscw: 437866
read_bytes: 7067699712
write_bytes: 6311927808
cancelled_write_bytes: 4096

[2020-01-18T18:37:03-08:00]
rchar: 19239420077
wchar: 6405798801
syscr: 2303730
syscw: 460240
read_bytes: 7314852352
write_bytes: 6406635520
cancelled_write_bytes: 4096

[2020-01-18T18:37:06-08:00]
rchar: 20260331296
wchar: 6502051171
syscr: 2427513
syscw: 483160
read_bytes: 7561304576
write_bytes: 6502887424
cancelled_write_bytes: 4096

[2020-01-18T18:37:09-08:00]
rchar: 20817557398
wchar: 6719602782
syscr: 2494994
syscw: 493901
read_bytes: 7676725760
write_bytes: 6720458752
cancelled_write_bytes: 4096

[2020-01-18T18:37:12-08:00]
rchar: 22098768187
wchar: 6814562419
syscr: 2650337
syscw: 516583
read_bytes: 7914908160
write_bytes: 6815420416
cancelled_write_bytes: 4096

[2020-01-18T18:37:15-08:00]
rchar: 23363701641
wchar: 6909736729
syscr: 2803707
syscw: 539518
read_bytes: 8153569792
write_bytes: 6910595072
cancelled_write_bytes: 4096

[2020-01-18T18:37:18-08:00]
rchar: 23801839982
wchar: 6942606155
syscr: 2856831
syscw: 547248
read_bytes: 8236280320
write_bytes: 6943469568
cancelled_write_bytes: 4096

[2020-01-18T18:37:21-08:00]
rchar: 24470043508
wchar: 7472184737
syscr: 2937771
syscw: 552415
read_bytes: 8284744192
write_bytes: 7473082368
cancelled_write_bytes: 4096

[2020-01-18T18:37:24-08:00]
rchar: 25571109937
wchar: 8135504652
syscr: 3071282
syscw: 559057
read_bytes: 8345233920
write_bytes: 8136470528
cancelled_write_bytes: 4096

[2020-01-18T18:37:27-08:00]
rchar: 26230500603
wchar: 8500223160
syscr: 3150725
syscw: 568926
read_bytes: 8484067840
write_bytes: 8501239808
cancelled_write_bytes: 4096

[2020-01-18T18:37:30-08:00]
rchar: 26773524619
wchar: 8819096673
syscr: 3216553
syscw: 579286
read_bytes: 8643267072
write_bytes: 8820166656
cancelled_write_bytes: 4096

[2020-01-18T18:37:33-08:00]
rchar: 27467126124
wchar: 9286775232
syscr: 3300627
syscw: 590575
read_bytes: 8793455104
write_bytes: 9287909376
cancelled_write_bytes: 4096

[2020-01-18T18:37:36-08:00]
rchar: 28061593072
wchar: 9595191341
syscr: 3372692
syscw: 605691
read_bytes: 9087326720
write_bytes: 9596366848
cancelled_write_bytes: 4096

[2020-01-18T18:37:39-08:00]
rchar: 28358786167
wchar: 9906783089
syscr: 3408651
syscw: 613131
read_bytes: 9226705408
write_bytes: 9907978240
cancelled_write_bytes: 4096

[2020-01-18T18:37:42-08:00]
rchar: 28937220330
wchar: 10113699469
syscr: 3478767
syscw: 624738
read_bytes: 9456732672
write_bytes: 10114924544
cancelled_write_bytes: 4096

[2020-01-18T18:37:45-08:00]
rchar: 29700638706
wchar: 10414083306
syscr: 3571311
syscw: 640097
read_bytes: 9665919488
write_bytes: 10415357952
cancelled_write_bytes: 4096

[2020-01-18T18:37:48-08:00]
rchar: 30504239108
wchar: 10513335596
syscr: 3668750
syscw: 663225
read_bytes: 9895832064
write_bytes: 10514608128
cancelled_write_bytes: 4096

[2020-01-18T18:37:51-08:00]
rchar: 30933567604
wchar: 10734652297
syscr: 3720726
syscw: 674714
read_bytes: 10006886912
write_bytes: 10735947776
cancelled_write_bytes: 4096

[2020-01-18T18:37:54-08:00]
rchar: 32031537012
wchar: 10832654487
syscr: 3853856
syscw: 697892
read_bytes: 10232945152
write_bytes: 10833965056
cancelled_write_bytes: 4096

[2020-01-18T18:37:57-08:00]
rchar: 33106391816
wchar: 10932211817
syscr: 3984187
syscw: 721262
read_bytes: 10457729536
write_bytes: 10933522432
cancelled_write_bytes: 4096

[2020-01-18T18:38:00-08:00]
rchar: 33625840771
wchar: 11152894490
syscr: 4047090
syscw: 732531
read_bytes: 10563889664
write_bytes: 11154223104
cancelled_write_bytes: 4096

[2020-01-18T18:38:03-08:00]
rchar: 34950525413
wchar: 11248815150
syscr: 4207704
syscw: 755327
read_bytes: 10777344512
write_bytes: 11250143232
cancelled_write_bytes: 4096

[2020-01-18T18:38:06-08:00]
rchar: 36244787703
wchar: 11344845281
syscr: 4364633
syscw: 777816
read_bytes: 10988231168
write_bytes: 11346173952
cancelled_write_bytes: 4096

[2020-01-18T18:38:09-08:00]
rchar: 36996570290
wchar: 11567384296
syscr: 4455789
syscw: 791412
read_bytes: 11111307776
write_bytes: 11568717824
cancelled_write_bytes: 4096

[2020-01-18T18:38:12-08:00]
rchar: 37624559843
wchar: 11928723737
syscr: 4531852
syscw: 795696
read_bytes: 11147041280
write_bytes: 11930087424
cancelled_write_bytes: 4096

[2020-01-18T18:38:15-08:00]
rchar: 38549453419
wchar: 12441437528
syscr: 4643999
syscw: 801817
read_bytes: 11199298048
write_bytes: 12442845184
cancelled_write_bytes: 4096

[2020-01-18T18:38:18-08:00]
rchar: 39494103183
wchar: 12948592819
syscr: 4758018
syscw: 811844
read_bytes: 11336370688
write_bytes: 12950040576
cancelled_write_bytes: 4096

[2020-01-18T18:38:21-08:00]
rchar: 40247449921
wchar: 13367241031
syscr: 4849349
syscw: 825436
read_bytes: 11461077504
write_bytes: 13368754176
cancelled_write_bytes: 4096

[2020-01-18T18:38:24-08:00]
rchar: 40918450413
wchar: 13748252535
syscr: 4930688
syscw: 838196
read_bytes: 11627768320
write_bytes: 13749825536
cancelled_write_bytes: 4096

[2020-01-18T18:38:27-08:00]
rchar: 41393446949
wchar: 14099700048
syscr: 4988265
syscw: 843952
read_bytes: 11675834880
write_bytes: 14101327872
cancelled_write_bytes: 4096

[2020-01-18T18:38:30-08:00]
rchar: 41713555598
wchar: 14408010660
syscr: 5027067
syscw: 853161
read_bytes: 11810273792
write_bytes: 14409670656
cancelled_write_bytes: 4096

[2020-01-18T18:38:33-08:00]
rchar: 42501530099
wchar: 14655857092
syscr: 5122532
syscw: 869114
read_bytes: 12089854464
write_bytes: 14657540096
cancelled_write_bytes: 4096

[2020-01-18T18:38:36-08:00]
rchar: 43336448946
wchar: 14963642748
syscr: 5223726
syscw: 885060
read_bytes: 12334864896
write_bytes: 14965354496
cancelled_write_bytes: 4096

[2020-01-18T18:38:39-08:00]
rchar: 43966435333
wchar: 15188182483
syscr: 5300079
syscw: 897767
read_bytes: 12534176256
write_bytes: 15189917696
cancelled_write_bytes: 4096

[2020-01-18T18:38:42-08:00]
rchar: 44745510238
wchar: 15552973052
syscr: 5394518
syscw: 911235
read_bytes: 12647754240
write_bytes: 15554789376
cancelled_write_bytes: 4096

[2020-01-18T18:38:45-08:00]
rchar: 45256137424
wchar: 15773651624
syscr: 5456351
syscw: 922562
read_bytes: 12745878016
write_bytes: 15775485952
cancelled_write_bytes: 4096

[2020-01-18T18:38:48-08:00]
rchar: 46368920946
wchar: 15872185085
syscr: 5591276
syscw: 945760
read_bytes: 12944677376
write_bytes: 15874019328
cancelled_write_bytes: 4096

[2020-01-18T18:38:51-08:00]
rchar: 47470269001
wchar: 15971850870
syscr: 5724813
syscw: 968989
read_bytes: 13141977600
write_bytes: 15973683200
cancelled_write_bytes: 4096

[2020-01-18T18:38:54-08:00]
rchar: 48074681121
wchar: 16192810924
syscr: 5798016
syscw: 980310
read_bytes: 13236271616
write_bytes: 16194678784
cancelled_write_bytes: 4096

[2020-01-18T18:38:58-08:00]
rchar: 49458953150
wchar: 16291171450
syscr: 5965857
syscw: 1003506
read_bytes: 13431085568
write_bytes: 16293048320
cancelled_write_bytes: 4096

[2020-01-18T18:39:01-08:00]
rchar: 50784693983
wchar: 16387898631
syscr: 6126600
syscw: 1026295
read_bytes: 13622172160
write_bytes: 16389775360
cancelled_write_bytes: 4096

[2020-01-18T18:39:04-08:00]
rchar: 51195802242
wchar: 16591404645
syscr: 6176449
syscw: 1033394
read_bytes: 13682559488
write_bytes: 16593293312
cancelled_write_bytes: 4096

[2020-01-18T18:39:07-08:00]
rchar: 51988119277
wchar: 17027143739
syscr: 6272437
syscw: 1038573
read_bytes: 13721614848
write_bytes: 17029074944
cancelled_write_bytes: 4096

[2020-01-18T18:39:10-08:00]
rchar: 53181357632
wchar: 17678031082
syscr: 6417122
syscw: 1046815
read_bytes: 13781707264
write_bytes: 17680097280
cancelled_write_bytes: 4096

[2020-01-18T18:39:13-08:00]
rchar: 54105492298
wchar: 18136007377
syscr: 6528638
syscw: 1060202
read_bytes: 13888231936
write_bytes: 18138038272
cancelled_write_bytes: 4096

[2020-01-18T18:39:16-08:00]
rchar: 54597434660
wchar: 18348104196
syscr: 6588281
syscw: 1071172
read_bytes: 14063798784
write_bytes: 18350166016
cancelled_write_bytes: 4096

[2020-01-18T18:39:19-08:00]
rchar: 55341852855
wchar: 18766030469
syscr: 6678507
syscw: 1084203
read_bytes: 14204287488
write_bytes: 18768138240
cancelled_write_bytes: 4096

[2020-01-18T18:39:22-08:00]
rchar: 55796129674
wchar: 19051258211
syscr: 6733600
syscw: 1095542
read_bytes: 14383163904
write_bytes: 19053379584
cancelled_write_bytes: 4096

[2020-01-18T18:39:25-08:00]
rchar: 56557988619
wchar: 19394114194
syscr: 6825868
syscw: 1108572
read_bytes: 14563764736
write_bytes: 19396276224
cancelled_write_bytes: 4096

[2020-01-18T18:39:28-08:00]
rchar: 57158909759
wchar: 19664053267
syscr: 6898709
syscw: 1117414
read_bytes: 14681745920
write_bytes: 19666272256
cancelled_write_bytes: 4096

[2020-01-18T18:39:31-08:00]
rchar: 58032516782
wchar: 20122365108
syscr: 7004595
syscw: 1128860
read_bytes: 14770854400
write_bytes: 20124647424
cancelled_write_bytes: 4096

[2020-01-18T18:39:34-08:00]
rchar: 58921921662
wchar: 20496388716
syscr: 7112392
syscw: 1143644
read_bytes: 14888954368
write_bytes: 20498714624
cancelled_write_bytes: 4096

[2020-01-18T18:39:37-08:00]
rchar: 59415741465
wchar: 20724664571
syscr: 7172272
syscw: 1156709
read_bytes: 14990535168
write_bytes: 20726988800
cancelled_write_bytes: 4096

[2020-01-18T18:39:40-08:00]
rchar: 60302189213
wchar: 20799484537
syscr: 7279669
syscw: 1174339
read_bytes: 15125400064
write_bytes: 20801826816
cancelled_write_bytes: 4096

[2020-01-18T18:39:43-08:00]
rchar: 61487950558
wchar: 20899969790
syscr: 7423442
syscw: 1198026
read_bytes: 15309691392
write_bytes: 20902318080
cancelled_write_bytes: 4096

[2020-01-18T18:39:46-08:00]
rchar: 62290351123
wchar: 20969959758
syscr: 7520734
syscw: 1214576
read_bytes: 15434701312
write_bytes: 20972310528
cancelled_write_bytes: 4096

[2020-01-18T18:39:49-08:00]
rchar: 63408072639
wchar: 21220394396
syscr: 7656171
syscw: 1233646
read_bytes: 15575206400
write_bytes: 21222760448
cancelled_write_bytes: 4096

[2020-01-18T18:39:52-08:00]
rchar: 64828343266
wchar: 21319678138
syscr: 7828376
syscw: 1257344
read_bytes: 15750965760
write_bytes: 21322047488
cancelled_write_bytes: 4096

[2020-01-18T18:39:55-08:00]
rchar: 65923690601
wchar: 21395934290
syscr: 7961185
syscw: 1275322
read_bytes: 15887088128
write_bytes: 21398302720
cancelled_write_bytes: 4096

[2020-01-18T18:39:58-08:00]
rchar: 66822516925
wchar: 22000539514
syscr: 8070089
syscw: 1282681
read_bytes: 15936113152
write_bytes: 22002962432
cancelled_write_bytes: 4096

[2020-01-18T18:40:01-08:00]
rchar: 67722072237
wchar: 22487340117
syscr: 8179165
syscw: 1288929
read_bytes: 15976032768
write_bytes: 22489804800
cancelled_write_bytes: 4096

[2020-01-18T18:40:04-08:00]
rchar: 68487151824
wchar: 22914085649
syscr: 8271411
syscw: 1295426
read_bytes: 16022006272
write_bytes: 22916591616
cancelled_write_bytes: 4096

[2020-01-18T18:40:07-08:00]
rchar: 69289243332
wchar: 23309209834
syscr: 8368637
syscw: 1310612
read_bytes: 16147040768
write_bytes: 23311765504
cancelled_write_bytes: 4096

[2020-01-18T18:40:10-08:00]
rchar: 70085767480
wchar: 23783220549
syscr: 8465205
syscw: 1323364
read_bytes: 16239024640
write_bytes: 23785832448
cancelled_write_bytes: 4096

[2020-01-18T18:40:13-08:00]
rchar: 70557996409
wchar: 24091071153
syscr: 8522444
syscw: 1329991
read_bytes: 16285600256
write_bytes: 24093720576
cancelled_write_bytes: 4096

[2020-01-18T18:40:16-08:00]
rchar: 71185452765
wchar: 24511265200
syscr: 8598470
syscw: 1338748
read_bytes: 16347499008
write_bytes: 24513966080
cancelled_write_bytes: 4096

[2020-01-18T18:40:19-08:00]
rchar: 71803705995
wchar: 24995567181
syscr: 8673339
syscw: 1348146
read_bytes: 16411617792
write_bytes: 24998322176
cancelled_write_bytes: 4096

[2020-01-18T18:40:22-08:00]
rchar: 72323922394
wchar: 25331410199
syscr: 8736392
syscw: 1353391
read_bytes: 16448260608
write_bytes: 25334202368
cancelled_write_bytes: 4096

[2020-01-18T18:40:25-08:00]
rchar: 73182341638
wchar: 25506572048
syscr: 8840450
syscw: 1373454
read_bytes: 16596355584
write_bytes: 25509400576
cancelled_write_bytes: 4096

[2020-01-18T18:40:28-08:00]
rchar: 74096951053
wchar: 25612160691
syscr: 8951350
syscw: 1398018
read_bytes: 16773884416
write_bytes: 25615007744
cancelled_write_bytes: 4096

[2020-01-18T18:40:31-08:00]
rchar: 74713215622
wchar: 25841491510
syscr: 9025991
syscw: 1411494
read_bytes: 16868858368
write_bytes: 25844363264
cancelled_write_bytes: 4096

[2020-01-18T18:40:34-08:00]
rchar: 75923308563
wchar: 25945897921
syscr: 9172714
syscw: 1436432
read_bytes: 17042917888
write_bytes: 25948770304
cancelled_write_bytes: 4096

[2020-01-18T18:40:37-08:00]
rchar: 77030017102
wchar: 26043781242
syscr: 9306903
syscw: 1459191
read_bytes: 17202612736
write_bytes: 26046656512
cancelled_write_bytes: 4096

[2020-01-18T18:40:40-08:00]
rchar: 77384881396
wchar: 26243937161
syscr: 9349847
syscw: 1465796
read_bytes: 17246624256
write_bytes: 26246828032
cancelled_write_bytes: 4096

[2020-01-18T18:40:43-08:00]
rchar: 78795748761
wchar: 26341791424
syscr: 9520910
syscw: 1489207
read_bytes: 17405950464
write_bytes: 26344681472
cancelled_write_bytes: 4096

[2020-01-18T18:40:46-08:00]
rchar: 80207933802
wchar: 26441203860
syscr: 9692136
syscw: 1512749
read_bytes: 17569315328
write_bytes: 26444099584
cancelled_write_bytes: 4096

[2020-01-18T18:40:49-08:00]
rchar: 80905372258
wchar: 26707583428
syscr: 9776619
syscw: 1523327
read_bytes: 17642531328
write_bytes: 26710495232
cancelled_write_bytes: 4096

[2020-01-18T18:40:52-08:00]
rchar: 82118675954
wchar: 27354516801
syscr: 9923740
syscw: 1531741
read_bytes: 17693223424
write_bytes: 27357478912
cancelled_write_bytes: 4096

[2020-01-18T18:40:55-08:00]
rchar: 82916774604
wchar: 27784938709
syscr: 10020514
syscw: 1537265
read_bytes: 17726007808
write_bytes: 27787931648
cancelled_write_bytes: 4096

[2020-01-18T18:40:58-08:00]
rchar: 83695283190
wchar: 28151790513
syscr: 10114367
syscw: 1550208
read_bytes: 17853864448
write_bytes: 28154834944
cancelled_write_bytes: 4096

[2020-01-18T18:41:01-08:00]
rchar: 84475244095
wchar: 28615165841
syscr: 10208905
syscw: 1562611
read_bytes: 17930709504
write_bytes: 28618276864
cancelled_write_bytes: 4096

[2020-01-18T18:41:04-08:00]
rchar: 85042681991
wchar: 29012957455
syscr: 10277686
syscw: 1569097
read_bytes: 17973004800
write_bytes: 29016104960
cancelled_write_bytes: 4096

[2020-01-18T18:41:07-08:00]
rchar: 85656520036
wchar: 29432573751
syscr: 10352102
syscw: 1576889
read_bytes: 18023197184
write_bytes: 29435768832
cancelled_write_bytes: 4096

[2020-01-18T18:41:10-08:00]
rchar: 86180396974
wchar: 29800448913
syscr: 10415604
syscw: 1583509
read_bytes: 18064992768
write_bytes: 29803683840
cancelled_write_bytes: 4096

[2020-01-18T18:41:13-08:00]
rchar: 86709641207
wchar: 30314330229
syscr: 10479661
syscw: 1589854
read_bytes: 18102680064
write_bytes: 30317621248
cancelled_write_bytes: 4096

[2020-01-18T18:41:16-08:00]
rchar: 87259893820
wchar: 30607930019
syscr: 10546316
syscw: 1596957
read_bytes: 18148899328
write_bytes: 30611308544
cancelled_write_bytes: 4096

[2020-01-18T18:41:19-08:00]
rchar: 88208549773
wchar: 30712249221
syscr: 10661345
syscw: 1621107
read_bytes: 18311375360
write_bytes: 30715625472
cancelled_write_bytes: 4096

[2020-01-18T18:41:22-08:00]
rchar: 89043086717
wchar: 30806388938
syscr: 10762538
syscw: 1642282
read_bytes: 18457336320
write_bytes: 30809767936
cancelled_write_bytes: 4096

[2020-01-18T18:41:25-08:00]
rchar: 89749031347
wchar: 31041466346
syscr: 10848051
syscw: 1657032
read_bytes: 18553788928
write_bytes: 31044861952
cancelled_write_bytes: 4096

[2020-01-18T18:41:28-08:00]
rchar: 90954352661
wchar: 31144135009
syscr: 10994198
syscw: 1681483
read_bytes: 18710346240
write_bytes: 31147552768
cancelled_write_bytes: 4096

[2020-01-18T18:41:31-08:00]
rchar: 91988325320
wchar: 31233710236
syscr: 11119568
syscw: 1702564
read_bytes: 18845841920
write_bytes: 31237128192
cancelled_write_bytes: 4096

[2020-01-18T18:41:34-08:00]
rchar: 92370940025
wchar: 31434196295
syscr: 11165877
syscw: 1709443
read_bytes: 18888600064
write_bytes: 31437627392
cancelled_write_bytes: 4096

[2020-01-18T18:41:37-08:00]
rchar: 93811094273
wchar: 31532758031
syscr: 11340492
syscw: 1732395
read_bytes: 19037202944
write_bytes: 31536189440
cancelled_write_bytes: 4096

[2020-01-18T18:41:40-08:00]
rchar: 95219708476
wchar: 31631976833
syscr: 11511285
syscw: 1755490
read_bytes: 19183802880
write_bytes: 31635410944
cancelled_write_bytes: 4096

[2020-01-18T18:41:43-08:00]
rchar: 95956624220
wchar: 31912187552
syscr: 11600554
syscw: 1766494
read_bytes: 19252566528
write_bytes: 31915638784
cancelled_write_bytes: 4096

[2020-01-18T18:41:46-08:00]
rchar: 96890361758
wchar: 32403069352
syscr: 11713775
syscw: 1773007
read_bytes: 19289836032
write_bytes: 32406556672
cancelled_write_bytes: 4096

[2020-01-18T18:41:49-08:00]
rchar: 97798416361
wchar: 32889929238
syscr: 11823883
syscw: 1779123
read_bytes: 19325012480
write_bytes: 32893456384
cancelled_write_bytes: 4096

[2020-01-18T18:41:52-08:00]
rchar: 98770867670
wchar: 33401126737
syscr: 11941246
syscw: 1792062
read_bytes: 19401865728
write_bytes: 33404719104
cancelled_write_bytes: 4096

[2020-01-18T18:41:55-08:00]
rchar: 99465151819
wchar: 33841506533
syscr: 12025410
syscw: 1801809
read_bytes: 19461044736
write_bytes: 33845141504
cancelled_write_bytes: 4096

[2020-01-18T18:41:58-08:00]
rchar: 100062850052
wchar: 34168271686
syscr: 12097860
syscw: 1812354
read_bytes: 19559729664
write_bytes: 34171949056
cancelled_write_bytes: 4096

[2020-01-18T18:42:01-08:00]
rchar: 100645297957
wchar: 34451929125
syscr: 12168460
syscw: 1824478
read_bytes: 19682081280
write_bytes: 34455654400
cancelled_write_bytes: 4096

[2020-01-18T18:42:04-08:00]
rchar: 100840695985
wchar: 34759201784
syscr: 12192074
syscw: 1826879
read_bytes: 19694725632
write_bytes: 34762956800
cancelled_write_bytes: 4096

[2020-01-18T18:42:07-08:00]
rchar: 101785629201
wchar: 35230699368
syscr: 12306591
syscw: 1840574
read_bytes: 19772025344
write_bytes: 35234521088
cancelled_write_bytes: 4096

[2020-01-18T18:42:10-08:00]
rchar: 102508296425
wchar: 35642084489
syscr: 12394183
syscw: 1849555
read_bytes: 19824589312
write_bytes: 35645943808
cancelled_write_bytes: 4096

[2020-01-18T18:42:13-08:00]
rchar: 103237270917
wchar: 35946518504
syscr: 12482545
syscw: 1861959
read_bytes: 19899136512
write_bytes: 35950452736
cancelled_write_bytes: 4096

[2020-01-18T18:42:16-08:00]
rchar: 104146649941
wchar: 36048742636
syscr: 12592814
syscw: 1885523
read_bytes: 20046817792
write_bytes: 36052684800
cancelled_write_bytes: 4096

[2020-01-18T18:42:19-08:00]
rchar: 104792766245
wchar: 36279107956
syscr: 12671073
syscw: 1899334
read_bytes: 20128844288
write_bytes: 36283060224
cancelled_write_bytes: 4096

[2020-01-18T18:42:22-08:00]
rchar: 106054255411
wchar: 36385782499
syscr: 12824032
syscw: 1924948
read_bytes: 20279527936
write_bytes: 36389736448
cancelled_write_bytes: 4096

[2020-01-18T18:42:25-08:00]
rchar: 107100449447
wchar: 36476206876
syscr: 12950886
syscw: 1945882
read_bytes: 20405570048
write_bytes: 36480167936
cancelled_write_bytes: 4096

[2020-01-18T18:42:28-08:00]
rchar: 107387919578
wchar: 36671685474
syscr: 12985658
syscw: 1951324
read_bytes: 20435200512
write_bytes: 36675657728
cancelled_write_bytes: 4096

[2020-01-18T18:42:31-08:00]
rchar: 108859202502
wchar: 36773150207
syscr: 13164049
syscw: 1975663
read_bytes: 20575169024
write_bytes: 36777136128
cancelled_write_bytes: 4096

[2020-01-18T18:42:34-08:00]
rchar: 110306611306
wchar: 36874475820
syscr: 13339546
syscw: 1999827
read_bytes: 20713810432
write_bytes: 36878462976
cancelled_write_bytes: 4096

[2020-01-18T18:42:37-08:00]
rchar: 111015920385
wchar: 37155027830
syscr: 13425470
syscw: 2010867
read_bytes: 20774636032
write_bytes: 37159034880
cancelled_write_bytes: 4096

[2020-01-18T18:42:40-08:00]
rchar: 112314422417
wchar: 37815063612
syscr: 13582920
syscw: 2020309
read_bytes: 20823140864
write_bytes: 37819121664
cancelled_write_bytes: 4096

[2020-01-18T18:42:43-08:00]
rchar: 113037668849
wchar: 38202914837
syscr: 13670618
syscw: 2025266
read_bytes: 20848232960
write_bytes: 38207000576
cancelled_write_bytes: 4096

[2020-01-18T18:42:46-08:00]
rchar: 113958585790
wchar: 38663780313
syscr: 13781723
syscw: 2038492
read_bytes: 20920080896
write_bytes: 38668255232
cancelled_write_bytes: 4096

[2020-01-18T18:42:49-08:00]
rchar: 114794105781
wchar: 39170398404
syscr: 13882999
syscw: 2051365
read_bytes: 20988938752
write_bytes: 39174619136
cancelled_write_bytes: 4096

[2020-01-18T18:42:52-08:00]
rchar: 115329686421
wchar: 39528894780
syscr: 13947916
syscw: 2058598
read_bytes: 21027023360
write_bytes: 39533158400
cancelled_write_bytes: 4096

[2020-01-18T18:42:55-08:00]
rchar: 116190138517
wchar: 40077252892
syscr: 14052229
syscw: 2071722
read_bytes: 21097277952
write_bytes: 40081575936
cancelled_write_bytes: 4096

[2020-01-18T18:42:58-08:00]
rchar: 116315036031
wchar: 40339861049
syscr: 14067338
syscw: 2073492
read_bytes: 21105424896
write_bytes: 40344219648
cancelled_write_bytes: 4096

[2020-01-18T18:43:01-08:00]
rchar: 117133222833
wchar: 40776058127
syscr: 14166437
syscw: 2084366
read_bytes: 21162101248
write_bytes: 40780480512
cancelled_write_bytes: 4096

[2020-01-18T18:43:04-08:00]
rchar: 117995616082
wchar: 41247820052
syscr: 14270990
syscw: 2095728
read_bytes: 21221734912
write_bytes: 41252401152
cancelled_write_bytes: 4096

[2020-01-18T18:43:07-08:00]
rchar: 118681270385
wchar: 41447113805
syscr: 14354073
syscw: 2110061
read_bytes: 21331610112
write_bytes: 41451646976
cancelled_write_bytes: 4096

[2020-01-18T18:43:10-08:00]
rchar: 119555758222
wchar: 41546491438
syscr: 14460109
syscw: 2132772
read_bytes: 21461547520
write_bytes: 41551024128
cancelled_write_bytes: 4096

[2020-01-18T18:43:13-08:00]
rchar: 119901710302
wchar: 41750996723
syscr: 14501973
syscw: 2140524
read_bytes: 21503035904
write_bytes: 41755545600
cancelled_write_bytes: 4096

[2020-01-18T18:43:16-08:00]
rchar: 121117366964
wchar: 41853559177
syscr: 14649375
syscw: 2164804
read_bytes: 21638298112
write_bytes: 41858109440
cancelled_write_bytes: 4096

[2020-01-18T18:43:19-08:00]
rchar: 122325422578
wchar: 41958445345
syscr: 14795851
syscw: 2189217
read_bytes: 21774666240
write_bytes: 41962995712
cancelled_write_bytes: 4096

[2020-01-18T18:43:22-08:00]
rchar: 122998892829
wchar: 42184881661
syscr: 14877427
syscw: 2201623
read_bytes: 21841078784
write_bytes: 42189451264
cancelled_write_bytes: 4096

[2020-01-18T18:43:25-08:00]
rchar: 124489514632
wchar: 42286863818
syscr: 15058161
syscw: 2225902
read_bytes: 21972441600
write_bytes: 42291433472
cancelled_write_bytes: 4096

[2020-01-18T18:43:28-08:00]
rchar: 125933511388
wchar: 42389078850
syscr: 15233241
syscw: 2249873
read_bytes: 22102903296
write_bytes: 42393649152
cancelled_write_bytes: 4096

[2020-01-18T18:43:31-08:00]
rchar: 126640687088
wchar: 42753226284
syscr: 15318907
syscw: 2258742
read_bytes: 22148606464
write_bytes: 42757836800
cancelled_write_bytes: 4096

[2020-01-18T18:43:34-08:00]
rchar: 127842062680
wchar: 43390309939
syscr: 15464581
syscw: 2267192
read_bytes: 22188554752
write_bytes: 43394965504
cancelled_write_bytes: 4096

[2020-01-18T18:43:37-08:00]
rchar: 128586731666
wchar: 43783767645
syscr: 15554877
syscw: 2272344
read_bytes: 22213708288
write_bytes: 43788447744
cancelled_write_bytes: 4096

[2020-01-18T18:43:40-08:00]
rchar: 129549838576
wchar: 44305159358
syscr: 15671110
syscw: 2286272
read_bytes: 22284466688
write_bytes: 44309913600
cancelled_write_bytes: 4096

[2020-01-18T18:43:43-08:00]
rchar: 130178129030
wchar: 44701043258
syscr: 15747234
syscw: 2295151
read_bytes: 22328396288
write_bytes: 44705849344
cancelled_write_bytes: 4096

[2020-01-18T18:43:46-08:00]
rchar: 130890087650
wchar: 45150044647
syscr: 15833535
syscw: 2305473
read_bytes: 22380915200
write_bytes: 45154893824
cancelled_write_bytes: 4096

[2020-01-18T18:43:49-08:00]
rchar: 131661139119
wchar: 45640682458
syscr: 15926995
syscw: 2316857
read_bytes: 22436747776
write_bytes: 45645586432
cancelled_write_bytes: 4096

[2020-01-18T18:43:52-08:00]
rchar: 131783405467
wchar: 45889320310
syscr: 15941741
syscw: 2318980
read_bytes: 22445947392
write_bytes: 45894246400
cancelled_write_bytes: 4096

[2020-01-18T18:43:55-08:00]
rchar: 132787478541
wchar: 46421337810
syscr: 16063420
syscw: 2332162
read_bytes: 22510004736
write_bytes: 46426333184
cancelled_write_bytes: 4096

[2020-01-18T18:43:58-08:00]
rchar: 133355011498
wchar: 46773254074
syscr: 16132206
syscw: 2338365
read_bytes: 22539471360
write_bytes: 46779142144
cancelled_write_bytes: 4096

[2020-01-18T18:44:01-08:00]
rchar: 134352913997
wchar: 47196073289
syscr: 16253168
syscw: 2355108
read_bytes: 22656162304
write_bytes: 47201906688
cancelled_write_bytes: 4096

[2020-01-18T18:44:04-08:00]
rchar: 135287886655
wchar: 47513251835
syscr: 16366514
syscw: 2373406
read_bytes: 22812527104
write_bytes: 47518384128
cancelled_write_bytes: 4096

[2020-01-18T18:44:07-08:00]
rchar: 135575560371
wchar: 47594396542
syscr: 16401398
syscw: 2379344
read_bytes: 22873029120
write_bytes: 47599529984
cancelled_write_bytes: 4096

[2020-01-18T18:44:10-08:00]
rchar: 136416985244
wchar: 48064754844
syscr: 16503309
syscw: 2391794
read_bytes: 22962686464
write_bytes: 48069951488
cancelled_write_bytes: 4096

[2020-01-18T18:44:13-08:00]
rchar: 137587716281
wchar: 48337381378
syscr: 16645247
syscw: 2411335
read_bytes: 23126997504
write_bytes: 48342597632
cancelled_write_bytes: 4096

[2020-01-18T18:44:16-08:00]
rchar: 138808386333
wchar: 48442832880
syscr: 16793253
syscw: 2435690
read_bytes: 23252204032
write_bytes: 48448049152
cancelled_write_bytes: 4096

[2020-01-18T18:44:19-08:00]
rchar: 139071062590
wchar: 48637504649
syscr: 16825105
syscw: 2441303
read_bytes: 23278770688
write_bytes: 48642727936
cancelled_write_bytes: 4096

[2020-01-18T18:44:22-08:00]
rchar: 140402292727
wchar: 48728227067
syscr: 16986430
syscw: 2462614
read_bytes: 23385278976
write_bytes: 48733458432
cancelled_write_bytes: 4096

[2020-01-18T18:44:25-08:00]
rchar: 141878641759
wchar: 48830886440
syscr: 17165435
syscw: 2486575
read_bytes: 23503948288
write_bytes: 48836116480
cancelled_write_bytes: 4096

[2020-01-18T18:44:28-08:00]
rchar: 142725089577
wchar: 49063776860
syscr: 17268068
syscw: 2500493
read_bytes: 23572441600
write_bytes: 49069019136
cancelled_write_bytes: 4096

[2020-01-18T18:44:31-08:00]
rchar: 143996794652
wchar: 49654728414
syscr: 17422184
syscw: 2510735
read_bytes: 23617993216
write_bytes: 49660026880
cancelled_write_bytes: 4096

[2020-01-18T18:44:34-08:00]
rchar: 145000922234
wchar: 50116920040
syscr: 17543938
syscw: 2518959
read_bytes: 23653976576
write_bytes: 50122256384
cancelled_write_bytes: 4096

[2020-01-18T18:44:37-08:00]
rchar: 145867308918
wchar: 50525401781
syscr: 17648453
syscw: 2529411
read_bytes: 23703063040
write_bytes: 50531217408
cancelled_write_bytes: 4096

[2020-01-18T18:44:40-08:00]
rchar: 146733126012
wchar: 50972117118
syscr: 17753397
syscw: 2545619
read_bytes: 23780362752
write_bytes: 50977562624
cancelled_write_bytes: 4096

[2020-01-18T18:44:43-08:00]
rchar: 147636933082
wchar: 51492675329
syscr: 17862970
syscw: 2560696
read_bytes: 23851219456
write_bytes: 51498164224
cancelled_write_bytes: 4096

[2020-01-18T18:44:46-08:00]
rchar: 147745869646
wchar: 51678900755
syscr: 17876140
syscw: 2562495
read_bytes: 23858702848
write_bytes: 51684921344
cancelled_write_bytes: 4096

[2020-01-18T18:44:49-08:00]
rchar: 148647028314
wchar: 52164601725
syscr: 17985302
syscw: 2575858
read_bytes: 23918041600
write_bytes: 52170166272
cancelled_write_bytes: 4096

[2020-01-18T18:44:52-08:00]
rchar: 149258004362
wchar: 52490709499
syscr: 18059354
syscw: 2583614
read_bytes: 23954192896
write_bytes: 52496318464
cancelled_write_bytes: 4096

[2020-01-18T18:44:55-08:00]
rchar: 150283053778
wchar: 52928073587
syscr: 18183613
syscw: 2600879
read_bytes: 24031922688
write_bytes: 52933730304
cancelled_write_bytes: 4096

[2020-01-18T18:44:58-08:00]
rchar: 151125299109
wchar: 53297606582
syscr: 18285694
syscw: 2614875
read_bytes: 24114203136
write_bytes: 53303316480
cancelled_write_bytes: 4096

[2020-01-18T18:45:01-08:00]
rchar: 151844671529
wchar: 53735908221
syscr: 18372926
syscw: 2623274
read_bytes: 24150641152
write_bytes: 53741662208
cancelled_write_bytes: 4096

[2020-01-18T18:45:04-08:00]
rchar: 152115058183
wchar: 54064895822
syscr: 18405670
syscw: 2627132
read_bytes: 24166922752
write_bytes: 54070689792
cancelled_write_bytes: 4096

[2020-01-18T18:45:07-08:00]
rchar: 153086535479
wchar: 54296970321
syscr: 18523359
syscw: 2643275
read_bytes: 24298199552
write_bytes: 54302801920
cancelled_write_bytes: 4096

[2020-01-18T18:45:10-08:00]
rchar: 154291550838
wchar: 54569471588
syscr: 18669476
syscw: 2663666
read_bytes: 24472480256
write_bytes: 54575321088
cancelled_write_bytes: 4096

[2020-01-18T18:45:13-08:00]
rchar: 155474630311
wchar: 54854409393
syscr: 18812908
syscw: 2683930
read_bytes: 24637598208
write_bytes: 54860279808
cancelled_write_bytes: 4096

[2020-01-18T18:45:16-08:00]
rchar: 156048449582
wchar: 55137517653
syscr: 18882381
syscw: 2693125
read_bytes: 24712571392
write_bytes: 55143419904
cancelled_write_bytes: 4096

[2020-01-18T18:45:19-08:00]
rchar: 157195369624
wchar: 55420246323
syscr: 19021425
syscw: 2708351
read_bytes: 24821402112
write_bytes: 55426174976
cancelled_write_bytes: 4096

[2020-01-18T18:45:22-08:00]
rchar: 158598972908
wchar: 55711687456
syscr: 19191621
syscw: 2727708
read_bytes: 24984709632
write_bytes: 55717642240
cancelled_write_bytes: 4096

[2020-01-18T18:45:25-08:00]
rchar: 159800842717
wchar: 55835169799
syscr: 19337320
syscw: 2746812
read_bytes: 25091992064
write_bytes: 55841132544
cancelled_write_bytes: 4096

[2020-01-18T18:45:28-08:00]
rchar: 160581608615
wchar: 56308881210
syscr: 19431907
syscw: 2754755
read_bytes: 25123409408
write_bytes: 56314875904
cancelled_write_bytes: 4096

[2020-01-18T18:45:31-08:00]
rchar: 161386472773
wchar: 56748896305
syscr: 19529502
syscw: 2760253
read_bytes: 25145142784
write_bytes: 56754929664
cancelled_write_bytes: 4096

[2020-01-18T18:45:34-08:00]
rchar: 162651940229
wchar: 57404238826
syscr: 19682412
syscw: 2770948
read_bytes: 25188457984
write_bytes: 57410351104
cancelled_write_bytes: 4096

[2020-01-18T18:45:37-08:00]
rchar: 163271753133
wchar: 57799531730
syscr: 19757543
syscw: 2779485
read_bytes: 25224482304
write_bytes: 57805676544
cancelled_write_bytes: 4096

[2020-01-18T18:45:40-08:00]
rchar: 164073617547
wchar: 58292426354
syscr: 19854706
syscw: 2791801
read_bytes: 25274654208
write_bytes: 58298634240
cancelled_write_bytes: 4096

[2020-01-18T18:45:43-08:00]
rchar: 164692222688
wchar: 58703905407
syscr: 19929688
syscw: 2799928
read_bytes: 25309289984
write_bytes: 58710155264
cancelled_write_bytes: 4096

[2020-01-18T18:45:46-08:00]
rchar: 165421431499
wchar: 59159373389
syscr: 20018082
syscw: 2811285
read_bytes: 25357766144
write_bytes: 59166314496
cancelled_write_bytes: 4096

[2020-01-18T18:45:50-08:00]
rchar: 165602378235
wchar: 59475425415
syscr: 20039902
syscw: 2812957
read_bytes: 25363467776
write_bytes: 59481759744
cancelled_write_bytes: 4096

[2020-01-18T18:45:53-08:00]
rchar: 166612811609
wchar: 60014559569
syscr: 20162385
syscw: 2826081
read_bytes: 25417661952
write_bytes: 60020948992
cancelled_write_bytes: 4096

[2020-01-18T18:45:56-08:00]
rchar: 167612535248
wchar: 60395231428
syscr: 20283556
syscw: 2843149
read_bytes: 25530670592
write_bytes: 60401672192
cancelled_write_bytes: 4096

[2020-01-18T18:45:59-08:00]
rchar: 168374669487
wchar: 60599026372
syscr: 20375974
syscw: 2859275
read_bytes: 25662389760
write_bytes: 60605480960
cancelled_write_bytes: 4096

[2020-01-18T18:46:02-08:00]
rchar: 169041109678
wchar: 60813110369
syscr: 20456762
syscw: 2872420
read_bytes: 25766907392
write_bytes: 60819595264
cancelled_write_bytes: 4096

[2020-01-18T18:46:05-08:00]
rchar: 170034550287
wchar: 61197045603
syscr: 20577139
syscw: 2889464
read_bytes: 25904778752
write_bytes: 61203574784
cancelled_write_bytes: 4096

[2020-01-18T18:46:08-08:00]
rchar: 171121860978
wchar: 61630310730
syscr: 20708960
syscw: 2903746
read_bytes: 25987907072
write_bytes: 61636886528
cancelled_write_bytes: 4096

[2020-01-18T18:46:11-08:00]
rchar: 171927443492
wchar: 61900902344
syscr: 20806593
syscw: 2915742
read_bytes: 26069192192
write_bytes: 61907501056
cancelled_write_bytes: 4096

[2020-01-18T18:46:14-08:00]
rchar: 172888659232
wchar: 62119581059
syscr: 20923150
syscw: 2932014
read_bytes: 26203655680
write_bytes: 62126202880
cancelled_write_bytes: 4096

[2020-01-18T18:46:17-08:00]
rchar: 173835972391
wchar: 62470127468
syscr: 21037900
syscw: 2946361
read_bytes: 26314190336
write_bytes: 62476779520
cancelled_write_bytes: 4096

[2020-01-18T18:46:20-08:00]
rchar: 175220206007
wchar: 62758680220
syscr: 21205746
syscw: 2965795
read_bytes: 26467098112
write_bytes: 62765350912
cancelled_write_bytes: 4096

[2020-01-18T18:46:23-08:00]
rchar: 175942105488
wchar: 63100830938
syscr: 21293254
syscw: 2972489
read_bytes: 26492194304
write_bytes: 63107538944
cancelled_write_bytes: 4096

[2020-01-18T18:46:26-08:00]
rchar: 177140879243
wchar: 63189409360
syscr: 21438572
syscw: 2992696
read_bytes: 26572058112
write_bytes: 63196123136
cancelled_write_bytes: 4096

[2020-01-18T18:46:29-08:00]
rchar: 177862109709
wchar: 63659075220
syscr: 21525941
syscw: 2999873
read_bytes: 26597477888
write_bytes: 63665815552
cancelled_write_bytes: 4096

[2020-01-18T18:46:32-08:00]
rchar: 178795982049
wchar: 64096020445
syscr: 21639178
syscw: 3007468
read_bytes: 26624884224
write_bytes: 64102805504
cancelled_write_bytes: 4096

[2020-01-18T18:46:35-08:00]
rchar: 180110299720
wchar: 64721325124
syscr: 21798024
syscw: 3019078
read_bytes: 26666905088
write_bytes: 64728154112
cancelled_write_bytes: 4096

[2020-01-18T18:46:38-08:00]
rchar: 180666833728
wchar: 65047275704
syscr: 21865491
syscw: 3028060
read_bytes: 26701127168
write_bytes: 65054158848
cancelled_write_bytes: 4096

[2020-01-18T18:46:41-08:00]
rchar: 181575991593
wchar: 65581867366
syscr: 21975669
syscw: 3043107
read_bytes: 26758073856
write_bytes: 65588822016
cancelled_write_bytes: 4096

[2020-01-18T18:46:44-08:00]
rchar: 182459238810
wchar: 66124572859
syscr: 22082743
syscw: 3057204
read_bytes: 26810818048
write_bytes: 66131582976
cancelled_write_bytes: 4096

[2020-01-18T18:46:47-08:00]
rchar: 182594781133
wchar: 66399233494
syscr: 22099183
syscw: 3058788
read_bytes: 26815880704
write_bytes: 66406260736
cancelled_write_bytes: 4096

[2020-01-18T18:46:50-08:00]
rchar: 183573137022
wchar: 66884116616
syscr: 22217652
syscw: 3072548
read_bytes: 26868002304
write_bytes: 66891210752
cancelled_write_bytes: 4096

[2020-01-18T18:46:53-08:00]
rchar: 184165987797
wchar: 67215077612
syscr: 22289497
syscw: 3079978
read_bytes: 26895793664
write_bytes: 67222208512
cancelled_write_bytes: 4096

[2020-01-18T18:46:56-08:00]
rchar: 185192267314
wchar: 67618721376
syscr: 22413923
syscw: 3097639
read_bytes: 27001277952
write_bytes: 67625889792
cancelled_write_bytes: 4096

[2020-01-18T18:46:59-08:00]
rchar: 186141313882
wchar: 67879607067
syscr: 22528976
syscw: 3117227
read_bytes: 27155176960
write_bytes: 67886804992
cancelled_write_bytes: 4096

[2020-01-18T18:47:02-08:00]
rchar: 186238613693
wchar: 68077767639
syscr: 22540777
syscw: 3119664
read_bytes: 27170225664
write_bytes: 68084965376
cancelled_write_bytes: 4096

[2020-01-18T18:47:05-08:00]
rchar: 187385141157
wchar: 68325212703
syscr: 22679718
syscw: 3138328
read_bytes: 27311336960
write_bytes: 68332552192
cancelled_write_bytes: 4096

[2020-01-18T18:47:08-08:00]
rchar: 188591233703
wchar: 68599796765
syscr: 22825944
syscw: 3157932
read_bytes: 27458321920
write_bytes: 68607426560
cancelled_write_bytes: 4096

[2020-01-18T18:47:11-08:00]
rchar: 189742814332
wchar: 68878064253
syscr: 22965565
syscw: 3176828
read_bytes: 27593063936
write_bytes: 68885377024
cancelled_write_bytes: 4096

[2020-01-18T18:47:14-08:00]
rchar: 189952259227
wchar: 69088895299
syscr: 22990878
syscw: 3180741
read_bytes: 27616095744
write_bytes: 69096218624
cancelled_write_bytes: 4096

[2020-01-18T18:47:17-08:00]
rchar: 191386133819
wchar: 69348426111
syscr: 23164704
syscw: 3200870
read_bytes: 27764039168
write_bytes: 69355778048
cancelled_write_bytes: 4096

[2020-01-18T18:47:20-08:00]
rchar: 192301131538
wchar: 69724608158
syscr: 23275617
syscw: 3210858
read_bytes: 27798765056
write_bytes: 69732003840
cancelled_write_bytes: 4096

[2020-01-18T18:47:23-08:00]
rchar: 193671058993
wchar: 69977077976
syscr: 23441724
syscw: 3230783
read_bytes: 27942546944
write_bytes: 69984485376
cancelled_write_bytes: 4096

[2020-01-18T18:47:26-08:00]
rchar: 194383816589
wchar: 70272597041
syscr: 23528068
syscw: 3241567
read_bytes: 28013108736
write_bytes: 70280032256
cancelled_write_bytes: 4096

[2020-01-18T18:47:29-08:00]
rchar: 195473073920
wchar: 70594915209
syscr: 23660104
syscw: 3252514
read_bytes: 28082736640
write_bytes: 70602375168
cancelled_write_bytes: 4096

[2020-01-18T18:47:32-08:00]
rchar: 196674127902
wchar: 71162147623
syscr: 23805738
syscw: 3261971
read_bytes: 28114284032
write_bytes: 71169654784
cancelled_write_bytes: 4096

[2020-01-18T18:47:35-08:00]
rchar: 197482099974
wchar: 71559816721
syscr: 23903709
syscw: 3268264
read_bytes: 28134739456
write_bytes: 71567351808
cancelled_write_bytes: 4096

[2020-01-18T18:47:38-08:00]
rchar: 198473577928
wchar: 72079785313
syscr: 24023386
syscw: 3284184
read_bytes: 28188691968
write_bytes: 72087396352
cancelled_write_bytes: 4096

[2020-01-18T18:47:41-08:00]
rchar: 199159849715
wchar: 72498039960
syscr: 24106549
syscw: 3295149
read_bytes: 28225449472
write_bytes: 72505798656
cancelled_write_bytes: 4096

[2020-01-18T18:47:44-08:00]
rchar: 199677426842
wchar: 72904177551
syscr: 24169284
syscw: 3303716
read_bytes: 28254154240
write_bytes: 72911896576
cancelled_write_bytes: 4096

[2020-01-18T18:47:47-08:00]
rchar: 200177420658
wchar: 73277822408
syscr: 24229820
syscw: 3310064
read_bytes: 28275056128
write_bytes: 73285578752
cancelled_write_bytes: 4096

[2020-01-18T18:47:50-08:00]
rchar: 201191018266
wchar: 73758858818
syscr: 24352695
syscw: 3325073
read_bytes: 28325273088
write_bytes: 73766666240
cancelled_write_bytes: 4096

[2020-01-18T18:47:53-08:00]
rchar: 202088004007
wchar: 74214316710
syscr: 24461426
syscw: 3337851
read_bytes: 28368178688
write_bytes: 74222587904
cancelled_write_bytes: 4096

[2020-01-18T18:47:56-08:00]
rchar: 202950988898
wchar: 74437393586
syscr: 24566021
syscw: 3356899
read_bytes: 28491836928
write_bytes: 74445279232
cancelled_write_bytes: 4096

[2020-01-18T18:47:59-08:00]
rchar: 203488040623
wchar: 74733626303
syscr: 24631062
syscw: 3368816
read_bytes: 28561169920
write_bytes: 74741530624
cancelled_write_bytes: 4096

[2020-01-18T18:48:02-08:00]
rchar: 204443501048
wchar: 75003943190
syscr: 24746874
syscw: 3383888
read_bytes: 28642483712
write_bytes: 75011866624
cancelled_write_bytes: 4096

[2020-01-18T18:48:05-08:00]
rchar: 205668859317
wchar: 75298611149
syscr: 24895459
syscw: 3403994
read_bytes: 28769857024
write_bytes: 75306561536
cancelled_write_bytes: 4096

[2020-01-18T18:48:08-08:00]
rchar: 206929622564
wchar: 75781363560
syscr: 25048298
syscw: 3421610
read_bytes: 28849110528
write_bytes: 75789373440
cancelled_write_bytes: 4096

[2020-01-18T18:48:11-08:00]
rchar: 207308733372
wchar: 76005437414
syscr: 25094270
syscw: 3428699
read_bytes: 28891450880
write_bytes: 76013465600
cancelled_write_bytes: 4096

[2020-01-18T18:48:14-08:00]
rchar: 208336751400
wchar: 76218547110
syscr: 25218836
syscw: 3443332
read_bytes: 28989779456
write_bytes: 76226600960
cancelled_write_bytes: 4096

[2020-01-18T18:48:17-08:00]
rchar: 209758665720
wchar: 76704136580
syscr: 25391179
syscw: 3459723
read_bytes: 29053029888
write_bytes: 76712730624
cancelled_write_bytes: 4096

[2020-01-18T18:48:20-08:00]
rchar: 211220065045
wchar: 77033502138
syscr: 25568382
syscw: 3479480
read_bytes: 29177601536
write_bytes: 77041631232
cancelled_write_bytes: 4096

[2020-01-18T18:48:23-08:00]
rchar: 211813037853
wchar: 77143220303
syscr: 25640235
syscw: 3488119
read_bytes: 29234884096
write_bytes: 77151371264
cancelled_write_bytes: 4096

[2020-01-18T18:48:26-08:00]
rchar: 212765841786
wchar: 77464195615
syscr: 25755680
syscw: 3500652
read_bytes: 29312781824
write_bytes: 77472366592
cancelled_write_bytes: 4096

[2020-01-18T18:48:29-08:00]
rchar: 214414406067
wchar: 77829638244
syscr: 25955578
syscw: 3519450
read_bytes: 29414649344
write_bytes: 77837840384
cancelled_write_bytes: 4096

[2020-01-18T18:48:32-08:00]
rchar: 215159472246
wchar: 78170331248
syscr: 26045868
syscw: 3525602
read_bytes: 29433269760
write_bytes: 78178553856
cancelled_write_bytes: 4096

[2020-01-18T18:48:35-08:00]
rchar: 216543367280
wchar: 78817045100
syscr: 26213671
syscw: 3536988
read_bytes: 29466373632
write_bytes: 78825324544
cancelled_write_bytes: 4096

[2020-01-18T18:48:38-08:00]
rchar: 217766025641
wchar: 79421952325
syscr: 26361386
syscw: 3550565
read_bytes: 29506964992
write_bytes: 79430275072
cancelled_write_bytes: 4096

[2020-01-18T18:48:41-08:00]
rchar: 217891629858
wchar: 79651077211
syscr: 26376619
syscw: 3553522
read_bytes: 29515144704
write_bytes: 79659429888
cancelled_write_bytes: 4096

[2020-01-18T18:48:44-08:00]
rchar: 218858635430
wchar: 80118286990
syscr: 26493729
syscw: 3567355
read_bytes: 29555850752
write_bytes: 80126705664
cancelled_write_bytes: 4096

[2020-01-18T18:48:47-08:00]
rchar: 219980900637
wchar: 80598183068
syscr: 26629786
syscw: 3584598
read_bytes: 29610020352
write_bytes: 80607313920
cancelled_write_bytes: 4096

[2020-01-18T18:48:50-08:00]
rchar: 220671725686
wchar: 80932935548
syscr: 26713518
syscw: 3594526
read_bytes: 29640494592
write_bytes: 80941436928
cancelled_write_bytes: 4096

[2020-01-18T18:48:53-08:00]
rchar: 221709357682
wchar: 81409922088
syscr: 26839258
syscw: 3610979
read_bytes: 29689314816
write_bytes: 81418477568
cancelled_write_bytes: 4096

[2020-01-18T18:48:56-08:00]
rchar: 222092153659
wchar: 81784362177
syscr: 26885597
syscw: 3616447
read_bytes: 29705043456
write_bytes: 81792942080
cancelled_write_bytes: 4096

[2020-01-18T18:48:59-08:00]
rchar: 223057371852
wchar: 82144844945
syscr: 27002599
syscw: 3629467
read_bytes: 29743877632
write_bytes: 82153811968
cancelled_write_bytes: 4096

[2020-01-18T18:49:02-08:00]
rchar: 224329601756
wchar: 82536705295
syscr: 27156813
syscw: 3648750
read_bytes: 29820624384
write_bytes: 82545377280
cancelled_write_bytes: 4096

[2020-01-18T18:49:05-08:00]
rchar: 225560547085
wchar: 82806457609
syscr: 27306074
syscw: 3669476
read_bytes: 29945982464
write_bytes: 82815152128
cancelled_write_bytes: 4096

[2020-01-18T18:49:08-08:00]
rchar: 226079701161
wchar: 83075568467
syscr: 27369029
syscw: 3679271
read_bytes: 29995970048
write_bytes: 83084271616
cancelled_write_bytes: 4096

[2020-01-18T18:49:11-08:00]
rchar: 227499692062
wchar: 83325063168
syscr: 27541088
syscw: 3698993
read_bytes: 30119230976
write_bytes: 83333820416
cancelled_write_bytes: 4096

[2020-01-18T18:49:14-08:00]
rchar: 228762559980
wchar: 83535367258
syscr: 27694214
syscw: 3717368
read_bytes: 30224662016
write_bytes: 83544133632
cancelled_write_bytes: 4096

[2020-01-18T18:49:17-08:00]
rchar: 230050009026
wchar: 83762692597
syscr: 27850292
syscw: 3736167
read_bytes: 30337355264
write_bytes: 83771482112
cancelled_write_bytes: 4096

[2020-01-18T18:49:20-08:00]
rchar: 231074028229
wchar: 84085319129
syscr: 27974373
syscw: 3749550
read_bytes: 30410731008
write_bytes: 84094132224
cancelled_write_bytes: 4096

[2020-01-18T18:49:23-08:00]
rchar: 232816247696
wchar: 84384448150
syscr: 28185622
syscw: 3770968
read_bytes: 30525677056
write_bytes: 84393279488
cancelled_write_bytes: 4096

[2020-01-18T18:49:26-08:00]
rchar: 233793107616
wchar: 84793916956
syscr: 28304021
syscw: 3779621
read_bytes: 30549642752
write_bytes: 84802789376
cancelled_write_bytes: 4096

[2020-01-18T18:49:29-08:00]
rchar: 235109632994
wchar: 85400254064
syscr: 28463654
syscw: 3790659
read_bytes: 30577966592
write_bytes: 85409165312
cancelled_write_bytes: 4096

[2020-01-18T18:49:32-08:00]
rchar: 236063373789
wchar: 85835841115
syscr: 28578744
syscw: 3800193
read_bytes: 30603759104
write_bytes: 85844795392
cancelled_write_bytes: 4096

[2020-01-18T18:49:35-08:00]
rchar: 236365518686
wchar: 86163231753
syscr: 28615303
syscw: 3805347
read_bytes: 30617447936
write_bytes: 86172233728
cancelled_write_bytes: 4096

[2020-01-18T18:49:38-08:00]
rchar: 237422834206
wchar: 86647435818
syscr: 28743449
syscw: 3820785
read_bytes: 30660591104
write_bytes: 86656491520
cancelled_write_bytes: 4096

[2020-01-18T18:49:41-08:00]
rchar: 238143442862
wchar: 87009823317
syscr: 28830800
syscw: 3830555
read_bytes: 30687596032
write_bytes: 87018930176
cancelled_write_bytes: 4096

[2020-01-18T18:49:44-08:00]
rchar: 239304941390
wchar: 87568851168
syscr: 28971593
syscw: 3847754
read_bytes: 30734843392
write_bytes: 87578013696
cancelled_write_bytes: 4096

[2020-01-18T18:49:47-08:00]
rchar: 240120618187
wchar: 87998442295
syscr: 29070462
syscw: 3859146
read_bytes: 30765764096
write_bytes: 88007643136
cancelled_write_bytes: 4096

[2020-01-18T18:49:50-08:00]
rchar: 240612007426
wchar: 88393427397
syscr: 29130005
syscw: 3866437
read_bytes: 30785175040
write_bytes: 88402661376
cancelled_write_bytes: 4096

[2020-01-18T18:49:53-08:00]
rchar: 241211411012
wchar: 88666378112
syscr: 29202558
syscw: 3874384
read_bytes: 30806265344
write_bytes: 88675647488
cancelled_write_bytes: 4096

[2020-01-18T18:49:56-08:00]
rchar: 242567344896
wchar: 89143712020
syscr: 29366930
syscw: 3893609
read_bytes: 30870203904
write_bytes: 89153036288
cancelled_write_bytes: 4096

[2020-01-18T18:49:59-08:00]
rchar: 243831195025
wchar: 89401947632
syscr: 29520179
syscw: 3915505
read_bytes: 30990499328
write_bytes: 89411284992
cancelled_write_bytes: 4096

[2020-01-18T18:50:02-08:00]
rchar: 244507985362
wchar: 89559806363
syscr: 29602212
syscw: 3927736
read_bytes: 31053008384
write_bytes: 89569546240
cancelled_write_bytes: 4096

[2020-01-18T18:50:05-08:00]
rchar: 245780126828
wchar: 89917697621
syscr: 29756378
syscw: 3945966
read_bytes: 31153192448
write_bytes: 89927077888
cancelled_write_bytes: 4096

[2020-01-18T18:50:08-08:00]
rchar: 247290546130
wchar: 90179254155
syscr: 29939521
syscw: 3966974
read_bytes: 31273180672
write_bytes: 90188660736
cancelled_write_bytes: 4096

[2020-01-18T18:50:11-08:00]
rchar: 248543099751
wchar: 90390879405
syscr: 30091349
syscw: 3985632
read_bytes: 31369756160
write_bytes: 90400309248
cancelled_write_bytes: 4096

[2020-01-18T18:50:14-08:00]
rchar: 249314911631
wchar: 90669491557
syscr: 30184849
syscw: 3996403
read_bytes: 31419002368
write_bytes: 90678947840
cancelled_write_bytes: 4096

[2020-01-18T18:50:17-08:00]
rchar: 251040695738
wchar: 90928144723
syscr: 30394104
syscw: 4017936
read_bytes: 31535705600
write_bytes: 90937614336
cancelled_write_bytes: 4096

[2020-01-18T18:50:20-08:00]
rchar: 252543311264
wchar: 91281925477
syscr: 30576248
syscw: 4035010
read_bytes: 31614082560
write_bytes: 91291426816
cancelled_write_bytes: 4096

[2020-01-18T18:50:23-08:00]
rchar: 253580435829
wchar: 91719410266
syscr: 30702004
syscw: 4044404
read_bytes: 31636372992
write_bytes: 91729219584
cancelled_write_bytes: 4096

[2020-01-18T18:50:26-08:00]
rchar: 254299371387
wchar: 92144494459
syscr: 30789181
syscw: 4051019
read_bytes: 31651204608
write_bytes: 92154056704
cancelled_write_bytes: 4096

[2020-01-18T18:50:29-08:00]
rchar: 255193039864
wchar: 92545638387
syscr: 30897459
syscw: 4058487
read_bytes: 31668645376
write_bytes: 92555235328
cancelled_write_bytes: 4096

[2020-01-18T18:50:32-08:00]
rchar: 256510291150
wchar: 93100572561
syscr: 31056595
syscw: 4075648
read_bytes: 31712689664
write_bytes: 93110231040
cancelled_write_bytes: 4096

[2020-01-18T18:50:35-08:00]
rchar: 257202292043
wchar: 93450035379
syscr: 31140483
syscw: 4085091
read_bytes: 31736458752
write_bytes: 93459730432
cancelled_write_bytes: 4096

[2020-01-18T18:50:38-08:00]
rchar: 258310462845
wchar: 93978875910
syscr: 31274803
syscw: 4101527
read_bytes: 31776886272
write_bytes: 93988651008
cancelled_write_bytes: 4096

[2020-01-18T18:50:41-08:00]
rchar: 259100985783
wchar: 94394169918
syscr: 31370630
syscw: 4112590
read_bytes: 31803469312
write_bytes: 94403985408
cancelled_write_bytes: 4096

[2020-01-18T18:50:44-08:00]
rchar: 259586895577
wchar: 94763589781
syscr: 31429425
syscw: 4120144
read_bytes: 31820992000
write_bytes: 94773452800
cancelled_write_bytes: 4096

[2020-01-18T18:50:47-08:00]
rchar: 260476869554
wchar: 95163618373
syscr: 31537304
syscw: 4130884
read_bytes: 31846350336
write_bytes: 95173529600
cancelled_write_bytes: 4096

[2020-01-18T18:50:50-08:00]
rchar: 261718350528
wchar: 95511770346
syscr: 31687801
syscw: 4150190
read_bytes: 31930818048
write_bytes: 95521714176
cancelled_write_bytes: 4096

[2020-01-18T18:50:53-08:00]
rchar: 263062632968
wchar: 95778375425
syscr: 31850804
syscw: 4173821
read_bytes: 32047894016
write_bytes: 95788339200
cancelled_write_bytes: 4096

[2020-01-18T18:50:56-08:00]
rchar: 263262331149
wchar: 95937721369
syscr: 31875021
syscw: 4177586
read_bytes: 32063581696
write_bytes: 95947685888
cancelled_write_bytes: 4096

[2020-01-18T18:50:59-08:00]
rchar: 264594545001
wchar: 96209243980
syscr: 32036439
syscw: 4197222
read_bytes: 32155418112
write_bytes: 96219246592
cancelled_write_bytes: 4096

[2020-01-18T18:51:02-08:00]
rchar: 266143696572
wchar: 96471383380
syscr: 32224277
syscw: 4219545
read_bytes: 32266427904
write_bytes: 96481402880
cancelled_write_bytes: 4096

[2020-01-18T18:51:05-08:00]
rchar: 267329660299
wchar: 96671286344
syscr: 32368038
syscw: 4236390
read_bytes: 32349511168
write_bytes: 96681328640
cancelled_write_bytes: 4096

[2020-01-18T18:51:08-08:00]
rchar: 267823462010
wchar: 96912359499
syscr: 32427828
syscw: 4243568
read_bytes: 32379014656
write_bytes: 96922427392
cancelled_write_bytes: 4096

[2020-01-18T18:51:11-08:00]
rchar: 269588076602
wchar: 97171175061
syscr: 32641791
syscw: 4265492
read_bytes: 32487898624
write_bytes: 97181270016
cancelled_write_bytes: 4096

[2020-01-18T18:51:14-08:00]
rchar: 271335484467
wchar: 97452198822
syscr: 32853626
syscw: 4287708
read_bytes: 32589422080
write_bytes: 97462317056
cancelled_write_bytes: 4096

[2020-01-18T18:51:17-08:00]
rchar: 272306008104
wchar: 97875471073
syscr: 32971305
syscw: 4296290
read_bytes: 32607489536
write_bytes: 97885614080
cancelled_write_bytes: 4096

[2020-01-18T18:51:20-08:00]
rchar: 273062423446
wchar: 98341871497
syscr: 33062942
syscw: 4303643
read_bytes: 32622960128
write_bytes: 98352050176
cancelled_write_bytes: 4096

[2020-01-18T18:51:23-08:00]
rchar: 273952787627
wchar: 98696328711
syscr: 33170904
syscw: 4310619
read_bytes: 32638078464
write_bytes: 98706534400
cancelled_write_bytes: 4096

[2020-01-18T18:51:26-08:00]
rchar: 275416558043
wchar: 99297928864
syscr: 33347782
syscw: 4326956
read_bytes: 32673930752
write_bytes: 99308199936
cancelled_write_bytes: 4096

[2020-01-18T18:51:29-08:00]
rchar: 276515386770
wchar: 99748050844
syscr: 33480990
syscw: 4344716
read_bytes: 32714374656
write_bytes: 99758370816
cancelled_write_bytes: 4096

[2020-01-18T18:51:32-08:00]
rchar: 277434456443
wchar: 100185690095
syscr: 33592405
syscw: 4358253
read_bytes: 32745340416
write_bytes: 100196052992
cancelled_write_bytes: 4096

[2020-01-18T18:51:35-08:00]
rchar: 277866165772
wchar: 100415129230
syscr: 33644716
syscw: 4364166
read_bytes: 32758164992
write_bytes: 100425519104
cancelled_write_bytes: 4096

[2020-01-18T18:51:38-08:00]
rchar: 278785232494
wchar: 100921218123
syscr: 33756032
syscw: 4378155
read_bytes: 32787414528
write_bytes: 100931665920
cancelled_write_bytes: 4096

[2020-01-18T18:51:41-08:00]
rchar: 279769499439
wchar: 101322134796
syscr: 33875354
syscw: 4391151
read_bytes: 32815549952
write_bytes: 101332623360
cancelled_write_bytes: 4096

[2020-01-18T18:51:44-08:00]
rchar: 281048396421
wchar: 101885351565
syscr: 34030386
syscw: 4407340
read_bytes: 32850087424
write_bytes: 101895888896
cancelled_write_bytes: 4096

[2020-01-18T18:51:47-08:00]
rchar: 282433374392
wchar: 102352280775
syscr: 34198251
syscw: 4427222
read_bytes: 32902282752
write_bytes: 102362877952
cancelled_write_bytes: 4096

[2020-01-18T18:51:50-08:00]
rchar: 282784587362
wchar: 102578264330
syscr: 34240753
syscw: 4433777
read_bytes: 32924585472
write_bytes: 102588878848
cancelled_write_bytes: 4096

[2020-01-18T18:51:53-08:00]
rchar: 284261512197
wchar: 102819912025
syscr: 34419835
syscw: 4455164
read_bytes: 33020636672
write_bytes: 102830546944
cancelled_write_bytes: 4096

[2020-01-18T18:51:56-08:00]
rchar: 285808629044
wchar: 103076726905
syscr: 34607390
syscw: 4478056
read_bytes: 33123036672
write_bytes: 103087386624
cancelled_write_bytes: 4096

[2020-01-18T18:51:59-08:00]
rchar: 286762270743
wchar: 103401972254
syscr: 34723023
syscw: 4492567
read_bytes: 33183055360
write_bytes: 103412637696
cancelled_write_bytes: 4096

[2020-01-18T18:52:02-08:00]
rchar: 287579543502
wchar: 103830558025
syscr: 34822056
syscw: 4498419
read_bytes: 33268003328
write_bytes: 103841288192
cancelled_write_bytes: 4096

[2020-01-18T18:52:05-08:00]
rchar: 288784770218
wchar: 104453092256
syscr: 34968200
syscw: 4506735
read_bytes: 33407123968
write_bytes: 104463831040
cancelled_write_bytes: 4096

[2020-01-18T18:52:08-08:00]
rchar: 289568484810
wchar: 104852735807
syscr: 35063232
syscw: 4512406
read_bytes: 33490219520
write_bytes: 104863498240
cancelled_write_bytes: 4096

[2020-01-18T18:52:11-08:00]
rchar: 290433916269
wchar: 105308670716
syscr: 35168193
syscw: 4518550
read_bytes: 33580859904
write_bytes: 105319546880
cancelled_write_bytes: 4096

[2020-01-18T18:52:14-08:00]
rchar: 291343720664
wchar: 105767891835
syscr: 35278516
syscw: 4524961
read_bytes: 33681633792
write_bytes: 105778778112
cancelled_write_bytes: 4096

[2020-01-18T18:52:17-08:00]
rchar: 292264051110
wchar: 106245340531
syscr: 35390114
syscw: 4531588
read_bytes: 33781830144
write_bytes: 106256248832
cancelled_write_bytes: 4096

[2020-01-18T18:52:20-08:00]
rchar: 293126673567
wchar: 106659123976
syscr: 35494716
syscw: 4538117
read_bytes: 33881670144
write_bytes: 106671710208
cancelled_write_bytes: 4096

[2020-01-18T18:52:23-08:00]
rchar: 293856928277
wchar: 107051411723
syscr: 35583284
syscw: 4543161
read_bytes: 33945014784
write_bytes: 107062427648
cancelled_write_bytes: 4096

[2020-01-18T18:52:26-08:00]
rchar: 294739807119
wchar: 107542503604
syscr: 35689745
syscw: 4551031
read_bytes: 34086023680
write_bytes: 107553550336
cancelled_write_bytes: 4096

[2020-01-18T18:52:29-08:00]
rchar: 295303218078
wchar: 107910492941
syscr: 35758072
syscw: 4557239
read_bytes: 34203513344
write_bytes: 107921547264
cancelled_write_bytes: 4096

[2020-01-18T18:52:32-08:00]
rchar: 295634629613
wchar: 108297203952
syscr: 35798247
syscw: 4561557
read_bytes: 34247770624
write_bytes: 108308303872
cancelled_write_bytes: 4096

[2020-01-18T18:52:35-08:00]
rchar: 296101655442
wchar: 108586561748
syscr: 35854811
syscw: 4566140
read_bytes: 34297963008
write_bytes: 108597723136
cancelled_write_bytes: 4096

[2020-01-18T18:52:39-08:00]
rchar: 297165783444
wchar: 109183661398
syscr: 35983812
syscw: 4576848
read_bytes: 34487710208
write_bytes: 109194850304
cancelled_write_bytes: 4096

[2020-01-18T18:52:42-08:00]
rchar: 297787565925
wchar: 109519747806
syscr: 36059223
syscw: 4583933
read_bytes: 34595078656
write_bytes: 109531017216
cancelled_write_bytes: 4096

[2020-01-18T18:52:45-08:00]
rchar: 298848010169
wchar: 110108069819
syscr: 36187777
syscw: 4594737
read_bytes: 34782343680
write_bytes: 110119366656
cancelled_write_bytes: 4096

[2020-01-18T18:52:48-08:00]
rchar: 299372310738
wchar: 110394512718
syscr: 36251318
syscw: 4600592
read_bytes: 34853155328
write_bytes: 110405881856
cancelled_write_bytes: 4096

[2020-01-18T18:52:51-08:00]
rchar: 300398332295
wchar: 110964819017
syscr: 36375657
syscw: 4611718
read_bytes: 35012542976
write_bytes: 110976237568
cancelled_write_bytes: 4096

[2020-01-18T18:52:54-08:00]
rchar: 300974022149
wchar: 111189273211
syscr: 36445189
syscw: 4621647
read_bytes: 35085337088
write_bytes: 111200763904
cancelled_write_bytes: 4096

[2020-01-18T18:52:57-08:00]
rchar: 301899199901
wchar: 111471233722
syscr: 36557138
syscw: 4639856
read_bytes: 35127288320
write_bytes: 111482785792
cancelled_write_bytes: 4096

[2020-01-18T18:53:00-08:00]
rchar: 303103735523
wchar: 111893418840
syscr: 36703172
syscw: 4656688
read_bytes: 35156234752
write_bytes: 111905021952
cancelled_write_bytes: 4096

[2020-01-18T18:53:03-08:00]
rchar: 304354615097
wchar: 112366072859
syscr: 36854816
syscw: 4673868
read_bytes: 35185115648
write_bytes: 112377729024
cancelled_write_bytes: 4096

[2020-01-18T18:53:06-08:00]
rchar: 305147319802
wchar: 112690195322
syscr: 36950906
syscw: 4684536
read_bytes: 35202744832
write_bytes: 112701898752
cancelled_write_bytes: 4096

[2020-01-18T18:53:09-08:00]
rchar: 305933197015
wchar: 113123702843
syscr: 37046077
syscw: 4694738
read_bytes: 35219567104
write_bytes: 113135456256
cancelled_write_bytes: 4096

[2020-01-18T18:53:12-08:00]
rchar: 307345241930
wchar: 113617222094
syscr: 37217260
syscw: 4711232
read_bytes: 35246584320
write_bytes: 113629044736
cancelled_write_bytes: 4096

[2020-01-18T18:53:15-08:00]
rchar: 308745383653
wchar: 114061821527
syscr: 37386991
syscw: 4728863
read_bytes: 35274801664
write_bytes: 114073677824
cancelled_write_bytes: 4096

[2020-01-18T18:53:18-08:00]
rchar: 310009709744
wchar: 114471703103
syscr: 37540209
syscw: 4744805
read_bytes: 35301011968
write_bytes: 114483621888
cancelled_write_bytes: 4096

[2020-01-18T18:53:21-08:00]
rchar: 310640167358
wchar: 114915551781
syscr: 37616661
syscw: 4751988
read_bytes: 35312083456
write_bytes: 114928357376
cancelled_write_bytes: 4096

[2020-01-18T18:53:24-08:00]
rchar: 311697075129
wchar: 115280760039
syscr: 37744684
syscw: 4762891
read_bytes: 35329696256
write_bytes: 115292778496
cancelled_write_bytes: 4096

[2020-01-18T18:53:27-08:00]
rchar: 312862805217
wchar: 115768481172
syscr: 37886033
syscw: 4773451
read_bytes: 35345699328
write_bytes: 115780538368
cancelled_write_bytes: 4096

[2020-01-18T18:53:30-08:00]
rchar: 314334794436
wchar: 116324643769
syscr: 38064521
syscw: 4787726
read_bytes: 35368796672
write_bytes: 116336746496
cancelled_write_bytes: 4096

[2020-01-18T18:53:33-08:00]
rchar: 315286925040
wchar: 116723329893
syscr: 38179393
syscw: 4802794
read_bytes: 35393610240
write_bytes: 116735479808
cancelled_write_bytes: 4096

[2020-01-18T18:53:36-08:00]
rchar: 315836676112
wchar: 117010387267
syscr: 38246023
syscw: 4814457
read_bytes: 35413467648
write_bytes: 117022584832
cancelled_write_bytes: 4096

[2020-01-18T18:53:39-08:00]
rchar: 316878296705
wchar: 117556629362
syscr: 38372212
syscw: 4833519
read_bytes: 35445379584
write_bytes: 117569355776
cancelled_write_bytes: 4096

[2020-01-18T18:53:42-08:00]
rchar: 317701365455
wchar: 117919337200
syscr: 38471987
syscw: 4846746
read_bytes: 35466850816
write_bytes: 117931630592
cancelled_write_bytes: 4096

[2020-01-18T18:53:45-08:00]
rchar: 318927200671
wchar: 118426088146
syscr: 38620594
syscw: 4867518
read_bytes: 35500491264
write_bytes: 118438424576
cancelled_write_bytes: 4096

[2020-01-18T18:53:48-08:00]
rchar: 319510774044
wchar: 118709551488
syscr: 38691319
syscw: 4876607
read_bytes: 35514307072
write_bytes: 118721921024
cancelled_write_bytes: 4096

[2020-01-18T18:53:51-08:00]
rchar: 320102399425
wchar: 119123897707
syscr: 38762936
syscw: 4885714
read_bytes: 35528221184
write_bytes: 119136305152
cancelled_write_bytes: 4096

[2020-01-18T18:53:54-08:00]
rchar: 321522707099
wchar: 119648710489
syscr: 38935124
syscw: 4905716
read_bytes: 35560620544
write_bytes: 119661191168
cancelled_write_bytes: 4096

[2020-01-18T18:53:57-08:00]
rchar: 322627339635
wchar: 119888606171
syscr: 39069021
syscw: 4925100
read_bytes: 35621896704
write_bytes: 119901777920
cancelled_write_bytes: 4096

[2020-01-18T18:54:00-08:00]
rchar: 323481723968
wchar: 120080408457
syscr: 39172622
syscw: 4940232
read_bytes: 35676262912
write_bytes: 120092942336
cancelled_write_bytes: 4096

[2020-01-18T18:54:03-08:00]
rchar: 324356940194
wchar: 120378087390
syscr: 39278664
syscw: 4953718
read_bytes: 35714007552
write_bytes: 120390934528
cancelled_write_bytes: 4096

[2020-01-18T18:54:06-08:00]
rchar: 325922563507
wchar: 120639913105
syscr: 39468468
syscw: 4976784
read_bytes: 35791831552
write_bytes: 120652500992
cancelled_write_bytes: 4096

[2020-01-18T18:54:09-08:00]
rchar: 327383168097
wchar: 120876897749
syscr: 39645538
syscw: 4998425
read_bytes: 35869254144
write_bytes: 120889499648
cancelled_write_bytes: 4096

[2020-01-18T18:54:12-08:00]
rchar: 328375645414
wchar: 121184966375
syscr: 39765795
syscw: 5012237
read_bytes: 35912978944
write_bytes: 121197592576
cancelled_write_bytes: 4096

[2020-01-18T18:54:15-08:00]
rchar: 330034919956
wchar: 121407676046
syscr: 39966985
syscw: 5033441
read_bytes: 35984503296
write_bytes: 121420316672
cancelled_write_bytes: 4096

[2020-01-18T18:54:18-08:00]
rchar: 331791203497
wchar: 121756767546
syscr: 40179899
syscw: 5054142
read_bytes: 36052955648
write_bytes: 121769451520
cancelled_write_bytes: 4096

[2020-01-18T18:54:21-08:00]
rchar: 332620559285
wchar: 122076521791
syscr: 40280465
syscw: 5062087
read_bytes: 36064342528
write_bytes: 122089226240
cancelled_write_bytes: 4096

[2020-01-18T18:54:24-08:00]
rchar: 333253392778
wchar: 122474437739
syscr: 40357115
syscw: 5068130
read_bytes: 36072866304
write_bytes: 122487193600
cancelled_write_bytes: 4096

[2020-01-18T18:54:27-08:00]
rchar: 334749052300
wchar: 123004243536
syscr: 40538467
syscw: 5080659
read_bytes: 36091707904
write_bytes: 123018076160
cancelled_write_bytes: 4096

[2020-01-18T18:54:30-08:00]
rchar: 336094942366
wchar: 123492920692
syscr: 40701081
syscw: 5095907
read_bytes: 36113699328
write_bytes: 123505754112
cancelled_write_bytes: 4096

[2020-01-18T18:54:33-08:00]
rchar: 337161518819
wchar: 123882681599
syscr: 40830361
syscw: 5114798
read_bytes: 36142207488
write_bytes: 123895578624
cancelled_write_bytes: 4096

[2020-01-18T18:54:36-08:00]
rchar: 337781110238
wchar: 124129162804
syscr: 40905497
syscw: 5125061
read_bytes: 36158587392
write_bytes: 124142080000
cancelled_write_bytes: 4096

[2020-01-18T18:54:39-08:00]
rchar: 338592482771
wchar: 124574832409
syscr: 41003767
syscw: 5137719
read_bytes: 36176720384
write_bytes: 124587819008
cancelled_write_bytes: 4096

[2020-01-18T18:54:42-08:00]
rchar: 339568994737
wchar: 124909031133
syscr: 41122128
syscw: 5151624
read_bytes: 36197044736
write_bytes: 124922048512
cancelled_write_bytes: 4096

[2020-01-18T18:54:45-08:00]
rchar: 341068709004
wchar: 125466057716
syscr: 41303908
syscw: 5172476
read_bytes: 36227531264
write_bytes: 125479133184
cancelled_write_bytes: 4096

[2020-01-18T18:54:48-08:00]
rchar: 342122212110
wchar: 125849693265
syscr: 41431613
syscw: 5187872
read_bytes: 36249149952
write_bytes: 125862805504
cancelled_write_bytes: 4096

[2020-01-18T18:54:51-08:00]
rchar: 342402404095
wchar: 126159966072
syscr: 41465590
syscw: 5191472
read_bytes: 36253622784
write_bytes: 126173089792
cancelled_write_bytes: 4096

[2020-01-18T18:54:54-08:00]
rchar: 343754349118
wchar: 126496037617
syscr: 41629387
syscw: 5209520
read_bytes: 36288975360
write_bytes: 126509207552
cancelled_write_bytes: 4096

[2020-01-18T18:54:57-08:00]
rchar: 345367154889
wchar: 126762288520
syscr: 41824925
syscw: 5233078
read_bytes: 36370575872
write_bytes: 126775484416
cancelled_write_bytes: 4096

[2020-01-18T18:55:00-08:00]
rchar: 346481019263
wchar: 126954345559
syscr: 41959986
syscw: 5250023
read_bytes: 36428505600
write_bytes: 126967549952
cancelled_write_bytes: 4096

[2020-01-18T18:55:03-08:00]
rchar: 346969806048
wchar: 127471821637
syscr: 42019191
syscw: 5252675
read_bytes: 36489060864
write_bytes: 127485075456
cancelled_write_bytes: 4096

[2020-01-18T18:55:06-08:00]
rchar: 347111758195
wchar: 127599954709
syscr: 42036410
syscw: 5253020
read_bytes: 36507513344
write_bytes: 127613239296
cancelled_write_bytes: 4096

[2020-01-18T18:55:09-08:00]
rchar: 347111758195
wchar: 127599954709
syscr: 42036410
syscw: 5253020
read_bytes: 36507513344
write_bytes: 127613239296
cancelled_write_bytes: 4096

[2020-01-18T18:55:12-08:00]
rchar: 347111758195
wchar: 127599954709
syscr: 42036410
syscw: 5253020
read_bytes: 36507513344
write_bytes: 127613247488
cancelled_write_bytes: 4096

[2020-01-18T18:55:15-08:00]
rchar: 347111758195
wchar: 127599954709
syscr: 42036410
syscw: 5253020
read_bytes: 36507513344
write_bytes: 127613247488
cancelled_write_bytes: 4096

[2020-01-18T18:55:18-08:00]
rchar: 347111758195
wchar: 127599954709
syscr: 42036410
syscw: 5253020
read_bytes: 36507513344
write_bytes: 127613247488
cancelled_write_bytes: 4096

[2020-01-18T18:55:21-08:00]
rchar: 347111758195
wchar: 127599954709
syscr: 42036410
syscw: 5253020
read_bytes: 36507513344
write_bytes: 127613247488
cancelled_write_bytes: 4096

