[2020-01-20T12:18:17-08:00]
rchar: 16583888
wchar: 209
syscr: 2824
syscw: 10
read_bytes: 720896
write_bytes: 53248
cancelled_write_bytes: 0

[2020-01-20T12:18:20-08:00]
rchar: 16583888
wchar: 209
syscr: 2824
syscw: 10
read_bytes: 720896
write_bytes: 53248
cancelled_write_bytes: 0

[2020-01-20T12:18:23-08:00]
rchar: 16583888
wchar: 209
syscr: 2824
syscw: 10
read_bytes: 720896
write_bytes: 53248
cancelled_write_bytes: 0

[2020-01-20T12:18:26-08:00]
rchar: 16583888
wchar: 209
syscr: 2824
syscw: 10
read_bytes: 720896
write_bytes: 53248
cancelled_write_bytes: 0

[2020-01-20T12:18:29-08:00]
rchar: 16583888
wchar: 209
syscr: 2824
syscw: 10
read_bytes: 720896
write_bytes: 53248
cancelled_write_bytes: 0

[2020-01-20T12:18:32-08:00]
rchar: 16583888
wchar: 209
syscr: 2824
syscw: 10
read_bytes: 720896
write_bytes: 53248
cancelled_write_bytes: 0

[2020-01-20T12:18:35-08:00]
rchar: 16583888
wchar: 209
syscr: 2824
syscw: 10
read_bytes: 720896
write_bytes: 61440
cancelled_write_bytes: 0

[2020-01-20T12:18:38-08:00]
rchar: 16583888
wchar: 209
syscr: 2824
syscw: 10
read_bytes: 720896
write_bytes: 69632
cancelled_write_bytes: 0

[2020-01-20T12:18:41-08:00]
rchar: 16583888
wchar: 209
syscr: 2824
syscw: 10
read_bytes: 720896
write_bytes: 69632
cancelled_write_bytes: 0

[2020-01-20T12:18:44-08:00]
rchar: 18081843
wchar: 2319472
syscr: 3438
syscw: 329
read_bytes: 1863680
write_bytes: 2412544
cancelled_write_bytes: 0

[2020-01-20T12:18:47-08:00]
rchar: 390657047
wchar: 249950050
syscr: 20124
syscw: 4920
read_bytes: 405985792
write_bytes: 250060800
cancelled_write_bytes: 0

[2020-01-20T12:18:50-08:00]
rchar: 837789643
wchar: 414629367
syscr: 74351
syscw: 39041
read_bytes: 1039616512
write_bytes: 414744576
cancelled_write_bytes: 0

[2020-01-20T12:18:53-08:00]
rchar: 1068037412
wchar: 628081961
syscr: 102276
syscw: 55488
read_bytes: 1361127936
write_bytes: 628400128
cancelled_write_bytes: 0

[2020-01-20T12:18:56-08:00]
rchar: 1789891731
wchar: 809574240
syscr: 189723
syscw: 80907
read_bytes: 1814604288
write_bytes: 809713664
cancelled_write_bytes: 0

[2020-01-20T12:18:59-08:00]
rchar: 2366952610
wchar: 917764451
syscr: 259696
syscw: 101145
read_bytes: 2175912448
write_bytes: 917905408
cancelled_write_bytes: 0

[2020-01-20T12:19:02-08:00]
rchar: 3098333059
wchar: 1420476500
syscr: 348294
syscw: 113070
read_bytes: 2370198016
write_bytes: 1420644352
cancelled_write_bytes: 0

[2020-01-20T12:19:05-08:00]
rchar: 3940723792
wchar: 1842859451
syscr: 450189
syscw: 126379
read_bytes: 2593880576
write_bytes: 1843101696
cancelled_write_bytes: 0

[2020-01-20T12:19:08-08:00]
rchar: 4590119930
wchar: 1965698636
syscr: 528935
syscw: 149124
read_bytes: 2983250432
write_bytes: 1965940736
cancelled_write_bytes: 0

[2020-01-20T12:19:11-08:00]
rchar: 4893732680
wchar: 2180137155
syscr: 565666
syscw: 157218
read_bytes: 3112372736
write_bytes: 2180395008
cancelled_write_bytes: 0

[2020-01-20T12:19:14-08:00]
rchar: 5950459597
wchar: 2308972054
syscr: 693798
syscw: 180151
read_bytes: 3508771328
write_bytes: 2309238784
cancelled_write_bytes: 0

[2020-01-20T12:19:18-08:00]
rchar: 6721629321
wchar: 2503238029
syscr: 787306
syscw: 198212
read_bytes: 3800254976
write_bytes: 2504474624
cancelled_write_bytes: 0

[2020-01-20T12:19:21-08:00]
rchar: 7890197915
wchar: 2685178223
syscr: 928908
syscw: 217810
read_bytes: 4116937216
write_bytes: 2685476864
cancelled_write_bytes: 0

[2020-01-20T12:19:24-08:00]
rchar: 9278559573
wchar: 2815133493
syscr: 1097245
syscw: 241009
read_bytes: 4493253120
write_bytes: 2815434752
cancelled_write_bytes: 0

[2020-01-20T12:19:27-08:00]
rchar: 10062869387
wchar: 3049469923
syscr: 1192259
syscw: 252682
read_bytes: 4668471808
write_bytes: 3049783296
cancelled_write_bytes: 0

[2020-01-20T12:19:30-08:00]
rchar: 11935113459
wchar: 3186873870
syscr: 1419261
syscw: 278246
read_bytes: 5060262400
write_bytes: 3187187712
cancelled_write_bytes: 0

[2020-01-20T12:19:33-08:00]
rchar: 12909158680
wchar: 3432941694
syscr: 1537361
syscw: 292258
read_bytes: 5265103360
write_bytes: 3433259008
cancelled_write_bytes: 0

[2020-01-20T12:19:36-08:00]
rchar: 14311334350
wchar: 3951370553
syscr: 1707289
syscw: 303440
read_bytes: 5415311872
write_bytes: 3951726592
cancelled_write_bytes: 0

[2020-01-20T12:19:39-08:00]
rchar: 15680550065
wchar: 4491814995
syscr: 1873309
syscw: 314063
read_bytes: 5557377536
write_bytes: 4492210176
cancelled_write_bytes: 0

[2020-01-20T12:19:42-08:00]
rchar: 16570810940
wchar: 4890149948
syscr: 1980763
syscw: 327284
read_bytes: 5747911168
write_bytes: 4890595328
cancelled_write_bytes: 0

[2020-01-20T12:19:45-08:00]
rchar: 17137645577
wchar: 5197858649
syscr: 2049466
syscw: 337856
read_bytes: 5899352576
write_bytes: 5198356480
cancelled_write_bytes: 0

[2020-01-20T12:19:48-08:00]
rchar: 17520490826
wchar: 5572693812
syscr: 2095787
syscw: 344173
read_bytes: 5983840768
write_bytes: 5573238784
cancelled_write_bytes: 0

[2020-01-20T12:19:51-08:00]
rchar: 18515332289
wchar: 5849302605
syscr: 2216392
syscw: 361348
read_bytes: 6235449856
write_bytes: 5849927680
cancelled_write_bytes: 0

[2020-01-20T12:19:54-08:00]
rchar: 19644661400
wchar: 5983388596
syscr: 2353325
syscw: 384469
read_bytes: 6589405696
write_bytes: 5984018432
cancelled_write_bytes: 0

[2020-01-20T12:19:57-08:00]
rchar: 20322227027
wchar: 6220072630
syscr: 2435399
syscw: 396122
read_bytes: 6756874752
write_bytes: 6220722176
cancelled_write_bytes: 0

[2020-01-20T12:20:00-08:00]
rchar: 21770966881
wchar: 6348248353
syscr: 2611057
syscw: 418369
read_bytes: 7085791744
write_bytes: 6348902400
cancelled_write_bytes: 0

[2020-01-20T12:20:03-08:00]
rchar: 22656807234
wchar: 6567997346
syscr: 2718468
syscw: 432549
read_bytes: 7290022400
write_bytes: 6568652800
cancelled_write_bytes: 0

[2020-01-20T12:20:06-08:00]
rchar: 24187054785
wchar: 6710134166
syscr: 2903920
syscw: 452323
read_bytes: 7564077568
write_bytes: 6710804480
cancelled_write_bytes: 0

[2020-01-20T12:20:09-08:00]
rchar: 25943502669
wchar: 6837721785
syscr: 3116884
syscw: 474809
read_bytes: 7880575488
write_bytes: 6838390784
cancelled_write_bytes: 0

[2020-01-20T12:20:12-08:00]
rchar: 26519035601
wchar: 7173637608
syscr: 3186588
syscw: 480810
read_bytes: 7952247296
write_bytes: 7174324224
cancelled_write_bytes: 0

[2020-01-20T12:20:15-08:00]
rchar: 27482254799
wchar: 7526999344
syscr: 3303378
syscw: 488655
read_bytes: 8042170880
write_bytes: 7527710720
cancelled_write_bytes: 0

[2020-01-20T12:20:18-08:00]
rchar: 28934994406
wchar: 8079755204
syscr: 3479527
syscw: 499949
read_bytes: 8176937472
write_bytes: 8080506880
cancelled_write_bytes: 0

[2020-01-20T12:20:21-08:00]
rchar: 30015627920
wchar: 8552310796
syscr: 3610054
syscw: 514377
read_bytes: 8361806336
write_bytes: 8553107456
cancelled_write_bytes: 0

[2020-01-20T12:20:24-08:00]
rchar: 30788756819
wchar: 8933278376
syscr: 3703769
syscw: 526201
read_bytes: 8512829952
write_bytes: 8934158336
cancelled_write_bytes: 0

[2020-01-20T12:20:27-08:00]
rchar: 31380239354
wchar: 9337233905
syscr: 3775384
syscw: 534802
read_bytes: 8615315968
write_bytes: 9338155008
cancelled_write_bytes: 0

[2020-01-20T12:20:30-08:00]
rchar: 31939144783
wchar: 9576176120
syscr: 3843131
syscw: 541886
read_bytes: 8698182144
write_bytes: 9577152512
cancelled_write_bytes: 0

[2020-01-20T12:20:33-08:00]
rchar: 33006219494
wchar: 10037599605
syscr: 3972480
syscw: 555604
read_bytes: 8866626048
write_bytes: 10038775808
cancelled_write_bytes: 0

[2020-01-20T12:20:36-08:00]
rchar: 34083318034
wchar: 10271657336
syscr: 4103070
syscw: 574070
read_bytes: 9165400576
write_bytes: 10272718848
cancelled_write_bytes: 0

[2020-01-20T12:20:39-08:00]
rchar: 34911820660
wchar: 10516359074
syscr: 4203444
syscw: 587394
read_bytes: 9334544896
write_bytes: 10517430272
cancelled_write_bytes: 0

[2020-01-20T12:20:42-08:00]
rchar: 36482447164
wchar: 10648561272
syscr: 4393883
syscw: 610369
read_bytes: 9637054976
write_bytes: 10649636864
cancelled_write_bytes: 0

[2020-01-20T12:20:45-08:00]
rchar: 37273176692
wchar: 10889002165
syscr: 4489678
syscw: 622642
read_bytes: 9791085056
write_bytes: 10890084352
cancelled_write_bytes: 0

[2020-01-20T12:20:48-08:00]
rchar: 39253229933
wchar: 11023102373
syscr: 4729753
syscw: 646891
read_bytes: 10096007680
write_bytes: 11024195584
cancelled_write_bytes: 0

[2020-01-20T12:20:51-08:00]
rchar: 40751196298
wchar: 11126313161
syscr: 4911380
syscw: 664989
read_bytes: 10329901568
write_bytes: 11127406592
cancelled_write_bytes: 0

[2020-01-20T12:20:54-08:00]
rchar: 41810737153
wchar: 11643113785
syscr: 5039766
syscw: 674506
read_bytes: 10428574208
write_bytes: 11644256256
cancelled_write_bytes: 0

[2020-01-20T12:20:57-08:00]
rchar: 43269118759
wchar: 12221819418
syscr: 5216598
syscw: 685357
read_bytes: 10540182016
write_bytes: 12222996480
cancelled_write_bytes: 0

[2020-01-20T12:21:00-08:00]
rchar: 44103981977
wchar: 12585534001
syscr: 5317398
syscw: 695562
read_bytes: 10654935552
write_bytes: 12586749952
cancelled_write_bytes: 0

[2020-01-20T12:21:03-08:00]
rchar: 44912744260
wchar: 12959192574
syscr: 5415431
syscw: 708087
read_bytes: 10798422528
write_bytes: 12960460800
cancelled_write_bytes: 0

[2020-01-20T12:21:06-08:00]
rchar: 45521530159
wchar: 13334620428
syscr: 5489242
syscw: 717869
read_bytes: 10907478528
write_bytes: 13335928832
cancelled_write_bytes: 0

[2020-01-20T12:21:09-08:00]
rchar: 46473060129
wchar: 13677543564
syscr: 5604525
syscw: 732199
read_bytes: 11160402432
write_bytes: 13678886912
cancelled_write_bytes: 0

[2020-01-20T12:21:12-08:00]
rchar: 47615031767
wchar: 14113583534
syscr: 5742957
syscw: 747416
read_bytes: 11332131328
write_bytes: 14114967552
cancelled_write_bytes: 0

[2020-01-20T12:21:15-08:00]
rchar: 48644110978
wchar: 14409220277
syscr: 5867726
syscw: 763238
read_bytes: 11618015744
write_bytes: 14410633216
cancelled_write_bytes: 0

[2020-01-20T12:21:18-08:00]
rchar: 49383326540
wchar: 14751923983
syscr: 5957259
syscw: 773428
read_bytes: 11777640960
write_bytes: 14753685504
cancelled_write_bytes: 0

[2020-01-20T12:21:21-08:00]
rchar: 50410495965
wchar: 14910660158
syscr: 6081784
syscw: 788144
read_bytes: 11938232832
write_bytes: 14912139264
cancelled_write_bytes: 0

[2020-01-20T12:21:24-08:00]
rchar: 51898245238
wchar: 15035127767
syscr: 6262177
syscw: 809739
read_bytes: 12195858944
write_bytes: 15036624896
cancelled_write_bytes: 0

[2020-01-20T12:21:27-08:00]
rchar: 52923407650
wchar: 15280227984
syscr: 6386392
syscw: 822818
read_bytes: 12342196736
write_bytes: 15281741824
cancelled_write_bytes: 0

[2020-01-20T12:21:30-08:00]
rchar: 54863271253
wchar: 15411800293
syscr: 6621596
syscw: 846219
read_bytes: 12608236032
write_bytes: 15413317632
cancelled_write_bytes: 0

[2020-01-20T12:21:33-08:00]
rchar: 55815929499
wchar: 15650360183
syscr: 6737105
syscw: 858790
read_bytes: 12738255360
write_bytes: 15651889152
cancelled_write_bytes: 0

[2020-01-20T12:21:36-08:00]
rchar: 57382421074
wchar: 16222329464
syscr: 6926961
syscw: 870859
read_bytes: 12851485184
write_bytes: 16223903744
cancelled_write_bytes: 0

[2020-01-20T12:21:39-08:00]
rchar: 58905248751
wchar: 16817313048
syscr: 7111607
syscw: 882285
read_bytes: 12958161408
write_bytes: 16818917376
cancelled_write_bytes: 0

[2020-01-20T12:21:42-08:00]
rchar: 59938307262
wchar: 17261612873
syscr: 7236348
syscw: 896503
read_bytes: 13103254016
write_bytes: 17263271936
cancelled_write_bytes: 0

[2020-01-20T12:21:45-08:00]
rchar: 60606116870
wchar: 17589386509
syscr: 7317308
syscw: 906506
read_bytes: 13203331584
write_bytes: 17591091200
cancelled_write_bytes: 0

[2020-01-20T12:21:48-08:00]
rchar: 61119514236
wchar: 18005608298
syscr: 7379439
syscw: 913755
read_bytes: 13270784512
write_bytes: 18007355392
cancelled_write_bytes: 0

[2020-01-20T12:21:51-08:00]
rchar: 62350074877
wchar: 18387094057
syscr: 7528628
syscw: 930389
read_bytes: 13495142912
write_bytes: 18388881408
cancelled_write_bytes: 0

[2020-01-20T12:21:54-08:00]
rchar: 63574652659
wchar: 18697068632
syscr: 7677087
syscw: 948497
read_bytes: 13784357376
write_bytes: 18698891264
cancelled_write_bytes: 0

[2020-01-20T12:21:57-08:00]
rchar: 64111505189
wchar: 18944734470
syscr: 7742171
syscw: 954654
read_bytes: 13844867584
write_bytes: 18946580480
cancelled_write_bytes: 0

[2020-01-20T12:22:00-08:00]
rchar: 64716222381
wchar: 19321673930
syscr: 7815399
syscw: 962120
read_bytes: 13916178944
write_bytes: 19323568128
cancelled_write_bytes: 0

[2020-01-20T12:22:03-08:00]
rchar: 66029814938
wchar: 19742715560
syscr: 7974619
syscw: 976946
read_bytes: 14071769600
write_bytes: 19744653312
cancelled_write_bytes: 0

[2020-01-20T12:22:06-08:00]
rchar: 67456788013
wchar: 20036884761
syscr: 8147648
syscw: 994998
read_bytes: 14375954944
write_bytes: 20039032832
cancelled_write_bytes: 0

[2020-01-20T12:22:09-08:00]
rchar: 68139513373
wchar: 20319433747
syscr: 8230403
syscw: 1004632
read_bytes: 14517369344
write_bytes: 20321415168
cancelled_write_bytes: 0

[2020-01-20T12:22:12-08:00]
rchar: 69061026766
wchar: 20514431778
syscr: 8342056
syscw: 1015017
read_bytes: 14673422848
write_bytes: 20516442112
cancelled_write_bytes: 0

[2020-01-20T12:22:15-08:00]
rchar: 70690870021
wchar: 20873539823
syscr: 8539657
syscw: 1032343
read_bytes: 14912383488
write_bytes: 20875591680
cancelled_write_bytes: 0

[2020-01-20T12:22:18-08:00]
rchar: 72187857112
wchar: 21244435316
syscr: 8721144
syscw: 1048388
read_bytes: 15104322048
write_bytes: 21246533632
cancelled_write_bytes: 0

[2020-01-20T12:22:21-08:00]
rchar: 73053911291
wchar: 21544612948
syscr: 8826073
syscw: 1058051
read_bytes: 15245416960
write_bytes: 21547655168
cancelled_write_bytes: 0

[2020-01-20T12:22:24-08:00]
rchar: 74890825500
wchar: 21867582726
syscr: 9048746
syscw: 1075472
read_bytes: 15490382336
write_bytes: 21869748224
cancelled_write_bytes: 0

[2020-01-20T12:22:27-08:00]
rchar: 76039810872
wchar: 22330185797
syscr: 9188062
syscw: 1084322
read_bytes: 15563291136
write_bytes: 22332383232
cancelled_write_bytes: 0

[2020-01-20T12:22:30-08:00]
rchar: 77258007280
wchar: 22795484470
syscr: 9335775
syscw: 1093833
read_bytes: 15642982912
write_bytes: 22797717504
cancelled_write_bytes: 0

[2020-01-20T12:22:33-08:00]
rchar: 78156558556
wchar: 23223669613
syscr: 9444229
syscw: 1102297
read_bytes: 15716194816
write_bytes: 23226310656
cancelled_write_bytes: 0

[2020-01-20T12:22:36-08:00]
rchar: 79068459791
wchar: 23738321296
syscr: 9554673
syscw: 1113551
read_bytes: 15813999104
write_bytes: 23741026304
cancelled_write_bytes: 0

[2020-01-20T12:22:39-08:00]
rchar: 80212973633
wchar: 24164619792
syscr: 9693416
syscw: 1128063
read_bytes: 15943019008
write_bytes: 24167026688
cancelled_write_bytes: 0

[2020-01-20T12:22:42-08:00]
rchar: 81040486618
wchar: 24515626394
syscr: 9793742
syscw: 1138069
read_bytes: 16028097024
write_bytes: 24518066176
cancelled_write_bytes: 0

[2020-01-20T12:22:45-08:00]
rchar: 82159445553
wchar: 24959657875
syscr: 9929390
syscw: 1151618
read_bytes: 16153414144
write_bytes: 24962150400
cancelled_write_bytes: 0

[2020-01-20T12:22:48-08:00]
rchar: 82934957016
wchar: 25329000674
syscr: 10023307
syscw: 1161451
read_bytes: 16274741760
write_bytes: 25331527680
cancelled_write_bytes: 0

[2020-01-20T12:22:51-08:00]
rchar: 84460474163
wchar: 25619241500
syscr: 10208283
syscw: 1179848
read_bytes: 16550599168
write_bytes: 25621790720
cancelled_write_bytes: 0

[2020-01-20T12:22:54-08:00]
rchar: 85574269715
wchar: 25910966506
syscr: 10343296
syscw: 1192903
read_bytes: 16707648000
write_bytes: 25913552896
cancelled_write_bytes: 0

[2020-01-20T12:22:57-08:00]
rchar: 86207257368
wchar: 26211505471
syscr: 10420032
syscw: 1201461
read_bytes: 16820419072
write_bytes: 26214133760
cancelled_write_bytes: 0

[2020-01-20T12:23:00-08:00]
rchar: 87824523111
wchar: 26485566424
syscr: 10616044
syscw: 1218914
read_bytes: 17059244544
write_bytes: 26488221696
cancelled_write_bytes: 0

[2020-01-20T12:23:03-08:00]
rchar: 89486721876
wchar: 26759985692
syscr: 10817539
syscw: 1236376
read_bytes: 17217878528
write_bytes: 26762694656
cancelled_write_bytes: 0

[2020-01-20T12:23:06-08:00]
rchar: 90529629249
wchar: 27001965356
syscr: 10943992
syscw: 1248649
read_bytes: 17329293824
write_bytes: 27004678144
cancelled_write_bytes: 0

[2020-01-20T12:23:09-08:00]
rchar: 91572160051
wchar: 27380735533
syscr: 11070317
syscw: 1256374
read_bytes: 17387780608
write_bytes: 27383488512
cancelled_write_bytes: 0

[2020-01-20T12:23:12-08:00]
rchar: 92983626984
wchar: 27916044469
syscr: 11241462
syscw: 1267240
read_bytes: 17467337216
write_bytes: 27918831616
cancelled_write_bytes: 0

[2020-01-20T12:23:15-08:00]
rchar: 94376220813
wchar: 28443428205
syscr: 11409814
syscw: 1281994
read_bytes: 17585314304
write_bytes: 28446269440
cancelled_write_bytes: 0

[2020-01-20T12:23:18-08:00]
rchar: 95375749534
wchar: 28868627838
syscr: 11530985
syscw: 1296924
read_bytes: 17708558848
write_bytes: 28871507968
cancelled_write_bytes: 0

[2020-01-20T12:23:21-08:00]
rchar: 95603262851
wchar: 29155458826
syscr: 11558476
syscw: 1300184
read_bytes: 17730615808
write_bytes: 29158375424
cancelled_write_bytes: 0

[2020-01-20T12:23:24-08:00]
rchar: 96808797136
wchar: 29603395598
syscr: 11704619
syscw: 1315136
read_bytes: 17846290944
write_bytes: 29606363136
cancelled_write_bytes: 0

[2020-01-20T12:23:27-08:00]
rchar: 98119847628
wchar: 30019651769
syscr: 11863548
syscw: 1331758
read_bytes: 18015508992
write_bytes: 30022684672
cancelled_write_bytes: 0

[2020-01-20T12:23:30-08:00]
rchar: 99175088187
wchar: 30316166961
syscr: 11991480
syscw: 1345629
read_bytes: 18192783872
write_bytes: 30319218688
cancelled_write_bytes: 0

[2020-01-20T12:23:33-08:00]
rchar: 99378552768
wchar: 30568615690
syscr: 12016153
syscw: 1348619
read_bytes: 18212551168
write_bytes: 30571675648
cancelled_write_bytes: 0

[2020-01-20T12:23:36-08:00]
rchar: 100785581123
wchar: 31021696586
syscr: 12186612
syscw: 1363393
read_bytes: 18328869376
write_bytes: 31024820224
cancelled_write_bytes: 0

[2020-01-20T12:23:39-08:00]
rchar: 102193417710
wchar: 31477311098
syscr: 12357275
syscw: 1378824
read_bytes: 18450389504
write_bytes: 31480512512
cancelled_write_bytes: 0

[2020-01-20T12:23:42-08:00]
rchar: 103132474997
wchar: 31802475901
syscr: 12471114
syscw: 1389151
read_bytes: 18528754176
write_bytes: 31805718528
cancelled_write_bytes: 0

[2020-01-20T12:23:45-08:00]
rchar: 104007226481
wchar: 32257051409
syscr: 12577170
syscw: 1398524
read_bytes: 18596477440
write_bytes: 32260329472
cancelled_write_bytes: 0

[2020-01-20T12:23:48-08:00]
rchar: 105561404259
wchar: 32501774737
syscr: 12765495
syscw: 1415333
read_bytes: 18739096064
write_bytes: 32505094144
cancelled_write_bytes: 0

[2020-01-20T12:23:51-08:00]
rchar: 107602991741
wchar: 32635342903
syscr: 13013033
syscw: 1438066
read_bytes: 18940029440
write_bytes: 32638664704
cancelled_write_bytes: 0

[2020-01-20T12:23:54-08:00]
rchar: 108033010178
wchar: 32836630447
syscr: 13065174
syscw: 1443450
read_bytes: 18982337024
write_bytes: 32839950336
cancelled_write_bytes: 0

[2020-01-20T12:23:57-08:00]
rchar: 109481021593
wchar: 33314643269
syscr: 13240662
syscw: 1454714
read_bytes: 19063093760
write_bytes: 33318019072
cancelled_write_bytes: 0

[2020-01-20T12:24:00-08:00]
rchar: 110727287230
wchar: 33745754431
syscr: 13391772
syscw: 1464312
read_bytes: 19131320832
write_bytes: 33749417984
cancelled_write_bytes: 0

[2020-01-20T12:24:03-08:00]
rchar: 111942869516
wchar: 34152837921
syscr: 13538684
syscw: 1476866
read_bytes: 19229006336
write_bytes: 34156294144
cancelled_write_bytes: 0

[2020-01-20T12:24:06-08:00]
rchar: 112970074055
wchar: 34613317312
syscr: 13663213
syscw: 1491546
read_bytes: 19342518784
write_bytes: 34616819712
cancelled_write_bytes: 0

[2020-01-20T12:24:09-08:00]
rchar: 113415893403
wchar: 34922850946
syscr: 13717162
syscw: 1498322
read_bytes: 19414755840
write_bytes: 34926399488
cancelled_write_bytes: 0

[2020-01-20T12:24:12-08:00]
rchar: 114616809760
wchar: 35294944133
syscr: 13862750
syscw: 1514469
read_bytes: 19566189056
write_bytes: 35298533376
cancelled_write_bytes: 0

[2020-01-20T12:24:15-08:00]
rchar: 115898752628
wchar: 35803955241
syscr: 14018182
syscw: 1529691
read_bytes: 19680446976
write_bytes: 35807608832
cancelled_write_bytes: 0

[2020-01-20T12:24:18-08:00]
rchar: 116844081841
wchar: 36181754750
syscr: 14132765
syscw: 1541034
read_bytes: 19766737408
write_bytes: 36185440256
cancelled_write_bytes: 0

[2020-01-20T12:24:21-08:00]
rchar: 117107422633
wchar: 36473388901
syscr: 14164586
syscw: 1544414
read_bytes: 19788352000
write_bytes: 36477104128
cancelled_write_bytes: 0

[2020-01-20T12:24:24-08:00]
rchar: 118581114457
wchar: 36986408383
syscr: 14343240
syscw: 1559653
read_bytes: 19898378752
write_bytes: 36990169088
cancelled_write_bytes: 0

[2020-01-20T12:24:27-08:00]
rchar: 119691799052
wchar: 37343533670
syscr: 14477869
syscw: 1572058
read_bytes: 19986405888
write_bytes: 37347344384
cancelled_write_bytes: 0

[2020-01-20T12:24:30-08:00]
rchar: 120934355601
wchar: 37776116136
syscr: 14628499
syscw: 1585241
read_bytes: 20082665984
write_bytes: 37779988480
cancelled_write_bytes: 0

[2020-01-20T12:24:33-08:00]
rchar: 121795936975
wchar: 38249759790
syscr: 14732926
syscw: 1594499
read_bytes: 20146465280
write_bytes: 38253674496
cancelled_write_bytes: 0

[2020-01-20T12:24:36-08:00]
rchar: 122700620394
wchar: 38594435908
syscr: 14842532
syscw: 1603091
read_bytes: 20203469312
write_bytes: 38598402048
cancelled_write_bytes: 0

[2020-01-20T12:24:39-08:00]
rchar: 124547885807
wchar: 38716075863
syscr: 15066474
syscw: 1623823
read_bytes: 20372154880
write_bytes: 38720065536
cancelled_write_bytes: 0

[2020-01-20T12:24:42-08:00]
rchar: 125899604804
wchar: 38905650657
syscr: 15230369
syscw: 1639751
read_bytes: 20497480192
write_bytes: 38909644800
cancelled_write_bytes: 0

[2020-01-20T12:24:45-08:00]
rchar: 127377907473
wchar: 39507861126
syscr: 15409529
syscw: 1651702
read_bytes: 20572637696
write_bytes: 39511896064
cancelled_write_bytes: 0

[2020-01-20T12:24:48-08:00]
rchar: 128767120787
wchar: 40029204857
syscr: 15577976
syscw: 1662862
read_bytes: 20639447552
write_bytes: 40033267712
cancelled_write_bytes: 0

[2020-01-20T12:24:51-08:00]
rchar: 129754391631
wchar: 40386515168
syscr: 15697194
syscw: 1675118
read_bytes: 20725426688
write_bytes: 40390619136
cancelled_write_bytes: 0

[2020-01-20T12:24:54-08:00]
rchar: 130826983500
wchar: 40896607429
syscr: 15827208
syscw: 1689427
read_bytes: 20826102272
write_bytes: 40900767744
cancelled_write_bytes: 0

[2020-01-20T12:24:57-08:00]
rchar: 130992697972
wchar: 41144859463
syscr: 15847304
syscw: 1692301
read_bytes: 20842854912
write_bytes: 41149022208
cancelled_write_bytes: 0

[2020-01-20T12:25:00-08:00]
rchar: 132216435078
wchar: 41568180583
syscr: 15995566
syscw: 1707577
read_bytes: 20960532992
write_bytes: 41572417536
cancelled_write_bytes: 0

[2020-01-20T12:25:03-08:00]
rchar: 133598304471
wchar: 42015471002
syscr: 16163077
syscw: 1724635
read_bytes: 21104011776
write_bytes: 42019758080
cancelled_write_bytes: 0

[2020-01-20T12:25:06-08:00]
rchar: 134583253347
wchar: 42396699862
syscr: 16282474
syscw: 1736745
read_bytes: 21184289280
write_bytes: 42401026048
cancelled_write_bytes: 0

[2020-01-20T12:25:09-08:00]
rchar: 135077454511
wchar: 42772425630
syscr: 16342405
syscw: 1743297
read_bytes: 21224352256
write_bytes: 42776776704
cancelled_write_bytes: 0

[2020-01-20T12:25:12-08:00]
rchar: 136605385811
wchar: 43252198219
syscr: 16527535
syscw: 1759609
read_bytes: 21331757568
write_bytes: 43256619008
cancelled_write_bytes: 0

[2020-01-20T12:25:15-08:00]
rchar: 137751891707
wchar: 43671668231
syscr: 16666534
syscw: 1771311
read_bytes: 21408102912
write_bytes: 43676139520
cancelled_write_bytes: 0

[2020-01-20T12:25:18-08:00]
rchar: 139015414048
wchar: 43923673495
syscr: 16819685
syscw: 1786808
read_bytes: 21561993728
write_bytes: 43928178688
cancelled_write_bytes: 0

[2020-01-20T12:25:21-08:00]
rchar: 139830495277
wchar: 44249567340
syscr: 16918410
syscw: 1796582
read_bytes: 21651884544
write_bytes: 44254101504
cancelled_write_bytes: 0

[2020-01-20T12:25:24-08:00]
rchar: 141943022980
wchar: 44384286515
syscr: 17174550
syscw: 1819402
read_bytes: 21822827008
write_bytes: 44388827136
cancelled_write_bytes: 0

[2020-01-20T12:25:27-08:00]
rchar: 143378208323
wchar: 44530503582
syscr: 17348566
syscw: 1835174
read_bytes: 21941459456
write_bytes: 44535685120
cancelled_write_bytes: 0

[2020-01-20T12:25:30-08:00]
rchar: 144481574109
wchar: 44971741101
syscr: 17482266
syscw: 1844876
read_bytes: 21997779456
write_bytes: 44976336896
cancelled_write_bytes: 0

[2020-01-20T12:25:33-08:00]
rchar: 145925508486
wchar: 45485815107
syscr: 17657343
syscw: 1855795
read_bytes: 22062373376
write_bytes: 45490434048
cancelled_write_bytes: 0

[2020-01-20T12:25:36-08:00]
rchar: 147462358963
wchar: 46009667392
syscr: 17843190
syscw: 1870363
read_bytes: 22155221504
write_bytes: 46014332928
cancelled_write_bytes: 0

[2020-01-20T12:25:39-08:00]
rchar: 148438855939
wchar: 46457036494
syscr: 17961556
syscw: 1883738
read_bytes: 22243256832
write_bytes: 46461755392
cancelled_write_bytes: 0

[2020-01-20T12:25:42-08:00]
rchar: 148666350811
wchar: 46733141634
syscr: 17989133
syscw: 1887406
read_bytes: 22264039936
write_bytes: 46737887232
cancelled_write_bytes: 0

[2020-01-20T12:25:45-08:00]
rchar: 149990929869
wchar: 47157373158
syscr: 18149631
syscw: 1904076
read_bytes: 22369294848
write_bytes: 47162179584
cancelled_write_bytes: 0

[2020-01-20T12:25:48-08:00]
rchar: 151095175906
wchar: 47569978431
syscr: 18283509
syscw: 1917478
read_bytes: 22451468800
write_bytes: 47574818816
cancelled_write_bytes: 0

[2020-01-20T12:25:52-08:00]
rchar: 152233119423
wchar: 48001792187
syscr: 18421439
syscw: 1930916
read_bytes: 22538209792
write_bytes: 48006676480
cancelled_write_bytes: 0

[2020-01-20T12:25:55-08:00]
rchar: 152907879403
wchar: 48418820120
syscr: 18503144
syscw: 1939531
read_bytes: 22589667840
write_bytes: 48423751680
cancelled_write_bytes: 0

[2020-01-20T12:25:58-08:00]
rchar: 153823931197
wchar: 48739187787
syscr: 18614163
syscw: 1948881
read_bytes: 22645549568
write_bytes: 48744157184
cancelled_write_bytes: 0

[2020-01-20T12:26:01-08:00]
rchar: 155480293857
wchar: 49205091668
syscr: 18814976
syscw: 1967795
read_bytes: 22762211840
write_bytes: 49210114048
cancelled_write_bytes: 0

[2020-01-20T12:26:04-08:00]
rchar: 156931479110
wchar: 49589096254
syscr: 18990899
syscw: 1984559
read_bytes: 22883019264
write_bytes: 49594175488
cancelled_write_bytes: 0

[2020-01-20T12:26:07-08:00]
rchar: 157129929359
wchar: 49790165347
syscr: 19014962
syscw: 1987834
read_bytes: 22906821120
write_bytes: 49795248128
cancelled_write_bytes: 0

[2020-01-20T12:26:10-08:00]
rchar: 158820821883
wchar: 50251677259
syscr: 19219875
syscw: 2003723
read_bytes: 23014611456
write_bytes: 50256809984
cancelled_write_bytes: 0

[2020-01-20T12:26:13-08:00]
rchar: 160639124506
wchar: 50603493510
syscr: 19440299
syscw: 2022088
read_bytes: 23166740992
write_bytes: 50608685056
cancelled_write_bytes: 0

[2020-01-20T12:26:16-08:00]
rchar: 161731040024
wchar: 50777777827
syscr: 19572694
syscw: 2034684
read_bytes: 23248951808
write_bytes: 50782978048
cancelled_write_bytes: 0

[2020-01-20T12:26:19-08:00]
rchar: 162685781496
wchar: 51150677279
syscr: 19688373
syscw: 2042776
read_bytes: 23290915328
write_bytes: 51155902464
cancelled_write_bytes: 0

[2020-01-20T12:26:22-08:00]
rchar: 164470133948
wchar: 51764026005
syscr: 19904729
syscw: 2056430
read_bytes: 23367186944
write_bytes: 51769290752
cancelled_write_bytes: 0

[2020-01-20T12:26:25-08:00]
rchar: 165867947468
wchar: 52301571317
syscr: 20073731
syscw: 2072106
read_bytes: 23461640704
write_bytes: 52306890752
cancelled_write_bytes: 0

[2020-01-20T12:26:28-08:00]
rchar: 166620902925
wchar: 52663059578
syscr: 20164982
syscw: 2083166
read_bytes: 23522253312
write_bytes: 52668416000
cancelled_write_bytes: 0

[2020-01-20T12:26:31-08:00]
rchar: 167235404205
wchar: 53093355834
syscr: 20239420
syscw: 2091843
read_bytes: 23570082304
write_bytes: 53098770432
cancelled_write_bytes: 0

[2020-01-20T12:26:34-08:00]
rchar: 168483900210
wchar: 53554899709
syscr: 20390746
syscw: 2106794
read_bytes: 23659264512
write_bytes: 53560365056
cancelled_write_bytes: 0

[2020-01-20T12:26:37-08:00]
rchar: 169542475928
wchar: 53933675822
syscr: 20519070
syscw: 2120116
read_bytes: 23736797696
write_bytes: 53939183616
cancelled_write_bytes: 0

[2020-01-20T12:26:40-08:00]
rchar: 170707754663
wchar: 54343517375
syscr: 20660336
syscw: 2134505
read_bytes: 23822608896
write_bytes: 54349070336
cancelled_write_bytes: 0

[2020-01-20T12:26:43-08:00]
rchar: 170988420044
wchar: 54660367716
syscr: 20694274
syscw: 2137634
read_bytes: 23838247424
write_bytes: 54665961472
cancelled_write_bytes: 0

[2020-01-20T12:26:46-08:00]
rchar: 172405625156
wchar: 55101668469
syscr: 20866067
syscw: 2152621
read_bytes: 23923104256
write_bytes: 55107309568
cancelled_write_bytes: 0

[2020-01-20T12:26:49-08:00]
rchar: 173965927522
wchar: 55609088332
syscr: 21055208
syscw: 2169126
read_bytes: 24017598976
write_bytes: 55614771200
cancelled_write_bytes: 0

[2020-01-20T12:26:52-08:00]
rchar: 175400197785
wchar: 56068507425
syscr: 21229080
syscw: 2184686
read_bytes: 24105175552
write_bytes: 56074248192
cancelled_write_bytes: 0

[2020-01-20T12:26:55-08:00]
rchar: 175705141660
wchar: 56285822592
syscr: 21265972
syscw: 2189094
read_bytes: 24138611200
write_bytes: 56291577856
cancelled_write_bytes: 0

[2020-01-20T12:26:58-08:00]
rchar: 177595282804
wchar: 56608027988
syscr: 21495141
syscw: 2208219
read_bytes: 24302127616
write_bytes: 56613806080
cancelled_write_bytes: 0

[2020-01-20T12:27:01-08:00]
rchar: 179533566165
wchar: 56912795754
syscr: 21730143
syscw: 2228116
read_bytes: 24483305984
write_bytes: 56918601728
cancelled_write_bytes: 0

[2020-01-20T12:27:04-08:00]
rchar: 180556638851
wchar: 57233570236
syscr: 21854087
syscw: 2238834
read_bytes: 24573508096
write_bytes: 57239429120
cancelled_write_bytes: 0

[2020-01-20T12:27:07-08:00]
rchar: 181574776582
wchar: 57583385126
syscr: 21977538
syscw: 2246860
read_bytes: 24613497344
write_bytes: 57589264384
cancelled_write_bytes: 0

[2020-01-20T12:27:10-08:00]
rchar: 183527938904
wchar: 58136527931
syscr: 22214361
syscw: 2262921
read_bytes: 24699111936
write_bytes: 58142441472
cancelled_write_bytes: 0

[2020-01-20T12:27:13-08:00]
rchar: 185000386342
wchar: 58641115357
syscr: 22392402
syscw: 2277484
read_bytes: 24774892032
write_bytes: 58647060480
cancelled_write_bytes: 0

[2020-01-20T12:27:16-08:00]
rchar: 185557453823
wchar: 58971288473
syscr: 22459926
syscw: 2286054
read_bytes: 24820091392
write_bytes: 58977267712
cancelled_write_bytes: 0

[2020-01-20T12:27:19-08:00]
rchar: 186700691089
wchar: 59425761880
syscr: 22598416
syscw: 2300650
read_bytes: 24901233152
write_bytes: 59431800832
cancelled_write_bytes: 0

[2020-01-20T12:27:22-08:00]
rchar: 187707068830
wchar: 59824468739
syscr: 22720432
syscw: 2313012
read_bytes: 24964401664
write_bytes: 59830538240
cancelled_write_bytes: 0

[2020-01-20T12:27:25-08:00]
rchar: 188951095121
wchar: 60273942721
syscr: 22871226
syscw: 2328814
read_bytes: 25049979392
write_bytes: 60280066048
cancelled_write_bytes: 0

[2020-01-20T12:27:28-08:00]
rchar: 189632451614
wchar: 60703530210
syscr: 22953729
syscw: 2337699
read_bytes: 25094355456
write_bytes: 60709699584
cancelled_write_bytes: 0

[2020-01-20T12:27:31-08:00]
rchar: 190786358695
wchar: 61082992728
syscr: 23093611
syscw: 2350028
read_bytes: 25158208000
write_bytes: 61089198080
cancelled_write_bytes: 0

[2020-01-20T12:27:34-08:00]
rchar: 192197693548
wchar: 61550621524
syscr: 23264721
syscw: 2365430
read_bytes: 25236953600
write_bytes: 61556883456
cancelled_write_bytes: 0

[2020-01-20T12:27:37-08:00]
rchar: 193832456140
wchar: 62004174684
syscr: 23462877
syscw: 2384200
read_bytes: 25337879040
write_bytes: 62011424768
cancelled_write_bytes: 0

[2020-01-20T12:27:40-08:00]
rchar: 194008732930
wchar: 62266455694
syscr: 23484255
syscw: 2385867
read_bytes: 25344440832
write_bytes: 62272786432
cancelled_write_bytes: 0

[2020-01-20T12:27:43-08:00]
rchar: 195432358208
wchar: 62712962438
syscr: 23656723
syscw: 2399759
read_bytes: 25411938816
write_bytes: 62719356928
cancelled_write_bytes: 0

[2020-01-20T12:27:46-08:00]
rchar: 197368199457
wchar: 63009643496
syscr: 23891430
syscw: 2420372
read_bytes: 25584589312
write_bytes: 63016062976
cancelled_write_bytes: 0

[2020-01-20T12:27:49-08:00]
rchar: 198611083026
wchar: 63213391070
syscr: 24042134
syscw: 2433402
read_bytes: 25692310016
write_bytes: 63219822592
cancelled_write_bytes: 0

[2020-01-20T12:27:52-08:00]
rchar: 199359207983
wchar: 63475188396
syscr: 24132761
syscw: 2441229
read_bytes: 25752934912
write_bytes: 63481634816
cancelled_write_bytes: 0

[2020-01-20T12:27:55-08:00]
rchar: 201230662008
wchar: 64093852771
syscr: 24359658
syscw: 2456027
read_bytes: 25824819712
write_bytes: 64100352000
cancelled_write_bytes: 0

[2020-01-20T12:27:58-08:00]
rchar: 203143335927
wchar: 64732057584
syscr: 24591575
syscw: 2471688
read_bytes: 25896368640
write_bytes: 64738594816
cancelled_write_bytes: 0

[2020-01-20T12:28:01-08:00]
rchar: 204137311398
wchar: 65140655043
syscr: 24711572
syscw: 2485178
read_bytes: 25966107136
write_bytes: 65147236352
cancelled_write_bytes: 0

[2020-01-20T12:28:04-08:00]
rchar: 204330317933
wchar: 65394805096
syscr: 24734874
syscw: 2488193
read_bytes: 25978714624
write_bytes: 65401434112
cancelled_write_bytes: 0

[2020-01-20T12:28:07-08:00]
rchar: 205831945527
wchar: 65904455537
syscr: 24916902
syscw: 2506067
read_bytes: 26068675072
write_bytes: 65911136256
cancelled_write_bytes: 0

[2020-01-20T12:28:10-08:00]
rchar: 207252619577
wchar: 66417204207
syscr: 25089132
syscw: 2523306
read_bytes: 26154375680
write_bytes: 66423934976
cancelled_write_bytes: 0

[2020-01-20T12:28:13-08:00]
rchar: 208104712292
wchar: 66734525205
syscr: 25192411
syscw: 2534264
read_bytes: 26205919744
write_bytes: 66741620736
cancelled_write_bytes: 0

[2020-01-20T12:28:16-08:00]
rchar: 208868934222
wchar: 67163613693
syscr: 25284975
syscw: 2543318
read_bytes: 26248669696
write_bytes: 67170426880
cancelled_write_bytes: 0

[2020-01-20T12:28:19-08:00]
rchar: 210230984764
wchar: 67610815387
syscr: 25450098
syscw: 2557754
read_bytes: 26317769216
write_bytes: 67617677312
cancelled_write_bytes: 0

[2020-01-20T12:28:22-08:00]
rchar: 211493448903
wchar: 68020205675
syscr: 25603132
syscw: 2571666
read_bytes: 26383792640
write_bytes: 68027109376
cancelled_write_bytes: 0

[2020-01-20T12:28:25-08:00]
rchar: 212992403092
wchar: 68572043549
syscr: 25784859
syscw: 2586593
read_bytes: 26455382528
write_bytes: 68579004416
cancelled_write_bytes: 0

[2020-01-20T12:28:28-08:00]
rchar: 213120708379
wchar: 68764976632
syscr: 25800386
syscw: 2588578
read_bytes: 26463160832
write_bytes: 68771966976
cancelled_write_bytes: 0

[2020-01-20T12:28:31-08:00]
rchar: 214878491405
wchar: 69159038320
syscr: 26013426
syscw: 2606099
read_bytes: 26579143168
write_bytes: 69166055424
cancelled_write_bytes: 0

[2020-01-20T12:28:34-08:00]
rchar: 216195649197
wchar: 69560177268
syscr: 26173089
syscw: 2618727
read_bytes: 26637109760
write_bytes: 69567254528
cancelled_write_bytes: 0

[2020-01-20T12:28:37-08:00]
rchar: 217927135671
wchar: 69915603767
syscr: 26383001
syscw: 2636457
read_bytes: 26746608128
write_bytes: 69922717696
cancelled_write_bytes: 0

[2020-01-20T12:28:40-08:00]
rchar: 218678654439
wchar: 70276052158
syscr: 26474025
syscw: 2644512
read_bytes: 26786118144
write_bytes: 70283194368
cancelled_write_bytes: 0

[2020-01-20T12:28:43-08:00]
rchar: 220000264855
wchar: 70731045686
syscr: 26634272
syscw: 2655392
read_bytes: 26830772736
write_bytes: 70738653184
cancelled_write_bytes: 0

[2020-01-20T12:28:46-08:00]
rchar: 221924677591
wchar: 71333567172
syscr: 26867133
syscw: 2671324
read_bytes: 26899921408
write_bytes: 71340781568
cancelled_write_bytes: 0

[2020-01-20T12:28:49-08:00]
rchar: 222940799509
wchar: 71680674340
syscr: 26990328
syscw: 2687508
read_bytes: 26980997632
write_bytes: 71687917568
cancelled_write_bytes: 0

[2020-01-20T12:28:52-08:00]
rchar: 223373229376
wchar: 72055626910
syscr: 27042653
syscw: 2693941
read_bytes: 27006532096
write_bytes: 72062914560
cancelled_write_bytes: 0

[2020-01-20T12:28:55-08:00]
rchar: 224424774595
wchar: 72425857263
syscr: 27170119
syscw: 2707072
read_bytes: 27064474112
write_bytes: 72433184768
cancelled_write_bytes: 0

[2020-01-20T12:28:58-08:00]
rchar: 225695910616
wchar: 72891048018
syscr: 27324195
syscw: 2722285
read_bytes: 27136653824
write_bytes: 72898433024
cancelled_write_bytes: 0

[2020-01-20T12:29:01-08:00]
rchar: 227005328340
wchar: 73325784403
syscr: 27482932
syscw: 2738925
read_bytes: 27217066496
write_bytes: 73333215232
cancelled_write_bytes: 0

[2020-01-20T12:29:04-08:00]
rchar: 227227671193
wchar: 73624100453
syscr: 27509896
syscw: 2741347
read_bytes: 27225770496
write_bytes: 73631539200
cancelled_write_bytes: 0

[2020-01-20T12:29:07-08:00]
rchar: 228850489026
wchar: 74023059982
syscr: 27706531
syscw: 2759714
read_bytes: 27311671808
write_bytes: 74030571520
cancelled_write_bytes: 0

[2020-01-20T12:29:10-08:00]
rchar: 230350794878
wchar: 74518282861
syscr: 27888407
syscw: 2775819
read_bytes: 27383470592
write_bytes: 74525835264
cancelled_write_bytes: 0

[2020-01-20T12:29:13-08:00]
rchar: 231506600599
wchar: 74883906991
syscr: 28028503
syscw: 2788760
read_bytes: 27439901184
write_bytes: 74891501568
cancelled_write_bytes: 0

[2020-01-20T12:29:16-08:00]
rchar: 231849430079
wchar: 75099243334
syscr: 28069992
syscw: 2793933
read_bytes: 27468233216
write_bytes: 75106856960
cancelled_write_bytes: 0

[2020-01-20T12:29:19-08:00]
rchar: 233749428225
wchar: 75405205635
syscr: 28300352
syscw: 2813038
read_bytes: 27600730624
write_bytes: 75412848640
cancelled_write_bytes: 0

[2020-01-20T12:29:22-08:00]
rchar: 235746171268
wchar: 75702963903
syscr: 28542445
syscw: 2833392
read_bytes: 27753003520
write_bytes: 75710992384
cancelled_write_bytes: 0

[2020-01-20T12:29:25-08:00]
rchar: 236200967527
wchar: 75922150546
syscr: 28597592
syscw: 2838959
read_bytes: 27785386496
write_bytes: 75929825280
cancelled_write_bytes: 0

[2020-01-20T12:29:28-08:00]
rchar: 238154685763
wchar: 76206577659
syscr: 28834373
syscw: 2856251
read_bytes: 27907643904
write_bytes: 76214284288
cancelled_write_bytes: 0

[2020-01-20T12:29:31-08:00]
rchar: 240083422305
wchar: 76862667871
syscr: 29068237
syscw: 2871684
read_bytes: 27967990272
write_bytes: 76870447104
cancelled_write_bytes: 0

[2020-01-20T12:29:34-08:00]
rchar: 241213965844
wchar: 77261353015
syscr: 29205320
syscw: 2880938
read_bytes: 28002769408
write_bytes: 77269123072
cancelled_write_bytes: 0

[2020-01-20T12:29:37-08:00]
rchar: 242189097938
wchar: 77772592097
syscr: 29323011
syscw: 2891150
read_bytes: 28041628160
write_bytes: 77780434944
cancelled_write_bytes: 0

[2020-01-20T12:29:40-08:00]
rchar: 242815815011
wchar: 78041864220
syscr: 29398905
syscw: 2898846
read_bytes: 28072495616
write_bytes: 78049730560
cancelled_write_bytes: 0

[2020-01-20T12:29:43-08:00]
rchar: 244311570291
wchar: 78532292667
syscr: 29580224
syscw: 2917378
read_bytes: 28153178624
write_bytes: 78540214272
cancelled_write_bytes: 0

[2020-01-20T12:29:46-08:00]
rchar: 245419070029
wchar: 78927670645
syscr: 29714466
syscw: 2931166
read_bytes: 28209785344
write_bytes: 78935638016
cancelled_write_bytes: 0

[2020-01-20T12:29:49-08:00]
rchar: 246242276113
wchar: 79344928233
syscr: 29814260
syscw: 2940950
read_bytes: 28248291840
write_bytes: 79352930304
cancelled_write_bytes: 0

[2020-01-20T12:29:52-08:00]
rchar: 246975466026
wchar: 79708509222
syscr: 29903034
syscw: 2949100
read_bytes: 28278581760
write_bytes: 79716556800
cancelled_write_bytes: 0

[2020-01-20T12:29:55-08:00]
rchar: 248683664214
wchar: 80189222939
syscr: 30110133
syscw: 2968213
read_bytes: 28358380032
write_bytes: 80197312512
cancelled_write_bytes: 0

[2020-01-20T12:29:58-08:00]
rchar: 250320635899
wchar: 80606055687
syscr: 30308569
syscw: 2986919
read_bytes: 28439763456
write_bytes: 80614191104
cancelled_write_bytes: 0

[2020-01-20T12:30:01-08:00]
rchar: 250903841893
wchar: 80937666675
syscr: 30379291
syscw: 2993714
read_bytes: 28464613888
write_bytes: 80945823744
cancelled_write_bytes: 0

[2020-01-20T12:30:04-08:00]
rchar: 252712367296
wchar: 81399050622
syscr: 30598449
syscw: 3011783
read_bytes: 28540602880
write_bytes: 81407254528
cancelled_write_bytes: 0

[2020-01-20T12:30:07-08:00]
rchar: 253870564037
wchar: 81763500122
syscr: 30738853
syscw: 3023048
read_bytes: 28584000000
write_bytes: 81771761664
cancelled_write_bytes: 0

[2020-01-20T12:30:10-08:00]
rchar: 255694504993
wchar: 82234143893
syscr: 30959942
syscw: 3040736
read_bytes: 28657797632
write_bytes: 82242453504
cancelled_write_bytes: 0

[2020-01-20T12:30:13-08:00]
rchar: 256378555066
wchar: 82598122264
syscr: 31042804
syscw: 3047874
read_bytes: 28683479552
write_bytes: 82606460928
cancelled_write_bytes: 0

[2020-01-20T12:30:16-08:00]
rchar: 257806514652
wchar: 83042392036
syscr: 31215895
syscw: 3059970
read_bytes: 28728293888
write_bytes: 83050774528
cancelled_write_bytes: 0

[2020-01-20T12:30:19-08:00]
rchar: 259763635904
wchar: 83705411290
syscr: 31453207
syscw: 3077110
read_bytes: 28786055680
write_bytes: 83714646016
cancelled_write_bytes: 0

[2020-01-20T12:30:22-08:00]
rchar: 260868438863
wchar: 84095395779
syscr: 31587169
syscw: 3086227
read_bytes: 28818938368
write_bytes: 84103835648
cancelled_write_bytes: 0

[2020-01-20T12:30:25-08:00]
rchar: 262037304522
wchar: 84947556267
syscr: 31728400
syscw: 3094486
read_bytes: 28890874368
write_bytes: 84956061696
cancelled_write_bytes: 0

[2020-01-20T12:30:28-08:00]
rchar: 262521449508
wchar: 85306931066
syscr: 31787105
syscw: 3098540
read_bytes: 28928971264
write_bytes: 85315469312
cancelled_write_bytes: 0

[2020-01-20T12:30:31-08:00]
rchar: 262968485434
wchar: 85659854514
syscr: 31841284
syscw: 3102623
read_bytes: 28971827712
write_bytes: 85668470784
cancelled_write_bytes: 0

[2020-01-20T12:30:34-08:00]
rchar: 263540850542
wchar: 86140407637
syscr: 31910692
syscw: 3107655
read_bytes: 29023965696
write_bytes: 86149021696
cancelled_write_bytes: 0

[2020-01-20T12:30:37-08:00]
rchar: 264346982464
wchar: 86746844457
syscr: 32008316
syscw: 3114752
read_bytes: 29121708544
write_bytes: 86755553280
cancelled_write_bytes: 0

[2020-01-20T12:30:40-08:00]
rchar: 264956524226
wchar: 87110157625
syscr: 32082206
syscw: 3120352
read_bytes: 29190939136
write_bytes: 87118901248
cancelled_write_bytes: 0

[2020-01-20T12:30:43-08:00]
rchar: 265936492498
wchar: 87750819238
syscr: 32201024
syscw: 3127763
read_bytes: 29303058944
write_bytes: 87759626240
cancelled_write_bytes: 0

[2020-01-20T12:30:46-08:00]
rchar: 266590059447
wchar: 88155328750
syscr: 32280261
syscw: 3133425
read_bytes: 29384475136
write_bytes: 88164204544
cancelled_write_bytes: 0

[2020-01-20T12:30:49-08:00]
rchar: 267499900665
wchar: 88704326460
syscr: 32390599
syscw: 3141383
read_bytes: 29503205888
write_bytes: 88713240576
cancelled_write_bytes: 0

[2020-01-20T12:30:52-08:00]
rchar: 268382424318
wchar: 89259829731
syscr: 32497604
syscw: 3148540
read_bytes: 29614039552
write_bytes: 89268793344
cancelled_write_bytes: 0

[2020-01-20T12:30:55-08:00]
rchar: 269065624218
wchar: 89675097816
syscr: 32580418
syscw: 3154632
read_bytes: 29701374464
write_bytes: 89684111360
cancelled_write_bytes: 0

[2020-01-20T12:30:58-08:00]
rchar: 269878750639
wchar: 90169649881
syscr: 32678855
syscw: 3161998
read_bytes: 29808697856
write_bytes: 90178859008
cancelled_write_bytes: 0

[2020-01-20T12:31:01-08:00]
rchar: 270156302747
wchar: 90377208511
syscr: 32712490
syscw: 3165246
read_bytes: 29847593472
write_bytes: 90386350080
cancelled_write_bytes: 0

[2020-01-20T12:31:04-08:00]
rchar: 270987584698
wchar: 90927242671
syscr: 32813217
syscw: 3173387
read_bytes: 29968171520
write_bytes: 90936414208
cancelled_write_bytes: 0

[2020-01-20T12:31:07-08:00]
rchar: 271852761570
wchar: 91327198734
syscr: 32918094
syscw: 3181862
read_bytes: 30108135936
write_bytes: 91336413184
cancelled_write_bytes: 0

[2020-01-20T12:31:10-08:00]
rchar: 273001567464
wchar: 91865688890
syscr: 33057383
syscw: 3192229
read_bytes: 30314603008
write_bytes: 91874979840
cancelled_write_bytes: 0

[2020-01-20T12:31:13-08:00]
rchar: 273856652943
wchar: 92233278925
syscr: 33161046
syscw: 3200965
read_bytes: 30459118080
write_bytes: 92242608128
cancelled_write_bytes: 0

[2020-01-20T12:31:16-08:00]
rchar: 274880234817
wchar: 92672680874
syscr: 33284975
syscw: 3211046
read_bytes: 30605140480
write_bytes: 92682113024
cancelled_write_bytes: 0

[2020-01-20T12:31:19-08:00]
rchar: 275783068377
wchar: 92986467860
syscr: 33394378
syscw: 3220613
read_bytes: 30712254976
write_bytes: 92995936256
cancelled_write_bytes: 0

[2020-01-20T12:31:22-08:00]
rchar: 276431705085
wchar: 93331478456
syscr: 33472870
syscw: 3228133
read_bytes: 30764978688
write_bytes: 93340987392
cancelled_write_bytes: 0

[2020-01-20T12:31:25-08:00]
rchar: 278316907000
wchar: 93563599544
syscr: 33701359
syscw: 3248351
read_bytes: 30870794752
write_bytes: 93573140480
cancelled_write_bytes: 0

[2020-01-20T12:31:28-08:00]
rchar: 280326226928
wchar: 94040166257
syscr: 33944946
syscw: 3268202
read_bytes: 30942536192
write_bytes: 94049751040
cancelled_write_bytes: 0

[2020-01-20T12:31:31-08:00]
rchar: 280888475091
wchar: 94387182680
syscr: 34013039
syscw: 3273881
read_bytes: 30959518208
write_bytes: 94396796928
cancelled_write_bytes: 0

[2020-01-20T12:31:34-08:00]
rchar: 282683033158
wchar: 94906060392
syscr: 34230604
syscw: 3289032
read_bytes: 31006921216
write_bytes: 94915710976
cancelled_write_bytes: 0

[2020-01-20T12:31:37-08:00]
rchar: 284346535599
wchar: 95451062380
syscr: 34432309
syscw: 3302794
read_bytes: 31049384448
write_bytes: 95460745216
cancelled_write_bytes: 0

[2020-01-20T12:31:40-08:00]
rchar: 285584948218
wchar: 95834316634
syscr: 34581976
syscw: 3316308
read_bytes: 31097426432
write_bytes: 95844057088
cancelled_write_bytes: 0

[2020-01-20T12:31:43-08:00]
rchar: 286269469800
wchar: 96262403172
syscr: 34664884
syscw: 3327108
read_bytes: 31134011904
write_bytes: 96272183296
cancelled_write_bytes: 0

[2020-01-20T12:31:46-08:00]
rchar: 287434804304
wchar: 96628269886
syscr: 34806155
syscw: 3342904
read_bytes: 31185768960
write_bytes: 96638087168
cancelled_write_bytes: 0

[2020-01-20T12:31:49-08:00]
rchar: 288932796730
wchar: 97109096990
syscr: 34987733
syscw: 3363040
read_bytes: 31252718080
write_bytes: 97118973952
cancelled_write_bytes: 0

[2020-01-20T12:31:52-08:00]
rchar: 289603772242
wchar: 97353849510
syscr: 35069098
syscw: 3371332
read_bytes: 31280493056
write_bytes: 97363738624
cancelled_write_bytes: 0

[2020-01-20T12:31:55-08:00]
rchar: 290687061861
wchar: 97819168750
syscr: 35200326
syscw: 3384982
read_bytes: 31323136512
write_bytes: 97829113856
cancelled_write_bytes: 0

[2020-01-20T12:31:58-08:00]
rchar: 292492334723
wchar: 98303569507
syscr: 35419195
syscw: 3405914
read_bytes: 31391945216
write_bytes: 98313551872
cancelled_write_bytes: 0

[2020-01-20T12:32:01-08:00]
rchar: 293745856568
wchar: 98662281162
syscr: 35571163
syscw: 3420280
read_bytes: 31438217728
write_bytes: 98672308224
cancelled_write_bytes: 0

[2020-01-20T12:32:04-08:00]
rchar: 293984525972
wchar: 98907136749
syscr: 35600069
syscw: 3422655
read_bytes: 31444378112
write_bytes: 98917183488
cancelled_write_bytes: 0

[2020-01-20T12:32:07-08:00]
rchar: 295631287241
wchar: 99372390915
syscr: 35799616
syscw: 3439116
read_bytes: 31497396736
write_bytes: 99382484992
cancelled_write_bytes: 0

[2020-01-20T12:32:10-08:00]
rchar: 296971494624
wchar: 99711289980
syscr: 35962097
syscw: 3452829
read_bytes: 31539814912
write_bytes: 99721805824
cancelled_write_bytes: 0

[2020-01-20T12:32:13-08:00]
rchar: 298769705283
wchar: 100119869153
syscr: 36180128
syscw: 3471110
read_bytes: 31599550976
write_bytes: 100130058240
cancelled_write_bytes: 0

[2020-01-20T12:32:16-08:00]
rchar: 299278780879
wchar: 100338034749
syscr: 36241725
syscw: 3477445
read_bytes: 31623336448
write_bytes: 100348256256
cancelled_write_bytes: 0

[2020-01-20T12:32:19-08:00]
rchar: 301595561729
wchar: 100608272760
syscr: 36522635
syscw: 3497839
read_bytes: 31746482688
write_bytes: 100618506240
cancelled_write_bytes: 0

[2020-01-20T12:32:22-08:00]
rchar: 303761530673
wchar: 100950016444
syscr: 36785266
syscw: 3517047
read_bytes: 31840219648
write_bytes: 100960272384
cancelled_write_bytes: 0

[2020-01-20T12:32:25-08:00]
rchar: 304306569769
wchar: 101281188231
syscr: 36851226
syscw: 3522186
read_bytes: 31854051840
write_bytes: 101291466752
cancelled_write_bytes: 0

[2020-01-20T12:32:28-08:00]
rchar: 306435879673
wchar: 101738835641
syscr: 37109404
syscw: 3539177
read_bytes: 31904784896
write_bytes: 101749153792
cancelled_write_bytes: 0

[2020-01-20T12:32:31-08:00]
rchar: 307917885187
wchar: 102158331192
syscr: 37289099
syscw: 3550595
read_bytes: 31937483264
write_bytes: 102168670208
cancelled_write_bytes: 0

[2020-01-20T12:32:34-08:00]
rchar: 309940800357
wchar: 102615706998
syscr: 37533840
syscw: 3569267
read_bytes: 31996416512
write_bytes: 102626091008
cancelled_write_bytes: 0

[2020-01-20T12:32:37-08:00]
rchar: 310158713951
wchar: 102827180199
syscr: 37560257
syscw: 3572185
read_bytes: 32003899904
write_bytes: 102837583872
cancelled_write_bytes: 0

[2020-01-20T12:32:40-08:00]
rchar: 311481146461
wchar: 103272533428
syscr: 37720492
syscw: 3587230
read_bytes: 32047636992
write_bytes: 103282999296
cancelled_write_bytes: 0

[2020-01-20T12:32:43-08:00]
rchar: 312989502527
wchar: 103727012825
syscr: 37903327
syscw: 3604454
read_bytes: 32096121344
write_bytes: 103737520128
cancelled_write_bytes: 0

[2020-01-20T12:32:46-08:00]
rchar: 314610302405
wchar: 104242595202
syscr: 38099814
syscw: 3622380
read_bytes: 32147374592
write_bytes: 104253161472
cancelled_write_bytes: 0

[2020-01-20T12:32:50-08:00]
rchar: 314908571582
wchar: 104496060945
syscr: 38135982
syscw: 3626470
read_bytes: 32158028288
write_bytes: 104506634240
cancelled_write_bytes: 0

[2020-01-20T12:32:53-08:00]
rchar: 316913355335
wchar: 104967079986
syscr: 38378951
syscw: 3646236
read_bytes: 32216449536
write_bytes: 104977707008
cancelled_write_bytes: 0

[2020-01-20T12:32:56-08:00]
rchar: 318674033031
wchar: 105432507720
syscr: 38592376
syscw: 3663636
read_bytes: 32266236416
write_bytes: 105443188736
cancelled_write_bytes: 0

[2020-01-20T12:32:59-08:00]
rchar: 319827945091
wchar: 105767526747
syscr: 38732252
syscw: 3674738
read_bytes: 32297177600
write_bytes: 105778241536
cancelled_write_bytes: 0

[2020-01-20T12:33:02-08:00]
rchar: 320459953936
wchar: 106095292182
syscr: 38808776
syscw: 3681762
read_bytes: 32314847744
write_bytes: 106106040320
cancelled_write_bytes: 0

[2020-01-20T12:33:05-08:00]
rchar: 321779256573
wchar: 106547320563
syscr: 38968742
syscw: 3692217
read_bytes: 32342761984
write_bytes: 106558091264
cancelled_write_bytes: 0

[2020-01-20T12:33:08-08:00]
rchar: 323593501001
wchar: 107152647168
syscr: 39188729
syscw: 3706517
read_bytes: 32381313536
write_bytes: 107163455488
cancelled_write_bytes: 0

[2020-01-20T12:33:11-08:00]
rchar: 324817190856
wchar: 107668174041
syscr: 39336595
syscw: 3716256
read_bytes: 32422298112
write_bytes: 107679936512
cancelled_write_bytes: 0

[2020-01-20T12:33:14-08:00]
rchar: 325577013746
wchar: 108219020039
syscr: 39428731
syscw: 3722731
read_bytes: 32468668928
write_bytes: 108229935104
cancelled_write_bytes: 0

[2020-01-20T12:33:17-08:00]
rchar: 326199046096
wchar: 108634665756
syscr: 39504160
syscw: 3728889
read_bytes: 32519893504
write_bytes: 108645621760
cancelled_write_bytes: 0

[2020-01-20T12:33:20-08:00]
rchar: 326671346119
wchar: 108948452534
syscr: 39561427
syscw: 3733855
read_bytes: 32562520576
write_bytes: 108959449088
cancelled_write_bytes: 0

[2020-01-20T12:33:23-08:00]
rchar: 327108530791
wchar: 109280879763
syscr: 39614359
syscw: 3739470
read_bytes: 32610914816
write_bytes: 109291945984
cancelled_write_bytes: 0

[2020-01-20T12:33:26-08:00]
rchar: 327837990966
wchar: 109872784417
syscr: 39702817
syscw: 3747121
read_bytes: 32687567360
write_bytes: 109883846656
cancelled_write_bytes: 0

[2020-01-20T12:33:29-08:00]
rchar: 328557186656
wchar: 110302618870
syscr: 39789950
syscw: 3753848
read_bytes: 32754987520
write_bytes: 110313730048
cancelled_write_bytes: 0

[2020-01-20T12:33:32-08:00]
rchar: 329320698204
wchar: 110773328980
syscr: 39882522
syscw: 3760632
read_bytes: 32813359616
write_bytes: 110784466944
cancelled_write_bytes: 0

[2020-01-20T12:33:35-08:00]
rchar: 329971136964
wchar: 111173869427
syscr: 39961373
syscw: 3766663
read_bytes: 32861860352
write_bytes: 111185068032
cancelled_write_bytes: 0

[2020-01-20T12:33:38-08:00]
rchar: 330850088376
wchar: 111725201322
syscr: 40067971
syscw: 3774288
read_bytes: 32924779008
write_bytes: 111736483840
cancelled_write_bytes: 0

[2020-01-20T12:33:41-08:00]
rchar: 331587139646
wchar: 112161221148
syscr: 40157294
syscw: 3781615
read_bytes: 32986141184
write_bytes: 112172535808
cancelled_write_bytes: 0

[2020-01-20T12:33:44-08:00]
rchar: 332304994083
wchar: 112575424142
syscr: 40244312
syscw: 3788830
read_bytes: 33054224896
write_bytes: 112586809344
cancelled_write_bytes: 0

[2020-01-20T12:33:47-08:00]
rchar: 333126872997
wchar: 113047070597
syscr: 40343908
syscw: 3796839
read_bytes: 33139601920
write_bytes: 113058521088
cancelled_write_bytes: 0

[2020-01-20T12:33:50-08:00]
rchar: 333586079837
wchar: 113361014340
syscr: 40399594
syscw: 3803145
read_bytes: 33190228480
write_bytes: 113372471296
cancelled_write_bytes: 0

[2020-01-20T12:33:53-08:00]
rchar: 334497936730
wchar: 113869689095
syscr: 40510039
syscw: 3812851
read_bytes: 33312588288
write_bytes: 113881223168
cancelled_write_bytes: 0

[2020-01-20T12:33:56-08:00]
rchar: 335509010530
wchar: 114302426788
syscr: 40632647
syscw: 3822917
read_bytes: 33452859904
write_bytes: 114313998336
cancelled_write_bytes: 0

[2020-01-20T12:33:59-08:00]
rchar: 336725470370
wchar: 114859369245
syscr: 40780164
syscw: 3833991
read_bytes: 33626501632
write_bytes: 114870968320
cancelled_write_bytes: 0

[2020-01-20T12:34:02-08:00]
rchar: 337833949197
wchar: 115366781271
syscr: 40914564
syscw: 3844122
read_bytes: 33771131392
write_bytes: 115378470912
cancelled_write_bytes: 0

[2020-01-20T12:34:05-08:00]
rchar: 338813305372
wchar: 115785560090
syscr: 41033325
syscw: 3854098
read_bytes: 33905553920
write_bytes: 115797278720
cancelled_write_bytes: 0

[2020-01-20T12:34:08-08:00]
rchar: 339462482510
wchar: 116176573527
syscr: 41111997
syscw: 3861233
read_bytes: 33985909248
write_bytes: 116188323840
cancelled_write_bytes: 0

[2020-01-20T12:34:11-08:00]
rchar: 340377595374
wchar: 116611627557
syscr: 41222883
syscw: 3869789
read_bytes: 34074231296
write_bytes: 116623388672
cancelled_write_bytes: 0

[2020-01-20T12:34:14-08:00]
rchar: 341609658010
wchar: 117101449235
syscr: 41372249
syscw: 3879973
read_bytes: 34217398784
write_bytes: 117113303040
cancelled_write_bytes: 0

[2020-01-20T12:34:17-08:00]
rchar: 342644658137
wchar: 117482088534
syscr: 41497721
syscw: 3889397
read_bytes: 34339435008
write_bytes: 117493964800
cancelled_write_bytes: 0

[2020-01-20T12:34:20-08:00]
rchar: 344021628994
wchar: 118000322730
syscr: 41664567
syscw: 3901446
read_bytes: 34496717312
write_bytes: 118012297216
cancelled_write_bytes: 0

[2020-01-20T12:34:23-08:00]
rchar: 345151596543
wchar: 118360995980
syscr: 41801542
syscw: 3912482
read_bytes: 34611933696
write_bytes: 118372990976
cancelled_write_bytes: 0

[2020-01-20T12:34:26-08:00]
rchar: 345984107856
wchar: 118799884105
syscr: 41902312
syscw: 3920959
read_bytes: 34675429888
write_bytes: 118811930624
cancelled_write_bytes: 0

[2020-01-20T12:34:29-08:00]
rchar: 347316288995
wchar: 119104905772
syscr: 42063661
syscw: 3933106
read_bytes: 34773283328
write_bytes: 119117021184
cancelled_write_bytes: 0

[2020-01-20T12:34:32-08:00]
rchar: 350245204234
wchar: 119348390835
syscr: 42418587
syscw: 3963080
read_bytes: 34866844160
write_bytes: 119360544768
cancelled_write_bytes: 0

[2020-01-20T12:34:35-08:00]
rchar: 350792033784
wchar: 119678682968
syscr: 42484808
syscw: 3968392
read_bytes: 34876645888
write_bytes: 119690846208
cancelled_write_bytes: 0

[2020-01-20T12:34:38-08:00]
rchar: 353034562098
wchar: 120164208220
syscr: 42756711
syscw: 3985887
read_bytes: 34915308032
write_bytes: 120176885760
cancelled_write_bytes: 0

[2020-01-20T12:34:41-08:00]
rchar: 355442337290
wchar: 120726167921
syscr: 43048653
syscw: 4005276
read_bytes: 34955031040
write_bytes: 120738398208
cancelled_write_bytes: 0

[2020-01-20T12:34:44-08:00]
rchar: 356411599465
wchar: 120979755891
syscr: 43165695
syscw: 4015937
read_bytes: 34978124288
write_bytes: 120992010240
cancelled_write_bytes: 0

[2020-01-20T12:34:47-08:00]
rchar: 357246293019
wchar: 121392178691
syscr: 43266809
syscw: 4027453
read_bytes: 35000500736
write_bytes: 121404489728
cancelled_write_bytes: 0

[2020-01-20T12:34:50-08:00]
rchar: 359197552177
wchar: 121866441322
syscr: 43503377
syscw: 4049467
read_bytes: 35048714752
write_bytes: 121878806528
cancelled_write_bytes: 0

[2020-01-20T12:34:53-08:00]
rchar: 360545184416
wchar: 122226008205
syscr: 43666724
syscw: 4064980
read_bytes: 35082097152
write_bytes: 122238435328
cancelled_write_bytes: 0

[2020-01-20T12:34:56-08:00]
rchar: 361192764528
wchar: 122583119925
syscr: 43745167
syscw: 4073038
read_bytes: 35097666048
write_bytes: 122595573760
cancelled_write_bytes: 0

[2020-01-20T12:34:59-08:00]
rchar: 363142399950
wchar: 123012763743
syscr: 43981509
syscw: 4092919
read_bytes: 35139199488
write_bytes: 123025252352
cancelled_write_bytes: 0

[2020-01-20T12:35:02-08:00]
rchar: 365405189965
wchar: 123457321724
syscr: 44255834
syscw: 4115811
read_bytes: 35189490176
write_bytes: 123469864960
cancelled_write_bytes: 0

[2020-01-20T12:35:05-08:00]
rchar: 365765383991
wchar: 123701694058
syscr: 44299510
syscw: 4120079
read_bytes: 35196334592
write_bytes: 123714244608
cancelled_write_bytes: 0

[2020-01-20T12:35:08-08:00]
rchar: 368089107492
wchar: 124208199315
syscr: 44581143
syscw: 4140501
read_bytes: 35238871552
write_bytes: 124220805120
cancelled_write_bytes: 0

[2020-01-20T12:35:11-08:00]
rchar: 370040376793
wchar: 124665271837
syscr: 44817735
syscw: 4158225
read_bytes: 35273351680
write_bytes: 124677906432
cancelled_write_bytes: 0

[2020-01-20T12:35:14-08:00]
rchar: 371392592888
wchar: 125051672397
syscr: 44981694
syscw: 4169335
read_bytes: 35295793664
write_bytes: 125064327168
cancelled_write_bytes: 0

[2020-01-20T12:35:17-08:00]
rchar: 372153527321
wchar: 125417377444
syscr: 45073875
syscw: 4176152
read_bytes: 35307442688
write_bytes: 125430071296
cancelled_write_bytes: 0

[2020-01-20T12:35:20-08:00]
rchar: 374433450285
wchar: 126171348628
syscr: 45349758
syscw: 4194530
read_bytes: 35362251264
write_bytes: 126184112128
cancelled_write_bytes: 0

[2020-01-20T12:35:23-08:00]
rchar: 375026382560
wchar: 126551352155
syscr: 45421658
syscw: 4199653
read_bytes: 35383128576
write_bytes: 126564110336
cancelled_write_bytes: 0

[2020-01-20T12:35:26-08:00]
rchar: 375833114971
wchar: 127061409245
syscr: 45519450
syscw: 4206668
read_bytes: 35415994880
write_bytes: 127074246656
cancelled_write_bytes: 0

[2020-01-20T12:35:29-08:00]
rchar: 376677889962
wchar: 127554568218
syscr: 45621760
syscw: 4214978
read_bytes: 35455889920
write_bytes: 127567462400
cancelled_write_bytes: 0

[2020-01-20T12:35:32-08:00]
rchar: 377490091422
wchar: 127959288929
syscr: 45720192
syscw: 4224084
read_bytes: 35522613760
write_bytes: 127972229120
cancelled_write_bytes: 0

[2020-01-20T12:35:35-08:00]
rchar: 378108565632
wchar: 128346189512
syscr: 45795194
syscw: 4233093
read_bytes: 35585024512
write_bytes: 128359145472
cancelled_write_bytes: 0

[2020-01-20T12:35:38-08:00]
rchar: 379199647839
wchar: 128722727089
syscr: 45927421
syscw: 4244151
read_bytes: 35693933056
write_bytes: 128736264192
cancelled_write_bytes: 0

[2020-01-20T12:35:41-08:00]
rchar: 380445714904
wchar: 129150808432
syscr: 46078528
syscw: 4257026
read_bytes: 35816206848
write_bytes: 129163878400
cancelled_write_bytes: 0

[2020-01-20T12:35:44-08:00]
rchar: 381902527128
wchar: 129688835419
syscr: 46255184
syscw: 4271849
read_bytes: 35970998784
write_bytes: 129701928960
cancelled_write_bytes: 0

[2020-01-20T12:35:47-08:00]
rchar: 382422856065
wchar: 129997237561
syscr: 46318300
syscw: 4275764
read_bytes: 36053586432
write_bytes: 130010406912
cancelled_write_bytes: 0

[2020-01-20T12:35:50-08:00]
rchar: 382422856065
wchar: 129997237637
syscr: 46318300
syscw: 4275765
read_bytes: 36053586432
write_bytes: 130010419200
cancelled_write_bytes: 0

[2020-01-20T12:35:53-08:00]
rchar: 382422856065
wchar: 129997237637
syscr: 46318300
syscw: 4275765
read_bytes: 36053586432
write_bytes: 130010419200
cancelled_write_bytes: 0

