[2020-02-18T11:25:13-08:00]
rchar: 16584906
wchar: 209
syscr: 2826
syscw: 10
read_bytes: 712704
write_bytes: 53248
cancelled_write_bytes: 0

[2020-02-18T11:25:16-08:00]
rchar: 16584906
wchar: 209
syscr: 2826
syscw: 10
read_bytes: 712704
write_bytes: 53248
cancelled_write_bytes: 0

[2020-02-18T11:25:19-08:00]
rchar: 16584906
wchar: 209
syscr: 2826
syscw: 10
read_bytes: 712704
write_bytes: 53248
cancelled_write_bytes: 0

[2020-02-18T11:25:22-08:00]
rchar: 16584906
wchar: 209
syscr: 2826
syscw: 10
read_bytes: 712704
write_bytes: 53248
cancelled_write_bytes: 0

[2020-02-18T11:25:25-08:00]
rchar: 16584906
wchar: 209
syscr: 2826
syscw: 10
read_bytes: 712704
write_bytes: 53248
cancelled_write_bytes: 0

[2020-02-18T11:25:28-08:00]
rchar: 16584906
wchar: 209
syscr: 2826
syscw: 10
read_bytes: 712704
write_bytes: 53248
cancelled_write_bytes: 0

[2020-02-18T11:25:31-08:00]
rchar: 16584906
wchar: 209
syscr: 2826
syscw: 10
read_bytes: 712704
write_bytes: 53248
cancelled_write_bytes: 0

[2020-02-18T11:25:34-08:00]
rchar: 16584906
wchar: 209
syscr: 2826
syscw: 10
read_bytes: 712704
write_bytes: 53248
cancelled_write_bytes: 0

[2020-02-18T11:25:37-08:00]
rchar: 16584906
wchar: 209
syscr: 2826
syscw: 10
read_bytes: 712704
write_bytes: 61440
cancelled_write_bytes: 0

[2020-02-18T11:25:40-08:00]
rchar: 26850044
wchar: 8275336
syscr: 15284
syscw: 1261
read_bytes: 26764800
write_bytes: 8364032
cancelled_write_bytes: 0

[2020-02-18T11:25:43-08:00]
rchar: 224875099
wchar: 151831698
syscr: 65987
syscw: 4774
read_bytes: 327928320
write_bytes: 151941120
cancelled_write_bytes: 0

[2020-02-18T11:25:46-08:00]
rchar: 394410862
wchar: 231959231
syscr: 128385
syscw: 18579
read_bytes: 542759424
write_bytes: 232079360
cancelled_write_bytes: 0

[2020-02-18T11:25:49-08:00]
rchar: 484115684
wchar: 406078259
syscr: 160034
syscw: 26810
read_bytes: 633940480
write_bytes: 406249472
cancelled_write_bytes: 0

[2020-02-18T11:25:52-08:00]
rchar: 563675651
wchar: 457821971
syscr: 192561
syscw: 38210
read_bytes: 748259840
write_bytes: 458203136
cancelled_write_bytes: 0

[2020-02-18T11:25:55-08:00]
rchar: 668421636
wchar: 559796281
syscr: 235322
syscw: 53782
read_bytes: 898525696
write_bytes: 560201728
cancelled_write_bytes: 0

[2020-02-18T11:25:58-08:00]
rchar: 748437720
wchar: 664128607
syscr: 267615
syscw: 66000
read_bytes: 1006184960
write_bytes: 664657920
cancelled_write_bytes: 0

[2020-02-18T11:26:01-08:00]
rchar: 888516431
wchar: 773669547
syscr: 324440
syscw: 81999
read_bytes: 1198434816
write_bytes: 774254592
cancelled_write_bytes: 0

[2020-02-18T11:26:04-08:00]
rchar: 1005968916
wchar: 920397935
syscr: 372078
syscw: 100399
read_bytes: 1359243776
write_bytes: 921014272
cancelled_write_bytes: 0

[2020-02-18T11:26:07-08:00]
rchar: 1121346853
wchar: 1030970771
syscr: 418812
syscw: 106950
read_bytes: 1515248128
write_bytes: 1031688192
cancelled_write_bytes: 0

[2020-02-18T11:26:10-08:00]
rchar: 1196700547
wchar: 1145675981
syscr: 449505
syscw: 115097
read_bytes: 1602943488
write_bytes: 1146679296
cancelled_write_bytes: 0

[2020-02-18T11:26:13-08:00]
rchar: 1433973353
wchar: 1322907938
syscr: 537915
syscw: 132596
read_bytes: 1877592576
write_bytes: 1323954176
cancelled_write_bytes: 0

[2020-02-18T11:26:16-08:00]
rchar: 1580473038
wchar: 1500879027
syscr: 589820
syscw: 141268
read_bytes: 2040015360
write_bytes: 1502003200
cancelled_write_bytes: 0

[2020-02-18T11:26:19-08:00]
rchar: 1804590489
wchar: 1703354238
syscr: 671546
syscw: 154118
read_bytes: 2290854400
write_bytes: 1704488960
cancelled_write_bytes: 0

[2020-02-18T11:26:22-08:00]
rchar: 2013536927
wchar: 1916752779
syscr: 747977
syscw: 170323
read_bytes: 2524899840
write_bytes: 1917927424
cancelled_write_bytes: 0

[2020-02-18T11:26:25-08:00]
rchar: 2090603818
wchar: 2016616319
syscr: 774964
syscw: 174490
read_bytes: 2605017600
write_bytes: 2017947648
cancelled_write_bytes: 0

[2020-02-18T11:26:28-08:00]
rchar: 2332522853
wchar: 2212609260
syscr: 859819
syscw: 184819
read_bytes: 2851490304
write_bytes: 2213994496
cancelled_write_bytes: 0

[2020-02-18T11:26:31-08:00]
rchar: 2579526877
wchar: 2445386154
syscr: 946364
syscw: 195403
read_bytes: 3100469760
write_bytes: 2446815232
cancelled_write_bytes: 0

[2020-02-18T11:26:34-08:00]
rchar: 2784467104
wchar: 2625810899
syscr: 1017926
syscw: 204348
read_bytes: 3301825024
write_bytes: 2627289088
cancelled_write_bytes: 0

[2020-02-18T11:26:37-08:00]
rchar: 3066678723
wchar: 2884626300
syscr: 1116038
syscw: 215188
read_bytes: 3572488704
write_bytes: 2886193152
cancelled_write_bytes: 0

[2020-02-18T11:26:40-08:00]
rchar: 3216010325
wchar: 3012819203
syscr: 1168375
syscw: 223564
read_bytes: 3712018944
write_bytes: 3014520832
cancelled_write_bytes: 0

[2020-02-18T11:26:43-08:00]
rchar: 3432558460
wchar: 3198690108
syscr: 1243315
syscw: 232552
read_bytes: 3907377664
write_bytes: 3200593920
cancelled_write_bytes: 0

[2020-02-18T11:26:46-08:00]
rchar: 3654654564
wchar: 3384337122
syscr: 1319766
syscw: 241824
read_bytes: 4108548608
write_bytes: 3386261504
cancelled_write_bytes: 0

[2020-02-18T11:26:49-08:00]
rchar: 3927422021
wchar: 3632959291
syscr: 1412751
syscw: 251886
read_bytes: 4352072192
write_bytes: 3634962432
cancelled_write_bytes: 0

[2020-02-18T11:26:52-08:00]
rchar: 4246044182
wchar: 3874867883
syscr: 1520187
syscw: 260505
read_bytes: 4628277760
write_bytes: 3876904960
cancelled_write_bytes: 0

[2020-02-18T11:26:55-08:00]
rchar: 4547093733
wchar: 4148870863
syscr: 1622074
syscw: 270604
read_bytes: 4885043712
write_bytes: 4150947840
cancelled_write_bytes: 0

[2020-02-18T11:26:58-08:00]
rchar: 4753428583
wchar: 4325635998
syscr: 1692882
syscw: 277486
read_bytes: 5053692416
write_bytes: 4328034304
cancelled_write_bytes: 0

[2020-02-18T11:27:01-08:00]
rchar: 4980811076
wchar: 4506022726
syscr: 1771292
syscw: 285676
read_bytes: 5243562496
write_bytes: 4508454912
cancelled_write_bytes: 0

[2020-02-18T11:27:04-08:00]
rchar: 5249503458
wchar: 4747460427
syscr: 1862999
syscw: 293329
read_bytes: 5460908544
write_bytes: 4749938688
cancelled_write_bytes: 0

[2020-02-18T11:27:07-08:00]
rchar: 5537785350
wchar: 4960460919
syscr: 1961553
syscw: 301980
read_bytes: 5691722240
write_bytes: 4962971648
cancelled_write_bytes: 0

[2020-02-18T11:27:10-08:00]
rchar: 5747445476
wchar: 5129544891
syscr: 2032334
syscw: 308832
read_bytes: 5853755904
write_bytes: 5132255232
cancelled_write_bytes: 0

[2020-02-18T11:27:13-08:00]
rchar: 5924142415
wchar: 5274724030
syscr: 2092482
syscw: 315249
read_bytes: 5990267392
write_bytes: 5277609984
cancelled_write_bytes: 0

[2020-02-18T11:27:16-08:00]
rchar: 6023490265
wchar: 5335613894
syscr: 2128180
syscw: 324212
read_bytes: 6063045120
write_bytes: 5338763264
cancelled_write_bytes: 0

[2020-02-18T11:27:19-08:00]
rchar: 6120071258
wchar: 5396135396
syscr: 2162757
syscw: 332426
read_bytes: 6133545472
write_bytes: 5399683072
cancelled_write_bytes: 0

[2020-02-18T11:27:22-08:00]
rchar: 6197172049
wchar: 5464457079
syscr: 2190430
syscw: 339747
read_bytes: 6190598656
write_bytes: 5468282880
cancelled_write_bytes: 0

[2020-02-18T11:27:25-08:00]
rchar: 6329391644
wchar: 5541882100
syscr: 2238670
syscw: 351755
read_bytes: 6285900288
write_bytes: 5545979904
cancelled_write_bytes: 0

[2020-02-18T11:27:28-08:00]
rchar: 6435355709
wchar: 5612074903
syscr: 2278212
syscw: 361453
read_bytes: 6366166528
write_bytes: 5616623616
cancelled_write_bytes: 0

[2020-02-18T11:27:32-08:00]
rchar: 6516176065
wchar: 5688153751
syscr: 2309279
syscw: 369559
read_bytes: 6432914944
write_bytes: 5692948480
cancelled_write_bytes: 0

[2020-02-18T11:27:35-08:00]
rchar: 6755062884
wchar: 5907060242
syscr: 2393071
syscw: 377514
read_bytes: 6636457472
write_bytes: 5911928832
cancelled_write_bytes: 0

[2020-02-18T11:27:38-08:00]
rchar: 6988979116
wchar: 6114777921
syscr: 2475668
syscw: 386974
read_bytes: 6829252096
write_bytes: 6119755776
cancelled_write_bytes: 0

[2020-02-18T11:27:41-08:00]
rchar: 7129047106
wchar: 6238031353
syscr: 2525959
syscw: 394460
read_bytes: 6942547456
write_bytes: 6243221504
cancelled_write_bytes: 0

[2020-02-18T11:27:44-08:00]
rchar: 7248671064
wchar: 6303683225
syscr: 2570460
syscw: 403554
read_bytes: 7035407872
write_bytes: 6309134336
cancelled_write_bytes: 0

[2020-02-18T11:27:47-08:00]
rchar: 7331943246
wchar: 6411711917
syscr: 2602132
syscw: 411936
read_bytes: 7098637824
write_bytes: 6417383424
cancelled_write_bytes: 0

[2020-02-18T11:27:50-08:00]
rchar: 7467130529
wchar: 6472828574
syscr: 2652789
syscw: 422821
read_bytes: 7195827712
write_bytes: 6478778368
cancelled_write_bytes: 0

[2020-02-18T11:27:53-08:00]
rchar: 7668508439
wchar: 6620868541
syscr: 2723180
syscw: 429966
read_bytes: 7355096576
write_bytes: 6626922496
cancelled_write_bytes: 0

[2020-02-18T11:27:56-08:00]
rchar: 7792578931
wchar: 6756498388
syscr: 2767875
syscw: 437941
read_bytes: 7448456704
write_bytes: 6762696704
cancelled_write_bytes: 0

[2020-02-18T11:27:59-08:00]
rchar: 7914734277
wchar: 6831331359
syscr: 2813831
syscw: 446438
read_bytes: 7535840768
write_bytes: 6837800960
cancelled_write_bytes: 0

[2020-02-18T11:28:02-08:00]
rchar: 8004821744
wchar: 6909207237
syscr: 2847807
syscw: 453662
read_bytes: 7601761792
write_bytes: 6915928064
cancelled_write_bytes: 0

[2020-02-18T11:28:05-08:00]
rchar: 8133692452
wchar: 6984954361
syscr: 2896681
syscw: 465602
read_bytes: 7695715840
write_bytes: 6991937536
cancelled_write_bytes: 0

[2020-02-18T11:28:08-08:00]
rchar: 8247597512
wchar: 7050440065
syscr: 2939264
syscw: 474756
read_bytes: 7779503616
write_bytes: 7057641472
cancelled_write_bytes: 0

[2020-02-18T11:28:11-08:00]
rchar: 8477982453
wchar: 7239777681
syscr: 3020928
syscw: 480374
read_bytes: 7955099136
write_bytes: 7247429632
cancelled_write_bytes: 0

[2020-02-18T11:28:14-08:00]
rchar: 8669119324
wchar: 7388765801
syscr: 3084381
syscw: 485087
read_bytes: 8110273024
write_bytes: 7396696064
cancelled_write_bytes: 0

[2020-02-18T11:28:17-08:00]
rchar: 8909109005
wchar: 7624331789
syscr: 3164557
syscw: 491896
read_bytes: 8305893888
write_bytes: 7632322560
cancelled_write_bytes: 0

[2020-02-18T11:28:20-08:00]
rchar: 9240328552
wchar: 7952981041
syscr: 3274654
syscw: 499034
read_bytes: 8574280192
write_bytes: 7961120768
cancelled_write_bytes: 0

[2020-02-18T11:28:23-08:00]
rchar: 9511252744
wchar: 8197951138
syscr: 3365868
syscw: 507055
read_bytes: 8789258752
write_bytes: 8206184448
cancelled_write_bytes: 0

[2020-02-18T11:28:26-08:00]
rchar: 9694476941
wchar: 8369292228
syscr: 3427324
syscw: 513170
read_bytes: 8932471296
write_bytes: 8377679872
cancelled_write_bytes: 0

[2020-02-18T11:28:29-08:00]
rchar: 9974216525
wchar: 8580028679
syscr: 3520182
syscw: 519642
read_bytes: 9147879936
write_bytes: 8588541952
cancelled_write_bytes: 0

[2020-02-18T11:28:32-08:00]
rchar: 10130911096
wchar: 8728478465
syscr: 3573369
syscw: 524872
read_bytes: 9264923136
write_bytes: 8737181696
cancelled_write_bytes: 0

[2020-02-18T11:28:35-08:00]
rchar: 10564731014
wchar: 9098980277
syscr: 3717877
syscw: 533267
read_bytes: 9594749440
write_bytes: 9107738624
cancelled_write_bytes: 0

[2020-02-18T11:28:38-08:00]
rchar: 10746922232
wchar: 9275627167
syscr: 3779761
syscw: 540537
read_bytes: 9727406592
write_bytes: 9284567040
cancelled_write_bytes: 0

[2020-02-18T11:28:41-08:00]
rchar: 10846789804
wchar: 9345452679
syscr: 3815547
syscw: 547452
read_bytes: 9793094144
write_bytes: 9354649600
cancelled_write_bytes: 0

[2020-02-18T11:28:44-08:00]
rchar: 11001023473
wchar: 9456689210
syscr: 3870763
syscw: 557189
read_bytes: 9894400512
write_bytes: 9466118144
cancelled_write_bytes: 0

[2020-02-18T11:28:47-08:00]
rchar: 11158062643
wchar: 9540309232
syscr: 3928521
syscw: 566231
read_bytes: 9991737856
write_bytes: 9549975552
cancelled_write_bytes: 0

[2020-02-18T11:28:50-08:00]
rchar: 11263830520
wchar: 9621365344
syscr: 3967299
syscw: 574383
read_bytes: 10056094208
write_bytes: 9631285248
cancelled_write_bytes: 0

[2020-02-18T11:28:53-08:00]
rchar: 11384499613
wchar: 9690729521
syscr: 4011630
syscw: 584026
read_bytes: 10131440128
write_bytes: 9700876288
cancelled_write_bytes: 0

[2020-02-18T11:28:56-08:00]
rchar: 11477281269
wchar: 9793331618
syscr: 4047987
syscw: 590178
read_bytes: 10184958464
write_bytes: 9804767232
cancelled_write_bytes: 0

[2020-02-18T11:28:59-08:00]
rchar: 11569451418
wchar: 9870977051
syscr: 4083473
syscw: 598362
read_bytes: 10247389696
write_bytes: 9882669056
cancelled_write_bytes: 0

[2020-02-18T11:29:02-08:00]
rchar: 11755121018
wchar: 9973750362
syscr: 4152142
syscw: 608912
read_bytes: 10378097152
write_bytes: 9985687552
cancelled_write_bytes: 0

[2020-02-18T11:29:05-08:00]
rchar: 11846284526
wchar: 10085343765
syscr: 4187098
syscw: 617471
read_bytes: 10440819200
write_bytes: 10097479680
cancelled_write_bytes: 0

[2020-02-18T11:29:08-08:00]
rchar: 11996706173
wchar: 10154933480
syscr: 4244615
syscw: 628909
read_bytes: 10543006208
write_bytes: 10167402496
cancelled_write_bytes: 0

[2020-02-18T11:29:11-08:00]
rchar: 12086887735
wchar: 10230945186
syscr: 4279177
syscw: 636569
read_bytes: 10603708928
write_bytes: 10243633152
cancelled_write_bytes: 0

[2020-02-18T11:29:14-08:00]
rchar: 12189745337
wchar: 10296973266
syscr: 4318847
syscw: 645949
read_bytes: 10673811968
write_bytes: 10309931008
cancelled_write_bytes: 0

[2020-02-18T11:29:17-08:00]
rchar: 12279404919
wchar: 10382795693
syscr: 4354284
syscw: 651488
read_bytes: 10730861056
write_bytes: 10396549120
cancelled_write_bytes: 0

[2020-02-18T11:29:20-08:00]
rchar: 12376360706
wchar: 10467531417
syscr: 4389126
syscw: 657223
read_bytes: 10801697280
write_bytes: 10481627136
cancelled_write_bytes: 0

[2020-02-18T11:29:23-08:00]
rchar: 12654606865
wchar: 10683822434
syscr: 4483111
syscw: 664108
read_bytes: 11012407808
write_bytes: 10698129408
cancelled_write_bytes: 0

[2020-02-18T11:29:26-08:00]
rchar: 12774843393
wchar: 10835294060
syscr: 4525612
syscw: 669918
read_bytes: 11099931136
write_bytes: 10849865728
cancelled_write_bytes: 0

[2020-02-18T11:29:29-08:00]
rchar: 12990730770
wchar: 10988540513
syscr: 4599690
syscw: 676936
read_bytes: 11255120384
write_bytes: 11003322368
cancelled_write_bytes: 0

[2020-02-18T11:29:32-08:00]
rchar: 13161778013
wchar: 11101350637
syscr: 4660209
syscw: 684845
read_bytes: 11372421632
write_bytes: 11116380160
cancelled_write_bytes: 0

[2020-02-18T11:29:35-08:00]
rchar: 13339499432
wchar: 11277542009
syscr: 4724698
syscw: 695996
read_bytes: 11486806528
write_bytes: 11292770304
cancelled_write_bytes: 0

[2020-02-18T11:29:38-08:00]
rchar: 13447420629
wchar: 11326061321
syscr: 4765191
syscw: 704951
read_bytes: 11553796608
write_bytes: 11341516800
cancelled_write_bytes: 0

[2020-02-18T11:29:41-08:00]
rchar: 13542842091
wchar: 11403648437
syscr: 4801530
syscw: 713499
read_bytes: 11614331392
write_bytes: 11419324416
cancelled_write_bytes: 0

[2020-02-18T11:29:44-08:00]
rchar: 13689790509
wchar: 11506664873
syscr: 4857475
syscw: 725556
read_bytes: 11709534720
write_bytes: 11522658304
cancelled_write_bytes: 0

[2020-02-18T11:29:47-08:00]
rchar: 13763285885
wchar: 11573951925
syscr: 4885486
syscw: 731713
read_bytes: 11755688448
write_bytes: 11590115328
cancelled_write_bytes: 0

[2020-02-18T11:29:50-08:00]
rchar: 13946081902
wchar: 11701268333
syscr: 4953130
syscw: 742667
read_bytes: 11873362432
write_bytes: 11717656576
cancelled_write_bytes: 0

[2020-02-18T11:29:53-08:00]
rchar: 14074561322
wchar: 11791284969
syscr: 5001965
syscw: 751070
read_bytes: 11954094592
write_bytes: 11807907840
cancelled_write_bytes: 0

[2020-02-18T11:29:56-08:00]
rchar: 14213024290
wchar: 11888927566
syscr: 5054876
syscw: 762164
read_bytes: 12041867776
write_bytes: 11905818624
cancelled_write_bytes: 0

[2020-02-18T11:29:59-08:00]
rchar: 14329294480
wchar: 11976174859
syscr: 5099110
syscw: 771495
read_bytes: 12113445376
write_bytes: 11993325568
cancelled_write_bytes: 0

[2020-02-18T11:30:02-08:00]
rchar: 14434426772
wchar: 12055200741
syscr: 5139566
syscw: 778861
read_bytes: 12176069120
write_bytes: 12072611840
cancelled_write_bytes: 0

[2020-02-18T11:30:05-08:00]
rchar: 14581946076
wchar: 12120989949
syscr: 5195382
syscw: 790525
read_bytes: 12268667392
write_bytes: 12138729472
cancelled_write_bytes: 0

[2020-02-18T11:30:08-08:00]
rchar: 14680207621
wchar: 12198202614
syscr: 5232481
syscw: 798473
read_bytes: 12328223232
write_bytes: 12216143872
cancelled_write_bytes: 0

[2020-02-18T11:30:11-08:00]
rchar: 14830592838
wchar: 12300848719
syscr: 5289635
syscw: 810040
read_bytes: 12418314752
write_bytes: 12319109120
cancelled_write_bytes: 0

[2020-02-18T11:30:14-08:00]
rchar: 14935242450
wchar: 12380173176
syscr: 5329065
syscw: 818065
read_bytes: 12479271424
write_bytes: 12398649344
cancelled_write_bytes: 0

[2020-02-18T11:30:17-08:00]
rchar: 15058900720
wchar: 12450125754
syscr: 5375959
syscw: 827915
read_bytes: 12551213568
write_bytes: 12468887552
cancelled_write_bytes: 0

[2020-02-18T11:30:20-08:00]
rchar: 15175365830
wchar: 12533219608
syscr: 5419756
syscw: 832410
read_bytes: 12618347008
write_bytes: 12552937472
cancelled_write_bytes: 0

[2020-02-18T11:30:23-08:00]
rchar: 15287180457
wchar: 12574259319
syscr: 5457888
syscw: 836026
read_bytes: 12696650240
write_bytes: 12594434048
cancelled_write_bytes: 0

[2020-02-18T11:30:26-08:00]
rchar: 15555767703
wchar: 12890756605
syscr: 5546190
syscw: 842141
read_bytes: 12891795968
write_bytes: 12911030272
cancelled_write_bytes: 0

[2020-02-18T11:30:29-08:00]
rchar: 15938404126
wchar: 13185926775
syscr: 5672193
syscw: 850015
read_bytes: 13164638720
write_bytes: 13213351936
cancelled_write_bytes: 0

[2020-02-18T11:30:32-08:00]
rchar: 16225332326
wchar: 13433044556
syscr: 5767044
syscw: 856571
read_bytes: 13366690304
write_bytes: 13453492224
cancelled_write_bytes: 0

[2020-02-18T11:30:35-08:00]
rchar: 16528152512
wchar: 13702668717
syscr: 5868115
syscw: 864553
read_bytes: 13577146880
write_bytes: 13723181056
cancelled_write_bytes: 0

[2020-02-18T11:30:38-08:00]
rchar: 16700365545
wchar: 13878739775
syscr: 5926376
syscw: 870679
read_bytes: 13696221696
write_bytes: 13899321344
cancelled_write_bytes: 0

[2020-02-18T11:30:41-08:00]
rchar: 16879476030
wchar: 14070369609
syscr: 5987305
syscw: 876829
read_bytes: 13815394816
write_bytes: 14091182080
cancelled_write_bytes: 0

[2020-02-18T11:30:44-08:00]
rchar: 17089614933
wchar: 14195831977
syscr: 6058543
syscw: 883751
read_bytes: 13950939648
write_bytes: 14216871936
cancelled_write_bytes: 0

[2020-02-18T11:30:47-08:00]
rchar: 17183041359
wchar: 14325074143
syscr: 6092317
syscw: 889750
read_bytes: 14002885120
write_bytes: 14346395648
cancelled_write_bytes: 0

[2020-02-18T11:30:50-08:00]
rchar: 17311957921
wchar: 14410930342
syscr: 6139706
syscw: 898848
read_bytes: 14070813184
write_bytes: 14432501760
cancelled_write_bytes: 0

[2020-02-18T11:30:53-08:00]
rchar: 17459127490
wchar: 14503243062
syscr: 6193929
syscw: 908521
read_bytes: 14148387328
write_bytes: 14525005824
cancelled_write_bytes: 0

[2020-02-18T11:30:56-08:00]
rchar: 17591345984
wchar: 14557936307
syscr: 6242848
syscw: 917825
read_bytes: 14219342336
write_bytes: 14579937280
cancelled_write_bytes: 0

[2020-02-18T11:30:59-08:00]
rchar: 17753542878
wchar: 14660204607
syscr: 6303184
syscw: 927796
read_bytes: 14307246592
write_bytes: 14682464256
cancelled_write_bytes: 0

[2020-02-18T11:31:02-08:00]
rchar: 17871695951
wchar: 14760011394
syscr: 6346954
syscw: 937471
read_bytes: 14370820608
write_bytes: 14782468096
cancelled_write_bytes: 0

[2020-02-18T11:31:05-08:00]
rchar: 18039985774
wchar: 14845509822
syscr: 6409350
syscw: 947499
read_bytes: 14458032640
write_bytes: 14868254720
cancelled_write_bytes: 0

[2020-02-18T11:31:08-08:00]
rchar: 18168828893
wchar: 14932655768
syscr: 6457196
syscw: 955943
read_bytes: 14527533568
write_bytes: 14955622400
cancelled_write_bytes: 0

[2020-02-18T11:31:11-08:00]
rchar: 18325777803
wchar: 15031499682
syscr: 6515485
syscw: 966155
read_bytes: 14611870208
write_bytes: 15054721024
cancelled_write_bytes: 0

[2020-02-18T11:31:14-08:00]
rchar: 18472070869
wchar: 15128022514
syscr: 6569811
syscw: 974896
read_bytes: 14691176960
write_bytes: 15151480832
cancelled_write_bytes: 0

[2020-02-18T11:31:17-08:00]
rchar: 18587372034
wchar: 15211822782
syscr: 6612749
syscw: 983500
read_bytes: 14752547328
write_bytes: 15235526656
cancelled_write_bytes: 0

[2020-02-18T11:31:20-08:00]
rchar: 18762095885
wchar: 15316498740
syscr: 6677585
syscw: 993179
read_bytes: 14844695040
write_bytes: 15340486656
cancelled_write_bytes: 0

[2020-02-18T11:31:23-08:00]
rchar: 18880573520
wchar: 15400280716
syscr: 6721676
syscw: 1001722
read_bytes: 14907425280
write_bytes: 15424503808
cancelled_write_bytes: 0

[2020-02-18T11:31:26-08:00]
rchar: 19042298651
wchar: 15500582201
syscr: 6781528
syscw: 1012128
read_bytes: 14993113600
write_bytes: 15525097472
cancelled_write_bytes: 0

[2020-02-18T11:31:29-08:00]
rchar: 19165712865
wchar: 15586345281
syscr: 6827347
syscw: 1020933
read_bytes: 15059673600
write_bytes: 15611117568
cancelled_write_bytes: 0

[2020-02-18T11:31:32-08:00]
rchar: 19284477135
wchar: 15672177609
syscr: 6871710
syscw: 1030369
read_bytes: 15125164544
write_bytes: 15697227776
cancelled_write_bytes: 0

[2020-02-18T11:31:35-08:00]
rchar: 19459376139
wchar: 15778597370
syscr: 6936460
syscw: 1040869
read_bytes: 15216747008
write_bytes: 15803944960
cancelled_write_bytes: 0

[2020-02-18T11:31:38-08:00]
rchar: 19578382592
wchar: 15863612576
syscr: 6980829
syscw: 1050225
read_bytes: 15280800256
write_bytes: 15889170432
cancelled_write_bytes: 0

[2020-02-18T11:31:41-08:00]
rchar: 19737058123
wchar: 15963074261
syscr: 7039923
syscw: 1060247
read_bytes: 15365059072
write_bytes: 15988977664
cancelled_write_bytes: 0

[2020-02-18T11:31:44-08:00]
rchar: 19860173074
wchar: 16049322068
syscr: 7085627
syscw: 1069040
read_bytes: 15430853120
write_bytes: 16075505664
cancelled_write_bytes: 0

[2020-02-18T11:31:47-08:00]
rchar: 20014125445
wchar: 16134332283
syscr: 7143241
syscw: 1078440
read_bytes: 15516000768
write_bytes: 16160792576
cancelled_write_bytes: 0

[2020-02-18T11:31:50-08:00]
rchar: 20107934633
wchar: 16215743540
syscr: 7179970
syscw: 1082554
read_bytes: 15560307200
write_bytes: 16243302400
cancelled_write_bytes: 0

[2020-02-18T11:31:53-08:00]
rchar: 20199808323
wchar: 16275000731
syscr: 7212480
syscw: 1086626
read_bytes: 15615132160
write_bytes: 16303104000
cancelled_write_bytes: 0

[2020-02-18T11:31:56-08:00]
rchar: 20531810542
wchar: 16571990242
syscr: 7322256
syscw: 1092811
read_bytes: 15828738560
write_bytes: 16600166400
cancelled_write_bytes: 0

[2020-02-18T11:31:59-08:00]
rchar: 20943589177
wchar: 16939996251
syscr: 7458780
syscw: 1100943
read_bytes: 16090456576
write_bytes: 16968228864
cancelled_write_bytes: 0

[2020-02-18T11:32:02-08:00]
rchar: 21188759771
wchar: 17161797709
syscr: 7541219
syscw: 1107527
read_bytes: 16243999232
write_bytes: 17190129664
cancelled_write_bytes: 0

[2020-02-18T11:32:05-08:00]
rchar: 21476243313
wchar: 17399666144
syscr: 7638975
syscw: 1115312
read_bytes: 16421892608
write_bytes: 17428099072
cancelled_write_bytes: 0

[2020-02-18T11:32:08-08:00]
rchar: 21630408650
wchar: 17549802725
syscr: 7692513
syscw: 1121705
read_bytes: 16512434688
write_bytes: 17578352640
cancelled_write_bytes: 0

[2020-02-18T11:32:11-08:00]
rchar: 21785422649
wchar: 17637442071
syscr: 7747383
syscw: 1128847
read_bytes: 16598950400
write_bytes: 17666330624
cancelled_write_bytes: 0

[2020-02-18T11:32:14-08:00]
rchar: 21920499897
wchar: 17741807953
syscr: 7796484
syscw: 1136684
read_bytes: 16665342464
write_bytes: 17770909696
cancelled_write_bytes: 0

[2020-02-18T11:32:17-08:00]
rchar: 22100125072
wchar: 17846968879
syscr: 7862422
syscw: 1146274
read_bytes: 16751956480
write_bytes: 17876291584
cancelled_write_bytes: 0

[2020-02-18T11:32:20-08:00]
rchar: 22294677462
wchar: 17981300218
syscr: 7931138
syscw: 1154388
read_bytes: 16853701120
write_bytes: 18010796032
cancelled_write_bytes: 0

[2020-02-18T11:32:23-08:00]
rchar: 22551794357
wchar: 18163320143
syscr: 8022027
syscw: 1161058
read_bytes: 16985739776
write_bytes: 18193444864
cancelled_write_bytes: 0

[2020-02-18T11:32:26-08:00]
rchar: 22622295711
wchar: 18246199029
syscr: 8048375
syscw: 1164925
read_bytes: 17022079488
write_bytes: 18277511168
cancelled_write_bytes: 0

[2020-02-18T11:32:29-08:00]
rchar: 22740511142
wchar: 18344031187
syscr: 8091595
syscw: 1171164
read_bytes: 17087406592
write_bytes: 18375598080
cancelled_write_bytes: 0

[2020-02-18T11:32:32-08:00]
rchar: 22889780592
wchar: 18410181088
syscr: 8147460
syscw: 1180171
read_bytes: 17165947392
write_bytes: 18442022912
cancelled_write_bytes: 0

[2020-02-18T11:32:35-08:00]
rchar: 23083881875
wchar: 18536883262
syscr: 8218267
syscw: 1190537
read_bytes: 17267372544
write_bytes: 18569011200
cancelled_write_bytes: 0

[2020-02-18T11:32:38-08:00]
rchar: 23219070035
wchar: 18645277806
syscr: 8269198
syscw: 1195767
read_bytes: 17335988736
write_bytes: 18677862400
cancelled_write_bytes: 0

[2020-02-18T11:32:41-08:00]
rchar: 23319056319
wchar: 18687186849
syscr: 8303382
syscw: 1199625
read_bytes: 17395728896
write_bytes: 18720514048
cancelled_write_bytes: 0

[2020-02-18T11:32:44-08:00]
rchar: 23558731053
wchar: 18946606823
syscr: 8382261
syscw: 1204581
read_bytes: 17544925696
write_bytes: 18980163584
cancelled_write_bytes: 0

[2020-02-18T11:32:47-08:00]
rchar: 23817735119
wchar: 19121611722
syscr: 8469179
syscw: 1213227
read_bytes: 17700950528
write_bytes: 19155349504
cancelled_write_bytes: 0

[2020-02-18T11:32:50-08:00]
rchar: 24051869710
wchar: 19306676440
syscr: 8547385
syscw: 1219199
read_bytes: 17842418176
write_bytes: 19357708288
cancelled_write_bytes: 0

[2020-02-18T11:32:53-08:00]
rchar: 24236327210
wchar: 19531019250
syscr: 8610061
syscw: 1225706
read_bytes: 17950622208
write_bytes: 19565121536
cancelled_write_bytes: 0

[2020-02-18T11:32:56-08:00]
rchar: 24492397807
wchar: 19730067945
syscr: 8697519
syscw: 1234172
read_bytes: 18098991616
write_bytes: 19764334592
cancelled_write_bytes: 0

[2020-02-18T11:32:59-08:00]
rchar: 24571092257
wchar: 19819415559
syscr: 8725488
syscw: 1239025
read_bytes: 18142011904
write_bytes: 19853905920
cancelled_write_bytes: 0

[2020-02-18T11:33:02-08:00]
rchar: 24779765387
wchar: 19979182464
syscr: 8798518
syscw: 1247634
read_bytes: 18251702784
write_bytes: 20013924352
cancelled_write_bytes: 0

[2020-02-18T11:33:05-08:00]
rchar: 24936680581
wchar: 20076889707
syscr: 8855759
syscw: 1257116
read_bytes: 18325066240
write_bytes: 20111843328
cancelled_write_bytes: 0

[2020-02-18T11:33:08-08:00]
rchar: 25055295680
wchar: 20160425163
syscr: 8899464
syscw: 1265706
read_bytes: 18379575808
write_bytes: 20195627008
cancelled_write_bytes: 0

[2020-02-18T11:33:11-08:00]
rchar: 25259950288
wchar: 20274694759
syscr: 8977785
syscw: 1275601
read_bytes: 18472055296
write_bytes: 20310192128
cancelled_write_bytes: 0

[2020-02-18T11:33:14-08:00]
rchar: 25338049669
wchar: 20333498447
syscr: 9005812
syscw: 1279751
read_bytes: 18513543680
write_bytes: 20369809408
cancelled_write_bytes: 0

[2020-02-18T11:33:17-08:00]
rchar: 25449496916
wchar: 20396784868
syscr: 9045330
syscw: 1285819
read_bytes: 18573763072
write_bytes: 20433637376
cancelled_write_bytes: 0

[2020-02-18T11:33:20-08:00]
rchar: 25517437682
wchar: 20452283559
syscr: 9069187
syscw: 1289731
read_bytes: 18611110400
write_bytes: 20489469952
cancelled_write_bytes: 0

[2020-02-18T11:33:23-08:00]
rchar: 25729767366
wchar: 20668275600
syscr: 9143061
syscw: 1297319
read_bytes: 18731528704
write_bytes: 20705845248
cancelled_write_bytes: 0

[2020-02-18T11:33:26-08:00]
rchar: 25881647947
wchar: 20769799780
syscr: 9195704
syscw: 1303401
read_bytes: 18815541760
write_bytes: 20807647232
cancelled_write_bytes: 0

[2020-02-18T11:33:29-08:00]
rchar: 26057197258
wchar: 20925569057
syscr: 9257865
syscw: 1312177
read_bytes: 18904244736
write_bytes: 20963733504
cancelled_write_bytes: 0

[2020-02-18T11:33:32-08:00]
rchar: 26229792255
wchar: 21030353678
syscr: 9321282
syscw: 1321651
read_bytes: 18984108544
write_bytes: 21068791808
cancelled_write_bytes: 0

[2020-02-18T11:33:35-08:00]
rchar: 26375007491
wchar: 21124709481
syscr: 9374828
syscw: 1331651
read_bytes: 19052433920
write_bytes: 21163409408
cancelled_write_bytes: 0

[2020-02-18T11:33:38-08:00]
rchar: 26528570800
wchar: 21208709927
syscr: 9430499
syscw: 1338990
read_bytes: 19128291840
write_bytes: 21248176128
cancelled_write_bytes: 0

[2020-02-18T11:33:41-08:00]
rchar: 26764358326
wchar: 21434274257
syscr: 9511392
syscw: 1346110
read_bytes: 19260060160
write_bytes: 21473902592
cancelled_write_bytes: 0

[2020-02-18T11:33:44-08:00]
rchar: 27059364537
wchar: 21665329020
syscr: 9613814
syscw: 1354780
read_bytes: 19422827008
write_bytes: 21705072640
cancelled_write_bytes: 0

[2020-02-18T11:33:47-08:00]
rchar: 27226846650
wchar: 21791447802
syscr: 9676170
syscw: 1365659
read_bytes: 19504882176
write_bytes: 21831516160
cancelled_write_bytes: 0

[2020-02-18T11:33:50-08:00]
rchar: 27375069660
wchar: 21894372214
syscr: 9729955
syscw: 1374122
read_bytes: 19573699072
write_bytes: 21934624768
cancelled_write_bytes: 0

[2020-02-18T11:33:53-08:00]
rchar: 27566788827
wchar: 22035262442
syscr: 9797267
syscw: 1382331
read_bytes: 19669754368
write_bytes: 22075658240
cancelled_write_bytes: 0

[2020-02-18T11:33:56-08:00]
rchar: 27749130861
wchar: 22173683138
syscr: 9862566
syscw: 1392042
read_bytes: 19753583104
write_bytes: 22214258688
cancelled_write_bytes: 0

[2020-02-18T11:33:59-08:00]
rchar: 27911217868
wchar: 22259669563
syscr: 9922819
syscw: 1401544
read_bytes: 19827319296
write_bytes: 22300499968
cancelled_write_bytes: 0

[2020-02-18T11:34:02-08:00]
rchar: 28048037017
wchar: 22351901945
syscr: 9973632
syscw: 1411382
read_bytes: 19886658048
write_bytes: 22393008128
cancelled_write_bytes: 0

[2020-02-18T11:34:05-08:00]
rchar: 28227801546
wchar: 22457394441
syscr: 10039762
syscw: 1420807
read_bytes: 19965518336
write_bytes: 22498734080
cancelled_write_bytes: 0

[2020-02-18T11:34:08-08:00]
rchar: 28374390882
wchar: 22578334621
syscr: 10096034
syscw: 1426923
read_bytes: 20025324032
write_bytes: 22620377088
cancelled_write_bytes: 0

[2020-02-18T11:34:11-08:00]
rchar: 28474961371
wchar: 22615842912
syscr: 10130894
syscw: 1431384
read_bytes: 20076622336
write_bytes: 22658347008
cancelled_write_bytes: 0

[2020-02-18T11:34:14-08:00]
rchar: 28681740116
wchar: 22822388482
syscr: 10202743
syscw: 1439792
read_bytes: 20184826368
write_bytes: 22865244160
cancelled_write_bytes: 0

[2020-02-18T11:34:17-08:00]
rchar: 28885250654
wchar: 22929456106
syscr: 10273137
syscw: 1447158
read_bytes: 20290908672
write_bytes: 22975553536
cancelled_write_bytes: 0

[2020-02-18T11:34:20-08:00]
rchar: 29118184523
wchar: 23161122880
syscr: 10353406
syscw: 1455202
read_bytes: 20409561600
write_bytes: 23204298752
cancelled_write_bytes: 0

[2020-02-18T11:34:23-08:00]
rchar: 29243557746
wchar: 23260695754
syscr: 10397993
syscw: 1462249
read_bytes: 20471087616
write_bytes: 23304204288
cancelled_write_bytes: 0

[2020-02-18T11:34:26-08:00]
rchar: 29584746340
wchar: 23507127370
syscr: 10512984
syscw: 1470496
read_bytes: 20641243648
write_bytes: 23550713856
cancelled_write_bytes: 0

[2020-02-18T11:34:29-08:00]
rchar: 29811550827
wchar: 23680876669
syscr: 10593307
syscw: 1477971
read_bytes: 20742234624
write_bytes: 23725113344
cancelled_write_bytes: 0

[2020-02-18T11:34:32-08:00]
rchar: 29922456805
wchar: 23740780452
syscr: 10632085
syscw: 1483202
read_bytes: 20796469760
write_bytes: 23785357312
cancelled_write_bytes: 0

[2020-02-18T11:34:35-08:00]
rchar: 30142179143
wchar: 23930117916
syscr: 10708689
syscw: 1491514
read_bytes: 20908286464
write_bytes: 23974895616
cancelled_write_bytes: 0

[2020-02-18T11:34:38-08:00]
rchar: 30360208204
wchar: 24119471330
syscr: 10784941
syscw: 1500282
read_bytes: 21013819904
write_bytes: 24164397056
cancelled_write_bytes: 0

[2020-02-18T11:34:41-08:00]
rchar: 30741640600
wchar: 24425498956
syscr: 10913633
syscw: 1508381
read_bytes: 21209321984
write_bytes: 24470462464
cancelled_write_bytes: 0

[2020-02-18T11:34:44-08:00]
rchar: 30979689578
wchar: 24637621832
syscr: 10995691
syscw: 1516457
read_bytes: 21325787648
write_bytes: 24682741760
cancelled_write_bytes: 0

[2020-02-18T11:34:47-08:00]
rchar: 31252110841
wchar: 24849688173
syscr: 11088290
syscw: 1524294
read_bytes: 21458264576
write_bytes: 24894939136
cancelled_write_bytes: 0

[2020-02-18T11:34:50-08:00]
rchar: 31454890922
wchar: 25013448074
syscr: 11158301
syscw: 1532140
read_bytes: 21550064128
write_bytes: 25058930688
cancelled_write_bytes: 0

[2020-02-18T11:34:53-08:00]
rchar: 31786181839
wchar: 25230770078
syscr: 11271691
syscw: 1541320
read_bytes: 21697966592
write_bytes: 25276309504
cancelled_write_bytes: 0

[2020-02-18T11:34:56-08:00]
rchar: 31935231210
wchar: 25367226820
syscr: 11324226
syscw: 1549012
read_bytes: 21756842496
write_bytes: 25413038080
cancelled_write_bytes: 0

[2020-02-18T11:34:59-08:00]
rchar: 32350724674
wchar: 25604586927
syscr: 11466178
syscw: 1557687
read_bytes: 21937250816
write_bytes: 25650479104
cancelled_write_bytes: 0

[2020-02-18T11:35:02-08:00]
rchar: 32451061510
wchar: 25712274089
syscr: 11502033
syscw: 1564270
read_bytes: 21975486976
write_bytes: 25758576640
cancelled_write_bytes: 0

[2020-02-18T11:35:05-08:00]
rchar: 32762439717
wchar: 25893318854
syscr: 11609406
syscw: 1572635
read_bytes: 22104297984
write_bytes: 25939771392
cancelled_write_bytes: 0

[2020-02-18T11:35:08-08:00]
rchar: 32882467821
wchar: 26006092426
syscr: 11652451
syscw: 1579848
read_bytes: 22146834944
write_bytes: 26052763648
cancelled_write_bytes: 0

[2020-02-18T11:35:11-08:00]
rchar: 33169034088
wchar: 26143153631
syscr: 11755035
syscw: 1589167
read_bytes: 22246191616
write_bytes: 26189967360
cancelled_write_bytes: 0

[2020-02-18T11:35:15-08:00]
rchar: 33380858828
wchar: 26290653897
syscr: 11830763
syscw: 1599121
read_bytes: 22320120320
write_bytes: 26337779712
cancelled_write_bytes: 0

[2020-02-18T11:35:18-08:00]
rchar: 33587153919
wchar: 26397465804
syscr: 11904560
syscw: 1608856
read_bytes: 22390407680
write_bytes: 26444795904
cancelled_write_bytes: 0

[2020-02-18T11:35:21-08:00]
rchar: 33780252704
wchar: 26510296493
syscr: 11973889
syscw: 1618189
read_bytes: 22457434624
write_bytes: 26558230528
cancelled_write_bytes: 0

[2020-02-18T11:35:24-08:00]
rchar: 33873315114
wchar: 26586121424
syscr: 12008633
syscw: 1625194
read_bytes: 22491906560
write_bytes: 26634797056
cancelled_write_bytes: 0

[2020-02-18T11:35:27-08:00]
rchar: 34067411280
wchar: 26699919452
syscr: 12080200
syscw: 1637014
read_bytes: 22564864512
write_bytes: 26748862464
cancelled_write_bytes: 0

[2020-02-18T11:35:30-08:00]
rchar: 34256514501
wchar: 26806264459
syscr: 12149228
syscw: 1646855
read_bytes: 22634848768
write_bytes: 26855436288
cancelled_write_bytes: 0

[2020-02-18T11:35:33-08:00]
rchar: 34427541070
wchar: 26928261024
syscr: 12213480
syscw: 1655649
read_bytes: 22696088064
write_bytes: 26978516992
cancelled_write_bytes: 0

[2020-02-18T11:35:36-08:00]
rchar: 34599805451
wchar: 27032618913
syscr: 12276423
syscw: 1666575
read_bytes: 22762529280
write_bytes: 27083141120
cancelled_write_bytes: 0

[2020-02-18T11:35:39-08:00]
rchar: 34819264605
wchar: 27159108093
syscr: 12357879
syscw: 1678012
read_bytes: 22848406016
write_bytes: 27210006528
cancelled_write_bytes: 0

[2020-02-18T11:35:42-08:00]
rchar: 34901061023
wchar: 27241423953
syscr: 12389974
syscw: 1682544
read_bytes: 22876037632
write_bytes: 27293257728
cancelled_write_bytes: 0

[2020-02-18T11:35:45-08:00]
rchar: 34998766998
wchar: 27299186152
syscr: 12425940
syscw: 1689743
read_bytes: 22916506112
write_bytes: 27351703552
cancelled_write_bytes: 0

[2020-02-18T11:35:48-08:00]
rchar: 35260465410
wchar: 27465083406
syscr: 12517781
syscw: 1698987
read_bytes: 23033704960
write_bytes: 27524321280
cancelled_write_bytes: 0

[2020-02-18T11:35:51-08:00]
rchar: 35585234371
wchar: 27735869529
syscr: 12632043
syscw: 1710147
read_bytes: 23174902272
write_bytes: 27788828672
cancelled_write_bytes: 0

[2020-02-18T11:35:54-08:00]
rchar: 35718976992
wchar: 27836414976
syscr: 12681518
syscw: 1714476
read_bytes: 23227945472
write_bytes: 27889942528
cancelled_write_bytes: 0

[2020-02-18T11:35:57-08:00]
rchar: 35922483923
wchar: 27943491138
syscr: 12748381
syscw: 1719275
read_bytes: 23329600000
write_bytes: 27997319168
cancelled_write_bytes: 0

[2020-02-18T11:36:00-08:00]
rchar: 36040391636
wchar: 28104443949
syscr: 12788265
syscw: 1724041
read_bytes: 23384117760
write_bytes: 28158443520
cancelled_write_bytes: 0

[2020-02-18T11:36:03-08:00]
rchar: 36238661799
wchar: 28197988347
syscr: 12856847
syscw: 1732450
read_bytes: 23473721856
write_bytes: 28252295168
cancelled_write_bytes: 0

[2020-02-18T11:36:06-08:00]
rchar: 36496487914
wchar: 28464020442
syscr: 12943475
syscw: 1740983
read_bytes: 23588516352
write_bytes: 28518469632
cancelled_write_bytes: 0

[2020-02-18T11:36:09-08:00]
rchar: 36677526188
wchar: 28606590635
syscr: 13005409
syscw: 1748461
read_bytes: 23664628224
write_bytes: 28661243904
cancelled_write_bytes: 0

[2020-02-18T11:36:12-08:00]
rchar: 36850257773
wchar: 28780458167
syscr: 13063672
syscw: 1754779
read_bytes: 23738405376
write_bytes: 28835319808
cancelled_write_bytes: 0

[2020-02-18T11:36:15-08:00]
rchar: 37072937317
wchar: 28921241293
syscr: 13139850
syscw: 1763095
read_bytes: 23829111296
write_bytes: 28976312320
cancelled_write_bytes: 0

[2020-02-18T11:36:18-08:00]
rchar: 37367897451
wchar: 29165956359
syscr: 13240176
syscw: 1772248
read_bytes: 23950524928
write_bytes: 29221175296
cancelled_write_bytes: 0

[2020-02-18T11:36:21-08:00]
rchar: 37624831217
wchar: 29389898476
syscr: 13328845
syscw: 1781109
read_bytes: 24050291200
write_bytes: 29445234688
cancelled_write_bytes: 0

[2020-02-18T11:36:24-08:00]
rchar: 37922663094
wchar: 29571160440
syscr: 13432065
syscw: 1789239
read_bytes: 24160432640
write_bytes: 29626716160
cancelled_write_bytes: 0

[2020-02-18T11:36:27-08:00]
rchar: 38076107392
wchar: 29710170679
syscr: 13486023
syscw: 1797067
read_bytes: 24214278656
write_bytes: 29766049792
cancelled_write_bytes: 0

[2020-02-18T11:36:30-08:00]
rchar: 38318245737
wchar: 29828266178
syscr: 13571311
syscw: 1807938
read_bytes: 24295326208
write_bytes: 29884297216
cancelled_write_bytes: 0

[2020-02-18T11:36:33-08:00]
rchar: 38516764334
wchar: 29954229904
syscr: 13642211
syscw: 1818801
read_bytes: 24358801920
write_bytes: 30010576896
cancelled_write_bytes: 0

[2020-02-18T11:36:36-08:00]
rchar: 38765689445
wchar: 30098359221
syscr: 13732448
syscw: 1829040
read_bytes: 24433799680
write_bytes: 30155251712
cancelled_write_bytes: 0

[2020-02-18T11:36:39-08:00]
rchar: 38861820073
wchar: 30167009877
syscr: 13768222
syscw: 1832650
read_bytes: 24466940416
write_bytes: 30224674816
cancelled_write_bytes: 0

[2020-02-18T11:36:42-08:00]
rchar: 39019425237
wchar: 30277946094
syscr: 13823434
syscw: 1840287
read_bytes: 24528835072
write_bytes: 30335909888
cancelled_write_bytes: 0

[2020-02-18T11:36:45-08:00]
rchar: 39202165507
wchar: 30399702817
syscr: 13889338
syscw: 1850464
read_bytes: 24595456512
write_bytes: 30458048512
cancelled_write_bytes: 0

[2020-02-18T11:36:48-08:00]
rchar: 39452686160
wchar: 30576655394
syscr: 13978531
syscw: 1861333
read_bytes: 24690668032
write_bytes: 30635257856
cancelled_write_bytes: 0

[2020-02-18T11:36:51-08:00]
rchar: 39576576299
wchar: 30698294442
syscr: 14024107
syscw: 1867256
read_bytes: 24733643264
write_bytes: 30757097472
cancelled_write_bytes: 0

[2020-02-18T11:36:54-08:00]
rchar: 39762394733
wchar: 30804726980
syscr: 14091718
syscw: 1877993
read_bytes: 24791736832
write_bytes: 30863761408
cancelled_write_bytes: 0

[2020-02-18T11:36:57-08:00]
rchar: 39935741420
wchar: 30907155314
syscr: 14154204
syscw: 1889633
read_bytes: 24847286784
write_bytes: 30966448128
cancelled_write_bytes: 0

[2020-02-18T11:37:00-08:00]
rchar: 40205745346
wchar: 31048962912
syscr: 14253462
syscw: 1902655
read_bytes: 24935555584
write_bytes: 31108620288
cancelled_write_bytes: 0

[2020-02-18T11:37:03-08:00]
rchar: 40314878584
wchar: 31163426007
syscr: 14294494
syscw: 1909850
read_bytes: 24971551232
write_bytes: 31223513088
cancelled_write_bytes: 0

[2020-02-18T11:37:06-08:00]
rchar: 40488640064
wchar: 31269901712
syscr: 14358702
syscw: 1921634
read_bytes: 25028469248
write_bytes: 31330344960
cancelled_write_bytes: 0

[2020-02-18T11:37:09-08:00]
rchar: 40769715802
wchar: 31427801894
syscr: 14459650
syscw: 1933908
read_bytes: 25124123136
write_bytes: 31488495616
cancelled_write_bytes: 0

[2020-02-18T11:37:12-08:00]
rchar: 40925733263
wchar: 31547858138
syscr: 14518467
syscw: 1941578
read_bytes: 25173381632
write_bytes: 31609278464
cancelled_write_bytes: 0

[2020-02-18T11:37:15-08:00]
rchar: 41057199113
wchar: 31583559411
syscr: 14564337
syscw: 1947897
read_bytes: 25224675840
write_bytes: 31645622272
cancelled_write_bytes: 0

[2020-02-18T11:37:18-08:00]
rchar: 41360637689
wchar: 31821332056
syscr: 14668617
syscw: 1957601
read_bytes: 25346523648
write_bytes: 31883575296
cancelled_write_bytes: 0

[2020-02-18T11:37:21-08:00]
rchar: 41519876614
wchar: 31955864658
syscr: 14724479
syscw: 1965456
read_bytes: 25406734848
write_bytes: 32018526208
cancelled_write_bytes: 0

[2020-02-18T11:37:24-08:00]
rchar: 41781987956
wchar: 32190365491
syscr: 14811525
syscw: 1972051
read_bytes: 25511084544
write_bytes: 32263577600
cancelled_write_bytes: 0

[2020-02-18T11:37:27-08:00]
rchar: 41920281297
wchar: 32344812262
syscr: 14859980
syscw: 1978779
read_bytes: 25558884864
write_bytes: 32407728128
cancelled_write_bytes: 0

[2020-02-18T11:37:30-08:00]
rchar: 42301710528
wchar: 32609386053
syscr: 14988664
syscw: 1988992
read_bytes: 25703563776
write_bytes: 32672407552
cancelled_write_bytes: 0

[2020-02-18T11:37:33-08:00]
rchar: 42468379857
wchar: 32766350246
syscr: 15048466
syscw: 1996711
read_bytes: 25758265856
write_bytes: 32829841408
cancelled_write_bytes: 0

[2020-02-18T11:37:36-08:00]
rchar: 42616182632
wchar: 32818553638
syscr: 15100076
syscw: 2004019
read_bytes: 25813496320
write_bytes: 32882425856
cancelled_write_bytes: 0

[2020-02-18T11:37:39-08:00]
rchar: 42788482947
wchar: 32988241237
syscr: 15160120
syscw: 2011951
read_bytes: 25875071488
write_bytes: 33052291072
cancelled_write_bytes: 0

[2020-02-18T11:37:42-08:00]
rchar: 42929128849
wchar: 33109550214
syscr: 15210304
syscw: 2020538
read_bytes: 25923035648
write_bytes: 33173876736
cancelled_write_bytes: 0

[2020-02-18T11:37:45-08:00]
rchar: 43069840063
wchar: 33202718538
syscr: 15260011
syscw: 2027804
read_bytes: 25971925504
write_bytes: 33267249152
cancelled_write_bytes: 0

[2020-02-18T11:37:48-08:00]
rchar: 43222824287
wchar: 33348997201
syscr: 15314121
syscw: 2036480
read_bytes: 26018562560
write_bytes: 33413832704
cancelled_write_bytes: 0

[2020-02-18T11:37:51-08:00]
rchar: 43467878492
wchar: 33457956872
syscr: 15402897
syscw: 2048723
read_bytes: 26087916032
write_bytes: 33523073024
cancelled_write_bytes: 0

[2020-02-18T11:37:54-08:00]
rchar: 43616107763
wchar: 33568452940
syscr: 15457961
syscw: 2056100
read_bytes: 26128450048
write_bytes: 33634816000
cancelled_write_bytes: 0

[2020-02-18T11:37:57-08:00]
rchar: 43833374435
wchar: 33727752495
syscr: 15533799
syscw: 2064868
read_bytes: 26199958016
write_bytes: 33794396160
cancelled_write_bytes: 0

[2020-02-18T11:38:00-08:00]
rchar: 44078301012
wchar: 33861498751
syscr: 15621271
syscw: 2077124
read_bytes: 26273956352
write_bytes: 33928441856
cancelled_write_bytes: 0

[2020-02-18T11:38:03-08:00]
rchar: 44213487226
wchar: 33960312715
syscr: 15669561
syscw: 2084270
read_bytes: 26314461696
write_bytes: 34027663360
cancelled_write_bytes: 0

[2020-02-18T11:38:06-08:00]
rchar: 44482308611
wchar: 34139850421
syscr: 15763392
syscw: 2093879
read_bytes: 26398376448
write_bytes: 34207363072
cancelled_write_bytes: 0

[2020-02-18T11:38:09-08:00]
rchar: 44769910377
wchar: 34284535314
syscr: 15867718
syscw: 2107565
read_bytes: 26473243136
write_bytes: 34352533504
cancelled_write_bytes: 0

[2020-02-18T11:38:12-08:00]
rchar: 44867978671
wchar: 34393084476
syscr: 15904245
syscw: 2114296
read_bytes: 26502251008
write_bytes: 34461925376
cancelled_write_bytes: 0

[2020-02-18T11:38:15-08:00]
rchar: 44986963472
wchar: 34471006661
syscr: 15947382
syscw: 2122889
read_bytes: 26540454400
write_bytes: 34540163072
cancelled_write_bytes: 0

[2020-02-18T11:38:18-08:00]
rchar: 45340513177
wchar: 34669052360
syscr: 16072901
syscw: 2134330
read_bytes: 26656879104
write_bytes: 34738462720
cancelled_write_bytes: 0

[2020-02-18T11:38:21-08:00]
rchar: 45441311916
wchar: 34805401035
syscr: 16109507
syscw: 2135991
read_bytes: 26688926208
write_bytes: 34876071936
cancelled_write_bytes: 0

[2020-02-18T11:38:24-08:00]
rchar: 45528207330
wchar: 34881413544
syscr: 16141087
syscw: 2140999
read_bytes: 26716717568
write_bytes: 34952908800
cancelled_write_bytes: 0

[2020-02-18T11:38:27-08:00]
rchar: 45691114130
wchar: 35009354042
syscr: 16199059
syscw: 2149209
read_bytes: 26772193792
write_bytes: 35081093120
cancelled_write_bytes: 0

[2020-02-18T11:38:30-08:00]
rchar: 46032419883
wchar: 35243814193
syscr: 16316855
syscw: 2159953
read_bytes: 26883666432
write_bytes: 35315818496
cancelled_write_bytes: 0

[2020-02-18T11:38:33-08:00]
rchar: 46123141152
wchar: 35328277200
syscr: 16350259
syscw: 2163442
read_bytes: 26911142400
write_bytes: 35401281536
cancelled_write_bytes: 0

[2020-02-18T11:38:36-08:00]
rchar: 46339725461
wchar: 35481125317
syscr: 16423403
syscw: 2169579
read_bytes: 26988683776
write_bytes: 35554648064
cancelled_write_bytes: 0

[2020-02-18T11:38:39-08:00]
rchar: 46490792112
wchar: 35633759121
syscr: 16475135
syscw: 2175626
read_bytes: 27042087424
write_bytes: 35707502592
cancelled_write_bytes: 0

[2020-02-18T11:38:42-08:00]
rchar: 46742088935
wchar: 35855339989
syscr: 16562332
syscw: 2186179
read_bytes: 27128979968
write_bytes: 35929223168
cancelled_write_bytes: 0

[2020-02-18T11:38:45-08:00]
rchar: 46974456776
wchar: 36022723378
syscr: 16643999
syscw: 2196480
read_bytes: 27207610880
write_bytes: 36096794624
cancelled_write_bytes: 0

[2020-02-18T11:38:48-08:00]
rchar: 47265197392
wchar: 36278301450
syscr: 16745348
syscw: 2207626
read_bytes: 27300884992
write_bytes: 36352524288
cancelled_write_bytes: 0

[2020-02-18T11:38:51-08:00]
rchar: 47419159094
wchar: 36394938489
syscr: 16801129
syscw: 2216936
read_bytes: 27347919360
write_bytes: 36469440512
cancelled_write_bytes: 0

[2020-02-18T11:38:54-08:00]
rchar: 47620533294
wchar: 36527552784
syscr: 16875749
syscw: 2228129
read_bytes: 27400110592
write_bytes: 36602331136
cancelled_write_bytes: 0

[2020-02-18T11:38:57-08:00]
rchar: 47713823798
wchar: 36597036274
syscr: 16909716
syscw: 2233492
read_bytes: 27427967488
write_bytes: 36672917504
cancelled_write_bytes: 0

[2020-02-18T11:39:00-08:00]
rchar: 47830255634
wchar: 36671474966
syscr: 16951282
syscw: 2241576
read_bytes: 27461452288
write_bytes: 36747788288
cancelled_write_bytes: 0

[2020-02-18T11:39:03-08:00]
rchar: 48065569082
wchar: 36865535950
syscr: 17034549
syscw: 2253318
read_bytes: 27534361088
write_bytes: 36942229504
cancelled_write_bytes: 0

[2020-02-18T11:39:06-08:00]
rchar: 48243349175
wchar: 37002854906
syscr: 17099309
syscw: 2264651
read_bytes: 27585384960
write_bytes: 37079822336
cancelled_write_bytes: 0

[2020-02-18T11:39:09-08:00]
rchar: 48467828812
wchar: 37129508551
syscr: 17182499
syscw: 2276208
read_bytes: 27646931456
write_bytes: 37207044096
cancelled_write_bytes: 0

[2020-02-18T11:39:12-08:00]
rchar: 48586806474
wchar: 37226019673
syscr: 17225116
syscw: 2284743
read_bytes: 27680915968
write_bytes: 37304143872
cancelled_write_bytes: 0

[2020-02-18T11:39:15-08:00]
rchar: 48786869150
wchar: 37361316970
syscr: 17295734
syscw: 2294504
read_bytes: 27739816448
write_bytes: 37439676416
cancelled_write_bytes: 0

[2020-02-18T11:39:18-08:00]
rchar: 49083618869
wchar: 37557809644
syscr: 17401178
syscw: 2307230
read_bytes: 27826663936
write_bytes: 37636411392
cancelled_write_bytes: 0

[2020-02-18T11:39:21-08:00]
rchar: 49298334996
wchar: 37719083728
syscr: 17480319
syscw: 2317151
read_bytes: 27883704832
write_bytes: 37797920768
cancelled_write_bytes: 0

[2020-02-18T11:39:24-08:00]
rchar: 49410192484
wchar: 37822024254
syscr: 17522509
syscw: 2322325
read_bytes: 27909902848
write_bytes: 37902041088
cancelled_write_bytes: 0

[2020-02-18T11:39:27-08:00]
rchar: 49541552537
wchar: 37909771018
syscr: 17571268
syscw: 2332201
read_bytes: 27947500032
write_bytes: 37990191104
cancelled_write_bytes: 0

[2020-02-18T11:39:30-08:00]
rchar: 49858444177
wchar: 38135258407
syscr: 17684661
syscw: 2341505
read_bytes: 28042326528
write_bytes: 38215970816
cancelled_write_bytes: 0

[2020-02-18T11:39:33-08:00]
rchar: 49983338710
wchar: 38230061394
syscr: 17730417
syscw: 2350791
read_bytes: 28077675008
write_bytes: 38311325696
cancelled_write_bytes: 0

[2020-02-18T11:39:36-08:00]
rchar: 50130472133
wchar: 38354122526
syscr: 17784220
syscw: 2360524
read_bytes: 28118147584
write_bytes: 38435737600
cancelled_write_bytes: 0

[2020-02-18T11:39:39-08:00]
rchar: 50369055645
wchar: 38489014466
syscr: 17870351
syscw: 2370582
read_bytes: 28181504512
write_bytes: 38571032576
cancelled_write_bytes: 0

[2020-02-18T11:39:42-08:00]
rchar: 50476343427
wchar: 38586943627
syscr: 17909929
syscw: 2376753
read_bytes: 28210561536
write_bytes: 38669946880
cancelled_write_bytes: 0

[2020-02-18T11:39:45-08:00]
rchar: 50608847222
wchar: 38686667879
syscr: 17958592
syscw: 2387317
read_bytes: 28244316672
write_bytes: 38769979392
cancelled_write_bytes: 0

[2020-02-18T11:39:48-08:00]
rchar: 50850077565
wchar: 38865389214
syscr: 18046685
syscw: 2400066
read_bytes: 28312748544
write_bytes: 38948982784
cancelled_write_bytes: 0

[2020-02-18T11:39:51-08:00]
rchar: 51009222776
wchar: 38969334876
syscr: 18105777
syscw: 2409761
read_bytes: 28354277888
write_bytes: 39056846848
cancelled_write_bytes: 0

[2020-02-18T11:39:54-08:00]
rchar: 51253953632
wchar: 39133329734
syscr: 18196857
syscw: 2423380
read_bytes: 28411892224
write_bytes: 39217434624
cancelled_write_bytes: 0

[2020-02-18T11:39:57-08:00]
rchar: 51382688383
wchar: 39216336056
syscr: 18242948
syscw: 2432117
read_bytes: 28446441984
write_bytes: 39301287936
cancelled_write_bytes: 0

[2020-02-18T11:40:00-08:00]
rchar: 51570686579
wchar: 39333388265
syscr: 18310361
syscw: 2443074
read_bytes: 28496093696
write_bytes: 39418736640
cancelled_write_bytes: 0

[2020-02-18T11:40:03-08:00]
rchar: 51792230284
wchar: 39514010331
syscr: 18388762
syscw: 2451911
read_bytes: 28556308992
write_bytes: 39599656960
cancelled_write_bytes: 0

[2020-02-18T11:40:06-08:00]
rchar: 52053955040
wchar: 39687997810
syscr: 18481722
syscw: 2461861
read_bytes: 28622737920
write_bytes: 39774224384
cancelled_write_bytes: 0

[2020-02-18T11:40:09-08:00]
rchar: 52164577664
wchar: 39751945708
syscr: 18520066
syscw: 2467521
read_bytes: 28654133760
write_bytes: 39838642176
cancelled_write_bytes: 0

[2020-02-18T11:40:12-08:00]
rchar: 52349472762
wchar: 39904117541
syscr: 18584546
syscw: 2476913
read_bytes: 28703932928
write_bytes: 39991128064
cancelled_write_bytes: 0

[2020-02-18T11:40:15-08:00]
rchar: 52613882938
wchar: 40115862614
syscr: 18673863
syscw: 2485966
read_bytes: 28781404672
write_bytes: 40203071488
cancelled_write_bytes: 0

[2020-02-18T11:40:18-08:00]
rchar: 52777960671
wchar: 40292866755
syscr: 18731047
syscw: 2494466
read_bytes: 28823441920
write_bytes: 40380227584
cancelled_write_bytes: 0

[2020-02-18T11:40:21-08:00]
rchar: 53051801959
wchar: 40497708172
syscr: 18826875
syscw: 2506384
read_bytes: 28892627456
write_bytes: 40585183232
cancelled_write_bytes: 0

[2020-02-18T11:40:24-08:00]
rchar: 53299836070
wchar: 40669042257
syscr: 18913867
syscw: 2517952
read_bytes: 28955349504
write_bytes: 40756707328
cancelled_write_bytes: 0

[2020-02-18T11:40:27-08:00]
rchar: 53436736055
wchar: 40770354328
syscr: 18963048
syscw: 2524979
read_bytes: 28987478528
write_bytes: 40858701824
cancelled_write_bytes: 0

[2020-02-18T11:40:30-08:00]
rchar: 53756652458
wchar: 41014970330
syscr: 19074707
syscw: 2536418
read_bytes: 29068153344
write_bytes: 41103446016
cancelled_write_bytes: 0

[2020-02-18T11:40:33-08:00]
rchar: 53995403261
wchar: 41214833780
syscr: 19158348
syscw: 2544695
read_bytes: 29129757184
write_bytes: 41303629824
cancelled_write_bytes: 0

[2020-02-18T11:40:36-08:00]
rchar: 54121400697
wchar: 41283322923
syscr: 19205331
syscw: 2553714
read_bytes: 29157913088
write_bytes: 41372741632
cancelled_write_bytes: 0

[2020-02-18T11:40:39-08:00]
rchar: 54363809930
wchar: 41461270758
syscr: 19292348
syscw: 2565888
read_bytes: 29216555520
write_bytes: 41550942208
cancelled_write_bytes: 0

[2020-02-18T11:40:42-08:00]
rchar: 54548514808
wchar: 41585460550
syscr: 19360979
syscw: 2578029
read_bytes: 29257392640
write_bytes: 41675939840
cancelled_write_bytes: 0

[2020-02-18T11:40:45-08:00]
rchar: 54749379239
wchar: 41723403559
syscr: 19432707
syscw: 2588863
read_bytes: 29307429376
write_bytes: 41814216704
cancelled_write_bytes: 0

[2020-02-18T11:40:48-08:00]
rchar: 54887848304
wchar: 41872142838
syscr: 19483820
syscw: 2595466
read_bytes: 29339369984
write_bytes: 41963339776
cancelled_write_bytes: 0

[2020-02-18T11:40:51-08:00]
rchar: 55213709365
wchar: 42033389331
syscr: 19600571
syscw: 2602481
read_bytes: 29408244224
write_bytes: 42124677120
cancelled_write_bytes: 0

[2020-02-18T11:40:54-08:00]
rchar: 55528102490
wchar: 42221811806
syscr: 19712399
syscw: 2610643
read_bytes: 29469639168
write_bytes: 42313240576
cancelled_write_bytes: 0

[2020-02-18T11:40:57-08:00]
rchar: 55718380577
wchar: 42363534456
syscr: 19779770
syscw: 2620707
read_bytes: 29506966016
write_bytes: 42455187456
cancelled_write_bytes: 0

[2020-02-18T11:41:00-08:00]
rchar: 55897203762
wchar: 42459939504
syscr: 19844428
syscw: 2630809
read_bytes: 29541552640
write_bytes: 42551943168
cancelled_write_bytes: 0

[2020-02-18T11:41:03-08:00]
rchar: 56067766398
wchar: 42546709138
syscr: 19903357
syscw: 2638357
read_bytes: 29584863744
write_bytes: 42639298560
cancelled_write_bytes: 0

[2020-02-18T11:41:06-08:00]
rchar: 56434389614
wchar: 42782623196
syscr: 20026308
syscw: 2649390
read_bytes: 29681230336
write_bytes: 42890473472
cancelled_write_bytes: 0

[2020-02-18T11:41:09-08:00]
rchar: 56609753904
wchar: 42991966774
syscr: 20087954
syscw: 2658870
read_bytes: 29722337792
write_bytes: 43084935168
cancelled_write_bytes: 0

[2020-02-18T11:41:12-08:00]
rchar: 56868317915
wchar: 43194887261
syscr: 20177269
syscw: 2666953
read_bytes: 29784515072
write_bytes: 43287961600
cancelled_write_bytes: 0

[2020-02-18T11:41:15-08:00]
rchar: 57110480983
wchar: 43394681442
syscr: 20262243
syscw: 2676996
read_bytes: 29840183808
write_bytes: 43487985664
cancelled_write_bytes: 0

[2020-02-18T11:41:18-08:00]
rchar: 57492564463
wchar: 43620481666
syscr: 20393964
syscw: 2689006
read_bytes: 29920334336
write_bytes: 43713875968
cancelled_write_bytes: 0

[2020-02-18T11:41:21-08:00]
rchar: 57618700750
wchar: 43748471236
syscr: 20438409
syscw: 2692769
read_bytes: 29949121024
write_bytes: 43842498560
cancelled_write_bytes: 0

[2020-02-18T11:41:24-08:00]
rchar: 57726911492
wchar: 43779847820
syscr: 20473442
syscw: 2694188
read_bytes: 29977862656
write_bytes: 43874725888
cancelled_write_bytes: 0

[2020-02-18T11:41:27-08:00]
rchar: 57910712186
wchar: 43999601248
syscr: 20536835
syscw: 2703133
read_bytes: 30019940864
write_bytes: 44094705664
cancelled_write_bytes: 0

[2020-02-18T11:41:30-08:00]
rchar: 58173621106
wchar: 44178527290
syscr: 20627867
syscw: 2714513
read_bytes: 30080033280
write_bytes: 44273860608
cancelled_write_bytes: 0

[2020-02-18T11:41:33-08:00]
rchar: 58369578052
wchar: 44372855011
syscr: 20696206
syscw: 2725044
read_bytes: 30124429824
write_bytes: 44468359168
cancelled_write_bytes: 0

[2020-02-18T11:41:36-08:00]
rchar: 58532634383
wchar: 44505013677
syscr: 20755066
syscw: 2735147
read_bytes: 30156485120
write_bytes: 44600680448
cancelled_write_bytes: 0

[2020-02-18T11:41:39-08:00]
rchar: 58749470291
wchar: 44664846893
syscr: 20831539
syscw: 2743898
read_bytes: 30202536448
write_bytes: 44760653824
cancelled_write_bytes: 0

[2020-02-18T11:41:42-08:00]
rchar: 59058324724
wchar: 44856613239
syscr: 20941297
syscw: 2756139
read_bytes: 30257631744
write_bytes: 44952797184
cancelled_write_bytes: 0

[2020-02-18T11:41:45-08:00]
rchar: 59200452066
wchar: 44958355814
syscr: 20991968
syscw: 2765172
read_bytes: 30285369856
write_bytes: 45055467520
cancelled_write_bytes: 0

[2020-02-18T11:41:48-08:00]
rchar: 59345521485
wchar: 45000535402
syscr: 21043230
syscw: 2771983
read_bytes: 30316155392
write_bytes: 45098135552
cancelled_write_bytes: 0

[2020-02-18T11:41:51-08:00]
rchar: 59504085928
wchar: 45192087016
syscr: 21097008
syscw: 2776209
read_bytes: 30352093696
write_bytes: 45298450432
cancelled_write_bytes: 0

[2020-02-18T11:41:54-08:00]
rchar: 59785297382
wchar: 45414440305
syscr: 21195897
syscw: 2787839
read_bytes: 30412734976
write_bytes: 45512396800
cancelled_write_bytes: 0

[2020-02-18T11:41:57-08:00]
rchar: 60126349411
wchar: 45620807121
syscr: 21315777
syscw: 2797967
read_bytes: 30477558272
write_bytes: 45719240704
cancelled_write_bytes: 0

[2020-02-18T11:42:00-08:00]
rchar: 60217573198
wchar: 45721824415
syscr: 21347532
syscw: 2801886
read_bytes: 30497018368
write_bytes: 45820772352
cancelled_write_bytes: 0

[2020-02-18T11:42:03-08:00]
rchar: 60384805111
wchar: 45822476342
syscr: 21405913
syscw: 2811808
read_bytes: 30528938496
write_bytes: 45921837056
cancelled_write_bytes: 0

[2020-02-18T11:42:06-08:00]
rchar: 60640461883
wchar: 46049942026
syscr: 21494809
syscw: 2823097
read_bytes: 30578942464
write_bytes: 46149513216
cancelled_write_bytes: 0

[2020-02-18T11:42:09-08:00]
rchar: 60899958313
wchar: 46196596026
syscr: 21586007
syscw: 2834519
read_bytes: 30625415680
write_bytes: 46296403968
cancelled_write_bytes: 0

[2020-02-18T11:42:12-08:00]
rchar: 61140830748
wchar: 46377368541
syscr: 21669902
syscw: 2844242
read_bytes: 30669705728
write_bytes: 46477479936
cancelled_write_bytes: 0

[2020-02-18T11:42:15-08:00]
rchar: 61290310345
wchar: 46503167016
syscr: 21723681
syscw: 2852791
read_bytes: 30695776768
write_bytes: 46603575296
cancelled_write_bytes: 0

[2020-02-18T11:42:18-08:00]
rchar: 61550906141
wchar: 46721923912
syscr: 21814928
syscw: 2861234
read_bytes: 30746145280
write_bytes: 46822776832
cancelled_write_bytes: 0

[2020-02-18T11:42:21-08:00]
rchar: 61689333743
wchar: 46807390934
syscr: 21865144
syscw: 2867205
read_bytes: 30771315200
write_bytes: 46908960768
cancelled_write_bytes: 0

[2020-02-18T11:42:24-08:00]
rchar: 61911996347
wchar: 46961187807
syscr: 21945969
syscw: 2876239
read_bytes: 30810395136
write_bytes: 47062982656
cancelled_write_bytes: 0

[2020-02-18T11:42:27-08:00]
rchar: 62048545665
wchar: 47084814241
syscr: 21994761
syscw: 2884658
read_bytes: 30835040768
write_bytes: 47187197952
cancelled_write_bytes: 0

[2020-02-18T11:42:30-08:00]
rchar: 62235599528
wchar: 47198870520
syscr: 22061706
syscw: 2896417
read_bytes: 30869754368
write_bytes: 47301566464
cancelled_write_bytes: 0

[2020-02-18T11:42:33-08:00]
rchar: 62444003901
wchar: 47334541639
syscr: 22136334
syscw: 2907179
read_bytes: 30907101696
write_bytes: 47437451264
cancelled_write_bytes: 0

[2020-02-18T11:42:37-08:00]
rchar: 62541364111
wchar: 47462240066
syscr: 22170236
syscw: 2912975
read_bytes: 30925246976
write_bytes: 47565844480
cancelled_write_bytes: 0

[2020-02-18T11:42:40-08:00]
rchar: 62784103558
wchar: 47582706034
syscr: 22255711
syscw: 2925344
read_bytes: 30970946048
write_bytes: 47686610944
cancelled_write_bytes: 0

[2020-02-18T11:42:43-08:00]
rchar: 63104446081
wchar: 47829458429
syscr: 22367818
syscw: 2938628
read_bytes: 31032119808
write_bytes: 47933517824
cancelled_write_bytes: 0

[2020-02-18T11:42:46-08:00]
rchar: 63315307496
wchar: 48018767763
syscr: 22443009
syscw: 2950063
read_bytes: 31068549632
write_bytes: 48122982400
cancelled_write_bytes: 0

[2020-02-18T11:42:49-08:00]
rchar: 63597603781
wchar: 48228766491
syscr: 22540958
syscw: 2960643
read_bytes: 31117967872
write_bytes: 48333090816
cancelled_write_bytes: 0

[2020-02-18T11:42:52-08:00]
rchar: 63907974477
wchar: 48421690894
syscr: 22648784
syscw: 2972298
read_bytes: 31168602624
write_bytes: 48526389248
cancelled_write_bytes: 0

[2020-02-18T11:42:55-08:00]
rchar: 64029025925
wchar: 48511028638
syscr: 22692189
syscw: 2978485
read_bytes: 31188537856
write_bytes: 48616546304
cancelled_write_bytes: 0

[2020-02-18T11:42:58-08:00]
rchar: 64297703552
wchar: 48703021215
syscr: 22786617
syscw: 2991212
read_bytes: 31234036224
write_bytes: 48808763392
cancelled_write_bytes: 0

[2020-02-18T11:43:01-08:00]
rchar: 64507764232
wchar: 48884867813
syscr: 22860885
syscw: 2999564
read_bytes: 31270556160
write_bytes: 48990744576
cancelled_write_bytes: 0

[2020-02-18T11:43:04-08:00]
rchar: 64742721406
wchar: 49043317056
syscr: 22944796
syscw: 3012475
read_bytes: 31307076096
write_bytes: 49149464576
cancelled_write_bytes: 0

[2020-02-18T11:43:07-08:00]
rchar: 64917574224
wchar: 49197082889
syscr: 23007742
syscw: 3022530
read_bytes: 31333442048
write_bytes: 49303429120
cancelled_write_bytes: 0

[2020-02-18T11:43:10-08:00]
rchar: 65235945427
wchar: 49378815764
syscr: 23119253
syscw: 3030473
read_bytes: 31380873728
write_bytes: 49485795328
cancelled_write_bytes: 0

[2020-02-18T11:43:13-08:00]
rchar: 65528589175
wchar: 49574721263
syscr: 23225496
syscw: 3038526
read_bytes: 31424160256
write_bytes: 49682067456
cancelled_write_bytes: 0

[2020-02-18T11:43:16-08:00]
rchar: 65639944483
wchar: 49690504785
syscr: 23267086
syscw: 3045175
read_bytes: 31439524352
write_bytes: 49798062080
cancelled_write_bytes: 0

[2020-02-18T11:43:19-08:00]
rchar: 65982628728
wchar: 49854732772
syscr: 23392834
syscw: 3059178
read_bytes: 31480701440
write_bytes: 49962496000
cancelled_write_bytes: 0

[2020-02-18T11:43:22-08:00]
rchar: 66126817635
wchar: 49946987681
syscr: 23444463
syscw: 3062655
read_bytes: 31502979584
write_bytes: 50055696384
cancelled_write_bytes: 0

[2020-02-18T11:43:25-08:00]
rchar: 66351494365
wchar: 50051928110
syscr: 23519700
syscw: 3068569
read_bytes: 31542518272
write_bytes: 50161000448
cancelled_write_bytes: 0

[2020-02-18T11:43:28-08:00]
rchar: 66633174022
wchar: 50313088647
syscr: 23618855
syscw: 3081497
read_bytes: 31587860992
write_bytes: 50422366208
cancelled_write_bytes: 0

[2020-02-18T11:43:31-08:00]
rchar: 66925525240
wchar: 50506336232
syscr: 23719820
syscw: 3092873
read_bytes: 31638254080
write_bytes: 50615812096
cancelled_write_bytes: 0

[2020-02-18T11:43:34-08:00]
rchar: 67089294123
wchar: 50648823990
syscr: 23777805
syscw: 3101206
read_bytes: 31663923712
write_bytes: 50758402048
cancelled_write_bytes: 0

[2020-02-18T11:43:37-08:00]
rchar: 67262480027
wchar: 50795598216
syscr: 23839210
syscw: 3106409
read_bytes: 31689867776
write_bytes: 50905620480
cancelled_write_bytes: 0

[2020-02-18T11:43:40-08:00]
rchar: 67444451149
wchar: 50926197724
syscr: 23903882
syscw: 3117197
read_bytes: 31716889088
write_bytes: 51036753920
cancelled_write_bytes: 0

[2020-02-18T11:43:43-08:00]
rchar: 67688923358
wchar: 51103378665
syscr: 23988696
syscw: 3125153
read_bytes: 31758463488
write_bytes: 51214376960
cancelled_write_bytes: 0

[2020-02-18T11:43:46-08:00]
rchar: 67959505482
wchar: 51333788083
syscr: 24083853
syscw: 3138803
read_bytes: 31798161920
write_bytes: 51444994048
cancelled_write_bytes: 0

[2020-02-18T11:43:49-08:00]
rchar: 68120475392
wchar: 51458310553
syscr: 24140870
syscw: 3148478
read_bytes: 31821525504
write_bytes: 51569725440
cancelled_write_bytes: 0

[2020-02-18T11:43:52-08:00]
rchar: 68382271710
wchar: 51593123033
syscr: 24235589
syscw: 3160777
read_bytes: 31854985728
write_bytes: 51705040896
cancelled_write_bytes: 0

[2020-02-18T11:43:55-08:00]
rchar: 68499047806
wchar: 51749691659
syscr: 24276783
syscw: 3163732
read_bytes: 31872254464
write_bytes: 51862401024
cancelled_write_bytes: 0

[2020-02-18T11:43:58-08:00]
rchar: 68778589678
wchar: 51964954484
syscr: 24374862
syscw: 3175902
read_bytes: 31912329728
write_bytes: 52078002176
cancelled_write_bytes: 0

[2020-02-18T11:44:01-08:00]
rchar: 69045186204
wchar: 52102457697
syscr: 24469900
syscw: 3189433
read_bytes: 31946686976
write_bytes: 52215713792
cancelled_write_bytes: 0

[2020-02-18T11:44:04-08:00]
rchar: 69212749519
wchar: 52214975838
syscr: 24530268
syscw: 3201845
read_bytes: 31967404544
write_bytes: 52328402944
cancelled_write_bytes: 0

[2020-02-18T11:44:07-08:00]
rchar: 69485727049
wchar: 52417501858
syscr: 24628514
syscw: 3210589
read_bytes: 31999627776
write_bytes: 52531331072
cancelled_write_bytes: 0

[2020-02-18T11:44:10-08:00]
rchar: 69615686080
wchar: 52479627599
syscr: 24674923
syscw: 3211793
read_bytes: 32019763712
write_bytes: 52594434048
cancelled_write_bytes: 0

[2020-02-18T11:44:13-08:00]
rchar: 69747814322
wchar: 52629882116
syscr: 24721453
syscw: 3218046
read_bytes: 32039092736
write_bytes: 52745482240
cancelled_write_bytes: 0

[2020-02-18T11:44:16-08:00]
rchar: 69971223283
wchar: 52758940609
syscr: 24800347
syscw: 3230538
read_bytes: 32070177280
write_bytes: 52874936320
cancelled_write_bytes: 0

[2020-02-18T11:44:19-08:00]
rchar: 70174716561
wchar: 52909583189
syscr: 24872042
syscw: 3238589
read_bytes: 32099082752
write_bytes: 53025902592
cancelled_write_bytes: 0

[2020-02-18T11:44:22-08:00]
rchar: 70414372561
wchar: 53094285761
syscr: 24956004
syscw: 3248055
read_bytes: 32131224064
write_bytes: 53213405184
cancelled_write_bytes: 0

[2020-02-18T11:44:25-08:00]
rchar: 70681841828
wchar: 53248959154
syscr: 25048750
syscw: 3254924
read_bytes: 32168014336
write_bytes: 53366083584
cancelled_write_bytes: 0

[2020-02-18T11:44:28-08:00]
rchar: 70839908746
wchar: 53430911430
syscr: 25105112
syscw: 3263175
read_bytes: 32187716096
write_bytes: 53548507136
cancelled_write_bytes: 0

[2020-02-18T11:44:31-08:00]
rchar: 71044170003
wchar: 53548674340
syscr: 25176747
syscw: 3275051
read_bytes: 32214053376
write_bytes: 53666713600
cancelled_write_bytes: 0

[2020-02-18T11:44:34-08:00]
rchar: 71332699195
wchar: 53801892979
syscr: 25274643
syscw: 3287989
read_bytes: 32254824960
write_bytes: 53920083968
cancelled_write_bytes: 0

[2020-02-18T11:44:37-08:00]
rchar: 71589474801
wchar: 54016696913
syscr: 25358861
syscw: 3297423
read_bytes: 32295182848
write_bytes: 54135029760
cancelled_write_bytes: 0

[2020-02-18T11:44:40-08:00]
rchar: 71680408274
wchar: 54128397797
syscr: 25388450
syscw: 3300788
read_bytes: 32311013888
write_bytes: 54246858752
cancelled_write_bytes: 0

[2020-02-18T11:44:43-08:00]
rchar: 71763530022
wchar: 54248390090
syscr: 25414514
syscw: 3301827
read_bytes: 32327225856
write_bytes: 54367113216
cancelled_write_bytes: 0

[2020-02-18T11:44:46-08:00]
rchar: 71880402435
wchar: 54395170491
syscr: 25450253
syscw: 3302127
read_bytes: 32350913024
write_bytes: 54514192384
cancelled_write_bytes: 0

[2020-02-18T11:44:49-08:00]
rchar: 72035788624
wchar: 54555022012
syscr: 25497547
syscw: 3302201
read_bytes: 32382599680
write_bytes: 54674272256
cancelled_write_bytes: 0

[2020-02-18T11:44:52-08:00]
rchar: 72141470448
wchar: 54676374631
syscr: 25529719
syscw: 3302269
read_bytes: 32404349440
write_bytes: 54795849728
cancelled_write_bytes: 0

[2020-02-18T11:44:55-08:00]
rchar: 72141470512
wchar: 54677286356
syscr: 25529735
syscw: 3302346
read_bytes: 32404349440
write_bytes: 54796898304
cancelled_write_bytes: 0

[2020-02-18T11:44:58-08:00]
rchar: 72141470512
wchar: 54677286356
syscr: 25529735
syscw: 3302346
read_bytes: 32404349440
write_bytes: 54796898304
cancelled_write_bytes: 0

[2020-02-18T11:45:01-08:00]
rchar: 72141470512
wchar: 54677286356
syscr: 25529735
syscw: 3302346
read_bytes: 32404349440
write_bytes: 54796898304
cancelled_write_bytes: 0

[2020-02-18T11:45:04-08:00]
rchar: 72141470512
wchar: 54677286356
syscr: 25529735
syscw: 3302346
read_bytes: 32404349440
write_bytes: 54796898304
cancelled_write_bytes: 0

[2020-02-18T11:45:07-08:00]
rchar: 72141470512
wchar: 54677286356
syscr: 25529735
syscw: 3302346
read_bytes: 32404349440
write_bytes: 54796898304
cancelled_write_bytes: 0

[2020-02-18T11:45:10-08:00]
rchar: 72141470512
wchar: 54677286356
syscr: 25529735
syscw: 3302346
read_bytes: 32404349440
write_bytes: 54796898304
cancelled_write_bytes: 0

