[2020-01-20T18:23:49-08:00]
rchar: 16583883
wchar: 209
syscr: 2823
syscw: 10
read_bytes: 708608
write_bytes: 53248
cancelled_write_bytes: 0

[2020-01-20T18:23:52-08:00]
rchar: 16583883
wchar: 209
syscr: 2823
syscw: 10
read_bytes: 708608
write_bytes: 53248
cancelled_write_bytes: 0

[2020-01-20T18:23:55-08:00]
rchar: 16583883
wchar: 209
syscr: 2823
syscw: 10
read_bytes: 708608
write_bytes: 53248
cancelled_write_bytes: 0

[2020-01-20T18:23:58-08:00]
rchar: 16583883
wchar: 209
syscr: 2823
syscw: 10
read_bytes: 708608
write_bytes: 53248
cancelled_write_bytes: 0

[2020-01-20T18:24:01-08:00]
rchar: 16583883
wchar: 209
syscr: 2823
syscw: 10
read_bytes: 708608
write_bytes: 69632
cancelled_write_bytes: 0

[2020-01-20T18:24:04-08:00]
rchar: 16583883
wchar: 209
syscr: 2823
syscw: 10
read_bytes: 708608
write_bytes: 86016
cancelled_write_bytes: 0

[2020-01-20T18:24:07-08:00]
rchar: 16583883
wchar: 209
syscr: 2823
syscw: 10
read_bytes: 708608
write_bytes: 86016
cancelled_write_bytes: 0

[2020-01-20T18:24:10-08:00]
rchar: 16583883
wchar: 209
syscr: 2823
syscw: 10
read_bytes: 708608
write_bytes: 94208
cancelled_write_bytes: 0

[2020-01-20T18:24:13-08:00]
rchar: 16583883
wchar: 209
syscr: 2823
syscw: 10
read_bytes: 708608
write_bytes: 94208
cancelled_write_bytes: 0

[2020-01-20T18:24:16-08:00]
rchar: 16926712
wchar: 209
syscr: 3025
syscw: 10
read_bytes: 761856
write_bytes: 126976
cancelled_write_bytes: 0

[2020-01-20T18:24:19-08:00]
rchar: 349523672
wchar: 223016121
syscr: 17019
syscw: 3583
read_bytes: 355953152
write_bytes: 223170560
cancelled_write_bytes: 0

[2020-01-20T18:24:22-08:00]
rchar: 830519405
wchar: 398632033
syscr: 75354
syscw: 40607
read_bytes: 1039284736
write_bytes: 398786560
cancelled_write_bytes: 0

[2020-01-20T18:24:25-08:00]
rchar: 1053844687
wchar: 658227851
syscr: 102440
syscw: 55549
read_bytes: 1351330304
write_bytes: 658386944
cancelled_write_bytes: 0

[2020-01-20T18:24:28-08:00]
rchar: 1678020509
wchar: 981858328
syscr: 178046
syscw: 67908
read_bytes: 1668721152
write_bytes: 982061056
cancelled_write_bytes: 0

[2020-01-20T18:24:31-08:00]
rchar: 2391314400
wchar: 1314197009
syscr: 264546
syscw: 84136
read_bytes: 2196879872
write_bytes: 1314422784
cancelled_write_bytes: 0

[2020-01-20T18:24:34-08:00]
rchar: 3069139163
wchar: 1634941229
syscr: 346743
syscw: 99678
read_bytes: 2697951744
write_bytes: 1635196928
cancelled_write_bytes: 0

[2020-01-20T18:24:37-08:00]
rchar: 3138021375
wchar: 1841929421
syscr: 355099
syscw: 101569
read_bytes: 2748807680
write_bytes: 1842196480
cancelled_write_bytes: 0

[2020-01-20T18:24:40-08:00]
rchar: 3867225048
wchar: 2116699287
syscr: 443440
syscw: 113438
read_bytes: 3103783424
write_bytes: 2117009408
cancelled_write_bytes: 0

[2020-01-20T18:24:43-08:00]
rchar: 4810878881
wchar: 2372306652
syscr: 557349
syscw: 130274
read_bytes: 3405478400
write_bytes: 2372689920
cancelled_write_bytes: 0

[2020-01-20T18:24:46-08:00]
rchar: 5640362718
wchar: 2565870810
syscr: 657925
syscw: 148704
read_bytes: 3726944768
write_bytes: 2566258688
cancelled_write_bytes: 0

[2020-01-20T18:24:49-08:00]
rchar: 6832563597
wchar: 2759496728
syscr: 802394
syscw: 168019
read_bytes: 4058360320
write_bytes: 2759897088
cancelled_write_bytes: 0

[2020-01-20T18:24:52-08:00]
rchar: 8239331840
wchar: 2888820045
syscr: 972964
syscw: 190000
read_bytes: 4448082432
write_bytes: 2889228288
cancelled_write_bytes: 0

[2020-01-20T18:24:55-08:00]
rchar: 9189747767
wchar: 3133935155
syscr: 1088113
syscw: 203610
read_bytes: 4661848576
write_bytes: 3134353408
cancelled_write_bytes: 0

[2020-01-20T18:24:58-08:00]
rchar: 11151419556
wchar: 3278969339
syscr: 1325959
syscw: 230047
read_bytes: 5081549312
write_bytes: 3279388672
cancelled_write_bytes: 0

[2020-01-20T18:25:01-08:00]
rchar: 11979036433
wchar: 3550136795
syscr: 1426223
syscw: 240487
read_bytes: 5246069248
write_bytes: 3550580736
cancelled_write_bytes: 0

[2020-01-20T18:25:04-08:00]
rchar: 13167178293
wchar: 3992398736
syscr: 1570283
syscw: 249711
read_bytes: 5374384640
write_bytes: 3993731072
cancelled_write_bytes: 0

[2020-01-20T18:25:07-08:00]
rchar: 14292048670
wchar: 4359064827
syscr: 1706674
syscw: 259475
read_bytes: 5508127232
write_bytes: 4359577600
cancelled_write_bytes: 0

[2020-01-20T18:25:10-08:00]
rchar: 15506087843
wchar: 4861343272
syscr: 1853388
syscw: 270981
read_bytes: 5673265664
write_bytes: 4861915136
cancelled_write_bytes: 0

[2020-01-20T18:25:13-08:00]
rchar: 16123833961
wchar: 5138089068
syscr: 1928304
syscw: 285054
read_bytes: 5899401728
write_bytes: 5138722816
cancelled_write_bytes: 0

[2020-01-20T18:25:16-08:00]
rchar: 16640962897
wchar: 5461624842
syscr: 1990929
syscw: 295244
read_bytes: 6110837248
write_bytes: 5462331392
cancelled_write_bytes: 0

[2020-01-20T18:25:19-08:00]
rchar: 17636502442
wchar: 5736578656
syscr: 2111649
syscw: 313103
read_bytes: 6514256384
write_bytes: 5737304064
cancelled_write_bytes: 0

[2020-01-20T18:25:22-08:00]
rchar: 18489242571
wchar: 5876488049
syscr: 2215025
syscw: 330592
read_bytes: 6798293504
write_bytes: 5877239808
cancelled_write_bytes: 0

[2020-01-20T18:25:25-08:00]
rchar: 19559859446
wchar: 6151514865
syscr: 2344753
syscw: 348485
read_bytes: 7064357376
write_bytes: 6152286208
cancelled_write_bytes: 0

[2020-01-20T18:25:28-08:00]
rchar: 21001562592
wchar: 6286525917
syscr: 2519558
syscw: 370920
read_bytes: 7412689408
write_bytes: 6287298560
cancelled_write_bytes: 0

[2020-01-20T18:25:31-08:00]
rchar: 21272234485
wchar: 6485151158
syscr: 2552380
syscw: 375795
read_bytes: 7477615104
write_bytes: 6485929984
cancelled_write_bytes: 0

[2020-01-20T18:25:34-08:00]
rchar: 22808315475
wchar: 6598614484
syscr: 2738539
syscw: 396177
read_bytes: 7763585536
write_bytes: 6599405568
cancelled_write_bytes: 0

[2020-01-20T18:25:37-08:00]
rchar: 24535328179
wchar: 6728166378
syscr: 2947937
syscw: 418492
read_bytes: 8088455680
write_bytes: 6728978432
cancelled_write_bytes: 0

[2020-01-20T18:25:40-08:00]
rchar: 25446664929
wchar: 7149274748
syscr: 3058353
syscw: 427520
read_bytes: 8201243136
write_bytes: 7150108672
cancelled_write_bytes: 0

[2020-01-20T18:25:43-08:00]
rchar: 26932191711
wchar: 7687050802
syscr: 3238475
syscw: 439749
read_bytes: 8345741824
write_bytes: 7687921664
cancelled_write_bytes: 0

[2020-01-20T18:25:46-08:00]
rchar: 28357988068
wchar: 8213157499
syscr: 3410852
syscw: 451791
read_bytes: 8489929216
write_bytes: 8214085632
cancelled_write_bytes: 0

[2020-01-20T18:25:49-08:00]
rchar: 29187474483
wchar: 8572001717
syscr: 3511430
syscw: 467768
read_bytes: 8710195712
write_bytes: 8573485056
cancelled_write_bytes: 0

[2020-01-20T18:25:52-08:00]
rchar: 29320656230
wchar: 8822756807
syscr: 3527582
syscw: 469818
read_bytes: 8731359744
write_bytes: 8823754752
cancelled_write_bytes: 0

[2020-01-20T18:25:55-08:00]
rchar: 30184468560
wchar: 9120103167
syscr: 3632212
syscw: 483035
read_bytes: 8935680512
write_bytes: 9121157120
cancelled_write_bytes: 0

[2020-01-20T18:25:58-08:00]
rchar: 31230251718
wchar: 9425232170
syscr: 3759004
syscw: 500206
read_bytes: 9278462464
write_bytes: 9426313216
cancelled_write_bytes: 0

[2020-01-20T18:26:01-08:00]
rchar: 32024275073
wchar: 9652725101
syscr: 3855268
syscw: 513464
read_bytes: 9552292352
write_bytes: 9653833728
cancelled_write_bytes: 0

[2020-01-20T18:26:04-08:00]
rchar: 32899503068
wchar: 10025589958
syscr: 3961312
syscw: 526163
read_bytes: 9779362304
write_bytes: 10026733568
cancelled_write_bytes: 0

[2020-01-20T18:26:07-08:00]
rchar: 34397231020
wchar: 10164450230
syscr: 4142890
syscw: 548459
read_bytes: 10085521920
write_bytes: 10165628928
cancelled_write_bytes: 0

[2020-01-20T18:26:10-08:00]
rchar: 35169790043
wchar: 10407266210
syscr: 4236565
syscw: 560626
read_bytes: 10243844608
write_bytes: 10408448000
cancelled_write_bytes: 0

[2020-01-20T18:26:13-08:00]
rchar: 37173570463
wchar: 10551117976
syscr: 4479435
syscw: 585102
read_bytes: 10565163520
write_bytes: 10552315904
cancelled_write_bytes: 0

[2020-01-20T18:26:16-08:00]
rchar: 38505289816
wchar: 10647706809
syscr: 4640903
syscw: 601233
read_bytes: 10779765248
write_bytes: 10648903680
cancelled_write_bytes: 0

[2020-01-20T18:26:19-08:00]
rchar: 39207665445
wchar: 11053731466
syscr: 4725984
syscw: 607791
read_bytes: 10847959552
write_bytes: 11054952448
cancelled_write_bytes: 0

[2020-01-20T18:26:22-08:00]
rchar: 40563300234
wchar: 11542674781
syscr: 4890358
syscw: 618500
read_bytes: 10963544576
write_bytes: 11543932928
cancelled_write_bytes: 0

[2020-01-20T18:26:25-08:00]
rchar: 42080743539
wchar: 12116556348
syscr: 5074353
syscw: 630356
read_bytes: 11091098112
write_bytes: 12117852160
cancelled_write_bytes: 0

[2020-01-20T18:26:28-08:00]
rchar: 43047173616
wchar: 12505921196
syscr: 5191005
syscw: 645788
read_bytes: 11278285312
write_bytes: 12507275264
cancelled_write_bytes: 0

[2020-01-20T18:26:31-08:00]
rchar: 43401055026
wchar: 12820310543
syscr: 5233912
syscw: 651370
read_bytes: 11341556224
write_bytes: 12822532096
cancelled_write_bytes: 0

[2020-01-20T18:26:34-08:00]
rchar: 43994247929
wchar: 13031649565
syscr: 5305747
syscw: 660452
read_bytes: 11497703936
write_bytes: 13033074688
cancelled_write_bytes: 0

[2020-01-20T18:26:37-08:00]
rchar: 45136877830
wchar: 13403681601
syscr: 5444280
syscw: 676691
read_bytes: 11746142720
write_bytes: 13405155328
cancelled_write_bytes: 0

[2020-01-20T18:26:40-08:00]
rchar: 46264361327
wchar: 13807528673
syscr: 5580984
syscw: 693042
read_bytes: 11989289472
write_bytes: 13809065984
cancelled_write_bytes: 0

[2020-01-20T18:26:43-08:00]
rchar: 46787378604
wchar: 14182983105
syscr: 5644297
syscw: 700073
read_bytes: 12065110528
write_bytes: 14184574976
cancelled_write_bytes: 0

[2020-01-20T18:26:46-08:00]
rchar: 48139261584
wchar: 14510295012
syscr: 5808198
syscw: 717115
read_bytes: 12344334848
write_bytes: 14511915008
cancelled_write_bytes: 0

[2020-01-20T18:26:49-08:00]
rchar: 49191303923
wchar: 14718421641
syscr: 5935765
syscw: 732007
read_bytes: 12606183936
write_bytes: 14720061440
cancelled_write_bytes: 0

[2020-01-20T18:26:52-08:00]
rchar: 50040398082
wchar: 14959295216
syscr: 6038671
syscw: 743281
read_bytes: 12778170880
write_bytes: 14960967680
cancelled_write_bytes: 0

[2020-01-20T18:26:55-08:00]
rchar: 51343305665
wchar: 15324884969
syscr: 6196572
syscw: 758165
read_bytes: 13032126976
write_bytes: 15326584832
cancelled_write_bytes: 0

[2020-01-20T18:26:58-08:00]
rchar: 52946615430
wchar: 15545102191
syscr: 6390937
syscw: 776297
read_bytes: 13321529856
write_bytes: 15546843136
cancelled_write_bytes: 0

[2020-01-20T18:27:01-08:00]
rchar: 53989639921
wchar: 15792687341
syscr: 6517404
syscw: 789224
read_bytes: 13468445184
write_bytes: 15794429952
cancelled_write_bytes: 0

[2020-01-20T18:27:04-08:00]
rchar: 55437297596
wchar: 16319697338
syscr: 6692851
syscw: 800638
read_bytes: 13575703040
write_bytes: 16321482752
cancelled_write_bytes: 0

[2020-01-20T18:27:07-08:00]
rchar: 56366260083
wchar: 16669016341
syscr: 6805492
syscw: 808206
read_bytes: 13644900864
write_bytes: 16671555584
cancelled_write_bytes: 0

[2020-01-20T18:27:10-08:00]
rchar: 57757623815
wchar: 17203477752
syscr: 6973684
syscw: 821313
read_bytes: 13771606528
write_bytes: 17205366784
cancelled_write_bytes: 0

[2020-01-20T18:27:13-08:00]
rchar: 58619863942
wchar: 17553875292
syscr: 7078215
syscw: 836345
read_bytes: 13934430720
write_bytes: 17555820544
cancelled_write_bytes: 0

[2020-01-20T18:27:16-08:00]
rchar: 59251650120
wchar: 18039680314
syscr: 7154718
syscw: 844121
read_bytes: 14008269312
write_bytes: 18041675776
cancelled_write_bytes: 0

[2020-01-20T18:27:19-08:00]
rchar: 60072243513
wchar: 18363269960
syscr: 7254195
syscw: 854753
read_bytes: 14115113472
write_bytes: 18365296640
cancelled_write_bytes: 0

[2020-01-20T18:27:22-08:00]
rchar: 61216126669
wchar: 18793098899
syscr: 7392877
syscw: 869847
read_bytes: 14319102464
write_bytes: 18795171840
cancelled_write_bytes: 0

[2020-01-20T18:27:25-08:00]
rchar: 62143321537
wchar: 19104204031
syscr: 7505297
syscw: 883229
read_bytes: 14507137536
write_bytes: 19106312192
cancelled_write_bytes: 0

[2020-01-20T18:27:28-08:00]
rchar: 62777106128
wchar: 19478314618
syscr: 7582032
syscw: 891573
read_bytes: 14615370240
write_bytes: 19480457216
cancelled_write_bytes: 0

[2020-01-20T18:27:31-08:00]
rchar: 64138992310
wchar: 19736645417
syscr: 7747168
syscw: 909984
read_bytes: 14914984448
write_bytes: 19738804224
cancelled_write_bytes: 0

[2020-01-20T18:27:34-08:00]
rchar: 65448035538
wchar: 20101622697
syscr: 7905848
syscw: 925916
read_bytes: 15119239680
write_bytes: 20103823360
cancelled_write_bytes: 0

[2020-01-20T18:27:37-08:00]
rchar: 66016123109
wchar: 20472151468
syscr: 7974614
syscw: 932548
read_bytes: 15179942400
write_bytes: 20474413056
cancelled_write_bytes: 0

[2020-01-20T18:27:40-08:00]
rchar: 68142711772
wchar: 20624196131
syscr: 8232458
syscw: 958303
read_bytes: 15454312960
write_bytes: 20626477056
cancelled_write_bytes: 0

[2020-01-20T18:27:43-08:00]
rchar: 69443368538
wchar: 20765598947
syscr: 8390160
syscw: 974020
read_bytes: 15623682560
write_bytes: 20767883264
cancelled_write_bytes: 0

[2020-01-20T18:27:46-08:00]
rchar: 70675906826
wchar: 21288643032
syscr: 8539524
syscw: 984949
read_bytes: 15718877696
write_bytes: 21290967040
cancelled_write_bytes: 0

[2020-01-20T18:27:49-08:00]
rchar: 71730738519
wchar: 21696895412
syscr: 8667426
syscw: 993321
read_bytes: 15786985984
write_bytes: 21699235840
cancelled_write_bytes: 0

[2020-01-20T18:27:52-08:00]
rchar: 73235881579
wchar: 22257590005
syscr: 8849405
syscw: 1006154
read_bytes: 15895001600
write_bytes: 22259994624
cancelled_write_bytes: 0

[2020-01-20T18:27:55-08:00]
rchar: 74195377865
wchar: 22656526069
syscr: 8965733
syscw: 1022405
read_bytes: 16055458304
write_bytes: 22658969600
cancelled_write_bytes: 0

[2020-01-20T18:27:58-08:00]
rchar: 74330254549
wchar: 22904171996
syscr: 8982091
syscw: 1023869
read_bytes: 16064944640
write_bytes: 22906630144
cancelled_write_bytes: 0

[2020-01-20T18:28:01-08:00]
rchar: 75408363511
wchar: 23321237555
syscr: 9112680
syscw: 1038559
read_bytes: 16198777344
write_bytes: 23323750400
cancelled_write_bytes: 0

[2020-01-20T18:28:04-08:00]
rchar: 76581346530
wchar: 23784849741
syscr: 9254891
syscw: 1053610
read_bytes: 16341051904
write_bytes: 23787413504
cancelled_write_bytes: 0

[2020-01-20T18:28:07-08:00]
rchar: 77731408578
wchar: 24261954621
syscr: 9394325
syscw: 1068502
read_bytes: 16480922112
write_bytes: 24264568832
cancelled_write_bytes: 0

[2020-01-20T18:28:10-08:00]
rchar: 77899736602
wchar: 24371696206
syscr: 9414699
syscw: 1071189
read_bytes: 16509409792
write_bytes: 24374341632
cancelled_write_bytes: 0

[2020-01-20T18:28:13-08:00]
rchar: 79028767006
wchar: 24819151077
syscr: 9551520
syscw: 1085035
read_bytes: 16673561088
write_bytes: 24821837824
cancelled_write_bytes: 0

[2020-01-20T18:28:16-08:00]
rchar: 80341823469
wchar: 25277515281
syscr: 9710654
syscw: 1099838
read_bytes: 16805698048
write_bytes: 25280274432
cancelled_write_bytes: 0

[2020-01-20T18:28:19-08:00]
rchar: 81479676006
wchar: 25376424803
syscr: 9848622
syscw: 1115618
read_bytes: 16971631104
write_bytes: 25379196928
cancelled_write_bytes: 0

[2020-01-20T18:28:22-08:00]
rchar: 83096697062
wchar: 25662598850
syscr: 10044601
syscw: 1134757
read_bytes: 17160268288
write_bytes: 25665384448
cancelled_write_bytes: 0

[2020-01-20T18:28:25-08:00]
rchar: 85064433214
wchar: 25799823958
syscr: 10283190
syscw: 1157623
read_bytes: 17387428352
write_bytes: 25802616832
cancelled_write_bytes: 0

[2020-01-20T18:28:28-08:00]
rchar: 85622919598
wchar: 26100807493
syscr: 10350824
syscw: 1163671
read_bytes: 17435183616
write_bytes: 26103619584
cancelled_write_bytes: 0

[2020-01-20T18:28:31-08:00]
rchar: 87065045124
wchar: 26591125568
syscr: 10525685
syscw: 1175509
read_bytes: 17527216640
write_bytes: 26593968128
cancelled_write_bytes: 0

[2020-01-20T18:28:34-08:00]
rchar: 88620967075
wchar: 27179723029
syscr: 10714344
syscw: 1187343
read_bytes: 17620601344
write_bytes: 27182608384
cancelled_write_bytes: 0

[2020-01-20T18:28:37-08:00]
rchar: 89813372008
wchar: 27655714712
syscr: 10858383
syscw: 1203437
read_bytes: 17760705024
write_bytes: 27658657792
cancelled_write_bytes: 0

[2020-01-20T18:28:40-08:00]
rchar: 90320079115
wchar: 28030303614
syscr: 10919725
syscw: 1212587
read_bytes: 17851693568
write_bytes: 28033302528
cancelled_write_bytes: 0

[2020-01-20T18:28:43-08:00]
rchar: 91311319848
wchar: 28413589463
syscr: 11039895
syscw: 1225308
read_bytes: 17966336512
write_bytes: 28416618496
cancelled_write_bytes: 0

[2020-01-20T18:28:46-08:00]
rchar: 92338121003
wchar: 28845763619
syscr: 11164370
syscw: 1238352
read_bytes: 18074634752
write_bytes: 28848840704
cancelled_write_bytes: 0

[2020-01-20T18:28:49-08:00]
rchar: 93523599396
wchar: 29328217923
syscr: 11308043
syscw: 1253763
read_bytes: 18206378496
write_bytes: 29331349504
cancelled_write_bytes: 0

[2020-01-20T18:28:52-08:00]
rchar: 93926775354
wchar: 29689991787
syscr: 11356853
syscw: 1259123
read_bytes: 18248882688
write_bytes: 29693145088
cancelled_write_bytes: 0

[2020-01-20T18:28:55-08:00]
rchar: 94934829194
wchar: 30036778746
syscr: 11479051
syscw: 1270606
read_bytes: 18342222336
write_bytes: 30039986176
cancelled_write_bytes: 0

[2020-01-20T18:28:58-08:00]
rchar: 96355487169
wchar: 30506891739
syscr: 11651282
syscw: 1287104
read_bytes: 18479831552
write_bytes: 30510149632
cancelled_write_bytes: 0

[2020-01-20T18:29:01-08:00]
rchar: 97437398499
wchar: 30650153344
syscr: 11782425
syscw: 1302260
read_bytes: 18621606400
write_bytes: 30653440000
cancelled_write_bytes: 0

[2020-01-20T18:29:04-08:00]
rchar: 98961172282
wchar: 30934069267
syscr: 11967095
syscw: 1320765
read_bytes: 18790402560
write_bytes: 30937370624
cancelled_write_bytes: 0

[2020-01-20T18:29:07-08:00]
rchar: 100905778154
wchar: 31074861044
syscr: 12202877
syscw: 1343334
read_bytes: 19000224256
write_bytes: 31078170624
cancelled_write_bytes: 0

[2020-01-20T18:29:10-08:00]
rchar: 101691365861
wchar: 31487710212
syscr: 12298047
syscw: 1351202
read_bytes: 19055540736
write_bytes: 31491043328
cancelled_write_bytes: 0

[2020-01-20T18:29:13-08:00]
rchar: 102748480553
wchar: 31867506520
syscr: 12426226
syscw: 1359539
read_bytes: 19115866624
write_bytes: 31870885888
cancelled_write_bytes: 0

[2020-01-20T18:29:16-08:00]
rchar: 104366684722
wchar: 32462233487
syscr: 12622439
syscw: 1372253
read_bytes: 19207735808
write_bytes: 32465661952
cancelled_write_bytes: 0

[2020-01-20T18:29:19-08:00]
rchar: 105551429085
wchar: 32924184296
syscr: 12765550
syscw: 1387818
read_bytes: 19338631680
write_bytes: 32927670272
cancelled_write_bytes: 0

[2020-01-20T18:29:22-08:00]
rchar: 105952237378
wchar: 33138345831
syscr: 12814158
syscw: 1393384
read_bytes: 19383253504
write_bytes: 33141846016
cancelled_write_bytes: 0

[2020-01-20T18:29:25-08:00]
rchar: 106681141624
wchar: 33496434911
syscr: 12902433
syscw: 1404570
read_bytes: 19517585920
write_bytes: 33499975680
cancelled_write_bytes: 0

[2020-01-20T18:29:28-08:00]
rchar: 108001784541
wchar: 33822486458
syscr: 13062541
syscw: 1423225
read_bytes: 19755383296
write_bytes: 33826058240
cancelled_write_bytes: 0

[2020-01-20T18:29:32-08:00]
rchar: 109099913795
wchar: 34237315462
syscr: 13195669
syscw: 1437209
read_bytes: 19868568064
write_bytes: 34240929792
cancelled_write_bytes: 0

[2020-01-20T18:29:35-08:00]
rchar: 109794742241
wchar: 34664828049
syscr: 13279804
syscw: 1445652
read_bytes: 19929324032
write_bytes: 34668486656
cancelled_write_bytes: 0

[2020-01-20T18:29:38-08:00]
rchar: 110882928169
wchar: 35034848877
syscr: 13411712
syscw: 1457900
read_bytes: 20018375168
write_bytes: 35038535680
cancelled_write_bytes: 0

[2020-01-20T18:29:41-08:00]
rchar: 112352383685
wchar: 35469059116
syscr: 13589856
syscw: 1474816
read_bytes: 20189600256
write_bytes: 35472789504
cancelled_write_bytes: 0

[2020-01-20T18:29:44-08:00]
rchar: 113289285493
wchar: 35786715570
syscr: 13703462
syscw: 1487264
read_bytes: 20347574784
write_bytes: 35790475264
cancelled_write_bytes: 0

[2020-01-20T18:29:47-08:00]
rchar: 114755966425
wchar: 36104012830
syscr: 13881217
syscw: 1502196
read_bytes: 20513643008
write_bytes: 36107800576
cancelled_write_bytes: 0

[2020-01-20T18:29:50-08:00]
rchar: 115889063830
wchar: 36332246003
syscr: 14018526
syscw: 1514353
read_bytes: 20605655552
write_bytes: 36336091136
cancelled_write_bytes: 0

[2020-01-20T18:29:53-08:00]
rchar: 117311556855
wchar: 36462694180
syscr: 14191004
syscw: 1530296
read_bytes: 20741282304
write_bytes: 36466540544
cancelled_write_bytes: 0

[2020-01-20T18:29:56-08:00]
rchar: 118726480642
wchar: 37090742561
syscr: 14362484
syscw: 1542005
read_bytes: 20818336256
write_bytes: 37094629376
cancelled_write_bytes: 0

[2020-01-20T18:29:59-08:00]
rchar: 119584440399
wchar: 37438773642
syscr: 14466514
syscw: 1548444
read_bytes: 20858894848
write_bytes: 37442686976
cancelled_write_bytes: 0

[2020-01-20T18:30:02-08:00]
rchar: 121328290418
wchar: 37986588598
syscr: 14677420
syscw: 1563070
read_bytes: 20959463936
write_bytes: 37990547456
cancelled_write_bytes: 0

[2020-01-20T18:30:05-08:00]
rchar: 122298463551
wchar: 38421050034
syscr: 14795040
syscw: 1577812
read_bytes: 21077424640
write_bytes: 38425051136
cancelled_write_bytes: 0

[2020-01-20T18:30:08-08:00]
rchar: 122409281939
wchar: 38649932267
syscr: 14808480
syscw: 1579964
read_bytes: 21089606144
write_bytes: 38653947904
cancelled_write_bytes: 0

[2020-01-20T18:30:11-08:00]
rchar: 123609252923
wchar: 39144524859
syscr: 14953842
syscw: 1594697
read_bytes: 21192763904
write_bytes: 39148605440
cancelled_write_bytes: 0

[2020-01-20T18:30:14-08:00]
rchar: 124729937622
wchar: 39571073289
syscr: 15089686
syscw: 1609249
read_bytes: 21298547200
write_bytes: 39575293952
cancelled_write_bytes: 0

[2020-01-20T18:30:17-08:00]
rchar: 125635979659
wchar: 39939320711
syscr: 15199515
syscw: 1621007
read_bytes: 21382814208
write_bytes: 39943503872
cancelled_write_bytes: 0

[2020-01-20T18:30:20-08:00]
rchar: 126233513213
wchar: 40388943072
syscr: 15271894
syscw: 1628523
read_bytes: 21431433728
write_bytes: 40394018816
cancelled_write_bytes: 0

[2020-01-20T18:30:23-08:00]
rchar: 127290573264
wchar: 40765053904
syscr: 15400030
syscw: 1640440
read_bytes: 21508770304
write_bytes: 40769323008
cancelled_write_bytes: 0

[2020-01-20T18:30:26-08:00]
rchar: 128666900926
wchar: 41189778955
syscr: 15566887
syscw: 1656146
read_bytes: 21620697600
write_bytes: 41194098688
cancelled_write_bytes: 0

[2020-01-20T18:30:29-08:00]
rchar: 130055748586
wchar: 41589529967
syscr: 15735257
syscw: 1672767
read_bytes: 21740784128
write_bytes: 41593888768
cancelled_write_bytes: 0

[2020-01-20T18:30:32-08:00]
rchar: 130280118923
wchar: 41864521083
syscr: 15762467
syscw: 1675474
read_bytes: 21755591168
write_bytes: 41868898304
cancelled_write_bytes: 0

[2020-01-20T18:30:35-08:00]
rchar: 131821803451
wchar: 42161924113
syscr: 15949267
syscw: 1691605
read_bytes: 21917264384
write_bytes: 42166353920
cancelled_write_bytes: 0

[2020-01-20T18:30:38-08:00]
rchar: 133453609477
wchar: 42468135875
syscr: 16147098
syscw: 1709139
read_bytes: 22083070464
write_bytes: 42472603648
cancelled_write_bytes: 0

[2020-01-20T18:30:41-08:00]
rchar: 134370221073
wchar: 42706618521
syscr: 16258237
syscw: 1721221
read_bytes: 22165969408
write_bytes: 42711089152
cancelled_write_bytes: 0

[2020-01-20T18:30:44-08:00]
rchar: 136051997938
wchar: 43274829737
syscr: 16462071
syscw: 1735157
read_bytes: 22250916352
write_bytes: 43279368192
cancelled_write_bytes: 0

[2020-01-20T18:30:47-08:00]
rchar: 137238707598
wchar: 43722091181
syscr: 16605965
syscw: 1744589
read_bytes: 22305430016
write_bytes: 43726663680
cancelled_write_bytes: 0

[2020-01-20T18:30:50-08:00]
rchar: 138454101501
wchar: 44207279725
syscr: 16752813
syscw: 1756517
read_bytes: 22382897664
write_bytes: 44211892224
cancelled_write_bytes: 0

[2020-01-20T18:30:53-08:00]
rchar: 139269223650
wchar: 44601200583
syscr: 16851636
syscw: 1768317
read_bytes: 22467385856
write_bytes: 44605849600
cancelled_write_bytes: 0

[2020-01-20T18:30:56-08:00]
rchar: 139437688868
wchar: 44873593755
syscr: 16871949
syscw: 1770552
read_bytes: 22478649856
write_bytes: 44878278656
cancelled_write_bytes: 0

[2020-01-20T18:30:59-08:00]
rchar: 140778007098
wchar: 45376876235
syscr: 17034418
syscw: 1787558
read_bytes: 22591044096
write_bytes: 45381611520
cancelled_write_bytes: 0

[2020-01-20T18:31:02-08:00]
rchar: 142121891551
wchar: 45881535153
syscr: 17197339
syscw: 1805150
read_bytes: 22707464704
write_bytes: 45886324736
cancelled_write_bytes: 0

[2020-01-20T18:31:05-08:00]
rchar: 142975363522
wchar: 46247068544
syscr: 17300790
syscw: 1815713
read_bytes: 22777416192
write_bytes: 46251900928
cancelled_write_bytes: 0

[2020-01-20T18:31:08-08:00]
rchar: 143436481023
wchar: 46584598847
syscr: 17356623
syscw: 1821847
read_bytes: 22813538816
write_bytes: 46589460480
cancelled_write_bytes: 0

[2020-01-20T18:31:11-08:00]
rchar: 144970269283
wchar: 47073635375
syscr: 17542564
syscw: 1838917
read_bytes: 22923188736
write_bytes: 47079190528
cancelled_write_bytes: 0

[2020-01-20T18:31:14-08:00]
rchar: 146360342849
wchar: 47547218013
syscr: 17711088
syscw: 1854380
read_bytes: 23024380416
write_bytes: 47552188416
cancelled_write_bytes: 0

[2020-01-20T18:31:17-08:00]
rchar: 147024676577
wchar: 47664472592
syscr: 17791597
syscw: 1863943
read_bytes: 23113603584
write_bytes: 47669481472
cancelled_write_bytes: 0

[2020-01-20T18:31:20-08:00]
rchar: 148495592018
wchar: 48132046268
syscr: 17969851
syscw: 1880319
read_bytes: 23260297728
write_bytes: 48137089024
cancelled_write_bytes: 0

[2020-01-20T18:31:23-08:00]
rchar: 150194304675
wchar: 48544686391
syscr: 18175783
syscw: 1897146
read_bytes: 23404067328
write_bytes: 48549773312
cancelled_write_bytes: 0

[2020-01-20T18:31:26-08:00]
rchar: 151354873756
wchar: 48807220802
syscr: 18316494
syscw: 1909886
read_bytes: 23512750592
write_bytes: 48812335104
cancelled_write_bytes: 0

[2020-01-20T18:31:29-08:00]
rchar: 152396306137
wchar: 49242855286
syscr: 18442672
syscw: 1920292
read_bytes: 23575226880
write_bytes: 49248002048
cancelled_write_bytes: 0

[2020-01-20T18:31:32-08:00]
rchar: 154186705969
wchar: 49862214834
syscr: 18659763
syscw: 1934898
read_bytes: 23654767104
write_bytes: 49867403264
cancelled_write_bytes: 0

[2020-01-20T18:31:35-08:00]
rchar: 155217872644
wchar: 50238634219
syscr: 18784795
syscw: 1943305
read_bytes: 23699720704
write_bytes: 50243846144
cancelled_write_bytes: 0

[2020-01-20T18:31:38-08:00]
rchar: 156460212732
wchar: 50685072886
syscr: 18934888
syscw: 1960422
read_bytes: 23808199168
write_bytes: 50690347008
cancelled_write_bytes: 0

[2020-01-20T18:31:41-08:00]
rchar: 156875815363
wchar: 51078964480
syscr: 18985206
syscw: 1966093
read_bytes: 23835990528
write_bytes: 51084271616
cancelled_write_bytes: 0

[2020-01-20T18:31:44-08:00]
rchar: 157940807029
wchar: 51438785041
syscr: 19114316
syscw: 1980084
read_bytes: 23923567104
write_bytes: 51445043200
cancelled_write_bytes: 0

[2020-01-20T18:31:47-08:00]
rchar: 159277623261
wchar: 51921119184
syscr: 19276339
syscw: 1997436
read_bytes: 24032946688
write_bytes: 51926536192
cancelled_write_bytes: 0

[2020-01-20T18:31:50-08:00]
rchar: 160122092646
wchar: 52288597051
syscr: 19378711
syscw: 2008449
read_bytes: 24095996416
write_bytes: 52294561792
cancelled_write_bytes: 0

[2020-01-20T18:31:53-08:00]
rchar: 160820056853
wchar: 52713671593
syscr: 19463265
syscw: 2017090
read_bytes: 24144853504
write_bytes: 52719759360
cancelled_write_bytes: 0

[2020-01-20T18:31:56-08:00]
rchar: 162294009594
wchar: 53160425548
syscr: 19641924
syscw: 2033768
read_bytes: 24245774848
write_bytes: 53165981696
cancelled_write_bytes: 0

[2020-01-20T18:31:59-08:00]
rchar: 163366171354
wchar: 53509632404
syscr: 19771890
syscw: 2046485
read_bytes: 24317286912
write_bytes: 53515218944
cancelled_write_bytes: 0

[2020-01-20T18:32:02-08:00]
rchar: 164342738802
wchar: 53922614172
syscr: 19890311
syscw: 2057757
read_bytes: 24384895488
write_bytes: 53928235008
cancelled_write_bytes: 0

[2020-01-20T18:32:05-08:00]
rchar: 165886410605
wchar: 54249645504
syscr: 20077344
syscw: 2074238
read_bytes: 24518330880
write_bytes: 54255312896
cancelled_write_bytes: 0

[2020-01-20T18:32:08-08:00]
rchar: 167766500187
wchar: 54553866638
syscr: 20305291
syscw: 2094146
read_bytes: 24706058752
write_bytes: 54559559680
cancelled_write_bytes: 0

[2020-01-20T18:32:11-08:00]
rchar: 168603636310
wchar: 54765946833
syscr: 20406796
syscw: 2104459
read_bytes: 24789588480
write_bytes: 54771646464
cancelled_write_bytes: 0

[2020-01-20T18:32:14-08:00]
rchar: 170356707148
wchar: 55168326864
syscr: 20619258
syscw: 2120678
read_bytes: 24913414656
write_bytes: 55174074368
cancelled_write_bytes: 0

[2020-01-20T18:32:17-08:00]
rchar: 172160389196
wchar: 55807271397
syscr: 20837962
syscw: 2135450
read_bytes: 24987122176
write_bytes: 55813079040
cancelled_write_bytes: 0

[2020-01-20T18:32:20-08:00]
rchar: 173268506660
wchar: 56180071879
syscr: 20972323
syscw: 2144870
read_bytes: 25034627584
write_bytes: 56185892864
cancelled_write_bytes: 0

[2020-01-20T18:32:23-08:00]
rchar: 174187053387
wchar: 56664404295
syscr: 21083162
syscw: 2154252
read_bytes: 25083017728
write_bytes: 56670265344
cancelled_write_bytes: 0

[2020-01-20T18:32:26-08:00]
rchar: 175312750807
wchar: 57143952745
syscr: 21219534
syscw: 2168948
read_bytes: 25164270080
write_bytes: 57149886464
cancelled_write_bytes: 0

[2020-01-20T18:32:29-08:00]
rchar: 176167660790
wchar: 57501283835
syscr: 21323179
syscw: 2180178
read_bytes: 25221171712
write_bytes: 57507258368
cancelled_write_bytes: 0

[2020-01-20T18:32:32-08:00]
rchar: 177463497573
wchar: 57974418490
syscr: 21480283
syscw: 2197522
read_bytes: 25319975424
write_bytes: 57980444672
cancelled_write_bytes: 4096

[2020-01-20T18:32:35-08:00]
rchar: 177986733830
wchar: 58374584901
syscr: 21543699
syscw: 2204387
read_bytes: 25355176448
write_bytes: 58380644352
cancelled_write_bytes: 4096

[2020-01-20T18:32:38-08:00]
rchar: 178991402830
wchar: 58702457825
syscr: 21665392
syscw: 2215573
read_bytes: 25416944128
write_bytes: 58708574208
cancelled_write_bytes: 4096

[2020-01-20T18:32:41-08:00]
rchar: 180549113130
wchar: 59172831117
syscr: 21854230
syscw: 2233144
read_bytes: 25516624384
write_bytes: 59178995712
cancelled_write_bytes: 4096

[2020-01-20T18:32:44-08:00]
rchar: 181618166891
wchar: 59552521327
syscr: 21983810
syscw: 2245449
read_bytes: 25580624384
write_bytes: 59558731776
cancelled_write_bytes: 4096

[2020-01-20T18:32:47-08:00]
rchar: 182313248556
wchar: 59919353107
syscr: 22068000
syscw: 2253964
read_bytes: 25635072512
write_bytes: 59925614592
cancelled_write_bytes: 4096

[2020-01-20T18:32:50-08:00]
rchar: 184106797706
wchar: 60209704255
syscr: 22285471
syscw: 2272838
read_bytes: 25801984512
write_bytes: 60215984128
cancelled_write_bytes: 4096

[2020-01-20T18:32:53-08:00]
rchar: 185803579264
wchar: 60463474319
syscr: 22491179
syscw: 2291623
read_bytes: 25962617344
write_bytes: 60470296576
cancelled_write_bytes: 4096

[2020-01-20T18:32:56-08:00]
rchar: 186918792189
wchar: 60790996810
syscr: 22626319
syscw: 2303549
read_bytes: 26055035392
write_bytes: 60797329408
cancelled_write_bytes: 4096

[2020-01-20T18:32:59-08:00]
rchar: 188930676199
wchar: 61228782714
syscr: 22870233
syscw: 2321179
read_bytes: 26179140096
write_bytes: 61235654656
cancelled_write_bytes: 4096

[2020-01-20T18:33:02-08:00]
rchar: 190182098723
wchar: 61647638337
syscr: 23021970
syscw: 2331910
read_bytes: 26228259328
write_bytes: 61654016000
cancelled_write_bytes: 4096

[2020-01-20T18:33:05-08:00]
rchar: 191563499210
wchar: 62109596462
syscr: 23189468
syscw: 2343541
read_bytes: 26283629056
write_bytes: 62116003840
cancelled_write_bytes: 4096

[2020-01-20T18:33:08-08:00]
rchar: 192317444078
wchar: 62521950529
syscr: 23280246
syscw: 2350108
read_bytes: 26311678464
write_bytes: 62528409600
cancelled_write_bytes: 4096

[2020-01-20T18:33:11-08:00]
rchar: 193434998542
wchar: 62920120966
syscr: 23415737
syscw: 2364274
read_bytes: 26387630592
write_bytes: 62927155200
cancelled_write_bytes: 4096

[2020-01-20T18:33:14-08:00]
rchar: 194863603494
wchar: 63429825612
syscr: 23588901
syscw: 2383433
read_bytes: 26485848576
write_bytes: 63436378112
cancelled_write_bytes: 4096

[2020-01-20T18:33:17-08:00]
rchar: 195513271213
wchar: 63714509449
syscr: 23667684
syscw: 2391666
read_bytes: 26525035008
write_bytes: 63721091072
cancelled_write_bytes: 4096

[2020-01-20T18:33:20-08:00]
rchar: 196424452378
wchar: 64254336236
syscr: 23778026
syscw: 2401751
read_bytes: 26571246080
write_bytes: 64260988928
cancelled_write_bytes: 4096

[2020-01-20T18:33:23-08:00]
rchar: 197418094843
wchar: 64580901115
syscr: 23898475
syscw: 2413330
read_bytes: 26625243648
write_bytes: 64587595776
cancelled_write_bytes: 4096

[2020-01-20T18:33:26-08:00]
rchar: 199046891124
wchar: 65128057388
syscr: 24095946
syscw: 2431549
read_bytes: 26715793920
write_bytes: 65134800896
cancelled_write_bytes: 4096

[2020-01-20T18:33:29-08:00]
rchar: 199907419898
wchar: 65363927152
syscr: 24200247
syscw: 2442134
read_bytes: 26769861120
write_bytes: 65370701824
cancelled_write_bytes: 4096

[2020-01-20T18:33:32-08:00]
rchar: 200869348091
wchar: 65673678523
syscr: 24316799
syscw: 2453154
read_bytes: 26855741952
write_bytes: 65680478208
cancelled_write_bytes: 4096

[2020-01-20T18:33:35-08:00]
rchar: 202742636899
wchar: 66081332344
syscr: 24543914
syscw: 2471837
read_bytes: 26987813376
write_bytes: 66088165376
cancelled_write_bytes: 4096

[2020-01-20T18:33:38-08:00]
rchar: 204043864111
wchar: 66260142249
syscr: 24701693
syscw: 2485580
read_bytes: 27103771136
write_bytes: 66266992640
cancelled_write_bytes: 4096

[2020-01-20T18:33:41-08:00]
rchar: 204910761457
wchar: 66535401583
syscr: 24806719
syscw: 2494585
read_bytes: 27170109952
write_bytes: 66542264320
cancelled_write_bytes: 4096

[2020-01-20T18:33:44-08:00]
rchar: 206852674025
wchar: 67108225530
syscr: 25042153
syscw: 2510711
read_bytes: 27247299072
write_bytes: 67115507712
cancelled_write_bytes: 4096

[2020-01-20T18:33:47-08:00]
rchar: 208577276230
wchar: 67675099150
syscr: 25251261
syscw: 2524953
read_bytes: 27309283840
write_bytes: 67682054144
cancelled_write_bytes: 4096

[2020-01-20T18:33:50-08:00]
rchar: 209798348037
wchar: 68091044395
syscr: 25398737
syscw: 2535878
read_bytes: 27355458048
write_bytes: 68098048000
cancelled_write_bytes: 4096

[2020-01-20T18:33:53-08:00]
rchar: 210196622117
wchar: 68459622292
syscr: 25446951
syscw: 2542095
read_bytes: 27381475840
write_bytes: 68466655232
cancelled_write_bytes: 4096

[2020-01-20T18:33:56-08:00]
rchar: 211253128924
wchar: 68843483261
syscr: 25574995
syscw: 2556027
read_bytes: 27446622720
write_bytes: 68850561024
cancelled_write_bytes: 4096

[2020-01-20T18:33:59-08:00]
rchar: 212701735903
wchar: 69395695072
syscr: 25750620
syscw: 2575209
read_bytes: 27535731200
write_bytes: 69402832896
cancelled_write_bytes: 4096

[2020-01-20T18:34:02-08:00]
rchar: 213482244913
wchar: 69718758405
syscr: 25845228
syscw: 2585581
read_bytes: 27582798336
write_bytes: 69725921280
cancelled_write_bytes: 4096

[2020-01-20T18:34:05-08:00]
rchar: 214157605652
wchar: 70112397988
syscr: 25927039
syscw: 2595227
read_bytes: 27621599744
write_bytes: 70119596032
cancelled_write_bytes: 4096

[2020-01-20T18:34:08-08:00]
rchar: 215771422016
wchar: 70602630677
syscr: 26122648
syscw: 2613883
read_bytes: 27707705856
write_bytes: 70609895424
cancelled_write_bytes: 4096

[2020-01-20T18:34:11-08:00]
rchar: 217166248254
wchar: 71067423279
syscr: 26291743
syscw: 2630273
read_bytes: 27781417472
write_bytes: 71074729984
cancelled_write_bytes: 4096

[2020-01-20T18:34:14-08:00]
rchar: 217814814404
wchar: 71426111973
syscr: 26370393
syscw: 2638405
read_bytes: 27813521920
write_bytes: 71433449472
cancelled_write_bytes: 4096

[2020-01-20T18:34:17-08:00]
rchar: 219505870328
wchar: 71749239643
syscr: 26575306
syscw: 2656275
read_bytes: 27946613248
write_bytes: 71756627968
cancelled_write_bytes: 4096

[2020-01-20T18:34:20-08:00]
rchar: 221175958158
wchar: 71978581014
syscr: 26777779
syscw: 2674801
read_bytes: 28085533184
write_bytes: 71985999872
cancelled_write_bytes: 4096

[2020-01-20T18:34:23-08:00]
rchar: 222181304967
wchar: 72284134591
syscr: 26899598
syscw: 2686234
read_bytes: 28166351360
write_bytes: 72291577856
cancelled_write_bytes: 4096

[2020-01-20T18:34:26-08:00]
rchar: 224436705684
wchar: 72570343103
syscr: 27173067
syscw: 2705918
read_bytes: 28325288448
write_bytes: 72578662400
cancelled_write_bytes: 4096

[2020-01-20T18:34:29-08:00]
rchar: 225697188342
wchar: 73019419747
syscr: 27325874
syscw: 2715929
read_bytes: 28365105664
write_bytes: 73026912256
cancelled_write_bytes: 4096

[2020-01-20T18:34:32-08:00]
rchar: 227036956008
wchar: 73421229334
syscr: 27488324
syscw: 2727402
read_bytes: 28411472384
write_bytes: 73428746240
cancelled_write_bytes: 4096

[2020-01-20T18:34:35-08:00]
rchar: 227357666521
wchar: 73713431162
syscr: 27527212
syscw: 2730368
read_bytes: 28421446144
write_bytes: 73720963072
cancelled_write_bytes: 4096

[2020-01-20T18:34:38-08:00]
rchar: 229542228602
wchar: 74296680252
syscr: 27792006
syscw: 2747016
read_bytes: 28488993280
write_bytes: 74304270336
cancelled_write_bytes: 4096

[2020-01-20T18:34:41-08:00]
rchar: 230776359457
wchar: 74755946520
syscr: 27941021
syscw: 2762877
read_bytes: 28556864000
write_bytes: 74763575296
cancelled_write_bytes: 4096

[2020-01-20T18:34:44-08:00]
rchar: 231823203998
wchar: 75139023570
syscr: 28067920
syscw: 2776539
read_bytes: 28618779136
write_bytes: 75146690560
cancelled_write_bytes: 4096

[2020-01-20T18:34:47-08:00]
rchar: 232483299401
wchar: 75525545060
syscr: 28147881
syscw: 2785366
read_bytes: 28653734400
write_bytes: 75533246464
cancelled_write_bytes: 4096

[2020-01-20T18:34:50-08:00]
rchar: 233917138622
wchar: 75939579437
syscr: 28321699
syscw: 2802655
read_bytes: 28725459456
write_bytes: 75947413504
cancelled_write_bytes: 4096

[2020-01-20T18:34:53-08:00]
rchar: 235614334254
wchar: 76380037192
syscr: 28527456
syscw: 2822434
read_bytes: 28816562688
write_bytes: 76387835904
cancelled_write_bytes: 4096

[2020-01-20T18:34:56-08:00]
rchar: 235969880406
wchar: 76603833931
syscr: 28570573
syscw: 2827096
read_bytes: 28833753600
write_bytes: 76611645440
cancelled_write_bytes: 4096

[2020-01-20T18:34:59-08:00]
rchar: 237554886932
wchar: 77008042574
syscr: 28762630
syscw: 2842968
read_bytes: 28903954944
write_bytes: 77015891968
cancelled_write_bytes: 4096

[2020-01-20T18:35:02-08:00]
rchar: 239514418452
wchar: 77433337178
syscr: 29000190
syscw: 2862776
read_bytes: 28992539136
write_bytes: 77441236992
cancelled_write_bytes: 4096

[2020-01-20T18:35:05-08:00]
rchar: 240258575384
wchar: 77610041094
syscr: 29090425
syscw: 2870394
read_bytes: 29025294848
write_bytes: 77617954816
cancelled_write_bytes: 4096

[2020-01-20T18:35:08-08:00]
rchar: 241273806570
wchar: 78308345338
syscr: 29213410
syscw: 2877690
read_bytes: 29070511616
write_bytes: 78316310528
cancelled_write_bytes: 4096

[2020-01-20T18:35:11-08:00]
rchar: 242340826215
wchar: 78875578306
syscr: 29342789
syscw: 2884787
read_bytes: 29144116736
write_bytes: 78883598336
cancelled_write_bytes: 4096

[2020-01-20T18:35:14-08:00]
rchar: 243271673555
wchar: 79318201115
syscr: 29455586
syscw: 2891773
read_bytes: 29233122816
write_bytes: 79326494720
cancelled_write_bytes: 4096

[2020-01-20T18:35:17-08:00]
rchar: 244246992953
wchar: 79736273002
syscr: 29573853
syscw: 2899841
read_bytes: 29354442240
write_bytes: 79744385024
cancelled_write_bytes: 4096

[2020-01-20T18:35:20-08:00]
rchar: 245233163533
wchar: 80189333632
syscr: 29693441
syscw: 2907462
read_bytes: 29464460800
write_bytes: 80197488640
cancelled_write_bytes: 4096

[2020-01-20T18:35:23-08:00]
rchar: 246386535228
wchar: 80711242875
syscr: 29833299
syscw: 2916159
read_bytes: 29615136256
write_bytes: 80719441920
cancelled_write_bytes: 4096

[2020-01-20T18:35:26-08:00]
rchar: 247172439759
wchar: 81062953775
syscr: 29928604
syscw: 2922503
read_bytes: 29700210176
write_bytes: 81071194112
cancelled_write_bytes: 4096

[2020-01-20T18:35:29-08:00]
rchar: 248437822932
wchar: 81707631406
syscr: 30082037
syscw: 2931293
read_bytes: 29832134144
write_bytes: 81715924992
cancelled_write_bytes: 4096

[2020-01-20T18:35:32-08:00]
rchar: 248863000416
wchar: 81909386321
syscr: 30133570
syscw: 2935108
read_bytes: 29875998208
write_bytes: 81917714432
cancelled_write_bytes: 4096

[2020-01-20T18:35:35-08:00]
rchar: 249869322838
wchar: 82452082462
syscr: 30255512
syscw: 2943635
read_bytes: 29981879808
write_bytes: 82460450816
cancelled_write_bytes: 4096

[2020-01-20T18:35:38-08:00]
rchar: 250919889684
wchar: 82905750137
syscr: 30382903
syscw: 2950452
read_bytes: 30083321344
write_bytes: 82914525184
cancelled_write_bytes: 4096

[2020-01-20T18:35:41-08:00]
rchar: 252129488291
wchar: 83464685322
syscr: 30529583
syscw: 2958369
read_bytes: 30177918464
write_bytes: 83473137664
cancelled_write_bytes: 4096

[2020-01-20T18:35:44-08:00]
rchar: 253237600840
wchar: 83978084355
syscr: 30663888
syscw: 2965923
read_bytes: 30264913408
write_bytes: 83986591744
cancelled_write_bytes: 4096

[2020-01-20T18:35:48-08:00]
rchar: 254144224813
wchar: 84411407507
syscr: 30773219
syscw: 2975354
read_bytes: 30419287552
write_bytes: 84419973120
cancelled_write_bytes: 4096

[2020-01-20T18:35:51-08:00]
rchar: 254886991127
wchar: 84798417387
syscr: 30863295
syscw: 2983836
read_bytes: 30533905920
write_bytes: 84807008256
cancelled_write_bytes: 4096

[2020-01-20T18:35:54-08:00]
rchar: 255662883257
wchar: 85174643224
syscr: 30957318
syscw: 2992544
read_bytes: 30677364224
write_bytes: 85183307776
cancelled_write_bytes: 4096

[2020-01-20T18:35:57-08:00]
rchar: 256374069540
wchar: 85614455275
syscr: 31043393
syscw: 3001914
read_bytes: 30787571200
write_bytes: 85623177216
cancelled_write_bytes: 4096

[2020-01-20T18:36:00-08:00]
rchar: 257445659219
wchar: 85896000671
syscr: 31173178
syscw: 3014746
read_bytes: 30903987712
write_bytes: 85904785408
cancelled_write_bytes: 4096

[2020-01-20T18:36:03-08:00]
rchar: 259347239153
wchar: 86196470401
syscr: 31403615
syscw: 3037392
read_bytes: 31051275776
write_bytes: 86205288448
cancelled_write_bytes: 4096

[2020-01-20T18:36:06-08:00]
rchar: 259710078697
wchar: 86496341485
syscr: 31447517
syscw: 3042060
read_bytes: 31064940032
write_bytes: 86505197568
cancelled_write_bytes: 4096

[2020-01-20T18:36:09-08:00]
rchar: 261430733817
wchar: 86943811605
syscr: 31656131
syscw: 3059306
read_bytes: 31123271168
write_bytes: 86952812544
cancelled_write_bytes: 4096

[2020-01-20T18:36:12-08:00]
rchar: 263002301584
wchar: 87394568769
syscr: 31846637
syscw: 3076020
read_bytes: 31176281600
write_bytes: 87403515904
cancelled_write_bytes: 4096

[2020-01-20T18:36:15-08:00]
rchar: 264241914970
wchar: 87743497688
syscr: 31996927
syscw: 3088597
read_bytes: 31219035648
write_bytes: 87752486912
cancelled_write_bytes: 4096

[2020-01-20T18:36:18-08:00]
rchar: 264638835353
wchar: 88068399085
syscr: 32044947
syscw: 3092509
read_bytes: 31229226496
write_bytes: 88077422592
cancelled_write_bytes: 4096

[2020-01-20T18:36:21-08:00]
rchar: 266648878735
wchar: 88540745018
syscr: 32288641
syscw: 3110420
read_bytes: 31290121728
write_bytes: 88549818368
cancelled_write_bytes: 4096

[2020-01-20T18:36:24-08:00]
rchar: 268165410121
wchar: 89038036222
syscr: 32472492
syscw: 3123488
read_bytes: 31329041920
write_bytes: 89047171072
cancelled_write_bytes: 4096

[2020-01-20T18:36:27-08:00]
rchar: 269941175043
wchar: 89624864761
syscr: 32687808
syscw: 3138672
read_bytes: 31375687168
write_bytes: 89634033664
cancelled_write_bytes: 4096

[2020-01-20T18:36:30-08:00]
rchar: 270662878133
wchar: 89978296351
syscr: 32775319
syscw: 3145385
read_bytes: 31395429888
write_bytes: 89987485696
cancelled_write_bytes: 4096

[2020-01-20T18:36:33-08:00]
rchar: 272084507253
wchar: 90445383829
syscr: 32946980
syscw: 3157990
read_bytes: 31432277504
write_bytes: 90454609920
cancelled_write_bytes: 4096

[2020-01-20T18:36:36-08:00]
rchar: 273372476050
wchar: 90863007420
syscr: 33103136
syscw: 3175297
read_bytes: 31493836288
write_bytes: 90872270848
cancelled_write_bytes: 4096

[2020-01-20T18:36:39-08:00]
rchar: 274511553525
wchar: 91287835797
syscr: 33241205
syscw: 3190266
read_bytes: 31545323008
write_bytes: 91297153024
cancelled_write_bytes: 4096

[2020-01-20T18:36:42-08:00]
rchar: 275496784254
wchar: 91775057153
syscr: 33360560
syscw: 3202633
read_bytes: 31584157184
write_bytes: 91784421376
cancelled_write_bytes: 4096

[2020-01-20T18:36:45-08:00]
rchar: 276927023016
wchar: 92216840303
syscr: 33533957
syscw: 3218891
read_bytes: 31637806592
write_bytes: 92226252800
cancelled_write_bytes: 4096

[2020-01-20T18:36:48-08:00]
rchar: 278605180774
wchar: 92747804279
syscr: 33737412
syscw: 3238028
read_bytes: 31700938240
write_bytes: 92757262336
cancelled_write_bytes: 4096

[2020-01-20T18:36:51-08:00]
rchar: 278909253911
wchar: 92991931500
syscr: 33774240
syscw: 3242774
read_bytes: 31714491904
write_bytes: 93001412608
cancelled_write_bytes: 4096

[2020-01-20T18:36:54-08:00]
rchar: 280409447203
wchar: 93400124195
syscr: 33956024
syscw: 3259018
read_bytes: 31762685440
write_bytes: 93409660928
cancelled_write_bytes: 4096

[2020-01-20T18:36:57-08:00]
rchar: 282247627302
wchar: 93895574927
syscr: 34178868
syscw: 3277739
read_bytes: 31824100864
write_bytes: 93905162240
cancelled_write_bytes: 4096

[2020-01-20T18:37:00-08:00]
rchar: 283289103034
wchar: 94146748031
syscr: 34305155
syscw: 3289228
read_bytes: 31860256256
write_bytes: 94156361728
cancelled_write_bytes: 4096

[2020-01-20T18:37:03-08:00]
rchar: 284487994668
wchar: 94644966239
syscr: 34450402
syscw: 3301119
read_bytes: 31895350784
write_bytes: 94654623744
cancelled_write_bytes: 4096

[2020-01-20T18:37:06-08:00]
rchar: 286005842705
wchar: 95051396936
syscr: 34634404
syscw: 3314966
read_bytes: 31935811072
write_bytes: 95061090304
cancelled_write_bytes: 4096

[2020-01-20T18:37:09-08:00]
rchar: 287765373594
wchar: 95570737103
syscr: 34847748
syscw: 3330418
read_bytes: 31980887552
write_bytes: 95580467200
cancelled_write_bytes: 4096

[2020-01-20T18:37:12-08:00]
rchar: 289094777805
wchar: 96039650114
syscr: 35008944
syscw: 3341165
read_bytes: 32012320256
write_bytes: 96049414144
cancelled_write_bytes: 4096

[2020-01-20T18:37:15-08:00]
rchar: 289417905483
wchar: 96295450726
syscr: 35048124
syscw: 3344693
read_bytes: 32021380608
write_bytes: 96305221632
cancelled_write_bytes: 4096

[2020-01-20T18:37:18-08:00]
rchar: 291145326640
wchar: 96818648671
syscr: 35256886
syscw: 3362928
read_bytes: 32078310912
write_bytes: 96828493824
cancelled_write_bytes: 4096

[2020-01-20T18:37:21-08:00]
rchar: 292636273450
wchar: 97324909845
syscr: 35437651
syscw: 3383224
read_bytes: 32146210304
write_bytes: 97334796288
cancelled_write_bytes: 4096

[2020-01-20T18:37:24-08:00]
rchar: 293157167915
wchar: 97575170421
syscr: 35500785
syscw: 3390431
read_bytes: 32166505984
write_bytes: 97585098752
cancelled_write_bytes: 4096

[2020-01-20T18:37:27-08:00]
rchar: 294113665453
wchar: 98005254305
syscr: 35616642
syscw: 3403975
read_bytes: 32203009536
write_bytes: 98015232000
cancelled_write_bytes: 4096

[2020-01-20T18:37:30-08:00]
rchar: 295929131027
wchar: 98494786635
syscr: 35836744
syscw: 3425321
read_bytes: 32270827008
write_bytes: 98504810496
cancelled_write_bytes: 4096

[2020-01-20T18:37:33-08:00]
rchar: 297191381289
wchar: 98925260885
syscr: 35989765
syscw: 3440230
read_bytes: 32317066752
write_bytes: 98935328768
cancelled_write_bytes: 4096

[2020-01-20T18:37:36-08:00]
rchar: 297812877973
wchar: 99234483434
syscr: 36065044
syscw: 3447290
read_bytes: 32336821760
write_bytes: 99244580864
cancelled_write_bytes: 4096

[2020-01-20T18:37:39-08:00]
rchar: 299924204285
wchar: 99753028573
syscr: 36321008
syscw: 3468875
read_bytes: 32404086272
write_bytes: 99763167232
cancelled_write_bytes: 4096

[2020-01-20T18:37:42-08:00]
rchar: 301433322920
wchar: 99960846862
syscr: 36503946
syscw: 3485691
read_bytes: 32485486080
write_bytes: 99971006464
cancelled_write_bytes: 4096

[2020-01-20T18:37:45-08:00]
rchar: 302712482192
wchar: 100594835512
syscr: 36658988
syscw: 3496888
read_bytes: 32604737024
write_bytes: 100605861888
cancelled_write_bytes: 4096

[2020-01-20T18:37:48-08:00]
rchar: 303784329736
wchar: 101001823524
syscr: 36788955
syscw: 3506301
read_bytes: 32713891328
write_bytes: 101012066304
cancelled_write_bytes: 4096

[2020-01-20T18:37:51-08:00]
rchar: 304929747759
wchar: 101460748355
syscr: 36927845
syscw: 3515319
read_bytes: 32838393344
write_bytes: 101470978048
cancelled_write_bytes: 4096

[2020-01-20T18:37:54-08:00]
rchar: 306306214428
wchar: 102038358849
syscr: 37094753
syscw: 3525578
read_bytes: 32997445120
write_bytes: 102048616448
cancelled_write_bytes: 4096

[2020-01-20T18:37:57-08:00]
rchar: 307024667078
wchar: 102319409414
syscr: 37181895
syscw: 3531600
read_bytes: 33064529408
write_bytes: 102329810944
cancelled_write_bytes: 4096

[2020-01-20T18:38:00-08:00]
rchar: 308496708630
wchar: 102946416728
syscr: 37360390
syscw: 3542005
read_bytes: 33234009600
write_bytes: 102958239744
cancelled_write_bytes: 4096

[2020-01-20T18:38:03-08:00]
rchar: 308917235489
wchar: 103104282363
syscr: 37411383
syscw: 3546093
read_bytes: 33271262720
write_bytes: 103115628544
cancelled_write_bytes: 4096

[2020-01-20T18:38:06-08:00]
rchar: 309993937984
wchar: 103663784059
syscr: 37541940
syscw: 3555710
read_bytes: 33377504768
write_bytes: 103674216448
cancelled_write_bytes: 4096

[2020-01-20T18:38:09-08:00]
rchar: 311300873236
wchar: 104140552014
syscr: 37700332
syscw: 3565051
read_bytes: 33502633472
write_bytes: 104151015424
cancelled_write_bytes: 4096

[2020-01-20T18:38:12-08:00]
rchar: 312502816272
wchar: 104581578907
syscr: 37846093
syscw: 3573771
read_bytes: 33615834624
write_bytes: 104592158720
cancelled_write_bytes: 4096

[2020-01-20T18:38:15-08:00]
rchar: 313745452113
wchar: 105065643840
syscr: 37996772
syscw: 3582736
read_bytes: 33723014656
write_bytes: 105076244480
cancelled_write_bytes: 4096

[2020-01-20T18:38:18-08:00]
rchar: 315303384275
wchar: 105684265543
syscr: 38185641
syscw: 3593495
read_bytes: 33868021248
write_bytes: 105694887936
cancelled_write_bytes: 4096

[2020-01-20T18:38:21-08:00]
rchar: 316448189994
wchar: 106116466280
syscr: 38324397
syscw: 3601945
read_bytes: 33966390784
write_bytes: 106127147008
cancelled_write_bytes: 4096

[2020-01-20T18:38:24-08:00]
rchar: 317159046460
wchar: 106403178654
syscr: 38410607
syscw: 3608266
read_bytes: 34017103360
write_bytes: 106413944832
cancelled_write_bytes: 4096

[2020-01-20T18:38:27-08:00]
rchar: 318504450077
wchar: 106989135892
syscr: 38573063
syscw: 3619486
read_bytes: 34164309504
write_bytes: 107002015744
cancelled_write_bytes: 4096

[2020-01-20T18:38:30-08:00]
rchar: 319774072044
wchar: 107541698109
syscr: 38727019
syscw: 3631322
read_bytes: 34342845952
write_bytes: 107552526336
cancelled_write_bytes: 4096

[2020-01-20T18:38:33-08:00]
rchar: 320731211550
wchar: 107923371678
syscr: 38843067
syscw: 3641428
read_bytes: 34465947136
write_bytes: 107935260672
cancelled_write_bytes: 4096

[2020-01-20T18:38:36-08:00]
rchar: 322153425040
wchar: 108533264276
syscr: 39015526
syscw: 3655014
read_bytes: 34660355584
write_bytes: 108544204800
cancelled_write_bytes: 4096

[2020-01-20T18:38:39-08:00]
rchar: 322756685840
wchar: 108759451112
syscr: 39088680
syscw: 3662565
read_bytes: 34733366784
write_bytes: 108770902016
cancelled_write_bytes: 4096

[2020-01-20T18:38:42-08:00]
rchar: 323715821093
wchar: 109270974053
syscr: 39204915
syscw: 3673012
read_bytes: 34841677312
write_bytes: 109282017280
cancelled_write_bytes: 4096

[2020-01-20T18:38:45-08:00]
rchar: 324976493790
wchar: 109721474901
syscr: 39357739
syscw: 3684484
read_bytes: 34984398336
write_bytes: 109732519936
cancelled_write_bytes: 4096

[2020-01-20T18:38:48-08:00]
rchar: 326466454444
wchar: 110169423014
syscr: 39537996
syscw: 3698960
read_bytes: 35124190720
write_bytes: 110180585472
cancelled_write_bytes: 4096

[2020-01-20T18:38:51-08:00]
rchar: 327827297618
wchar: 110369854562
syscr: 39702754
syscw: 3712376
read_bytes: 35174252032
write_bytes: 110381064192
cancelled_write_bytes: 4096

[2020-01-20T18:38:54-08:00]
rchar: 328798009866
wchar: 110733039980
syscr: 39820351
syscw: 3722837
read_bytes: 35195203072
write_bytes: 110744440832
cancelled_write_bytes: 4096

[2020-01-20T18:38:57-08:00]
rchar: 331478742004
wchar: 111236712154
syscr: 40145357
syscw: 3748597
read_bytes: 35250134528
write_bytes: 111248035840
cancelled_write_bytes: 4096

[2020-01-20T18:39:00-08:00]
rchar: 332949719819
wchar: 111561127494
syscr: 40323681
syscw: 3762792
read_bytes: 35278515712
write_bytes: 111572484096
cancelled_write_bytes: 4096

[2020-01-20T18:39:03-08:00]
rchar: 333420379699
wchar: 111880911627
syscr: 40380668
syscw: 3767562
read_bytes: 35286433280
write_bytes: 111892291584
cancelled_write_bytes: 4096

[2020-01-20T18:39:06-08:00]
rchar: 336031980110
wchar: 112393414433
syscr: 40697290
syscw: 3788422
read_bytes: 35330248192
write_bytes: 112404832256
cancelled_write_bytes: 4096

[2020-01-20T18:39:09-08:00]
rchar: 337865645403
wchar: 112793775319
syscr: 40919620
syscw: 3803556
read_bytes: 35360587264
write_bytes: 112805224448
cancelled_write_bytes: 4096

[2020-01-20T18:39:12-08:00]
rchar: 339375402731
wchar: 113245323239
syscr: 41102679
syscw: 3815782
read_bytes: 35385249280
write_bytes: 113256968192
cancelled_write_bytes: 4096

[2020-01-20T18:39:15-08:00]
rchar: 340663378288
wchar: 113559971518
syscr: 41258759
syscw: 3825622
read_bytes: 35404930560
write_bytes: 113571463168
cancelled_write_bytes: 4096

[2020-01-20T18:39:18-08:00]
rchar: 343092577495
wchar: 114081967244
syscr: 41553297
syscw: 3842993
read_bytes: 35440287232
write_bytes: 114093494272
cancelled_write_bytes: 4096

[2020-01-20T18:39:21-08:00]
rchar: 344882620342
wchar: 114490884747
syscr: 41769563
syscw: 3861092
read_bytes: 35479330304
write_bytes: 114503471104
cancelled_write_bytes: 4096

[2020-01-20T18:39:24-08:00]
rchar: 345430919574
wchar: 114860692409
syscr: 41835938
syscw: 3869381
read_bytes: 35495476736
write_bytes: 114872295424
cancelled_write_bytes: 4096

[2020-01-20T18:39:27-08:00]
rchar: 347079202438
wchar: 115256291310
syscr: 42035775
syscw: 3888990
read_bytes: 35539533312
write_bytes: 115268169728
cancelled_write_bytes: 4096

[2020-01-20T18:39:30-08:00]
rchar: 348791113511
wchar: 115730679423
syscr: 42243324
syscw: 3909299
read_bytes: 35584204288
write_bytes: 115742380032
cancelled_write_bytes: 4096

[2020-01-20T18:39:33-08:00]
rchar: 349307650503
wchar: 116042531956
syscr: 42305841
syscw: 3916895
read_bytes: 35597659648
write_bytes: 116054269952
cancelled_write_bytes: 4096

[2020-01-20T18:39:36-08:00]
rchar: 351482544510
wchar: 116553495894
syscr: 42569534
syscw: 3940521
read_bytes: 35644423680
write_bytes: 116565282816
cancelled_write_bytes: 4096

[2020-01-20T18:39:39-08:00]
rchar: 353231262149
wchar: 116952544815
syscr: 42781526
syscw: 3959051
read_bytes: 35682885120
write_bytes: 116964380672
cancelled_write_bytes: 4096

[2020-01-20T18:39:42-08:00]
rchar: 353626093856
wchar: 117282210893
syscr: 42829404
syscw: 3963425
read_bytes: 35689463296
write_bytes: 117294063616
cancelled_write_bytes: 4096

[2020-01-20T18:39:45-08:00]
rchar: 354599892538
wchar: 117757870944
syscr: 42947366
syscw: 3970384
read_bytes: 35701534208
write_bytes: 117769756672
cancelled_write_bytes: 4096

[2020-01-20T18:39:48-08:00]
rchar: 355519822210
wchar: 118227364801
syscr: 43058921
syscw: 3976662
read_bytes: 35711675904
write_bytes: 118239285248
cancelled_write_bytes: 4096

[2020-01-20T18:39:51-08:00]
rchar: 356543497084
wchar: 118795982489
syscr: 43183062
syscw: 3983162
read_bytes: 35721825792
write_bytes: 118807965696
cancelled_write_bytes: 4096

[2020-01-20T18:39:54-08:00]
rchar: 357259620767
wchar: 119193334794
syscr: 43269901
syscw: 3987673
read_bytes: 35728498176
write_bytes: 119205339136
cancelled_write_bytes: 4096

[2020-01-20T18:39:57-08:00]
rchar: 358408598580
wchar: 119714511367
syscr: 43408972
syscw: 3996191
read_bytes: 35783446016
write_bytes: 119726637056
cancelled_write_bytes: 4096

[2020-01-20T18:40:00-08:00]
rchar: 359737126153
wchar: 120246566340
syscr: 43570067
syscw: 4007019
read_bytes: 35878493696
write_bytes: 120258715648
cancelled_write_bytes: 4096

[2020-01-20T18:40:03-08:00]
rchar: 360858152132
wchar: 120664611338
syscr: 43705998
syscw: 4017142
read_bytes: 35957243392
write_bytes: 120676769792
cancelled_write_bytes: 4096

[2020-01-20T18:40:06-08:00]
rchar: 361661923133
wchar: 121023113444
syscr: 43803462
syscw: 4024879
read_bytes: 36007620096
write_bytes: 121035292672
cancelled_write_bytes: 4096

[2020-01-20T18:40:09-08:00]
rchar: 362761986836
wchar: 121477573514
syscr: 43936776
syscw: 4034798
read_bytes: 36077485568
write_bytes: 121489801216
cancelled_write_bytes: 4096

[2020-01-20T18:40:12-08:00]
rchar: 363989597114
wchar: 121882339177
syscr: 44085638
syscw: 4044827
read_bytes: 36152086016
write_bytes: 121894653952
cancelled_write_bytes: 4096

[2020-01-20T18:40:15-08:00]
rchar: 365690429490
wchar: 122499454732
syscr: 44291873
syscw: 4057349
read_bytes: 36262632960
write_bytes: 122511773696
cancelled_write_bytes: 4096

[2020-01-20T18:40:18-08:00]
rchar: 367191590941
wchar: 122997191283
syscr: 44473897
syscw: 4069507
read_bytes: 36362276352
write_bytes: 123009531904
cancelled_write_bytes: 4096

[2020-01-20T18:40:21-08:00]
rchar: 368256303733
wchar: 123358806191
syscr: 44602997
syscw: 4078270
read_bytes: 36419669504
write_bytes: 123371220992
cancelled_write_bytes: 4096

[2020-01-20T18:40:24-08:00]
rchar: 369141379366
wchar: 123732294109
syscr: 44710320
syscw: 4087074
read_bytes: 36466126336
write_bytes: 123744743424
cancelled_write_bytes: 4096

[2020-01-20T18:40:27-08:00]
rchar: 370318051660
wchar: 124163815551
syscr: 44852286
syscw: 4097571
read_bytes: 36570377728
write_bytes: 124176293888
cancelled_write_bytes: 4096

[2020-01-20T18:40:30-08:00]
rchar: 371488046689
wchar: 124577519553
syscr: 44994162
syscw: 4110374
read_bytes: 36685827584
write_bytes: 124591005696
cancelled_write_bytes: 4096

[2020-01-20T18:40:33-08:00]
rchar: 372487254718
wchar: 124933248574
syscr: 45115338
syscw: 4121992
read_bytes: 36784709120
write_bytes: 124945825792
cancelled_write_bytes: 4096

[2020-01-20T18:40:36-08:00]
rchar: 373544948845
wchar: 125474527134
syscr: 45243566
syscw: 4131448
read_bytes: 36933082624
write_bytes: 125487120384
cancelled_write_bytes: 4096

[2020-01-20T18:40:39-08:00]
rchar: 373908317039
wchar: 125714788322
syscr: 45287649
syscw: 4133830
read_bytes: 36996234752
write_bytes: 125727449088
cancelled_write_bytes: 4096

[2020-01-20T18:40:42-08:00]
rchar: 373908317039
wchar: 125714799351
syscr: 45287649
syscw: 4133835
read_bytes: 36996234752
write_bytes: 125727477760
cancelled_write_bytes: 4096

[2020-01-20T18:40:45-08:00]
rchar: 373908317039
wchar: 125714799351
syscr: 45287649
syscw: 4133835
read_bytes: 36996234752
write_bytes: 125727477760
cancelled_write_bytes: 4096

[2020-01-20T18:40:48-08:00]
rchar: 373908317039
wchar: 125714799351
syscr: 45287649
syscw: 4133835
read_bytes: 36996234752
write_bytes: 125727477760
cancelled_write_bytes: 4096

[2020-01-20T18:40:51-08:00]
rchar: 373908317039
wchar: 125714799351
syscr: 45287649
syscw: 4133835
read_bytes: 36996234752
write_bytes: 125727477760
cancelled_write_bytes: 4096

[2020-01-20T18:40:54-08:00]
rchar: 373908317039
wchar: 125714799351
syscr: 45287649
syscw: 4133835
read_bytes: 36996234752
write_bytes: 125727477760
cancelled_write_bytes: 4096

[2020-01-20T18:40:57-08:00]
rchar: 373908317039
wchar: 125714799351
syscr: 45287649
syscw: 4133835
read_bytes: 36996234752
write_bytes: 125727477760
cancelled_write_bytes: 4096

[2020-01-20T18:41:00-08:00]
rchar: 373908317039
wchar: 125714799351
syscr: 45287649
syscw: 4133835
read_bytes: 36996234752
write_bytes: 125727485952
cancelled_write_bytes: 4096

[2020-01-20T18:41:03-08:00]
rchar: 373908317039
wchar: 125714799351
syscr: 45287649
syscw: 4133835
read_bytes: 36996234752
write_bytes: 125727485952
cancelled_write_bytes: 4096

