[2020-01-17T16:01:12-08:00]
rchar: 16583887
wchar: 209
syscr: 2824
syscw: 10
read_bytes: 704512
write_bytes: 53248
cancelled_write_bytes: 0

[2020-01-17T16:01:15-08:00]
rchar: 16583887
wchar: 209
syscr: 2824
syscw: 10
read_bytes: 704512
write_bytes: 53248
cancelled_write_bytes: 0

[2020-01-17T16:01:18-08:00]
rchar: 16583887
wchar: 209
syscr: 2824
syscw: 10
read_bytes: 704512
write_bytes: 53248
cancelled_write_bytes: 0

[2020-01-17T16:01:21-08:00]
rchar: 16583887
wchar: 209
syscr: 2824
syscw: 10
read_bytes: 704512
write_bytes: 53248
cancelled_write_bytes: 0

[2020-01-17T16:01:24-08:00]
rchar: 16583887
wchar: 209
syscr: 2824
syscw: 10
read_bytes: 704512
write_bytes: 61440
cancelled_write_bytes: 0

[2020-01-17T16:01:27-08:00]
rchar: 16583887
wchar: 209
syscr: 2824
syscw: 10
read_bytes: 704512
write_bytes: 61440
cancelled_write_bytes: 0

[2020-01-17T16:01:30-08:00]
rchar: 16583887
wchar: 209
syscr: 2824
syscw: 10
read_bytes: 704512
write_bytes: 61440
cancelled_write_bytes: 0

[2020-01-17T16:01:33-08:00]
rchar: 16583887
wchar: 209
syscr: 2824
syscw: 10
read_bytes: 704512
write_bytes: 69632
cancelled_write_bytes: 0

[2020-01-17T16:01:36-08:00]
rchar: 16583887
wchar: 209
syscr: 2824
syscw: 10
read_bytes: 704512
write_bytes: 69632
cancelled_write_bytes: 0

[2020-01-17T16:01:39-08:00]
rchar: 16583887
wchar: 209
syscr: 2824
syscw: 10
read_bytes: 704512
write_bytes: 77824
cancelled_write_bytes: 0

[2020-01-17T16:01:42-08:00]
rchar: 16583887
wchar: 209
syscr: 2824
syscw: 10
read_bytes: 704512
write_bytes: 77824
cancelled_write_bytes: 0

[2020-01-17T16:01:45-08:00]
rchar: 16583887
wchar: 209
syscr: 2824
syscw: 10
read_bytes: 704512
write_bytes: 86016
cancelled_write_bytes: 0

[2020-01-17T16:01:48-08:00]
rchar: 16583887
wchar: 209
syscr: 2824
syscw: 10
read_bytes: 704512
write_bytes: 86016
cancelled_write_bytes: 0

[2020-01-17T16:01:51-08:00]
rchar: 16583887
wchar: 209
syscr: 2824
syscw: 10
read_bytes: 704512
write_bytes: 94208
cancelled_write_bytes: 0

[2020-01-17T16:01:54-08:00]
rchar: 16583887
wchar: 209
syscr: 2824
syscw: 10
read_bytes: 704512
write_bytes: 94208
cancelled_write_bytes: 0

[2020-01-17T16:01:57-08:00]
rchar: 16583887
wchar: 209
syscr: 2824
syscw: 10
read_bytes: 704512
write_bytes: 102400
cancelled_write_bytes: 0

[2020-01-17T16:02:00-08:00]
rchar: 16583887
wchar: 209
syscr: 2824
syscw: 10
read_bytes: 704512
write_bytes: 118784
cancelled_write_bytes: 0

[2020-01-17T16:02:03-08:00]
rchar: 16583887
wchar: 209
syscr: 2824
syscw: 10
read_bytes: 704512
write_bytes: 118784
cancelled_write_bytes: 0

[2020-01-17T16:02:06-08:00]
rchar: 346657493
wchar: 246254764
syscr: 14423
syscw: 1523
read_bytes: 338733568
write_bytes: 246431744
cancelled_write_bytes: 0

[2020-01-17T16:02:09-08:00]
rchar: 467219963
wchar: 287056989
syscr: 29046
syscw: 12215
read_bytes: 512477696
write_bytes: 287272960
cancelled_write_bytes: 0

[2020-01-17T16:02:12-08:00]
rchar: 640590268
wchar: 349355743
syscr: 50072
syscw: 28162
read_bytes: 759003648
write_bytes: 349573120
cancelled_write_bytes: 0

[2020-01-17T16:02:15-08:00]
rchar: 811816525
wchar: 414203889
syscr: 70839
syscw: 44853
read_bytes: 1000151552
write_bytes: 414420992
cancelled_write_bytes: 0

[2020-01-17T16:02:18-08:00]
rchar: 973605227
wchar: 477180306
syscr: 90460
syscw: 60948
read_bytes: 1225988608
write_bytes: 477396992
cancelled_write_bytes: 0

[2020-01-17T16:02:21-08:00]
rchar: 1058010496
wchar: 681459713
syscr: 100616
syscw: 69039
read_bytes: 1335032320
write_bytes: 681709568
cancelled_write_bytes: 0

[2020-01-17T16:02:24-08:00]
rchar: 1423431735
wchar: 746027362
syscr: 144925
syscw: 85703
read_bytes: 1559026176
write_bytes: 746287104
cancelled_write_bytes: 0

[2020-01-17T16:02:27-08:00]
rchar: 1773479197
wchar: 809999914
syscr: 187371
syscw: 102232
read_bytes: 1776523776
write_bytes: 810262528
cancelled_write_bytes: 0

[2020-01-17T16:02:30-08:00]
rchar: 2124413217
wchar: 874171246
syscr: 229923
syscw: 118832
read_bytes: 1996171776
write_bytes: 874430464
cancelled_write_bytes: 0

[2020-01-17T16:02:33-08:00]
rchar: 2415723077
wchar: 929167659
syscr: 265247
syscw: 132966
read_bytes: 2178398720
write_bytes: 929431552
cancelled_write_bytes: 0

[2020-01-17T16:02:36-08:00]
rchar: 2757617632
wchar: 1144173826
syscr: 306620
syscw: 143962
read_bytes: 2315323904
write_bytes: 1144455168
cancelled_write_bytes: 0

[2020-01-17T16:02:39-08:00]
rchar: 3300546939
wchar: 1208908255
syscr: 372449
syscw: 160740
read_bytes: 2526956032
write_bytes: 1209188352
cancelled_write_bytes: 0

[2020-01-17T16:02:42-08:00]
rchar: 3834156054
wchar: 1274407192
syscr: 437151
syscw: 177674
read_bytes: 2735413760
write_bytes: 1274695680
cancelled_write_bytes: 0

[2020-01-17T16:02:45-08:00]
rchar: 4352329644
wchar: 1339125663
syscr: 499978
syscw: 194479
read_bytes: 2938538496
write_bytes: 1339412480
cancelled_write_bytes: 0

[2020-01-17T16:02:48-08:00]
rchar: 4617802880
wchar: 1541757522
syscr: 532085
syscw: 202267
read_bytes: 3031099904
write_bytes: 1542057984
cancelled_write_bytes: 0

[2020-01-17T16:02:51-08:00]
rchar: 5320421068
wchar: 1603783618
syscr: 617275
syscw: 218380
read_bytes: 3225930240
write_bytes: 1604083712
cancelled_write_bytes: 0

[2020-01-17T16:02:54-08:00]
rchar: 6028296598
wchar: 1667807367
syscr: 703103
syscw: 235004
read_bytes: 3423484416
write_bytes: 1668128768
cancelled_write_bytes: 0

[2020-01-17T16:02:57-08:00]
rchar: 6729185845
wchar: 1733159018
syscr: 788083
syscw: 251996
read_bytes: 3619088896
write_bytes: 1733480448
cancelled_write_bytes: 0

[2020-01-17T16:03:00-08:00]
rchar: 7281820785
wchar: 1784480980
syscr: 855089
syscw: 265300
read_bytes: 3774409216
write_bytes: 1784803328
cancelled_write_bytes: 0

[2020-01-17T16:03:03-08:00]
rchar: 7912337554
wchar: 2374156304
syscr: 931457
syscw: 269691
read_bytes: 3818990080
write_bytes: 2374520832
cancelled_write_bytes: 0

[2020-01-17T16:03:06-08:00]
rchar: 8319641306
wchar: 2638856892
syscr: 980844
syscw: 272469
read_bytes: 3876428288
write_bytes: 2639245312
cancelled_write_bytes: 0

[2020-01-17T16:03:09-08:00]
rchar: 9080431208
wchar: 3012467031
syscr: 1073099
syscw: 280535
read_bytes: 4167731712
write_bytes: 3012886528
cancelled_write_bytes: 0

[2020-01-17T16:03:12-08:00]
rchar: 9646143244
wchar: 3423687249
syscr: 1141203
syscw: 288682
read_bytes: 4256578048
write_bytes: 3424210944
cancelled_write_bytes: 0

[2020-01-17T16:03:15-08:00]
rchar: 9986145068
wchar: 3492213947
syscr: 1182434
syscw: 304944
read_bytes: 4440934912
write_bytes: 3492769792
cancelled_write_bytes: 0

[2020-01-17T16:03:18-08:00]
rchar: 10331674087
wchar: 3558460886
syscr: 1224332
syscw: 322052
read_bytes: 4633647616
write_bytes: 3559034880
cancelled_write_bytes: 0

[2020-01-17T16:03:21-08:00]
rchar: 10553629857
wchar: 3694795776
syscr: 1251249
syscw: 333245
read_bytes: 4758157824
write_bytes: 3696242688
cancelled_write_bytes: 0

[2020-01-17T16:03:24-08:00]
rchar: 11006107471
wchar: 3828284969
syscr: 1306029
syscw: 347382
read_bytes: 4914702848
write_bytes: 3828875264
cancelled_write_bytes: 0

[2020-01-17T16:03:27-08:00]
rchar: 11555966009
wchar: 3895636831
syscr: 1372701
syscw: 364813
read_bytes: 5106080256
write_bytes: 3896225792
cancelled_write_bytes: 0

[2020-01-17T16:03:30-08:00]
rchar: 12092863392
wchar: 3962215277
syscr: 1437803
syscw: 382032
read_bytes: 5294516736
write_bytes: 3962806272
cancelled_write_bytes: 0

[2020-01-17T16:03:33-08:00]
rchar: 12576514903
wchar: 4024168764
syscr: 1496449
syscw: 397991
read_bytes: 5463525888
write_bytes: 4024762368
cancelled_write_bytes: 0

[2020-01-17T16:03:36-08:00]
rchar: 12967097449
wchar: 4234245219
syscr: 1543723
syscw: 407617
read_bytes: 5564815872
write_bytes: 4234850304
cancelled_write_bytes: 0

[2020-01-17T16:03:39-08:00]
rchar: 13691173576
wchar: 4300996778
syscr: 1631515
syscw: 424857
read_bytes: 5746375168
write_bytes: 4301602816
cancelled_write_bytes: 0

[2020-01-17T16:03:42-08:00]
rchar: 14406519406
wchar: 4366612173
syscr: 1718252
syscw: 441861
read_bytes: 5926767104
write_bytes: 4367216640
cancelled_write_bytes: 0

[2020-01-17T16:03:45-08:00]
rchar: 15101163462
wchar: 4431676861
syscr: 1802478
syscw: 458693
read_bytes: 6102280704
write_bytes: 4432281600
cancelled_write_bytes: 0

[2020-01-17T16:03:48-08:00]
rchar: 15347777067
wchar: 4626610620
syscr: 1832382
syscw: 464864
read_bytes: 6164216320
write_bytes: 4627222528
cancelled_write_bytes: 0

[2020-01-17T16:03:51-08:00]
rchar: 16034421901
wchar: 4676951572
syscr: 1915552
syscw: 477936
read_bytes: 6296562176
write_bytes: 4677595136
cancelled_write_bytes: 0

[2020-01-17T16:03:54-08:00]
rchar: 16886077751
wchar: 4739142859
syscr: 2018812
syscw: 494076
read_bytes: 6462978560
write_bytes: 4739784704
cancelled_write_bytes: 0

[2020-01-17T16:03:57-08:00]
rchar: 17743766184
wchar: 4802492303
syscr: 2122806
syscw: 510513
read_bytes: 6631184896
write_bytes: 4803137536
cancelled_write_bytes: 0

[2020-01-17T16:04:00-08:00]
rchar: 18586335996
wchar: 4866216370
syscr: 2224966
syscw: 526967
read_bytes: 6797847040
write_bytes: 4866863104
cancelled_write_bytes: 0

[2020-01-17T16:04:03-08:00]
rchar: 19006769017
wchar: 5202193235
syscr: 2275863
syscw: 532107
read_bytes: 6846781952
write_bytes: 5202866176
cancelled_write_bytes: 0

[2020-01-17T16:04:06-08:00]
rchar: 19972364428
wchar: 5849737434
syscr: 2392947
syscw: 537020
read_bytes: 6890023424
write_bytes: 5850460160
cancelled_write_bytes: 0

[2020-01-17T16:04:10-08:00]
rchar: 20756768380
wchar: 6368420356
syscr: 2487546
syscw: 543868
read_bytes: 6953503232
write_bytes: 6369210368
cancelled_write_bytes: 0

[2020-01-17T16:04:13-08:00]
rchar: 21238082460
wchar: 6694219200
syscr: 2545891
syscw: 551424
read_bytes: 7069288960
write_bytes: 6695071744
cancelled_write_bytes: 0

[2020-01-17T16:04:16-08:00]
rchar: 21665270904
wchar: 7013752733
syscr: 2597666
syscw: 556852
read_bytes: 7121431040
write_bytes: 7014674432
cancelled_write_bytes: 0

[2020-01-17T16:04:19-08:00]
rchar: 22034968287
wchar: 7082424793
syscr: 2642498
syscw: 574542
read_bytes: 7295728128
write_bytes: 7083364352
cancelled_write_bytes: 0

[2020-01-17T16:04:22-08:00]
rchar: 22412829940
wchar: 7152865406
syscr: 2688317
syscw: 592732
read_bytes: 7474797056
write_bytes: 7153815552
cancelled_write_bytes: 0

[2020-01-17T16:04:25-08:00]
rchar: 22626377183
wchar: 7358870700
syscr: 2714130
syscw: 601399
read_bytes: 7559453184
write_bytes: 7359840256
cancelled_write_bytes: 0

[2020-01-17T16:04:28-08:00]
rchar: 23212038792
wchar: 7427240212
syscr: 2785142
syscw: 619103
read_bytes: 7732709888
write_bytes: 7428210688
cancelled_write_bytes: 0

[2020-01-17T16:04:31-08:00]
rchar: 23781089290
wchar: 7496535012
syscr: 2854143
syscw: 636980
read_bytes: 7903738368
write_bytes: 7497502720
cancelled_write_bytes: 0

[2020-01-17T16:04:34-08:00]
rchar: 24336168491
wchar: 7564556228
syscr: 2921448
syscw: 654549
read_bytes: 8073165312
write_bytes: 7565524992
cancelled_write_bytes: 0

[2020-01-17T16:04:37-08:00]
rchar: 24632015138
wchar: 7774064826
syscr: 2957323
syscw: 664205
read_bytes: 8163154432
write_bytes: 7775039488
cancelled_write_bytes: 0

[2020-01-17T16:04:40-08:00]
rchar: 25353599280
wchar: 7838404809
syscr: 3044730
syscw: 680859
read_bytes: 8319998464
write_bytes: 7839391744
cancelled_write_bytes: 0

[2020-01-17T16:04:43-08:00]
rchar: 26093494295
wchar: 7905736130
syscr: 3134443
syscw: 698280
read_bytes: 8481131008
write_bytes: 7906721792
cancelled_write_bytes: 0

[2020-01-17T16:04:46-08:00]
rchar: 26816456793
wchar: 7973125412
syscr: 3222103
syscw: 715722
read_bytes: 8641214976
write_bytes: 7974113280
cancelled_write_bytes: 0

[2020-01-17T16:04:49-08:00]
rchar: 27360408536
wchar: 8023213688
syscr: 3288059
syscw: 728638
read_bytes: 8761674240
write_bytes: 8024203264
cancelled_write_bytes: 0

[2020-01-17T16:04:52-08:00]
rchar: 28029798844
wchar: 8244709625
syscr: 3369137
syscw: 741204
read_bytes: 8878123520
write_bytes: 8245731328
cancelled_write_bytes: 0

[2020-01-17T16:04:55-08:00]
rchar: 28916730536
wchar: 8309643190
syscr: 3476674
syscw: 758065
read_bytes: 9029978624
write_bytes: 8310661120
cancelled_write_bytes: 0

[2020-01-17T16:04:58-08:00]
rchar: 29807241644
wchar: 8374922917
syscr: 3584647
syscw: 774943
read_bytes: 9183480320
write_bytes: 8375951360
cancelled_write_bytes: 0

[2020-01-17T16:05:01-08:00]
rchar: 30675483536
wchar: 8439730183
syscr: 3689919
syscw: 791657
read_bytes: 9333676544
write_bytes: 8440758272
cancelled_write_bytes: 0

[2020-01-17T16:05:04-08:00]
rchar: 31138345954
wchar: 8779083504
syscr: 3745960
syscw: 797431
read_bytes: 9383258624
write_bytes: 8780853248
cancelled_write_bytes: 0

[2020-01-17T16:05:07-08:00]
rchar: 31559461640
wchar: 9078976970
syscr: 3797025
syscw: 799337
read_bytes: 9397672448
write_bytes: 9080049664
cancelled_write_bytes: 0

[2020-01-17T16:05:10-08:00]
rchar: 32544865123
wchar: 9741069112
syscr: 3916512
syscw: 804337
read_bytes: 9437280768
write_bytes: 9742184448
cancelled_write_bytes: 0

[2020-01-17T16:05:13-08:00]
rchar: 33208645140
wchar: 10152073683
syscr: 3996462
syscw: 813670
read_bytes: 9571453440
write_bytes: 10153234432
cancelled_write_bytes: 0

[2020-01-17T16:05:16-08:00]
rchar: 33838888369
wchar: 10599081369
syscr: 4072837
syscw: 822132
read_bytes: 9680206336
write_bytes: 10600308736
cancelled_write_bytes: 0

[2020-01-17T16:05:19-08:00]
rchar: 34375534993
wchar: 10908813642
syscr: 4137895
syscw: 833637
read_bytes: 9924508160
write_bytes: 10910072832
cancelled_write_bytes: 0

[2020-01-17T16:05:22-08:00]
rchar: 34777317192
wchar: 11134583356
syscr: 4186594
syscw: 842296
read_bytes: 10122304000
write_bytes: 11135864832
cancelled_write_bytes: 0

[2020-01-17T16:05:25-08:00]
rchar: 35414941459
wchar: 11616780974
syscr: 4263866
syscw: 849758
read_bytes: 10196863488
write_bytes: 11618127872
cancelled_write_bytes: 0

[2020-01-17T16:05:28-08:00]
rchar: 35710016217
wchar: 11688241104
syscr: 4299621
syscw: 862792
read_bytes: 10310490624
write_bytes: 11689619456
cancelled_write_bytes: 0

[2020-01-17T16:05:31-08:00]
rchar: 36114412361
wchar: 11909502934
syscr: 4348572
syscw: 875426
read_bytes: 10419440128
write_bytes: 11910897664
cancelled_write_bytes: 0

[2020-01-17T16:05:34-08:00]
rchar: 36713415067
wchar: 11981456272
syscr: 4421203
syscw: 893957
read_bytes: 10578635264
write_bytes: 11982852096
cancelled_write_bytes: 0

[2020-01-17T16:05:37-08:00]
rchar: 37301262517
wchar: 12052652872
syscr: 4492483
syscw: 912293
read_bytes: 10735680000
write_bytes: 12054052864
cancelled_write_bytes: 0

[2020-01-17T16:05:40-08:00]
rchar: 37802269031
wchar: 12114142548
syscr: 4553233
syscw: 928105
read_bytes: 10870290944
write_bytes: 12115542016
cancelled_write_bytes: 0

[2020-01-17T16:05:43-08:00]
rchar: 38249470785
wchar: 12328684229
syscr: 4607373
syscw: 938897
read_bytes: 10959235584
write_bytes: 12330094592
cancelled_write_bytes: 0

[2020-01-17T16:05:46-08:00]
rchar: 39015982877
wchar: 12397436634
syscr: 4700312
syscw: 956604
read_bytes: 11107658240
write_bytes: 12398845952
cancelled_write_bytes: 0

[2020-01-17T16:05:49-08:00]
rchar: 39768428289
wchar: 12466304818
syscr: 4791547
syscw: 974337
read_bytes: 11253787136
write_bytes: 12467720192
cancelled_write_bytes: 0

[2020-01-17T16:05:52-08:00]
rchar: 40524786558
wchar: 12535653358
syscr: 4883254
syscw: 992228
read_bytes: 11403807232
write_bytes: 12537069568
cancelled_write_bytes: 0

[2020-01-17T16:05:55-08:00]
rchar: 40928623808
wchar: 12740609928
syscr: 4932137
syscw: 1000326
read_bytes: 11470621184
write_bytes: 12742057984
cancelled_write_bytes: 0

[2020-01-17T16:05:58-08:00]
rchar: 41839557660
wchar: 12806986247
syscr: 5042584
syscw: 1017528
read_bytes: 11609115136
write_bytes: 12808433664
cancelled_write_bytes: 0

[2020-01-17T16:06:01-08:00]
rchar: 42737794371
wchar: 12873147415
syscr: 5151493
syscw: 1034664
read_bytes: 11747260928
write_bytes: 12874600448
cancelled_write_bytes: 0

[2020-01-17T16:06:04-08:00]
rchar: 43647260242
wchar: 12940188999
syscr: 5261762
syscw: 1052008
read_bytes: 11886864896
write_bytes: 12941643776
cancelled_write_bytes: 0

[2020-01-17T16:06:07-08:00]
rchar: 44078261849
wchar: 12971463835
syscr: 5314021
syscw: 1060081
read_bytes: 11953846784
write_bytes: 12972916736
cancelled_write_bytes: 0

[2020-01-17T16:06:10-08:00]
rchar: 44533781034
wchar: 13399639355
syscr: 5369172
syscw: 1063506
read_bytes: 11978844672
write_bytes: 13401124864
cancelled_write_bytes: 0

[2020-01-17T16:06:13-08:00]
rchar: 45531302148
wchar: 14048781027
syscr: 5490129
syscw: 1068869
read_bytes: 12017932800
write_bytes: 14050308096
cancelled_write_bytes: 0

[2020-01-17T16:06:16-08:00]
rchar: 46350991205
wchar: 14590536560
syscr: 5588991
syscw: 1076379
read_bytes: 12073814528
write_bytes: 14592126976
cancelled_write_bytes: 0

[2020-01-17T16:06:19-08:00]
rchar: 46942864995
wchar: 14919582144
syscr: 5660728
syscw: 1087887
read_bytes: 12260354560
write_bytes: 14921211904
cancelled_write_bytes: 0

[2020-01-17T16:06:22-08:00]
rchar: 47338760211
wchar: 15223293393
syscr: 5708716
syscw: 1091788
read_bytes: 12289296896
write_bytes: 15224967168
cancelled_write_bytes: 0

[2020-01-17T16:06:25-08:00]
rchar: 47896765406
wchar: 15540913648
syscr: 5776364
syscw: 1102532
read_bytes: 12455160320
write_bytes: 15543341056
cancelled_write_bytes: 0

[2020-01-17T16:06:28-08:00]
rchar: 48519563972
wchar: 15942985955
syscr: 5851837
syscw: 1112694
read_bytes: 12587891200
write_bytes: 15944773632
cancelled_write_bytes: 0

[2020-01-17T16:06:31-08:00]
rchar: 49183238302
wchar: 16438261619
syscr: 5932296
syscw: 1120962
read_bytes: 12648761856
write_bytes: 16440139776
cancelled_write_bytes: 0

[2020-01-17T16:06:34-08:00]
rchar: 49463138872
wchar: 16693450753
syscr: 5966215
syscw: 1129771
read_bytes: 12716112384
write_bytes: 16695365632
cancelled_write_bytes: 0

[2020-01-17T16:06:37-08:00]
rchar: 49747688196
wchar: 16769740556
syscr: 6000633
syscw: 1138190
read_bytes: 12782008832
write_bytes: 16771670016
cancelled_write_bytes: 0

[2020-01-17T16:06:40-08:00]
rchar: 50360978507
wchar: 16840892766
syscr: 6074995
syscw: 1156574
read_bytes: 12925774336
write_bytes: 16842821632
cancelled_write_bytes: 0

[2020-01-17T16:06:43-08:00]
rchar: 50958453509
wchar: 16911597478
syscr: 6147444
syscw: 1174795
read_bytes: 13069093376
write_bytes: 16913526784
cancelled_write_bytes: 0

[2020-01-17T16:06:46-08:00]
rchar: 51547148855
wchar: 16982995443
syscr: 6218825
syscw: 1193117
read_bytes: 13209614848
write_bytes: 16984924160
cancelled_write_bytes: 0

[2020-01-17T16:06:49-08:00]
rchar: 51900868980
wchar: 17189017745
syscr: 6261633
syscw: 1201835
read_bytes: 13274458624
write_bytes: 17190961152
cancelled_write_bytes: 0

[2020-01-17T16:06:52-08:00]
rchar: 52690711672
wchar: 17259343638
syscr: 6357400
syscw: 1220054
read_bytes: 13411408384
write_bytes: 17261285376
cancelled_write_bytes: 0

[2020-01-17T16:06:55-08:00]
rchar: 53472054926
wchar: 17329903962
syscr: 6452138
syscw: 1238253
read_bytes: 13547825664
write_bytes: 17331863552
cancelled_write_bytes: 0

[2020-01-17T16:06:58-08:00]
rchar: 54222868916
wchar: 17397961151
syscr: 6543173
syscw: 1255761
read_bytes: 13679217152
write_bytes: 17399918592
cancelled_write_bytes: 0

[2020-01-17T16:07:01-08:00]
rchar: 54633613263
wchar: 17604595422
syscr: 6592894
syscw: 1264610
read_bytes: 13746235904
write_bytes: 17606574080
cancelled_write_bytes: 0

[2020-01-17T16:07:04-08:00]
rchar: 55554302695
wchar: 17670152321
syscr: 6704524
syscw: 1281573
read_bytes: 13872683520
write_bytes: 17672138752
cancelled_write_bytes: 0

[2020-01-17T16:07:07-08:00]
rchar: 56557217298
wchar: 17743596280
syscr: 6826126
syscw: 1300575
read_bytes: 14009661952
write_bytes: 17745592320
cancelled_write_bytes: 0

[2020-01-17T16:07:10-08:00]
rchar: 57487815609
wchar: 17811439122
syscr: 6938957
syscw: 1318069
read_bytes: 14137776640
write_bytes: 17813434368
cancelled_write_bytes: 0

[2020-01-17T16:07:13-08:00]
rchar: 57973659695
wchar: 18020758868
syscr: 6997867
syscw: 1327673
read_bytes: 14206466560
write_bytes: 18022756352
cancelled_write_bytes: 0

[2020-01-17T16:07:16-08:00]
rchar: 58967924222
wchar: 18653028233
syscr: 7118345
syscw: 1333288
read_bytes: 14243600896
write_bytes: 18655461376
cancelled_write_bytes: 0

[2020-01-17T16:07:19-08:00]
rchar: 59476787375
wchar: 19002978934
syscr: 7180048
syscw: 1335864
read_bytes: 14259517952
write_bytes: 19005050880
cancelled_write_bytes: 0

[2020-01-17T16:07:22-08:00]
rchar: 60210288235
wchar: 19462895937
syscr: 7268482
syscw: 1343835
read_bytes: 14314342912
write_bytes: 19465052160
cancelled_write_bytes: 0

[2020-01-17T16:07:25-08:00]
rchar: 60854089845
wchar: 19861337848
syscr: 7346503
syscw: 1354123
read_bytes: 14432406016
write_bytes: 19863547904
cancelled_write_bytes: 0

[2020-01-17T16:07:28-08:00]
rchar: 61519833986
wchar: 20337633375
syscr: 7427188
syscw: 1362423
read_bytes: 14490053120
write_bytes: 20339908608
cancelled_write_bytes: 0

[2020-01-17T16:07:31-08:00]
rchar: 62208093509
wchar: 20838590200
syscr: 7510626
syscw: 1371114
read_bytes: 14548380160
write_bytes: 20840931328
cancelled_write_bytes: 0

[2020-01-17T16:07:34-08:00]
rchar: 62839810566
wchar: 21285376738
syscr: 7587167
syscw: 1380332
read_bytes: 14613019136
write_bytes: 21287792640
cancelled_write_bytes: 0

[2020-01-17T16:07:37-08:00]
rchar: 63270720769
wchar: 21467326099
syscr: 7639406
syscw: 1394254
read_bytes: 14781536768
write_bytes: 21469773824
cancelled_write_bytes: 0

[2020-01-17T16:07:40-08:00]
rchar: 63307254164
wchar: 21647414205
syscr: 7643837
syscw: 1396127
read_bytes: 14793726464
write_bytes: 21649862656
cancelled_write_bytes: 0

[2020-01-17T16:07:43-08:00]
rchar: 63908557360
wchar: 21717158144
syscr: 7716662
syscw: 1414107
read_bytes: 14920686080
write_bytes: 21719621632
cancelled_write_bytes: 0

[2020-01-17T16:07:46-08:00]
rchar: 64520666660
wchar: 21789264166
syscr: 7790884
syscw: 1432650
read_bytes: 15049124352
write_bytes: 21791731712
cancelled_write_bytes: 0

[2020-01-17T16:07:49-08:00]
rchar: 65112519389
wchar: 21860224526
syscr: 7862648
syscw: 1450904
read_bytes: 15177361920
write_bytes: 21862690816
cancelled_write_bytes: 0

[2020-01-17T16:07:52-08:00]
rchar: 65454898935
wchar: 22074933414
syscr: 7904166
syscw: 1461734
read_bytes: 15251012096
write_bytes: 22077423616
cancelled_write_bytes: 0

[2020-01-17T16:07:55-08:00]
rchar: 66230292393
wchar: 22142826597
syscr: 7998098
syscw: 1479338
read_bytes: 15372364288
write_bytes: 22145327104
cancelled_write_bytes: 0

[2020-01-17T16:07:58-08:00]
rchar: 67011762485
wchar: 22211856618
syscr: 8092852
syscw: 1497141
read_bytes: 15496804864
write_bytes: 22214356992
cancelled_write_bytes: 0

[2020-01-17T16:08:01-08:00]
rchar: 67793978981
wchar: 22282056819
syscr: 8187696
syscw: 1515241
read_bytes: 15621605888
write_bytes: 22284558336
cancelled_write_bytes: 0

[2020-01-17T16:08:04-08:00]
rchar: 68296153011
wchar: 22446315189
syscr: 8248587
syscw: 1527169
read_bytes: 15700953600
write_bytes: 22448820224
cancelled_write_bytes: 0

[2020-01-17T16:08:07-08:00]
rchar: 69120601457
wchar: 22559502935
syscr: 8348466
syscw: 1542411
read_bytes: 15803050496
write_bytes: 22562021376
cancelled_write_bytes: 0

[2020-01-17T16:08:10-08:00]
rchar: 70084103491
wchar: 22627591759
syscr: 8465292
syscw: 1560067
read_bytes: 15922702848
write_bytes: 22630117376
cancelled_write_bytes: 0

[2020-01-17T16:08:13-08:00]
rchar: 71032940892
wchar: 22695779524
syscr: 8580336
syscw: 1577737
read_bytes: 16041691648
write_bytes: 22698307584
cancelled_write_bytes: 0

[2020-01-17T16:08:16-08:00]
rchar: 71786805913
wchar: 22750825665
syscr: 8671743
syscw: 1591885
read_bytes: 16137198080
write_bytes: 22753353728
cancelled_write_bytes: 0

[2020-01-17T16:08:19-08:00]
rchar: 72532532430
wchar: 23355563406
syscr: 8762085
syscw: 1597417
read_bytes: 16170068480
write_bytes: 23358136320
cancelled_write_bytes: 0

[2020-01-17T16:08:22-08:00]
rchar: 73050769480
wchar: 23687042001
syscr: 8824924
syscw: 1600343
read_bytes: 16187058688
write_bytes: 23689650176
cancelled_write_bytes: 0

[2020-01-17T16:08:25-08:00]
rchar: 73955279003
wchar: 24257498854
syscr: 8934097
syscw: 1607955
read_bytes: 16233544192
write_bytes: 24260169728
cancelled_write_bytes: 0

[2020-01-17T16:08:28-08:00]
rchar: 74665371198
wchar: 24727883122
syscr: 9020167
syscw: 1617806
read_bytes: 16332827136
write_bytes: 24730624000
cancelled_write_bytes: 0

[2020-01-17T16:08:31-08:00]
rchar: 75292469450
wchar: 25066702017
syscr: 9096174
syscw: 1629864
read_bytes: 16502008320
write_bytes: 25069481984
cancelled_write_bytes: 0

[2020-01-17T16:08:34-08:00]
rchar: 75800820832
wchar: 25440362398
syscr: 9157760
syscw: 1635535
read_bytes: 16537389568
write_bytes: 25444229120
cancelled_write_bytes: 0

[2020-01-17T16:08:37-08:00]
rchar: 76478528619
wchar: 25962517133
syscr: 9239910
syscw: 1642313
read_bytes: 16579324416
write_bytes: 25965391872
cancelled_write_bytes: 0

[2020-01-17T16:08:40-08:00]
rchar: 77172188443
wchar: 26431847611
syscr: 9323991
syscw: 1652654
read_bytes: 16686897664
write_bytes: 26434781184
cancelled_write_bytes: 0

[2020-01-17T16:08:43-08:00]
rchar: 77488023661
wchar: 26604869277
syscr: 9362247
syscw: 1661802
read_bytes: 16745970176
write_bytes: 26607853568
cancelled_write_bytes: 0

[2020-01-17T16:08:46-08:00]
rchar: 78054167056
wchar: 26800105589
syscr: 9430809
syscw: 1678188
read_bytes: 16849672704
write_bytes: 26803105792
cancelled_write_bytes: 0

[2020-01-17T16:08:49-08:00]
rchar: 78718211159
wchar: 26873742706
syscr: 9511328
syscw: 1697177
read_bytes: 16970562048
write_bytes: 26876743680
cancelled_write_bytes: 0

[2020-01-17T16:08:52-08:00]
rchar: 79350213826
wchar: 26944917624
syscr: 9587962
syscw: 1715461
read_bytes: 17087060480
write_bytes: 26947932160
cancelled_write_bytes: 0

[2020-01-17T16:08:55-08:00]
rchar: 79770758620
wchar: 27059651164
syscr: 9638959
syscw: 1727781
read_bytes: 17165130240
write_bytes: 27062669312
cancelled_write_bytes: 0

[2020-01-17T16:08:58-08:00]
rchar: 80479053325
wchar: 27225739850
syscr: 9724757
syscw: 1743378
read_bytes: 17262840320
write_bytes: 27228770304
cancelled_write_bytes: 0

[2020-01-17T16:09:01-08:00]
rchar: 81290404638
wchar: 27294372135
syscr: 9823134
syscw: 1761045
read_bytes: 17374202368
write_bytes: 27297406976
cancelled_write_bytes: 0

[2020-01-17T16:09:04-08:00]
rchar: 82115780832
wchar: 27364555447
syscr: 9923209
syscw: 1779122
read_bytes: 17487919616
write_bytes: 27367587840
cancelled_write_bytes: 0

[2020-01-17T16:09:07-08:00]
rchar: 82716970896
wchar: 27416752683
syscr: 9996106
syscw: 1792570
read_bytes: 17571641856
write_bytes: 27419787264
cancelled_write_bytes: 0

[2020-01-17T16:09:10-08:00]
rchar: 83467097404
wchar: 27642507660
syscr: 10086974
syscw: 1806254
read_bytes: 17654307328
write_bytes: 27645558784
cancelled_write_bytes: 0

[2020-01-17T16:09:13-08:00]
rchar: 84471833794
wchar: 27711551446
syscr: 10208794
syscw: 1824137
read_bytes: 17765272064
write_bytes: 27714605056
cancelled_write_bytes: 0

[2020-01-17T16:09:16-08:00]
rchar: 85478359434
wchar: 27782827514
syscr: 10330835
syscw: 1842538
read_bytes: 17876097536
write_bytes: 27785879552
cancelled_write_bytes: 0

[2020-01-17T16:09:19-08:00]
rchar: 86346619972
wchar: 27843979127
syscr: 10436111
syscw: 1858320
read_bytes: 17972181504
write_bytes: 27847036928
cancelled_write_bytes: 0

[2020-01-17T16:09:22-08:00]
rchar: 86483410389
wchar: 28044082700
syscr: 10452615
syscw: 1860513
read_bytes: 17984645632
write_bytes: 28047155200
cancelled_write_bytes: 0

[2020-01-17T16:09:25-08:00]
rchar: 87529786976
wchar: 28703049137
syscr: 10579494
syscw: 1866307
read_bytes: 18016860672
write_bytes: 28706177024
cancelled_write_bytes: 0

[2020-01-17T16:09:28-08:00]
rchar: 88323775791
wchar: 29189936222
syscr: 10675771
syscw: 1871055
read_bytes: 18043255296
write_bytes: 29193101312
cancelled_write_bytes: 0

[2020-01-17T16:09:31-08:00]
rchar: 88882021484
wchar: 29556184022
syscr: 10742922
syscw: 1877595
read_bytes: 18080332288
write_bytes: 29559410688
cancelled_write_bytes: 0

[2020-01-17T16:09:34-08:00]
rchar: 89570531021
wchar: 29993880202
syscr: 10826364
syscw: 1887724
read_bytes: 18180250112
write_bytes: 29997158400
cancelled_write_bytes: 0

[2020-01-17T16:09:37-08:00]
rchar: 90293487007
wchar: 30498704567
syscr: 10914007
syscw: 1896777
read_bytes: 18232711680
write_bytes: 30502047744
cancelled_write_bytes: 0

[2020-01-17T16:09:40-08:00]
rchar: 90769718051
wchar: 30866487235
syscr: 10971733
syscw: 1901678
read_bytes: 18260572672
write_bytes: 30869872640
cancelled_write_bytes: 0

[2020-01-17T16:09:43-08:00]
rchar: 91417355804
wchar: 31337394399
syscr: 11050203
syscw: 1909706
read_bytes: 18306451968
write_bytes: 31340851200
cancelled_write_bytes: 0

[2020-01-17T16:09:46-08:00]
rchar: 91996420987
wchar: 31635092344
syscr: 11120378
syscw: 1923765
read_bytes: 18389027328
write_bytes: 31638601728
cancelled_write_bytes: 0

[2020-01-17T16:09:49-08:00]
rchar: 92270198666
wchar: 31845729213
syscr: 11153494
syscw: 1933460
read_bytes: 18446100992
write_bytes: 31849254912
cancelled_write_bytes: 0

[2020-01-17T16:09:52-08:00]
rchar: 92946299727
wchar: 31920028163
syscr: 11235473
syscw: 1952630
read_bytes: 18559138304
write_bytes: 31923556352
cancelled_write_bytes: 0

[2020-01-17T16:09:55-08:00]
rchar: 93595068216
wchar: 31992169944
syscr: 11314142
syscw: 1971115
read_bytes: 18669201920
write_bytes: 31995715584
cancelled_write_bytes: 0

[2020-01-17T16:09:58-08:00]
rchar: 94253039984
wchar: 32066276413
syscr: 11393924
syscw: 1990113
read_bytes: 18781731328
write_bytes: 32069820416
cancelled_write_bytes: 0

[2020-01-17T16:10:01-08:00]
rchar: 94399562182
wchar: 32256129294
syscr: 11411693
syscw: 1994516
read_bytes: 18806692352
write_bytes: 32259682304
cancelled_write_bytes: 0

[2020-01-17T16:10:04-08:00]
rchar: 95121655145
wchar: 32315997365
syscr: 11499164
syscw: 2009960
read_bytes: 18896288256
write_bytes: 32319565824
cancelled_write_bytes: 0

[2020-01-17T16:10:07-08:00]
rchar: 95972140355
wchar: 32388258000
syscr: 11602287
syscw: 2028624
read_bytes: 19004238336
write_bytes: 32391827456
cancelled_write_bytes: 0

[2020-01-17T16:10:10-08:00]
rchar: 96803011611
wchar: 32460198147
syscr: 11703031
syscw: 2047112
read_bytes: 19111401984
write_bytes: 32463765504
cancelled_write_bytes: 0

[2020-01-17T16:10:13-08:00]
rchar: 97345202229
wchar: 32599235053
syscr: 11768776
syscw: 2059515
read_bytes: 19181464064
write_bytes: 32602808320
cancelled_write_bytes: 0

[2020-01-17T16:10:16-08:00]
rchar: 98196641744
wchar: 32739572608
syscr: 11871927
syscw: 2074746
read_bytes: 19267590656
write_bytes: 32743157760
cancelled_write_bytes: 0

[2020-01-17T16:10:19-08:00]
rchar: 99224973724
wchar: 32811019023
syscr: 11996610
syscw: 2093232
read_bytes: 19371121152
write_bytes: 32814608384
cancelled_write_bytes: 0

[2020-01-17T16:10:22-08:00]
rchar: 100222301659
wchar: 32881497180
syscr: 12117534
syscw: 2111447
read_bytes: 19473336832
write_bytes: 32885084160
cancelled_write_bytes: 0

[2020-01-17T16:10:25-08:00]
rchar: 100925821883
wchar: 32931999722
syscr: 12202837
syscw: 2124508
read_bytes: 19544570368
write_bytes: 32935596032
cancelled_write_bytes: 0

[2020-01-17T16:10:28-08:00]
rchar: 101804898642
wchar: 33599634611
syscr: 12309350
syscw: 2130906
read_bytes: 19577518592
write_bytes: 33603284992
cancelled_write_bytes: 0

[2020-01-17T16:10:31-08:00]
rchar: 102412220687
wchar: 33981291075
syscr: 12382992
syscw: 2134293
read_bytes: 19594242560
write_bytes: 33984974848
cancelled_write_bytes: 0

[2020-01-17T16:10:34-08:00]
rchar: 103273787467
wchar: 34525038745
syscr: 12486935
syscw: 2140544
read_bytes: 19625761280
write_bytes: 34528776192
cancelled_write_bytes: 0

[2020-01-17T16:10:37-08:00]
rchar: 103999258511
wchar: 34989870659
syscr: 12574867
syscw: 2151047
read_bytes: 19681495552
write_bytes: 34993680384
cancelled_write_bytes: 0

[2020-01-17T16:10:40-08:00]
rchar: 104757783134
wchar: 35517900505
syscr: 12666791
syscw: 2160769
read_bytes: 19732367872
write_bytes: 35521765376
cancelled_write_bytes: 0

[2020-01-17T16:10:43-08:00]
rchar: 105368421980
wchar: 35985333450
syscr: 12740807
syscw: 2167120
read_bytes: 19764378112
write_bytes: 35989254144
cancelled_write_bytes: 0

[2020-01-17T16:10:46-08:00]
rchar: 105914863081
wchar: 36378969364
syscr: 12807024
syscw: 2174087
read_bytes: 19801627136
write_bytes: 36382953472
cancelled_write_bytes: 0

[2020-01-17T16:10:49-08:00]
rchar: 106529136701
wchar: 36746007874
syscr: 12881476
syscw: 2186478
read_bytes: 19943537152
write_bytes: 36750032896
cancelled_write_bytes: 0

[2020-01-17T16:10:52-08:00]
rchar: 106874126482
wchar: 37086602494
syscr: 12923315
syscw: 2195342
read_bytes: 20057160192
write_bytes: 37090643968
cancelled_write_bytes: 0

[2020-01-17T16:10:55-08:00]
rchar: 107235715652
wchar: 37216806137
syscr: 12967018
syscw: 2202614
read_bytes: 20096891392
write_bytes: 37220896768
cancelled_write_bytes: 0

[2020-01-17T16:10:58-08:00]
rchar: 107926681891
wchar: 37293541197
syscr: 13050801
syscw: 2222417
read_bytes: 20203977216
write_bytes: 37297647616
cancelled_write_bytes: 0

[2020-01-17T16:11:01-08:00]
rchar: 108592315998
wchar: 37368590873
syscr: 13131514
syscw: 2241671
read_bytes: 20306545152
write_bytes: 37372698624
cancelled_write_bytes: 0

[2020-01-17T16:11:04-08:00]
rchar: 109183876146
wchar: 37436258378
syscr: 13203245
syscw: 2259025
read_bytes: 20398639616
write_bytes: 37440372736
cancelled_write_bytes: 0

[2020-01-17T16:11:07-08:00]
rchar: 109671494328
wchar: 37651656585
syscr: 13262287
syscw: 2270207
read_bytes: 20457236992
write_bytes: 37655785472
cancelled_write_bytes: 0

[2020-01-17T16:11:10-08:00]
rchar: 110527699030
wchar: 37724044734
syscr: 13366101
syscw: 2288876
read_bytes: 20556470784
write_bytes: 37728174080
cancelled_write_bytes: 0

[2020-01-17T16:11:14-08:00]
rchar: 111370133790
wchar: 37795913839
syscr: 13468249
syscw: 2307303
read_bytes: 20655090176
write_bytes: 37800046592
cancelled_write_bytes: 0

[2020-01-17T16:11:17-08:00]
rchar: 112142612247
wchar: 37862903923
syscr: 13561914
syscw: 2324521
read_bytes: 20746914304
write_bytes: 37867040768
cancelled_write_bytes: 0

[2020-01-17T16:11:20-08:00]
rchar: 112712140401
wchar: 38076490822
syscr: 13630887
syscw: 2335090
read_bytes: 20801608192
write_bytes: 38080638976
cancelled_write_bytes: 0

[2020-01-17T16:11:23-08:00]
rchar: 113728401598
wchar: 38146964429
syscr: 13754110
syscw: 2353281
read_bytes: 20895681024
write_bytes: 38151131136
cancelled_write_bytes: 0

[2020-01-17T16:11:26-08:00]
rchar: 114729692173
wchar: 38216738862
syscr: 13875516
syscw: 2371277
read_bytes: 20989495808
write_bytes: 38220906496
cancelled_write_bytes: 0

[2020-01-17T16:11:29-08:00]
rchar: 115738504286
wchar: 38287579778
syscr: 13997837
syscw: 2389526
read_bytes: 21083417088
write_bytes: 38291746816
cancelled_write_bytes: 0

[2020-01-17T16:11:32-08:00]
rchar: 116274116660
wchar: 38697186134
syscr: 14062702
syscw: 2394816
read_bytes: 21108509184
write_bytes: 38701383680
cancelled_write_bytes: 0

[2020-01-17T16:11:35-08:00]
rchar: 116781471833
wchar: 39027472814
syscr: 14124225
syscw: 2397490
read_bytes: 21120850432
write_bytes: 39031693312
cancelled_write_bytes: 0

[2020-01-17T16:11:38-08:00]
rchar: 117862201099
wchar: 39687506073
syscr: 14255273
syscw: 2404017
read_bytes: 21151160832
write_bytes: 39691780096
cancelled_write_bytes: 0

[2020-01-17T16:11:41-08:00]
rchar: 118636262753
wchar: 40170033585
syscr: 14348581
syscw: 2413931
read_bytes: 21200443904
write_bytes: 40174383104
cancelled_write_bytes: 0

[2020-01-17T16:11:44-08:00]
rchar: 119321143558
wchar: 40643958621
syscr: 14431568
syscw: 2422566
read_bytes: 21242059264
write_bytes: 40648384512
cancelled_write_bytes: 0

[2020-01-17T16:11:47-08:00]
rchar: 119834382468
wchar: 41027150065
syscr: 14493773
syscw: 2427819
read_bytes: 21266815488
write_bytes: 41031622656
cancelled_write_bytes: 0

[2020-01-17T16:11:50-08:00]
rchar: 120572642567
wchar: 41541004662
syscr: 14583227
syscw: 2437550
read_bytes: 21313939968
write_bytes: 41545543680
cancelled_write_bytes: 0

[2020-01-17T16:11:53-08:00]
rchar: 121242377249
wchar: 42018223404
syscr: 14664404
syscw: 2446246
read_bytes: 21355637248
write_bytes: 42022805504
cancelled_write_bytes: 0

[2020-01-17T16:11:56-08:00]
rchar: 121709023107
wchar: 42362771901
syscr: 14720960
syscw: 2452156
read_bytes: 21384022528
write_bytes: 42367406080
cancelled_write_bytes: 0

[2020-01-17T16:11:59-08:00]
rchar: 122071818286
wchar: 42669807156
syscr: 14764922
syscw: 2460942
read_bytes: 21426907648
write_bytes: 42674483200
cancelled_write_bytes: 0

[2020-01-17T16:12:02-08:00]
rchar: 122652748738
wchar: 42787823258
syscr: 14835278
syscw: 2477457
read_bytes: 21510613504
write_bytes: 42792513536
cancelled_write_bytes: 0

[2020-01-17T16:12:05-08:00]
rchar: 123319664794
wchar: 42861858330
syscr: 14916145
syscw: 2496381
read_bytes: 21606627840
write_bytes: 42866548736
cancelled_write_bytes: 0

[2020-01-17T16:12:08-08:00]
rchar: 123968353441
wchar: 42935905686
syscr: 14994800
syscw: 2515300
read_bytes: 21700770304
write_bytes: 42940592128
cancelled_write_bytes: 0

[2020-01-17T16:12:11-08:00]
rchar: 124308679079
wchar: 42974134435
syscr: 15036068
syscw: 2525047
read_bytes: 21750213120
write_bytes: 42978844672
cancelled_write_bytes: 0

[2020-01-17T16:12:14-08:00]
rchar: 124729850656
wchar: 43183567452
syscr: 15087053
syscw: 2534607
read_bytes: 21796358656
write_bytes: 43188293632
cancelled_write_bytes: 0

[2020-01-17T16:12:17-08:00]
rchar: 125585122710
wchar: 43256661135
syscr: 15190755
syscw: 2553373
read_bytes: 21888244224
write_bytes: 43261390848
cancelled_write_bytes: 0

[2020-01-17T16:12:20-08:00]
rchar: 126460031011
wchar: 43331535899
syscr: 15296840
syscw: 2572524
read_bytes: 21982452224
write_bytes: 43336273920
cancelled_write_bytes: 0

[2020-01-17T16:12:23-08:00]
rchar: 127238087951
wchar: 43399587840
syscr: 15391181
syscw: 2589960
read_bytes: 22067677696
write_bytes: 43404328960
cancelled_write_bytes: 0

[2020-01-17T16:12:26-08:00]
rchar: 127829832549
wchar: 43614174701
syscr: 15462848
syscw: 2600954
read_bytes: 22120135168
write_bytes: 43618930688
cancelled_write_bytes: 0

[2020-01-17T16:12:29-08:00]
rchar: 128888589707
wchar: 43687225149
syscr: 15591219
syscw: 2619829
read_bytes: 22210972160
write_bytes: 43691982848
cancelled_write_bytes: 0

[2020-01-17T16:12:32-08:00]
rchar: 129940657268
wchar: 43759891637
syscr: 15718783
syscw: 2638634
read_bytes: 22302194176
write_bytes: 43764654080
cancelled_write_bytes: 0

[2020-01-17T16:12:35-08:00]
rchar: 130860282667
wchar: 43825505647
syscr: 15830287
syscw: 2655554
read_bytes: 22381853184
write_bytes: 43830267904
cancelled_write_bytes: 0

[2020-01-17T16:12:38-08:00]
rchar: 131516256873
wchar: 44308959382
syscr: 15909745
syscw: 2661652
read_bytes: 22407129600
write_bytes: 44314193920
cancelled_write_bytes: 0

[2020-01-17T16:12:41-08:00]
rchar: 131988148264
wchar: 44621491515
syscr: 15966965
syscw: 2664111
read_bytes: 22417242624
write_bytes: 44626321408
cancelled_write_bytes: 0

[2020-01-17T16:12:44-08:00]
rchar: 133089781345
wchar: 45261198818
syscr: 16100016
syscw: 2671059
read_bytes: 22448024064
write_bytes: 45266087936
cancelled_write_bytes: 0

[2020-01-17T16:12:47-08:00]
rchar: 133824964155
wchar: 45726915409
syscr: 16189144
syscw: 2682081
read_bytes: 22499117568
write_bytes: 45731852288
cancelled_write_bytes: 0

[2020-01-17T16:12:50-08:00]
rchar: 134388849170
wchar: 46123859706
syscr: 16257475
syscw: 2688542
read_bytes: 22528330240
write_bytes: 46128840704
cancelled_write_bytes: 0

[2020-01-17T16:12:53-08:00]
rchar: 135006463954
wchar: 46564856795
syscr: 16332306
syscw: 2695994
read_bytes: 22560709120
write_bytes: 46569885696
cancelled_write_bytes: 0

[2020-01-17T16:12:56-08:00]
rchar: 135735786918
wchar: 47057417538
syscr: 16420683
syscw: 2706164
read_bytes: 22606756352
write_bytes: 47062511616
cancelled_write_bytes: 0

[2020-01-17T16:12:59-08:00]
rchar: 136473344329
wchar: 47575461850
syscr: 16510080
syscw: 2716017
read_bytes: 22650190336
write_bytes: 47580631040
cancelled_write_bytes: 0

[2020-01-17T16:13:02-08:00]
rchar: 136856669435
wchar: 47851686430
syscr: 16556531
syscw: 2720967
read_bytes: 22688352768
write_bytes: 47856893952
cancelled_write_bytes: 0

[2020-01-17T16:13:05-08:00]
rchar: 137151055525
wchar: 48143675348
syscr: 16592134
syscw: 2728855
read_bytes: 22770076160
write_bytes: 48148914176
cancelled_write_bytes: 0

[2020-01-17T16:13:08-08:00]
rchar: 137855524919
wchar: 48292203833
syscr: 16677540
syscw: 2746270
read_bytes: 22858504704
write_bytes: 48297455616
cancelled_write_bytes: 0

[2020-01-17T16:13:11-08:00]
rchar: 138547813915
wchar: 48369113057
syscr: 16761484
syscw: 2766057
read_bytes: 22948981248
write_bytes: 48374382592
cancelled_write_bytes: 0

[2020-01-17T16:13:14-08:00]
rchar: 139227656873
wchar: 48445058579
syscr: 16843916
syscw: 2785464
read_bytes: 23038495232
write_bytes: 48450330624
cancelled_write_bytes: 0

[2020-01-17T16:13:17-08:00]
rchar: 139586752959
wchar: 48655005616
syscr: 16887376
syscw: 2795115
read_bytes: 23082514944
write_bytes: 48660299776
cancelled_write_bytes: 0

[2020-01-17T16:13:20-08:00]
rchar: 140483799258
wchar: 48729328611
syscr: 16996142
syscw: 2814250
read_bytes: 23169370624
write_bytes: 48734621696
cancelled_write_bytes: 0

[2020-01-17T16:13:23-08:00]
rchar: 141366279429
wchar: 48805139552
syscr: 17103145
syscw: 2833719
read_bytes: 23257258496
write_bytes: 48810434560
cancelled_write_bytes: 0

[2020-01-17T16:13:26-08:00]
rchar: 142228131550
wchar: 48879173098
syscr: 17207644
syscw: 2852780
read_bytes: 23343680000
write_bytes: 48884469760
cancelled_write_bytes: 0

[2020-01-17T16:13:29-08:00]
rchar: 142425610803
wchar: 49003194876
syscr: 17231592
syscw: 2857320
read_bytes: 23363590656
write_bytes: 49008496640
cancelled_write_bytes: 0

[2020-01-17T16:13:32-08:00]
rchar: 143206300156
wchar: 49122264068
syscr: 17326165
syscw: 2871029
read_bytes: 23425288704
write_bytes: 49127579648
cancelled_write_bytes: 0

[2020-01-17T16:13:35-08:00]
rchar: 144260391984
wchar: 49194350222
syscr: 17453973
syscw: 2889612
read_bytes: 23509264896
write_bytes: 49199669248
cancelled_write_bytes: 0

[2020-01-17T16:13:38-08:00]
rchar: 145288243427
wchar: 49265220553
syscr: 17578597
syscw: 2907891
read_bytes: 23591660032
write_bytes: 49270538240
cancelled_write_bytes: 0

[2020-01-17T16:13:41-08:00]
rchar: 146095189025
wchar: 49321640580
syscr: 17676440
syscw: 2922437
read_bytes: 23655377408
write_bytes: 49326968832
cancelled_write_bytes: 0

[2020-01-17T16:13:44-08:00]
rchar: 146921128259
wchar: 49923770203
syscr: 17776507
syscw: 2929105
read_bytes: 23681972736
write_bytes: 49929146368
cancelled_write_bytes: 0

[2020-01-17T16:13:47-08:00]
rchar: 148056708940
wchar: 50588131161
syscr: 17914202
syscw: 2936424
read_bytes: 23711169024
write_bytes: 50593554432
cancelled_write_bytes: 0

[2020-01-17T16:13:50-08:00]
rchar: 148705978828
wchar: 51001547699
syscr: 17992381
syscw: 2942696
read_bytes: 23736572416
write_bytes: 51007029248
cancelled_write_bytes: 0

[2020-01-17T16:13:53-08:00]
rchar: 149376915175
wchar: 51453115699
syscr: 18073709
syscw: 2951727
read_bytes: 23774382592
write_bytes: 51458641920
cancelled_write_bytes: 0

[2020-01-17T16:13:56-08:00]
rchar: 150129564507
wchar: 51967121882
syscr: 18164944
syscw: 2961740
read_bytes: 23815707136
write_bytes: 51972706304
cancelled_write_bytes: 0

[2020-01-17T16:13:59-08:00]
rchar: 150768601821
wchar: 52424144822
syscr: 18242398
syscw: 2969486
read_bytes: 23847655936
write_bytes: 52429787136
cancelled_write_bytes: 0

[2020-01-17T16:14:02-08:00]
rchar: 151361074577
wchar: 52840620610
syscr: 18314152
syscw: 2977397
read_bytes: 23880665600
write_bytes: 52846329856
cancelled_write_bytes: 0

[2020-01-17T16:14:05-08:00]
rchar: 152031197311
wchar: 53334320709
syscr: 18395373
syscw: 2985489
read_bytes: 23914723840
write_bytes: 53340069888
cancelled_write_bytes: 0

[2020-01-17T16:14:08-08:00]
rchar: 152459987295
wchar: 53638387278
syscr: 18447318
syscw: 2991570
read_bytes: 23951239680
write_bytes: 53644177408
cancelled_write_bytes: 0

[2020-01-17T16:14:11-08:00]
rchar: 152848556328
wchar: 53965130573
syscr: 18494357
syscw: 2999760
read_bytes: 24028518912
write_bytes: 53970948096
cancelled_write_bytes: 0

[2020-01-17T16:14:14-08:00]
rchar: 153388808498
wchar: 54200292782
syscr: 18559853
syscw: 3009290
read_bytes: 24122395136
write_bytes: 54206148608
cancelled_write_bytes: 0

[2020-01-17T16:14:17-08:00]
rchar: 154113767425
wchar: 54515353093
syscr: 18647725
syscw: 3022512
read_bytes: 24236235264
write_bytes: 54521262080
cancelled_write_bytes: 0

[2020-01-17T16:14:20-08:00]
rchar: 154856880761
wchar: 54808063453
syscr: 18737841
syscw: 3037389
read_bytes: 24383465984
write_bytes: 54813986816
cancelled_write_bytes: 0

[2020-01-17T16:14:23-08:00]
rchar: 155590047037
wchar: 55095009039
syscr: 18826723
syscw: 3052214
read_bytes: 24530741760
write_bytes: 55100968960
cancelled_write_bytes: 0

[2020-01-17T16:14:26-08:00]
rchar: 155893433911
wchar: 55312256735
syscr: 18863403
syscw: 3061002
read_bytes: 24567081472
write_bytes: 55318237184
cancelled_write_bytes: 0

[2020-01-17T16:14:29-08:00]
rchar: 156662725162
wchar: 55376658555
syscr: 18956681
syscw: 3077605
read_bytes: 24635976192
write_bytes: 55382642688
cancelled_write_bytes: 0

[2020-01-17T16:14:32-08:00]
rchar: 157537860048
wchar: 55452502805
syscr: 19062794
syscw: 3097088
read_bytes: 24715889152
write_bytes: 55458488320
cancelled_write_bytes: 0

[2020-01-17T16:14:35-08:00]
rchar: 158389633157
wchar: 55526899273
syscr: 19166072
syscw: 3116187
read_bytes: 24795187712
write_bytes: 55532883968
cancelled_write_bytes: 0

[2020-01-17T16:14:38-08:00]
rchar: 158823593987
wchar: 55738832628
syscr: 19218693
syscw: 3126200
read_bytes: 24835394048
write_bytes: 55744819200
cancelled_write_bytes: 0

[2020-01-17T16:14:41-08:00]
rchar: 159859633826
wchar: 55809618821
syscr: 19344227
syscw: 3144446
read_bytes: 24910690816
write_bytes: 55815618560
cancelled_write_bytes: 0

[2020-01-17T16:14:44-08:00]
rchar: 160906088205
wchar: 55883561394
syscr: 19471109
syscw: 3163484
read_bytes: 24986511872
write_bytes: 55889584128
cancelled_write_bytes: 0

[2020-01-17T16:14:47-08:00]
rchar: 161924401056
wchar: 55955517931
syscr: 19594578
syscw: 3181967
read_bytes: 25060792832
write_bytes: 55961538560
cancelled_write_bytes: 0

[2020-01-17T16:14:50-08:00]
rchar: 162462535282
wchar: 56166612686
syscr: 19659745
syscw: 3192065
read_bytes: 25099921920
write_bytes: 56172638208
cancelled_write_bytes: 0

[2020-01-17T16:14:53-08:00]
rchar: 163614116633
wchar: 56826769043
syscr: 19799383
syscw: 3199744
read_bytes: 25127946752
write_bytes: 56832847872
cancelled_write_bytes: 0

[2020-01-17T16:14:56-08:00]
rchar: 164453959302
wchar: 57320451116
syscr: 19901219
syscw: 3205078
read_bytes: 25147816448
write_bytes: 57326559232
cancelled_write_bytes: 0

[2020-01-17T16:14:59-08:00]
rchar: 165055236311
wchar: 57674222282
syscr: 19973563
syscw: 3212494
read_bytes: 25177111040
write_bytes: 57680633856
cancelled_write_bytes: 0

[2020-01-17T16:15:02-08:00]
rchar: 165864350558
wchar: 58234115012
syscr: 20071617
syscw: 3222807
read_bytes: 25216752128
write_bytes: 58240327680
cancelled_write_bytes: 0

[2020-01-17T16:15:05-08:00]
rchar: 166677156703
wchar: 58797848856
syscr: 20170156
syscw: 3232876
read_bytes: 25255401984
write_bytes: 58804121600
cancelled_write_bytes: 0

[2020-01-17T16:15:08-08:00]
rchar: 167121780542
wchar: 59128060697
syscr: 20224042
syscw: 3237884
read_bytes: 25273829888
write_bytes: 59134369792
cancelled_write_bytes: 0

[2020-01-17T16:15:11-08:00]
rchar: 167876760822
wchar: 59641566287
syscr: 20315519
syscw: 3248638
read_bytes: 25315531264
write_bytes: 59647942656
cancelled_write_bytes: 0

[2020-01-17T16:15:14-08:00]
rchar: 168437054674
wchar: 59984277366
syscr: 20383423
syscw: 3258672
read_bytes: 25377339904
write_bytes: 59990712320
cancelled_write_bytes: 0

[2020-01-17T16:15:17-08:00]
rchar: 168623265647
wchar: 60218149098
syscr: 20405922
syscw: 3263134
read_bytes: 25414539776
write_bytes: 60224598016
cancelled_write_bytes: 0

[2020-01-17T16:15:20-08:00]
rchar: 169398820485
wchar: 60479782889
syscr: 20499940
syscw: 3278736
read_bytes: 25563724288
write_bytes: 60486258688
cancelled_write_bytes: 0

[2020-01-17T16:15:23-08:00]
rchar: 170154781763
wchar: 60756149286
syscr: 20591582
syscw: 3293394
read_bytes: 25697180160
write_bytes: 60762656768
cancelled_write_bytes: 0

[2020-01-17T16:15:26-08:00]
rchar: 170907948852
wchar: 61022404416
syscr: 20682915
syscw: 3308440
read_bytes: 25847036416
write_bytes: 61028933632
cancelled_write_bytes: 0

[2020-01-17T16:15:29-08:00]
rchar: 171387614991
wchar: 61336916153
syscr: 20741051
syscw: 3313653
read_bytes: 25871297024
write_bytes: 61343481856
cancelled_write_bytes: 0

[2020-01-17T16:15:32-08:00]
rchar: 172086885307
wchar: 61667446663
syscr: 20825820
syscw: 3325037
read_bytes: 25956882944
write_bytes: 61674061824
cancelled_write_bytes: 0

[2020-01-17T16:15:35-08:00]
rchar: 172530726598
wchar: 61984534317
syscr: 20879527
syscw: 3332802
read_bytes: 26015316480
write_bytes: 61991182336
cancelled_write_bytes: 0

[2020-01-17T16:15:38-08:00]
rchar: 173435414934
wchar: 62249523699
syscr: 20989227
syscw: 3347697
read_bytes: 26160142848
write_bytes: 62256189440
cancelled_write_bytes: 0

[2020-01-17T16:15:41-08:00]
rchar: 174180255294
wchar: 62457594081
syscr: 21079515
syscw: 3360135
read_bytes: 26271357440
write_bytes: 62464286720
cancelled_write_bytes: 0

[2020-01-17T16:15:44-08:00]
rchar: 174997661808
wchar: 62698656185
syscr: 21178605
syscw: 3373585
read_bytes: 26400532992
write_bytes: 62705389568
cancelled_write_bytes: 0

[2020-01-17T16:15:47-08:00]
rchar: 175893515207
wchar: 62988381819
syscr: 21287238
syscw: 3387872
read_bytes: 26533865984
write_bytes: 62995140608
cancelled_write_bytes: 0

[2020-01-17T16:15:50-08:00]
rchar: 176362001166
wchar: 63267675076
syscr: 21343921
syscw: 3396442
read_bytes: 26586454528
write_bytes: 63274463232
cancelled_write_bytes: 0

[2020-01-17T16:15:53-08:00]
rchar: 177437437890
wchar: 63341158193
syscr: 21474315
syscw: 3415341
read_bytes: 26654874112
write_bytes: 63347945472
cancelled_write_bytes: 0

[2020-01-17T16:15:56-08:00]
rchar: 178487083941
wchar: 63413714363
syscr: 21601583
syscw: 3433976
read_bytes: 26723256832
write_bytes: 63420502016
cancelled_write_bytes: 0

[2020-01-17T16:15:59-08:00]
rchar: 179517969975
wchar: 63487229709
syscr: 21726575
syscw: 3452842
read_bytes: 26791594496
write_bytes: 63494017024
cancelled_write_bytes: 0

[2020-01-17T16:16:02-08:00]
rchar: 179958757148
wchar: 63753687965
syscr: 21779940
syscw: 3459762
read_bytes: 26814974464
write_bytes: 63760498688
cancelled_write_bytes: 0

[2020-01-17T16:16:05-08:00]
rchar: 180682860126
wchar: 64160847071
syscr: 21867740
syscw: 3464728
read_bytes: 26831034880
write_bytes: 64167686144
cancelled_write_bytes: 0

[2020-01-17T16:16:08-08:00]
rchar: 181884137251
wchar: 64858296812
syscr: 22013404
syscw: 3472480
read_bytes: 26856540672
write_bytes: 64865185792
cancelled_write_bytes: 0

[2020-01-17T16:16:11-08:00]
rchar: 182733933387
wchar: 65362419117
syscr: 22115893
syscw: 3484179
read_bytes: 26895723008
write_bytes: 65369796608
cancelled_write_bytes: 0

[2020-01-17T16:16:14-08:00]
rchar: 183301366154
wchar: 65767388665
syscr: 22184674
syscw: 3490595
read_bytes: 26918455808
write_bytes: 65774374912
cancelled_write_bytes: 0

[2020-01-17T16:16:17-08:00]
rchar: 184021444569
wchar: 66264577496
syscr: 22271922
syscw: 3500069
read_bytes: 26950359552
write_bytes: 66271645696
cancelled_write_bytes: 0

[2020-01-17T16:16:20-08:00]
rchar: 184846796171
wchar: 66849344990
syscr: 22371924
syscw: 3510768
read_bytes: 26986367488
write_bytes: 66856484864
cancelled_write_bytes: 0

[2020-01-17T16:16:23-08:00]
rchar: 185359536350
wchar: 67209716689
syscr: 22434106
syscw: 3517592
read_bytes: 27009686016
write_bytes: 67216891904
cancelled_write_bytes: 0

[2020-01-17T16:16:26-08:00]
rchar: 185983297100
wchar: 67635916782
syscr: 22509655
syscw: 3526917
read_bytes: 27041085952
write_bytes: 67643146240
cancelled_write_bytes: 0

[2020-01-17T16:16:29-08:00]
rchar: 186499365437
wchar: 67972383871
syscr: 22572154
syscw: 3538123
read_bytes: 27130829312
write_bytes: 67979644928
cancelled_write_bytes: 0

[2020-01-17T16:16:32-08:00]
rchar: 187168201849
wchar: 68184702951
syscr: 22653259
syscw: 3552101
read_bytes: 27239795200
write_bytes: 68191981568
cancelled_write_bytes: 0

[2020-01-17T16:16:35-08:00]
rchar: 187977531511
wchar: 68521490324
syscr: 22751365
syscw: 3566929
read_bytes: 27344620032
write_bytes: 68528799744
cancelled_write_bytes: 0

[2020-01-17T16:16:38-08:00]
rchar: 188742047295
wchar: 68773524027
syscr: 22844029
syscw: 3583057
read_bytes: 27477400064
write_bytes: 68780863488
cancelled_write_bytes: 0

[2020-01-17T16:16:41-08:00]
rchar: 189555213600
wchar: 69249238050
syscr: 22942603
syscw: 3593208
read_bytes: 27519912448
write_bytes: 69256630272
cancelled_write_bytes: 0

[2020-01-17T16:16:44-08:00]
rchar: 190084959382
wchar: 69559468271
syscr: 23006758
syscw: 3603023
read_bytes: 27595155968
write_bytes: 69566881792
cancelled_write_bytes: 0

[2020-01-17T16:16:47-08:00]
rchar: 190880197912
wchar: 69760500028
syscr: 23103188
syscw: 3616782
read_bytes: 27702282752
write_bytes: 69767954432
cancelled_write_bytes: 0

[2020-01-17T16:16:50-08:00]
rchar: 191799813623
wchar: 70008656231
syscr: 23214702
syscw: 3632425
read_bytes: 27829299712
write_bytes: 70016118784
cancelled_write_bytes: 0

[2020-01-17T16:16:53-08:00]
rchar: 192716862189
wchar: 70253035964
syscr: 23325846
syscw: 3647996
read_bytes: 27957561856
write_bytes: 70260523008
cancelled_write_bytes: 0

[2020-01-17T16:16:56-08:00]
rchar: 193547811342
wchar: 70576653068
syscr: 23426557
syscw: 3659860
read_bytes: 28023679488
write_bytes: 70584176640
cancelled_write_bytes: 0

[2020-01-17T16:16:59-08:00]
rchar: 193918344689
wchar: 70776749365
syscr: 23471402
syscw: 3667092
read_bytes: 28046412288
write_bytes: 70784286720
cancelled_write_bytes: 0

[2020-01-17T16:17:02-08:00]
rchar: 195018546123
wchar: 70852339636
syscr: 23604799
syscw: 3686428
read_bytes: 28109949440
write_bytes: 70859874304
cancelled_write_bytes: 0

[2020-01-17T16:17:05-08:00]
rchar: 196131530244
wchar: 70930077690
syscr: 23739749
syscw: 3706386
read_bytes: 28175342080
write_bytes: 70937620480
cancelled_write_bytes: 0

[2020-01-17T16:17:08-08:00]
rchar: 197164766865
wchar: 71003361258
syscr: 23865028
syscw: 3725168
read_bytes: 28237134336
write_bytes: 71010914304
cancelled_write_bytes: 0

[2020-01-17T16:17:11-08:00]
rchar: 197808724634
wchar: 71468571484
syscr: 23943028
syscw: 3731396
read_bytes: 28255574528
write_bytes: 71476150272
cancelled_write_bytes: 0

[2020-01-17T16:17:14-08:00]
rchar: 198997255961
wchar: 72113805286
syscr: 24087145
syscw: 3739887
read_bytes: 28279798272
write_bytes: 72121442304
cancelled_write_bytes: 0

[2020-01-17T16:17:17-08:00]
rchar: 199649248499
wchar: 72490349319
syscr: 24165658
syscw: 3744283
read_bytes: 28293204480
write_bytes: 72498577408
cancelled_write_bytes: 0

[2020-01-17T16:17:20-08:00]
rchar: 200476297462
wchar: 72995651652
syscr: 24265906
syscw: 3757572
read_bytes: 28334389760
write_bytes: 73004298240
cancelled_write_bytes: 0

[2020-01-17T16:17:23-08:00]
rchar: 201288438399
wchar: 73544608331
syscr: 24364327
syscw: 3768477
read_bytes: 28367313408
write_bytes: 73552416768
cancelled_write_bytes: 0

[2020-01-17T16:17:26-08:00]
rchar: 201768199165
wchar: 73885553555
syscr: 24422470
syscw: 3774492
read_bytes: 28385577472
write_bytes: 73893400576
cancelled_write_bytes: 0

[2020-01-17T16:17:29-08:00]
rchar: 202593929046
wchar: 74451419743
syscr: 24522547
syscw: 3786016
read_bytes: 28421442048
write_bytes: 74459336704
cancelled_write_bytes: 0

[2020-01-17T16:17:32-08:00]
rchar: 203072238194
wchar: 74793639387
syscr: 24580508
syscw: 3792208
read_bytes: 28440775168
write_bytes: 74801586176
cancelled_write_bytes: 0

[2020-01-17T16:17:35-08:00]
rchar: 203443511845
wchar: 75230761624
syscr: 24625490
syscw: 3797376
read_bytes: 28455819776
write_bytes: 75238756352
cancelled_write_bytes: 0

[2020-01-17T16:17:38-08:00]
rchar: 204042817779
wchar: 75442296708
syscr: 24698082
syscw: 3809023
read_bytes: 28534532608
write_bytes: 75450310656
cancelled_write_bytes: 0

[2020-01-17T16:17:41-08:00]
rchar: 204814960187
wchar: 75687004113
syscr: 24791715
syscw: 3825299
read_bytes: 28655467008
write_bytes: 75695038464
cancelled_write_bytes: 0

[2020-01-17T16:17:44-08:00]
rchar: 205586539538
wchar: 75929957697
syscr: 24885234
syscw: 3841618
read_bytes: 28776057344
write_bytes: 75938934784
cancelled_write_bytes: 0

[2020-01-17T16:17:47-08:00]
rchar: 206367715811
wchar: 76185696074
syscr: 24979962
syscw: 3857747
read_bytes: 28902111744
write_bytes: 76193792000
cancelled_write_bytes: 0

[2020-01-17T16:17:50-08:00]
rchar: 206623277788
wchar: 76433572649
syscr: 25010909
syscw: 3863683
read_bytes: 28940139008
write_bytes: 76441681920
cancelled_write_bytes: 0

[2020-01-17T16:17:53-08:00]
rchar: 207410942360
wchar: 76630793595
syscr: 25106336
syscw: 3877055
read_bytes: 29039524352
write_bytes: 76638928896
cancelled_write_bytes: 0

[2020-01-17T16:17:56-08:00]
rchar: 208359235776
wchar: 76875584464
syscr: 25221324
syscw: 3893400
read_bytes: 29157734912
write_bytes: 76883738624
cancelled_write_bytes: 0

[2020-01-17T16:17:59-08:00]
rchar: 209287600116
wchar: 77119978710
syscr: 25333847
syscw: 3909425
read_bytes: 29274532352
write_bytes: 77128159232
cancelled_write_bytes: 0

[2020-01-17T16:18:02-08:00]
rchar: 210221759561
wchar: 77373020918
syscr: 25447120
syscw: 3925789
read_bytes: 29394168320
write_bytes: 77381214208
cancelled_write_bytes: 0

[2020-01-17T16:18:05-08:00]
rchar: 210390734089
wchar: 77551868202
syscr: 25467613
syscw: 3929076
read_bytes: 29413038592
write_bytes: 77560074240
cancelled_write_bytes: 0

[2020-01-17T16:18:08-08:00]
rchar: 211375633983
wchar: 77798900252
syscr: 25586913
syscw: 3943441
read_bytes: 29515495936
write_bytes: 77807132672
cancelled_write_bytes: 0

[2020-01-17T16:18:11-08:00]
rchar: 212453108053
wchar: 78035605938
syscr: 25717534
syscw: 3959176
read_bytes: 29628439040
write_bytes: 78043856896
cancelled_write_bytes: 0

[2020-01-17T16:18:14-08:00]
rchar: 213527991142
wchar: 78275551706
syscr: 25847871
syscw: 3974967
read_bytes: 29742000640
write_bytes: 78283833344
cancelled_write_bytes: 0

[2020-01-17T16:18:17-08:00]
rchar: 214600352573
wchar: 78523357731
syscr: 25977904
syscw: 3990778
read_bytes: 29856324096
write_bytes: 78531657728
cancelled_write_bytes: 0

[2020-01-17T16:18:21-08:00]
rchar: 214922229186
wchar: 78767442695
syscr: 26016936
syscw: 3995841
read_bytes: 29890980352
write_bytes: 78775762944
cancelled_write_bytes: 0

[2020-01-17T16:18:24-08:00]
rchar: 215884862874
wchar: 79260789523
syscr: 26133521
syscw: 4003306
read_bytes: 29915785728
write_bytes: 79269154816
cancelled_write_bytes: 0

[2020-01-17T16:18:27-08:00]
rchar: 217147272295
wchar: 79965065473
syscr: 26286597
syscw: 4012122
read_bytes: 29938190848
write_bytes: 79973486592
cancelled_write_bytes: 0

[2020-01-17T16:18:30-08:00]
rchar: 217724943940
wchar: 80303805323
syscr: 26356096
syscw: 4018797
read_bytes: 29955594752
write_bytes: 80312250368
cancelled_write_bytes: 0

[2020-01-17T16:18:33-08:00]
rchar: 218584131370
wchar: 80844978541
syscr: 26460226
syscw: 4031980
read_bytes: 29991893504
write_bytes: 80853483520
cancelled_write_bytes: 0

[2020-01-17T16:18:36-08:00]
rchar: 219430940993
wchar: 81402233216
syscr: 26562851
syscw: 4044788
read_bytes: 30026635776
write_bytes: 81410801664
cancelled_write_bytes: 0

[2020-01-17T16:18:39-08:00]
rchar: 220099288912
wchar: 81853670754
syscr: 26643870
syscw: 4054752
read_bytes: 30053677568
write_bytes: 81862291456
cancelled_write_bytes: 0

[2020-01-17T16:18:42-08:00]
rchar: 220676653189
wchar: 82255077699
syscr: 26713809
syscw: 4063016
read_bytes: 30076197376
write_bytes: 82263744512
cancelled_write_bytes: 0

[2020-01-17T16:18:45-08:00]
rchar: 220936882493
wchar: 82587114108
syscr: 26745285
syscw: 4067053
read_bytes: 30087027200
write_bytes: 82595819520
cancelled_write_bytes: 0

[2020-01-17T16:18:48-08:00]
rchar: 221673281016
wchar: 82897243816
syscr: 26834547
syscw: 4079483
read_bytes: 30156794368
write_bytes: 82905980928
cancelled_write_bytes: 0

[2020-01-17T16:18:51-08:00]
rchar: 222485650639
wchar: 83156607246
syscr: 26933059
syscw: 4096358
read_bytes: 30275967488
write_bytes: 83165380608
cancelled_write_bytes: 0

[2020-01-17T16:18:54-08:00]
rchar: 223276732377
wchar: 83419160934
syscr: 27028943
syscw: 4113106
read_bytes: 30394374656
write_bytes: 83428872192
cancelled_write_bytes: 0

[2020-01-17T16:18:57-08:00]
rchar: 223945462281
wchar: 83627213162
syscr: 27110011
syscw: 4127867
read_bytes: 30489319936
write_bytes: 83636027392
cancelled_write_bytes: 0

[2020-01-17T16:19:00-08:00]
rchar: 224368266651
wchar: 83917543777
syscr: 27161202
syscw: 4136228
read_bytes: 30543870464
write_bytes: 83926380544
cancelled_write_bytes: 0

[2020-01-17T16:19:03-08:00]
rchar: 225350790902
wchar: 84184593288
syscr: 27280343
syscw: 4152685
read_bytes: 30661286400
write_bytes: 84193456128
cancelled_write_bytes: 0

[2020-01-17T16:19:06-08:00]
rchar: 226300405309
wchar: 84443889420
syscr: 27395446
syscw: 4169051
read_bytes: 30776003072
write_bytes: 84452777984
cancelled_write_bytes: 0

[2020-01-17T16:19:09-08:00]
rchar: 227249122545
wchar: 84706812119
syscr: 27510488
syscw: 4185081
read_bytes: 30891137536
write_bytes: 84715716608
cancelled_write_bytes: 0

[2020-01-17T16:19:12-08:00]
rchar: 228021315670
wchar: 85054047643
syscr: 27604052
syscw: 4195295
read_bytes: 30934010368
write_bytes: 85063008256
cancelled_write_bytes: 0

[2020-01-17T16:19:15-08:00]
rchar: 228376935978
wchar: 85392404985
syscr: 27647095
syscw: 4199825
read_bytes: 30944459264
write_bytes: 85401395200
cancelled_write_bytes: 0

[2020-01-17T16:19:18-08:00]
rchar: 229504907795
wchar: 85659666430
syscr: 27783868
syscw: 4215806
read_bytes: 31057644032
write_bytes: 85668679680
cancelled_write_bytes: 0

[2020-01-17T16:19:21-08:00]
rchar: 230372504679
wchar: 85854973637
syscr: 27889017
syscw: 4228615
read_bytes: 31136815616
write_bytes: 85864378368
cancelled_write_bytes: 0

[2020-01-17T16:19:24-08:00]
rchar: 231453485965
wchar: 86111155914
syscr: 28020093
syscw: 4244148
read_bytes: 31246539264
write_bytes: 86121218048
cancelled_write_bytes: 0

[2020-01-17T16:19:27-08:00]
rchar: 232545885635
wchar: 86372633799
syscr: 28152555
syscw: 4259960
read_bytes: 31357606400
write_bytes: 86381735936
cancelled_write_bytes: 0

[2020-01-17T16:19:30-08:00]
rchar: 233190017055
wchar: 86676837305
syscr: 28230529
syscw: 4269103
read_bytes: 31415499264
write_bytes: 86685974528
cancelled_write_bytes: 0

[2020-01-17T16:19:33-08:00]
rchar: 234339173778
wchar: 86894893193
syscr: 28369868
syscw: 4283826
read_bytes: 31510698496
write_bytes: 86904045568
cancelled_write_bytes: 0

[2020-01-17T16:19:36-08:00]
rchar: 235515826242
wchar: 87120306972
syscr: 28512543
syscw: 4299098
read_bytes: 31607757312
write_bytes: 87129473024
cancelled_write_bytes: 0

[2020-01-17T16:19:39-08:00]
rchar: 236736707969
wchar: 87679019036
syscr: 28660531
syscw: 4309914
read_bytes: 31647087104
write_bytes: 87688228864
cancelled_write_bytes: 0

[2020-01-17T16:19:42-08:00]
rchar: 238013600126
wchar: 88382748323
syscr: 28815363
syscw: 4319285
read_bytes: 31667931648
write_bytes: 88392245248
cancelled_write_bytes: 0

[2020-01-17T16:19:45-08:00]
rchar: 238581668495
wchar: 88710155523
syscr: 28883706
syscw: 4326417
read_bytes: 31684332032
write_bytes: 88719450112
cancelled_write_bytes: 0

[2020-01-17T16:19:48-08:00]
rchar: 238951273518
wchar: 89105776488
syscr: 28928493
syscw: 4333028
read_bytes: 31699634688
write_bytes: 89115111424
cancelled_write_bytes: 0

[2020-01-17T16:19:51-08:00]
rchar: 239655377656
wchar: 89512959076
syscr: 29013756
syscw: 4341502
read_bytes: 31719729664
write_bytes: 89522921472
cancelled_write_bytes: 0

[2020-01-17T16:19:54-08:00]
rchar: 240604061108
wchar: 90054061109
syscr: 29128736
syscw: 4353480
read_bytes: 31747291648
write_bytes: 90063527936
cancelled_write_bytes: 0

[2020-01-17T16:19:57-08:00]
rchar: 241267710168
wchar: 90436313833
syscr: 29209176
syscw: 4362021
read_bytes: 31767095808
write_bytes: 90445828096
cancelled_write_bytes: 0

[2020-01-17T16:20:00-08:00]
rchar: 242216256474
wchar: 90973749743
syscr: 29324126
syscw: 4374891
read_bytes: 31796193792
write_bytes: 90983333888
cancelled_write_bytes: 0

[2020-01-17T16:20:03-08:00]
rchar: 242774686825
wchar: 91281148386
syscr: 29391799
syscw: 4382758
read_bytes: 31824726528
write_bytes: 91290763264
cancelled_write_bytes: 0

[2020-01-17T16:20:06-08:00]
rchar: 243487591794
wchar: 91506043475
syscr: 29478234
syscw: 4397970
read_bytes: 31916001792
write_bytes: 91515670528
cancelled_write_bytes: 0

[2020-01-17T16:20:09-08:00]
rchar: 243994958531
wchar: 91800341919
syscr: 29539675
syscw: 4407912
read_bytes: 31967230464
write_bytes: 91809996800
cancelled_write_bytes: 0

[2020-01-17T16:20:12-08:00]
rchar: 244953287733
wchar: 92046251043
syscr: 29655880
syscw: 4424353
read_bytes: 32068241920
write_bytes: 92055920640
cancelled_write_bytes: 0

[2020-01-17T16:20:15-08:00]
rchar: 245896817620
wchar: 92295489387
syscr: 29770247
syscw: 4440733
read_bytes: 32170834432
write_bytes: 92305186816
cancelled_write_bytes: 0

[2020-01-17T16:20:18-08:00]
rchar: 246842475474
wchar: 92537289700
syscr: 29884915
syscw: 4457363
read_bytes: 32270727680
write_bytes: 92547006464
cancelled_write_bytes: 0

[2020-01-17T16:20:21-08:00]
rchar: 247369911569
wchar: 92835445107
syscr: 29948789
syscw: 4467294
read_bytes: 32322583040
write_bytes: 92845195264
cancelled_write_bytes: 0

[2020-01-17T16:20:24-08:00]
rchar: 248036057254
wchar: 93155234811
syscr: 30029520
syscw: 4473676
read_bytes: 32343001600
write_bytes: 93165027328
cancelled_write_bytes: 0

[2020-01-17T16:20:27-08:00]
rchar: 249192381865
wchar: 93447358023
syscr: 30169680
syscw: 4490017
read_bytes: 32430217728
write_bytes: 93457178624
cancelled_write_bytes: 0

[2020-01-17T16:20:30-08:00]
rchar: 250348576676
wchar: 93699266053
syscr: 30309876
syscw: 4507141
read_bytes: 32531245568
write_bytes: 93709099008
cancelled_write_bytes: 0

[2020-01-17T16:20:33-08:00]
rchar: 251459229917
wchar: 93951152055
syscr: 30444502
syscw: 4523455
read_bytes: 32631265792
write_bytes: 93961007104
cancelled_write_bytes: 0

[2020-01-17T16:20:36-08:00]
rchar: 252024235818
wchar: 94137367039
syscr: 30513017
syscw: 4532052
read_bytes: 32679733760
write_bytes: 94147239936
cancelled_write_bytes: 0

[2020-01-17T16:20:39-08:00]
rchar: 252690280170
wchar: 94371163967
syscr: 30593692
syscw: 4540945
read_bytes: 32728889856
write_bytes: 94381060096
cancelled_write_bytes: 0

[2020-01-17T16:20:42-08:00]
rchar: 253995041866
wchar: 94806894796
syscr: 30751853
syscw: 4554659
read_bytes: 32792164864
write_bytes: 94816821248
cancelled_write_bytes: 0

[2020-01-17T16:20:45-08:00]
rchar: 255103258682
wchar: 95382623086
syscr: 30886230
syscw: 4563088
read_bytes: 32809445888
write_bytes: 95393529856
cancelled_write_bytes: 0

[2020-01-17T16:20:48-08:00]
rchar: 255990513497
wchar: 95873196172
syscr: 30993274
syscw: 4570369
read_bytes: 32823519744
write_bytes: 95883198464
cancelled_write_bytes: 0

[2020-01-17T16:20:51-08:00]
rchar: 256897261232
wchar: 96415649586
syscr: 31103158
syscw: 4586056
read_bytes: 32856427008
write_bytes: 96425721856
cancelled_write_bytes: 0

[2020-01-17T16:20:54-08:00]
rchar: 257383294701
wchar: 96745826487
syscr: 31162063
syscw: 4592554
read_bytes: 32869894656
write_bytes: 96755949568
cancelled_write_bytes: 0

[2020-01-17T16:20:57-08:00]
rchar: 257954682342
wchar: 97233505507
syscr: 31231321
syscw: 4601970
read_bytes: 32888867328
write_bytes: 97243693056
cancelled_write_bytes: 0

[2020-01-17T16:21:00-08:00]
rchar: 258474331508
wchar: 97596997558
syscr: 31294256
syscw: 4608276
read_bytes: 32901671424
write_bytes: 97607217152
cancelled_write_bytes: 0

[2020-01-17T16:21:03-08:00]
rchar: 259401880138
wchar: 98132609916
syscr: 31406655
syscw: 4620073
read_bytes: 32925035008
write_bytes: 98142887936
cancelled_write_bytes: 0

[2020-01-17T16:21:06-08:00]
rchar: 260383805358
wchar: 98687906188
syscr: 31525643
syscw: 4633402
read_bytes: 32952150528
write_bytes: 98698252288
cancelled_write_bytes: 0

[2020-01-17T16:21:09-08:00]
rchar: 261171807384
wchar: 98928718872
syscr: 31621200
syscw: 4650264
read_bytes: 33046682112
write_bytes: 98939080704
cancelled_write_bytes: 0

[2020-01-17T16:21:12-08:00]
rchar: 261939411497
wchar: 99161566326
syscr: 31714281
syscw: 4666730
read_bytes: 33136212480
write_bytes: 99171950592
cancelled_write_bytes: 0

[2020-01-17T16:21:15-08:00]
rchar: 262454010895
wchar: 99458322945
syscr: 31776557
syscw: 4676945
read_bytes: 33183873536
write_bytes: 99468738560
cancelled_write_bytes: 0

[2020-01-17T16:21:18-08:00]
rchar: 263452141520
wchar: 99701087589
syscr: 31897587
syscw: 4694140
read_bytes: 33277204992
write_bytes: 99711524864
cancelled_write_bytes: 0

[2020-01-17T16:21:21-08:00]
rchar: 264296778469
wchar: 99898640339
syscr: 31999965
syscw: 4709384
read_bytes: 33353411072
write_bytes: 99909099520
cancelled_write_bytes: 0

[2020-01-17T16:21:24-08:00]
rchar: 265266807610
wchar: 100146718063
syscr: 32117589
syscw: 4726293
read_bytes: 33447561728
write_bytes: 100157210624
cancelled_write_bytes: 0

[2020-01-17T16:21:27-08:00]
rchar: 265803889425
wchar: 100443466617
syscr: 32182636
syscw: 4736271
read_bytes: 33495501312
write_bytes: 100453978112
cancelled_write_bytes: 0

[2020-01-17T16:21:30-08:00]
rchar: 266855385782
wchar: 100660780276
syscr: 32310085
syscw: 4751792
read_bytes: 33578248704
write_bytes: 100671315968
cancelled_write_bytes: 0

[2020-01-17T16:21:33-08:00]
rchar: 267958505082
wchar: 100886853127
syscr: 32443844
syscw: 4768305
read_bytes: 33662544384
write_bytes: 100897406976
cancelled_write_bytes: 0

[2020-01-17T16:21:36-08:00]
rchar: 269087984381
wchar: 101128949307
syscr: 32580798
syscw: 4785126
read_bytes: 33752844800
write_bytes: 101139517440
cancelled_write_bytes: 0

[2020-01-17T16:21:39-08:00]
rchar: 270052812800
wchar: 101340313333
syscr: 32697742
syscw: 4799667
read_bytes: 33831053824
write_bytes: 101350903808
cancelled_write_bytes: 0

[2020-01-17T16:21:42-08:00]
rchar: 270520708192
wchar: 101687428382
syscr: 32754378
syscw: 4805196
read_bytes: 33846389248
write_bytes: 101698052096
cancelled_write_bytes: 0

[2020-01-17T16:21:45-08:00]
rchar: 271684566363
wchar: 102287744638
syscr: 32895504
syscw: 4814221
read_bytes: 33862756864
write_bytes: 102298406912
cancelled_write_bytes: 0

[2020-01-17T16:21:48-08:00]
rchar: 272477361199
wchar: 102677112368
syscr: 32991633
syscw: 4820768
read_bytes: 33874024960
write_bytes: 102687805440
cancelled_write_bytes: 0

[2020-01-17T16:21:51-08:00]
rchar: 273488640255
wchar: 103206175306
syscr: 33113672
syscw: 4834401
read_bytes: 33899334144
write_bytes: 103216926720
cancelled_write_bytes: 0

[2020-01-17T16:21:54-08:00]
rchar: 274139531600
wchar: 103650940766
syscr: 33192572
syscw: 4843003
read_bytes: 33915562496
write_bytes: 103661760512
cancelled_write_bytes: 0

[2020-01-17T16:21:57-08:00]
rchar: 275037185938
wchar: 104216421895
syscr: 33301342
syscw: 4857893
read_bytes: 33943579136
write_bytes: 104227299328
cancelled_write_bytes: 0

[2020-01-17T16:22:00-08:00]
rchar: 275668186042
wchar: 104642927442
syscr: 33377820
syscw: 4867602
read_bytes: 33961224704
write_bytes: 104653852672
cancelled_write_bytes: 0

[2020-01-17T16:22:03-08:00]
rchar: 276077463453
wchar: 105071229511
syscr: 33427376
syscw: 4874082
read_bytes: 33972898304
write_bytes: 105082200064
cancelled_write_bytes: 0

[2020-01-17T16:22:06-08:00]
rchar: 276868980311
wchar: 105539806243
syscr: 33523316
syscw: 4883746
read_bytes: 33990498816
write_bytes: 105550835712
cancelled_write_bytes: 0

[2020-01-17T16:22:09-08:00]
rchar: 277728723262
wchar: 105976974604
syscr: 33627468
syscw: 4897366
read_bytes: 34014992896
write_bytes: 105988055040
cancelled_write_bytes: 0

[2020-01-17T16:22:12-08:00]
rchar: 278484764890
wchar: 106254567463
syscr: 33719152
syscw: 4912567
read_bytes: 34073844224
write_bytes: 106265669632
cancelled_write_bytes: 0

[2020-01-17T16:22:15-08:00]
rchar: 279295661818
wchar: 106499954047
syscr: 33817441
syscw: 4930127
read_bytes: 34161781248
write_bytes: 106511077376
cancelled_write_bytes: 0

[2020-01-17T16:22:18-08:00]
rchar: 279682896580
wchar: 106783696180
syscr: 33864401
syscw: 4939276
read_bytes: 34201979392
write_bytes: 106795286528
cancelled_write_bytes: 0

[2020-01-17T16:22:21-08:00]
rchar: 280465762653
wchar: 106964691575
syscr: 33959245
syscw: 4953253
read_bytes: 34266016256
write_bytes: 106975850496
cancelled_write_bytes: 0

[2020-01-17T16:22:24-08:00]
rchar: 281561710778
wchar: 107297388165
syscr: 34092113
syscw: 4970654
read_bytes: 34338654720
write_bytes: 107308601344
cancelled_write_bytes: 0

[2020-01-17T16:22:27-08:00]
rchar: 282543257310
wchar: 107542488532
syscr: 34211090
syscw: 4988088
read_bytes: 34426305024
write_bytes: 107553726464
cancelled_write_bytes: 0

[2020-01-17T16:22:30-08:00]
rchar: 283293866489
wchar: 107719177062
syscr: 34302109
syscw: 5002006
read_bytes: 34487601664
write_bytes: 107730427904
cancelled_write_bytes: 0

[2020-01-17T16:22:33-08:00]
rchar: 284070058849
wchar: 108049729620
syscr: 34396143
syscw: 5014280
read_bytes: 34543094272
write_bytes: 108061003776
cancelled_write_bytes: 0

[2020-01-17T16:22:36-08:00]
rchar: 285092043500
wchar: 108252771922
syscr: 34520019
syscw: 5029682
read_bytes: 34613991936
write_bytes: 108264067072
cancelled_write_bytes: 0

[2020-01-17T16:22:39-08:00]
rchar: 286303876206
wchar: 108588629871
syscr: 34666966
syscw: 5046120
read_bytes: 34685098496
write_bytes: 108599955456
cancelled_write_bytes: 0

[2020-01-17T16:22:42-08:00]
rchar: 287454802758
wchar: 108835338136
syscr: 34806476
syscw: 5063458
read_bytes: 34769783296
write_bytes: 108847710208
cancelled_write_bytes: 0

[2020-01-17T16:22:45-08:00]
rchar: 288133828258
wchar: 109133592357
syscr: 34888729
syscw: 5073967
read_bytes: 34813319680
write_bytes: 109145415680
cancelled_write_bytes: 0

[2020-01-17T16:22:48-08:00]
rchar: 289368185720
wchar: 109349164093
syscr: 35038397
syscw: 5089948
read_bytes: 34886621696
write_bytes: 109360545792
cancelled_write_bytes: 0

[2020-01-17T16:22:51-08:00]
rchar: 290619471317
wchar: 109741601152
syscr: 35190074
syscw: 5103650
read_bytes: 34938100224
write_bytes: 109753016320
cancelled_write_bytes: 0

[2020-01-17T16:22:54-08:00]
rchar: 291646289985
wchar: 110235308552
syscr: 35314581
syscw: 5112406
read_bytes: 34951539200
write_bytes: 110246768640
cancelled_write_bytes: 0

[2020-01-17T16:22:57-08:00]
rchar: 292854664546
wchar: 110822694698
syscr: 35461102
syscw: 5122477
read_bytes: 34966960640
write_bytes: 110834204672
cancelled_write_bytes: 0

[2020-01-17T16:23:00-08:00]
rchar: 293534418177
wchar: 111202078809
syscr: 35542947
syscw: 5133784
read_bytes: 34985638400
write_bytes: 111213641728
cancelled_write_bytes: 0

[2020-01-17T16:23:03-08:00]
rchar: 293958546395
wchar: 111632937831
syscr: 35594279
syscw: 5141227
read_bytes: 34996500992
write_bytes: 111644536832
cancelled_write_bytes: 0

[2020-01-17T16:23:06-08:00]
rchar: 294861860473
wchar: 112105198191
syscr: 35703743
syscw: 5153820
read_bytes: 35016903168
write_bytes: 112116850688
cancelled_write_bytes: 0

[2020-01-17T16:23:09-08:00]
rchar: 295738204620
wchar: 112585027250
syscr: 35809971
syscw: 5165886
read_bytes: 35035789824
write_bytes: 112596729856
cancelled_write_bytes: 0

[2020-01-17T16:23:12-08:00]
rchar: 296381808804
wchar: 112940828874
syscr: 35887956
syscw: 5174754
read_bytes: 35050154496
write_bytes: 112952582144
cancelled_write_bytes: 0

[2020-01-17T16:23:15-08:00]
rchar: 297458339264
wchar: 113551964672
syscr: 36018459
syscw: 5189706
read_bytes: 35073464832
write_bytes: 113563770880
cancelled_write_bytes: 0

[2020-01-17T16:23:18-08:00]
rchar: 298205561597
wchar: 113833217289
syscr: 36109025
syscw: 5204397
read_bytes: 35123706368
write_bytes: 113845059584
cancelled_write_bytes: 0

[2020-01-17T16:23:21-08:00]
rchar: 298475763672
wchar: 114065584350
syscr: 36141708
syscw: 5210564
read_bytes: 35143682560
write_bytes: 114077446144
cancelled_write_bytes: 0

[2020-01-17T16:23:24-08:00]
rchar: 299466838515
wchar: 114294531554
syscr: 36261885
syscw: 5228016
read_bytes: 35219282432
write_bytes: 114306416640
cancelled_write_bytes: 0

[2020-01-17T16:23:27-08:00]
rchar: 300522903129
wchar: 114565789750
syscr: 36389906
syscw: 5246432
read_bytes: 35301435904
write_bytes: 114577715200
cancelled_write_bytes: 0

[2020-01-17T16:23:30-08:00]
rchar: 301561800407
wchar: 114824790923
syscr: 36515881
syscw: 5264731
read_bytes: 35387529728
write_bytes: 114836738048
cancelled_write_bytes: 0

[2020-01-17T16:23:33-08:00]
rchar: 302005665783
wchar: 115047639243
syscr: 36569668
syscw: 5273167
read_bytes: 35420486144
write_bytes: 115059601408
cancelled_write_bytes: 0

[2020-01-17T16:23:37-08:00]
rchar: 302809150459
wchar: 115265677637
syscr: 36667012
syscw: 5285070
read_bytes: 35473279488
write_bytes: 115277668352
cancelled_write_bytes: 0

[2020-01-17T16:23:40-08:00]
rchar: 304027939346
wchar: 115519334919
syscr: 36814796
syscw: 5302968
read_bytes: 35556088320
write_bytes: 115531337728
cancelled_write_bytes: 0

[2020-01-17T16:23:43-08:00]
rchar: 305171096480
wchar: 115963066659
syscr: 36953333
syscw: 5316706
read_bytes: 35583568384
write_bytes: 115975122944
cancelled_write_bytes: 0

[2020-01-17T16:23:46-08:00]
rchar: 306261340110
wchar: 116186230622
syscr: 37085530
syscw: 5333511
read_bytes: 35654908416
write_bytes: 116198305792
cancelled_write_bytes: 0

[2020-01-17T16:23:49-08:00]
rchar: 306897980372
wchar: 116473661831
syscr: 37162645
syscw: 5343192
read_bytes: 35691428352
write_bytes: 116485758976
cancelled_write_bytes: 0

[2020-01-17T16:23:52-08:00]
rchar: 308116974905
wchar: 116785040213
syscr: 37310413
syscw: 5357561
read_bytes: 35746986496
write_bytes: 116797165568
cancelled_write_bytes: 0

[2020-01-17T16:23:55-08:00]
rchar: 309116156415
wchar: 117258584485
syscr: 37431570
syscw: 5365967
read_bytes: 35758774784
write_bytes: 117270740992
cancelled_write_bytes: 0

[2020-01-17T16:23:58-08:00]
rchar: 310561187868
wchar: 117944436668
syscr: 37606791
syscw: 5378363
read_bytes: 35776314880
write_bytes: 117956665344
cancelled_write_bytes: 0

[2020-01-17T16:24:01-08:00]
rchar: 311134834652
wchar: 118249935345
syscr: 37675770
syscw: 5387903
read_bytes: 35790671360
write_bytes: 118262206464
cancelled_write_bytes: 0

[2020-01-17T16:24:04-08:00]
rchar: 312063449632
wchar: 118806801774
syscr: 37788356
syscw: 5404386
read_bytes: 35814006272
write_bytes: 118819131392
cancelled_write_bytes: 0

[2020-01-17T16:24:07-08:00]
rchar: 312234206178
wchar: 119002268115
syscr: 37809029
syscw: 5407371
read_bytes: 35818122752
write_bytes: 119014621184
cancelled_write_bytes: 0

[2020-01-17T16:24:10-08:00]
rchar: 313141876305
wchar: 119557217348
syscr: 37918980
syscw: 5421214
read_bytes: 35837386240
write_bytes: 119570051072
cancelled_write_bytes: 0

[2020-01-17T16:24:13-08:00]
rchar: 313849532983
wchar: 119915827233
syscr: 38004752
syscw: 5431740
read_bytes: 35851726336
write_bytes: 119928274944
cancelled_write_bytes: 0

[2020-01-17T16:24:16-08:00]
rchar: 314854922951
wchar: 120403695097
syscr: 38126633
syscw: 5448023
read_bytes: 35874864640
write_bytes: 120416194560
cancelled_write_bytes: 0

[2020-01-17T16:24:19-08:00]
rchar: 315879130321
wchar: 120886031504
syscr: 38250738
syscw: 5465057
read_bytes: 35915836928
write_bytes: 120898576384
cancelled_write_bytes: 0

[2020-01-17T16:24:22-08:00]
rchar: 316313432814
wchar: 121036204727
syscr: 38303405
syscw: 5475161
read_bytes: 35951250944
write_bytes: 121049735168
cancelled_write_bytes: 0

[2020-01-17T16:24:25-08:00]
rchar: 317209656198
wchar: 121386747252
syscr: 38411996
syscw: 5491484
read_bytes: 36016655872
write_bytes: 121399341056
cancelled_write_bytes: 0

[2020-01-17T16:24:28-08:00]
rchar: 318265685049
wchar: 121643624044
syscr: 38540012
syscw: 5509626
read_bytes: 36095348224
write_bytes: 121656266752
cancelled_write_bytes: 0

[2020-01-17T16:24:31-08:00]
rchar: 319244513930
wchar: 121870816025
syscr: 38658701
syscw: 5527174
read_bytes: 36164808192
write_bytes: 121883467776
cancelled_write_bytes: 0

[2020-01-17T16:24:34-08:00]
rchar: 319962536911
wchar: 122038486357
syscr: 38745732
syscw: 5540151
read_bytes: 36216143360
write_bytes: 122051162112
cancelled_write_bytes: 0

[2020-01-17T16:24:37-08:00]
rchar: 320964569384
wchar: 122413856489
syscr: 38867151
syscw: 5555745
read_bytes: 36277231104
write_bytes: 122426556416
cancelled_write_bytes: 0

[2020-01-17T16:24:40-08:00]
rchar: 322169097952
wchar: 122664278191
syscr: 39013169
syscw: 5573549
read_bytes: 36352941568
write_bytes: 122677006336
cancelled_write_bytes: 0

[2020-01-17T16:24:43-08:00]
rchar: 323240775315
wchar: 122868874575
syscr: 39143116
syscw: 5589876
read_bytes: 36414914048
write_bytes: 122881613824
cancelled_write_bytes: 0

[2020-01-17T16:24:46-08:00]
rchar: 324320383644
wchar: 123098849076
syscr: 39273990
syscw: 5605922
read_bytes: 36480515584
write_bytes: 123111612416
cancelled_write_bytes: 0

[2020-01-17T16:24:49-08:00]
rchar: 325142751215
wchar: 123408092071
syscr: 39373623
syscw: 5617523
read_bytes: 36522061312
write_bytes: 123420999680
cancelled_write_bytes: 0

[2020-01-17T16:24:52-08:00]
rchar: 326384814531
wchar: 123624822109
syscr: 39524226
syscw: 5633472
read_bytes: 36585233920
write_bytes: 123637633024
cancelled_write_bytes: 0

[2020-01-17T16:24:55-08:00]
rchar: 327789348957
wchar: 124203540612
syscr: 39694495
syscw: 5646548
read_bytes: 36608314880
write_bytes: 124216397824
cancelled_write_bytes: 0

[2020-01-17T16:24:58-08:00]
rchar: 328563787800
wchar: 124602796132
syscr: 39788401
syscw: 5652640
read_bytes: 36615761408
write_bytes: 124615688192
cancelled_write_bytes: 0

[2020-01-17T16:25:01-08:00]
rchar: 329657796382
wchar: 125148091078
syscr: 39920488
syscw: 5663066
read_bytes: 36628250112
write_bytes: 125161037824
cancelled_write_bytes: 0

[2020-01-17T16:25:04-08:00]
rchar: 330353903373
wchar: 125589048945
syscr: 40004866
syscw: 5674019
read_bytes: 36642180608
write_bytes: 125602033664
cancelled_write_bytes: 0

[2020-01-17T16:25:07-08:00]
rchar: 330479440829
wchar: 125779194986
syscr: 40020063
syscw: 5675053
read_bytes: 36643102208
write_bytes: 125792219136
cancelled_write_bytes: 0

[2020-01-17T16:25:10-08:00]
rchar: 330480170821
wchar: 125865313229
syscr: 40020068
syscw: 5675141
read_bytes: 36643102208
write_bytes: 125878349824
cancelled_write_bytes: 0

[2020-01-17T16:25:13-08:00]
rchar: 330480170821
wchar: 125865313229
syscr: 40020068
syscw: 5675141
read_bytes: 36643102208
write_bytes: 125878349824
cancelled_write_bytes: 0

[2020-01-17T16:25:16-08:00]
rchar: 330480170821
wchar: 125865313229
syscr: 40020068
syscw: 5675141
read_bytes: 36643102208
write_bytes: 125878349824
cancelled_write_bytes: 0

