[2020-02-22T22:48:22-08:00]
rchar: 16584906
wchar: 209
syscr: 2826
syscw: 10
read_bytes: 712704
write_bytes: 53248
cancelled_write_bytes: 0

[2020-02-22T22:48:25-08:00]
rchar: 16584906
wchar: 209
syscr: 2826
syscw: 10
read_bytes: 712704
write_bytes: 53248
cancelled_write_bytes: 0

[2020-02-22T22:48:28-08:00]
rchar: 16584906
wchar: 209
syscr: 2826
syscw: 10
read_bytes: 712704
write_bytes: 53248
cancelled_write_bytes: 0

[2020-02-22T22:48:31-08:00]
rchar: 16584906
wchar: 209
syscr: 2826
syscw: 10
read_bytes: 712704
write_bytes: 53248
cancelled_write_bytes: 0

[2020-02-22T22:48:34-08:00]
rchar: 16584906
wchar: 209
syscr: 2826
syscw: 10
read_bytes: 712704
write_bytes: 69632
cancelled_write_bytes: 0

[2020-02-22T22:48:37-08:00]
rchar: 16584906
wchar: 209
syscr: 2826
syscw: 10
read_bytes: 712704
write_bytes: 69632
cancelled_write_bytes: 0

[2020-02-22T22:48:40-08:00]
rchar: 16584906
wchar: 209
syscr: 2826
syscw: 10
read_bytes: 712704
write_bytes: 77824
cancelled_write_bytes: 0

[2020-02-22T22:48:43-08:00]
rchar: 16584906
wchar: 209
syscr: 2826
syscw: 10
read_bytes: 712704
write_bytes: 77824
cancelled_write_bytes: 0

[2020-02-22T22:48:46-08:00]
rchar: 16584906
wchar: 209
syscr: 2826
syscw: 10
read_bytes: 712704
write_bytes: 86016
cancelled_write_bytes: 0

[2020-02-22T22:48:49-08:00]
rchar: 56829385
wchar: 37843314
syscr: 18921
syscw: 1291
read_bytes: 59713024
write_bytes: 37957632
cancelled_write_bytes: 0

[2020-02-22T22:48:52-08:00]
rchar: 227742235
wchar: 155031705
syscr: 65990
syscw: 6143
read_bytes: 329964032
write_bytes: 155164672
cancelled_write_bytes: 0

[2020-02-22T22:48:55-08:00]
rchar: 401009713
wchar: 254147684
syscr: 129921
syscw: 20294
read_bytes: 551746048
write_bytes: 254291968
cancelled_write_bytes: 0

[2020-02-22T22:48:58-08:00]
rchar: 494432834
wchar: 413039356
syscr: 162563
syscw: 28320
read_bytes: 643262976
write_bytes: 413224960
cancelled_write_bytes: 0

[2020-02-22T22:49:01-08:00]
rchar: 548592746
wchar: 448487764
syscr: 184568
syscw: 35993
read_bytes: 720468480
write_bytes: 448892928
cancelled_write_bytes: 0

[2020-02-22T22:49:04-08:00]
rchar: 625478540
wchar: 532044116
syscr: 216100
syscw: 46205
read_bytes: 829999616
write_bytes: 532656128
cancelled_write_bytes: 0

[2020-02-22T22:49:07-08:00]
rchar: 746600708
wchar: 611434951
syscr: 265523
syscw: 64221
read_bytes: 1001478656
write_bytes: 612093952
cancelled_write_bytes: 0

[2020-02-22T22:49:10-08:00]
rchar: 813179520
wchar: 706870332
syscr: 292481
syscw: 73936
read_bytes: 1092545024
write_bytes: 707629056
cancelled_write_bytes: 0

[2020-02-22T22:49:13-08:00]
rchar: 935641476
wchar: 837061981
syscr: 341923
syscw: 89452
read_bytes: 1258097152
write_bytes: 837857280
cancelled_write_bytes: 0

[2020-02-22T22:49:16-08:00]
rchar: 1054503508
wchar: 948997518
syscr: 390060
syscw: 107320
read_bytes: 1419184640
write_bytes: 949813248
cancelled_write_bytes: 0

[2020-02-22T22:49:19-08:00]
rchar: 1109299675
wchar: 1036294225
syscr: 411828
syscw: 114762
read_bytes: 1487735296
write_bytes: 1037398016
cancelled_write_bytes: 0

[2020-02-22T22:49:22-08:00]
rchar: 1226561980
wchar: 1127480977
syscr: 458779
syscw: 124572
read_bytes: 1636596224
write_bytes: 1128693760
cancelled_write_bytes: 0

[2020-02-22T22:49:25-08:00]
rchar: 1368837333
wchar: 1285133734
syscr: 515494
syscw: 142570
read_bytes: 1816816128
write_bytes: 1286402048
cancelled_write_bytes: 0

[2020-02-22T22:49:28-08:00]
rchar: 1493594169
wchar: 1397941216
syscr: 565106
syscw: 158839
read_bytes: 1972029952
write_bytes: 1399463936
cancelled_write_bytes: 0

[2020-02-22T22:49:31-08:00]
rchar: 1568531897
wchar: 1478013978
syscr: 594360
syscw: 167183
read_bytes: 2057280000
write_bytes: 1479540736
cancelled_write_bytes: 0

[2020-02-22T22:49:34-08:00]
rchar: 1671115455
wchar: 1551878224
syscr: 635119
syscw: 179129
read_bytes: 2170657280
write_bytes: 1553592320
cancelled_write_bytes: 0

[2020-02-22T22:49:37-08:00]
rchar: 1843406770
wchar: 1722579373
syscr: 696857
syscw: 188667
read_bytes: 2355329536
write_bytes: 1724334080
cancelled_write_bytes: 0

[2020-02-22T22:49:40-08:00]
rchar: 2114427993
wchar: 1972322806
syscr: 794311
syscw: 200945
read_bytes: 2642893312
write_bytes: 1974132736
cancelled_write_bytes: 0

[2020-02-22T22:49:43-08:00]
rchar: 2230584715
wchar: 2115419318
syscr: 837929
syscw: 211729
read_bytes: 2768333312
write_bytes: 2117267456
cancelled_write_bytes: 0

[2020-02-22T22:49:46-08:00]
rchar: 2424256743
wchar: 2293304819
syscr: 906444
syscw: 220757
read_bytes: 2961615360
write_bytes: 2295291904
cancelled_write_bytes: 0

[2020-02-22T22:49:49-08:00]
rchar: 2637259072
wchar: 2447391191
syscr: 984362
syscw: 233646
read_bytes: 3171834880
write_bytes: 2449547264
cancelled_write_bytes: 0

[2020-02-22T22:49:52-08:00]
rchar: 2711656524
wchar: 2559516667
syscr: 1010589
syscw: 237430
read_bytes: 3242184192
write_bytes: 2562064384
cancelled_write_bytes: 0

[2020-02-22T22:49:55-08:00]
rchar: 2849882574
wchar: 2686037374
syscr: 1057930
syscw: 241880
read_bytes: 3371863552
write_bytes: 2688786432
cancelled_write_bytes: 0

[2020-02-22T22:49:58-08:00]
rchar: 3150336258
wchar: 2935531426
syscr: 1160823
syscw: 251508
read_bytes: 3657920000
write_bytes: 2938310656
cancelled_write_bytes: 0

[2020-02-22T22:50:01-08:00]
rchar: 3405326609
wchar: 3181622733
syscr: 1247638
syscw: 259384
read_bytes: 3898105344
write_bytes: 3184451584
cancelled_write_bytes: 0

[2020-02-22T22:50:04-08:00]
rchar: 3684775648
wchar: 3434914489
syscr: 1342314
syscw: 266807
read_bytes: 4157607424
write_bytes: 3437768704
cancelled_write_bytes: 0

[2020-02-22T22:50:07-08:00]
rchar: 4012136587
wchar: 3721235494
syscr: 1453126
syscw: 274460
read_bytes: 4457692672
write_bytes: 3724128256
cancelled_write_bytes: 0

[2020-02-22T22:50:10-08:00]
rchar: 4186651803
wchar: 3916299226
syscr: 1513326
syscw: 281395
read_bytes: 4613533184
write_bytes: 3919323136
cancelled_write_bytes: 0

[2020-02-22T22:50:13-08:00]
rchar: 4348468681
wchar: 4049634009
syscr: 1568171
syscw: 287024
read_bytes: 4751793664
write_bytes: 4052774912
cancelled_write_bytes: 0

[2020-02-22T22:50:16-08:00]
rchar: 4762461918
wchar: 4400552147
syscr: 1705214
syscw: 293907
read_bytes: 5112319488
write_bytes: 4403736576
cancelled_write_bytes: 0

[2020-02-22T22:50:19-08:00]
rchar: 4997800589
wchar: 4624759300
syscr: 1784332
syscw: 301377
read_bytes: 5309791744
write_bytes: 4627976192
cancelled_write_bytes: 0

[2020-02-22T22:50:22-08:00]
rchar: 5283492214
wchar: 4835643796
syscr: 1879398
syscw: 308579
read_bytes: 5550521856
write_bytes: 4838895616
cancelled_write_bytes: 0

[2020-02-22T22:50:25-08:00]
rchar: 5534410997
wchar: 5078850355
syscr: 1962934
syscw: 314927
read_bytes: 5758234112
write_bytes: 5082136576
cancelled_write_bytes: 0

[2020-02-22T22:50:28-08:00]
rchar: 5686560818
wchar: 5215186280
syscr: 2014952
syscw: 321957
read_bytes: 5879135744
write_bytes: 5218652160
cancelled_write_bytes: 0

[2020-02-22T22:50:31-08:00]
rchar: 5791712676
wchar: 5273961106
syscr: 2051936
syscw: 329488
read_bytes: 5957950976
write_bytes: 5277716480
cancelled_write_bytes: 0

[2020-02-22T22:50:34-08:00]
rchar: 5893637971
wchar: 5365821378
syscr: 2087953
syscw: 335922
read_bytes: 6032084480
write_bytes: 5370003456
cancelled_write_bytes: 0

[2020-02-22T22:50:37-08:00]
rchar: 6174862668
wchar: 5566968897
syscr: 2186129
syscw: 347187
read_bytes: 6249938432
write_bytes: 5571186688
cancelled_write_bytes: 0

[2020-02-22T22:50:40-08:00]
rchar: 6452769783
wchar: 5774578697
syscr: 2281322
syscw: 354773
read_bytes: 6465461760
write_bytes: 5778821120
cancelled_write_bytes: 0

[2020-02-22T22:50:43-08:00]
rchar: 6720918905
wchar: 5978603462
syscr: 2373753
syscw: 363693
read_bytes: 6667046400
write_bytes: 5990879232
cancelled_write_bytes: 0

[2020-02-22T22:50:46-08:00]
rchar: 6993902787
wchar: 6188474841
syscr: 2467412
syscw: 373082
read_bytes: 6865858048
write_bytes: 6192963584
cancelled_write_bytes: 0

[2020-02-22T22:50:49-08:00]
rchar: 7079344694
wchar: 6257828868
syscr: 2497727
syscw: 379912
read_bytes: 6919192064
write_bytes: 6262620160
cancelled_write_bytes: 0

[2020-02-22T22:50:52-08:00]
rchar: 7176300849
wchar: 6299770153
syscr: 2532265
syscw: 387661
read_bytes: 6980587008
write_bytes: 6304927744
cancelled_write_bytes: 0

[2020-02-22T22:50:55-08:00]
rchar: 7314886298
wchar: 6392106515
syscr: 2582542
syscw: 396358
read_bytes: 7073816064
write_bytes: 6397562880
cancelled_write_bytes: 0

[2020-02-22T22:50:58-08:00]
rchar: 7441246713
wchar: 6480257045
syscr: 2629258
syscw: 405231
read_bytes: 7160020480
write_bytes: 6486462464
cancelled_write_bytes: 0

[2020-02-22T22:51:01-08:00]
rchar: 7586166518
wchar: 6590122381
syscr: 2677657
syscw: 408344
read_bytes: 7280885248
write_bytes: 6596980736
cancelled_write_bytes: 0

[2020-02-22T22:51:04-08:00]
rchar: 7851797260
wchar: 6843616805
syscr: 2764659
syscw: 413761
read_bytes: 7505939968
write_bytes: 6850564096
cancelled_write_bytes: 0

[2020-02-22T22:51:07-08:00]
rchar: 8097712139
wchar: 7093671496
syscr: 2846970
syscw: 420986
read_bytes: 7711325696
write_bytes: 7100788736
cancelled_write_bytes: 0

[2020-02-22T22:51:10-08:00]
rchar: 8194077783
wchar: 7193870169
syscr: 2883251
syscw: 427271
read_bytes: 7785364992
write_bytes: 7201169408
cancelled_write_bytes: 0

[2020-02-22T22:51:13-08:00]
rchar: 8280554470
wchar: 7253908655
syscr: 2916343
syscw: 435687
read_bytes: 7848840704
write_bytes: 7261483008
cancelled_write_bytes: 0

[2020-02-22T22:51:16-08:00]
rchar: 8393878433
wchar: 7325013794
syscr: 2960028
syscw: 444063
read_bytes: 7931493888
write_bytes: 7332798464
cancelled_write_bytes: 0

[2020-02-22T22:51:19-08:00]
rchar: 8493954635
wchar: 7407521032
syscr: 2998559
syscw: 452676
read_bytes: 8005897728
write_bytes: 7415533568
cancelled_write_bytes: 0

[2020-02-22T22:51:22-08:00]
rchar: 8571003946
wchar: 7479472428
syscr: 3028389
syscw: 460213
read_bytes: 8063512064
write_bytes: 7487676416
cancelled_write_bytes: 0

[2020-02-22T22:51:25-08:00]
rchar: 8707977901
wchar: 7562864470
syscr: 3081424
syscw: 472682
read_bytes: 8165150208
write_bytes: 7571394560
cancelled_write_bytes: 0

[2020-02-22T22:51:28-08:00]
rchar: 8793326264
wchar: 7607070513
syscr: 3118503
syscw: 477284
read_bytes: 8214593024
write_bytes: 7616204800
cancelled_write_bytes: 0

[2020-02-22T22:51:31-08:00]
rchar: 8910669301
wchar: 7669021214
syscr: 3158076
syscw: 482282
read_bytes: 8310816256
write_bytes: 7679438848
cancelled_write_bytes: 0

[2020-02-22T22:51:34-08:00]
rchar: 8990138126
wchar: 7815144767
syscr: 3184905
syscw: 485025
read_bytes: 8375533056
write_bytes: 7826104320
cancelled_write_bytes: 0

[2020-02-22T22:51:37-08:00]
rchar: 9224828433
wchar: 8024732749
syscr: 3262402
syscw: 489792
read_bytes: 8569314816
write_bytes: 8035946496
cancelled_write_bytes: 0

[2020-02-22T22:51:40-08:00]
rchar: 9558596276
wchar: 8310787234
syscr: 3371773
syscw: 497143
read_bytes: 8845934080
write_bytes: 8322064384
cancelled_write_bytes: 0

[2020-02-22T22:51:43-08:00]
rchar: 9731421149
wchar: 8473923580
syscr: 3428873
syscw: 501952
read_bytes: 8987340288
write_bytes: 8485310464
cancelled_write_bytes: 0

[2020-02-22T22:51:46-08:00]
rchar: 9954225874
wchar: 8703296238
syscr: 3502344
syscw: 507702
read_bytes: 9168432640
write_bytes: 8714805248
cancelled_write_bytes: 0

[2020-02-22T22:51:49-08:00]
rchar: 10288753371
wchar: 8970900291
syscr: 3611509
syscw: 514561
read_bytes: 9434582528
write_bytes: 8982441984
cancelled_write_bytes: 0

[2020-02-22T22:51:52-08:00]
rchar: 10604935497
wchar: 9270868179
syscr: 3715031
syscw: 521193
read_bytes: 9684880896
write_bytes: 9282473984
cancelled_write_bytes: 0

[2020-02-22T22:51:55-08:00]
rchar: 10799972746
wchar: 9457606862
syscr: 3779365
syscw: 526572
read_bytes: 9837862400
write_bytes: 9469341696
cancelled_write_bytes: 0

[2020-02-22T22:51:58-08:00]
rchar: 10992629682
wchar: 9612491557
syscr: 3844212
syscw: 533266
read_bytes: 9983495680
write_bytes: 9624432640
cancelled_write_bytes: 0

[2020-02-22T22:52:01-08:00]
rchar: 11233565067
wchar: 9817985892
syscr: 3924850
syscw: 540648
read_bytes: 10164817408
write_bytes: 9830109184
cancelled_write_bytes: 0

[2020-02-22T22:52:04-08:00]
rchar: 11304526199
wchar: 9910326689
syscr: 3949175
syscw: 543882
read_bytes: 10215411200
write_bytes: 9922535424
cancelled_write_bytes: 0

[2020-02-22T22:52:07-08:00]
rchar: 11630540647
wchar: 10186551039
syscr: 4058197
syscw: 552462
read_bytes: 10459409920
write_bytes: 10198847488
cancelled_write_bytes: 0

[2020-02-22T22:52:10-08:00]
rchar: 11840447430
wchar: 10349746572
syscr: 4129337
syscw: 560949
read_bytes: 10608152064
write_bytes: 10362785792
cancelled_write_bytes: 0

[2020-02-22T22:52:13-08:00]
rchar: 11940066393
wchar: 10448064026
syscr: 4165197
syscw: 568810
read_bytes: 10671808000
write_bytes: 10460950528
cancelled_write_bytes: 0

[2020-02-22T22:52:16-08:00]
rchar: 12106216547
wchar: 10559114683
syscr: 4223166
syscw: 576637
read_bytes: 10780519936
write_bytes: 10572267520
cancelled_write_bytes: 0

[2020-02-22T22:52:19-08:00]
rchar: 12232539527
wchar: 10646873080
syscr: 4268722
syscw: 585990
read_bytes: 10856504832
write_bytes: 10660339712
cancelled_write_bytes: 0

[2020-02-22T22:52:22-08:00]
rchar: 12378476206
wchar: 10726722698
syscr: 4321789
syscw: 596587
read_bytes: 10945773056
write_bytes: 10740387840
cancelled_write_bytes: 0

[2020-02-22T22:52:25-08:00]
rchar: 12449593439
wchar: 10813005951
syscr: 4349546
syscw: 602043
read_bytes: 10985815552
write_bytes: 10827509760
cancelled_write_bytes: 0

[2020-02-22T22:52:28-08:00]
rchar: 12611886315
wchar: 10957376014
syscr: 4407490
syscw: 608310
read_bytes: 11102907904
write_bytes: 10972147712
cancelled_write_bytes: 0

[2020-02-22T22:52:31-08:00]
rchar: 12708549714
wchar: 11004718381
syscr: 4444378
syscw: 616804
read_bytes: 11166334464
write_bytes: 11019747328
cancelled_write_bytes: 0

[2020-02-22T22:52:34-08:00]
rchar: 12836372365
wchar: 11099445777
syscr: 4493346
syscw: 626496
read_bytes: 11248676352
write_bytes: 11114782720
cancelled_write_bytes: 0

[2020-02-22T22:52:37-08:00]
rchar: 12926870588
wchar: 11176391727
syscr: 4528227
syscw: 634537
read_bytes: 11308113408
write_bytes: 11191955456
cancelled_write_bytes: 0

[2020-02-22T22:52:40-08:00]
rchar: 13065826028
wchar: 11259537962
syscr: 4581514
syscw: 646658
read_bytes: 11399769600
write_bytes: 11275407360
cancelled_write_bytes: 0

[2020-02-22T22:52:43-08:00]
rchar: 13158147329
wchar: 11343413018
syscr: 4617693
syscw: 652598
read_bytes: 11456954880
write_bytes: 11359719424
cancelled_write_bytes: 0

[2020-02-22T22:52:46-08:00]
rchar: 13376013969
wchar: 11522043477
syscr: 4690372
syscw: 658292
read_bytes: 11625042432
write_bytes: 11538644992
cancelled_write_bytes: 0

[2020-02-22T22:52:49-08:00]
rchar: 13709584164
wchar: 11790373857
syscr: 4800951
syscw: 666025
read_bytes: 11881177600
write_bytes: 11807068160
cancelled_write_bytes: 0

[2020-02-22T22:52:52-08:00]
rchar: 13847758823
wchar: 11956095597
syscr: 4847901
syscw: 671163
read_bytes: 11984060928
write_bytes: 11972947968
cancelled_write_bytes: 0

[2020-02-22T22:52:55-08:00]
rchar: 14155023192
wchar: 12225426071
syscr: 4950116
syscw: 677382
read_bytes: 12218667520
write_bytes: 12242325504
cancelled_write_bytes: 0

[2020-02-22T22:52:58-08:00]
rchar: 14415220895
wchar: 12419480685
syscr: 5037120
syscw: 685075
read_bytes: 12408615424
write_bytes: 12436578304
cancelled_write_bytes: 0

[2020-02-22T22:53:01-08:00]
rchar: 14690182834
wchar: 12679874362
syscr: 5127433
syscw: 690821
read_bytes: 12609810944
write_bytes: 12697067520
cancelled_write_bytes: 0

[2020-02-22T22:53:04-08:00]
rchar: 14800242834
wchar: 12842600024
syscr: 5165167
syscw: 695895
read_bytes: 12686111232
write_bytes: 12859949056
cancelled_write_bytes: 0

[2020-02-22T22:53:07-08:00]
rchar: 15025072451
wchar: 13009581618
syscr: 5240816
syscw: 701765
read_bytes: 12842803712
write_bytes: 13027180544
cancelled_write_bytes: 0

[2020-02-22T22:53:10-08:00]
rchar: 15201893839
wchar: 13129467963
syscr: 5301469
syscw: 708104
read_bytes: 12961223168
write_bytes: 13167116288
cancelled_write_bytes: 0

[2020-02-22T22:53:13-08:00]
rchar: 15329139528
wchar: 13280776215
syscr: 5345632
syscw: 713868
read_bytes: 13043458560
write_bytes: 13298778112
cancelled_write_bytes: 0

[2020-02-22T22:53:16-08:00]
rchar: 15451226715
wchar: 13351975624
syscr: 5391087
syscw: 723283
read_bytes: 13112881664
write_bytes: 13370228736
cancelled_write_bytes: 0

[2020-02-22T22:53:19-08:00]
rchar: 15572496892
wchar: 13425293446
syscr: 5436999
syscw: 731214
read_bytes: 13184422400
write_bytes: 13443796992
cancelled_write_bytes: 0

[2020-02-22T22:53:22-08:00]
rchar: 15707480165
wchar: 13516878946
syscr: 5487854
syscw: 739729
read_bytes: 13260530176
write_bytes: 13535625216
cancelled_write_bytes: 0

[2020-02-22T22:53:25-08:00]
rchar: 15831345993
wchar: 13587152388
syscr: 5534690
syscw: 749603
read_bytes: 13330088448
write_bytes: 13606133760
cancelled_write_bytes: 0

[2020-02-22T22:53:28-08:00]
rchar: 15934340825
wchar: 13706821438
syscr: 5573780
syscw: 754909
read_bytes: 13391270400
write_bytes: 13727023104
cancelled_write_bytes: 0

[2020-02-22T22:53:31-08:00]
rchar: 16104952596
wchar: 13848917304
syscr: 5634866
syscw: 762429
read_bytes: 13506089472
write_bytes: 13869248512
cancelled_write_bytes: 0

[2020-02-22T22:53:34-08:00]
rchar: 16251646253
wchar: 13950967839
syscr: 5690724
syscw: 773058
read_bytes: 13594202624
write_bytes: 13971623936
cancelled_write_bytes: 0

[2020-02-22T22:53:37-08:00]
rchar: 16381652977
wchar: 14026868098
syscr: 5740466
syscw: 782799
read_bytes: 13671047680
write_bytes: 14047744000
cancelled_write_bytes: 0

[2020-02-22T22:53:40-08:00]
rchar: 16587301615
wchar: 14162256533
syscr: 5815293
syscw: 793180
read_bytes: 13802312192
write_bytes: 14183370752
cancelled_write_bytes: 0

[2020-02-22T22:53:43-08:00]
rchar: 16691381825
wchar: 14234356918
syscr: 5856492
syscw: 796010
read_bytes: 13860839936
write_bytes: 14256103424
cancelled_write_bytes: 0

[2020-02-22T22:53:46-08:00]
rchar: 16762386933
wchar: 14267058264
syscr: 5880482
syscw: 797948
read_bytes: 13910688256
write_bytes: 14289465344
cancelled_write_bytes: 0

[2020-02-22T22:53:49-08:00]
rchar: 16865903861
wchar: 14362756140
syscr: 5915569
syscw: 802001
read_bytes: 13984498176
write_bytes: 14385684480
cancelled_write_bytes: 0

[2020-02-22T22:53:52-08:00]
rchar: 17045161613
wchar: 14554786056
syscr: 5975349
syscw: 806188
read_bytes: 14112043520
write_bytes: 14578036736
cancelled_write_bytes: 0

[2020-02-22T22:53:55-08:00]
rchar: 17211539351
wchar: 14703118009
syscr: 6030288
syscw: 811315
read_bytes: 14232703488
write_bytes: 14726598656
cancelled_write_bytes: 0

[2020-02-22T22:53:58-08:00]
rchar: 17485799703
wchar: 14947007681
syscr: 6121303
syscw: 817425
read_bytes: 14429610496
write_bytes: 14970634240
cancelled_write_bytes: 0

[2020-02-22T22:54:01-08:00]
rchar: 17663015623
wchar: 15116332102
syscr: 6180244
syscw: 822614
read_bytes: 14553051648
write_bytes: 15140237312
cancelled_write_bytes: 0

[2020-02-22T22:54:05-08:00]
rchar: 17789446497
wchar: 15262953682
syscr: 6222353
syscw: 826608
read_bytes: 14642909696
write_bytes: 15287037952
cancelled_write_bytes: 0

[2020-02-22T22:54:08-08:00]
rchar: 17960095649
wchar: 15381825934
syscr: 6280034
syscw: 832537
read_bytes: 14755750400
write_bytes: 15406186496
cancelled_write_bytes: 0

[2020-02-22T22:54:11-08:00]
rchar: 18122927434
wchar: 15545260393
syscr: 6333847
syscw: 836378
read_bytes: 14866452992
write_bytes: 15569715200
cancelled_write_bytes: 0

[2020-02-22T22:54:14-08:00]
rchar: 18423171707
wchar: 15799994702
syscr: 6436115
syscw: 845523
read_bytes: 15061062144
write_bytes: 15824617472
cancelled_write_bytes: 0

[2020-02-22T22:54:17-08:00]
rchar: 18583820004
wchar: 15958178220
syscr: 6491869
syscw: 852189
read_bytes: 15158895104
write_bytes: 15982997504
cancelled_write_bytes: 0

[2020-02-22T22:54:20-08:00]
rchar: 18740096777
wchar: 16053238456
syscr: 6548110
syscw: 860717
read_bytes: 15247450624
write_bytes: 16078233600
cancelled_write_bytes: 0

[2020-02-22T22:54:23-08:00]
rchar: 18868684160
wchar: 16128037603
syscr: 6596279
syscw: 870390
read_bytes: 15316673024
write_bytes: 16153264128
cancelled_write_bytes: 0

[2020-02-22T22:54:26-08:00]
rchar: 18979513364
wchar: 16213298821
syscr: 6638619
syscw: 878778
read_bytes: 15375720960
write_bytes: 16238768128
cancelled_write_bytes: 0

[2020-02-22T22:54:29-08:00]
rchar: 19094898447
wchar: 16300772539
syscr: 6682473
syscw: 888119
read_bytes: 15439389184
write_bytes: 16326508544
cancelled_write_bytes: 0

[2020-02-22T22:54:32-08:00]
rchar: 19219823279
wchar: 16366676714
syscr: 6729849
syscw: 893266
read_bytes: 15511745024
write_bytes: 16393281536
cancelled_write_bytes: 0

[2020-02-22T22:54:35-08:00]
rchar: 19319039209
wchar: 16423386436
syscr: 6763611
syscw: 897200
read_bytes: 15577776640
write_bytes: 16450506752
cancelled_write_bytes: 0

[2020-02-22T22:54:38-08:00]
rchar: 19461980491
wchar: 16568176132
syscr: 6811815
syscw: 901892
read_bytes: 15672398336
write_bytes: 16595587072
cancelled_write_bytes: 0

[2020-02-22T22:54:41-08:00]
rchar: 19814745582
wchar: 16879246441
syscr: 6927850
syscw: 908606
read_bytes: 15915508224
write_bytes: 16906850304
cancelled_write_bytes: 0

[2020-02-22T22:54:44-08:00]
rchar: 19982771093
wchar: 17020251845
syscr: 6982874
syscw: 912405
read_bytes: 16029975040
write_bytes: 17048002560
cancelled_write_bytes: 0

[2020-02-22T22:54:47-08:00]
rchar: 20163585222
wchar: 17223753733
syscr: 7043787
syscw: 917949
read_bytes: 16150954496
write_bytes: 17251700736
cancelled_write_bytes: 0

[2020-02-22T22:54:50-08:00]
rchar: 20316949572
wchar: 17364528012
syscr: 7096656
syscw: 923743
read_bytes: 16247611904
write_bytes: 17392689152
cancelled_write_bytes: 0

[2020-02-22T22:54:53-08:00]
rchar: 20572741631
wchar: 17615181628
syscr: 7183794
syscw: 930506
read_bytes: 16414056960
write_bytes: 17643421696
cancelled_write_bytes: 0

[2020-02-22T22:54:56-08:00]
rchar: 20679736356
wchar: 17715708697
syscr: 7223731
syscw: 938125
read_bytes: 16472117760
write_bytes: 17744244736
cancelled_write_bytes: 0

[2020-02-22T22:54:59-08:00]
rchar: 20815349148
wchar: 17773312941
syscr: 7274532
syscw: 946919
read_bytes: 16539120128
write_bytes: 17802063872
cancelled_write_bytes: 0

[2020-02-22T22:55:02-08:00]
rchar: 20944245983
wchar: 17863068884
syscr: 7322956
syscw: 956366
read_bytes: 16602882560
write_bytes: 17892081664
cancelled_write_bytes: 0

[2020-02-22T22:55:05-08:00]
rchar: 21097265465
wchar: 17939569903
syscr: 7383665
syscw: 965702
read_bytes: 16673550848
write_bytes: 17968930816
cancelled_write_bytes: 0

[2020-02-22T22:55:08-08:00]
rchar: 21253824681
wchar: 18016338099
syscr: 7435366
syscw: 969919
read_bytes: 16776983040
write_bytes: 18046345216
cancelled_write_bytes: 0

[2020-02-22T22:55:11-08:00]
rchar: 21351005632
wchar: 18093523485
syscr: 7468304
syscw: 973690
read_bytes: 16840348160
write_bytes: 18123952128
cancelled_write_bytes: 0

[2020-02-22T22:55:14-08:00]
rchar: 21586150309
wchar: 18342760275
syscr: 7545208
syscw: 978974
read_bytes: 16999662080
write_bytes: 18373341184
cancelled_write_bytes: 0

[2020-02-22T22:55:17-08:00]
rchar: 21920870042
wchar: 18609114469
syscr: 7655215
syscw: 986305
read_bytes: 17221497344
write_bytes: 18639839232
cancelled_write_bytes: 0

[2020-02-22T22:55:20-08:00]
rchar: 22061915112
wchar: 18773961331
syscr: 7702599
syscw: 990190
read_bytes: 17311556096
write_bytes: 18804858880
cancelled_write_bytes: 0

[2020-02-22T22:55:23-08:00]
rchar: 22243646912
wchar: 18953580626
syscr: 7764543
syscw: 996399
read_bytes: 17425031680
write_bytes: 18984644608
cancelled_write_bytes: 0

[2020-02-22T22:55:26-08:00]
rchar: 22363201376
wchar: 19053077984
syscr: 7805939
syscw: 1001776
read_bytes: 17496945152
write_bytes: 19084443648
cancelled_write_bytes: 0

[2020-02-22T22:55:29-08:00]
rchar: 22575546965
wchar: 19276171166
syscr: 7876632
syscw: 1007131
read_bytes: 17627046400
write_bytes: 19307708416
cancelled_write_bytes: 0

[2020-02-22T22:55:32-08:00]
rchar: 22786726328
wchar: 19407237891
syscr: 7948324
syscw: 1013768
read_bytes: 17753674240
write_bytes: 19438993408
cancelled_write_bytes: 0

[2020-02-22T22:55:35-08:00]
rchar: 23060733463
wchar: 19683303550
syscr: 8040945
syscw: 1021066
read_bytes: 17913991680
write_bytes: 19715207168
cancelled_write_bytes: 0

[2020-02-22T22:55:38-08:00]
rchar: 23226145289
wchar: 19793364594
syscr: 8099323
syscw: 1028191
read_bytes: 17999540736
write_bytes: 19825471488
cancelled_write_bytes: 0

[2020-02-22T22:55:41-08:00]
rchar: 23348915278
wchar: 19878254145
syscr: 8144611
syscw: 1036817
read_bytes: 18054631936
write_bytes: 19910541312
cancelled_write_bytes: 0

[2020-02-22T22:55:44-08:00]
rchar: 23494534601
wchar: 19975731766
syscr: 8199069
syscw: 1047334
read_bytes: 18123891200
write_bytes: 20008218624
cancelled_write_bytes: 0

[2020-02-22T22:55:47-08:00]
rchar: 23618634171
wchar: 20063883155
syscr: 8245630
syscw: 1056547
read_bytes: 18182775296
write_bytes: 20096593920
cancelled_write_bytes: 0

[2020-02-22T22:55:50-08:00]
rchar: 23804999377
wchar: 20175169691
syscr: 8314848
syscw: 1067233
read_bytes: 18266128896
write_bytes: 20208185344
cancelled_write_bytes: 0

[2020-02-22T22:55:53-08:00]
rchar: 23957849901
wchar: 20267547692
syscr: 8373963
syscw: 1077742
read_bytes: 18331075072
write_bytes: 20300898304
cancelled_write_bytes: 0

[2020-02-22T22:55:56-08:00]
rchar: 24121311465
wchar: 20338527133
syscr: 8429569
syscw: 1084270
read_bytes: 18427683328
write_bytes: 20373381120
cancelled_write_bytes: 0

[2020-02-22T22:55:59-08:00]
rchar: 24316809132
wchar: 20484617925
syscr: 8494635
syscw: 1089293
read_bytes: 18548163072
write_bytes: 20518739968
cancelled_write_bytes: 0

[2020-02-22T22:56:02-08:00]
rchar: 24522824718
wchar: 20725047227
syscr: 8564795
syscw: 1095841
read_bytes: 18669498880
write_bytes: 20759326720
cancelled_write_bytes: 0

[2020-02-22T22:56:05-08:00]
rchar: 24803234610
wchar: 20955048398
syscr: 8659026
syscw: 1103747
read_bytes: 18839368192
write_bytes: 20989415424
cancelled_write_bytes: 0

[2020-02-22T22:56:08-08:00]
rchar: 24909959360
wchar: 21096408663
syscr: 8695941
syscw: 1108372
read_bytes: 18899071488
write_bytes: 21131014144
cancelled_write_bytes: 0

[2020-02-22T22:56:11-08:00]
rchar: 25044297424
wchar: 21228517571
syscr: 8742895
syscw: 1114504
read_bytes: 18971910656
write_bytes: 21263421440
cancelled_write_bytes: 0

[2020-02-22T22:56:14-08:00]
rchar: 25336760116
wchar: 21409536734
syscr: 8842189
syscw: 1122406
read_bytes: 19131630080
write_bytes: 21444583424
cancelled_write_bytes: 0

[2020-02-22T22:56:17-08:00]
rchar: 25637416531
wchar: 21674202355
syscr: 8944880
syscw: 1130878
read_bytes: 19293635072
write_bytes: 21709369344
cancelled_write_bytes: 0

[2020-02-22T22:56:20-08:00]
rchar: 25818208214
wchar: 21804875565
syscr: 9008716
syscw: 1138804
read_bytes: 19381441024
write_bytes: 21840228352
cancelled_write_bytes: 0

[2020-02-22T22:56:23-08:00]
rchar: 25934090161
wchar: 21885426560
syscr: 9051330
syscw: 1147114
read_bytes: 19429265920
write_bytes: 21920948224
cancelled_write_bytes: 0

[2020-02-22T22:56:26-08:00]
rchar: 26104617770
wchar: 21987581924
syscr: 9114029
syscw: 1157369
read_bytes: 19499921920
write_bytes: 22023352320
cancelled_write_bytes: 0

[2020-02-22T22:56:29-08:00]
rchar: 26234944898
wchar: 22076463643
syscr: 9162650
syscw: 1166294
read_bytes: 19555332608
write_bytes: 22112423936
cancelled_write_bytes: 0

[2020-02-22T22:56:32-08:00]
rchar: 26418094107
wchar: 22170184746
syscr: 9231349
syscw: 1177707
read_bytes: 19631272448
write_bytes: 22206726144
cancelled_write_bytes: 0

[2020-02-22T22:56:35-08:00]
rchar: 26521844844
wchar: 22277138696
syscr: 9269742
syscw: 1182600
read_bytes: 19681321472
write_bytes: 22314758144
cancelled_write_bytes: 0

[2020-02-22T22:56:38-08:00]
rchar: 26752817881
wchar: 22468854570
syscr: 9350920
syscw: 1191383
read_bytes: 19805049344
write_bytes: 22506614784
cancelled_write_bytes: 0

[2020-02-22T22:56:41-08:00]
rchar: 26981726502
wchar: 22625310675
syscr: 9434283
syscw: 1201998
read_bytes: 19917877760
write_bytes: 22663299072
cancelled_write_bytes: 0

[2020-02-22T22:56:44-08:00]
rchar: 27126261014
wchar: 22724763670
syscr: 9488568
syscw: 1211469
read_bytes: 19982242304
write_bytes: 22762991616
cancelled_write_bytes: 0

[2020-02-22T22:56:47-08:00]
rchar: 27254990263
wchar: 22813335561
syscr: 9536737
syscw: 1221091
read_bytes: 20036567552
write_bytes: 22851784704
cancelled_write_bytes: 0

[2020-02-22T22:56:50-08:00]
rchar: 27389247045
wchar: 22917880040
syscr: 9589569
syscw: 1230386
read_bytes: 20089352704
write_bytes: 22956679168
cancelled_write_bytes: 0

[2020-02-22T22:56:53-08:00]
rchar: 27511489392
wchar: 22992947477
syscr: 9633394
syscw: 1237799
read_bytes: 20150514176
write_bytes: 23032586240
cancelled_write_bytes: 0

[2020-02-22T22:56:56-08:00]
rchar: 27641112703
wchar: 23086917910
syscr: 9680599
syscw: 1244824
read_bytes: 20215955968
write_bytes: 23127064576
cancelled_write_bytes: 0

[2020-02-22T22:56:59-08:00]
rchar: 27852750641
wchar: 23280348196
syscr: 9755125
syscw: 1253017
read_bytes: 20327289344
write_bytes: 23320653824
cancelled_write_bytes: 0

[2020-02-22T22:57:02-08:00]
rchar: 28112813391
wchar: 23485199560
syscr: 9845650
syscw: 1262041
read_bytes: 20465779200
write_bytes: 23525683200
cancelled_write_bytes: 0

[2020-02-22T22:57:05-08:00]
rchar: 28310919401
wchar: 23648029877
syscr: 9916953
syscw: 1271648
read_bytes: 20560921088
write_bytes: 23688683520
cancelled_write_bytes: 0

[2020-02-22T22:57:08-08:00]
rchar: 28531895609
wchar: 23798904577
syscr: 9995901
syscw: 1281419
read_bytes: 20661199360
write_bytes: 23839772672
cancelled_write_bytes: 0

[2020-02-22T22:57:11-08:00]
rchar: 28688684573
wchar: 23896075826
syscr: 10053403
syscw: 1291059
read_bytes: 20723945984
write_bytes: 23937146880
cancelled_write_bytes: 0

[2020-02-22T22:57:14-08:00]
rchar: 28844208811
wchar: 23993031573
syscr: 10110613
syscw: 1301118
read_bytes: 20788064768
write_bytes: 24034324480
cancelled_write_bytes: 0

[2020-02-22T22:57:17-08:00]
rchar: 29014325443
wchar: 24095354929
syscr: 10173025
syscw: 1312205
read_bytes: 20854952448
write_bytes: 24136871936
cancelled_write_bytes: 0

[2020-02-22T22:57:20-08:00]
rchar: 29239849806
wchar: 24239834806
syscr: 10256444
syscw: 1324830
read_bytes: 20948206080
write_bytes: 24281690112
cancelled_write_bytes: 0

[2020-02-22T22:57:23-08:00]
rchar: 29354795379
wchar: 24340577440
syscr: 10299401
syscw: 1332510
read_bytes: 20995777024
write_bytes: 24382640128
cancelled_write_bytes: 0

[2020-02-22T22:57:26-08:00]
rchar: 29543836852
wchar: 24451747871
syscr: 10369033
syscw: 1343916
read_bytes: 21069931008
write_bytes: 24494116864
cancelled_write_bytes: 0

[2020-02-22T22:57:29-08:00]
rchar: 29723004011
wchar: 24557762616
syscr: 10434956
syscw: 1354046
read_bytes: 21139456512
write_bytes: 24600387584
cancelled_write_bytes: 0

[2020-02-22T22:57:32-08:00]
rchar: 29887557697
wchar: 24658360945
syscr: 10495562
syscw: 1363912
read_bytes: 21205901824
write_bytes: 24701235200
cancelled_write_bytes: 0

[2020-02-22T22:57:35-08:00]
rchar: 30039098561
wchar: 24756610207
syscr: 10551994
syscw: 1371389
read_bytes: 21268247040
write_bytes: 24799698944
cancelled_write_bytes: 0

[2020-02-22T22:57:38-08:00]
rchar: 30247717899
wchar: 24910344918
syscr: 10629400
syscw: 1384191
read_bytes: 21351092736
write_bytes: 24953761792
cancelled_write_bytes: 0

[2020-02-22T22:57:41-08:00]
rchar: 30405543171
wchar: 25007643861
syscr: 10687328
syscw: 1393517
read_bytes: 21413224960
write_bytes: 25051283456
cancelled_write_bytes: 0

[2020-02-22T22:57:44-08:00]
rchar: 30610738210
wchar: 25126543733
syscr: 10762792
syscw: 1403897
read_bytes: 21491536384
write_bytes: 25170649088
cancelled_write_bytes: 0

[2020-02-22T22:57:47-08:00]
rchar: 30729362403
wchar: 25208489601
syscr: 10807593
syscw: 1411615
read_bytes: 21539873280
write_bytes: 25253187584
cancelled_write_bytes: 0

[2020-02-22T22:57:50-08:00]
rchar: 30834984196
wchar: 25306588146
syscr: 10846726
syscw: 1418415
read_bytes: 21583811072
write_bytes: 25351610368
cancelled_write_bytes: 0

[2020-02-22T22:57:53-08:00]
rchar: 31071957544
wchar: 25436251697
syscr: 10934854
syscw: 1428546
read_bytes: 21683089920
write_bytes: 25481633792
cancelled_write_bytes: 0

[2020-02-22T22:57:56-08:00]
rchar: 31172857835
wchar: 25523270606
syscr: 10972917
syscw: 1432774
read_bytes: 21725098496
write_bytes: 25569574912
cancelled_write_bytes: 0

[2020-02-22T22:57:59-08:00]
rchar: 31345076368
wchar: 25655401487
syscr: 11033494
syscw: 1440615
read_bytes: 21808509440
write_bytes: 25701969920
cancelled_write_bytes: 0

[2020-02-22T22:58:02-08:00]
rchar: 31544571428
wchar: 25863221562
syscr: 11102597
syscw: 1448300
read_bytes: 21908238848
write_bytes: 25909972992
cancelled_write_bytes: 0

[2020-02-22T22:58:05-08:00]
rchar: 31675304523
wchar: 25917004464
syscr: 11150984
syscw: 1457154
read_bytes: 21965128192
write_bytes: 25964068864
cancelled_write_bytes: 0

[2020-02-22T22:58:08-08:00]
rchar: 32095544883
wchar: 26208256099
syscr: 11296929
syscw: 1467228
read_bytes: 22155706880
write_bytes: 26255441920
cancelled_write_bytes: 0

[2020-02-22T22:58:11-08:00]
rchar: 32162603324
wchar: 26294278517
syscr: 11323602
syscw: 1468473
read_bytes: 22182552064
write_bytes: 26342584320
cancelled_write_bytes: 0

[2020-02-22T22:58:14-08:00]
rchar: 32247745524
wchar: 26354107981
syscr: 11353429
syscw: 1473141
read_bytes: 22222406144
write_bytes: 26403086336
cancelled_write_bytes: 0

[2020-02-22T22:58:17-08:00]
rchar: 32379334600
wchar: 26421637943
syscr: 11400547
syscw: 1480249
read_bytes: 22280733184
write_bytes: 26470973440
cancelled_write_bytes: 0

[2020-02-22T22:58:20-08:00]
rchar: 32579491343
wchar: 26589327806
syscr: 11471778
syscw: 1490316
read_bytes: 22371410432
write_bytes: 26639011840
cancelled_write_bytes: 0

[2020-02-22T22:58:23-08:00]
rchar: 32839523279
wchar: 26820451451
syscr: 11562123
syscw: 1499106
read_bytes: 22494372352
write_bytes: 26870259712
cancelled_write_bytes: 0

[2020-02-22T22:58:26-08:00]
rchar: 33033416837
wchar: 27003710897
syscr: 11629484
syscw: 1503622
read_bytes: 22583312896
write_bytes: 27053707264
cancelled_write_bytes: 0

[2020-02-22T22:58:29-08:00]
rchar: 33400220280
wchar: 27259696601
syscr: 11756550
syscw: 1511652
read_bytes: 22742450688
write_bytes: 27309760512
cancelled_write_bytes: 0

[2020-02-22T22:58:32-08:00]
rchar: 33578034410
wchar: 27365569980
syscr: 11821527
syscw: 1522152
read_bytes: 22807577088
write_bytes: 27415859200
cancelled_write_bytes: 0

[2020-02-22T22:58:35-08:00]
rchar: 33767333190
wchar: 27475214900
syscr: 11890957
syscw: 1531967
read_bytes: 22875972096
write_bytes: 27525730304
cancelled_write_bytes: 0

[2020-02-22T22:58:38-08:00]
rchar: 33920733383
wchar: 27607530084
syscr: 11947941
syscw: 1541638
read_bytes: 22932918784
write_bytes: 27658235904
cancelled_write_bytes: 0

[2020-02-22T22:58:41-08:00]
rchar: 34110356794
wchar: 27718246437
syscr: 12017943
syscw: 1553381
read_bytes: 22999876096
write_bytes: 27769208832
cancelled_write_bytes: 0

[2020-02-22T22:58:44-08:00]
rchar: 34332298453
wchar: 27840092216
syscr: 12099128
syscw: 1565109
read_bytes: 23076332032
write_bytes: 27891335168
cancelled_write_bytes: 0

[2020-02-22T22:58:47-08:00]
rchar: 34528312231
wchar: 27986640611
syscr: 12170647
syscw: 1576396
read_bytes: 23144305152
write_bytes: 28038176768
cancelled_write_bytes: 0

[2020-02-22T22:58:50-08:00]
rchar: 34715778569
wchar: 28093778258
syscr: 12239444
syscw: 1586286
read_bytes: 23209681408
write_bytes: 28145512448
cancelled_write_bytes: 0

[2020-02-22T22:58:53-08:00]
rchar: 34908346067
wchar: 28187974840
syscr: 12312151
syscw: 1596599
read_bytes: 23274439168
write_bytes: 28240306176
cancelled_write_bytes: 0

[2020-02-22T22:58:56-08:00]
rchar: 34990485582
wchar: 28267255681
syscr: 12342533
syscw: 1599995
read_bytes: 23306281472
write_bytes: 28320571392
cancelled_write_bytes: 0

[2020-02-22T22:58:59-08:00]
rchar: 35118647305
wchar: 28367425078
syscr: 12388916
syscw: 1607417
read_bytes: 23360135680
write_bytes: 28421316608
cancelled_write_bytes: 0

[2020-02-22T22:59:02-08:00]
rchar: 35373924171
wchar: 28544502266
syscr: 12477942
syscw: 1615398
read_bytes: 23471841792
write_bytes: 28598525952
cancelled_write_bytes: 0

[2020-02-22T22:59:05-08:00]
rchar: 35596770895
wchar: 28742152695
syscr: 12558665
syscw: 1622447
read_bytes: 23563551232
write_bytes: 28797161472
cancelled_write_bytes: 0

[2020-02-22T22:59:08-08:00]
rchar: 35748261887
wchar: 28888683807
syscr: 12614440
syscw: 1630508
read_bytes: 23626412544
write_bytes: 28944191488
cancelled_write_bytes: 0

[2020-02-22T22:59:11-08:00]
rchar: 36111844722
wchar: 29097546994
syscr: 12742664
syscw: 1639263
read_bytes: 23782650368
write_bytes: 29153169408
cancelled_write_bytes: 0

[2020-02-22T22:59:14-08:00]
rchar: 36250481170
wchar: 29288954449
syscr: 12792319
syscw: 1644224
read_bytes: 23835906560
write_bytes: 29344747520
cancelled_write_bytes: 0

[2020-02-22T22:59:17-08:00]
rchar: 36435059100
wchar: 29362356550
syscr: 12859593
syscw: 1654637
read_bytes: 23900643840
write_bytes: 29418377216
cancelled_write_bytes: 0

[2020-02-22T22:59:20-08:00]
rchar: 36594882172
wchar: 29475356278
syscr: 12921216
syscw: 1662817
read_bytes: 23954715136
write_bytes: 29531906048
cancelled_write_bytes: 0

[2020-02-22T22:59:23-08:00]
rchar: 36721794686
wchar: 29536961665
syscr: 12966936
syscw: 1670492
read_bytes: 24008200704
write_bytes: 29594214400
cancelled_write_bytes: 0

[2020-02-22T22:59:26-08:00]
rchar: 36882550892
wchar: 29711767710
syscr: 13023893
syscw: 1678501
read_bytes: 24075821568
write_bytes: 29769269248
cancelled_write_bytes: 0

[2020-02-22T22:59:29-08:00]
rchar: 36994000373
wchar: 29792730056
syscr: 13065044
syscw: 1687263
read_bytes: 24119882240
write_bytes: 29850537984
cancelled_write_bytes: 0

[2020-02-22T22:59:32-08:00]
rchar: 37144713086
wchar: 29876676959
syscr: 13121425
syscw: 1698402
read_bytes: 24176034304
write_bytes: 29934923776
cancelled_write_bytes: 0

[2020-02-22T22:59:35-08:00]
rchar: 37334766717
wchar: 29990810865
syscr: 13191458
syscw: 1708840
read_bytes: 24243102208
write_bytes: 30049304576
cancelled_write_bytes: 0

[2020-02-22T22:59:38-08:00]
rchar: 37432718146
wchar: 30100270217
syscr: 13230638
syscw: 1714948
read_bytes: 24273412608
write_bytes: 30159749120
cancelled_write_bytes: 0

[2020-02-22T22:59:41-08:00]
rchar: 37592385685
wchar: 30164585119
syscr: 13289651
syscw: 1725295
read_bytes: 24335507968
write_bytes: 30224871424
cancelled_write_bytes: 0

[2020-02-22T22:59:44-08:00]
rchar: 37771177835
wchar: 30329003184
syscr: 13354991
syscw: 1734753
read_bytes: 24407208448
write_bytes: 30389518336
cancelled_write_bytes: 0

[2020-02-22T22:59:47-08:00]
rchar: 37927463072
wchar: 30469808563
syscr: 13414092
syscw: 1744585
read_bytes: 24464421376
write_bytes: 30530576384
cancelled_write_bytes: 0

[2020-02-22T22:59:50-08:00]
rchar: 38147252063
wchar: 30590052831
syscr: 13500014
syscw: 1755146
read_bytes: 24540033536
write_bytes: 30651224064
cancelled_write_bytes: 0

[2020-02-22T22:59:53-08:00]
rchar: 38239731673
wchar: 30653131268
syscr: 13532361
syscw: 1760586
read_bytes: 24577982976
write_bytes: 30714953728
cancelled_write_bytes: 0

[2020-02-22T22:59:56-08:00]
rchar: 38371182656
wchar: 30727520038
syscr: 13578601
syscw: 1768062
read_bytes: 24631104000
write_bytes: 30789849088
cancelled_write_bytes: 0

[2020-02-22T22:59:59-08:00]
rchar: 38552851885
wchar: 30928811023
syscr: 13641776
syscw: 1775911
read_bytes: 24711012864
write_bytes: 30991355904
cancelled_write_bytes: 0

[2020-02-22T23:00:02-08:00]
rchar: 38780945758
wchar: 31099123468
syscr: 13720408
syscw: 1784228
read_bytes: 24806732288
write_bytes: 31161884672
cancelled_write_bytes: 0

[2020-02-22T23:00:05-08:00]
rchar: 38980979724
wchar: 31241994198
syscr: 13791355
syscw: 1793845
read_bytes: 24884744704
write_bytes: 31305076736
cancelled_write_bytes: 0

[2020-02-22T23:00:08-08:00]
rchar: 39107085641
wchar: 31387259368
syscr: 13836679
syscw: 1801529
read_bytes: 24929862144
write_bytes: 31450554368
cancelled_write_bytes: 0

[2020-02-22T23:00:11-08:00]
rchar: 39378633028
wchar: 31554190151
syscr: 13934260
syscw: 1810611
read_bytes: 25026511360
write_bytes: 31617990656
cancelled_write_bytes: 0

[2020-02-22T23:00:14-08:00]
rchar: 39453600963
wchar: 31611259519
syscr: 13961242
syscw: 1813844
read_bytes: 25054925312
write_bytes: 31675727872
cancelled_write_bytes: 0

[2020-02-22T23:00:17-08:00]
rchar: 39631690487
wchar: 31727149914
syscr: 14024054
syscw: 1822802
read_bytes: 25126769152
write_bytes: 31792091136
cancelled_write_bytes: 0

[2020-02-22T23:00:20-08:00]
rchar: 39858370016
wchar: 31940123343
syscr: 14102507
syscw: 1831185
read_bytes: 25219236352
write_bytes: 32005210112
cancelled_write_bytes: 0

[2020-02-22T23:00:23-08:00]
rchar: 40084605890
wchar: 32140616756
syscr: 14183278
syscw: 1841481
read_bytes: 25304015360
write_bytes: 32205893632
cancelled_write_bytes: 0

[2020-02-22T23:00:26-08:00]
rchar: 40341513031
wchar: 32311341584
syscr: 14276865
syscw: 1850544
read_bytes: 25396154880
write_bytes: 32376774656
cancelled_write_bytes: 0

[2020-02-22T23:00:29-08:00]
rchar: 40520650621
wchar: 32452231266
syscr: 14343340
syscw: 1859080
read_bytes: 25453822464
write_bytes: 32518307840
cancelled_write_bytes: 0

[2020-02-22T23:00:32-08:00]
rchar: 40672208355
wchar: 32517959722
syscr: 14397638
syscw: 1867169
read_bytes: 25508008448
write_bytes: 32584556544
cancelled_write_bytes: 0

[2020-02-22T23:00:35-08:00]
rchar: 40916770673
wchar: 32713088706
syscr: 14485915
syscw: 1876913
read_bytes: 25596793344
write_bytes: 32780058624
cancelled_write_bytes: 0

[2020-02-22T23:00:38-08:00]
rchar: 41002422724
wchar: 32807219692
syscr: 14517960
syscw: 1883621
read_bytes: 25625342464
write_bytes: 32874975232
cancelled_write_bytes: 0

[2020-02-22T23:00:41-08:00]
rchar: 41282871682
wchar: 33005209759
syscr: 14616940
syscw: 1892633
read_bytes: 25725137408
write_bytes: 33073291264
cancelled_write_bytes: 0

[2020-02-22T23:00:44-08:00]
rchar: 41452937440
wchar: 33142244976
syscr: 14681047
syscw: 1901823
read_bytes: 25778299392
write_bytes: 33210765312
cancelled_write_bytes: 0

[2020-02-22T23:00:47-08:00]
rchar: 41560134334
wchar: 33195948599
syscr: 14719253
syscw: 1908901
read_bytes: 25817788928
write_bytes: 33265012736
cancelled_write_bytes: 0

[2020-02-22T23:00:50-08:00]
rchar: 41753054618
wchar: 33367819437
syscr: 14787501
syscw: 1917410
read_bytes: 25892069888
write_bytes: 33437102080
cancelled_write_bytes: 0

[2020-02-22T23:00:53-08:00]
rchar: 42118035684
wchar: 33654605987
syscr: 14913678
syscw: 1927841
read_bytes: 26033390080
write_bytes: 33724043264
cancelled_write_bytes: 0

[2020-02-22T23:00:56-08:00]
rchar: 42429859123
wchar: 33898098568
syscr: 15023327
syscw: 1937165
read_bytes: 26150498816
write_bytes: 33967755264
cancelled_write_bytes: 0

[2020-02-22T23:00:59-08:00]
rchar: 42550858560
wchar: 34019337316
syscr: 15069293
syscw: 1945123
read_bytes: 26183238144
write_bytes: 34089746432
cancelled_write_bytes: 0

[2020-02-22T23:01:02-08:00]
rchar: 42691171502
wchar: 34070254436
syscr: 15120490
syscw: 1953755
read_bytes: 26230735360
write_bytes: 34141097984
cancelled_write_bytes: 0

[2020-02-22T23:01:05-08:00]
rchar: 42843104161
wchar: 34229774720
syscr: 15177482
syscw: 1961694
read_bytes: 26277982720
write_bytes: 34301247488
cancelled_write_bytes: 0

[2020-02-22T23:01:08-08:00]
rchar: 42958342997
wchar: 34296781928
syscr: 15220667
syscw: 1970614
read_bytes: 26315477504
write_bytes: 34368962560
cancelled_write_bytes: 0

[2020-02-22T23:01:11-08:00]
rchar: 43276717887
wchar: 34548862260
syscr: 15333009
syscw: 1982182
read_bytes: 26431332864
write_bytes: 34621267968
cancelled_write_bytes: 0

[2020-02-22T23:01:14-08:00]
rchar: 43445383353
wchar: 34702827072
syscr: 15394350
syscw: 1990662
read_bytes: 26487673344
write_bytes: 34775482368
cancelled_write_bytes: 0

[2020-02-22T23:01:17-08:00]
rchar: 43780439070
wchar: 34934551999
syscr: 15511250
syscw: 2001367
read_bytes: 26600120832
write_bytes: 35007279104
cancelled_write_bytes: 0

[2020-02-22T23:01:20-08:00]
rchar: 43996652653
wchar: 35121820299
syscr: 15589025
syscw: 2007646
read_bytes: 26671927808
write_bytes: 35195269120
cancelled_write_bytes: 0

[2020-02-22T23:01:23-08:00]
rchar: 44088440044
wchar: 35155395157
syscr: 15622422
syscw: 2013664
read_bytes: 26703102464
write_bytes: 35229700096
cancelled_write_bytes: 0

[2020-02-22T23:01:26-08:00]
rchar: 44200397859
wchar: 35236588291
syscr: 15662681
syscw: 2021097
read_bytes: 26740208128
write_bytes: 35311280128
cancelled_write_bytes: 0

[2020-02-22T23:01:29-08:00]
rchar: 44381849999
wchar: 35401822655
syscr: 15728296
syscw: 2031486
read_bytes: 26800480768
write_bytes: 35476844544
cancelled_write_bytes: 0

[2020-02-22T23:01:32-08:00]
rchar: 44550471706
wchar: 35534263595
syscr: 15790208
syscw: 2042643
read_bytes: 26854547968
write_bytes: 35609571328
cancelled_write_bytes: 0

[2020-02-22T23:01:35-08:00]
rchar: 44695369091
wchar: 35639310141
syscr: 15843742
syscw: 2051525
read_bytes: 26897596928
write_bytes: 35715231744
cancelled_write_bytes: 0

[2020-02-22T23:01:38-08:00]
rchar: 44877261975
wchar: 35696129101
syscr: 15908647
syscw: 2060660
read_bytes: 26959577600
write_bytes: 35772346368
cancelled_write_bytes: 0

[2020-02-22T23:01:41-08:00]
rchar: 45194785840
wchar: 35988342550
syscr: 16023105
syscw: 2072780
read_bytes: 27065221632
write_bytes: 36064796672
cancelled_write_bytes: 0

[2020-02-22T23:01:44-08:00]
rchar: 45284743142
wchar: 36096856212
syscr: 16056755
syscw: 2079646
read_bytes: 27093422592
write_bytes: 36174135296
cancelled_write_bytes: 0

[2020-02-22T23:01:47-08:00]
rchar: 45488067061
wchar: 36222525276
syscr: 16129901
syscw: 2090493
read_bytes: 27160703488
write_bytes: 36300132352
cancelled_write_bytes: 0

[2020-02-22T23:01:50-08:00]
rchar: 45669816879
wchar: 36384109241
syscr: 16196258
syscw: 2099720
read_bytes: 27217396224
write_bytes: 36461973504
cancelled_write_bytes: 0

[2020-02-22T23:01:53-08:00]
rchar: 45922592527
wchar: 36576332589
syscr: 16288132
syscw: 2107640
read_bytes: 27294904832
write_bytes: 36654669824
cancelled_write_bytes: 0

[2020-02-22T23:01:56-08:00]
rchar: 45990631572
wchar: 36635392746
syscr: 16313318
syscw: 2111646
read_bytes: 27317064192
write_bytes: 36714590208
cancelled_write_bytes: 0

[2020-02-22T23:02:00-08:00]
rchar: 46103702117
wchar: 36713477214
syscr: 16352971
syscw: 2117634
read_bytes: 27356418560
write_bytes: 36793274368
cancelled_write_bytes: 0

[2020-02-22T23:02:03-08:00]
rchar: 46358703476
wchar: 36923088546
syscr: 16442549
syscw: 2128476
read_bytes: 27445162496
write_bytes: 37003173888
cancelled_write_bytes: 0

[2020-02-22T23:02:06-08:00]
rchar: 46592565877
wchar: 37103684501
syscr: 16524903
syscw: 2138013
read_bytes: 27525304832
write_bytes: 37183950848
cancelled_write_bytes: 0

[2020-02-22T23:02:09-08:00]
rchar: 46823779112
wchar: 37327623607
syscr: 16606798
syscw: 2145691
read_bytes: 27602215424
write_bytes: 37408071680
cancelled_write_bytes: 0

[2020-02-22T23:02:12-08:00]
rchar: 47152534416
wchar: 37558320036
syscr: 16721094
syscw: 2156885
read_bytes: 27702247936
write_bytes: 37638873088
cancelled_write_bytes: 0

[2020-02-22T23:02:15-08:00]
rchar: 47380089128
wchar: 37732140172
syscr: 16803325
syscw: 2163744
read_bytes: 27772416512
write_bytes: 37813219328
cancelled_write_bytes: 0

[2020-02-22T23:02:18-08:00]
rchar: 47506389096
wchar: 37803996477
syscr: 16847745
syscw: 2170848
read_bytes: 27812819456
write_bytes: 37885739008
cancelled_write_bytes: 0

[2020-02-22T23:02:21-08:00]
rchar: 47641440795
wchar: 37910947408
syscr: 16895704
syscw: 2179259
read_bytes: 27856167424
write_bytes: 37993013248
cancelled_write_bytes: 0

[2020-02-22T23:02:24-08:00]
rchar: 47832916242
wchar: 38078599678
syscr: 16962633
syscw: 2187758
read_bytes: 27917910528
write_bytes: 38160859136
cancelled_write_bytes: 0

[2020-02-22T23:02:27-08:00]
rchar: 48114014547
wchar: 38280652216
syscr: 17060917
syscw: 2200371
read_bytes: 28005220864
write_bytes: 38363193344
cancelled_write_bytes: 0

[2020-02-22T23:02:30-08:00]
rchar: 48438519652
wchar: 38531135283
syscr: 17170817
syscw: 2211441
read_bytes: 28106994176
write_bytes: 38613762048
cancelled_write_bytes: 0

[2020-02-22T23:02:33-08:00]
rchar: 48659665053
wchar: 38748486466
syscr: 17248278
syscw: 2221027
read_bytes: 28168614400
write_bytes: 38831529984
cancelled_write_bytes: 0

[2020-02-22T23:02:36-08:00]
rchar: 48754434799
wchar: 38829888905
syscr: 17281997
syscw: 2227467
read_bytes: 28195594752
write_bytes: 38913232896
cancelled_write_bytes: 0

[2020-02-22T23:02:39-08:00]
rchar: 49022528721
wchar: 39046415608
syscr: 17373485
syscw: 2236733
read_bytes: 28280267264
write_bytes: 39129931776
cancelled_write_bytes: 0

[2020-02-22T23:02:42-08:00]
rchar: 49300573012
wchar: 39254620739
syscr: 17470902
syscw: 2248141
read_bytes: 28362039808
write_bytes: 39338328064
cancelled_write_bytes: 0

[2020-02-22T23:02:45-08:00]
rchar: 49575905974
wchar: 39448007982
syscr: 17567707
syscw: 2259451
read_bytes: 28443251200
write_bytes: 39531864064
cancelled_write_bytes: 0

[2020-02-22T23:02:48-08:00]
rchar: 49846223081
wchar: 39676084730
syscr: 17662819
syscw: 2269730
read_bytes: 28521234944
write_bytes: 39760093184
cancelled_write_bytes: 0

[2020-02-22T23:02:51-08:00]
rchar: 50042781965
wchar: 39803269670
syscr: 17732965
syscw: 2281176
read_bytes: 28568482304
write_bytes: 39887450112
cancelled_write_bytes: 0

[2020-02-22T23:02:54-08:00]
rchar: 50162763616
wchar: 39900424804
syscr: 17778313
syscw: 2288348
read_bytes: 28594766336
write_bytes: 39985434624
cancelled_write_bytes: 0

[2020-02-22T23:02:57-08:00]
rchar: 50333347280
wchar: 39975975264
syscr: 17839867
syscw: 2298780
read_bytes: 28640236032
write_bytes: 40061521920
cancelled_write_bytes: 0

[2020-02-22T23:03:00-08:00]
rchar: 50660936847
wchar: 40236751463
syscr: 17954064
syscw: 2309954
read_bytes: 28733485568
write_bytes: 40322412544
cancelled_write_bytes: 0

[2020-02-22T23:03:03-08:00]
rchar: 50850560394
wchar: 40398526625
syscr: 18023776
syscw: 2319169
read_bytes: 28778660352
write_bytes: 40484524032
cancelled_write_bytes: 0

[2020-02-22T23:03:06-08:00]
rchar: 51013328560
wchar: 40489716766
syscr: 18082914
syscw: 2328597
read_bytes: 28816339456
write_bytes: 40576356352
cancelled_write_bytes: 0

[2020-02-22T23:03:09-08:00]
rchar: 51233839002
wchar: 40659421825
syscr: 18160984
syscw: 2339552
read_bytes: 28871537152
write_bytes: 40746270720
cancelled_write_bytes: 0

[2020-02-22T23:03:12-08:00]
rchar: 51464986542
wchar: 40831428297
syscr: 18244664
syscw: 2351078
read_bytes: 28924011008
write_bytes: 40918687744
cancelled_write_bytes: 0

[2020-02-22T23:03:15-08:00]
rchar: 51676823960
wchar: 40985712881
syscr: 18323466
syscw: 2360869
read_bytes: 28971528704
write_bytes: 41073291264
cancelled_write_bytes: 0

[2020-02-22T23:03:18-08:00]
rchar: 51791266891
wchar: 41065253688
syscr: 18366168
syscw: 2367452
read_bytes: 28998459904
write_bytes: 41153863680
cancelled_write_bytes: 0

[2020-02-22T23:03:21-08:00]
rchar: 51944840479
wchar: 41151962007
syscr: 18421863
syscw: 2376222
read_bytes: 29038092800
write_bytes: 41240956928
cancelled_write_bytes: 0

[2020-02-22T23:03:24-08:00]
rchar: 52238337654
wchar: 41394046346
syscr: 18526578
syscw: 2385802
read_bytes: 29116465664
write_bytes: 41483235328
cancelled_write_bytes: 0

[2020-02-22T23:03:27-08:00]
rchar: 52504204773
wchar: 41580879040
syscr: 18621612
syscw: 2397384
read_bytes: 29183341056
write_bytes: 41670262784
cancelled_write_bytes: 0

[2020-02-22T23:03:30-08:00]
rchar: 52657872715
wchar: 41709639849
syscr: 18681246
syscw: 2404193
read_bytes: 29217198592
write_bytes: 41800040448
cancelled_write_bytes: 0

[2020-02-22T23:03:33-08:00]
rchar: 52768017781
wchar: 41796931665
syscr: 18720900
syscw: 2410421
read_bytes: 29245252096
write_bytes: 41887977472
cancelled_write_bytes: 0

[2020-02-22T23:03:36-08:00]
rchar: 52900097503
wchar: 41863540483
syscr: 18768660
syscw: 2418303
read_bytes: 29279052288
write_bytes: 41955282944
cancelled_write_bytes: 0

[2020-02-22T23:03:39-08:00]
rchar: 53158486198
wchar: 42080032747
syscr: 18860212
syscw: 2430632
read_bytes: 29346644480
write_bytes: 42172055552
cancelled_write_bytes: 0

[2020-02-22T23:03:42-08:00]
rchar: 53420203947
wchar: 42257313286
syscr: 18952731
syscw: 2442014
read_bytes: 29416952320
write_bytes: 42349572096
cancelled_write_bytes: 0

[2020-02-22T23:03:45-08:00]
rchar: 53744833618
wchar: 42538236131
syscr: 19067603
syscw: 2453982
read_bytes: 29499453952
write_bytes: 42630664192
cancelled_write_bytes: 0

[2020-02-22T23:03:48-08:00]
rchar: 53869276388
wchar: 42640172946
syscr: 19112731
syscw: 2462021
read_bytes: 29528601088
write_bytes: 42733694976
cancelled_write_bytes: 0

[2020-02-22T23:03:51-08:00]
rchar: 54001681230
wchar: 42723109362
syscr: 19160901
syscw: 2471102
read_bytes: 29559984640
write_bytes: 42817052672
cancelled_write_bytes: 0

[2020-02-22T23:03:54-08:00]
rchar: 54249941069
wchar: 42952307600
syscr: 19248351
syscw: 2482777
read_bytes: 29622141440
write_bytes: 43046387712
cancelled_write_bytes: 0

[2020-02-22T23:03:57-08:00]
rchar: 54554882027
wchar: 43152750197
syscr: 19355498
syscw: 2493478
read_bytes: 29697556992
write_bytes: 43247235072
cancelled_write_bytes: 0

[2020-02-22T23:04:00-08:00]
rchar: 54647272958
wchar: 43260274452
syscr: 19389025
syscw: 2498892
read_bytes: 29718319616
write_bytes: 43355430912
cancelled_write_bytes: 0

[2020-02-22T23:04:03-08:00]
rchar: 54817149174
wchar: 43373041938
syscr: 19450242
syscw: 2509854
read_bytes: 29757649408
write_bytes: 43468599296
cancelled_write_bytes: 0

[2020-02-22T23:04:06-08:00]
rchar: 55078636752
wchar: 43578675871
syscr: 19541505
syscw: 2520775
read_bytes: 29823701504
write_bytes: 43674443776
cancelled_write_bytes: 0

[2020-02-22T23:04:09-08:00]
rchar: 55368205315
wchar: 43793322593
syscr: 19642648
syscw: 2532166
read_bytes: 29899096576
write_bytes: 43889188864
cancelled_write_bytes: 0

[2020-02-22T23:04:12-08:00]
rchar: 55660345197
wchar: 44026263441
syscr: 19744414
syscw: 2543365
read_bytes: 29972435456
write_bytes: 44122341376
cancelled_write_bytes: 0

[2020-02-22T23:04:15-08:00]
rchar: 55861062717
wchar: 44168545743
syscr: 19816861
syscw: 2556350
read_bytes: 30015496704
write_bytes: 44266164224
cancelled_write_bytes: 0

[2020-02-22T23:04:18-08:00]
rchar: 56191507886
wchar: 44426484659
syscr: 19930694
syscw: 2567646
read_bytes: 30091358720
write_bytes: 44523171840
cancelled_write_bytes: 0

[2020-02-22T23:04:21-08:00]
rchar: 56362082031
wchar: 44544712459
syscr: 19992543
syscw: 2578082
read_bytes: 30125363712
write_bytes: 44642000896
cancelled_write_bytes: 0

[2020-02-22T23:04:24-08:00]
rchar: 56569842563
wchar: 44674516649
syscr: 20067243
syscw: 2586351
read_bytes: 30170534400
write_bytes: 44772167680
cancelled_write_bytes: 0

[2020-02-22T23:04:27-08:00]
rchar: 56664838332
wchar: 44849167935
syscr: 20101374
syscw: 2588130
read_bytes: 30190068224
write_bytes: 44947722240
cancelled_write_bytes: 0

[2020-02-22T23:04:30-08:00]
rchar: 56892790557
wchar: 44953850986
syscr: 20183881
syscw: 2599796
read_bytes: 30233494016
write_bytes: 45052837888
cancelled_write_bytes: 0

[2020-02-22T23:04:33-08:00]
rchar: 57089866544
wchar: 45118968845
syscr: 20255872
syscw: 2605542
read_bytes: 30272410112
write_bytes: 45218721792
cancelled_write_bytes: 0

[2020-02-22T23:04:36-08:00]
rchar: 57224129016
wchar: 45231681606
syscr: 20307237
syscw: 2615539
read_bytes: 30298931712
write_bytes: 45332365312
cancelled_write_bytes: 0

[2020-02-22T23:04:39-08:00]
rchar: 57496829574
wchar: 45377735707
syscr: 20407166
syscw: 2626602
read_bytes: 30356382208
write_bytes: 45478801408
cancelled_write_bytes: 0

[2020-02-22T23:04:42-08:00]
rchar: 57671190778
wchar: 45553367944
syscr: 20470397
syscw: 2633463
read_bytes: 30392500736
write_bytes: 45654671360
cancelled_write_bytes: 0

[2020-02-22T23:04:45-08:00]
rchar: 57938820057
wchar: 45698033090
syscr: 20570363
syscw: 2648653
read_bytes: 30439449088
write_bytes: 45799690240
cancelled_write_bytes: 0

[2020-02-22T23:04:48-08:00]
rchar: 58029633017
wchar: 45782373365
syscr: 20602059
syscw: 2649349
read_bytes: 30461678080
write_bytes: 45884608512
cancelled_write_bytes: 0

[2020-02-22T23:04:51-08:00]
rchar: 58242050089
wchar: 45892834378
syscr: 20675288
syscw: 2658092
read_bytes: 30511219200
write_bytes: 46001946624
cancelled_write_bytes: 0

[2020-02-22T23:04:54-08:00]
rchar: 58444262362
wchar: 46068198132
syscr: 20746714
syscw: 2669183
read_bytes: 30553944576
write_bytes: 46171049984
cancelled_write_bytes: 0

[2020-02-22T23:04:57-08:00]
rchar: 58745899792
wchar: 46285972101
syscr: 20851193
syscw: 2682497
read_bytes: 30620205568
write_bytes: 46389080064
cancelled_write_bytes: 0

[2020-02-22T23:05:00-08:00]
rchar: 58921536846
wchar: 46486795369
syscr: 20912799
syscw: 2692170
read_bytes: 30658523648
write_bytes: 46590164992
cancelled_write_bytes: 0

[2020-02-22T23:05:03-08:00]
rchar: 59100465185
wchar: 46594382696
syscr: 20975909
syscw: 2700308
read_bytes: 30694490624
write_bytes: 46698151936
cancelled_write_bytes: 0

[2020-02-22T23:05:06-08:00]
rchar: 59239324099
wchar: 46748575212
syscr: 21025464
syscw: 2709973
read_bytes: 30720918016
write_bytes: 46852603904
cancelled_write_bytes: 0

[2020-02-22T23:05:09-08:00]
rchar: 59559368953
wchar: 46924845985
syscr: 21139347
syscw: 2724628
read_bytes: 30783123968
write_bytes: 47029170176
cancelled_write_bytes: 0

[2020-02-22T23:05:12-08:00]
rchar: 59680274319
wchar: 47039375722
syscr: 21183258
syscw: 2731432
read_bytes: 30806082048
write_bytes: 47143960576
cancelled_write_bytes: 0

[2020-02-22T23:05:15-08:00]
rchar: 59924606551
wchar: 47253993575
syscr: 21269402
syscw: 2742064
read_bytes: 30857163264
write_bytes: 47358738432
cancelled_write_bytes: 0

[2020-02-22T23:05:18-08:00]
rchar: 60151918780
wchar: 47412014552
syscr: 21353336
syscw: 2753886
read_bytes: 30895129088
write_bytes: 47517151232
cancelled_write_bytes: 0

[2020-02-22T23:05:21-08:00]
rchar: 60322490502
wchar: 47487062549
syscr: 21414895
syscw: 2764449
read_bytes: 30925689344
write_bytes: 47592677376
cancelled_write_bytes: 0

[2020-02-22T23:05:24-08:00]
rchar: 60533766327
wchar: 47625743659
syscr: 21490413
syscw: 2773849
read_bytes: 30967927296
write_bytes: 47731630080
cancelled_write_bytes: 0

[2020-02-22T23:05:27-08:00]
rchar: 60888544523
wchar: 47913781018
syscr: 21614958
syscw: 2789138
read_bytes: 31039123968
write_bytes: 48019836928
cancelled_write_bytes: 0

[2020-02-22T23:05:30-08:00]
rchar: 61051204684
wchar: 48082130430
syscr: 21673745
syscw: 2795159
read_bytes: 31070110208
write_bytes: 48189014016
cancelled_write_bytes: 0

[2020-02-22T23:05:33-08:00]
rchar: 61238384218
wchar: 48175411549
syscr: 21740543
syscw: 2805768
read_bytes: 31103410688
write_bytes: 48282808320
cancelled_write_bytes: 0

[2020-02-22T23:05:36-08:00]
rchar: 61438508704
wchar: 48307105116
syscr: 21813060
syscw: 2817719
read_bytes: 31138161152
write_bytes: 48414842880
cancelled_write_bytes: 0

[2020-02-22T23:05:39-08:00]
rchar: 61629380276
wchar: 48499863669
syscr: 21881104
syscw: 2826916
read_bytes: 31172481536
write_bytes: 48607854592
cancelled_write_bytes: 0

[2020-02-22T23:05:42-08:00]
rchar: 61928038745
wchar: 48717309049
syscr: 21985865
syscw: 2839466
read_bytes: 31227208192
write_bytes: 48825425920
cancelled_write_bytes: 0

[2020-02-22T23:05:45-08:00]
rchar: 62204240983
wchar: 48946161832
syscr: 22082028
syscw: 2848074
read_bytes: 31277326848
write_bytes: 49054674944
cancelled_write_bytes: 0

[2020-02-22T23:05:48-08:00]
rchar: 62408297661
wchar: 49076791279
syscr: 22153912
syscw: 2857950
read_bytes: 31313478144
write_bytes: 49185697792
cancelled_write_bytes: 0

[2020-02-22T23:05:51-08:00]
rchar: 62761003182
wchar: 49309201540
syscr: 22274924
syscw: 2869513
read_bytes: 31383060992
write_bytes: 49418240000
cancelled_write_bytes: 0

[2020-02-22T23:05:54-08:00]
rchar: 62946658252
wchar: 49498300773
syscr: 22338179
syscw: 2872540
read_bytes: 31418143232
write_bytes: 49607561216
cancelled_write_bytes: 0

[2020-02-22T23:05:57-08:00]
rchar: 63042077561
wchar: 49652417245
syscr: 22368558
syscw: 2872749
read_bytes: 31441596928
write_bytes: 49762254848
cancelled_write_bytes: 0

[2020-02-22T23:06:00-08:00]
rchar: 63186934023
wchar: 49730798562
syscr: 22418492
syscw: 2877309
read_bytes: 31467573760
write_bytes: 49841168384
cancelled_write_bytes: 0

[2020-02-22T23:06:03-08:00]
rchar: 63458345009
wchar: 49875082646
syscr: 22513623
syscw: 2890159
read_bytes: 31514964480
write_bytes: 49985654784
cancelled_write_bytes: 0

[2020-02-22T23:06:06-08:00]
rchar: 63680753217
wchar: 50067096276
syscr: 22592472
syscw: 2899753
read_bytes: 31552754176
write_bytes: 50178015232
cancelled_write_bytes: 0

[2020-02-22T23:06:09-08:00]
rchar: 63835427384
wchar: 50211644128
syscr: 22647438
syscw: 2908799
read_bytes: 31580832256
write_bytes: 50323013632
cancelled_write_bytes: 0

[2020-02-22T23:06:12-08:00]
rchar: 64041070388
wchar: 50360871396
syscr: 22721555
syscw: 2922574
read_bytes: 31613248000
write_bytes: 50472497152
cancelled_write_bytes: 0

[2020-02-22T23:06:15-08:00]
rchar: 64316683667
wchar: 50508622790
syscr: 22821057
syscw: 2934569
read_bytes: 31656522240
write_bytes: 50620481536
cancelled_write_bytes: 0

[2020-02-22T23:06:18-08:00]
rchar: 64496756037
wchar: 50687044544
syscr: 22884747
syscw: 2941442
read_bytes: 31685992960
write_bytes: 50799452160
cancelled_write_bytes: 0

[2020-02-22T23:06:21-08:00]
rchar: 64686889589
wchar: 50801845541
syscr: 22953251
syscw: 2953175
read_bytes: 31715672576
write_bytes: 50914664448
cancelled_write_bytes: 0

[2020-02-22T23:06:24-08:00]
rchar: 64831281708
wchar: 50906923731
syscr: 23002595
syscw: 2957643
read_bytes: 31742591488
write_bytes: 51020120064
cancelled_write_bytes: 0

[2020-02-22T23:06:27-08:00]
rchar: 65068111375
wchar: 51176850307
syscr: 23082651
syscw: 2964318
read_bytes: 31787741696
write_bytes: 51290316800
cancelled_write_bytes: 0

[2020-02-22T23:06:30-08:00]
rchar: 65329795697
wchar: 51315524194
syscr: 23175696
syscw: 2977956
read_bytes: 31829246464
write_bytes: 51429273600
cancelled_write_bytes: 0

[2020-02-22T23:06:33-08:00]
rchar: 65451356174
wchar: 51470031413
syscr: 23219253
syscw: 2981219
read_bytes: 31847825920
write_bytes: 51584000000
cancelled_write_bytes: 0

[2020-02-22T23:06:36-08:00]
rchar: 65582178392
wchar: 51559386396
syscr: 23266451
syscw: 2987845
read_bytes: 31866458624
write_bytes: 51673935872
cancelled_write_bytes: 0

[2020-02-22T23:06:39-08:00]
rchar: 65713906462
wchar: 51627794261
syscr: 23312650
syscw: 2992172
read_bytes: 31890010624
write_bytes: 51742990336
cancelled_write_bytes: 0

[2020-02-22T23:06:42-08:00]
rchar: 65912480689
wchar: 51761857406
syscr: 23382811
syscw: 3001826
read_bytes: 31921377792
write_bytes: 51877335040
cancelled_write_bytes: 0

[2020-02-22T23:06:45-08:00]
rchar: 66263102075
wchar: 52041986266
syscr: 23503981
syscw: 3014933
read_bytes: 31981634048
write_bytes: 52157661184
cancelled_write_bytes: 0

[2020-02-22T23:06:48-08:00]
rchar: 66475313630
wchar: 52253188883
syscr: 23578524
syscw: 3020500
read_bytes: 32017310208
write_bytes: 52368998400
cancelled_write_bytes: 0

[2020-02-22T23:06:51-08:00]
rchar: 66720437383
wchar: 52429037700
syscr: 23666852
syscw: 3031724
read_bytes: 32053064192
write_bytes: 52545019904
cancelled_write_bytes: 0

[2020-02-22T23:06:54-08:00]
rchar: 67007251682
wchar: 52564806419
syscr: 23769326
syscw: 3041602
read_bytes: 32094056960
write_bytes: 52681203712
cancelled_write_bytes: 0

[2020-02-22T23:06:57-08:00]
rchar: 67210394955
wchar: 52774490879
syscr: 23840618
syscw: 3049504
read_bytes: 32124371456
write_bytes: 52891226112
cancelled_write_bytes: 0

[2020-02-22T23:07:00-08:00]
rchar: 67416695728
wchar: 52919966463
syscr: 23908820
syscw: 3051254
read_bytes: 32164049408
write_bytes: 53037027328
cancelled_write_bytes: 0

[2020-02-22T23:07:03-08:00]
rchar: 67526719928
wchar: 53074198917
syscr: 23946564
syscw: 3055298
read_bytes: 32182125056
write_bytes: 53191421952
cancelled_write_bytes: 0

[2020-02-22T23:07:06-08:00]
rchar: 67935283828
wchar: 53369097514
syscr: 24085927
syscw: 3067685
read_bytes: 32247325184
write_bytes: 53486448640
cancelled_write_bytes: 0

[2020-02-22T23:07:09-08:00]
rchar: 68172342900
wchar: 53514770701
syscr: 24170284
syscw: 3075586
read_bytes: 32279413248
write_bytes: 53632667648
cancelled_write_bytes: 0

[2020-02-22T23:07:12-08:00]
rchar: 68340472382
wchar: 53634549083
syscr: 24228994
syscw: 3081868
read_bytes: 32302973440
write_bytes: 53752815616
cancelled_write_bytes: 0

[2020-02-22T23:07:15-08:00]
rchar: 68543047817
wchar: 53889860883
syscr: 24293731
syscw: 3083293
read_bytes: 32345096704
write_bytes: 54008311808
cancelled_write_bytes: 0

[2020-02-22T23:07:18-08:00]
rchar: 68813765815
wchar: 54057009626
syscr: 24390041
syscw: 3095604
read_bytes: 32379482624
write_bytes: 54175645696
cancelled_write_bytes: 0

[2020-02-22T23:07:21-08:00]
rchar: 69110928695
wchar: 54277078168
syscr: 24493859
syscw: 3105525
read_bytes: 32421822976
write_bytes: 54396116992
cancelled_write_bytes: 0

[2020-02-22T23:07:24-08:00]
rchar: 69182212667
wchar: 54412938211
syscr: 24517992
syscw: 3105757
read_bytes: 32435831296
write_bytes: 54532718592
cancelled_write_bytes: 0

[2020-02-22T23:07:27-08:00]
rchar: 69420720776
wchar: 54489078062
syscr: 24603177
syscw: 3118516
read_bytes: 32464212480
write_bytes: 54609199104
cancelled_write_bytes: 0

[2020-02-22T23:07:30-08:00]
rchar: 69762653971
wchar: 54756746126
syscr: 24721884
syscw: 3128467
read_bytes: 32513126912
write_bytes: 54877134848
cancelled_write_bytes: 0

[2020-02-22T23:07:33-08:00]
rchar: 69880539718
wchar: 54917928784
syscr: 24762253
syscw: 3132256
read_bytes: 32529908224
write_bytes: 55038611456
cancelled_write_bytes: 0

[2020-02-22T23:07:36-08:00]
rchar: 70194664492
wchar: 55063794458
syscr: 24873562
syscw: 3142957
read_bytes: 32568078848
write_bytes: 55185006592
cancelled_write_bytes: 0

[2020-02-22T23:07:39-08:00]
rchar: 70337784174
wchar: 55220035075
syscr: 24924526
syscw: 3148941
read_bytes: 32586027520
write_bytes: 55341793280
cancelled_write_bytes: 0

[2020-02-22T23:07:42-08:00]
rchar: 70498094262
wchar: 55330947588
syscr: 24982439
syscw: 3157166
read_bytes: 32602886656
write_bytes: 55453192192
cancelled_write_bytes: 0

[2020-02-22T23:07:45-08:00]
rchar: 70643771600
wchar: 55446395106
syscr: 25033842
syscw: 3162243
read_bytes: 32622543360
write_bytes: 55569215488
cancelled_write_bytes: 0

[2020-02-22T23:07:48-08:00]
rchar: 70841897522
wchar: 55610194762
syscr: 25104963
syscw: 3171278
read_bytes: 32646734336
write_bytes: 55733395456
cancelled_write_bytes: 0

[2020-02-22T23:07:51-08:00]
rchar: 71130793714
wchar: 55805737950
syscr: 25209397
syscw: 3182623
read_bytes: 32677249536
write_bytes: 55929155584
cancelled_write_bytes: 0

[2020-02-22T23:07:54-08:00]
rchar: 71455964098
wchar: 56045282486
syscr: 25322935
syscw: 3191087
read_bytes: 32717902336
write_bytes: 56168853504
cancelled_write_bytes: 0

[2020-02-22T23:07:57-08:00]
rchar: 71600983788
wchar: 56196210314
syscr: 25375416
syscw: 3193315
read_bytes: 32732131840
write_bytes: 56320483328
cancelled_write_bytes: 0

[2020-02-22T23:08:00-08:00]
rchar: 71740312373
wchar: 56356121926
syscr: 25423904
syscw: 3197268
read_bytes: 32751395328
write_bytes: 56481206272
cancelled_write_bytes: 0

[2020-02-22T23:08:03-08:00]
rchar: 72048462836
wchar: 56460808523
syscr: 25535004
syscw: 3210690
read_bytes: 32782348800
write_bytes: 56586260480
cancelled_write_bytes: 0

[2020-02-22T23:08:06-08:00]
rchar: 72209519993
wchar: 56651041082
syscr: 25590077
syscw: 3212538
read_bytes: 32803389952
write_bytes: 56776695808
cancelled_write_bytes: 0

[2020-02-22T23:08:09-08:00]
rchar: 72420357633
wchar: 56850709188
syscr: 25661359
syscw: 3215857
read_bytes: 32829882880
write_bytes: 56976576512
cancelled_write_bytes: 0

[2020-02-22T23:08:12-08:00]
rchar: 72784430177
wchar: 57000864685
syscr: 25790693
syscw: 3227017
read_bytes: 32866591232
write_bytes: 57127186432
cancelled_write_bytes: 0

[2020-02-22T23:08:15-08:00]
rchar: 72894132212
wchar: 57152475681
syscr: 25828946
syscw: 3229116
read_bytes: 32880300544
write_bytes: 57279537152
cancelled_write_bytes: 0

[2020-02-22T23:08:18-08:00]
rchar: 73036323483
wchar: 57243082950
syscr: 25877489
syscw: 3231701
read_bytes: 32899613184
write_bytes: 57370865664
cancelled_write_bytes: 0

[2020-02-22T23:08:21-08:00]
rchar: 73345267605
wchar: 57441972630
syscr: 25987827
syscw: 3245700
read_bytes: 32931074560
write_bytes: 57569984512
cancelled_write_bytes: 0

[2020-02-22T23:08:24-08:00]
rchar: 73573354896
wchar: 57623965720
syscr: 26064565
syscw: 3249761
read_bytes: 32964219392
write_bytes: 57752158208
cancelled_write_bytes: 0

[2020-02-22T23:08:27-08:00]
rchar: 73721078373
wchar: 57826803718
syscr: 26113019
syscw: 3251520
read_bytes: 32986776064
write_bytes: 57955131392
cancelled_write_bytes: 0

[2020-02-22T23:08:30-08:00]
rchar: 74064309194
wchar: 58041519521
syscr: 26231408
syscw: 3267070
read_bytes: 33021805056
write_bytes: 58169987072
cancelled_write_bytes: 0

[2020-02-22T23:08:33-08:00]
rchar: 74229154831
wchar: 58192985845
syscr: 26287089
syscw: 3276609
read_bytes: 33040851456
write_bytes: 58321563648
cancelled_write_bytes: 0

[2020-02-22T23:08:36-08:00]
rchar: 74357722731
wchar: 58381013478
syscr: 26327731
syscw: 3279285
read_bytes: 33063838208
write_bytes: 58509803520
cancelled_write_bytes: 0

[2020-02-22T23:08:39-08:00]
rchar: 74428932088
wchar: 58479623151
syscr: 26349430
syscw: 3279354
read_bytes: 33077637632
write_bytes: 58608631808
cancelled_write_bytes: 0

[2020-02-22T23:08:42-08:00]
rchar: 74497972999
wchar: 58561156673
syscr: 26370478
syscw: 3279532
read_bytes: 33091637760
write_bytes: 58690498560
cancelled_write_bytes: 0

[2020-02-22T23:08:45-08:00]
rchar: 74557169122
wchar: 58621711521
syscr: 26388511
syscw: 3279613
read_bytes: 33103737344
write_bytes: 58751234048
cancelled_write_bytes: 0

[2020-02-22T23:08:48-08:00]
rchar: 74557169122
wchar: 58621711521
syscr: 26388511
syscw: 3279613
read_bytes: 33103737344
write_bytes: 58751234048
cancelled_write_bytes: 0

[2020-02-22T23:08:51-08:00]
rchar: 74557169122
wchar: 58621711521
syscr: 26388511
syscw: 3279613
read_bytes: 33103737344
write_bytes: 58751234048
cancelled_write_bytes: 0

[2020-02-22T23:08:54-08:00]
rchar: 74557169122
wchar: 58621711521
syscr: 26388511
syscw: 3279613
read_bytes: 33103737344
write_bytes: 58751234048
cancelled_write_bytes: 0

[2020-02-22T23:08:57-08:00]
rchar: 74557169122
wchar: 58621711521
syscr: 26388511
syscw: 3279613
read_bytes: 33103737344
write_bytes: 58751234048
cancelled_write_bytes: 0

