[2020-01-24T15:39:00-08:00]
rchar: 16583973
wchar: 209
syscr: 2824
syscw: 10
read_bytes: 708608
write_bytes: 53248
cancelled_write_bytes: 0

[2020-01-24T15:39:03-08:00]
rchar: 16583973
wchar: 209
syscr: 2824
syscw: 10
read_bytes: 708608
write_bytes: 53248
cancelled_write_bytes: 0

[2020-01-24T15:39:06-08:00]
rchar: 16583973
wchar: 209
syscr: 2824
syscw: 10
read_bytes: 708608
write_bytes: 53248
cancelled_write_bytes: 0

[2020-01-24T15:39:09-08:00]
rchar: 16583973
wchar: 209
syscr: 2824
syscw: 10
read_bytes: 708608
write_bytes: 53248
cancelled_write_bytes: 0

[2020-01-24T15:39:12-08:00]
rchar: 16583973
wchar: 209
syscr: 2824
syscw: 10
read_bytes: 708608
write_bytes: 53248
cancelled_write_bytes: 0

[2020-01-24T15:39:15-08:00]
rchar: 16583973
wchar: 209
syscr: 2824
syscw: 10
read_bytes: 708608
write_bytes: 61440
cancelled_write_bytes: 0

[2020-01-24T15:39:18-08:00]
rchar: 16583973
wchar: 209
syscr: 2824
syscw: 10
read_bytes: 708608
write_bytes: 61440
cancelled_write_bytes: 0

[2020-01-24T15:39:21-08:00]
rchar: 16583973
wchar: 209
syscr: 2824
syscw: 10
read_bytes: 708608
write_bytes: 69632
cancelled_write_bytes: 0

[2020-01-24T15:39:24-08:00]
rchar: 16583973
wchar: 209
syscr: 2824
syscw: 10
read_bytes: 708608
write_bytes: 69632
cancelled_write_bytes: 0

[2020-01-24T15:39:27-08:00]
rchar: 20526664
wchar: 6572741
syscr: 3811
syscw: 984
read_bytes: 3686400
write_bytes: 6680576
cancelled_write_bytes: 0

[2020-01-24T15:39:30-08:00]
rchar: 400477648
wchar: 244525603
syscr: 22518
syscw: 3878
read_bytes: 426809856
write_bytes: 244654080
cancelled_write_bytes: 0

[2020-01-24T15:39:33-08:00]
rchar: 1013852611
wchar: 474674114
syscr: 96907
syscw: 35609
read_bytes: 1292573184
write_bytes: 474808320
cancelled_write_bytes: 0

[2020-01-24T15:39:36-08:00]
rchar: 1447515965
wchar: 741689173
syscr: 149411
syscw: 46794
read_bytes: 1622731264
write_bytes: 741838848
cancelled_write_bytes: 0

[2020-01-24T15:39:39-08:00]
rchar: 2318803304
wchar: 904165214
syscr: 255062
syscw: 62419
read_bytes: 2166270464
write_bytes: 904318976
cancelled_write_bytes: 0

[2020-01-24T15:39:42-08:00]
rchar: 2688214392
wchar: 1186991487
syscr: 299771
syscw: 67680
read_bytes: 2305387008
write_bytes: 1187160064
cancelled_write_bytes: 0

[2020-01-24T15:39:45-08:00]
rchar: 3875262674
wchar: 1625632029
syscr: 443705
syscw: 78080
read_bytes: 2633480704
write_bytes: 1625833472
cancelled_write_bytes: 0

[2020-01-24T15:39:48-08:00]
rchar: 4777220716
wchar: 1936369675
syscr: 552829
syscw: 88390
read_bytes: 2972580352
write_bytes: 1936629760
cancelled_write_bytes: 0

[2020-01-24T15:39:51-08:00]
rchar: 5775087625
wchar: 2239467565
syscr: 673741
syscw: 100318
read_bytes: 3376925184
write_bytes: 2239741952
cancelled_write_bytes: 0

[2020-01-24T15:39:54-08:00]
rchar: 6948606290
wchar: 2507201186
syscr: 816034
syscw: 114487
read_bytes: 3820538368
write_bytes: 2507476992
cancelled_write_bytes: 0

[2020-01-24T15:39:57-08:00]
rchar: 9015372391
wchar: 2747785993
syscr: 1066547
syscw: 130792
read_bytes: 4382706176
write_bytes: 2748076032
cancelled_write_bytes: 0

[2020-01-24T15:40:00-08:00]
rchar: 10141389203
wchar: 3019067217
syscr: 1202992
syscw: 140156
read_bytes: 4662327808
write_bytes: 3019378688
cancelled_write_bytes: 0

[2020-01-24T15:40:03-08:00]
rchar: 12834245696
wchar: 3217404962
syscr: 1529492
syscw: 156610
read_bytes: 5228038656
write_bytes: 3217739776
cancelled_write_bytes: 0

[2020-01-24T15:40:06-08:00]
rchar: 14112599468
wchar: 3598612323
syscr: 1684405
syscw: 165137
read_bytes: 5432384000
write_bytes: 3598962688
cancelled_write_bytes: 0

[2020-01-24T15:40:09-08:00]
rchar: 15419712102
wchar: 3930557699
syscr: 1842891
syscw: 173210
read_bytes: 5603936768
write_bytes: 3930931200
cancelled_write_bytes: 0

[2020-01-24T15:40:12-08:00]
rchar: 17422175354
wchar: 4397330133
syscr: 2085687
syscw: 184165
read_bytes: 5875337728
write_bytes: 4397727744
cancelled_write_bytes: 0

[2020-01-24T15:40:15-08:00]
rchar: 18355244571
wchar: 4834998505
syscr: 2198743
syscw: 190577
read_bytes: 5992409600
write_bytes: 4835434496
cancelled_write_bytes: 0

[2020-01-24T15:40:18-08:00]
rchar: 19911437020
wchar: 5206567409
syscr: 2386938
syscw: 202494
read_bytes: 6314936832
write_bytes: 5207044096
cancelled_write_bytes: 0

[2020-01-24T15:40:21-08:00]
rchar: 21107022787
wchar: 5611559306
syscr: 2531873
syscw: 213068
read_bytes: 6598040064
write_bytes: 5612085248
cancelled_write_bytes: 0

[2020-01-24T15:40:24-08:00]
rchar: 21843781675
wchar: 5976264828
syscr: 2621113
syscw: 220458
read_bytes: 6748133888
write_bytes: 5976838144
cancelled_write_bytes: 0

[2020-01-24T15:40:27-08:00]
rchar: 24062688919
wchar: 6172804123
syscr: 2890146
syscw: 236434
read_bytes: 7255775744
write_bytes: 6173405184
cancelled_write_bytes: 0

[2020-01-24T15:40:30-08:00]
rchar: 24316912442
wchar: 6369244010
syscr: 2920888
syscw: 240216
read_bytes: 7313721856
write_bytes: 6369849344
cancelled_write_bytes: 0

[2020-01-24T15:40:33-08:00]
rchar: 27509143688
wchar: 6598603619
syscr: 3307934
syscw: 257651
read_bytes: 7886854656
write_bytes: 6599237632
cancelled_write_bytes: 0

[2020-01-24T15:40:36-08:00]
rchar: 28620316897
wchar: 6967937360
syscr: 3442581
syscw: 265502
read_bytes: 8041556480
write_bytes: 6968594432
cancelled_write_bytes: 0

[2020-01-24T15:40:39-08:00]
rchar: 30504376410
wchar: 7464240109
syscr: 3671023
syscw: 275602
read_bytes: 8254376448
write_bytes: 7464931328
cancelled_write_bytes: 0

[2020-01-24T15:40:42-08:00]
rchar: 32389128616
wchar: 8014549012
syscr: 3899549
syscw: 285802
read_bytes: 8458840576
write_bytes: 8015269888
cancelled_write_bytes: 0

[2020-01-24T15:40:45-08:00]
rchar: 32983542356
wchar: 8290819205
syscr: 3971121
syscw: 289922
read_bytes: 8528615936
write_bytes: 8292179968
cancelled_write_bytes: 0

[2020-01-24T15:40:48-08:00]
rchar: 33644222752
wchar: 8538280471
syscr: 4051135
syscw: 296089
read_bytes: 8656189952
write_bytes: 8539058176
cancelled_write_bytes: 0

[2020-01-24T15:40:51-08:00]
rchar: 35089785593
wchar: 8952860394
syscr: 4226381
syscw: 308034
read_bytes: 8928004608
write_bytes: 8953683968
cancelled_write_bytes: 0

[2020-01-24T15:40:54-08:00]
rchar: 36152817828
wchar: 9291464775
syscr: 4355256
syscw: 317011
read_bytes: 9120492032
write_bytes: 9292341248
cancelled_write_bytes: 0

[2020-01-24T15:40:57-08:00]
rchar: 37342006756
wchar: 9679727051
syscr: 4499355
syscw: 326439
read_bytes: 9376545280
write_bytes: 9680637952
cancelled_write_bytes: 0

[2020-01-24T15:41:00-08:00]
rchar: 39112931161
wchar: 10046783545
syscr: 4714063
syscw: 338133
read_bytes: 9706973696
write_bytes: 10047746048
cancelled_write_bytes: 0

[2020-01-24T15:41:03-08:00]
rchar: 40065332077
wchar: 10470439037
syscr: 4829520
syscw: 345835
read_bytes: 9846647296
write_bytes: 10471469056
cancelled_write_bytes: 0

[2020-01-24T15:41:06-08:00]
rchar: 41824670516
wchar: 10857885357
syscr: 5042718
syscw: 356497
read_bytes: 10070432256
write_bytes: 10858962944
cancelled_write_bytes: 0

[2020-01-24T15:41:09-08:00]
rchar: 43501047999
wchar: 11134233784
syscr: 5245963
syscw: 366597
read_bytes: 10343594496
write_bytes: 11135361024
cancelled_write_bytes: 0

[2020-01-24T15:41:12-08:00]
rchar: 44369289881
wchar: 11368571282
syscr: 5351236
syscw: 374065
read_bytes: 10477242880
write_bytes: 11369705472
cancelled_write_bytes: 0

[2020-01-24T15:41:15-08:00]
rchar: 46447936734
wchar: 11867492318
syscr: 5603186
syscw: 385349
read_bytes: 10684004864
write_bytes: 11868663808
cancelled_write_bytes: 0

[2020-01-24T15:41:19-08:00]
rchar: 48475146996
wchar: 12395306425
syscr: 5848983
syscw: 396136
read_bytes: 10880903680
write_bytes: 12396507136
cancelled_write_bytes: 0

[2020-01-24T15:41:22-08:00]
rchar: 49301763788
wchar: 12843088165
syscr: 5948781
syscw: 403253
read_bytes: 11000015360
write_bytes: 12844335104
cancelled_write_bytes: 0

[2020-01-24T15:41:25-08:00]
rchar: 50559250943
wchar: 13276338733
syscr: 6101143
syscw: 413848
read_bytes: 11196402176
write_bytes: 13277638656
cancelled_write_bytes: 0

[2020-01-24T15:41:28-08:00]
rchar: 51561282968
wchar: 13563715214
syscr: 6222622
syscw: 422822
read_bytes: 11360217600
write_bytes: 13565063168
cancelled_write_bytes: 0

[2020-01-24T15:41:31-08:00]
rchar: 52534268510
wchar: 13883209155
syscr: 6340583
syscw: 430947
read_bytes: 11522689536
write_bytes: 13885542400
cancelled_write_bytes: 0

[2020-01-24T15:41:34-08:00]
rchar: 53962440102
wchar: 14371470029
syscr: 6513643
syscw: 442029
read_bytes: 11742611968
write_bytes: 14372900864
cancelled_write_bytes: 0

[2020-01-24T15:41:37-08:00]
rchar: 55713916823
wchar: 14767543769
syscr: 6726012
syscw: 453700
read_bytes: 12011792896
write_bytes: 14769025024
cancelled_write_bytes: 0

[2020-01-24T15:41:40-08:00]
rchar: 56611824316
wchar: 15074869324
syscr: 6834782
syscw: 461575
read_bytes: 12195908096
write_bytes: 15076380672
cancelled_write_bytes: 0

[2020-01-24T15:41:43-08:00]
rchar: 58729002003
wchar: 15374698438
syscr: 7091491
syscw: 473046
read_bytes: 12553898496
write_bytes: 15376236544
cancelled_write_bytes: 0

[2020-01-24T15:41:46-08:00]
rchar: 60163696031
wchar: 15485435909
syscr: 7265421
syscw: 480462
read_bytes: 12749011456
write_bytes: 15487000576
cancelled_write_bytes: 0

[2020-01-24T15:41:49-08:00]
rchar: 61098632640
wchar: 15840984123
syscr: 7378697
syscw: 487144
read_bytes: 12844980736
write_bytes: 15842570240
cancelled_write_bytes: 0

[2020-01-24T15:41:52-08:00]
rchar: 63218472122
wchar: 16366338074
syscr: 7635731
syscw: 498905
read_bytes: 13032843776
write_bytes: 16367955968
cancelled_write_bytes: 0

[2020-01-24T15:41:55-08:00]
rchar: 65407661449
wchar: 16910905680
syscr: 7901167
syscw: 511037
read_bytes: 13227612672
write_bytes: 16912551936
cancelled_write_bytes: 0

[2020-01-24T15:41:58-08:00]
rchar: 66088263209
wchar: 17335784506
syscr: 7983122
syscw: 517941
read_bytes: 13312276992
write_bytes: 17337552896
cancelled_write_bytes: 0

[2020-01-24T15:42:01-08:00]
rchar: 67681316629
wchar: 17781268918
syscr: 8176247
syscw: 530186
read_bytes: 13541034496
write_bytes: 17783013376
cancelled_write_bytes: 0

[2020-01-24T15:42:04-08:00]
rchar: 69027217298
wchar: 18175323790
syscr: 8339434
syscw: 540852
read_bytes: 13734947328
write_bytes: 18177105920
cancelled_write_bytes: 0

[2020-01-24T15:42:07-08:00]
rchar: 69171059541
wchar: 18381752224
syscr: 8356878
syscw: 543462
read_bytes: 13757774336
write_bytes: 18383556608
cancelled_write_bytes: 0

[2020-01-24T15:42:10-08:00]
rchar: 70844348394
wchar: 18707831070
syscr: 8559653
syscw: 554345
read_bytes: 14015470080
write_bytes: 18709692416
cancelled_write_bytes: 0

[2020-01-24T15:42:13-08:00]
rchar: 72710941817
wchar: 19035372634
syscr: 8785968
syscw: 566004
read_bytes: 14330071552
write_bytes: 19037261824
cancelled_write_bytes: 0

[2020-01-24T15:42:16-08:00]
rchar: 73834631858
wchar: 19396660528
syscr: 8922109
syscw: 574785
read_bytes: 14484699648
write_bytes: 19398574080
cancelled_write_bytes: 0

[2020-01-24T15:42:19-08:00]
rchar: 76056991475
wchar: 19781655812
syscr: 9191546
syscw: 586994
read_bytes: 14767401472
write_bytes: 19783602176
cancelled_write_bytes: 0

[2020-01-24T15:42:22-08:00]
rchar: 77317408514
wchar: 20155063618
syscr: 9344352
syscw: 594991
read_bytes: 14941628928
write_bytes: 20157038592
cancelled_write_bytes: 0

[2020-01-24T15:42:25-08:00]
rchar: 78684109241
wchar: 20493411908
syscr: 9509956
syscw: 603654
read_bytes: 15052057088
write_bytes: 20495429632
cancelled_write_bytes: 0

[2020-01-24T15:42:28-08:00]
rchar: 80823489737
wchar: 21016400962
syscr: 9769357
syscw: 616009
read_bytes: 15220550144
write_bytes: 21018447872
cancelled_write_bytes: 0

[2020-01-24T15:42:31-08:00]
rchar: 82819475521
wchar: 21573600802
syscr: 10011372
syscw: 626860
read_bytes: 15372859904
write_bytes: 21575675904
cancelled_write_bytes: 0

[2020-01-24T15:42:34-08:00]
rchar: 83942303317
wchar: 21977535043
syscr: 10146930
syscw: 635359
read_bytes: 15487121920
write_bytes: 21979652096
cancelled_write_bytes: 0

[2020-01-24T15:42:37-08:00]
rchar: 85253145757
wchar: 22345031217
syscr: 10305843
syscw: 646012
read_bytes: 15653952000
write_bytes: 22347210752
cancelled_write_bytes: 0

[2020-01-24T15:42:40-08:00]
rchar: 86567100709
wchar: 22741263002
syscr: 10465153
syscw: 656723
read_bytes: 15818107392
write_bytes: 22743478272
cancelled_write_bytes: 0

[2020-01-24T15:42:43-08:00]
rchar: 87612945197
wchar: 23165707004
syscr: 10591865
syscw: 666094
read_bytes: 15936391680
write_bytes: 23167975424
cancelled_write_bytes: 0

[2020-01-24T15:42:46-08:00]
rchar: 89458909485
wchar: 23605232967
syscr: 10815658
syscw: 678518
read_bytes: 16130972160
write_bytes: 23607541760
cancelled_write_bytes: 0

[2020-01-24T15:42:49-08:00]
rchar: 90660828838
wchar: 23910747779
syscr: 10961373
syscw: 687913
read_bytes: 16258300416
write_bytes: 23913091072
cancelled_write_bytes: 0

[2020-01-24T15:42:52-08:00]
rchar: 92082866616
wchar: 24267197483
syscr: 11133687
syscw: 697351
read_bytes: 16449235456
write_bytes: 24269750272
cancelled_write_bytes: 0

[2020-01-24T15:42:55-08:00]
rchar: 94327925644
wchar: 24606966659
syscr: 11405889
syscw: 708966
read_bytes: 16715741696
write_bytes: 24609370112
cancelled_write_bytes: 0

[2020-01-24T15:42:58-08:00]
rchar: 95396998811
wchar: 24904233606
syscr: 11535516
syscw: 716160
read_bytes: 16861948416
write_bytes: 24907005952
cancelled_write_bytes: 0

[2020-01-24T15:43:01-08:00]
rchar: 97149452321
wchar: 25263453903
syscr: 11747888
syscw: 726720
read_bytes: 17000499712
write_bytes: 25265901568
cancelled_write_bytes: 0

[2020-01-24T15:43:04-08:00]
rchar: 99497722841
wchar: 25858576348
syscr: 12032617
syscw: 739435
read_bytes: 17162160640
write_bytes: 25861062656
cancelled_write_bytes: 0

[2020-01-24T15:43:07-08:00]
rchar: 100877134399
wchar: 26319095045
syscr: 12199876
syscw: 747831
read_bytes: 17257093632
write_bytes: 26321629184
cancelled_write_bytes: 0

[2020-01-24T15:43:10-08:00]
rchar: 101860504317
wchar: 26618166733
syscr: 12318484
syscw: 754320
read_bytes: 17321142784
write_bytes: 26620735488
cancelled_write_bytes: 0

[2020-01-24T15:43:13-08:00]
rchar: 103520507617
wchar: 27053824955
syscr: 12519745
syscw: 766749
read_bytes: 17512933888
write_bytes: 27056439296
cancelled_write_bytes: 0

[2020-01-24T15:43:16-08:00]
rchar: 104744668708
wchar: 27399632714
syscr: 12668149
syscw: 776315
read_bytes: 17655228928
write_bytes: 27402285056
cancelled_write_bytes: 0

[2020-01-24T15:43:19-08:00]
rchar: 106148815683
wchar: 27878462315
syscr: 12838283
syscw: 786828
read_bytes: 17821846016
write_bytes: 27881156608
cancelled_write_bytes: 0

[2020-01-24T15:43:22-08:00]
rchar: 108156072476
wchar: 28326593596
syscr: 13081628
syscw: 799819
read_bytes: 18039548416
write_bytes: 28329336832
cancelled_write_bytes: 0

[2020-01-24T15:43:25-08:00]
rchar: 108769291722
wchar: 28490028540
syscr: 13155987
syscw: 804636
read_bytes: 18097306112
write_bytes: 28492804096
cancelled_write_bytes: 0

[2020-01-24T15:43:28-08:00]
rchar: 110237810117
wchar: 28984418321
syscr: 13333943
syscw: 814839
read_bytes: 18222709248
write_bytes: 28987228160
cancelled_write_bytes: 0

[2020-01-24T15:43:31-08:00]
rchar: 112579816071
wchar: 29282733301
syscr: 13617883
syscw: 826574
read_bytes: 18521860608
write_bytes: 29285572608
cancelled_write_bytes: 0

[2020-01-24T15:43:34-08:00]
rchar: 113628177535
wchar: 29607530582
syscr: 13744888
syscw: 834366
read_bytes: 18640808448
write_bytes: 29611327488
cancelled_write_bytes: 0

[2020-01-24T15:43:37-08:00]
rchar: 115559058664
wchar: 30038229336
syscr: 13979007
syscw: 845728
read_bytes: 18769590784
write_bytes: 30041141248
cancelled_write_bytes: 0

[2020-01-24T15:43:40-08:00]
rchar: 117838089129
wchar: 30624666581
syscr: 14255344
syscw: 858243
read_bytes: 18914601472
write_bytes: 30627610624
cancelled_write_bytes: 0

[2020-01-24T15:43:43-08:00]
rchar: 118922374598
wchar: 30913071797
syscr: 14386817
syscw: 864409
read_bytes: 18982140416
write_bytes: 30916038656
cancelled_write_bytes: 0

[2020-01-24T15:43:46-08:00]
rchar: 120230373597
wchar: 31351338465
syscr: 14545333
syscw: 872432
read_bytes: 19061504512
write_bytes: 31354339328
cancelled_write_bytes: 0

[2020-01-24T15:43:49-08:00]
rchar: 121809026311
wchar: 32116757850
syscr: 14736128
syscw: 881954
read_bytes: 19139971584
write_bytes: 32119803904
cancelled_write_bytes: 0

[2020-01-24T15:43:52-08:00]
rchar: 122593053171
wchar: 32627202364
syscr: 14831180
syscw: 887578
read_bytes: 19176368640
write_bytes: 32630312960
cancelled_write_bytes: 0

[2020-01-24T15:43:55-08:00]
rchar: 123741588520
wchar: 32905427430
syscr: 14970296
syscw: 897541
read_bytes: 19309808128
write_bytes: 32908607488
cancelled_write_bytes: 0

[2020-01-24T15:43:58-08:00]
rchar: 124536748916
wchar: 33324088771
syscr: 15066619
syscw: 905426
read_bytes: 19392481792
write_bytes: 33327316992
cancelled_write_bytes: 0

[2020-01-24T15:44:01-08:00]
rchar: 126486091613
wchar: 33791487021
syscr: 15302957
syscw: 918935
read_bytes: 19567798784
write_bytes: 33794768896
cancelled_write_bytes: 0

[2020-01-24T15:44:04-08:00]
rchar: 127882001302
wchar: 34155972002
syscr: 15472177
syscw: 929800
read_bytes: 19692788224
write_bytes: 34159296512
cancelled_write_bytes: 0

[2020-01-24T15:44:07-08:00]
rchar: 128786802935
wchar: 34568473104
syscr: 15581788
syscw: 937693
read_bytes: 19769240064
write_bytes: 34571845632
cancelled_write_bytes: 0

[2020-01-24T15:44:10-08:00]
rchar: 131037459436
wchar: 35041922593
syscr: 15854639
syscw: 951060
read_bytes: 19943041536
write_bytes: 35045359616
cancelled_write_bytes: 0

[2020-01-24T15:44:13-08:00]
rchar: 132461984665
wchar: 35362292197
syscr: 16027336
syscw: 961072
read_bytes: 20052728320
write_bytes: 35365765120
cancelled_write_bytes: 0

[2020-01-24T15:44:16-08:00]
rchar: 133708986441
wchar: 35775215517
syscr: 16178457
syscw: 970124
read_bytes: 20147137024
write_bytes: 35778727936
cancelled_write_bytes: 0

[2020-01-24T15:44:19-08:00]
rchar: 136071624572
wchar: 36342933807
syscr: 16464897
syscw: 983192
read_bytes: 20294801920
write_bytes: 36346494976
cancelled_write_bytes: 0

[2020-01-24T15:44:22-08:00]
rchar: 137749248617
wchar: 36772368397
syscr: 16668309
syscw: 993454
read_bytes: 20397824512
write_bytes: 36775948288
cancelled_write_bytes: 0

[2020-01-24T15:44:25-08:00]
rchar: 138807997007
wchar: 37258300738
syscr: 16796686
syscw: 1000923
read_bytes: 20458359296
write_bytes: 37261901824
cancelled_write_bytes: 0

[2020-01-24T15:44:28-08:00]
rchar: 140721569691
wchar: 37683967662
syscr: 17028113
syscw: 1013895
read_bytes: 20622518784
write_bytes: 37688446976
cancelled_write_bytes: 0

[2020-01-24T15:44:31-08:00]
rchar: 141923388188
wchar: 38049334624
syscr: 17173809
syscw: 1024498
read_bytes: 20734470656
write_bytes: 38053052416
cancelled_write_bytes: 0

[2020-01-24T15:44:34-08:00]
rchar: 142780961573
wchar: 38472032058
syscr: 17277718
syscw: 1032998
read_bytes: 20817246720
write_bytes: 38475780096
cancelled_write_bytes: 0

[2020-01-24T15:44:37-08:00]
rchar: 144889673597
wchar: 38935040549
syscr: 17533368
syscw: 1046580
read_bytes: 21006297600
write_bytes: 38939209728
cancelled_write_bytes: 0

[2020-01-24T15:44:40-08:00]
rchar: 146360573331
wchar: 39139458802
syscr: 17711722
syscw: 1055304
read_bytes: 21193255424
write_bytes: 39143297024
cancelled_write_bytes: 0

[2020-01-24T15:44:43-08:00]
rchar: 147119355937
wchar: 39477934362
syscr: 17803608
syscw: 1061582
read_bytes: 21249366528
write_bytes: 39481806848
cancelled_write_bytes: 0

[2020-01-24T15:44:46-08:00]
rchar: 149480111356
wchar: 39968728454
syscr: 18089805
syscw: 1074848
read_bytes: 21407513088
write_bytes: 39972659200
cancelled_write_bytes: 0

[2020-01-24T15:44:49-08:00]
rchar: 151232126996
wchar: 40355622424
syscr: 18302207
syscw: 1085048
read_bytes: 21524859392
write_bytes: 40359587840
cancelled_write_bytes: 0

[2020-01-24T15:44:52-08:00]
rchar: 151743587569
wchar: 40634954772
syscr: 18364142
syscw: 1089728
read_bytes: 21557340672
write_bytes: 40638951424
cancelled_write_bytes: 0

[2020-01-24T15:44:55-08:00]
rchar: 154332200531
wchar: 41156723913
syscr: 18677969
syscw: 1102892
read_bytes: 21705587200
write_bytes: 41160761344
cancelled_write_bytes: 0

[2020-01-24T15:44:58-08:00]
rchar: 156809465161
wchar: 41734974654
syscr: 18978339
syscw: 1116107
read_bytes: 21843655168
write_bytes: 41739038720
cancelled_write_bytes: 0

[2020-01-24T15:45:01-08:00]
rchar: 157131698287
wchar: 41886479950
syscr: 19017415
syscw: 1118714
read_bytes: 21860506112
write_bytes: 41890553856
cancelled_write_bytes: 0

[2020-01-24T15:45:04-08:00]
rchar: 159384418886
wchar: 42467896403
syscr: 19290470
syscw: 1130782
read_bytes: 21970479616
write_bytes: 42472005632
cancelled_write_bytes: 0

[2020-01-24T15:45:07-08:00]
rchar: 161182517839
wchar: 43240208991
syscr: 19507932
syscw: 1141493
read_bytes: 22051491328
write_bytes: 43244371968
cancelled_write_bytes: 0

[2020-01-24T15:45:10-08:00]
rchar: 161813132985
wchar: 43648984863
syscr: 19584398
syscw: 1145906
read_bytes: 22075395584
write_bytes: 43653419008
cancelled_write_bytes: 0

[2020-01-24T15:45:13-08:00]
rchar: 162968597315
wchar: 44057154501
syscr: 19724343
syscw: 1154843
read_bytes: 22172405248
write_bytes: 44061466624
cancelled_write_bytes: 0

[2020-01-24T15:45:16-08:00]
rchar: 163213705148
wchar: 44279502171
syscr: 19754068
syscw: 1157767
read_bytes: 22189960704
write_bytes: 44283830272
cancelled_write_bytes: 0

[2020-01-24T15:45:19-08:00]
rchar: 164972486919
wchar: 44767868979
syscr: 19967194
syscw: 1170577
read_bytes: 22322306560
write_bytes: 44772249600
cancelled_write_bytes: 0

[2020-01-24T15:45:22-08:00]
rchar: 167019938358
wchar: 45232355292
syscr: 20215415
syscw: 1184156
read_bytes: 22480276992
write_bytes: 45236817920
cancelled_write_bytes: 0

[2020-01-24T15:45:25-08:00]
rchar: 167358389965
wchar: 45462821908
syscr: 20256458
syscw: 1187675
read_bytes: 22504480256
write_bytes: 45467271168
cancelled_write_bytes: 0

[2020-01-24T15:45:28-08:00]
rchar: 169306949823
wchar: 45894580595
syscr: 20492610
syscw: 1199853
read_bytes: 22632164864
write_bytes: 45899075584
cancelled_write_bytes: 0

[2020-01-24T15:45:31-08:00]
rchar: 171700091390
wchar: 46362798350
syscr: 20782764
syscw: 1213694
read_bytes: 22790155776
write_bytes: 46367469568
cancelled_write_bytes: 0

[2020-01-24T15:45:34-08:00]
rchar: 173024807091
wchar: 46803060238
syscr: 20943272
syscw: 1222791
read_bytes: 22868499968
write_bytes: 46807646208
cancelled_write_bytes: 0

[2020-01-24T15:45:37-08:00]
rchar: 174763411240
wchar: 47201898276
syscr: 21154043
syscw: 1233374
read_bytes: 22959873536
write_bytes: 47206518784
cancelled_write_bytes: 0

[2020-01-24T15:45:40-08:00]
rchar: 177213661845
wchar: 47780839266
syscr: 21451135
syscw: 1246957
read_bytes: 23089589760
write_bytes: 47785504768
cancelled_write_bytes: 0

[2020-01-24T15:45:43-08:00]
rchar: 178001336076
wchar: 48125540218
syscr: 21546643
syscw: 1252765
read_bytes: 23132102144
write_bytes: 48130215936
cancelled_write_bytes: 0

[2020-01-24T15:45:46-08:00]
rchar: 179785741415
wchar: 48546366663
syscr: 21762411
syscw: 1262223
read_bytes: 23216053760
write_bytes: 48551088128
cancelled_write_bytes: 0

[2020-01-24T15:45:49-08:00]
rchar: 181726819462
wchar: 48985663983
syscr: 21997748
syscw: 1276813
read_bytes: 23384223232
write_bytes: 48990433280
cancelled_write_bytes: 0

[2020-01-24T15:45:52-08:00]
rchar: 182153122512
wchar: 49308914007
syscr: 22049427
syscw: 1281607
read_bytes: 23415332352
write_bytes: 49313710080
cancelled_write_bytes: 0

[2020-01-24T15:45:55-08:00]
rchar: 183843802586
wchar: 49659458901
syscr: 22254333
syscw: 1292864
read_bytes: 23534194176
write_bytes: 49664290816
cancelled_write_bytes: 0

[2020-01-24T15:45:58-08:00]
rchar: 185998732417
wchar: 50117540857
syscr: 22515569
syscw: 1306624
read_bytes: 23683616256
write_bytes: 50122416128
cancelled_write_bytes: 0

[2020-01-24T15:46:01-08:00]
rchar: 186455755586
wchar: 50416165575
syscr: 22570987
syscw: 1311411
read_bytes: 23713705472
write_bytes: 50421051392
cancelled_write_bytes: 0

[2020-01-24T15:46:04-08:00]
rchar: 188706274247
wchar: 50836771370
syscr: 22843758
syscw: 1324676
read_bytes: 23844109824
write_bytes: 50841710592
cancelled_write_bytes: 0

[2020-01-24T15:46:07-08:00]
rchar: 190880146233
wchar: 51253008385
syscr: 23107312
syscw: 1336765
read_bytes: 23971483136
write_bytes: 51257987072
cancelled_write_bytes: 0

[2020-01-24T15:46:10-08:00]
rchar: 191785452208
wchar: 51592652786
syscr: 23216954
syscw: 1343729
read_bytes: 24021560832
write_bytes: 51597672448
cancelled_write_bytes: 0

[2020-01-24T15:46:13-08:00]
rchar: 194178526285
wchar: 52102375229
syscr: 23507098
syscw: 1356374
read_bytes: 24135462400
write_bytes: 52107436032
cancelled_write_bytes: 0

[2020-01-24T15:46:16-08:00]
rchar: 196636578059
wchar: 52675416781
syscr: 23805139
syscw: 1369376
read_bytes: 24249560576
write_bytes: 52680499200
cancelled_write_bytes: 0

[2020-01-24T15:46:19-08:00]
rchar: 197116507456
wchar: 53002102135
syscr: 23863333
syscw: 1373505
read_bytes: 24269565440
write_bytes: 53007196160
cancelled_write_bytes: 0

[2020-01-24T15:46:22-08:00]
rchar: 199594244113
wchar: 53433201289
syscr: 24163089
syscw: 1385260
read_bytes: 24375336448
write_bytes: 53438795776
cancelled_write_bytes: 0

[2020-01-24T15:46:25-08:00]
rchar: 200601168500
wchar: 54052307482
syscr: 24285182
syscw: 1392232
read_bytes: 24413687296
write_bytes: 54057492480
cancelled_write_bytes: 0

[2020-01-24T15:46:28-08:00]
rchar: 201553190571
wchar: 54638667173
syscr: 24400594
syscw: 1399299
read_bytes: 24448646656
write_bytes: 54644113408
cancelled_write_bytes: 0

[2020-01-24T15:46:31-08:00]
rchar: 202640728833
wchar: 55049391083
syscr: 24532318
syscw: 1408030
read_bytes: 24524180992
write_bytes: 55054725120
cancelled_write_bytes: 0

[2020-01-24T15:46:34-08:00]
rchar: 202998643695
wchar: 55308992462
syscr: 24575700
syscw: 1413031
read_bytes: 24554425856
write_bytes: 55314345984
cancelled_write_bytes: 0

[2020-01-24T15:46:37-08:00]
rchar: 205053682289
wchar: 55782618198
syscr: 24824756
syscw: 1427555
read_bytes: 24691015168
write_bytes: 55788019712
cancelled_write_bytes: 0

[2020-01-24T15:46:40-08:00]
rchar: 206689567732
wchar: 56176172480
syscr: 25023096
syscw: 1439079
read_bytes: 24799321600
write_bytes: 56181612544
cancelled_write_bytes: 0

[2020-01-24T15:46:43-08:00]
rchar: 207104836421
wchar: 56470549655
syscr: 25073345
syscw: 1443856
read_bytes: 24824970752
write_bytes: 56476037120
cancelled_write_bytes: 0

[2020-01-24T15:46:46-08:00]
rchar: 209489843266
wchar: 56942710023
syscr: 25362484
syscw: 1457989
read_bytes: 24956521984
write_bytes: 56948248576
cancelled_write_bytes: 0

[2020-01-24T15:46:49-08:00]
rchar: 211418057581
wchar: 57343448602
syscr: 25596256
syscw: 1469359
read_bytes: 25064566272
write_bytes: 57349021696
cancelled_write_bytes: 0

[2020-01-24T15:46:52-08:00]
rchar: 212590303307
wchar: 57739865238
syscr: 25738310
syscw: 1478314
read_bytes: 25124478464
write_bytes: 57745473536
cancelled_write_bytes: 0

[2020-01-24T15:46:55-08:00]
rchar: 215069720486
wchar: 58278927801
syscr: 26038911
syscw: 1492022
read_bytes: 25238015488
write_bytes: 58284572672
cancelled_write_bytes: 0

[2020-01-24T15:46:58-08:00]
rchar: 217026705144
wchar: 58765859528
syscr: 26276196
syscw: 1502845
read_bytes: 25323912704
write_bytes: 58771529728
cancelled_write_bytes: 0

[2020-01-24T15:47:01-08:00]
rchar: 217663836986
wchar: 59060181723
syscr: 26353367
syscw: 1507944
read_bytes: 25352224256
write_bytes: 59066130432
cancelled_write_bytes: 0

[2020-01-24T15:47:04-08:00]
rchar: 220109909451
wchar: 59586082110
syscr: 26649477
syscw: 1522982
read_bytes: 25493093888
write_bytes: 59591827456
cancelled_write_bytes: 0

[2020-01-24T15:47:07-08:00]
rchar: 221382099788
wchar: 59958230059
syscr: 26803701
syscw: 1532317
read_bytes: 25580219904
write_bytes: 59964002304
cancelled_write_bytes: 0

[2020-01-24T15:47:10-08:00]
rchar: 222022654270
wchar: 60277824877
syscr: 26881292
syscw: 1538640
read_bytes: 25620372992
write_bytes: 60283629568
cancelled_write_bytes: 0

[2020-01-24T15:47:13-08:00]
rchar: 224325008072
wchar: 60776998164
syscr: 27160392
syscw: 1553221
read_bytes: 25755196928
write_bytes: 60782874624
cancelled_write_bytes: 0

[2020-01-24T15:47:16-08:00]
rchar: 225875417331
wchar: 61213200604
syscr: 27348361
syscw: 1564048
read_bytes: 25845472768
write_bytes: 61219119104
cancelled_write_bytes: 0

[2020-01-24T15:47:19-08:00]
rchar: 226475682670
wchar: 61457349626
syscr: 27421063
syscw: 1569703
read_bytes: 25876090368
write_bytes: 61463302144
cancelled_write_bytes: 0

[2020-01-24T15:47:22-08:00]
rchar: 229125654031
wchar: 61951755021
syscr: 27742310
syscw: 1585249
read_bytes: 26009824768
write_bytes: 61957758976
cancelled_write_bytes: 0

[2020-01-24T15:47:26-08:00]
rchar: 230749594549
wchar: 62445172003
syscr: 27939221
syscw: 1596288
read_bytes: 26090573312
write_bytes: 62452113408
cancelled_write_bytes: 0

[2020-01-24T15:47:29-08:00]
rchar: 232586036209
wchar: 62782970441
syscr: 28161776
syscw: 1607995
read_bytes: 26169892352
write_bytes: 62789058560
cancelled_write_bytes: 0

[2020-01-24T15:47:32-08:00]
rchar: 235367470737
wchar: 63315982031
syscr: 28498992
syscw: 1622167
read_bytes: 26287791616
write_bytes: 63322103808
cancelled_write_bytes: 0

[2020-01-24T15:47:35-08:00]
rchar: 236744736316
wchar: 63788363675
syscr: 28665904
syscw: 1631292
read_bytes: 26344263168
write_bytes: 63794515968
cancelled_write_bytes: 0

[2020-01-24T15:47:38-08:00]
rchar: 238755262772
wchar: 64190965205
syscr: 28909677
syscw: 1641936
read_bytes: 26417200640
write_bytes: 64197140480
cancelled_write_bytes: 0

[2020-01-24T15:47:41-08:00]
rchar: 241547189447
wchar: 64837491698
syscr: 29247608
syscw: 1654784
read_bytes: 26521738752
write_bytes: 64843862016
cancelled_write_bytes: 0

[2020-01-24T15:47:44-08:00]
rchar: 242479436890
wchar: 65344425384
syscr: 29360652
syscw: 1662749
read_bytes: 26586271232
write_bytes: 65350709248
cancelled_write_bytes: 0

[2020-01-24T15:47:47-08:00]
rchar: 243223132551
wchar: 65797366385
syscr: 29450830
syscw: 1669924
read_bytes: 26637291008
write_bytes: 65803640832
cancelled_write_bytes: 0

[2020-01-24T15:47:50-08:00]
rchar: 244027409329
wchar: 66304624602
syscr: 29548358
syscw: 1677531
read_bytes: 26698780160
write_bytes: 66310991872
cancelled_write_bytes: 0

[2020-01-24T15:47:53-08:00]
rchar: 244950228925
wchar: 66809513506
syscr: 29660138
syscw: 1685238
read_bytes: 26762415616
write_bytes: 66815905792
cancelled_write_bytes: 0

[2020-01-24T15:47:56-08:00]
rchar: 246147449749
wchar: 67440573389
syscr: 29805214
syscw: 1693607
read_bytes: 26842836480
write_bytes: 67447054336
cancelled_write_bytes: 0

[2020-01-24T15:47:59-08:00]
rchar: 246988399087
wchar: 67838769275
syscr: 29907140
syscw: 1700726
read_bytes: 26896780800
write_bytes: 67845849088
cancelled_write_bytes: 0

[2020-01-24T15:48:02-08:00]
rchar: 248230139531
wchar: 68495027416
syscr: 30057714
syscw: 1709909
read_bytes: 26969280000
write_bytes: 68501569536
cancelled_write_bytes: 0

[2020-01-24T15:48:05-08:00]
rchar: 248733243884
wchar: 68727138054
syscr: 30118682
syscw: 1714819
read_bytes: 26994425344
write_bytes: 68733755392
cancelled_write_bytes: 0

[2020-01-24T15:48:08-08:00]
rchar: 249549973412
wchar: 69222189856
syscr: 30217717
syscw: 1721568
read_bytes: 27031305728
write_bytes: 69229174784
cancelled_write_bytes: 0

[2020-01-24T15:48:11-08:00]
rchar: 250455946363
wchar: 69764968163
syscr: 30327477
syscw: 1729458
read_bytes: 27074326016
write_bytes: 69771685888
cancelled_write_bytes: 0

[2020-01-24T15:48:14-08:00]
rchar: 251534287644
wchar: 70289120546
syscr: 30458130
syscw: 1737760
read_bytes: 27122003456
write_bytes: 70295937024
cancelled_write_bytes: 0

[2020-01-24T15:48:17-08:00]
rchar: 252400914974
wchar: 70623559752
syscr: 30563030
syscw: 1744867
read_bytes: 27171020288
write_bytes: 70630453248
cancelled_write_bytes: 0

[2020-01-24T15:48:20-08:00]
rchar: 254102597551
wchar: 70967787641
syscr: 30769256
syscw: 1756601
read_bytes: 27298012672
write_bytes: 70974730240
cancelled_write_bytes: 0

[2020-01-24T15:48:23-08:00]
rchar: 255630379756
wchar: 71296246905
syscr: 30954419
syscw: 1766199
read_bytes: 27403243008
write_bytes: 71303213056
cancelled_write_bytes: 0

[2020-01-24T15:48:26-08:00]
rchar: 258729674280
wchar: 71627764718
syscr: 31330178
syscw: 1779424
read_bytes: 27559038464
write_bytes: 71634751488
cancelled_write_bytes: 0

[2020-01-24T15:48:29-08:00]
rchar: 259615983785
wchar: 71977865823
syscr: 31437645
syscw: 1786069
read_bytes: 27596725760
write_bytes: 71984873472
cancelled_write_bytes: 0

[2020-01-24T15:48:32-08:00]
rchar: 261841810814
wchar: 72449995858
syscr: 31707440
syscw: 1797458
read_bytes: 27672669696
write_bytes: 72457416704
cancelled_write_bytes: 0

[2020-01-24T15:48:35-08:00]
rchar: 264204623905
wchar: 72923965199
syscr: 31993930
syscw: 1809997
read_bytes: 27755167232
write_bytes: 72931033088
cancelled_write_bytes: 0

[2020-01-24T15:48:38-08:00]
rchar: 265175524304
wchar: 73286501383
syscr: 32111172
syscw: 1817331
read_bytes: 27804892672
write_bytes: 73293615104
cancelled_write_bytes: 0

[2020-01-24T15:48:41-08:00]
rchar: 266437442891
wchar: 73586468061
syscr: 32264073
syscw: 1826972
read_bytes: 27869928960
write_bytes: 73593622528
cancelled_write_bytes: 0

[2020-01-24T15:48:44-08:00]
rchar: 268884793956
wchar: 74110388087
syscr: 32560770
syscw: 1842989
read_bytes: 27995909632
write_bytes: 74117591040
cancelled_write_bytes: 0

[2020-01-24T15:48:47-08:00]
rchar: 269547586456
wchar: 74456970985
syscr: 32641140
syscw: 1848854
read_bytes: 28028337664
write_bytes: 74464198656
cancelled_write_bytes: 0

[2020-01-24T15:48:50-08:00]
rchar: 271601118537
wchar: 74838038540
syscr: 32890001
syscw: 1861355
read_bytes: 28117093888
write_bytes: 74845331456
cancelled_write_bytes: 0

[2020-01-24T15:48:53-08:00]
rchar: 273885370650
wchar: 75276770528
syscr: 33166958
syscw: 1874580
read_bytes: 28217855488
write_bytes: 75284099072
cancelled_write_bytes: 0

[2020-01-24T15:48:56-08:00]
rchar: 274436322200
wchar: 75574662990
syscr: 33233647
syscw: 1879664
read_bytes: 28239826432
write_bytes: 75582173184
cancelled_write_bytes: 0

[2020-01-24T15:48:59-08:00]
rchar: 276927774412
wchar: 76047288961
syscr: 33535709
syscw: 1892045
read_bytes: 28330491392
write_bytes: 76054683648
cancelled_write_bytes: 0

[2020-01-24T15:49:02-08:00]
rchar: 279105496170
wchar: 76527989423
syscr: 33799756
syscw: 1903989
read_bytes: 28407377408
write_bytes: 76535406592
cancelled_write_bytes: 0

[2020-01-24T15:49:05-08:00]
rchar: 280088560428
wchar: 76953196075
syscr: 33918957
syscw: 1910685
read_bytes: 28441505280
write_bytes: 76960628736
cancelled_write_bytes: 0

[2020-01-24T15:49:08-08:00]
rchar: 282115894951
wchar: 77353650640
syscr: 34164684
syscw: 1920724
read_bytes: 28505509376
write_bytes: 77361455104
cancelled_write_bytes: 0

[2020-01-24T15:49:11-08:00]
rchar: 284187356861
wchar: 77943431823
syscr: 34415257
syscw: 1931591
read_bytes: 28583887360
write_bytes: 77950976000
cancelled_write_bytes: 0

[2020-01-24T15:49:14-08:00]
rchar: 285326360057
wchar: 78584293359
syscr: 34553369
syscw: 1941012
read_bytes: 28653896192
write_bytes: 78591840256
cancelled_write_bytes: 0

[2020-01-24T15:49:17-08:00]
rchar: 285905277487
wchar: 78846366505
syscr: 34623561
syscw: 1947298
read_bytes: 28701450752
write_bytes: 78853943296
cancelled_write_bytes: 0

[2020-01-24T15:49:20-08:00]
rchar: 286731519583
wchar: 79337284850
syscr: 34723739
syscw: 1955118
read_bytes: 28767003136
write_bytes: 79344934912
cancelled_write_bytes: 0

[2020-01-24T15:49:23-08:00]
rchar: 287589674540
wchar: 79830059851
syscr: 34827784
syscw: 1963583
read_bytes: 28835394048
write_bytes: 79837724672
cancelled_write_bytes: 0

[2020-01-24T15:49:26-08:00]
rchar: 288933314133
wchar: 80513529918
syscr: 34990584
syscw: 1973760
read_bytes: 28926599680
write_bytes: 80521277440
cancelled_write_bytes: 0

[2020-01-24T15:49:29-08:00]
rchar: 289836266239
wchar: 80921038271
syscr: 35100075
syscw: 1981108
read_bytes: 28984148480
write_bytes: 80928800768
cancelled_write_bytes: 0

[2020-01-24T15:49:32-08:00]
rchar: 290872838254
wchar: 81420420144
syscr: 35225696
syscw: 1989300
read_bytes: 29055222272
write_bytes: 81428271104
cancelled_write_bytes: 0

[2020-01-24T15:49:35-08:00]
rchar: 291676363746
wchar: 81775301054
syscr: 35323138
syscw: 1996415
read_bytes: 29105836544
write_bytes: 81783922688
cancelled_write_bytes: 0

[2020-01-24T15:49:38-08:00]
rchar: 292563084050
wchar: 82225183644
syscr: 35430667
syscw: 2004090
read_bytes: 29159641600
write_bytes: 82233118720
cancelled_write_bytes: 0

[2020-01-24T15:49:41-08:00]
rchar: 293748945837
wchar: 82855393567
syscr: 35574450
syscw: 2013800
read_bytes: 29233181184
write_bytes: 82864267264
cancelled_write_bytes: 0

[2020-01-24T15:49:44-08:00]
rchar: 294602612042
wchar: 83279274476
syscr: 35677968
syscw: 2021293
read_bytes: 29285159424
write_bytes: 83287306240
cancelled_write_bytes: 0

[2020-01-24T15:49:47-08:00]
rchar: 295998804404
wchar: 83917990396
syscr: 35847161
syscw: 2030855
read_bytes: 29360632320
write_bytes: 83926114304
cancelled_write_bytes: 0

[2020-01-24T15:49:50-08:00]
rchar: 296873076012
wchar: 84285577691
syscr: 35953144
syscw: 2037645
read_bytes: 29406704128
write_bytes: 84293718016
cancelled_write_bytes: 0

[2020-01-24T15:49:53-08:00]
rchar: 298086048141
wchar: 84825346734
syscr: 36100128
syscw: 2046047
read_bytes: 29477577216
write_bytes: 84833574912
cancelled_write_bytes: 0

[2020-01-24T15:49:56-08:00]
rchar: 298715613249
wchar: 85072007794
syscr: 36176441
syscw: 2051764
read_bytes: 29516251648
write_bytes: 85080256512
cancelled_write_bytes: 0

[2020-01-24T15:49:59-08:00]
rchar: 299971144828
wchar: 85709674992
syscr: 36328653
syscw: 2061221
read_bytes: 29598441984
write_bytes: 85718368256
cancelled_write_bytes: 0

[2020-01-24T15:50:02-08:00]
rchar: 300866724372
wchar: 86048417066
syscr: 36437029
syscw: 2068139
read_bytes: 29657747968
write_bytes: 86056812544
cancelled_write_bytes: 0

[2020-01-24T15:50:05-08:00]
rchar: 302311012777
wchar: 86614108004
syscr: 36612081
syscw: 2077520
read_bytes: 29751112192
write_bytes: 86622564352
cancelled_write_bytes: 0

[2020-01-24T15:50:08-08:00]
rchar: 303664387535
wchar: 87050187727
syscr: 36776083
syscw: 2087085
read_bytes: 29867000320
write_bytes: 87058694144
cancelled_write_bytes: 0

[2020-01-24T15:50:11-08:00]
rchar: 304562168457
wchar: 87286129412
syscr: 36884826
syscw: 2093904
read_bytes: 29942407680
write_bytes: 87294660608
cancelled_write_bytes: 0

[2020-01-24T15:50:14-08:00]
rchar: 305357596616
wchar: 87647892489
syscr: 36981280
syscw: 2101245
read_bytes: 29993546240
write_bytes: 87656460288
cancelled_write_bytes: 0

[2020-01-24T15:50:17-08:00]
rchar: 307429017098
wchar: 88052736710
syscr: 37232282
syscw: 2112325
read_bytes: 30142419456
write_bytes: 88061382656
cancelled_write_bytes: 0

[2020-01-24T15:50:20-08:00]
rchar: 309772131960
wchar: 88508260620
syscr: 37516222
syscw: 2124588
read_bytes: 30264402432
write_bytes: 88516968448
cancelled_write_bytes: 0

[2020-01-24T15:50:23-08:00]
rchar: 311072843012
wchar: 88776315222
syscr: 37673848
syscw: 2133233
read_bytes: 30319141376
write_bytes: 88785039360
cancelled_write_bytes: 0

[2020-01-24T15:50:26-08:00]
rchar: 314958393735
wchar: 88999044901
syscr: 38144911
syscw: 2145861
read_bytes: 30453453312
write_bytes: 89007792128
cancelled_write_bytes: 0

[2020-01-24T15:50:29-08:00]
rchar: 316929555808
wchar: 89393795817
syscr: 38383826
syscw: 2155269
read_bytes: 30509715968
write_bytes: 89402572800
cancelled_write_bytes: 0

[2020-01-24T15:50:32-08:00]
rchar: 319302970267
wchar: 89785560939
syscr: 38671592
syscw: 2165714
read_bytes: 30564561408
write_bytes: 89794355200
cancelled_write_bytes: 0

[2020-01-24T15:50:35-08:00]
rchar: 322891429148
wchar: 90371338888
syscr: 39106679
syscw: 2179504
read_bytes: 30647882240
write_bytes: 90380169216
cancelled_write_bytes: 0

[2020-01-24T15:50:38-08:00]
rchar: 323833250578
wchar: 90615179059
syscr: 39220874
syscw: 2184519
read_bytes: 30669722112
write_bytes: 90624020480
cancelled_write_bytes: 0

[2020-01-24T15:50:41-08:00]
rchar: 326891779621
wchar: 91128830767
syscr: 39591006
syscw: 2196639
read_bytes: 30734610944
write_bytes: 91137716224
cancelled_write_bytes: 0

[2020-01-24T15:50:44-08:00]
rchar: 328442919587
wchar: 91920237007
syscr: 39779111
syscw: 2207893
read_bytes: 30810444288
write_bytes: 91929178112
cancelled_write_bytes: 0

[2020-01-24T15:50:47-08:00]
rchar: 329476344197
wchar: 92380881876
syscr: 39904393
syscw: 2216895
read_bytes: 30866358784
write_bytes: 92389863424
cancelled_write_bytes: 0

[2020-01-24T15:50:50-08:00]
rchar: 330273079876
wchar: 92720603843
syscr: 40000987
syscw: 2224090
read_bytes: 30911296000
write_bytes: 92729643008
cancelled_write_bytes: 0

[2020-01-24T15:50:53-08:00]
rchar: 331063995051
wchar: 93091213751
syscr: 40096806
syscw: 2232206
read_bytes: 30962848256
write_bytes: 93100302336
cancelled_write_bytes: 0

[2020-01-24T15:50:56-08:00]
rchar: 332202764678
wchar: 93481964241
syscr: 40234748
syscw: 2242249
read_bytes: 31077917184
write_bytes: 93491085312
cancelled_write_bytes: 0

[2020-01-24T15:50:59-08:00]
rchar: 334180867008
wchar: 94050842352
syscr: 40474615
syscw: 2254291
read_bytes: 31290958336
write_bytes: 94060015616
cancelled_write_bytes: 0

[2020-01-24T15:51:02-08:00]
rchar: 335455525217
wchar: 94386705591
syscr: 40629177
syscw: 2263310
read_bytes: 31417414144
write_bytes: 94395899904
cancelled_write_bytes: 0

[2020-01-24T15:51:05-08:00]
rchar: 336607415748
wchar: 94823848418
syscr: 40768773
syscw: 2272577
read_bytes: 31517053440
write_bytes: 94833102848
cancelled_write_bytes: 0

[2020-01-24T15:51:08-08:00]
rchar: 338511893195
wchar: 95258042283
syscr: 40999701
syscw: 2284858
read_bytes: 31678898688
write_bytes: 95267311616
cancelled_write_bytes: 0

[2020-01-24T15:51:11-08:00]
rchar: 340538067018
wchar: 95756270169
syscr: 41245390
syscw: 2296135
read_bytes: 31859864064
write_bytes: 95765590016
cancelled_write_bytes: 0

[2020-01-24T15:51:14-08:00]
rchar: 341707996320
wchar: 96098113869
syscr: 41387250
syscw: 2305333
read_bytes: 31945654784
write_bytes: 96107446272
cancelled_write_bytes: 0

[2020-01-24T15:51:17-08:00]
rchar: 343681481157
wchar: 96570838129
syscr: 41626465
syscw: 2317026
read_bytes: 32100426240
write_bytes: 96580251648
cancelled_write_bytes: 0

[2020-01-24T15:51:20-08:00]
rchar: 346030701237
wchar: 97098358627
syscr: 41911316
syscw: 2329462
read_bytes: 32281563648
write_bytes: 97107795968
cancelled_write_bytes: 0

[2020-01-24T15:51:23-08:00]
rchar: 347617721715
wchar: 97396760971
syscr: 42103710
syscw: 2339046
read_bytes: 32391062016
write_bytes: 97406255104
cancelled_write_bytes: 0

[2020-01-24T15:51:26-08:00]
rchar: 348755639292
wchar: 97737726072
syscr: 42241598
syscw: 2348132
read_bytes: 32455623168
write_bytes: 97747238912
cancelled_write_bytes: 0

[2020-01-24T15:51:29-08:00]
rchar: 351488208610
wchar: 98226772453
syscr: 42572742
syscw: 2360987
read_bytes: 32609845760
write_bytes: 98236350464
cancelled_write_bytes: 0

[2020-01-24T15:51:32-08:00]
rchar: 354024931764
wchar: 98462025971
syscr: 42880066
syscw: 2371721
read_bytes: 32707801600
write_bytes: 98471661568
cancelled_write_bytes: 0

[2020-01-24T15:51:35-08:00]
rchar: 356482316658
wchar: 99017584412
syscr: 43177933
syscw: 2383985
read_bytes: 32756126208
write_bytes: 99027251200
cancelled_write_bytes: 0

[2020-01-24T15:51:38-08:00]
rchar: 359368617774
wchar: 99487836157
syscr: 43527888
syscw: 2396616
read_bytes: 32809652736
write_bytes: 99497529344
cancelled_write_bytes: 0

[2020-01-24T15:51:41-08:00]
rchar: 362095570267
wchar: 99997040951
syscr: 43858521
syscw: 2408419
read_bytes: 32861069824
write_bytes: 100006764544
cancelled_write_bytes: 0

[2020-01-24T15:51:44-08:00]
rchar: 363744281191
wchar: 100338372808
syscr: 44058336
syscw: 2416837
read_bytes: 32889315840
write_bytes: 100348129280
cancelled_write_bytes: 0

[2020-01-24T15:51:47-08:00]
rchar: 366203770693
wchar: 100996753164
syscr: 44355961
syscw: 2427680
read_bytes: 32931701248
write_bytes: 101006573568
cancelled_write_bytes: 0

[2020-01-24T15:51:50-08:00]
rchar: 367287390340
wchar: 101523598438
syscr: 44487360
syscw: 2436251
read_bytes: 32952914432
write_bytes: 101533618176
cancelled_write_bytes: 0

[2020-01-24T15:51:53-08:00]
rchar: 368229070124
wchar: 101996205469
syscr: 44601536
syscw: 2443443
read_bytes: 32971178496
write_bytes: 102007050240
cancelled_write_bytes: 0

[2020-01-24T15:51:56-08:00]
rchar: 368868861543
wchar: 102263735635
syscr: 44679102
syscw: 2449264
read_bytes: 32985723392
write_bytes: 102273679360
cancelled_write_bytes: 0

[2020-01-24T15:51:59-08:00]
rchar: 369554563700
wchar: 102625939282
syscr: 44762217
syscw: 2456066
read_bytes: 33001906688
write_bytes: 102635954176
cancelled_write_bytes: 0

[2020-01-24T15:52:02-08:00]
rchar: 370849692759
wchar: 103318244806
syscr: 44919053
syscw: 2466838
read_bytes: 33028755968
write_bytes: 103328362496
cancelled_write_bytes: 0

[2020-01-24T15:52:05-08:00]
rchar: 371821078264
wchar: 103765700169
syscr: 45036797
syscw: 2474018
read_bytes: 33046405632
write_bytes: 103775858688
cancelled_write_bytes: 0

[2020-01-24T15:52:08-08:00]
rchar: 372980744380
wchar: 104310890261
syscr: 45177348
syscw: 2481964
read_bytes: 33067807232
write_bytes: 104321081344
cancelled_write_bytes: 0

[2020-01-24T15:52:11-08:00]
rchar: 374204003398
wchar: 104882248259
syscr: 45325688
syscw: 2490979
read_bytes: 33090163200
write_bytes: 104892518400
cancelled_write_bytes: 0

[2020-01-24T15:52:14-08:00]
rchar: 375287610867
wchar: 105366636657
syscr: 45457087
syscw: 2498867
read_bytes: 33110360576
write_bytes: 105376911360
cancelled_write_bytes: 0

[2020-01-24T15:52:17-08:00]
rchar: 375884243721
wchar: 105608376921
syscr: 45529435
syscw: 2503922
read_bytes: 33122939392
write_bytes: 105618677760
cancelled_write_bytes: 0

[2020-01-24T15:52:20-08:00]
rchar: 376980978956
wchar: 106153910601
syscr: 45662390
syscw: 2512588
read_bytes: 33144525312
write_bytes: 106164297728
cancelled_write_bytes: 0

[2020-01-24T15:52:23-08:00]
rchar: 377980125912
wchar: 106656997196
syscr: 45783514
syscw: 2520627
read_bytes: 33164685824
write_bytes: 106667438080
cancelled_write_bytes: 0

[2020-01-24T15:52:26-08:00]
rchar: 378779217377
wchar: 107063893609
syscr: 45880400
syscw: 2526904
read_bytes: 33180504576
write_bytes: 107074363392
cancelled_write_bytes: 0

[2020-01-24T15:52:29-08:00]
rchar: 379882232788
wchar: 107525039926
syscr: 46013878
syscw: 2535145
read_bytes: 33200714240
write_bytes: 107535613952
cancelled_write_bytes: 0

[2020-01-24T15:52:32-08:00]
rchar: 381091873016
wchar: 108025642897
syscr: 46160338
syscw: 2544197
read_bytes: 33222275584
write_bytes: 108036304896
cancelled_write_bytes: 0

[2020-01-24T15:52:35-08:00]
rchar: 382399436598
wchar: 108265527559
syscr: 46318788
syscw: 2553338
read_bytes: 33260163584
write_bytes: 108276973568
cancelled_write_bytes: 0

[2020-01-24T15:52:38-08:00]
rchar: 384352216461
wchar: 108750933578
syscr: 46555476
syscw: 2565361
read_bytes: 33303065088
write_bytes: 108761657344
cancelled_write_bytes: 0

[2020-01-24T15:52:41-08:00]
rchar: 387390138006
wchar: 109341150585
syscr: 46923819
syscw: 2580095
read_bytes: 33369043456
write_bytes: 109351911424
cancelled_write_bytes: 0

[2020-01-24T15:52:44-08:00]
rchar: 388176366547
wchar: 109510844660
syscr: 47019151
syscw: 2585145
read_bytes: 33386287616
write_bytes: 109521612800
cancelled_write_bytes: 0

[2020-01-24T15:52:47-08:00]
rchar: 389790313392
wchar: 110055080368
syscr: 47214303
syscw: 2596009
read_bytes: 33433145856
write_bytes: 110065958912
cancelled_write_bytes: 0

[2020-01-24T15:52:50-08:00]
rchar: 391031977020
wchar: 110582716711
syscr: 47364864
syscw: 2606702
read_bytes: 33485627904
write_bytes: 110593585152
cancelled_write_bytes: 0

[2020-01-24T15:52:53-08:00]
rchar: 392418075224
wchar: 111169163475
syscr: 47532938
syscw: 2618515
read_bytes: 33553777152
write_bytes: 111180103680
cancelled_write_bytes: 0

[2020-01-24T15:52:56-08:00]
rchar: 393609523821
wchar: 111648943970
syscr: 47677412
syscw: 2628633
read_bytes: 33621352960
write_bytes: 111659905024
cancelled_write_bytes: 0

[2020-01-24T15:52:59-08:00]
rchar: 394097659421
wchar: 111816737527
syscr: 47736604
syscw: 2634020
read_bytes: 33648951808
write_bytes: 111827697664
cancelled_write_bytes: 0

[2020-01-24T15:53:02-08:00]
rchar: 395211206704
wchar: 112329408202
syscr: 47871544
syscw: 2644320
read_bytes: 33712079360
write_bytes: 112340467712
cancelled_write_bytes: 0

[2020-01-24T15:53:05-08:00]
rchar: 396588898206
wchar: 112937230896
syscr: 48038520
syscw: 2655190
read_bytes: 33787777536
write_bytes: 112949243904
cancelled_write_bytes: 0

[2020-01-24T15:53:08-08:00]
rchar: 397842659260
wchar: 113373505763
syscr: 48190498
syscw: 2664893
read_bytes: 33850843648
write_bytes: 113384624128
cancelled_write_bytes: 0

[2020-01-24T15:53:11-08:00]
rchar: 399069193573
wchar: 113816364308
syscr: 48339225
syscw: 2674329
read_bytes: 33909289472
write_bytes: 113827487744
cancelled_write_bytes: 0

[2020-01-24T15:53:14-08:00]
rchar: 399919189862
wchar: 114092268453
syscr: 48442314
syscw: 2682364
read_bytes: 33949131264
write_bytes: 114103537664
cancelled_write_bytes: 0

[2020-01-24T15:53:17-08:00]
rchar: 401363488229
wchar: 114684893673
syscr: 48617388
syscw: 2693451
read_bytes: 34021986816
write_bytes: 114696192000
cancelled_write_bytes: 0

[2020-01-24T15:53:20-08:00]
rchar: 402622277011
wchar: 115166226524
syscr: 48769937
syscw: 2703173
read_bytes: 34079367680
write_bytes: 115177553920
cancelled_write_bytes: 0

[2020-01-24T15:53:23-08:00]
rchar: 404286691828
wchar: 115743087157
syscr: 48971656
syscw: 2714171
read_bytes: 34150408704
write_bytes: 115754475520
cancelled_write_bytes: 0

[2020-01-24T15:53:26-08:00]
rchar: 405420167037
wchar: 116074853474
syscr: 49109059
syscw: 2722775
read_bytes: 34202563072
write_bytes: 116086263808
cancelled_write_bytes: 0

[2020-01-24T15:53:29-08:00]
rchar: 406566519498
wchar: 116438607793
syscr: 49248028
syscw: 2732244
read_bytes: 34257146368
write_bytes: 116450058240
cancelled_write_bytes: 0

[2020-01-24T15:53:32-08:00]
rchar: 408249563521
wchar: 117022046964
syscr: 49451982
syscw: 2743537
read_bytes: 34341601792
write_bytes: 117033549824
cancelled_write_bytes: 0

[2020-01-24T15:53:35-08:00]
rchar: 409712411957
wchar: 117376185133
syscr: 49629330
syscw: 2753654
read_bytes: 34403521024
write_bytes: 117387735040
cancelled_write_bytes: 0

[2020-01-24T15:53:38-08:00]
rchar: 411933599140
wchar: 117947156791
syscr: 49898585
syscw: 2765859
read_bytes: 34558947840
write_bytes: 117958803456
cancelled_write_bytes: 0

[2020-01-24T15:53:42-08:00]
rchar: 412759513737
wchar: 118184461851
syscr: 49998727
syscw: 2772260
read_bytes: 34605851136
write_bytes: 118196101120
cancelled_write_bytes: 0

[2020-01-24T15:53:45-08:00]
rchar: 414957366733
wchar: 118713646645
syscr: 50265133
syscw: 2784934
read_bytes: 34741608960
write_bytes: 118725296128
cancelled_write_bytes: 0

[2020-01-24T15:53:48-08:00]
rchar: 416889937186
wchar: 119159101351
syscr: 50499451
syscw: 2797202
read_bytes: 34835190272
write_bytes: 119170842624
cancelled_write_bytes: 0

[2020-01-24T15:53:51-08:00]
rchar: 418105230273
wchar: 119593418943
syscr: 50646784
syscw: 2805224
read_bytes: 34952241664
write_bytes: 119605202944
cancelled_write_bytes: 0

[2020-01-24T15:53:54-08:00]
rchar: 418105230273
wchar: 119593454986
syscr: 50646784
syscw: 2805244
read_bytes: 34952241664
write_bytes: 119605243904
cancelled_write_bytes: 0

[2020-01-24T15:53:57-08:00]
rchar: 418105230273
wchar: 119593454986
syscr: 50646784
syscw: 2805244
read_bytes: 34952241664
write_bytes: 119605252096
cancelled_write_bytes: 0

[2020-01-24T15:54:00-08:00]
rchar: 418105230273
wchar: 119593454986
syscr: 50646784
syscw: 2805244
read_bytes: 34952241664
write_bytes: 119605252096
cancelled_write_bytes: 0

[2020-01-24T15:54:03-08:00]
rchar: 418105230273
wchar: 119593454986
syscr: 50646784
syscw: 2805244
read_bytes: 34952241664
write_bytes: 119605260288
cancelled_write_bytes: 0

[2020-01-24T15:54:06-08:00]
rchar: 418105230273
wchar: 119593454986
syscr: 50646784
syscw: 2805244
read_bytes: 34952241664
write_bytes: 119605260288
cancelled_write_bytes: 0

[2020-01-24T15:54:09-08:00]
rchar: 418105230273
wchar: 119593454986
syscr: 50646784
syscw: 2805244
read_bytes: 34952241664
write_bytes: 119605260288
cancelled_write_bytes: 0

[2020-01-24T15:54:12-08:00]
rchar: 418105230273
wchar: 119593454986
syscr: 50646784
syscw: 2805244
read_bytes: 34952241664
write_bytes: 119605260288
cancelled_write_bytes: 0

