[2020-01-24T20:07:21-08:00]
rchar: 16583973
wchar: 209
syscr: 2824
syscw: 10
read_bytes: 708608
write_bytes: 53248
cancelled_write_bytes: 0

[2020-01-24T20:07:24-08:00]
rchar: 16583973
wchar: 209
syscr: 2824
syscw: 10
read_bytes: 708608
write_bytes: 53248
cancelled_write_bytes: 0

[2020-01-24T20:07:27-08:00]
rchar: 16583973
wchar: 209
syscr: 2824
syscw: 10
read_bytes: 708608
write_bytes: 61440
cancelled_write_bytes: 0

[2020-01-24T20:07:30-08:00]
rchar: 16583973
wchar: 209
syscr: 2824
syscw: 10
read_bytes: 708608
write_bytes: 77824
cancelled_write_bytes: 0

[2020-01-24T20:07:33-08:00]
rchar: 16583973
wchar: 209
syscr: 2824
syscw: 10
read_bytes: 708608
write_bytes: 77824
cancelled_write_bytes: 0

[2020-01-24T20:07:36-08:00]
rchar: 16583973
wchar: 209
syscr: 2824
syscw: 10
read_bytes: 708608
write_bytes: 94208
cancelled_write_bytes: 0

[2020-01-24T20:07:39-08:00]
rchar: 16583973
wchar: 209
syscr: 2824
syscw: 10
read_bytes: 708608
write_bytes: 94208
cancelled_write_bytes: 0

[2020-01-24T20:07:42-08:00]
rchar: 16583973
wchar: 209
syscr: 2824
syscw: 10
read_bytes: 708608
write_bytes: 102400
cancelled_write_bytes: 0

[2020-01-24T20:07:45-08:00]
rchar: 16583973
wchar: 209
syscr: 2824
syscw: 10
read_bytes: 708608
write_bytes: 118784
cancelled_write_bytes: 0

[2020-01-24T20:07:48-08:00]
rchar: 93318917
wchar: 8275336
syscr: 6455
syscw: 1261
read_bytes: 84899328
write_bytes: 8421376
cancelled_write_bytes: 0

[2020-01-24T20:07:51-08:00]
rchar: 454802577
wchar: 264364430
syscr: 29958
syscw: 6502
read_bytes: 508045824
write_bytes: 264581120
cancelled_write_bytes: 0

[2020-01-24T20:07:54-08:00]
rchar: 1004802068
wchar: 472911024
syscr: 96661
syscw: 33263
read_bytes: 1284082176
write_bytes: 473133056
cancelled_write_bytes: 0

[2020-01-24T20:07:57-08:00]
rchar: 1054229296
wchar: 666038624
syscr: 102656
syscw: 36429
read_bytes: 1352894976
write_bytes: 666259456
cancelled_write_bytes: 0

[2020-01-24T20:08:00-08:00]
rchar: 2226049785
wchar: 881479063
syscr: 244663
syscw: 56697
read_bytes: 2087504384
write_bytes: 881713152
cancelled_write_bytes: 0

[2020-01-24T20:08:03-08:00]
rchar: 2920556355
wchar: 1154814404
syscr: 328791
syscw: 68891
read_bytes: 2414115328
write_bytes: 1155072000
cancelled_write_bytes: 0

[2020-01-24T20:08:06-08:00]
rchar: 4340653986
wchar: 1328195248
syscr: 500978
syscw: 83369
read_bytes: 2971335168
write_bytes: 1328455680
cancelled_write_bytes: 0

[2020-01-24T20:08:09-08:00]
rchar: 6079989417
wchar: 1664360201
syscr: 711786
syscw: 98695
read_bytes: 3479685632
write_bytes: 1664647168
cancelled_write_bytes: 0

[2020-01-24T20:08:12-08:00]
rchar: 7318342263
wchar: 1952241964
syscr: 861936
syscw: 109032
read_bytes: 3828070912
write_bytes: 1952534528
cancelled_write_bytes: 0

[2020-01-24T20:08:15-08:00]
rchar: 9107418193
wchar: 2384598609
syscr: 1078773
syscw: 119787
read_bytes: 4138228224
write_bytes: 2384928768
cancelled_write_bytes: 0

[2020-01-24T20:08:18-08:00]
rchar: 10849920660
wchar: 2819327283
syscr: 1290050
syscw: 130014
read_bytes: 4468857344
write_bytes: 2819690496
cancelled_write_bytes: 0

[2020-01-24T20:08:21-08:00]
rchar: 11293252410
wchar: 2934320171
syscr: 1343808
syscw: 133356
read_bytes: 4597185024
write_bytes: 2935312384
cancelled_write_bytes: 0

[2020-01-24T20:08:24-08:00]
rchar: 12792679729
wchar: 3299456062
syscr: 1525526
syscw: 142562
read_bytes: 4968053248
write_bytes: 3299856384
cancelled_write_bytes: 0

[2020-01-24T20:08:27-08:00]
rchar: 14424864649
wchar: 3702359282
syscr: 1722951
syscw: 152575
read_bytes: 5265701376
write_bytes: 3702820864
cancelled_write_bytes: 0

[2020-01-24T20:08:30-08:00]
rchar: 15218689622
wchar: 4037489993
syscr: 1819214
syscw: 161251
read_bytes: 5498477056
write_bytes: 4037988352
cancelled_write_bytes: 0

[2020-01-24T20:08:33-08:00]
rchar: 16875563368
wchar: 4309248902
syscr: 2020030
syscw: 174538
read_bytes: 5902682624
write_bytes: 4309827584
cancelled_write_bytes: 0

[2020-01-24T20:08:36-08:00]
rchar: 18092025564
wchar: 4597744737
syscr: 2167526
syscw: 184761
read_bytes: 6210869760
write_bytes: 4598325248
cancelled_write_bytes: 0

[2020-01-24T20:08:39-08:00]
rchar: 20895348711
wchar: 4805557132
syscr: 2507337
syscw: 200012
read_bytes: 6758464000
write_bytes: 4806176768
cancelled_write_bytes: 0

[2020-01-24T20:08:42-08:00]
rchar: 21678710656
wchar: 5096622056
syscr: 2602236
syscw: 206231
read_bytes: 6894070272
write_bytes: 5097259008
cancelled_write_bytes: 0

[2020-01-24T20:08:45-08:00]
rchar: 23314332292
wchar: 5474253699
syscr: 2800553
syscw: 215804
read_bytes: 7102589440
write_bytes: 5475844096
cancelled_write_bytes: 0

[2020-01-24T20:08:48-08:00]
rchar: 25235096709
wchar: 5973862621
syscr: 3033444
syscw: 226016
read_bytes: 7338719744
write_bytes: 5974552576
cancelled_write_bytes: 0

[2020-01-24T20:08:51-08:00]
rchar: 26466018803
wchar: 6405403305
syscr: 3182700
syscw: 233334
read_bytes: 7487203840
write_bytes: 6406131712
cancelled_write_bytes: 0

[2020-01-24T20:08:54-08:00]
rchar: 27786383788
wchar: 6826475032
syscr: 3342207
syscw: 244547
read_bytes: 7738997248
write_bytes: 6827257856
cancelled_write_bytes: 0

[2020-01-24T20:08:57-08:00]
rchar: 28776851530
wchar: 7116070967
syscr: 3462292
syscw: 254689
read_bytes: 7954000384
write_bytes: 7116902400
cancelled_write_bytes: 0

[2020-01-24T20:09:00-08:00]
rchar: 29612848685
wchar: 7455777475
syscr: 3563660
syscw: 262688
read_bytes: 8137251328
write_bytes: 7456653312
cancelled_write_bytes: 0

[2020-01-24T20:09:03-08:00]
rchar: 30912311055
wchar: 7825628975
syscr: 3721125
syscw: 273776
read_bytes: 8475765248
write_bytes: 7826542592
cancelled_write_bytes: 0

[2020-01-24T20:09:06-08:00]
rchar: 32509671514
wchar: 8169900218
syscr: 3914779
syscw: 285641
read_bytes: 8782637568
write_bytes: 8170872832
cancelled_write_bytes: 0

[2020-01-24T20:09:09-08:00]
rchar: 33164355539
wchar: 8397749816
syscr: 3994078
syscw: 292322
read_bytes: 8916167168
write_bytes: 8398757888
cancelled_write_bytes: 0

[2020-01-24T20:09:12-08:00]
rchar: 35877434097
wchar: 8601192343
syscr: 4323033
syscw: 307560
read_bytes: 9393138176
write_bytes: 8602206208
cancelled_write_bytes: 0

[2020-01-24T20:09:15-08:00]
rchar: 36962048774
wchar: 8974637928
syscr: 4454456
syscw: 315571
read_bytes: 9540311552
write_bytes: 8975675392
cancelled_write_bytes: 0

[2020-01-24T20:09:18-08:00]
rchar: 38934250203
wchar: 9490911938
syscr: 4693586
syscw: 326717
read_bytes: 9757604352
write_bytes: 9491980288
cancelled_write_bytes: 0

[2020-01-24T20:09:21-08:00]
rchar: 40895399321
wchar: 9989522862
syscr: 4931374
syscw: 337825
read_bytes: 9977063936
write_bytes: 9990619136
cancelled_write_bytes: 0

[2020-01-24T20:09:24-08:00]
rchar: 41352605485
wchar: 10308277751
syscr: 4986729
syscw: 341737
read_bytes: 10023184896
write_bytes: 10309402624
cancelled_write_bytes: 0

[2020-01-24T20:09:27-08:00]
rchar: 42623075036
wchar: 10624816611
syscr: 5140263
syscw: 351201
read_bytes: 10217335296
write_bytes: 10625978368
cancelled_write_bytes: 0

[2020-01-24T20:09:30-08:00]
rchar: 44149668486
wchar: 10938949240
syscr: 5325349
syscw: 364708
read_bytes: 10621835776
write_bytes: 10940133376
cancelled_write_bytes: 0

[2020-01-24T20:09:33-08:00]
rchar: 45044144621
wchar: 11300047646
syscr: 5433699
syscw: 372793
read_bytes: 10802289152
write_bytes: 11301265408
cancelled_write_bytes: 0

[2020-01-24T20:09:36-08:00]
rchar: 46890973848
wchar: 11680222821
syscr: 5657605
syscw: 386014
read_bytes: 11159984640
write_bytes: 11681468416
cancelled_write_bytes: 0

[2020-01-24T20:09:39-08:00]
rchar: 47844885621
wchar: 12031438502
syscr: 5773274
syscw: 394341
read_bytes: 11371756032
write_bytes: 12032716800
cancelled_write_bytes: 0

[2020-01-24T20:09:42-08:00]
rchar: 49525277536
wchar: 12382136023
syscr: 5976881
syscw: 404885
read_bytes: 11580852736
write_bytes: 12383916032
cancelled_write_bytes: 0

[2020-01-24T20:09:45-08:00]
rchar: 51156924264
wchar: 12738566740
syscr: 6174689
syscw: 415920
read_bytes: 11803527680
write_bytes: 12739932160
cancelled_write_bytes: 0

[2020-01-24T20:09:48-08:00]
rchar: 52142136216
wchar: 13063045708
syscr: 6294064
syscw: 423451
read_bytes: 11975490048
write_bytes: 13065199616
cancelled_write_bytes: 0

[2020-01-24T20:09:51-08:00]
rchar: 54423351222
wchar: 13388597175
syscr: 6570626
syscw: 434896
read_bytes: 12316203520
write_bytes: 13390004224
cancelled_write_bytes: 0

[2020-01-24T20:09:54-08:00]
rchar: 56452278104
wchar: 13923690190
syscr: 6816635
syscw: 446352
read_bytes: 12512729600
write_bytes: 13925134336
cancelled_write_bytes: 0

[2020-01-24T20:09:58-08:00]
rchar: 57664966703
wchar: 14376605103
syscr: 6963587
syscw: 454214
read_bytes: 12621834752
write_bytes: 14378078208
cancelled_write_bytes: 0

[2020-01-24T20:10:01-08:00]
rchar: 59177243784
wchar: 14709871274
syscr: 7146946
syscw: 462688
read_bytes: 12748409344
write_bytes: 14711361536
cancelled_write_bytes: 0

[2020-01-24T20:10:04-08:00]
rchar: 61178517322
wchar: 15179235281
syscr: 7389038
syscw: 473953
read_bytes: 12945033728
write_bytes: 15180791808
cancelled_write_bytes: 0

[2020-01-24T20:10:07-08:00]
rchar: 61987928296
wchar: 15588191130
syscr: 7487094
syscw: 481460
read_bytes: 13072820736
write_bytes: 15589781504
cancelled_write_bytes: 0

[2020-01-24T20:10:10-08:00]
rchar: 63782564169
wchar: 15949100249
syscr: 7704674
syscw: 493651
read_bytes: 13350496768
write_bytes: 15950761984
cancelled_write_bytes: 0

[2020-01-24T20:10:13-08:00]
rchar: 65144727803
wchar: 16198057936
syscr: 7869819
syscw: 502984
read_bytes: 13614680576
write_bytes: 16199741440
cancelled_write_bytes: 0

[2020-01-24T20:10:16-08:00]
rchar: 65653342353
wchar: 16541032932
syscr: 7931411
syscw: 508035
read_bytes: 13670164992
write_bytes: 16542752768
cancelled_write_bytes: 0

[2020-01-24T20:10:19-08:00]
rchar: 67589766809
wchar: 16967619801
syscr: 8166185
syscw: 520335
read_bytes: 13879298560
write_bytes: 16969375744
cancelled_write_bytes: 0

[2020-01-24T20:10:22-08:00]
rchar: 69530453289
wchar: 17403811888
syscr: 8401441
syscw: 532071
read_bytes: 14092499456
write_bytes: 17405616128
cancelled_write_bytes: 0

[2020-01-24T20:10:25-08:00]
rchar: 70556936025
wchar: 17820927920
syscr: 8525822
syscw: 539528
read_bytes: 14191712768
write_bytes: 17822781440
cancelled_write_bytes: 0

[2020-01-24T20:10:28-08:00]
rchar: 72119618984
wchar: 18231615394
syscr: 8715267
syscw: 548680
read_bytes: 14326286848
write_bytes: 18233499648
cancelled_write_bytes: 0

[2020-01-24T20:10:31-08:00]
rchar: 73906735014
wchar: 18694454294
syscr: 8931958
syscw: 559038
read_bytes: 14482016768
write_bytes: 18696380416
cancelled_write_bytes: 0

[2020-01-24T20:10:34-08:00]
rchar: 75268453556
wchar: 19163601174
syscr: 9097067
syscw: 567520
read_bytes: 14599924224
write_bytes: 19165810688
cancelled_write_bytes: 0

[2020-01-24T20:10:37-08:00]
rchar: 77091063054
wchar: 19634217431
syscr: 9317383
syscw: 578286
read_bytes: 14754048512
write_bytes: 19636215808
cancelled_write_bytes: 0

[2020-01-24T20:10:40-08:00]
rchar: 78450566259
wchar: 19979234488
syscr: 9482218
syscw: 591189
read_bytes: 15006853632
write_bytes: 19981254656
cancelled_write_bytes: 0

[2020-01-24T20:10:43-08:00]
rchar: 79214325915
wchar: 20435463946
syscr: 9574824
syscw: 598840
read_bytes: 15106722304
write_bytes: 20437544960
cancelled_write_bytes: 0

[2020-01-24T20:10:46-08:00]
rchar: 80907115741
wchar: 20877438884
syscr: 9779957
syscw: 610807
read_bytes: 15301409280
write_bytes: 20879581184
cancelled_write_bytes: 0

[2020-01-24T20:10:49-08:00]
rchar: 82285765988
wchar: 21242952917
syscr: 9947104
syscw: 622268
read_bytes: 15465171456
write_bytes: 21245132800
cancelled_write_bytes: 0

[2020-01-24T20:10:52-08:00]
rchar: 83162021946
wchar: 21667623733
syscr: 10053330
syscw: 630212
read_bytes: 15565367808
write_bytes: 21669834752
cancelled_write_bytes: 0

[2020-01-24T20:10:55-08:00]
rchar: 85069991463
wchar: 22087449244
syscr: 10284566
syscw: 641877
read_bytes: 15757511168
write_bytes: 22089723904
cancelled_write_bytes: 0

[2020-01-24T20:10:58-08:00]
rchar: 86907492666
wchar: 22525588265
syscr: 10507334
syscw: 653961
read_bytes: 15941683712
write_bytes: 22527909888
cancelled_write_bytes: 0

[2020-01-24T20:11:01-08:00]
rchar: 87562087243
wchar: 22802570893
syscr: 10586673
syscw: 660113
read_bytes: 16027793920
write_bytes: 22804934656
cancelled_write_bytes: 0

[2020-01-24T20:11:04-08:00]
rchar: 89713425061
wchar: 23083154284
syscr: 10847441
syscw: 670735
read_bytes: 16313223680
write_bytes: 23085547520
cancelled_write_bytes: 0

[2020-01-24T20:11:07-08:00]
rchar: 91798379447
wchar: 23393651034
syscr: 11100206
syscw: 680851
read_bytes: 16575138304
write_bytes: 23396065280
cancelled_write_bytes: 0

[2020-01-24T20:11:10-08:00]
rchar: 93187231698
wchar: 23885672273
syscr: 11268520
syscw: 689779
read_bytes: 16677517824
write_bytes: 23888121856
cancelled_write_bytes: 0

[2020-01-24T20:11:13-08:00]
rchar: 94733270516
wchar: 24241427133
syscr: 11455977
syscw: 698537
read_bytes: 16784271872
write_bytes: 24243892224
cancelled_write_bytes: 0

[2020-01-24T20:11:16-08:00]
rchar: 97245918996
wchar: 24771435488
syscr: 11760632
syscw: 711397
read_bytes: 16962693632
write_bytes: 24773943296
cancelled_write_bytes: 0

[2020-01-24T20:11:19-08:00]
rchar: 98277588550
wchar: 25152025359
syscr: 11885726
syscw: 717914
read_bytes: 17036818944
write_bytes: 25154543616
cancelled_write_bytes: 0

[2020-01-24T20:11:22-08:00]
rchar: 99381660304
wchar: 25435391614
syscr: 12018962
syscw: 725820
read_bytes: 17141307904
write_bytes: 25437954048
cancelled_write_bytes: 0

[2020-01-24T20:11:25-08:00]
rchar: 101489506627
wchar: 25784819291
syscr: 12274523
syscw: 739115
read_bytes: 17432369664
write_bytes: 25787412480
cancelled_write_bytes: 0

[2020-01-24T20:11:28-08:00]
rchar: 102451444839
wchar: 26183793495
syscr: 12391060
syscw: 747101
read_bytes: 17528797696
write_bytes: 26186424320
cancelled_write_bytes: 0

[2020-01-24T20:11:31-08:00]
rchar: 104013874619
wchar: 26534347936
syscr: 12580486
syscw: 757593
read_bytes: 17665509888
write_bytes: 26537017344
cancelled_write_bytes: 0

[2020-01-24T20:11:34-08:00]
rchar: 106137624826
wchar: 26985891598
syscr: 12837954
syscw: 770356
read_bytes: 17856203264
write_bytes: 26988621824
cancelled_write_bytes: 0

[2020-01-24T20:11:37-08:00]
rchar: 107273918745
wchar: 27405130396
syscr: 12975607
syscw: 778552
read_bytes: 17948604928
write_bytes: 27407908864
cancelled_write_bytes: 0

[2020-01-24T20:11:40-08:00]
rchar: 109754096362
wchar: 27848301381
syscr: 13276290
syscw: 791432
read_bytes: 18140486144
write_bytes: 27851796480
cancelled_write_bytes: 0

[2020-01-24T20:11:43-08:00]
rchar: 111316475350
wchar: 28228456430
syscr: 13465731
syscw: 801320
read_bytes: 18253363712
write_bytes: 28231299072
cancelled_write_bytes: 0

[2020-01-24T20:11:46-08:00]
rchar: 112644423395
wchar: 28664806439
syscr: 13626660
syscw: 809855
read_bytes: 18347063808
write_bytes: 28667674624
cancelled_write_bytes: 0

[2020-01-24T20:11:49-08:00]
rchar: 114817088130
wchar: 29135883235
syscr: 13890093
syscw: 820921
read_bytes: 18481621504
write_bytes: 29138780160
cancelled_write_bytes: 0

[2020-01-24T20:11:52-08:00]
rchar: 116924566336
wchar: 29589891895
syscr: 14145625
syscw: 832463
read_bytes: 18615884288
write_bytes: 29592825856
cancelled_write_bytes: 0

[2020-01-24T20:11:55-08:00]
rchar: 118085648193
wchar: 30014847950
syscr: 14285696
syscw: 841768
read_bytes: 18721937920
write_bytes: 30017867776
cancelled_write_bytes: 0

[2020-01-24T20:11:58-08:00]
rchar: 120044819298
wchar: 30488472801
syscr: 14523211
syscw: 855478
read_bytes: 18915752448
write_bytes: 30491492352
cancelled_write_bytes: 0

[2020-01-24T20:12:01-08:00]
rchar: 121252137463
wchar: 30832107633
syscr: 14669584
syscw: 864151
read_bytes: 19028744704
write_bytes: 30835179520
cancelled_write_bytes: 0

[2020-01-24T20:12:04-08:00]
rchar: 121778401000
wchar: 31127049292
syscr: 14733313
syscw: 869258
read_bytes: 19075172864
write_bytes: 31130165248
cancelled_write_bytes: 0

[2020-01-24T20:12:07-08:00]
rchar: 123922339219
wchar: 31615090366
syscr: 14993221
syscw: 882238
read_bytes: 19248536064
write_bytes: 31618256896
cancelled_write_bytes: 0

[2020-01-24T20:12:10-08:00]
rchar: 125739158390
wchar: 32033608319
syscr: 15213485
syscw: 893375
read_bytes: 19399956992
write_bytes: 32036818944
cancelled_write_bytes: 0

[2020-01-24T20:12:13-08:00]
rchar: 126112216032
wchar: 32354724774
syscr: 15258724
syscw: 897175
read_bytes: 19424590336
write_bytes: 32357949440
cancelled_write_bytes: 0

[2020-01-24T20:12:16-08:00]
rchar: 128233897293
wchar: 32754339060
syscr: 15515825
syscw: 908891
read_bytes: 19579132416
write_bytes: 32757624832
cancelled_write_bytes: 0

[2020-01-24T20:12:19-08:00]
rchar: 130595404347
wchar: 33339207482
syscr: 15802160
syscw: 922014
read_bytes: 19737147904
write_bytes: 33342521344
cancelled_write_bytes: 0

[2020-01-24T20:12:22-08:00]
rchar: 131251418417
wchar: 33639791734
syscr: 15881706
syscw: 926596
read_bytes: 19779049984
write_bytes: 33643122688
cancelled_write_bytes: 0

[2020-01-24T20:12:25-08:00]
rchar: 132853474906
wchar: 34049600013
syscr: 16075871
syscw: 935985
read_bytes: 19874286080
write_bytes: 34053353472
cancelled_write_bytes: 0

[2020-01-24T20:12:28-08:00]
rchar: 135434028394
wchar: 34615823118
syscr: 16388765
syscw: 949472
read_bytes: 20027570688
write_bytes: 34619973632
cancelled_write_bytes: 0

[2020-01-24T20:12:31-08:00]
rchar: 136645365781
wchar: 35030317782
syscr: 16534976
syscw: 958728
read_bytes: 20136835584
write_bytes: 35033788416
cancelled_write_bytes: 0

[2020-01-24T20:12:34-08:00]
rchar: 137352119121
wchar: 35316833651
syscr: 16620590
syscw: 965739
read_bytes: 20203530752
write_bytes: 35320332288
cancelled_write_bytes: 0

[2020-01-24T20:12:37-08:00]
rchar: 139256465594
wchar: 35799317797
syscr: 16851457
syscw: 979122
read_bytes: 20375321088
write_bytes: 35802865664
cancelled_write_bytes: 0

[2020-01-24T20:12:40-08:00]
rchar: 140624739793
wchar: 36134941889
syscr: 17017343
syscw: 989099
read_bytes: 20549966336
write_bytes: 36138536960
cancelled_write_bytes: 0

[2020-01-24T20:12:43-08:00]
rchar: 142228612222
wchar: 36538479961
syscr: 17211706
syscw: 1001030
read_bytes: 20684319232
write_bytes: 36542124032
cancelled_write_bytes: 0

[2020-01-24T20:12:46-08:00]
rchar: 144296397910
wchar: 36797604660
syscr: 17462430
syscw: 1013231
read_bytes: 20929628672
write_bytes: 36801261568
cancelled_write_bytes: 0

[2020-01-24T20:12:49-08:00]
rchar: 145499746542
wchar: 37349221567
syscr: 17608262
syscw: 1022063
read_bytes: 21022175744
write_bytes: 37353644032
cancelled_write_bytes: 0

[2020-01-24T20:12:52-08:00]
rchar: 146998833741
wchar: 38004745697
syscr: 17790025
syscw: 1031216
read_bytes: 21099725312
write_bytes: 38008524800
cancelled_write_bytes: 0

[2020-01-24T20:12:55-08:00]
rchar: 147847346362
wchar: 38324501591
syscr: 17892841
syscw: 1037016
read_bytes: 21151822336
write_bytes: 38328365056
cancelled_write_bytes: 0

[2020-01-24T20:12:58-08:00]
rchar: 150176069003
wchar: 38740172989
syscr: 18175106
syscw: 1048945
read_bytes: 21328687616
write_bytes: 38744080384
cancelled_write_bytes: 0

[2020-01-24T20:13:01-08:00]
rchar: 150489655809
wchar: 38982280567
syscr: 18213131
syscw: 1051787
read_bytes: 21345026560
write_bytes: 38986207232
cancelled_write_bytes: 0

[2020-01-24T20:13:04-08:00]
rchar: 152716192956
wchar: 39498613448
syscr: 18483013
syscw: 1063656
read_bytes: 21466362368
write_bytes: 39503052800
cancelled_write_bytes: 0

[2020-01-24T20:13:07-08:00]
rchar: 155355474317
wchar: 40062763417
syscr: 18803024
syscw: 1076815
read_bytes: 21609681408
write_bytes: 40067371008
cancelled_write_bytes: 0

[2020-01-24T20:13:10-08:00]
rchar: 156337771349
wchar: 40274853783
syscr: 18922130
syscw: 1082174
read_bytes: 21663871488
write_bytes: 40278880256
cancelled_write_bytes: 0

[2020-01-24T20:13:13-08:00]
rchar: 157776512469
wchar: 40759048219
syscr: 19095868
syscw: 1092239
read_bytes: 21758820864
write_bytes: 40763117568
cancelled_write_bytes: 0

[2020-01-24T20:13:16-08:00]
rchar: 159942671431
wchar: 41196238024
syscr: 19358477
syscw: 1106600
read_bytes: 21949313536
write_bytes: 41200365568
cancelled_write_bytes: 0

[2020-01-24T20:13:19-08:00]
rchar: 160534945861
wchar: 41417515836
syscr: 19430298
syscw: 1111559
read_bytes: 21997142528
write_bytes: 41422147584
cancelled_write_bytes: 0

[2020-01-24T20:13:22-08:00]
rchar: 162258308681
wchar: 41911738177
syscr: 19639143
syscw: 1123851
read_bytes: 22120518144
write_bytes: 41915924480
cancelled_write_bytes: 0

[2020-01-24T20:13:25-08:00]
rchar: 164543035825
wchar: 42379545198
syscr: 19916114
syscw: 1137915
read_bytes: 22282498560
write_bytes: 42384515072
cancelled_write_bytes: 0

[2020-01-24T20:13:28-08:00]
rchar: 165095005232
wchar: 42615462231
syscr: 19983045
syscw: 1142459
read_bytes: 22320693760
write_bytes: 42619727872
cancelled_write_bytes: 0

[2020-01-24T20:13:31-08:00]
rchar: 166836492750
wchar: 43194915064
syscr: 20194128
syscw: 1153708
read_bytes: 22454399488
write_bytes: 43199254528
cancelled_write_bytes: 0

[2020-01-24T20:13:34-08:00]
rchar: 169098347685
wchar: 43622070294
syscr: 20468290
syscw: 1165126
read_bytes: 22651273728
write_bytes: 43626471424
cancelled_write_bytes: 0

[2020-01-24T20:13:37-08:00]
rchar: 170237194812
wchar: 43879655596
syscr: 20606334
syscw: 1172576
read_bytes: 22715720192
write_bytes: 43884077056
cancelled_write_bytes: 0

[2020-01-24T20:13:40-08:00]
rchar: 171696140375
wchar: 44339330175
syscr: 20783148
syscw: 1182841
read_bytes: 22793400832
write_bytes: 44343783424
cancelled_write_bytes: 0

[2020-01-24T20:13:43-08:00]
rchar: 174144152706
wchar: 44863447924
syscr: 21079968
syscw: 1195278
read_bytes: 22914331136
write_bytes: 44868689920
cancelled_write_bytes: 0

[2020-01-24T20:13:46-08:00]
rchar: 176094167749
wchar: 45264032900
syscr: 21316403
syscw: 1206040
read_bytes: 23011758592
write_bytes: 45268541440
cancelled_write_bytes: 0

[2020-01-24T20:13:49-08:00]
rchar: 177089466527
wchar: 45638340589
syscr: 21437000
syscw: 1212996
read_bytes: 23062225408
write_bytes: 45642870784
cancelled_write_bytes: 0

[2020-01-24T20:13:52-08:00]
rchar: 179108594374
wchar: 46054237593
syscr: 21681175
syscw: 1223636
read_bytes: 23163617792
write_bytes: 46058803200
cancelled_write_bytes: 0

[2020-01-24T20:13:55-08:00]
rchar: 181087418985
wchar: 46533586431
syscr: 21921105
syscw: 1237212
read_bytes: 23315448320
write_bytes: 46538199040
cancelled_write_bytes: 0

[2020-01-24T20:13:58-08:00]
rchar: 181752655599
wchar: 46849506847
syscr: 22001651
syscw: 1244120
read_bytes: 23365542400
write_bytes: 46854148096
cancelled_write_bytes: 0

[2020-01-24T20:14:01-08:00]
rchar: 183895423202
wchar: 47302275197
syscr: 22261439
syscw: 1257686
read_bytes: 23502582272
write_bytes: 47306981376
cancelled_write_bytes: 0

[2020-01-24T20:14:04-08:00]
rchar: 185678024907
wchar: 47641273679
syscr: 22477541
syscw: 1268643
read_bytes: 23660634624
write_bytes: 47646003200
cancelled_write_bytes: 0

[2020-01-24T20:14:07-08:00]
rchar: 186513461177
wchar: 48015149757
syscr: 22578760
syscw: 1275332
read_bytes: 23715144192
write_bytes: 48019906560
cancelled_write_bytes: 0

[2020-01-24T20:14:10-08:00]
rchar: 188178901271
wchar: 48702935990
syscr: 22780713
syscw: 1285067
read_bytes: 23808954880
write_bytes: 48707747840
cancelled_write_bytes: 0

[2020-01-24T20:14:13-08:00]
rchar: 189042846304
wchar: 48963121233
syscr: 22885339
syscw: 1291436
read_bytes: 23869239808
write_bytes: 48967995392
cancelled_write_bytes: 0

[2020-01-24T20:14:16-08:00]
rchar: 191182518014
wchar: 49283704154
syscr: 23144779
syscw: 1301969
read_bytes: 24092160512
write_bytes: 49288597504
cancelled_write_bytes: 0

[2020-01-24T20:14:19-08:00]
rchar: 193075628015
wchar: 49677776524
syscr: 23374184
syscw: 1312097
read_bytes: 24236696064
write_bytes: 49682710528
cancelled_write_bytes: 0

[2020-01-24T20:14:22-08:00]
rchar: 195236508577
wchar: 50047478232
syscr: 23636134
syscw: 1323587
read_bytes: 24346784256
write_bytes: 50052435968
cancelled_write_bytes: 0

[2020-01-24T20:14:25-08:00]
rchar: 197176077272
wchar: 50507816642
syscr: 23871307
syscw: 1333980
read_bytes: 24435950080
write_bytes: 50512805888
cancelled_write_bytes: 0

[2020-01-24T20:14:28-08:00]
rchar: 199753069332
wchar: 51075434442
syscr: 24183678
syscw: 1347170
read_bytes: 24542085632
write_bytes: 51081064448
cancelled_write_bytes: 0

[2020-01-24T20:14:31-08:00]
rchar: 202172416086
wchar: 51534879376
syscr: 24477020
syscw: 1358559
read_bytes: 24640197120
write_bytes: 51539943424
cancelled_write_bytes: 0

[2020-01-24T20:14:34-08:00]
rchar: 203625998296
wchar: 51870510071
syscr: 24653268
syscw: 1366391
read_bytes: 24695484928
write_bytes: 51875602432
cancelled_write_bytes: 0

[2020-01-24T20:14:37-08:00]
rchar: 205414847304
wchar: 52427834397
syscr: 24869366
syscw: 1379042
read_bytes: 24807895552
write_bytes: 52433498112
cancelled_write_bytes: 0

[2020-01-24T20:14:40-08:00]
rchar: 207491523293
wchar: 52942914986
syscr: 25121123
syscw: 1393949
read_bytes: 24952041984
write_bytes: 52948119552
cancelled_write_bytes: 0

[2020-01-24T20:14:43-08:00]
rchar: 207775635506
wchar: 53121926751
syscr: 25155577
syscw: 1396872
read_bytes: 24969839104
write_bytes: 53127151616
cancelled_write_bytes: 0

[2020-01-24T20:14:46-08:00]
rchar: 209676918092
wchar: 53657073869
syscr: 25386006
syscw: 1410289
read_bytes: 25079017984
write_bytes: 53662339072
cancelled_write_bytes: 0

[2020-01-24T20:14:49-08:00]
rchar: 212140009770
wchar: 54176459161
syscr: 25684597
syscw: 1425668
read_bytes: 25224249856
write_bytes: 54181789696
cancelled_write_bytes: 0

[2020-01-24T20:14:52-08:00]
rchar: 212597506479
wchar: 54384798377
syscr: 25740072
syscw: 1430265
read_bytes: 25252827648
write_bytes: 54390132736
cancelled_write_bytes: 0

[2020-01-24T20:14:55-08:00]
rchar: 214058944623
wchar: 55097604054
syscr: 25917204
syscw: 1439278
read_bytes: 25300468224
write_bytes: 55103004672
cancelled_write_bytes: 0

[2020-01-24T20:14:58-08:00]
rchar: 214888665452
wchar: 55496824953
syscr: 26017782
syscw: 1444543
read_bytes: 25325801984
write_bytes: 55502270464
cancelled_write_bytes: 0

[2020-01-24T20:15:01-08:00]
rchar: 216714294384
wchar: 56035679226
syscr: 26238993
syscw: 1454977
read_bytes: 25406476800
write_bytes: 56041226240
cancelled_write_bytes: 0

[2020-01-24T20:15:04-08:00]
rchar: 218390904382
wchar: 56486891198
syscr: 26442286
syscw: 1465053
read_bytes: 25483915776
write_bytes: 56492486656
cancelled_write_bytes: 0

[2020-01-24T20:15:07-08:00]
rchar: 219682768515
wchar: 56925982617
syscr: 26598843
syscw: 1474019
read_bytes: 25542951424
write_bytes: 56931610624
cancelled_write_bytes: 0

[2020-01-24T20:15:10-08:00]
rchar: 221536968310
wchar: 57340860202
syscr: 26823666
syscw: 1484615
read_bytes: 25619800576
write_bytes: 57346514944
cancelled_write_bytes: 0

[2020-01-24T20:15:13-08:00]
rchar: 224037244845
wchar: 57898988217
syscr: 27126200
syscw: 1497833
read_bytes: 25736659456
write_bytes: 57904685056
cancelled_write_bytes: 0

[2020-01-24T20:15:16-08:00]
rchar: 224315189910
wchar: 58143533444
syscr: 27159904
syscw: 1501798
read_bytes: 25756537344
write_bytes: 58149240832
cancelled_write_bytes: 0

[2020-01-24T20:15:19-08:00]
rchar: 226209649563
wchar: 58597265371
syscr: 27389475
syscw: 1515810
read_bytes: 25882567168
write_bytes: 58603020288
cancelled_write_bytes: 0

[2020-01-24T20:15:22-08:00]
rchar: 227921289542
wchar: 59040691100
syscr: 27596991
syscw: 1527997
read_bytes: 25992167936
write_bytes: 59046486016
cancelled_write_bytes: 0

[2020-01-24T20:15:25-08:00]
rchar: 229000748680
wchar: 59433614546
syscr: 27727799
syscw: 1537469
read_bytes: 26055483904
write_bytes: 59439439872
cancelled_write_bytes: 0

[2020-01-24T20:15:28-08:00]
rchar: 231294471802
wchar: 59922565297
syscr: 28005870
syscw: 1551775
read_bytes: 26178400768
write_bytes: 59928444928
cancelled_write_bytes: 0

[2020-01-24T20:15:31-08:00]
rchar: 232769380460
wchar: 60411225351
syscr: 28184676
syscw: 1562441
read_bytes: 26260115968
write_bytes: 60417134592
cancelled_write_bytes: 0

[2020-01-24T20:15:34-08:00]
rchar: 233452374976
wchar: 60720407445
syscr: 28267371
syscw: 1567122
read_bytes: 26282648064
write_bytes: 60726390784
cancelled_write_bytes: 0

[2020-01-24T20:15:37-08:00]
rchar: 235459733693
wchar: 61391942255
syscr: 28510777
syscw: 1579908
read_bytes: 26410291712
write_bytes: 61397975040
cancelled_write_bytes: 0

[2020-01-24T20:15:40-08:00]
rchar: 236727688271
wchar: 61898523688
syscr: 28664443
syscw: 1587947
read_bytes: 26496287232
write_bytes: 61904629760
cancelled_write_bytes: 0

[2020-01-24T20:15:43-08:00]
rchar: 238063023408
wchar: 62454537348
syscr: 28826351
syscw: 1596599
read_bytes: 26608452096
write_bytes: 62460678144
cancelled_write_bytes: 0

[2020-01-24T20:15:46-08:00]
rchar: 239112846200
wchar: 62853351768
syscr: 28953623
syscw: 1603952
read_bytes: 26723906048
write_bytes: 62859530240
cancelled_write_bytes: 0

[2020-01-24T20:15:49-08:00]
rchar: 240118247305
wchar: 63270799656
syscr: 29075528
syscw: 1612538
read_bytes: 26827338240
write_bytes: 63276982272
cancelled_write_bytes: 0

[2020-01-24T20:15:52-08:00]
rchar: 241840036869
wchar: 63848812573
syscr: 29284212
syscw: 1622425
read_bytes: 26995421696
write_bytes: 63855075328
cancelled_write_bytes: 0

[2020-01-24T20:15:55-08:00]
rchar: 243207304789
wchar: 64244023882
syscr: 29449999
syscw: 1631691
read_bytes: 27125928448
write_bytes: 64250314752
cancelled_write_bytes: 0

[2020-01-24T20:15:58-08:00]
rchar: 244971361938
wchar: 64852688422
syscr: 29663884
syscw: 1641573
read_bytes: 27287667200
write_bytes: 64859033600
cancelled_write_bytes: 0

[2020-01-24T20:16:01-08:00]
rchar: 245835133391
wchar: 65120439091
syscr: 29768611
syscw: 1647200
read_bytes: 27358343680
write_bytes: 65126817792
cancelled_write_bytes: 0

[2020-01-24T20:16:04-08:00]
rchar: 247020251074
wchar: 65626585499
syscr: 29912180
syscw: 1655494
read_bytes: 27440153088
write_bytes: 65633034240
cancelled_write_bytes: 0

[2020-01-24T20:16:07-08:00]
rchar: 248339081488
wchar: 65982343368
syscr: 30072091
syscw: 1663924
read_bytes: 27523559936
write_bytes: 65988829184
cancelled_write_bytes: 0

[2020-01-24T20:16:10-08:00]
rchar: 250326135518
wchar: 66502642184
syscr: 30312365
syscw: 1676028
read_bytes: 27737162240
write_bytes: 66509180928
cancelled_write_bytes: 0

[2020-01-24T20:16:13-08:00]
rchar: 251488043567
wchar: 66849184032
syscr: 30453088
syscw: 1685123
read_bytes: 27844862464
write_bytes: 66855788544
cancelled_write_bytes: 0

[2020-01-24T20:16:16-08:00]
rchar: 252236649650
wchar: 67177341582
syscr: 30543757
syscw: 1692474
read_bytes: 27884376576
write_bytes: 67184619520
cancelled_write_bytes: 0

[2020-01-24T20:16:20-08:00]
rchar: 254968090998
wchar: 67725783868
syscr: 30874926
syscw: 1708732
read_bytes: 28015772160
write_bytes: 67732475904
cancelled_write_bytes: 0

[2020-01-24T20:16:23-08:00]
rchar: 255984624925
wchar: 67962373752
syscr: 30998155
syscw: 1716237
read_bytes: 28062953984
write_bytes: 67969093632
cancelled_write_bytes: 0

[2020-01-24T20:16:26-08:00]
rchar: 257616713827
wchar: 68457168289
syscr: 31195945
syscw: 1727674
read_bytes: 28132778496
write_bytes: 68463927296
cancelled_write_bytes: 0

[2020-01-24T20:16:29-08:00]
rchar: 260163787717
wchar: 68864530867
syscr: 31504723
syscw: 1741530
read_bytes: 28242031104
write_bytes: 68871348224
cancelled_write_bytes: 0

[2020-01-24T20:16:32-08:00]
rchar: 261440503530
wchar: 69300293786
syscr: 31659529
syscw: 1749829
read_bytes: 28293317120
write_bytes: 69307125760
cancelled_write_bytes: 0

[2020-01-24T20:16:35-08:00]
rchar: 263591901335
wchar: 69652679559
syscr: 31920267
syscw: 1761234
read_bytes: 28369666560
write_bytes: 69659566080
cancelled_write_bytes: 0

[2020-01-24T20:16:38-08:00]
rchar: 266549403272
wchar: 70240188230
syscr: 32278860
syscw: 1775419
read_bytes: 28472369664
write_bytes: 70247673856
cancelled_write_bytes: 0

[2020-01-24T20:16:41-08:00]
rchar: 267068637918
wchar: 70435138401
syscr: 32341823
syscw: 1779336
read_bytes: 28489404928
write_bytes: 70442676224
cancelled_write_bytes: 0

[2020-01-24T20:16:44-08:00]
rchar: 269798109047
wchar: 71015623708
syscr: 32672683
syscw: 1792624
read_bytes: 28574429696
write_bytes: 71022600192
cancelled_write_bytes: 0

[2020-01-24T20:16:47-08:00]
rchar: 271985554957
wchar: 71433283952
syscr: 32937912
syscw: 1803189
read_bytes: 28640080384
write_bytes: 71441092608
cancelled_write_bytes: 0

[2020-01-24T20:16:50-08:00]
rchar: 273686624720
wchar: 71825862624
syscr: 33143412
syscw: 1811897
read_bytes: 28694258176
write_bytes: 71832895488
cancelled_write_bytes: 0

[2020-01-24T20:16:53-08:00]
rchar: 274600584097
wchar: 72153230766
syscr: 33254140
syscw: 1820330
read_bytes: 28747063808
write_bytes: 72160301056
cancelled_write_bytes: 0

[2020-01-24T20:16:56-08:00]
rchar: 276830247396
wchar: 72624084409
syscr: 33524473
syscw: 1835179
read_bytes: 28868051456
write_bytes: 72631189504
cancelled_write_bytes: 0

[2020-01-24T20:16:59-08:00]
rchar: 277595757814
wchar: 72894314556
syscr: 33617266
syscw: 1842251
read_bytes: 28910715392
write_bytes: 72901439488
cancelled_write_bytes: 0

[2020-01-24T20:17:02-08:00]
rchar: 279885000830
wchar: 73383527494
syscr: 33894727
syscw: 1856631
read_bytes: 29015749120
write_bytes: 73390698496
cancelled_write_bytes: 0

[2020-01-24T20:17:05-08:00]
rchar: 281591564304
wchar: 73758461901
syscr: 34101626
syscw: 1867689
read_bytes: 29089948160
write_bytes: 73765675008
cancelled_write_bytes: 0

[2020-01-24T20:17:08-08:00]
rchar: 282599858774
wchar: 74294876134
syscr: 34223775
syscw: 1875668
read_bytes: 29123142144
write_bytes: 74302140416
cancelled_write_bytes: 0

[2020-01-24T20:17:11-08:00]
rchar: 283743998718
wchar: 74820987833
syscr: 34362517
syscw: 1883152
read_bytes: 29149991424
write_bytes: 74828304384
cancelled_write_bytes: 0

[2020-01-24T20:17:14-08:00]
rchar: 284707110438
wchar: 75276395680
syscr: 34479296
syscw: 1889434
read_bytes: 29172417024
write_bytes: 75283763200
cancelled_write_bytes: 0

[2020-01-24T20:17:17-08:00]
rchar: 285954580385
wchar: 75884112522
syscr: 34630572
syscw: 1897343
read_bytes: 29200740864
write_bytes: 75891523584
cancelled_write_bytes: 0

[2020-01-24T20:17:20-08:00]
rchar: 286777171323
wchar: 76267747762
syscr: 34730249
syscw: 1903031
read_bytes: 29220250112
write_bytes: 76276072448
cancelled_write_bytes: 0

[2020-01-24T20:17:23-08:00]
rchar: 288325594837
wchar: 76869773535
syscr: 34917797
syscw: 1913345
read_bytes: 29325906432
write_bytes: 76877332480
cancelled_write_bytes: 0

[2020-01-24T20:17:26-08:00]
rchar: 289125116950
wchar: 77126526518
syscr: 35014745
syscw: 1920149
read_bytes: 29389464064
write_bytes: 77134110720
cancelled_write_bytes: 0

[2020-01-24T20:17:29-08:00]
rchar: 290656948982
wchar: 77806897766
syscr: 35200406
syscw: 1929816
read_bytes: 29526417920
write_bytes: 77814943744
cancelled_write_bytes: 0

[2020-01-24T20:17:32-08:00]
rchar: 291988124377
wchar: 78172661178
syscr: 35361793
syscw: 1938688
read_bytes: 29636178432
write_bytes: 78180298752
cancelled_write_bytes: 0

[2020-01-24T20:17:35-08:00]
rchar: 293771366594
wchar: 78773088935
syscr: 35578037
syscw: 1948731
read_bytes: 29783675392
write_bytes: 78780833792
cancelled_write_bytes: 0

[2020-01-24T20:17:38-08:00]
rchar: 295571026040
wchar: 79414682899
syscr: 35796253
syscw: 1958346
read_bytes: 29944852992
write_bytes: 79422611456
cancelled_write_bytes: 0

[2020-01-24T20:17:41-08:00]
rchar: 296191337791
wchar: 79577188592
syscr: 35871469
syscw: 1963268
read_bytes: 29991780864
write_bytes: 79585484800
cancelled_write_bytes: 0

[2020-01-24T20:17:44-08:00]
rchar: 297896868068
wchar: 80209032201
syscr: 36078190
syscw: 1973644
read_bytes: 30138061312
write_bytes: 80216850432
cancelled_write_bytes: 0

[2020-01-24T20:17:47-08:00]
rchar: 299436130203
wchar: 80623360124
syscr: 36264843
syscw: 1982825
read_bytes: 30253974016
write_bytes: 80632139776
cancelled_write_bytes: 0

[2020-01-24T20:17:50-08:00]
rchar: 301386631608
wchar: 81195011397
syscr: 36501317
syscw: 1993212
read_bytes: 30412509696
write_bytes: 81203539968
cancelled_write_bytes: 0

[2020-01-24T20:17:53-08:00]
rchar: 303339111662
wchar: 81769137888
syscr: 36738062
syscw: 2003092
read_bytes: 30567154176
write_bytes: 81777094656
cancelled_write_bytes: 0

[2020-01-24T20:17:56-08:00]
rchar: 304090029233
wchar: 82010134660
syscr: 36828488
syscw: 2008624
read_bytes: 30619169280
write_bytes: 82018119680
cancelled_write_bytes: 0

[2020-01-24T20:17:59-08:00]
rchar: 305233134797
wchar: 82403428614
syscr: 36967024
syscw: 2018389
read_bytes: 30737875456
write_bytes: 82411479040
cancelled_write_bytes: 0

[2020-01-24T20:18:02-08:00]
rchar: 306897551521
wchar: 82910350757
syscr: 37168811
syscw: 2029522
read_bytes: 30934422016
write_bytes: 82918436864
cancelled_write_bytes: 0

[2020-01-24T20:18:05-08:00]
rchar: 308659013497
wchar: 83502551201
syscr: 37382374
syscw: 2041457
read_bytes: 31103549952
write_bytes: 83510702080
cancelled_write_bytes: 0

[2020-01-24T20:18:08-08:00]
rchar: 309236620842
wchar: 83711038661
syscr: 37452416
syscw: 2047015
read_bytes: 31159517696
write_bytes: 83719221248
cancelled_write_bytes: 0

[2020-01-24T20:18:11-08:00]
rchar: 310956844190
wchar: 84464721991
syscr: 37660926
syscw: 2058050
read_bytes: 31265141248
write_bytes: 84472942592
cancelled_write_bytes: 0

[2020-01-24T20:18:14-08:00]
rchar: 311931419046
wchar: 84821962755
syscr: 37779026
syscw: 2064808
read_bytes: 31312638464
write_bytes: 84830265344
cancelled_write_bytes: 0

[2020-01-24T20:18:17-08:00]
rchar: 313471869784
wchar: 85446446782
syscr: 37965817
syscw: 2074494
read_bytes: 31382929920
write_bytes: 85454749696
cancelled_write_bytes: 0

[2020-01-24T20:18:20-08:00]
rchar: 314709448885
wchar: 85900090248
syscr: 38115851
syscw: 2083280
read_bytes: 31436841472
write_bytes: 85908467712
cancelled_write_bytes: 0

[2020-01-24T20:18:23-08:00]
rchar: 315871874854
wchar: 86320052701
syscr: 38256722
syscw: 2091887
read_bytes: 31483179520
write_bytes: 86328496128
cancelled_write_bytes: 0

[2020-01-24T20:18:26-08:00]
rchar: 316852929860
wchar: 86747873986
syscr: 38375685
syscw: 2099299
read_bytes: 31521858048
write_bytes: 86756343808
cancelled_write_bytes: 0

[2020-01-24T20:18:29-08:00]
rchar: 318442659097
wchar: 87395606946
syscr: 38568172
syscw: 2110515
read_bytes: 31585210880
write_bytes: 87404740608
cancelled_write_bytes: 0

[2020-01-24T20:18:32-08:00]
rchar: 319989968885
wchar: 87716646242
syscr: 38755631
syscw: 2120488
read_bytes: 31678157312
write_bytes: 87725260800
cancelled_write_bytes: 0

[2020-01-24T20:18:35-08:00]
rchar: 321859209785
wchar: 88006622333
syscr: 38982090
syscw: 2130320
read_bytes: 31793398272
write_bytes: 88015302656
cancelled_write_bytes: 0

[2020-01-24T20:18:38-08:00]
rchar: 324084696810
wchar: 88315349752
syscr: 39251739
syscw: 2140479
read_bytes: 31866655232
write_bytes: 88324079616
cancelled_write_bytes: 0

[2020-01-24T20:18:41-08:00]
rchar: 327648610555
wchar: 88670944870
syscr: 39683850
syscw: 2152640
read_bytes: 31960056320
write_bytes: 88679686144
cancelled_write_bytes: 0

[2020-01-24T20:18:44-08:00]
rchar: 328591381217
wchar: 88970241325
syscr: 39798074
syscw: 2159353
read_bytes: 31982940672
write_bytes: 88979611648
cancelled_write_bytes: 0

[2020-01-24T20:18:47-08:00]
rchar: 331889676088
wchar: 89509540063
syscr: 40197984
syscw: 2172380
read_bytes: 32052003328
write_bytes: 89519194112
cancelled_write_bytes: 0

[2020-01-24T20:18:50-08:00]
rchar: 334706922734
wchar: 89991129950
syscr: 40539567
syscw: 2184245
read_bytes: 32111010304
write_bytes: 89999953920
cancelled_write_bytes: 0

[2020-01-24T20:18:53-08:00]
rchar: 336373214385
wchar: 90402327001
syscr: 40741516
syscw: 2193621
read_bytes: 32146076160
write_bytes: 90411180032
cancelled_write_bytes: 0

[2020-01-24T20:18:56-08:00]
rchar: 339462957482
wchar: 90900773310
syscr: 41116135
syscw: 2205662
read_bytes: 32204296704
write_bytes: 90909655040
cancelled_write_bytes: 0

[2020-01-24T20:18:59-08:00]
rchar: 341078031420
wchar: 91220943053
syscr: 41311195
syscw: 2215802
read_bytes: 32265806336
write_bytes: 91229859840
cancelled_write_bytes: 0

[2020-01-24T20:19:02-08:00]
rchar: 342133050303
wchar: 91587522097
syscr: 41439038
syscw: 2225516
read_bytes: 32306221568
write_bytes: 91596468224
cancelled_write_bytes: 0

[2020-01-24T20:19:05-08:00]
rchar: 345105687239
wchar: 92160679784
syscr: 41799391
syscw: 2242692
read_bytes: 32406192640
write_bytes: 92169678848
cancelled_write_bytes: 0

[2020-01-24T20:19:08-08:00]
rchar: 345594943901
wchar: 92403606907
syscr: 41858720
syscw: 2247756
read_bytes: 32421908992
write_bytes: 92412628992
cancelled_write_bytes: 0

[2020-01-24T20:19:11-08:00]
rchar: 347436681660
wchar: 93196053978
syscr: 42081969
syscw: 2260453
read_bytes: 32459334144
write_bytes: 93205159936
cancelled_write_bytes: 0

[2020-01-24T20:19:14-08:00]
rchar: 348371597100
wchar: 93597609556
syscr: 42195309
syscw: 2266968
read_bytes: 32477504000
write_bytes: 93606731776
cancelled_write_bytes: 0

[2020-01-24T20:19:17-08:00]
rchar: 349827033465
wchar: 94254369931
syscr: 42371800
syscw: 2276830
read_bytes: 32504828416
write_bytes: 94263541760
cancelled_write_bytes: 0

[2020-01-24T20:19:20-08:00]
rchar: 350925796360
wchar: 94735783450
syscr: 42504951
syscw: 2284761
read_bytes: 32526365184
write_bytes: 94745047040
cancelled_write_bytes: 0

[2020-01-24T20:19:23-08:00]
rchar: 352438700896
wchar: 95296334688
syscr: 42688217
syscw: 2295065
read_bytes: 32596599296
write_bytes: 95305711616
cancelled_write_bytes: 0

[2020-01-24T20:19:26-08:00]
rchar: 353275705900
wchar: 95596254412
syscr: 42789702
syscw: 2301869
read_bytes: 32646984192
write_bytes: 95605657600
cancelled_write_bytes: 0

[2020-01-24T20:19:29-08:00]
rchar: 354695573250
wchar: 96084956117
syscr: 42961781
syscw: 2312486
read_bytes: 32748204544
write_bytes: 96094728192
cancelled_write_bytes: 0

[2020-01-24T20:19:32-08:00]
rchar: 356660531474
wchar: 96683415884
syscr: 43200016
syscw: 2323910
read_bytes: 32881910272
write_bytes: 96692871168
cancelled_write_bytes: 0

[2020-01-24T20:19:35-08:00]
rchar: 358419296787
wchar: 97172414055
syscr: 43413272
syscw: 2334959
read_bytes: 33010876928
write_bytes: 97181884416
cancelled_write_bytes: 0

[2020-01-24T20:19:38-08:00]
rchar: 359312317550
wchar: 97383980532
syscr: 43521564
syscw: 2342578
read_bytes: 33054167552
write_bytes: 97393504256
cancelled_write_bytes: 0

[2020-01-24T20:19:41-08:00]
rchar: 360657534960
wchar: 97841455373
syscr: 43684681
syscw: 2352339
read_bytes: 33132868096
write_bytes: 97851060224
cancelled_write_bytes: 0

[2020-01-24T20:19:44-08:00]
rchar: 362703573799
wchar: 98369754943
syscr: 43932684
syscw: 2363926
read_bytes: 33269436928
write_bytes: 98379370496
cancelled_write_bytes: 0

[2020-01-24T20:19:47-08:00]
rchar: 364630931475
wchar: 98820639347
syscr: 44166378
syscw: 2374674
read_bytes: 33386287616
write_bytes: 98830278656
cancelled_write_bytes: 0

[2020-01-24T20:19:50-08:00]
rchar: 365871530066
wchar: 99122767745
syscr: 44316801
syscw: 2382183
read_bytes: 33465586176
write_bytes: 99132411904
cancelled_write_bytes: 0

[2020-01-24T20:19:53-08:00]
rchar: 367151901709
wchar: 99491685524
syscr: 44472057
syscw: 2390909
read_bytes: 33530876416
write_bytes: 99502198784
cancelled_write_bytes: 0

[2020-01-24T20:19:56-08:00]
rchar: 369139178018
wchar: 100006046015
syscr: 44712941
syscw: 2402173
read_bytes: 33645138432
write_bytes: 100015828992
cancelled_write_bytes: 0

[2020-01-24T20:19:59-08:00]
rchar: 371269060169
wchar: 100445369575
syscr: 44971173
syscw: 2414135
read_bytes: 33752515072
write_bytes: 100456173568
cancelled_write_bytes: 0

[2020-01-24T20:20:02-08:00]
rchar: 373262379286
wchar: 100960509084
syscr: 45212868
syscw: 2423621
read_bytes: 33867391488
write_bytes: 100970348544
cancelled_write_bytes: 0

[2020-01-24T20:20:05-08:00]
rchar: 374433560623
wchar: 101266578998
syscr: 45354874
syscw: 2431166
read_bytes: 33920672256
write_bytes: 101276741632
cancelled_write_bytes: 0

[2020-01-24T20:20:08-08:00]
rchar: 376209891592
wchar: 101686271456
syscr: 45570153
syscw: 2441638
read_bytes: 33996689920
write_bytes: 101696737280
cancelled_write_bytes: 0

[2020-01-24T20:20:11-08:00]
rchar: 377853049852
wchar: 102185491835
syscr: 45768751
syscw: 2451680
read_bytes: 34064200192
write_bytes: 102195482624
cancelled_write_bytes: 0

[2020-01-24T20:20:14-08:00]
rchar: 379639071489
wchar: 102837111269
syscr: 45985308
syscw: 2463013
read_bytes: 34140267008
write_bytes: 102847107072
cancelled_write_bytes: 0

[2020-01-24T20:20:17-08:00]
rchar: 380627561258
wchar: 103114868202
syscr: 46105176
syscw: 2471002
read_bytes: 34183451136
write_bytes: 103124914176
cancelled_write_bytes: 0

[2020-01-24T20:20:20-08:00]
rchar: 382184036377
wchar: 103687810703
syscr: 46293903
syscw: 2482028
read_bytes: 34245546496
write_bytes: 103697850368
cancelled_write_bytes: 0

[2020-01-24T20:20:23-08:00]
rchar: 383701422769
wchar: 104235525412
syscr: 46477894
syscw: 2492854
read_bytes: 34308116992
write_bytes: 104245600256
cancelled_write_bytes: 0

[2020-01-24T20:20:26-08:00]
rchar: 385333356269
wchar: 104756935508
syscr: 46675649
syscw: 2504345
read_bytes: 34367193600
write_bytes: 104767111168
cancelled_write_bytes: 0

[2020-01-24T20:20:29-08:00]
rchar: 387114171928
wchar: 105300635219
syscr: 46891581
syscw: 2515681
read_bytes: 34430091776
write_bytes: 105310818304
cancelled_write_bytes: 0

[2020-01-24T20:20:32-08:00]
rchar: 387935474314
wchar: 105494984229
syscr: 46991173
syscw: 2522768
read_bytes: 34456855040
write_bytes: 105505222656
cancelled_write_bytes: 0

[2020-01-24T20:20:35-08:00]
rchar: 389663273258
wchar: 106069930556
syscr: 47200679
syscw: 2534378
read_bytes: 34517291520
write_bytes: 106080210944
cancelled_write_bytes: 0

[2020-01-24T20:20:38-08:00]
rchar: 391032767071
wchar: 106505322218
syscr: 47366630
syscw: 2544363
read_bytes: 34567311872
write_bytes: 106515673088
cancelled_write_bytes: 0

[2020-01-24T20:20:41-08:00]
rchar: 392801786840
wchar: 107010988087
syscr: 47581001
syscw: 2554836
read_bytes: 34630726144
write_bytes: 107021389824
cancelled_write_bytes: 0

[2020-01-24T20:20:44-08:00]
rchar: 393978526713
wchar: 107347312168
syscr: 47723318
syscw: 2563106
read_bytes: 34680140288
write_bytes: 107357741056
cancelled_write_bytes: 0

[2020-01-24T20:20:47-08:00]
rchar: 394884554715
wchar: 107648766958
syscr: 47833129
syscw: 2572649
read_bytes: 34727657984
write_bytes: 107659223040
cancelled_write_bytes: 0

[2020-01-24T20:20:50-08:00]
rchar: 396571063447
wchar: 108201128734
syscr: 48037441
syscw: 2585505
read_bytes: 34836640256
write_bytes: 108211642368
cancelled_write_bytes: 0

[2020-01-24T20:20:53-08:00]
rchar: 398100667830
wchar: 108562861217
syscr: 48222738
syscw: 2596500
read_bytes: 34937967104
write_bytes: 108573442048
cancelled_write_bytes: 0

[2020-01-24T20:20:56-08:00]
rchar: 399357508578
wchar: 108834503576
syscr: 48375085
syscw: 2605211
read_bytes: 35025793536
write_bytes: 108845105152
cancelled_write_bytes: 0

[2020-01-24T20:20:59-08:00]
rchar: 401150678243
wchar: 109315430608
syscr: 48592291
syscw: 2617118
read_bytes: 35125027328
write_bytes: 109326082048
cancelled_write_bytes: 0

[2020-01-24T20:21:02-08:00]
rchar: 404235326769
wchar: 109585631008
syscr: 48966012
syscw: 2629015
read_bytes: 35221275136
write_bytes: 109596364800
cancelled_write_bytes: 0

[2020-01-24T20:21:05-08:00]
rchar: 405073274027
wchar: 109913113309
syscr: 49067612
syscw: 2636299
read_bytes: 35236442624
write_bytes: 109923860480
cancelled_write_bytes: 0

[2020-01-24T20:21:08-08:00]
rchar: 408622961181
wchar: 110503319348
syscr: 49497924
syscw: 2650970
read_bytes: 35295187456
write_bytes: 110514110464
cancelled_write_bytes: 0

[2020-01-24T20:21:11-08:00]
rchar: 410642959256
wchar: 110872843865
syscr: 49742845
syscw: 2661905
read_bytes: 35327259136
write_bytes: 110883651584
cancelled_write_bytes: 0

[2020-01-24T20:21:14-08:00]
rchar: 412516720477
wchar: 111309676067
syscr: 49969950
syscw: 2673228
read_bytes: 35356676608
write_bytes: 111320514560
cancelled_write_bytes: 0

[2020-01-24T20:21:17-08:00]
rchar: 416067433577
wchar: 111831674106
syscr: 50400465
syscw: 2685671
read_bytes: 35408884224
write_bytes: 111842545664
cancelled_write_bytes: 0

[2020-01-24T20:21:20-08:00]
rchar: 418119135521
wchar: 112215071047
syscr: 50649230
syscw: 2695547
read_bytes: 35439862272
write_bytes: 112225959936
cancelled_write_bytes: 0

[2020-01-24T20:21:23-08:00]
rchar: 421215611235
wchar: 112819984303
syscr: 51023744
syscw: 2708082
read_bytes: 35480412672
write_bytes: 112830951424
cancelled_write_bytes: 0

[2020-01-24T20:21:26-08:00]
rchar: 422617309231
wchar: 113420355768
syscr: 51193705
syscw: 2718864
read_bytes: 35502707200
write_bytes: 113431322624
cancelled_write_bytes: 0

[2020-01-24T20:21:29-08:00]
rchar: 424128459669
wchar: 114075985063
syscr: 51376956
syscw: 2730496
read_bytes: 35527057920
write_bytes: 114087055360
cancelled_write_bytes: 0

[2020-01-24T20:21:32-08:00]
rchar: 424720572646
wchar: 114275209448
syscr: 51448758
syscw: 2736380
read_bytes: 35538174464
write_bytes: 114286284800
cancelled_write_bytes: 0

[2020-01-24T20:21:35-08:00]
rchar: 426457485369
wchar: 115084953185
syscr: 51659356
syscw: 2750193
read_bytes: 35567829504
write_bytes: 115096055808
cancelled_write_bytes: 0

[2020-01-24T20:21:38-08:00]
rchar: 427313809658
wchar: 115473903607
syscr: 51763203
syscw: 2758417
read_bytes: 35582706176
write_bytes: 115485097984
cancelled_write_bytes: 0

[2020-01-24T20:21:41-08:00]
rchar: 428466717288
wchar: 115976298742
syscr: 51902840
syscw: 2767157
read_bytes: 35599401472
write_bytes: 115987517440
cancelled_write_bytes: 0

[2020-01-24T20:21:44-08:00]
rchar: 429734986243
wchar: 116625538808
syscr: 52056582
syscw: 2775590
read_bytes: 35613766144
write_bytes: 116637093888
cancelled_write_bytes: 0

[2020-01-24T20:21:47-08:00]
rchar: 430238810956
wchar: 116941689370
syscr: 52117464
syscw: 2778625
read_bytes: 35618079232
write_bytes: 116953042944
cancelled_write_bytes: 0

[2020-01-24T20:21:50-08:00]
rchar: 430868965825
wchar: 117439349385
syscr: 52193738
syscw: 2780804
read_bytes: 35638886912
write_bytes: 117450792960
cancelled_write_bytes: 0

[2020-01-24T20:21:53-08:00]
rchar: 431034045630
wchar: 117594885900
syscr: 52213765
syscw: 2781098
read_bytes: 35646444032
write_bytes: 117606367232
cancelled_write_bytes: 0

[2020-01-24T20:21:56-08:00]
rchar: 431034045630
wchar: 117594885976
syscr: 52213765
syscw: 2781099
read_bytes: 35646444032
write_bytes: 117606379520
cancelled_write_bytes: 0

[2020-01-24T20:21:59-08:00]
rchar: 431034045630
wchar: 117594885976
syscr: 52213765
syscw: 2781099
read_bytes: 35646444032
write_bytes: 117606387712
cancelled_write_bytes: 0

[2020-01-24T20:22:02-08:00]
rchar: 431034045630
wchar: 117594885976
syscr: 52213765
syscw: 2781099
read_bytes: 35646444032
write_bytes: 117606387712
cancelled_write_bytes: 0

[2020-01-24T20:22:05-08:00]
rchar: 431034045630
wchar: 117594885976
syscr: 52213765
syscw: 2781099
read_bytes: 35646444032
write_bytes: 117606387712
cancelled_write_bytes: 0

[2020-01-24T20:22:08-08:00]
rchar: 431034045630
wchar: 117594885976
syscr: 52213765
syscw: 2781099
read_bytes: 35646444032
write_bytes: 117606387712
cancelled_write_bytes: 0

[2020-01-24T20:22:11-08:00]
rchar: 431034045630
wchar: 117594885976
syscr: 52213765
syscw: 2781099
read_bytes: 35646444032
write_bytes: 117606387712
cancelled_write_bytes: 0

