[2020-02-16T06:25:09-08:00]
rchar: 16584907
wchar: 209
syscr: 2826
syscw: 10
read_bytes: 708608
write_bytes: 53248
cancelled_write_bytes: 0

[2020-02-16T06:25:12-08:00]
rchar: 16584907
wchar: 209
syscr: 2826
syscw: 10
read_bytes: 708608
write_bytes: 53248
cancelled_write_bytes: 0

[2020-02-16T06:25:15-08:00]
rchar: 16584907
wchar: 209
syscr: 2826
syscw: 10
read_bytes: 708608
write_bytes: 53248
cancelled_write_bytes: 0

[2020-02-16T06:25:18-08:00]
rchar: 16584907
wchar: 209
syscr: 2826
syscw: 10
read_bytes: 708608
write_bytes: 53248
cancelled_write_bytes: 0

[2020-02-16T06:25:21-08:00]
rchar: 16584907
wchar: 209
syscr: 2826
syscw: 10
read_bytes: 708608
write_bytes: 53248
cancelled_write_bytes: 0

[2020-02-16T06:25:24-08:00]
rchar: 16584907
wchar: 209
syscr: 2826
syscw: 10
read_bytes: 708608
write_bytes: 53248
cancelled_write_bytes: 0

[2020-02-16T06:25:27-08:00]
rchar: 16584907
wchar: 209
syscr: 2826
syscw: 10
read_bytes: 708608
write_bytes: 53248
cancelled_write_bytes: 0

[2020-02-16T06:25:30-08:00]
rchar: 16584907
wchar: 209
syscr: 2826
syscw: 10
read_bytes: 708608
write_bytes: 61440
cancelled_write_bytes: 0

[2020-02-16T06:25:33-08:00]
rchar: 16584907
wchar: 209
syscr: 2826
syscw: 10
read_bytes: 708608
write_bytes: 61440
cancelled_write_bytes: 0

[2020-02-16T06:25:36-08:00]
rchar: 16584907
wchar: 209
syscr: 2826
syscw: 10
read_bytes: 708608
write_bytes: 61440
cancelled_write_bytes: 0

[2020-02-16T06:25:39-08:00]
rchar: 16584907
wchar: 209
syscr: 2826
syscw: 10
read_bytes: 708608
write_bytes: 61440
cancelled_write_bytes: 0

[2020-02-16T06:25:42-08:00]
rchar: 16584907
wchar: 209
syscr: 2826
syscw: 10
read_bytes: 708608
write_bytes: 61440
cancelled_write_bytes: 0

[2020-02-16T06:25:45-08:00]
rchar: 16584907
wchar: 209
syscr: 2826
syscw: 10
read_bytes: 708608
write_bytes: 61440
cancelled_write_bytes: 0

[2020-02-16T06:25:48-08:00]
rchar: 16584907
wchar: 209
syscr: 2826
syscw: 10
read_bytes: 708608
write_bytes: 61440
cancelled_write_bytes: 0

[2020-02-16T06:25:51-08:00]
rchar: 16584907
wchar: 209
syscr: 2826
syscw: 10
read_bytes: 708608
write_bytes: 61440
cancelled_write_bytes: 0

[2020-02-16T06:25:54-08:00]
rchar: 16584907
wchar: 209
syscr: 2826
syscw: 10
read_bytes: 708608
write_bytes: 61440
cancelled_write_bytes: 0

[2020-02-16T06:25:57-08:00]
rchar: 16584907
wchar: 209
syscr: 2826
syscw: 10
read_bytes: 708608
write_bytes: 69632
cancelled_write_bytes: 0

[2020-02-16T06:26:00-08:00]
rchar: 24169726
wchar: 8275336
syscr: 4487
syscw: 1261
read_bytes: 9401856
write_bytes: 8372224
cancelled_write_bytes: 0

[2020-02-16T06:26:03-08:00]
rchar: 149998912
wchar: 112038611
syscr: 35905
syscw: 2491
read_bytes: 189540864
write_bytes: 112152576
cancelled_write_bytes: 0

[2020-02-16T06:26:06-08:00]
rchar: 325001957
wchar: 194606705
syscr: 101053
syscw: 15651
read_bytes: 445598208
write_bytes: 194736128
cancelled_write_bytes: 0

[2020-02-16T06:26:09-08:00]
rchar: 503243810
wchar: 362296543
syscr: 167137
syscw: 28565
read_bytes: 660597248
write_bytes: 362455040
cancelled_write_bytes: 0

[2020-02-16T06:26:12-08:00]
rchar: 539506544
wchar: 477792031
syscr: 181990
syscw: 33643
read_bytes: 713271808
write_bytes: 478167040
cancelled_write_bytes: 0

[2020-02-16T06:26:15-08:00]
rchar: 697530242
wchar: 579699541
syscr: 246372
syscw: 46055
read_bytes: 937957888
write_bytes: 580141056
cancelled_write_bytes: 0

[2020-02-16T06:26:18-08:00]
rchar: 787184763
wchar: 708027094
syscr: 282746
syscw: 53407
read_bytes: 1062160896
write_bytes: 708612096
cancelled_write_bytes: 0

[2020-02-16T06:26:21-08:00]
rchar: 965529024
wchar: 857725801
syscr: 354804
syscw: 65944
read_bytes: 1302915584
write_bytes: 858341376
cancelled_write_bytes: 0

[2020-02-16T06:26:24-08:00]
rchar: 1066616038
wchar: 994059785
syscr: 395683
syscw: 81821
read_bytes: 1439406592
write_bytes: 994791424
cancelled_write_bytes: 0

[2020-02-16T06:26:27-08:00]
rchar: 1115983822
wchar: 1059140593
syscr: 415027
syscw: 87918
read_bytes: 1498008064
write_bytes: 1060081664
cancelled_write_bytes: 0

[2020-02-16T06:26:30-08:00]
rchar: 1222330570
wchar: 1160106855
syscr: 457583
syscw: 97839
read_bytes: 1632852480
write_bytes: 1161134080
cancelled_write_bytes: 0

[2020-02-16T06:26:33-08:00]
rchar: 1403003113
wchar: 1305862256
syscr: 529495
syscw: 109130
read_bytes: 1857477120
write_bytes: 1306931200
cancelled_write_bytes: 0

[2020-02-16T06:26:36-08:00]
rchar: 1540959140
wchar: 1445629845
syscr: 584366
syscw: 118603
read_bytes: 2027870720
write_bytes: 1446866944
cancelled_write_bytes: 0

[2020-02-16T06:26:39-08:00]
rchar: 1581244211
wchar: 1522172028
syscr: 600356
syscw: 123573
read_bytes: 2073225728
write_bytes: 1523638272
cancelled_write_bytes: 0

[2020-02-16T06:26:42-08:00]
rchar: 1856330012
wchar: 1756644363
syscr: 697091
syscw: 134823
read_bytes: 2365463040
write_bytes: 1758220288
cancelled_write_bytes: 0

[2020-02-16T06:26:45-08:00]
rchar: 1905990739
wchar: 1837805501
syscr: 717559
syscw: 141156
read_bytes: 2419730944
write_bytes: 1839611904
cancelled_write_bytes: 0

[2020-02-16T06:26:48-08:00]
rchar: 1971554518
wchar: 1879043861
syscr: 743562
syscw: 148808
read_bytes: 2492353024
write_bytes: 1881251840
cancelled_write_bytes: 0

[2020-02-16T06:26:51-08:00]
rchar: 2033238317
wchar: 1948219720
syscr: 767734
syscw: 156229
read_bytes: 2556459520
write_bytes: 1950638080
cancelled_write_bytes: 0

[2020-02-16T06:26:54-08:00]
rchar: 2117425240
wchar: 2014089633
syscr: 801348
syscw: 165544
read_bytes: 2645608960
write_bytes: 2016792576
cancelled_write_bytes: 0

[2020-02-16T06:26:57-08:00]
rchar: 2187848212
wchar: 2071343352
syscr: 829288
syscw: 173832
read_bytes: 2719377920
write_bytes: 2074296320
cancelled_write_bytes: 0

[2020-02-16T06:27:00-08:00]
rchar: 2326937968
wchar: 2197009309
syscr: 880902
syscw: 182536
read_bytes: 2856118784
write_bytes: 2200145920
cancelled_write_bytes: 0

[2020-02-16T06:27:03-08:00]
rchar: 2604958399
wchar: 2428670822
syscr: 978085
syscw: 193056
read_bytes: 3134790144
write_bytes: 2431873024
cancelled_write_bytes: 0

[2020-02-16T06:27:06-08:00]
rchar: 2888555952
wchar: 2716161445
syscr: 1076824
syscw: 201859
read_bytes: 3414907392
write_bytes: 2719375360
cancelled_write_bytes: 0

[2020-02-16T06:27:09-08:00]
rchar: 3066962974
wchar: 2897661012
syscr: 1139055
syscw: 208980
read_bytes: 3586550272
write_bytes: 2900987904
cancelled_write_bytes: 0

[2020-02-16T06:27:12-08:00]
rchar: 3267170156
wchar: 3087925881
syscr: 1208394
syscw: 216490
read_bytes: 3773024768
write_bytes: 3091406848
cancelled_write_bytes: 0

[2020-02-16T06:27:15-08:00]
rchar: 3642390477
wchar: 3362519376
syscr: 1338617
syscw: 225514
read_bytes: 4116183552
write_bytes: 3366051840
cancelled_write_bytes: 0

[2020-02-16T06:27:18-08:00]
rchar: 3757627389
wchar: 3446942404
syscr: 1379423
syscw: 228221
read_bytes: 4214086144
write_bytes: 3451301888
cancelled_write_bytes: 0

[2020-02-16T06:27:21-08:00]
rchar: 3884002569
wchar: 3574605026
syscr: 1419794
syscw: 230581
read_bytes: 4330211840
write_bytes: 3579371520
cancelled_write_bytes: 0

[2020-02-16T06:27:24-08:00]
rchar: 4084958146
wchar: 3757606690
syscr: 1484016
syscw: 234217
read_bytes: 4514408960
write_bytes: 3762704384
cancelled_write_bytes: 0

[2020-02-16T06:27:27-08:00]
rchar: 4244087930
wchar: 3953603243
syscr: 1534982
syscw: 237389
read_bytes: 4659374592
write_bytes: 3958939648
cancelled_write_bytes: 0

[2020-02-16T06:27:30-08:00]
rchar: 4461701136
wchar: 4163254129
syscr: 1605401
syscw: 242365
read_bytes: 4858423808
write_bytes: 4168740864
cancelled_write_bytes: 0

[2020-02-16T06:27:33-08:00]
rchar: 4678226571
wchar: 4382537360
syscr: 1675583
syscw: 247375
read_bytes: 5056039424
write_bytes: 4388110336
cancelled_write_bytes: 0

[2020-02-16T06:27:36-08:00]
rchar: 4952591744
wchar: 4641119221
syscr: 1764885
syscw: 253546
read_bytes: 5304654336
write_bytes: 4646776832
cancelled_write_bytes: 0

[2020-02-16T06:27:39-08:00]
rchar: 5174775666
wchar: 4885281154
syscr: 1837494
syscw: 259264
read_bytes: 5505743360
write_bytes: 4890996736
cancelled_write_bytes: 0

[2020-02-16T06:27:42-08:00]
rchar: 5434119248
wchar: 5099570920
syscr: 1922732
syscw: 265150
read_bytes: 5736720896
write_bytes: 5105426432
cancelled_write_bytes: 0

[2020-02-16T06:27:45-08:00]
rchar: 5554040305
wchar: 5241957557
syscr: 1963730
syscw: 270709
read_bytes: 5842307584
write_bytes: 5248110592
cancelled_write_bytes: 0

[2020-02-16T06:27:48-08:00]
rchar: 5624180540
wchar: 5302114589
syscr: 1988145
syscw: 274268
read_bytes: 5903583744
write_bytes: 5308583936
cancelled_write_bytes: 0

[2020-02-16T06:27:51-08:00]
rchar: 5802007553
wchar: 5418634755
syscr: 2048407
syscw: 279527
read_bytes: 6056720896
write_bytes: 5425311744
cancelled_write_bytes: 0

[2020-02-16T06:27:54-08:00]
rchar: 6087475673
wchar: 5688122086
syscr: 2144147
syscw: 287775
read_bytes: 6301944320
write_bytes: 5694832640
cancelled_write_bytes: 0

[2020-02-16T06:27:57-08:00]
rchar: 6230566798
wchar: 5838929045
syscr: 2193397
syscw: 293834
read_bytes: 6419884544
write_bytes: 5845884928
cancelled_write_bytes: 0

[2020-02-16T06:28:00-08:00]
rchar: 6486117613
wchar: 6052527661
syscr: 2280974
syscw: 300432
read_bytes: 6629943808
write_bytes: 6059589632
cancelled_write_bytes: 0

[2020-02-16T06:28:03-08:00]
rchar: 6780843039
wchar: 6294710033
syscr: 2381761
syscw: 307884
read_bytes: 6871902720
write_bytes: 6301814784
cancelled_write_bytes: 0

[2020-02-16T06:28:06-08:00]
rchar: 7038770172
wchar: 6495325747
syscr: 2470750
syscw: 316791
read_bytes: 7076960768
write_bytes: 6502461440
cancelled_write_bytes: 0

[2020-02-16T06:28:09-08:00]
rchar: 7231216900
wchar: 6694724617
syscr: 2537391
syscw: 324563
read_bytes: 7226087936
write_bytes: 6702059520
cancelled_write_bytes: 0

[2020-02-16T06:28:12-08:00]
rchar: 7322548196
wchar: 6738003811
syscr: 2570970
syscw: 332441
read_bytes: 7289719296
write_bytes: 6745808896
cancelled_write_bytes: 0

[2020-02-16T06:28:15-08:00]
rchar: 7388760936
wchar: 6802481902
syscr: 2595706
syscw: 338228
read_bytes: 7334922752
write_bytes: 6810546176
cancelled_write_bytes: 0

[2020-02-16T06:28:18-08:00]
rchar: 7522227671
wchar: 6879939337
syscr: 2645196
syscw: 349438
read_bytes: 7428266496
write_bytes: 6888308736
cancelled_write_bytes: 0

[2020-02-16T06:28:21-08:00]
rchar: 7610253763
wchar: 6972698569
syscr: 2678627
syscw: 357636
read_bytes: 7493257728
write_bytes: 6981279744
cancelled_write_bytes: 0

[2020-02-16T06:28:24-08:00]
rchar: 7886086309
wchar: 7161546332
syscr: 2774938
syscw: 366014
read_bytes: 7714175488
write_bytes: 7170285568
cancelled_write_bytes: 0

[2020-02-16T06:28:27-08:00]
rchar: 8025626332
wchar: 7318345937
syscr: 2824802
syscw: 372825
read_bytes: 7825578496
write_bytes: 7327236096
cancelled_write_bytes: 0

[2020-02-16T06:28:30-08:00]
rchar: 8158357389
wchar: 7382405763
syscr: 2875080
syscw: 383551
read_bytes: 7920036352
write_bytes: 7391604736
cancelled_write_bytes: 0

[2020-02-16T06:28:33-08:00]
rchar: 8303158624
wchar: 7510320486
syscr: 2926582
syscw: 390758
read_bytes: 8033458688
write_bytes: 7519715328
cancelled_write_bytes: 0

[2020-02-16T06:28:36-08:00]
rchar: 8410509500
wchar: 7595017171
syscr: 2967445
syscw: 400159
read_bytes: 8111626752
write_bytes: 7604654080
cancelled_write_bytes: 0

[2020-02-16T06:28:39-08:00]
rchar: 8535710298
wchar: 7693569858
syscr: 3014278
syscw: 409732
read_bytes: 8203221504
write_bytes: 7703384064
cancelled_write_bytes: 0

[2020-02-16T06:28:42-08:00]
rchar: 8723779543
wchar: 7837823436
syscr: 3082781
syscw: 420421
read_bytes: 8346565120
write_bytes: 7847845888
cancelled_write_bytes: 0

[2020-02-16T06:28:45-08:00]
rchar: 8870484717
wchar: 7950930911
syscr: 3137035
syscw: 430263
read_bytes: 8455121408
write_bytes: 7961145344
cancelled_write_bytes: 0

[2020-02-16T06:28:48-08:00]
rchar: 8946198807
wchar: 8022096657
syscr: 3165787
syscw: 436240
read_bytes: 8508463616
write_bytes: 8032509952
cancelled_write_bytes: 0

[2020-02-16T06:28:51-08:00]
rchar: 9084491742
wchar: 8083889628
syscr: 3218126
syscw: 446297
read_bytes: 8606788096
write_bytes: 8094601216
cancelled_write_bytes: 0

[2020-02-16T06:28:54-08:00]
rchar: 9246556457
wchar: 8260065191
syscr: 3275766
syscw: 453535
read_bytes: 8730294784
write_bytes: 8270901248
cancelled_write_bytes: 0

[2020-02-16T06:28:57-08:00]
rchar: 9364291752
wchar: 8315077736
syscr: 3320557
syscw: 462572
read_bytes: 8813267456
write_bytes: 8326180864
cancelled_write_bytes: 0

[2020-02-16T06:29:00-08:00]
rchar: 9483023515
wchar: 8405542189
syscr: 3365694
syscw: 471348
read_bytes: 8896113152
write_bytes: 8416907264
cancelled_write_bytes: 0

[2020-02-16T06:29:03-08:00]
rchar: 9573374539
wchar: 8484613539
syscr: 3400356
syscw: 480329
read_bytes: 8961178112
write_bytes: 8496201728
cancelled_write_bytes: 0

[2020-02-16T06:29:06-08:00]
rchar: 9749657730
wchar: 8626788892
syscr: 3464322
syscw: 488385
read_bytes: 9092467200
write_bytes: 8638640128
cancelled_write_bytes: 0

[2020-02-16T06:29:09-08:00]
rchar: 9826511604
wchar: 8697999591
syscr: 3494100
syscw: 495765
read_bytes: 9148361216
write_bytes: 8710057984
cancelled_write_bytes: 0

[2020-02-16T06:29:12-08:00]
rchar: 9926254092
wchar: 8779360768
syscr: 3532686
syscw: 505251
read_bytes: 9219369472
write_bytes: 8791695360
cancelled_write_bytes: 0

[2020-02-16T06:29:15-08:00]
rchar: 10044214182
wchar: 8836946754
syscr: 3577933
syscw: 515246
read_bytes: 9302006272
write_bytes: 8849563648
cancelled_write_bytes: 0

[2020-02-16T06:29:19-08:00]
rchar: 10120886945
wchar: 8943401131
syscr: 3607317
syscw: 522809
read_bytes: 9356286464
write_bytes: 8956264448
cancelled_write_bytes: 0

[2020-02-16T06:29:22-08:00]
rchar: 10283248706
wchar: 9030415397
syscr: 3667300
syscw: 531916
read_bytes: 9469635072
write_bytes: 9043578880
cancelled_write_bytes: 0

[2020-02-16T06:29:25-08:00]
rchar: 10365716578
wchar: 9102938741
syscr: 3698983
syscw: 539045
read_bytes: 9526254080
write_bytes: 9116299264
cancelled_write_bytes: 0

[2020-02-16T06:29:28-08:00]
rchar: 10472309334
wchar: 9186387530
syscr: 3739876
syscw: 548179
read_bytes: 9598499328
write_bytes: 9200078848
cancelled_write_bytes: 0

[2020-02-16T06:29:31-08:00]
rchar: 10568616962
wchar: 9232333479
syscr: 3776430
syscw: 556485
read_bytes: 9665235456
write_bytes: 9246277632
cancelled_write_bytes: 0

[2020-02-16T06:29:34-08:00]
rchar: 10678629224
wchar: 9334441985
syscr: 3818652
syscw: 566370
read_bytes: 9741310464
write_bytes: 9348628480
cancelled_write_bytes: 0

[2020-02-16T06:29:37-08:00]
rchar: 10815321264
wchar: 9373258148
syscr: 3868244
syscw: 569798
read_bytes: 9836329472
write_bytes: 9388343296
cancelled_write_bytes: 0

[2020-02-16T06:29:40-08:00]
rchar: 10916113103
wchar: 9483575137
syscr: 3900897
syscw: 572502
read_bytes: 9917704704
write_bytes: 9499037696
cancelled_write_bytes: 0

[2020-02-16T06:29:43-08:00]
rchar: 11196618290
wchar: 9806514129
syscr: 3992134
syscw: 577425
read_bytes: 10140568064
write_bytes: 9822244864
cancelled_write_bytes: 0

[2020-02-16T06:29:46-08:00]
rchar: 11469825273
wchar: 10025142040
syscr: 4080333
syscw: 582833
read_bytes: 10358635008
write_bytes: 10040909824
cancelled_write_bytes: 0

[2020-02-16T06:29:49-08:00]
rchar: 11812412734
wchar: 10335962775
syscr: 4191990
syscw: 590196
read_bytes: 10632612352
write_bytes: 10351820800
cancelled_write_bytes: 0

[2020-02-16T06:29:52-08:00]
rchar: 12079297633
wchar: 10573129313
syscr: 4279106
syscw: 596172
read_bytes: 10841799168
write_bytes: 10589114368
cancelled_write_bytes: 0

[2020-02-16T06:29:55-08:00]
rchar: 12198718020
wchar: 10685843101
syscr: 4318092
syscw: 599582
read_bytes: 10934295040
write_bytes: 10701901824
cancelled_write_bytes: 0

[2020-02-16T06:29:58-08:00]
rchar: 12438400872
wchar: 10922358298
syscr: 4397059
syscw: 606216
read_bytes: 11117308416
write_bytes: 10938617856
cancelled_write_bytes: 0

[2020-02-16T06:30:01-08:00]
rchar: 12649591380
wchar: 11115190225
syscr: 4465860
syscw: 611469
read_bytes: 11277089280
write_bytes: 11131551744
cancelled_write_bytes: 0

[2020-02-16T06:30:04-08:00]
rchar: 12886377040
wchar: 11296473859
syscr: 4544086
syscw: 618256
read_bytes: 11453934080
write_bytes: 11313025024
cancelled_write_bytes: 0

[2020-02-16T06:30:07-08:00]
rchar: 13173934066
wchar: 11560050042
syscr: 4638755
syscw: 625893
read_bytes: 11666795008
write_bytes: 11576713216
cancelled_write_bytes: 0

[2020-02-16T06:30:10-08:00]
rchar: 13322527363
wchar: 11742242424
syscr: 4688250
syscw: 630821
read_bytes: 11774220800
write_bytes: 11759058944
cancelled_write_bytes: 0

[2020-02-16T06:30:13-08:00]
rchar: 13406821652
wchar: 11839569388
syscr: 4717363
syscw: 635234
read_bytes: 11831314944
write_bytes: 11856678912
cancelled_write_bytes: 0

[2020-02-16T06:30:16-08:00]
rchar: 13584280293
wchar: 11959086097
syscr: 4777281
syscw: 640680
read_bytes: 11953613312
write_bytes: 11976384512
cancelled_write_bytes: 0

[2020-02-16T06:30:19-08:00]
rchar: 13749930492
wchar: 12103451451
syscr: 4835562
syscw: 648050
read_bytes: 12061026816
write_bytes: 12121010176
cancelled_write_bytes: 0

[2020-02-16T06:30:22-08:00]
rchar: 13885508882
wchar: 12161387013
syscr: 4885680
syscw: 656357
read_bytes: 12139596288
write_bytes: 12179185664
cancelled_write_bytes: 0

[2020-02-16T06:30:25-08:00]
rchar: 13988822404
wchar: 12242235757
syscr: 4923878
syscw: 664956
read_bytes: 12200249856
write_bytes: 12260302848
cancelled_write_bytes: 0

[2020-02-16T06:30:28-08:00]
rchar: 14103114486
wchar: 12325663003
syscr: 4966287
syscw: 673569
read_bytes: 12266490368
write_bytes: 12343947264
cancelled_write_bytes: 0

[2020-02-16T06:30:31-08:00]
rchar: 14259427146
wchar: 12433587550
syscr: 5024188
syscw: 683468
read_bytes: 12359797248
write_bytes: 12452188160
cancelled_write_bytes: 0

[2020-02-16T06:30:34-08:00]
rchar: 14480717742
wchar: 12598856966
syscr: 5102525
syscw: 691841
read_bytes: 12504832512
write_bytes: 12617547776
cancelled_write_bytes: 0

[2020-02-16T06:30:37-08:00]
rchar: 14588862836
wchar: 12679946633
syscr: 5142950
syscw: 700759
read_bytes: 12567869952
write_bytes: 12698865664
cancelled_write_bytes: 0

[2020-02-16T06:30:40-08:00]
rchar: 14710335040
wchar: 12769159865
syscr: 5188766
syscw: 709503
read_bytes: 12638935552
write_bytes: 12788355072
cancelled_write_bytes: 0

[2020-02-16T06:30:43-08:00]
rchar: 14819979791
wchar: 12849975824
syscr: 5229853
syscw: 717710
read_bytes: 12701600256
write_bytes: 12869398528
cancelled_write_bytes: 0

[2020-02-16T06:30:46-08:00]
rchar: 14973326595
wchar: 12931460535
syscr: 5287321
syscw: 727982
read_bytes: 12787870208
write_bytes: 12951126016
cancelled_write_bytes: 0

[2020-02-16T06:30:49-08:00]
rchar: 15098134509
wchar: 13036320561
syscr: 5334332
syscw: 736388
read_bytes: 12859804160
write_bytes: 13056278528
cancelled_write_bytes: 0

[2020-02-16T06:30:52-08:00]
rchar: 15206771966
wchar: 13117432830
syscr: 5375109
syscw: 745142
read_bytes: 12921448960
write_bytes: 13137670144
cancelled_write_bytes: 0

[2020-02-16T06:30:55-08:00]
rchar: 15371115886
wchar: 13189301101
syscr: 5436838
syscw: 755752
read_bytes: 13017590272
write_bytes: 13209849856
cancelled_write_bytes: 0

[2020-02-16T06:30:58-08:00]
rchar: 15468085261
wchar: 13302312508
syscr: 5473699
syscw: 764155
read_bytes: 13076007424
write_bytes: 13323034624
cancelled_write_bytes: 0

[2020-02-16T06:31:01-08:00]
rchar: 15617119097
wchar: 13368610622
syscr: 5530331
syscw: 774215
read_bytes: 13162514944
write_bytes: 13389676544
cancelled_write_bytes: 0

[2020-02-16T06:31:04-08:00]
rchar: 15744933594
wchar: 13459145160
syscr: 5578744
syscw: 783937
read_bytes: 13236455936
write_bytes: 13480415232
cancelled_write_bytes: 0

[2020-02-16T06:31:07-08:00]
rchar: 15866564114
wchar: 13546889561
syscr: 5624829
syscw: 793302
read_bytes: 13307402752
write_bytes: 13568425984
cancelled_write_bytes: 0

[2020-02-16T06:31:10-08:00]
rchar: 16008126002
wchar: 13643556876
syscr: 5678207
syscw: 802762
read_bytes: 13389666816
write_bytes: 13665382400
cancelled_write_bytes: 0

[2020-02-16T06:31:13-08:00]
rchar: 16107071435
wchar: 13723407578
syscr: 5715779
syscw: 811682
read_bytes: 13448501760
write_bytes: 13745483776
cancelled_write_bytes: 0

[2020-02-16T06:31:16-08:00]
rchar: 16264983681
wchar: 13829165636
syscr: 5775327
syscw: 821220
read_bytes: 13539273216
write_bytes: 13851545600
cancelled_write_bytes: 0

[2020-02-16T06:31:19-08:00]
rchar: 16361107039
wchar: 13905325795
syscr: 5811151
syscw: 828812
read_bytes: 13593758208
write_bytes: 13927899136
cancelled_write_bytes: 0

[2020-02-16T06:31:22-08:00]
rchar: 16527849836
wchar: 14010166192
syscr: 5873526
syscw: 839628
read_bytes: 13689821696
write_bytes: 14033035264
cancelled_write_bytes: 0

[2020-02-16T06:31:25-08:00]
rchar: 16653580041
wchar: 14097492769
syscr: 5920196
syscw: 847678
read_bytes: 13759351296
write_bytes: 14120570880
cancelled_write_bytes: 0

[2020-02-16T06:31:28-08:00]
rchar: 16780802566
wchar: 14188242274
syscr: 5967791
syscw: 858131
read_bytes: 13834050048
write_bytes: 14211567616
cancelled_write_bytes: 0

[2020-02-16T06:31:31-08:00]
rchar: 16895459368
wchar: 14274929340
syscr: 6010800
syscw: 866411
read_bytes: 13899516416
write_bytes: 14298578944
cancelled_write_bytes: 0

[2020-02-16T06:31:34-08:00]
rchar: 17010769055
wchar: 14341347098
syscr: 6054272
syscw: 874351
read_bytes: 13963201024
write_bytes: 14373892096
cancelled_write_bytes: 0

[2020-02-16T06:31:37-08:00]
rchar: 17180727968
wchar: 14431084616
syscr: 6117969
syscw: 884714
read_bytes: 14058621440
write_bytes: 14455279616
cancelled_write_bytes: 0

[2020-02-16T06:31:40-08:00]
rchar: 17257789013
wchar: 14532937599
syscr: 6146725
syscw: 891504
read_bytes: 14102899200
write_bytes: 14557331456
cancelled_write_bytes: 0

[2020-02-16T06:31:43-08:00]
rchar: 17408603255
wchar: 14615287540
syscr: 6202941
syscw: 901743
read_bytes: 14185822720
write_bytes: 14639960064
cancelled_write_bytes: 0

[2020-02-16T06:31:46-08:00]
rchar: 17532389797
wchar: 14687645523
syscr: 6249514
syscw: 910297
read_bytes: 14255966720
write_bytes: 14712553472
cancelled_write_bytes: 0

[2020-02-16T06:31:49-08:00]
rchar: 17643546273
wchar: 14771703024
syscr: 6291362
syscw: 920255
read_bytes: 14317271552
write_bytes: 14796840960
cancelled_write_bytes: 0

[2020-02-16T06:31:52-08:00]
rchar: 17800774397
wchar: 14872789666
syscr: 6350124
syscw: 929714
read_bytes: 14403615232
write_bytes: 14898245632
cancelled_write_bytes: 0

[2020-02-16T06:31:55-08:00]
rchar: 17909494865
wchar: 14969623491
syscr: 6390963
syscw: 938293
read_bytes: 14463916544
write_bytes: 14995324928
cancelled_write_bytes: 0

[2020-02-16T06:31:58-08:00]
rchar: 18086372092
wchar: 15061644196
syscr: 6457023
syscw: 948024
read_bytes: 14561823232
write_bytes: 15087661056
cancelled_write_bytes: 0

[2020-02-16T06:32:01-08:00]
rchar: 18197597442
wchar: 15145133712
syscr: 6498952
syscw: 957674
read_bytes: 14624303616
write_bytes: 15171416064
cancelled_write_bytes: 0

[2020-02-16T06:32:04-08:00]
rchar: 18335094881
wchar: 15241673187
syscr: 6550906
syscw: 967137
read_bytes: 14702356992
write_bytes: 15268216832
cancelled_write_bytes: 0

[2020-02-16T06:32:07-08:00]
rchar: 18487031831
wchar: 15339720393
syscr: 6608003
syscw: 976560
read_bytes: 14782749184
write_bytes: 15366541312
cancelled_write_bytes: 0

[2020-02-16T06:32:10-08:00]
rchar: 18589922153
wchar: 15418708748
syscr: 6646523
syscw: 985319
read_bytes: 14838327808
write_bytes: 15445782528
cancelled_write_bytes: 0

[2020-02-16T06:32:13-08:00]
rchar: 18707559523
wchar: 15501653432
syscr: 6690330
syscw: 993802
read_bytes: 14900509184
write_bytes: 15528939520
cancelled_write_bytes: 0

[2020-02-16T06:32:16-08:00]
rchar: 18870497839
wchar: 15605157337
syscr: 6751220
syscw: 1003974
read_bytes: 14987606528
write_bytes: 15632793600
cancelled_write_bytes: 0

[2020-02-16T06:32:19-08:00]
rchar: 18976434302
wchar: 15685758093
syscr: 6791199
syscw: 1011755
read_bytes: 15045454336
write_bytes: 15713599488
cancelled_write_bytes: 0

[2020-02-16T06:32:22-08:00]
rchar: 19131702112
wchar: 15787034241
syscr: 6849436
syscw: 1021424
read_bytes: 15128484352
write_bytes: 15815225344
cancelled_write_bytes: 0

[2020-02-16T06:32:25-08:00]
rchar: 19233249125
wchar: 15862289915
syscr: 6887336
syscw: 1028262
read_bytes: 15181535744
write_bytes: 15890681856
cancelled_write_bytes: 0

[2020-02-16T06:32:28-08:00]
rchar: 19384756105
wchar: 15923708120
syscr: 6943695
syscw: 1037903
read_bytes: 15261039104
write_bytes: 15952392192
cancelled_write_bytes: 0

[2020-02-16T06:32:31-08:00]
rchar: 19523654811
wchar: 16016312237
syscr: 6995021
syscw: 1047585
read_bytes: 15334324736
write_bytes: 16045305856
cancelled_write_bytes: 0

[2020-02-16T06:32:34-08:00]
rchar: 19646560264
wchar: 16136402652
syscr: 7040498
syscw: 1056471
read_bytes: 15398177280
write_bytes: 16165634048
cancelled_write_bytes: 0

[2020-02-16T06:32:37-08:00]
rchar: 19806431990
wchar: 16205233068
syscr: 7100058
syscw: 1066462
read_bytes: 15482276352
write_bytes: 16234754048
cancelled_write_bytes: 0

[2020-02-16T06:32:40-08:00]
rchar: 19917050524
wchar: 16288711712
syscr: 7141798
syscw: 1074973
read_bytes: 15543163392
write_bytes: 16318468096
cancelled_write_bytes: 0

[2020-02-16T06:32:43-08:00]
rchar: 20030276078
wchar: 16372050787
syscr: 7184247
syscw: 1083814
read_bytes: 15603182080
write_bytes: 16402083840
cancelled_write_bytes: 0

[2020-02-16T06:32:46-08:00]
rchar: 20185798113
wchar: 16470540335
syscr: 7242051
syscw: 1093346
read_bytes: 15682816512
write_bytes: 16500903936
cancelled_write_bytes: 0

[2020-02-16T06:32:49-08:00]
rchar: 20302328425
wchar: 16552538221
syscr: 7285514
syscw: 1101501
read_bytes: 15741610496
write_bytes: 16583131136
cancelled_write_bytes: 0

[2020-02-16T06:32:52-08:00]
rchar: 20467709751
wchar: 16655664860
syscr: 7346647
syscw: 1111686
read_bytes: 15826573824
write_bytes: 16686612480
cancelled_write_bytes: 0

[2020-02-16T06:32:55-08:00]
rchar: 20587529714
wchar: 16739168815
syscr: 7391185
syscw: 1119552
read_bytes: 15889455616
write_bytes: 16770326528
cancelled_write_bytes: 0

[2020-02-16T06:32:58-08:00]
rchar: 20761511824
wchar: 16849616247
syscr: 7456202
syscw: 1130211
read_bytes: 15982008832
write_bytes: 16881111040
cancelled_write_bytes: 0

[2020-02-16T06:33:01-08:00]
rchar: 20863122194
wchar: 16929552183
syscr: 7494216
syscw: 1137806
read_bytes: 16035686912
write_bytes: 16961294336
cancelled_write_bytes: 0

[2020-02-16T06:33:04-08:00]
rchar: 21007327587
wchar: 17023129669
syscr: 7547599
syscw: 1148363
read_bytes: 16110443008
write_bytes: 17055186944
cancelled_write_bytes: 0

[2020-02-16T06:33:07-08:00]
rchar: 21151650122
wchar: 17115462559
syscr: 7600978
syscw: 1157055
read_bytes: 16181488128
write_bytes: 17147805696
cancelled_write_bytes: 0

[2020-02-16T06:33:10-08:00]
rchar: 21259635864
wchar: 17194719091
syscr: 7640709
syscw: 1165196
read_bytes: 16234609152
write_bytes: 17227317248
cancelled_write_bytes: 0

[2020-02-16T06:33:13-08:00]
rchar: 21427778694
wchar: 17282767729
syscr: 7703085
syscw: 1175596
read_bytes: 16324233728
write_bytes: 17315692544
cancelled_write_bytes: 0

[2020-02-16T06:33:16-08:00]
rchar: 21534640854
wchar: 17380229881
syscr: 7742913
syscw: 1182885
read_bytes: 16380865024
write_bytes: 17413353472
cancelled_write_bytes: 0

[2020-02-16T06:33:19-08:00]
rchar: 21678047135
wchar: 17459781016
syscr: 7796565
syscw: 1192819
read_bytes: 16453642752
write_bytes: 17493184512
cancelled_write_bytes: 0

[2020-02-16T06:33:22-08:00]
rchar: 21824211498
wchar: 17570000010
syscr: 7850260
syscw: 1201772
read_bytes: 16525801984
write_bytes: 17603678208
cancelled_write_bytes: 0

[2020-02-16T06:33:25-08:00]
rchar: 21966979101
wchar: 17643991429
syscr: 7902747
syscw: 1210742
read_bytes: 16597113344
write_bytes: 17677914112
cancelled_write_bytes: 0

[2020-02-16T06:33:28-08:00]
rchar: 22157982593
wchar: 17739504215
syscr: 7972970
syscw: 1221534
read_bytes: 16693250560
write_bytes: 17773731840
cancelled_write_bytes: 0

[2020-02-16T06:33:31-08:00]
rchar: 22260710946
wchar: 17850435545
syscr: 8010661
syscw: 1229472
read_bytes: 16744151552
write_bytes: 17884884992
cancelled_write_bytes: 0

[2020-02-16T06:33:34-08:00]
rchar: 22421302176
wchar: 17933548605
syscr: 8070128
syscw: 1239200
read_bytes: 16823163392
write_bytes: 17968300032
cancelled_write_bytes: 0

[2020-02-16T06:33:37-08:00]
rchar: 22556831487
wchar: 18044268246
syscr: 8120360
syscw: 1247615
read_bytes: 16891173376
write_bytes: 18079399936
cancelled_write_bytes: 0

[2020-02-16T06:33:40-08:00]
rchar: 22678020291
wchar: 18127085186
syscr: 8164993
syscw: 1256493
read_bytes: 16949529088
write_bytes: 18162442240
cancelled_write_bytes: 0

[2020-02-16T06:33:43-08:00]
rchar: 22990852157
wchar: 18248403913
syscr: 8279176
syscw: 1263621
read_bytes: 17105832448
write_bytes: 18283819008
cancelled_write_bytes: 0

[2020-02-16T06:33:46-08:00]
rchar: 23195384658
wchar: 18414269591
syscr: 8353391
syscw: 1270455
read_bytes: 17205463552
write_bytes: 18449829888
cancelled_write_bytes: 0

[2020-02-16T06:33:49-08:00]
rchar: 23319852065
wchar: 18515160453
syscr: 8398482
syscw: 1278537
read_bytes: 17261726208
write_bytes: 18550968320
cancelled_write_bytes: 0

[2020-02-16T06:33:52-08:00]
rchar: 23500092885
wchar: 18617209047
syscr: 8463570
syscw: 1287791
read_bytes: 17344338432
write_bytes: 18653315072
cancelled_write_bytes: 0

[2020-02-16T06:33:55-08:00]
rchar: 23639877358
wchar: 18704801642
syscr: 8514015
syscw: 1296400
read_bytes: 17410480640
write_bytes: 18741133312
cancelled_write_bytes: 0

[2020-02-16T06:33:58-08:00]
rchar: 23816879892
wchar: 18790296361
syscr: 8578231
syscw: 1307042
read_bytes: 17495054848
write_bytes: 18826932224
cancelled_write_bytes: 0

[2020-02-16T06:34:01-08:00]
rchar: 23974391630
wchar: 18905790370
syscr: 8636370
syscw: 1317002
read_bytes: 17569704448
write_bytes: 18942726144
cancelled_write_bytes: 0

[2020-02-16T06:34:04-08:00]
rchar: 24131351374
wchar: 19006165377
syscr: 8694375
syscw: 1326974
read_bytes: 17645619712
write_bytes: 19043430400
cancelled_write_bytes: 0

[2020-02-16T06:34:07-08:00]
rchar: 24298837968
wchar: 19104318711
syscr: 8755663
syscw: 1336047
read_bytes: 17723329024
write_bytes: 19141861376
cancelled_write_bytes: 0

[2020-02-16T06:34:10-08:00]
rchar: 24417877028
wchar: 19184641715
syscr: 8799055
syscw: 1344520
read_bytes: 17778821632
write_bytes: 19222421504
cancelled_write_bytes: 0

[2020-02-16T06:34:13-08:00]
rchar: 24597824310
wchar: 19288345560
syscr: 8864511
syscw: 1354915
read_bytes: 17862236672
write_bytes: 19326496768
cancelled_write_bytes: 0

[2020-02-16T06:34:16-08:00]
rchar: 24718988413
wchar: 19369756007
syscr: 8908643
syscw: 1363357
read_bytes: 17918540288
write_bytes: 19408101376
cancelled_write_bytes: 0

[2020-02-16T06:34:19-08:00]
rchar: 24868754425
wchar: 19448123661
syscr: 8963833
syscw: 1372740
read_bytes: 17989986816
write_bytes: 19486760960
cancelled_write_bytes: 0

[2020-02-16T06:34:22-08:00]
rchar: 25032567033
wchar: 19567283465
syscr: 9024492
syscw: 1382204
read_bytes: 18070055424
write_bytes: 19606298624
cancelled_write_bytes: 0

[2020-02-16T06:34:25-08:00]
rchar: 25129374110
wchar: 19642406453
syscr: 9060442
syscw: 1389490
read_bytes: 18118183424
write_bytes: 19681705984
cancelled_write_bytes: 0

[2020-02-16T06:34:28-08:00]
rchar: 25341352148
wchar: 19742666401
syscr: 9138249
syscw: 1400279
read_bytes: 18218277376
write_bytes: 19782328320
cancelled_write_bytes: 0

[2020-02-16T06:34:31-08:00]
rchar: 25453200826
wchar: 19838395267
syscr: 9178981
syscw: 1408495
read_bytes: 18272156160
write_bytes: 19878318080
cancelled_write_bytes: 0

[2020-02-16T06:34:34-08:00]
rchar: 25681966623
wchar: 19930062978
syscr: 9262750
syscw: 1419563
read_bytes: 18381498880
write_bytes: 19970342912
cancelled_write_bytes: 0

[2020-02-16T06:34:37-08:00]
rchar: 25756919424
wchar: 20029953839
syscr: 9290995
syscw: 1424612
read_bytes: 18413719040
write_bytes: 20070916096
cancelled_write_bytes: 0

[2020-02-16T06:34:40-08:00]
rchar: 25858049387
wchar: 20102169429
syscr: 9328998
syscw: 1432943
read_bytes: 18466962944
write_bytes: 20143628288
cancelled_write_bytes: 0

[2020-02-16T06:34:43-08:00]
rchar: 25977531380
wchar: 20175267331
syscr: 9374775
syscw: 1441967
read_bytes: 18523864576
write_bytes: 20217409536
cancelled_write_bytes: 0

[2020-02-16T06:34:46-08:00]
rchar: 26184188316
wchar: 20311151355
syscr: 9447433
syscw: 1449066
read_bytes: 18631454208
write_bytes: 20353449984
cancelled_write_bytes: 0

[2020-02-16T06:34:49-08:00]
rchar: 26356896025
wchar: 20442311662
syscr: 9510325
syscw: 1458350
read_bytes: 18717609472
write_bytes: 20484866048
cancelled_write_bytes: 0

[2020-02-16T06:34:52-08:00]
rchar: 26513698665
wchar: 20542898455
syscr: 9568011
syscw: 1467957
read_bytes: 18792087040
write_bytes: 20585742336
cancelled_write_bytes: 0

[2020-02-16T06:34:55-08:00]
rchar: 26653691478
wchar: 20636103016
syscr: 9620266
syscw: 1476583
read_bytes: 18861940224
write_bytes: 20679127040
cancelled_write_bytes: 0

[2020-02-16T06:34:58-08:00]
rchar: 26804959017
wchar: 20735766307
syscr: 9676417
syscw: 1485399
read_bytes: 18938158592
write_bytes: 20779081728
cancelled_write_bytes: 0

[2020-02-16T06:35:01-08:00]
rchar: 26978639361
wchar: 20841011540
syscr: 9740140
syscw: 1495200
read_bytes: 19019611648
write_bytes: 20884697088
cancelled_write_bytes: 0

[2020-02-16T06:35:04-08:00]
rchar: 27117113150
wchar: 20964117245
syscr: 9790740
syscw: 1503446
read_bytes: 19084897792
write_bytes: 21008039936
cancelled_write_bytes: 0

[2020-02-16T06:35:07-08:00]
rchar: 27297005305
wchar: 21063182655
syscr: 9855321
syscw: 1512947
read_bytes: 19167022592
write_bytes: 21107339264
cancelled_write_bytes: 0

[2020-02-16T06:35:10-08:00]
rchar: 27500331341
wchar: 21196844497
syscr: 9928338
syscw: 1523416
read_bytes: 19262692864
write_bytes: 21241335808
cancelled_write_bytes: 0

[2020-02-16T06:35:13-08:00]
rchar: 27637593983
wchar: 21286398278
syscr: 9978400
syscw: 1531850
read_bytes: 19324333568
write_bytes: 21331087360
cancelled_write_bytes: 0

[2020-02-16T06:35:16-08:00]
rchar: 27778022784
wchar: 21377448911
syscr: 10029693
syscw: 1540848
read_bytes: 19386228224
write_bytes: 21422424064
cancelled_write_bytes: 0

[2020-02-16T06:35:19-08:00]
rchar: 27938344880
wchar: 21473452568
syscr: 10087703
syscw: 1550111
read_bytes: 19456736768
write_bytes: 21518733312
cancelled_write_bytes: 0

[2020-02-16T06:35:22-08:00]
rchar: 28141091522
wchar: 21584500369
syscr: 10160879
syscw: 1558865
read_bytes: 19546054144
write_bytes: 21630042112
cancelled_write_bytes: 0

[2020-02-16T06:35:25-08:00]
rchar: 28276984336
wchar: 21670471486
syscr: 10210009
syscw: 1567358
read_bytes: 19606568448
write_bytes: 21716238336
cancelled_write_bytes: 0

[2020-02-16T06:35:28-08:00]
rchar: 28467096718
wchar: 21779239227
syscr: 10278245
syscw: 1578119
read_bytes: 19691482624
write_bytes: 21825376256
cancelled_write_bytes: 0

[2020-02-16T06:35:31-08:00]
rchar: 28619696134
wchar: 21873558147
syscr: 10334003
syscw: 1586898
read_bytes: 19759410688
write_bytes: 21919977472
cancelled_write_bytes: 0

[2020-02-16T06:35:34-08:00]
rchar: 28764499449
wchar: 21968106886
syscr: 10387005
syscw: 1595590
read_bytes: 19825528320
write_bytes: 22014808064
cancelled_write_bytes: 0

[2020-02-16T06:35:37-08:00]
rchar: 28909714187
wchar: 22057701151
syscr: 10439031
syscw: 1604213
read_bytes: 19886050816
write_bytes: 22104674304
cancelled_write_bytes: 0

[2020-02-16T06:35:40-08:00]
rchar: 29122549669
wchar: 22171552762
syscr: 10516119
syscw: 1614625
read_bytes: 19977055744
write_bytes: 22218846208
cancelled_write_bytes: 0

[2020-02-16T06:35:43-08:00]
rchar: 29264074843
wchar: 22277940576
syscr: 10566836
syscw: 1624281
read_bytes: 20040453632
write_bytes: 22325518336
cancelled_write_bytes: 0

[2020-02-16T06:35:46-08:00]
rchar: 29449094274
wchar: 22366800912
syscr: 10633899
syscw: 1634404
read_bytes: 20121652736
write_bytes: 22414647296
cancelled_write_bytes: 0

[2020-02-16T06:35:49-08:00]
rchar: 29605858086
wchar: 22463907061
syscr: 10691400
syscw: 1644043
read_bytes: 20190203392
write_bytes: 22512025600
cancelled_write_bytes: 0

[2020-02-16T06:35:52-08:00]
rchar: 29718333884
wchar: 22562551205
syscr: 10733681
syscw: 1652132
read_bytes: 20236008960
write_bytes: 22611406848
cancelled_write_bytes: 0

[2020-02-16T06:35:55-08:00]
rchar: 29796355886
wchar: 22615200353
syscr: 10762628
syscw: 1658477
read_bytes: 20272778752
write_bytes: 22664540160
cancelled_write_bytes: 0

[2020-02-16T06:35:58-08:00]
rchar: 30004396625
wchar: 22714299714
syscr: 10838605
syscw: 1669049
read_bytes: 20365655552
write_bytes: 22764044288
cancelled_write_bytes: 0

[2020-02-16T06:36:01-08:00]
rchar: 30126593608
wchar: 22814136036
syscr: 10882788
syscw: 1676724
read_bytes: 20419866112
write_bytes: 22864105472
cancelled_write_bytes: 0

[2020-02-16T06:36:04-08:00]
rchar: 30311543678
wchar: 22921268767
syscr: 10949645
syscw: 1687662
read_bytes: 20498509312
write_bytes: 22971494400
cancelled_write_bytes: 0

[2020-02-16T06:36:07-08:00]
rchar: 30479144952
wchar: 23023391672
syscr: 11010925
syscw: 1696894
read_bytes: 20572532224
write_bytes: 23073873920
cancelled_write_bytes: 0

[2020-02-16T06:36:10-08:00]
rchar: 30614589295
wchar: 23111654046
syscr: 11061305
syscw: 1705648
read_bytes: 20631440896
write_bytes: 23162478592
cancelled_write_bytes: 0

[2020-02-16T06:36:13-08:00]
rchar: 30717019058
wchar: 23195941096
syscr: 11099418
syscw: 1713830
read_bytes: 20678643200
write_bytes: 23247536128
cancelled_write_bytes: 0

[2020-02-16T06:36:16-08:00]
rchar: 30870820536
wchar: 23293914730
syscr: 11155739
syscw: 1724175
read_bytes: 20747554304
write_bytes: 23345827840
cancelled_write_bytes: 0

[2020-02-16T06:36:19-08:00]
rchar: 31013237874
wchar: 23383892480
syscr: 11207572
syscw: 1732972
read_bytes: 20810194432
write_bytes: 23436046336
cancelled_write_bytes: 0

[2020-02-16T06:36:22-08:00]
rchar: 31213393414
wchar: 23499244272
syscr: 11279776
syscw: 1743955
read_bytes: 20899642880
write_bytes: 23551762432
cancelled_write_bytes: 0

[2020-02-16T06:36:25-08:00]
rchar: 31367117663
wchar: 23595556615
syscr: 11336030
syscw: 1753103
read_bytes: 20967718400
write_bytes: 23648337920
cancelled_write_bytes: 0

[2020-02-16T06:36:28-08:00]
rchar: 31553407164
wchar: 23706816221
syscr: 11403846
syscw: 1763308
read_bytes: 21044809216
write_bytes: 23760072704
cancelled_write_bytes: 0

[2020-02-16T06:36:31-08:00]
rchar: 31699517331
wchar: 23797577906
syscr: 11456870
syscw: 1772199
read_bytes: 21107543552
write_bytes: 23851094016
cancelled_write_bytes: 0

[2020-02-16T06:36:34-08:00]
rchar: 31873264445
wchar: 23899526905
syscr: 11519391
syscw: 1781757
read_bytes: 21179375104
write_bytes: 23953301504
cancelled_write_bytes: 0

[2020-02-16T06:36:38-08:00]
rchar: 32126517431
wchar: 24049701700
syscr: 11610251
syscw: 1793092
read_bytes: 21284249088
write_bytes: 24103809024
cancelled_write_bytes: 0

[2020-02-16T06:36:41-08:00]
rchar: 32214107397
wchar: 24135839144
syscr: 11642584
syscw: 1799167
read_bytes: 21317620224
write_bytes: 24190648320
cancelled_write_bytes: 0

[2020-02-16T06:36:44-08:00]
rchar: 32333834582
wchar: 24189600003
syscr: 11684815
syscw: 1806550
read_bytes: 21370348032
write_bytes: 24244801536
cancelled_write_bytes: 0

[2020-02-16T06:36:47-08:00]
rchar: 32528206247
wchar: 24308292132
syscr: 11753643
syscw: 1816645
read_bytes: 21447963136
write_bytes: 24363741184
cancelled_write_bytes: 0

[2020-02-16T06:36:50-08:00]
rchar: 32700956894
wchar: 24443657013
syscr: 11815434
syscw: 1825958
read_bytes: 21519557120
write_bytes: 24499339264
cancelled_write_bytes: 0

[2020-02-16T06:36:53-08:00]
rchar: 32840085713
wchar: 24533421780
syscr: 11865979
syscw: 1834479
read_bytes: 21576450560
write_bytes: 24589299712
cancelled_write_bytes: 0

[2020-02-16T06:36:56-08:00]
rchar: 33033903169
wchar: 24632004947
syscr: 11937247
syscw: 1846060
read_bytes: 21660471808
write_bytes: 24688218112
cancelled_write_bytes: 0

[2020-02-16T06:36:59-08:00]
rchar: 33252934327
wchar: 24794236564
syscr: 12013534
syscw: 1854481
read_bytes: 21755507200
write_bytes: 24850620416
cancelled_write_bytes: 0

[2020-02-16T06:37:02-08:00]
rchar: 33482695856
wchar: 24956698590
syscr: 12093952
syscw: 1863596
read_bytes: 21854683648
write_bytes: 25013248000
cancelled_write_bytes: 0

[2020-02-16T06:37:05-08:00]
rchar: 33646016311
wchar: 25054449242
syscr: 12152985
syscw: 1872750
read_bytes: 21922185728
write_bytes: 25111252992
cancelled_write_bytes: 0

[2020-02-16T06:37:08-08:00]
rchar: 33811198083
wchar: 25153659162
syscr: 12213656
syscw: 1882130
read_bytes: 21991186944
write_bytes: 25210757120
cancelled_write_bytes: 0

[2020-02-16T06:37:11-08:00]
rchar: 33974640834
wchar: 25253642932
syscr: 12273950
syscw: 1891944
read_bytes: 22060634624
write_bytes: 25311027200
cancelled_write_bytes: 0

[2020-02-16T06:37:14-08:00]
rchar: 34114488009
wchar: 25361829352
syscr: 12326228
syscw: 1900827
read_bytes: 22117577216
write_bytes: 25419526144
cancelled_write_bytes: 0

[2020-02-16T06:37:17-08:00]
rchar: 34232771194
wchar: 25436765285
syscr: 12369487
syscw: 1909259
read_bytes: 22167482880
write_bytes: 25495097344
cancelled_write_bytes: 0

[2020-02-16T06:37:20-08:00]
rchar: 34405849606
wchar: 25538315133
syscr: 12432542
syscw: 1919019
read_bytes: 22237921792
write_bytes: 25596964864
cancelled_write_bytes: 0

[2020-02-16T06:37:23-08:00]
rchar: 34560090549
wchar: 25633445218
syscr: 12488697
syscw: 1929198
read_bytes: 22300455424
write_bytes: 25692344320
cancelled_write_bytes: 0

[2020-02-16T06:37:26-08:00]
rchar: 34757475481
wchar: 25747421806
syscr: 12560371
syscw: 1939750
read_bytes: 22382715392
write_bytes: 25806585856
cancelled_write_bytes: 0

[2020-02-16T06:37:29-08:00]
rchar: 34924069153
wchar: 25881436862
syscr: 12622567
syscw: 1949379
read_bytes: 22449459712
write_bytes: 25940926464
cancelled_write_bytes: 0

[2020-02-16T06:37:32-08:00]
rchar: 35305131552
wchar: 26076986396
syscr: 12745355
syscw: 1955924
read_bytes: 22616691200
write_bytes: 26136715264
cancelled_write_bytes: 0

[2020-02-16T06:37:35-08:00]
rchar: 35519928017
wchar: 26274358379
syscr: 12815158
syscw: 1962366
read_bytes: 22713856512
write_bytes: 26334232576
cancelled_write_bytes: 0

[2020-02-16T06:37:38-08:00]
rchar: 35729400542
wchar: 26488064823
syscr: 12884387
syscw: 1968304
read_bytes: 22805873152
write_bytes: 26548072448
cancelled_write_bytes: 0

[2020-02-16T06:37:41-08:00]
rchar: 36036888023
wchar: 26720768327
syscr: 12985704
syscw: 1977553
read_bytes: 22937203200
write_bytes: 26780807168
cancelled_write_bytes: 0

[2020-02-16T06:37:44-08:00]
rchar: 36401940756
wchar: 27051853322
syscr: 13103597
syscw: 1984267
read_bytes: 23096418816
write_bytes: 27111972864
cancelled_write_bytes: 0

[2020-02-16T06:37:47-08:00]
rchar: 36470217568
wchar: 27147527323
syscr: 13127075
syscw: 1988244
read_bytes: 23124668928
write_bytes: 27207811072
cancelled_write_bytes: 0

[2020-02-16T06:37:50-08:00]
rchar: 36669215473
wchar: 27300468701
syscr: 13194867
syscw: 1996117
read_bytes: 23201817088
write_bytes: 27361013760
cancelled_write_bytes: 0

[2020-02-16T06:37:53-08:00]
rchar: 36870489850
wchar: 27424369084
syscr: 13265821
syscw: 2004209
read_bytes: 23274762752
write_bytes: 27485069312
cancelled_write_bytes: 0

[2020-02-16T06:37:56-08:00]
rchar: 37032635256
wchar: 27520133878
syscr: 13323761
syscw: 2014080
read_bytes: 23333159424
write_bytes: 27581120512
cancelled_write_bytes: 0

[2020-02-16T06:37:59-08:00]
rchar: 37203112878
wchar: 27616712193
syscr: 13384139
syscw: 2023627
read_bytes: 23391736320
write_bytes: 27677958144
cancelled_write_bytes: 0

[2020-02-16T06:38:02-08:00]
rchar: 37411040757
wchar: 27759168259
syscr: 13457954
syscw: 2034328
read_bytes: 23463768576
write_bytes: 27820666880
cancelled_write_bytes: 0

[2020-02-16T06:38:05-08:00]
rchar: 37587534975
wchar: 27825510313
syscr: 13520841
syscw: 2044331
read_bytes: 23527326208
write_bytes: 27887288320
cancelled_write_bytes: 0

[2020-02-16T06:38:08-08:00]
rchar: 37796079422
wchar: 27974663734
syscr: 13596923
syscw: 2056060
read_bytes: 23601512960
write_bytes: 28036743168
cancelled_write_bytes: 0

[2020-02-16T06:38:11-08:00]
rchar: 37932113248
wchar: 28039828500
syscr: 13645385
syscw: 2060830
read_bytes: 23650882048
write_bytes: 28102422528
cancelled_write_bytes: 0

[2020-02-16T06:38:14-08:00]
rchar: 38173084657
wchar: 28158690151
syscr: 13724181
syscw: 2067533
read_bytes: 23747777024
write_bytes: 28221771776
cancelled_write_bytes: 0

[2020-02-16T06:38:17-08:00]
rchar: 38295430771
wchar: 28357681415
syscr: 13764679
syscw: 2071795
read_bytes: 23798350336
write_bytes: 28420857856
cancelled_write_bytes: 0

[2020-02-16T06:38:20-08:00]
rchar: 38634650449
wchar: 28633098689
syscr: 13875325
syscw: 2078138
read_bytes: 23939539456
write_bytes: 28696408064
cancelled_write_bytes: 0

[2020-02-16T06:38:23-08:00]
rchar: 38892916732
wchar: 28833663426
syscr: 13960689
syscw: 2084955
read_bytes: 24045761024
write_bytes: 28897165312
cancelled_write_bytes: 0

[2020-02-16T06:38:26-08:00]
rchar: 39060321406
wchar: 28984775514
syscr: 14017273
syscw: 2091359
read_bytes: 24110678528
write_bytes: 29048328192
cancelled_write_bytes: 0

[2020-02-16T06:38:29-08:00]
rchar: 39313433781
wchar: 29192742452
syscr: 14102384
syscw: 2099442
read_bytes: 24207208960
write_bytes: 29256556544
cancelled_write_bytes: 0

[2020-02-16T06:38:32-08:00]
rchar: 39506802854
wchar: 29358235848
syscr: 14169141
syscw: 2107740
read_bytes: 24276394496
write_bytes: 29422194688
cancelled_write_bytes: 0

[2020-02-16T06:38:35-08:00]
rchar: 39713458474
wchar: 29433535022
syscr: 14242772
syscw: 2117371
read_bytes: 24346292736
write_bytes: 29497724928
cancelled_write_bytes: 0

[2020-02-16T06:38:38-08:00]
rchar: 39991170324
wchar: 29630788422
syscr: 14339298
syscw: 2127124
read_bytes: 24441348608
write_bytes: 29695152128
cancelled_write_bytes: 0

[2020-02-16T06:38:41-08:00]
rchar: 40276524640
wchar: 29812499071
syscr: 14438090
syscw: 2134606
read_bytes: 24536470016
write_bytes: 29877727232
cancelled_write_bytes: 0

[2020-02-16T06:38:44-08:00]
rchar: 40385412586
wchar: 29920593867
syscr: 14476787
syscw: 2141900
read_bytes: 24574161408
write_bytes: 29986406400
cancelled_write_bytes: 0

[2020-02-16T06:38:47-08:00]
rchar: 40663515806
wchar: 30072310764
syscr: 14571710
syscw: 2150565
read_bytes: 24672342528
write_bytes: 30138249216
cancelled_write_bytes: 0

[2020-02-16T06:38:50-08:00]
rchar: 40847876187
wchar: 30167768066
syscr: 14638848
syscw: 2158182
read_bytes: 24731533824
write_bytes: 30234288128
cancelled_write_bytes: 0

[2020-02-16T06:38:53-08:00]
rchar: 41183743785
wchar: 30330295897
syscr: 14747318
syscw: 2165211
read_bytes: 24861852160
write_bytes: 30397186048
cancelled_write_bytes: 0

[2020-02-16T06:38:56-08:00]
rchar: 41353814735
wchar: 30558210498
syscr: 14802310
syscw: 2169676
read_bytes: 24929010176
write_bytes: 30625222656
cancelled_write_bytes: 0

[2020-02-16T06:38:59-08:00]
rchar: 41655702604
wchar: 30820840474
syscr: 14899638
syscw: 2176152
read_bytes: 25049137664
write_bytes: 30888009728
cancelled_write_bytes: 0

[2020-02-16T06:39:02-08:00]
rchar: 41853044499
wchar: 31001888695
syscr: 14964415
syscw: 2182525
read_bytes: 25126220288
write_bytes: 31069253632
cancelled_write_bytes: 0

[2020-02-16T06:39:05-08:00]
rchar: 41997182802
wchar: 31109278541
syscr: 15012599
syscw: 2188685
read_bytes: 25180529152
write_bytes: 31176916992
cancelled_write_bytes: 0

[2020-02-16T06:39:08-08:00]
rchar: 42152870501
wchar: 31250492134
syscr: 15064179
syscw: 2194238
read_bytes: 25239695872
write_bytes: 31318384640
cancelled_write_bytes: 0

[2020-02-16T06:39:11-08:00]
rchar: 42401488675
wchar: 31454911617
syscr: 15147093
syscw: 2202418
read_bytes: 25332208128
write_bytes: 31522951168
cancelled_write_bytes: 0

[2020-02-16T06:39:14-08:00]
rchar: 42691315635
wchar: 31681167657
syscr: 15242902
syscw: 2210851
read_bytes: 25439429120
write_bytes: 31749320704
cancelled_write_bytes: 0

[2020-02-16T06:39:17-08:00]
rchar: 42816872517
wchar: 31849393632
syscr: 15286303
syscw: 2217548
read_bytes: 25480126976
write_bytes: 31917809664
cancelled_write_bytes: 0

[2020-02-16T06:39:20-08:00]
rchar: 43041329582
wchar: 31978579226
syscr: 15365638
syscw: 2228024
read_bytes: 25549353472
write_bytes: 32047251456
cancelled_write_bytes: 0

[2020-02-16T06:39:23-08:00]
rchar: 43191221218
wchar: 32070042760
syscr: 15419005
syscw: 2237076
read_bytes: 25593360896
write_bytes: 32138952704
cancelled_write_bytes: 0

[2020-02-16T06:39:26-08:00]
rchar: 43388128920
wchar: 32176159646
syscr: 15489216
syscw: 2248458
read_bytes: 25649934848
write_bytes: 32245288960
cancelled_write_bytes: 0

[2020-02-16T06:39:29-08:00]
rchar: 43577143106
wchar: 32278267392
syscr: 15556135
syscw: 2259637
read_bytes: 25705243136
write_bytes: 32347631616
cancelled_write_bytes: 0

[2020-02-16T06:39:32-08:00]
rchar: 43794550624
wchar: 32392040353
syscr: 15633218
syscw: 2271372
read_bytes: 25767752192
write_bytes: 32461647872
cancelled_write_bytes: 0

[2020-02-16T06:39:35-08:00]
rchar: 44078764558
wchar: 32547323639
syscr: 15736246
syscw: 2284190
read_bytes: 25852088832
write_bytes: 32617472000
cancelled_write_bytes: 0

[2020-02-16T06:39:38-08:00]
rchar: 44243130394
wchar: 32624835336
syscr: 15790639
syscw: 2288756
read_bytes: 25907335680
write_bytes: 32695410688
cancelled_write_bytes: 0

[2020-02-16T06:39:41-08:00]
rchar: 44523981995
wchar: 32845042323
syscr: 15882083
syscw: 2295494
read_bytes: 26014286336
write_bytes: 32915750912
cancelled_write_bytes: 0

[2020-02-16T06:39:44-08:00]
rchar: 44857146517
wchar: 33170572989
syscr: 15991080
syscw: 2303531
read_bytes: 26134655488
write_bytes: 33241354240
cancelled_write_bytes: 0

[2020-02-16T06:39:47-08:00]
rchar: 45230224308
wchar: 33470089366
syscr: 16111589
syscw: 2310909
read_bytes: 26267152896
write_bytes: 33540911104
cancelled_write_bytes: 0

[2020-02-16T06:39:50-08:00]
rchar: 45484381323
wchar: 33671677175
syscr: 16195325
syscw: 2319801
read_bytes: 26355085824
write_bytes: 33742606336
cancelled_write_bytes: 0

[2020-02-16T06:39:53-08:00]
rchar: 45599534219
wchar: 33848509343
syscr: 16234905
syscw: 2326059
read_bytes: 26390843904
write_bytes: 33919733760
cancelled_write_bytes: 0

[2020-02-16T06:39:56-08:00]
rchar: 45837651647
wchar: 33965130277
syscr: 16315173
syscw: 2334811
read_bytes: 26467574272
write_bytes: 34036588544
cancelled_write_bytes: 0

[2020-02-16T06:39:59-08:00]
rchar: 45962695112
wchar: 34103454583
syscr: 16359322
syscw: 2342705
read_bytes: 26504421888
write_bytes: 34175238144
cancelled_write_bytes: 0

[2020-02-16T06:40:02-08:00]
rchar: 46227377300
wchar: 34276931347
syscr: 16451060
syscw: 2353746
read_bytes: 26580468224
write_bytes: 34348888064
cancelled_write_bytes: 0

[2020-02-16T06:40:05-08:00]
rchar: 46420993777
wchar: 34379740884
syscr: 16519656
syscw: 2364453
read_bytes: 26633556480
write_bytes: 34451894272
cancelled_write_bytes: 0

[2020-02-16T06:40:08-08:00]
rchar: 46637470892
wchar: 34523974644
syscr: 16596218
syscw: 2376248
read_bytes: 26689196544
write_bytes: 34596368384
cancelled_write_bytes: 0

[2020-02-16T06:40:11-08:00]
rchar: 46869373011
wchar: 34641124927
syscr: 16678295
syscw: 2388243
read_bytes: 26748674560
write_bytes: 34713763840
cancelled_write_bytes: 0

[2020-02-16T06:40:14-08:00]
rchar: 47056323205
wchar: 34746427835
syscr: 16745158
syscw: 2398086
read_bytes: 26797830656
write_bytes: 34819440640
cancelled_write_bytes: 0

[2020-02-16T06:40:17-08:00]
rchar: 47216488390
wchar: 34840588444
syscr: 16802481
syscw: 2408686
read_bytes: 26841182720
write_bytes: 34913996800
cancelled_write_bytes: 0

[2020-02-16T06:40:20-08:00]
rchar: 47454478590
wchar: 34961616798
syscr: 16887409
syscw: 2420706
read_bytes: 26904228352
write_bytes: 35035254784
cancelled_write_bytes: 0

[2020-02-16T06:40:23-08:00]
rchar: 47696338160
wchar: 35118283524
syscr: 16973759
syscw: 2432336
read_bytes: 26969264640
write_bytes: 35192205312
cancelled_write_bytes: 0

[2020-02-16T06:40:26-08:00]
rchar: 47804999355
wchar: 35193802598
syscr: 17012934
syscw: 2439519
read_bytes: 26995753472
write_bytes: 35268505600
cancelled_write_bytes: 0

[2020-02-16T06:40:29-08:00]
rchar: 47987453247
wchar: 35312768422
syscr: 17076923
syscw: 2449574
read_bytes: 27046412800
write_bytes: 35387879424
cancelled_write_bytes: 0

[2020-02-16T06:40:32-08:00]
rchar: 48241829007
wchar: 35437646856
syscr: 17165626
syscw: 2461946
read_bytes: 27116077568
write_bytes: 35512963072
cancelled_write_bytes: 0

[2020-02-16T06:40:35-08:00]
rchar: 48352965606
wchar: 35515013968
syscr: 17205856
syscw: 2468544
read_bytes: 27143627264
write_bytes: 35591200768
cancelled_write_bytes: 0

[2020-02-16T06:40:38-08:00]
rchar: 48621022615
wchar: 35699783408
syscr: 17298336
syscw: 2479796
read_bytes: 27221402112
write_bytes: 35776196608
cancelled_write_bytes: 0

[2020-02-16T06:40:41-08:00]
rchar: 48869966876
wchar: 35791155846
syscr: 17386618
syscw: 2487557
read_bytes: 27290366464
write_bytes: 35868229632
cancelled_write_bytes: 0

[2020-02-16T06:40:44-08:00]
rchar: 49073630404
wchar: 35904107056
syscr: 17453111
syscw: 2493009
read_bytes: 27355574784
write_bytes: 35981570048
cancelled_write_bytes: 0

[2020-02-16T06:40:47-08:00]
rchar: 49338262952
wchar: 36205974023
syscr: 17537632
syscw: 2497910
read_bytes: 27445670400
write_bytes: 36294000640
cancelled_write_bytes: 0

[2020-02-16T06:40:50-08:00]
rchar: 49637002742
wchar: 36411474920
syscr: 17634255
syscw: 2505042
read_bytes: 27543908864
write_bytes: 36489158656
cancelled_write_bytes: 0

[2020-02-16T06:40:53-08:00]
rchar: 49788045165
wchar: 36609245431
syscr: 17684544
syscw: 2511250
read_bytes: 27591234048
write_bytes: 36687130624
cancelled_write_bytes: 0

[2020-02-16T06:40:56-08:00]
rchar: 50022339711
wchar: 36689484596
syscr: 17762328
syscw: 2519473
read_bytes: 27661308416
write_bytes: 36798574592
cancelled_write_bytes: 0

[2020-02-16T06:40:59-08:00]
rchar: 50120747890
wchar: 36881914921
syscr: 17796151
syscw: 2525158
read_bytes: 27689222656
write_bytes: 36960305152
cancelled_write_bytes: 0

[2020-02-16T06:41:02-08:00]
rchar: 50266272227
wchar: 37022970004
syscr: 17846898
syscw: 2533724
read_bytes: 27728826880
write_bytes: 37101731840
cancelled_write_bytes: 0

[2020-02-16T06:41:05-08:00]
rchar: 50481602659
wchar: 37146291946
syscr: 17920871
syscw: 2542886
read_bytes: 27786551808
write_bytes: 37225304064
cancelled_write_bytes: 0

[2020-02-16T06:41:08-08:00]
rchar: 50703353967
wchar: 37289718073
syscr: 17998358
syscw: 2555023
read_bytes: 27841454592
write_bytes: 37368999936
cancelled_write_bytes: 0

[2020-02-16T06:41:11-08:00]
rchar: 50934623679
wchar: 37427477842
syscr: 18079936
syscw: 2567476
read_bytes: 27897475584
write_bytes: 37507018752
cancelled_write_bytes: 0

[2020-02-16T06:41:14-08:00]
rchar: 51078895980
wchar: 37535728909
syscr: 18132089
syscw: 2577302
read_bytes: 27928371712
write_bytes: 37616164864
cancelled_write_bytes: 0

[2020-02-16T06:41:17-08:00]
rchar: 51268120659
wchar: 37607051759
syscr: 18198859
syscw: 2587207
read_bytes: 27974148608
write_bytes: 37687857152
cancelled_write_bytes: 0

[2020-02-16T06:41:20-08:00]
rchar: 51377288474
wchar: 37711937434
syscr: 18238307
syscw: 2592261
read_bytes: 27999404544
write_bytes: 37793636352
cancelled_write_bytes: 0

[2020-02-16T06:41:23-08:00]
rchar: 51595698664
wchar: 37801026850
syscr: 18313619
syscw: 2600243
read_bytes: 28063441408
write_bytes: 37883031552
cancelled_write_bytes: 0

[2020-02-16T06:41:26-08:00]
rchar: 51787777343
wchar: 37991889344
syscr: 18381777
syscw: 2610319
read_bytes: 28117524992
write_bytes: 38074585088
cancelled_write_bytes: 0

[2020-02-16T06:41:29-08:00]
rchar: 51995950405
wchar: 38133567812
syscr: 18452599
syscw: 2617563
read_bytes: 28181529088
write_bytes: 38216609792
cancelled_write_bytes: 0

[2020-02-16T06:41:32-08:00]
rchar: 52261994711
wchar: 38357822093
syscr: 18544311
syscw: 2628518
read_bytes: 28258116096
write_bytes: 38441050112
cancelled_write_bytes: 0

[2020-02-16T06:41:35-08:00]
rchar: 52485820019
wchar: 38536580793
syscr: 18621488
syscw: 2638790
read_bytes: 28318724608
write_bytes: 38620020736
cancelled_write_bytes: 0

[2020-02-16T06:41:38-08:00]
rchar: 52691475477
wchar: 38690834167
syscr: 18692857
syscw: 2649406
read_bytes: 28369629696
write_bytes: 38774460416
cancelled_write_bytes: 0

[2020-02-16T06:41:41-08:00]
rchar: 52866520949
wchar: 38809432388
syscr: 18755417
syscw: 2659271
read_bytes: 28410249728
write_bytes: 38893330432
cancelled_write_bytes: 0

[2020-02-16T06:41:44-08:00]
rchar: 53044611881
wchar: 38915477703
syscr: 18821239
syscw: 2667546
read_bytes: 28452364800
write_bytes: 39000297472
cancelled_write_bytes: 0

[2020-02-16T06:41:47-08:00]
rchar: 53199267373
wchar: 38969432202
syscr: 18874969
syscw: 2674521
read_bytes: 28494029312
write_bytes: 39054884864
cancelled_write_bytes: 0

[2020-02-16T06:41:50-08:00]
rchar: 53322567370
wchar: 39068759954
syscr: 18917521
syscw: 2681272
read_bytes: 28524601856
write_bytes: 39154716672
cancelled_write_bytes: 0

[2020-02-16T06:41:53-08:00]
rchar: 53585838854
wchar: 39244820663
syscr: 19005961
syscw: 2691829
read_bytes: 28592419328
write_bytes: 39331143680
cancelled_write_bytes: 0

[2020-02-16T06:41:56-08:00]
rchar: 53777958085
wchar: 39426793368
syscr: 19071614
syscw: 2701885
read_bytes: 28640363008
write_bytes: 39513399296
cancelled_write_bytes: 0

[2020-02-16T06:41:59-08:00]
rchar: 53999780732
wchar: 39644748524
syscr: 19145821
syscw: 2710419
read_bytes: 28698153472
write_bytes: 39731539968
cancelled_write_bytes: 0

[2020-02-16T06:42:02-08:00]
rchar: 54258085944
wchar: 39831161393
syscr: 19234367
syscw: 2722157
read_bytes: 28757811712
write_bytes: 39918198784
cancelled_write_bytes: 0

[2020-02-16T06:42:05-08:00]
rchar: 54461871076
wchar: 39947504753
syscr: 19304444
syscw: 2731219
read_bytes: 28802699776
write_bytes: 40034648064
cancelled_write_bytes: 0

[2020-02-16T06:42:08-08:00]
rchar: 54729911935
wchar: 40093107394
syscr: 19397406
syscw: 2744375
read_bytes: 28858417664
write_bytes: 40189583360
cancelled_write_bytes: 0

[2020-02-16T06:42:11-08:00]
rchar: 54860663981
wchar: 40246800900
syscr: 19443555
syscw: 2747617
read_bytes: 28883563008
write_bytes: 40335044608
cancelled_write_bytes: 0

[2020-02-16T06:42:14-08:00]
rchar: 55069710382
wchar: 40378101220
syscr: 19518298
syscw: 2758312
read_bytes: 28930290176
write_bytes: 40467038208
cancelled_write_bytes: 0

[2020-02-16T06:42:17-08:00]
rchar: 55333837092
wchar: 40514776653
syscr: 19614580
syscw: 2768204
read_bytes: 28990734848
write_bytes: 40604303360
cancelled_write_bytes: 0

[2020-02-16T06:42:20-08:00]
rchar: 55448320025
wchar: 40620754738
syscr: 19655478
syscw: 2774124
read_bytes: 29019378176
write_bytes: 40710971392
cancelled_write_bytes: 0

[2020-02-16T06:42:23-08:00]
rchar: 55609629296
wchar: 40727809906
syscr: 19712634
syscw: 2783898
read_bytes: 29059650048
write_bytes: 40818339840
cancelled_write_bytes: 0

[2020-02-16T06:42:26-08:00]
rchar: 55901576758
wchar: 40934713723
syscr: 19814507
syscw: 2795762
read_bytes: 29127873024
write_bytes: 41025675264
cancelled_write_bytes: 0

[2020-02-16T06:42:29-08:00]
rchar: 56029169327
wchar: 41040597605
syscr: 19861344
syscw: 2803209
read_bytes: 29155824128
write_bytes: 41132556288
cancelled_write_bytes: 0

[2020-02-16T06:42:32-08:00]
rchar: 56239625436
wchar: 41187838962
syscr: 19935506
syscw: 2814407
read_bytes: 29204550144
write_bytes: 41279987712
cancelled_write_bytes: 0

[2020-02-16T06:42:35-08:00]
rchar: 56487721208
wchar: 41311568300
syscr: 20023471
syscw: 2819216
read_bytes: 29265687040
write_bytes: 41404407808
cancelled_write_bytes: 0

[2020-02-16T06:42:38-08:00]
rchar: 56613007375
wchar: 41427194696
syscr: 20066454
syscw: 2824753
read_bytes: 29299069440
write_bytes: 41520443392
cancelled_write_bytes: 0

[2020-02-16T06:42:41-08:00]
rchar: 56788613864
wchar: 41523656704
syscr: 20125091
syscw: 2832128
read_bytes: 29345468928
write_bytes: 41617186816
cancelled_write_bytes: 0

[2020-02-16T06:42:44-08:00]
rchar: 56960579056
wchar: 41695210942
syscr: 20182892
syscw: 2839758
read_bytes: 29386789376
write_bytes: 41788993536
cancelled_write_bytes: 0

[2020-02-16T06:42:47-08:00]
rchar: 57251652785
wchar: 41952711667
syscr: 20278802
syscw: 2850672
read_bytes: 29458407936
write_bytes: 42046746624
cancelled_write_bytes: 0

[2020-02-16T06:42:50-08:00]
rchar: 57328523929
wchar: 42043353824
syscr: 20305724
syscw: 2853441
read_bytes: 29476262400
write_bytes: 42137845760
cancelled_write_bytes: 0

[2020-02-16T06:42:53-08:00]
rchar: 57467537733
wchar: 42115150368
syscr: 20353376
syscw: 2859090
read_bytes: 29510251008
write_bytes: 42210443264
cancelled_write_bytes: 0

[2020-02-16T06:42:56-08:00]
rchar: 57620102856
wchar: 42253762805
syscr: 20406612
syscw: 2867618
read_bytes: 29547557376
write_bytes: 42349350912
cancelled_write_bytes: 0

[2020-02-16T06:42:59-08:00]
rchar: 57806890840
wchar: 42417337293
syscr: 20471712
syscw: 2878329
read_bytes: 29590618624
write_bytes: 42513129472
cancelled_write_bytes: 0

[2020-02-16T06:43:02-08:00]
rchar: 57981749264
wchar: 42515169104
syscr: 20533361
syscw: 2886572
read_bytes: 29629493760
write_bytes: 42611474432
cancelled_write_bytes: 0

[2020-02-16T06:43:05-08:00]
rchar: 58129438334
wchar: 42605265918
syscr: 20584295
syscw: 2894522
read_bytes: 29665935872
write_bytes: 42702155776
cancelled_write_bytes: 0

[2020-02-16T06:43:08-08:00]
rchar: 58327450959
wchar: 42743864200
syscr: 20650240
syscw: 2903404
read_bytes: 29715927552
write_bytes: 42840989696
cancelled_write_bytes: 0

[2020-02-16T06:43:11-08:00]
rchar: 58563505020
wchar: 43010902065
syscr: 20728835
syscw: 2912539
read_bytes: 29776646656
write_bytes: 43108212736
cancelled_write_bytes: 0

[2020-02-16T06:43:14-08:00]
rchar: 58814026710
wchar: 43200233788
syscr: 20812601
syscw: 2921924
read_bytes: 29834490368
write_bytes: 43297783808
cancelled_write_bytes: 0

[2020-02-16T06:43:17-08:00]
rchar: 59030814847
wchar: 43360894136
syscr: 20886905
syscw: 2932723
read_bytes: 29881594368
write_bytes: 43458666496
cancelled_write_bytes: 0

[2020-02-16T06:43:20-08:00]
rchar: 59223016617
wchar: 43528951582
syscr: 20954007
syscw: 2939349
read_bytes: 29921681920
write_bytes: 43627491328
cancelled_write_bytes: 0

[2020-02-16T06:43:23-08:00]
rchar: 59319448095
wchar: 43564726065
syscr: 20986230
syscw: 2939776
read_bytes: 29947679232
write_bytes: 43663806464
cancelled_write_bytes: 0

[2020-02-16T06:43:26-08:00]
rchar: 59434716575
wchar: 43687419174
syscr: 21026153
syscw: 2944571
read_bytes: 29973189120
write_bytes: 43787063296
cancelled_write_bytes: 0

[2020-02-16T06:43:29-08:00]
rchar: 59742333401
wchar: 43909557613
syscr: 21128574
syscw: 2955234
read_bytes: 30048997888
write_bytes: 44013199360
cancelled_write_bytes: 0

[2020-02-16T06:43:32-08:00]
rchar: 59925346484
wchar: 44108701839
syscr: 21191892
syscw: 2964462
read_bytes: 30091485696
write_bytes: 44208861184
cancelled_write_bytes: 0

[2020-02-16T06:43:35-08:00]
rchar: 60065804212
wchar: 44230551357
syscr: 21241449
syscw: 2974443
read_bytes: 30120591872
write_bytes: 44331089920
cancelled_write_bytes: 0

[2020-02-16T06:43:38-08:00]
rchar: 60360094339
wchar: 44444244844
syscr: 21342871
syscw: 2987019
read_bytes: 30183473664
write_bytes: 44545024000
cancelled_write_bytes: 0

[2020-02-16T06:43:41-08:00]
rchar: 60673539428
wchar: 44682677198
syscr: 21451080
syscw: 2998155
read_bytes: 30244393472
write_bytes: 44783718400
cancelled_write_bytes: 0

[2020-02-16T06:43:44-08:00]
rchar: 60782680552
wchar: 44786083847
syscr: 21489116
syscw: 3003015
read_bytes: 30268015104
write_bytes: 44888092672
cancelled_write_bytes: 0

[2020-02-16T06:43:47-08:00]
rchar: 60977430045
wchar: 44961129296
syscr: 21557166
syscw: 3012367
read_bytes: 30307041792
write_bytes: 45063479296
cancelled_write_bytes: 0

[2020-02-16T06:43:50-08:00]
rchar: 61163997674
wchar: 45082572785
syscr: 21624765
syscw: 3024291
read_bytes: 30343025152
write_bytes: 45185204224
cancelled_write_bytes: 0

[2020-02-16T06:43:53-08:00]
rchar: 61378332572
wchar: 45224352695
syscr: 21702598
syscw: 3037565
read_bytes: 30382105088
write_bytes: 45327290368
cancelled_write_bytes: 0

[2020-02-16T06:43:56-08:00]
rchar: 61580131778
wchar: 45328530244
syscr: 21776040
syscw: 3042423
read_bytes: 30417289728
write_bytes: 45432369152
cancelled_write_bytes: 0

[2020-02-16T06:43:59-08:00]
rchar: 61697129736
wchar: 45438556276
syscr: 21817761
syscw: 3049622
read_bytes: 30441390592
write_bytes: 45543276544
cancelled_write_bytes: 0

[2020-02-16T06:44:02-08:00]
rchar: 61903782169
wchar: 45603893752
syscr: 21890014
syscw: 3060866
read_bytes: 30482403840
write_bytes: 45708853248
cancelled_write_bytes: 0

[2020-02-16T06:44:06-08:00]
rchar: 62224154845
wchar: 45794976376
syscr: 22002518
syscw: 3071069
read_bytes: 30551228928
write_bytes: 45900263424
cancelled_write_bytes: 0

[2020-02-16T06:44:09-08:00]
rchar: 62373286073
wchar: 45904396172
syscr: 22054126
syscw: 3077048
read_bytes: 30583390720
write_bytes: 46010167296
cancelled_write_bytes: 0

[2020-02-16T06:44:12-08:00]
rchar: 62570219015
wchar: 46029472498
syscr: 22121432
syscw: 3086901
read_bytes: 30624637440
write_bytes: 46135549952
cancelled_write_bytes: 0

[2020-02-16T06:44:15-08:00]
rchar: 62713428842
wchar: 46165897644
syscr: 22170975
syscw: 3094276
read_bytes: 30654083584
write_bytes: 46272331776
cancelled_write_bytes: 0

[2020-02-16T06:44:18-08:00]
rchar: 62909752766
wchar: 46374577355
syscr: 22239495
syscw: 3103876
read_bytes: 30693327360
write_bytes: 46481244160
cancelled_write_bytes: 0

[2020-02-16T06:44:21-08:00]
rchar: 63193478841
wchar: 46535909883
syscr: 22337413
syscw: 3116471
read_bytes: 30750790144
write_bytes: 46642712576
cancelled_write_bytes: 0

[2020-02-16T06:44:24-08:00]
rchar: 63407694369
wchar: 46770154586
syscr: 22410910
syscw: 3126822
read_bytes: 30791524864
write_bytes: 46877081600
cancelled_write_bytes: 0

[2020-02-16T06:44:27-08:00]
rchar: 63625319451
wchar: 46874821386
syscr: 22486844
syscw: 3138354
read_bytes: 30829437440
write_bytes: 46981898240
cancelled_write_bytes: 0

[2020-02-16T06:44:30-08:00]
rchar: 63823354324
wchar: 47088804729
syscr: 22557083
syscw: 3148131
read_bytes: 30862524928
write_bytes: 47196274688
cancelled_write_bytes: 0

[2020-02-16T06:44:33-08:00]
rchar: 64006683442
wchar: 47145370377
syscr: 22620691
syscw: 3159582
read_bytes: 30892679680
write_bytes: 47253213184
cancelled_write_bytes: 0

[2020-02-16T06:44:36-08:00]
rchar: 64358887762
wchar: 47412892782
syscr: 22739149
syscw: 3171753
read_bytes: 30956720640
write_bytes: 47520870400
cancelled_write_bytes: 0

[2020-02-16T06:44:39-08:00]
rchar: 64696565422
wchar: 47666990025
syscr: 22854102
syscw: 3184683
read_bytes: 31013917184
write_bytes: 47775105024
cancelled_write_bytes: 0

[2020-02-16T06:44:42-08:00]
rchar: 65077506961
wchar: 47917871094
syscr: 22983273
syscw: 3196345
read_bytes: 31076954624
write_bytes: 48026177536
cancelled_write_bytes: 0

[2020-02-16T06:44:45-08:00]
rchar: 65296585406
wchar: 48076040531
syscr: 23058595
syscw: 3206345
read_bytes: 31107584512
write_bytes: 48184479744
cancelled_write_bytes: 0

[2020-02-16T06:44:48-08:00]
rchar: 65599674403
wchar: 48263172116
syscr: 23163084
syscw: 3217972
read_bytes: 31151342080
write_bytes: 48372355072
cancelled_write_bytes: 0

[2020-02-16T06:44:51-08:00]
rchar: 65775130292
wchar: 48395900388
syscr: 23227601
syscw: 3231021
read_bytes: 31177765376
write_bytes: 48505688064
cancelled_write_bytes: 0

[2020-02-16T06:44:54-08:00]
rchar: 66014176827
wchar: 48558448490
syscr: 23314924
syscw: 3245280
read_bytes: 31216452096
write_bytes: 48678150144
cancelled_write_bytes: 0

[2020-02-16T06:44:57-08:00]
rchar: 66172953472
wchar: 48675551025
syscr: 23373710
syscw: 3255006
read_bytes: 31240745472
write_bytes: 48786178048
cancelled_write_bytes: 0

[2020-02-16T06:45:00-08:00]
rchar: 66402294356
wchar: 48807943500
syscr: 23456805
syscw: 3265184
read_bytes: 31275581952
write_bytes: 48919015424
cancelled_write_bytes: 0

[2020-02-16T06:45:03-08:00]
rchar: 66565856462
wchar: 48926993697
syscr: 23514531
syscw: 3273720
read_bytes: 31301677568
write_bytes: 49039073280
cancelled_write_bytes: 0

[2020-02-16T06:45:06-08:00]
rchar: 66785319776
wchar: 49106605687
syscr: 23593337
syscw: 3285082
read_bytes: 31337366016
write_bytes: 49219100672
cancelled_write_bytes: 0

[2020-02-16T06:45:09-08:00]
rchar: 66959348642
wchar: 49220768925
syscr: 23655786
syscw: 3297229
read_bytes: 31364928000
write_bytes: 49333813248
cancelled_write_bytes: 0

[2020-02-16T06:45:12-08:00]
rchar: 67153925098
wchar: 49364544193
syscr: 23725953
syscw: 3308157
read_bytes: 31396459008
write_bytes: 49477980160
cancelled_write_bytes: 0

[2020-02-16T06:45:15-08:00]
rchar: 67315943171
wchar: 49510463933
syscr: 23783538
syscw: 3315454
read_bytes: 31424885248
write_bytes: 49624190976
cancelled_write_bytes: 0

[2020-02-16T06:45:18-08:00]
rchar: 67695998762
wchar: 49757556214
syscr: 23916712
syscw: 3328091
read_bytes: 31485125120
write_bytes: 49871458304
cancelled_write_bytes: 0

[2020-02-16T06:45:21-08:00]
rchar: 67809449515
wchar: 49859492273
syscr: 23956503
syscw: 3331797
read_bytes: 31504200192
write_bytes: 49974247424
cancelled_write_bytes: 0

[2020-02-16T06:45:24-08:00]
rchar: 67976384351
wchar: 49972227714
syscr: 24014800
syscw: 3339891
read_bytes: 31531966976
write_bytes: 50087686144
cancelled_write_bytes: 0

[2020-02-16T06:45:27-08:00]
rchar: 68214593400
wchar: 50146467466
syscr: 24100020
syscw: 3354128
read_bytes: 31568441856
write_bytes: 50262151168
cancelled_write_bytes: 0

[2020-02-16T06:45:30-08:00]
rchar: 68458511272
wchar: 50336112017
syscr: 24186991
syscw: 3364535
read_bytes: 31608111616
write_bytes: 50452000768
cancelled_write_bytes: 0

[2020-02-16T06:45:33-08:00]
rchar: 68638848773
wchar: 50477558013
syscr: 24252517
syscw: 3374105
read_bytes: 31634313728
write_bytes: 50593779712
cancelled_write_bytes: 0

[2020-02-16T06:45:36-08:00]
rchar: 68782754953
wchar: 50572819200
syscr: 24302321
syscw: 3382627
read_bytes: 31655944704
write_bytes: 50689351680
cancelled_write_bytes: 0

[2020-02-16T06:45:39-08:00]
rchar: 68973110770
wchar: 50692924291
syscr: 24369482
syscw: 3394041
read_bytes: 31684063744
write_bytes: 50810007552
cancelled_write_bytes: 0

[2020-02-16T06:45:42-08:00]
rchar: 69247151756
wchar: 50942661229
syscr: 24463709
syscw: 3405421
read_bytes: 31726645760
write_bytes: 51059957760
cancelled_write_bytes: 0

[2020-02-16T06:45:45-08:00]
rchar: 69515625566
wchar: 51149495171
syscr: 24556849
syscw: 3415225
read_bytes: 31767646720
write_bytes: 51266990080
cancelled_write_bytes: 0

[2020-02-16T06:45:48-08:00]
rchar: 69728937090
wchar: 51311767816
syscr: 24631987
syscw: 3423072
read_bytes: 31797289472
write_bytes: 51429408768
cancelled_write_bytes: 0

[2020-02-16T06:45:51-08:00]
rchar: 70070547254
wchar: 51517893323
syscr: 24749837
syscw: 3435564
read_bytes: 31843267072
write_bytes: 51635646464
cancelled_write_bytes: 0

[2020-02-16T06:45:54-08:00]
rchar: 70205827256
wchar: 51622478024
syscr: 24796956
syscw: 3438024
read_bytes: 31862206976
write_bytes: 51741028352
cancelled_write_bytes: 0

[2020-02-16T06:45:57-08:00]
rchar: 70364021765
wchar: 51729272665
syscr: 24850050
syscw: 3442174
read_bytes: 31888941568
write_bytes: 51848290304
cancelled_write_bytes: 0

[2020-02-16T06:46:00-08:00]
rchar: 70654132878
wchar: 51911932724
syscr: 24950399
syscw: 3456291
read_bytes: 31930110464
write_bytes: 52031164416
cancelled_write_bytes: 0

[2020-02-16T06:46:03-08:00]
rchar: 70874683137
wchar: 52135951820
syscr: 25025989
syscw: 3463166
read_bytes: 31961584128
write_bytes: 52255387648
cancelled_write_bytes: 0

[2020-02-16T06:46:06-08:00]
rchar: 71038934465
wchar: 52304939360
syscr: 25082341
syscw: 3470152
read_bytes: 31985250816
write_bytes: 52424544256
cancelled_write_bytes: 0

[2020-02-16T06:46:09-08:00]
rchar: 71335793445
wchar: 52547909397
syscr: 25181702
syscw: 3483441
read_bytes: 32029794816
write_bytes: 52667703296
cancelled_write_bytes: 0

[2020-02-16T06:46:12-08:00]
rchar: 71532914615
wchar: 52745144990
syscr: 25244547
syscw: 3488857
read_bytes: 32061719040
write_bytes: 52865134592
cancelled_write_bytes: 0

[2020-02-16T06:46:15-08:00]
rchar: 71578252751
wchar: 52842096784
syscr: 25258534
syscw: 3489242
read_bytes: 32071651840
write_bytes: 52962332672
cancelled_write_bytes: 0

[2020-02-16T06:46:18-08:00]
rchar: 71578252855
wchar: 52843430996
syscr: 25258560
syscw: 3489326
read_bytes: 32071651840
write_bytes: 52963856384
cancelled_write_bytes: 0

[2020-02-16T06:46:21-08:00]
rchar: 71578252855
wchar: 52843430996
syscr: 25258560
syscw: 3489326
read_bytes: 32071651840
write_bytes: 52963856384
cancelled_write_bytes: 0

[2020-02-16T06:46:24-08:00]
rchar: 71578252855
wchar: 52843430996
syscr: 25258560
syscw: 3489326
read_bytes: 32071651840
write_bytes: 52963856384
cancelled_write_bytes: 0

[2020-02-16T06:46:27-08:00]
rchar: 71578252855
wchar: 52843430996
syscr: 25258560
syscw: 3489326
read_bytes: 32071651840
write_bytes: 52963856384
cancelled_write_bytes: 0

