[2020-01-22T16:20:53-08:00]
rchar: 16583973
wchar: 209
syscr: 2824
syscw: 10
read_bytes: 708608
write_bytes: 53248
cancelled_write_bytes: 0

[2020-01-22T16:20:56-08:00]
rchar: 16583973
wchar: 209
syscr: 2824
syscw: 10
read_bytes: 708608
write_bytes: 53248
cancelled_write_bytes: 0

[2020-01-22T16:20:59-08:00]
rchar: 16583973
wchar: 209
syscr: 2824
syscw: 10
read_bytes: 708608
write_bytes: 53248
cancelled_write_bytes: 0

[2020-01-22T16:21:02-08:00]
rchar: 16583973
wchar: 209
syscr: 2824
syscw: 10
read_bytes: 708608
write_bytes: 53248
cancelled_write_bytes: 0

[2020-01-22T16:21:05-08:00]
rchar: 16583973
wchar: 209
syscr: 2824
syscw: 10
read_bytes: 708608
write_bytes: 53248
cancelled_write_bytes: 0

[2020-01-22T16:21:08-08:00]
rchar: 16583973
wchar: 209
syscr: 2824
syscw: 10
read_bytes: 708608
write_bytes: 61440
cancelled_write_bytes: 0

[2020-01-22T16:21:11-08:00]
rchar: 16583973
wchar: 209
syscr: 2824
syscw: 10
read_bytes: 708608
write_bytes: 61440
cancelled_write_bytes: 0

[2020-01-22T16:21:14-08:00]
rchar: 16583973
wchar: 209
syscr: 2824
syscw: 10
read_bytes: 708608
write_bytes: 69632
cancelled_write_bytes: 0

[2020-01-22T16:21:17-08:00]
rchar: 16583973
wchar: 209
syscr: 2824
syscw: 10
read_bytes: 708608
write_bytes: 69632
cancelled_write_bytes: 0

[2020-01-22T16:21:20-08:00]
rchar: 229317478
wchar: 8275336
syscr: 10479
syscw: 1261
read_bytes: 224515584
write_bytes: 8372224
cancelled_write_bytes: 0

[2020-01-22T16:21:23-08:00]
rchar: 540840642
wchar: 295854531
syscr: 38893
syscw: 13314
read_bytes: 626665984
write_bytes: 295968768
cancelled_write_bytes: 0

[2020-01-22T16:21:26-08:00]
rchar: 1023881289
wchar: 478910431
syscr: 97477
syscw: 38165
read_bytes: 1306409472
write_bytes: 479023104
cancelled_write_bytes: 0

[2020-01-22T16:21:29-08:00]
rchar: 1533143305
wchar: 759068833
syscr: 159146
syscw: 50566
read_bytes: 1676995072
write_bytes: 759197696
cancelled_write_bytes: 0

[2020-01-22T16:21:32-08:00]
rchar: 2354868770
wchar: 911287402
syscr: 258787
syscw: 69136
read_bytes: 2191145472
write_bytes: 911417344
cancelled_write_bytes: 0

[2020-01-22T16:21:35-08:00]
rchar: 3234544388
wchar: 1386819235
syscr: 365366
syscw: 80086
read_bytes: 2467224064
write_bytes: 1387343872
cancelled_write_bytes: 0

[2020-01-22T16:21:38-08:00]
rchar: 4325620110
wchar: 1810487577
syscr: 497426
syscw: 91206
read_bytes: 2763733504
write_bytes: 1810690048
cancelled_write_bytes: 0

[2020-01-22T16:21:41-08:00]
rchar: 4868228953
wchar: 2089697493
syscr: 563214
syscw: 102986
read_bytes: 3049671168
write_bytes: 2089938944
cancelled_write_bytes: 0

[2020-01-22T16:21:44-08:00]
rchar: 5580457874
wchar: 2225266632
syscr: 649487
syscw: 113086
read_bytes: 3319589376
write_bytes: 2225520640
cancelled_write_bytes: 0

[2020-01-22T16:21:47-08:00]
rchar: 6797815463
wchar: 2374923277
syscr: 797096
syscw: 129382
read_bytes: 3777952256
write_bytes: 2375184384
cancelled_write_bytes: 0

[2020-01-22T16:21:50-08:00]
rchar: 8291217093
wchar: 2689673185
syscr: 978088
syscw: 145236
read_bytes: 4195596800
write_bytes: 2689953792
cancelled_write_bytes: 0

[2020-01-22T16:21:53-08:00]
rchar: 9675689192
wchar: 2934878709
syscr: 1145953
syscw: 160316
read_bytes: 4572076544
write_bytes: 2935164928
cancelled_write_bytes: 0

[2020-01-22T16:21:56-08:00]
rchar: 11859470018
wchar: 3153834593
syscr: 1410644
syscw: 177854
read_bytes: 5031361024
write_bytes: 3154141184
cancelled_write_bytes: 0

[2020-01-22T16:21:59-08:00]
rchar: 13187444606
wchar: 3430046326
syscr: 1571576
syscw: 190349
read_bytes: 5307279872
write_bytes: 3430367232
cancelled_write_bytes: 0

[2020-01-22T16:22:02-08:00]
rchar: 15079950699
wchar: 3918299724
syscr: 1801035
syscw: 202192
read_bytes: 5554035200
write_bytes: 3918647296
cancelled_write_bytes: 0

[2020-01-22T16:22:05-08:00]
rchar: 16824466665
wchar: 4388032121
syscr: 2012555
syscw: 213062
read_bytes: 5777029632
write_bytes: 4389388288
cancelled_write_bytes: 0

[2020-01-22T16:22:08-08:00]
rchar: 18052696501
wchar: 4796757036
syscr: 2161003
syscw: 221295
read_bytes: 5944658432
write_bytes: 4797169664
cancelled_write_bytes: 0

[2020-01-22T16:22:11-08:00]
rchar: 18794184108
wchar: 5247620240
syscr: 2250792
syscw: 229997
read_bytes: 6123923968
write_bytes: 5249138688
cancelled_write_bytes: 0

[2020-01-22T16:22:14-08:00]
rchar: 19589381510
wchar: 5531277781
syscr: 2347187
syscw: 239435
read_bytes: 6302550528
write_bytes: 5531836416
cancelled_write_bytes: 0

[2020-01-22T16:22:17-08:00]
rchar: 20713110029
wchar: 5762936055
syscr: 2483431
syscw: 252365
read_bytes: 6619601408
write_bytes: 5763514368
cancelled_write_bytes: 0

[2020-01-22T16:22:20-08:00]
rchar: 22002973455
wchar: 6053546275
syscr: 2639743
syscw: 265390
read_bytes: 6927464960
write_bytes: 6054141952
cancelled_write_bytes: 0

[2020-01-22T16:22:23-08:00]
rchar: 23605152141
wchar: 6226097803
syscr: 2834009
syscw: 280483
read_bytes: 7293475328
write_bytes: 6226698240
cancelled_write_bytes: 0

[2020-01-22T16:22:26-08:00]
rchar: 25769497497
wchar: 6526949968
syscr: 3096344
syscw: 297197
read_bytes: 7688489472
write_bytes: 6527586304
cancelled_write_bytes: 0

[2020-01-22T16:22:29-08:00]
rchar: 27291675608
wchar: 6811116614
syscr: 3280903
syscw: 310075
read_bytes: 7961717248
write_bytes: 6811746304
cancelled_write_bytes: 0

[2020-01-22T16:22:32-08:00]
rchar: 29131086458
wchar: 7298585426
syscr: 3503843
syscw: 321418
read_bytes: 8167201280
write_bytes: 7299252224
cancelled_write_bytes: 0

[2020-01-22T16:22:35-08:00]
rchar: 30482287631
wchar: 7695401159
syscr: 3667675
syscw: 329834
read_bytes: 8311384576
write_bytes: 7696093184
cancelled_write_bytes: 0

[2020-01-22T16:22:38-08:00]
rchar: 31896106492
wchar: 8096806235
syscr: 3839104
syscw: 339396
read_bytes: 8467757568
write_bytes: 8097525760
cancelled_write_bytes: 0

[2020-01-22T16:22:41-08:00]
rchar: 32537435055
wchar: 8491068066
syscr: 3916273
syscw: 345740
read_bytes: 8568171008
write_bytes: 8491851776
cancelled_write_bytes: 0

[2020-01-22T16:22:44-08:00]
rchar: 33872023485
wchar: 8915412734
syscr: 4078052
syscw: 358169
read_bytes: 8807991808
write_bytes: 8916250624
cancelled_write_bytes: 0

[2020-01-22T16:22:47-08:00]
rchar: 35210086258
wchar: 9293182207
syscr: 4240273
syscw: 371100
read_bytes: 9077545472
write_bytes: 9294082048
cancelled_write_bytes: 0

[2020-01-22T16:22:50-08:00]
rchar: 35885923619
wchar: 9630344030
syscr: 4322129
syscw: 378735
read_bytes: 9248033280
write_bytes: 9631281152
cancelled_write_bytes: 0

[2020-01-22T16:22:53-08:00]
rchar: 37606851779
wchar: 10061511755
syscr: 4530764
syscw: 392891
read_bytes: 9515403776
write_bytes: 10062487552
cancelled_write_bytes: 0

[2020-01-22T16:22:56-08:00]
rchar: 39197054387
wchar: 10349762199
syscr: 4723583
syscw: 406285
read_bytes: 9889909248
write_bytes: 10350768128
cancelled_write_bytes: 0

[2020-01-22T16:22:59-08:00]
rchar: 39376627455
wchar: 10489207414
syscr: 4745358
syscw: 408501
read_bytes: 9930951168
write_bytes: 10490216448
cancelled_write_bytes: 0

[2020-01-22T16:23:02-08:00]
rchar: 40845856171
wchar: 10921714899
syscr: 4923398
syscw: 418996
read_bytes: 10107136512
write_bytes: 10923827200
cancelled_write_bytes: 0

[2020-01-22T16:23:05-08:00]
rchar: 42664862373
wchar: 11304427649
syscr: 5143896
syscw: 432136
read_bytes: 10368780800
write_bytes: 11305566208
cancelled_write_bytes: 0

[2020-01-22T16:23:08-08:00]
rchar: 43835669700
wchar: 11626601775
syscr: 5285860
syscw: 441337
read_bytes: 10598439424
write_bytes: 11627753472
cancelled_write_bytes: 0

[2020-01-22T16:23:11-08:00]
rchar: 45636754733
wchar: 12057906488
syscr: 5504124
syscw: 453358
read_bytes: 10798295552
write_bytes: 12059119616
cancelled_write_bytes: 0

[2020-01-22T16:23:14-08:00]
rchar: 47463238239
wchar: 12566572412
syscr: 5725587
syscw: 464672
read_bytes: 10971294208
write_bytes: 12567814144
cancelled_write_bytes: 0

[2020-01-22T16:23:17-08:00]
rchar: 48642360211
wchar: 12884397169
syscr: 5868165
syscw: 473295
read_bytes: 11096009216
write_bytes: 12885659648
cancelled_write_bytes: 0

[2020-01-22T16:23:20-08:00]
rchar: 49178125503
wchar: 13301944629
syscr: 5933022
syscw: 479438
read_bytes: 11182045696
write_bytes: 13303255040
cancelled_write_bytes: 0

[2020-01-22T16:23:23-08:00]
rchar: 50628421853
wchar: 13727558409
syscr: 6108864
syscw: 492582
read_bytes: 11408919040
write_bytes: 13728923648
cancelled_write_bytes: 0

[2020-01-22T16:23:26-08:00]
rchar: 51998712932
wchar: 14176350281
syscr: 6274993
syscw: 505275
read_bytes: 11625822720
write_bytes: 14177767424
cancelled_write_bytes: 0

[2020-01-22T16:23:29-08:00]
rchar: 52673759821
wchar: 14585591936
syscr: 6356744
syscw: 511845
read_bytes: 11724311040
write_bytes: 14587867136
cancelled_write_bytes: 0

[2020-01-22T16:23:32-08:00]
rchar: 54308596093
wchar: 14934637189
syscr: 6554939
syscw: 524832
read_bytes: 12015168000
write_bytes: 14936133632
cancelled_write_bytes: 0

[2020-01-22T16:23:35-08:00]
rchar: 55640216194
wchar: 15191606375
syscr: 6716404
syscw: 537340
read_bytes: 12300986880
write_bytes: 15193157632
cancelled_write_bytes: 0

[2020-01-22T16:23:38-08:00]
rchar: 56418275828
wchar: 15483072747
syscr: 6810642
syscw: 544993
read_bytes: 12454820352
write_bytes: 15484841984
cancelled_write_bytes: 0

[2020-01-22T16:23:41-08:00]
rchar: 58337702306
wchar: 15851754485
syscr: 7043345
syscw: 558151
read_bytes: 12728453632
write_bytes: 15853371392
cancelled_write_bytes: 0

[2020-01-22T16:23:44-08:00]
rchar: 60096355355
wchar: 16050922638
syscr: 7256582
syscw: 570265
read_bytes: 12970043904
write_bytes: 16052559872
cancelled_write_bytes: 0

[2020-01-22T16:23:47-08:00]
rchar: 61431361194
wchar: 16486190979
syscr: 7418366
syscw: 579381
read_bytes: 13089192448
write_bytes: 16487862272
cancelled_write_bytes: 0

[2020-01-22T16:23:50-08:00]
rchar: 63028667860
wchar: 16901613805
syscr: 7612042
syscw: 590015
read_bytes: 13227129344
write_bytes: 16903303168
cancelled_write_bytes: 0

[2020-01-22T16:23:53-08:00]
rchar: 64922684670
wchar: 17439642266
syscr: 7841216
syscw: 602106
read_bytes: 13393672704
write_bytes: 17441366016
cancelled_write_bytes: 0

[2020-01-22T16:23:56-08:00]
rchar: 65479339293
wchar: 17849424795
syscr: 7908608
syscw: 608942
read_bytes: 13484988928
write_bytes: 17851195392
cancelled_write_bytes: 0

[2020-01-22T16:23:59-08:00]
rchar: 67004670330
wchar: 18305405939
syscr: 8093543
syscw: 622841
read_bytes: 13697804800
write_bytes: 18307223552
cancelled_write_bytes: 0

[2020-01-22T16:24:02-08:00]
rchar: 68298583102
wchar: 18684116304
syscr: 8250402
syscw: 635415
read_bytes: 13885831680
write_bytes: 18685980672
cancelled_write_bytes: 0

[2020-01-22T16:24:05-08:00]
rchar: 68887730535
wchar: 19053874625
syscr: 8321827
syscw: 642003
read_bytes: 13964327424
write_bytes: 19055767552
cancelled_write_bytes: 0

[2020-01-22T16:24:08-08:00]
rchar: 70464286695
wchar: 19340375954
syscr: 8512889
syscw: 654310
read_bytes: 14249732608
write_bytes: 19342299136
cancelled_write_bytes: 0

[2020-01-22T16:24:11-08:00]
rchar: 72181294691
wchar: 19760805120
syscr: 8721057
syscw: 667853
read_bytes: 14473341440
write_bytes: 19762782208
cancelled_write_bytes: 0

[2020-01-22T16:24:14-08:00]
rchar: 72727328455
wchar: 20110917600
syscr: 8787237
syscw: 672788
read_bytes: 14532188672
write_bytes: 20112936960
cancelled_write_bytes: 0

[2020-01-22T16:24:17-08:00]
rchar: 74103757353
wchar: 20398622871
syscr: 8954019
syscw: 683242
read_bytes: 14668630528
write_bytes: 20400685056
cancelled_write_bytes: 0

[2020-01-22T16:24:20-08:00]
rchar: 76041852561
wchar: 20852282406
syscr: 9188982
syscw: 696529
read_bytes: 14861027840
write_bytes: 20854394880
cancelled_write_bytes: 0

[2020-01-22T16:24:23-08:00]
rchar: 77247128677
wchar: 21198006272
syscr: 9335125
syscw: 706098
read_bytes: 15041706496
write_bytes: 21200502784
cancelled_write_bytes: 0

[2020-01-22T16:24:26-08:00]
rchar: 79576894797
wchar: 21469666150
syscr: 9617525
syscw: 720194
read_bytes: 15358491136
write_bytes: 21471825920
cancelled_write_bytes: 0

[2020-01-22T16:24:29-08:00]
rchar: 81565323794
wchar: 21873390555
syscr: 9858564
syscw: 732631
read_bytes: 15556762112
write_bytes: 21875576832
cancelled_write_bytes: 0

[2020-01-22T16:24:32-08:00]
rchar: 82288675724
wchar: 22186548573
syscr: 9946274
syscw: 737971
read_bytes: 15611767296
write_bytes: 22189568000
cancelled_write_bytes: 0

[2020-01-22T16:24:35-08:00]
rchar: 84179418293
wchar: 22726049889
syscr: 10175442
syscw: 749128
read_bytes: 15738485248
write_bytes: 22728290304
cancelled_write_bytes: 0

[2020-01-22T16:24:38-08:00]
rchar: 85893338172
wchar: 23183753569
syscr: 10382759
syscw: 759013
read_bytes: 15855049216
write_bytes: 23186030592
cancelled_write_bytes: 0

[2020-01-22T16:24:41-08:00]
rchar: 87118526986
wchar: 23552872633
syscr: 10531282
syscw: 770746
read_bytes: 16008391168
write_bytes: 23555190784
cancelled_write_bytes: 0

[2020-01-22T16:24:44-08:00]
rchar: 87893608177
wchar: 23952483313
syscr: 10625156
syscw: 778275
read_bytes: 16098089472
write_bytes: 23954862080
cancelled_write_bytes: 0

[2020-01-22T16:24:47-08:00]
rchar: 89732284730
wchar: 24408321659
syscr: 10848061
syscw: 792242
read_bytes: 16284953088
write_bytes: 24410759168
cancelled_write_bytes: 0

[2020-01-22T16:24:50-08:00]
rchar: 91394275258
wchar: 24738483427
syscr: 11049566
syscw: 804891
read_bytes: 16516790784
write_bytes: 24740950016
cancelled_write_bytes: 0

[2020-01-22T16:24:53-08:00]
rchar: 91778489176
wchar: 24961346236
syscr: 11096069
syscw: 809400
read_bytes: 16575048192
write_bytes: 24963821568
cancelled_write_bytes: 0

[2020-01-22T16:24:56-08:00]
rchar: 93776503401
wchar: 25367088280
syscr: 11338314
syscw: 822261
read_bytes: 16776559104
write_bytes: 25369616384
cancelled_write_bytes: 0

[2020-01-22T16:24:59-08:00]
rchar: 95832062857
wchar: 25852129404
syscr: 11587502
syscw: 836202
read_bytes: 16953387520
write_bytes: 25854705664
cancelled_write_bytes: 0

[2020-01-22T16:25:02-08:00]
rchar: 96406545124
wchar: 26207096456
syscr: 11657166
syscw: 840844
read_bytes: 16997124608
write_bytes: 26209693696
cancelled_write_bytes: 0

[2020-01-22T16:25:05-08:00]
rchar: 98324817488
wchar: 26427068577
syscr: 11889625
syscw: 852710
read_bytes: 17223006720
write_bytes: 26429693952
cancelled_write_bytes: 0

[2020-01-22T16:25:08-08:00]
rchar: 100546809694
wchar: 26888119577
syscr: 12159008
syscw: 866395
read_bytes: 17409870336
write_bytes: 26890788864
cancelled_write_bytes: 0

[2020-01-22T16:25:11-08:00]
rchar: 101720652832
wchar: 27325947482
syscr: 12301341
syscw: 873716
read_bytes: 17485552128
write_bytes: 27329589248
cancelled_write_bytes: 0

[2020-01-22T16:25:14-08:00]
rchar: 102597973995
wchar: 27651694924
syscr: 12407635
syscw: 879148
read_bytes: 17538525696
write_bytes: 27654426624
cancelled_write_bytes: 0

[2020-01-22T16:25:17-08:00]
rchar: 104821852727
wchar: 28216463324
syscr: 12677278
syscw: 891465
read_bytes: 17670191616
write_bytes: 28219232256
cancelled_write_bytes: 0

[2020-01-22T16:25:20-08:00]
rchar: 106277012440
wchar: 28650742132
syscr: 12853170
syscw: 904527
read_bytes: 17825724928
write_bytes: 28653559808
cancelled_write_bytes: 0

[2020-01-22T16:25:23-08:00]
rchar: 107002767018
wchar: 28972246366
syscr: 12941150
syscw: 911866
read_bytes: 17898846720
write_bytes: 28975206400
cancelled_write_bytes: 0

[2020-01-22T16:25:26-08:00]
rchar: 108488475460
wchar: 29498367687
syscr: 13121196
syscw: 923384
read_bytes: 18032671232
write_bytes: 29501263872
cancelled_write_bytes: 0

[2020-01-22T16:25:29-08:00]
rchar: 110358896684
wchar: 29870953780
syscr: 13347931
syscw: 937180
read_bytes: 18263710208
write_bytes: 29873876992
cancelled_write_bytes: 0

[2020-01-22T16:25:32-08:00]
rchar: 110953263223
wchar: 29957552381
syscr: 13420002
syscw: 941837
read_bytes: 18354878976
write_bytes: 29960486912
cancelled_write_bytes: 0

[2020-01-22T16:25:35-08:00]
rchar: 112546847095
wchar: 30326814420
syscr: 13613121
syscw: 952981
read_bytes: 18552564224
write_bytes: 30329786368
cancelled_write_bytes: 0

[2020-01-22T16:25:39-08:00]
rchar: 114669348574
wchar: 30663185882
syscr: 13870458
syscw: 965810
read_bytes: 18790705664
write_bytes: 30666170368
cancelled_write_bytes: 0

[2020-01-22T16:25:42-08:00]
rchar: 115571411467
wchar: 31018055647
syscr: 13979822
syscw: 972046
read_bytes: 18857556480
write_bytes: 31021092864
cancelled_write_bytes: 0

[2020-01-22T16:25:45-08:00]
rchar: 116582219370
wchar: 31355520091
syscr: 14102277
syscw: 978768
read_bytes: 18918025728
write_bytes: 31358582784
cancelled_write_bytes: 0

[2020-01-22T16:25:48-08:00]
rchar: 118784581455
wchar: 31930829416
syscr: 14369315
syscw: 991995
read_bytes: 19052173824
write_bytes: 31933947904
cancelled_write_bytes: 0

[2020-01-22T16:25:51-08:00]
rchar: 121030039344
wchar: 32490623776
syscr: 14641579
syscw: 1005977
read_bytes: 19193416192
write_bytes: 32493772800
cancelled_write_bytes: 0

[2020-01-22T16:25:54-08:00]
rchar: 121779668215
wchar: 32973287829
syscr: 14731968
syscw: 1010284
read_bytes: 19225763328
write_bytes: 32976465920
cancelled_write_bytes: 0

[2020-01-22T16:25:57-08:00]
rchar: 122329655486
wchar: 33460917721
syscr: 14798666
syscw: 1014316
read_bytes: 19251625472
write_bytes: 33464139776
cancelled_write_bytes: 0

[2020-01-22T16:26:00-08:00]
rchar: 122991632756
wchar: 33827097157
syscr: 14878718
syscw: 1021065
read_bytes: 19309194752
write_bytes: 33830395904
cancelled_write_bytes: 0

[2020-01-22T16:26:03-08:00]
rchar: 124431423124
wchar: 34244406129
syscr: 15053271
syscw: 1034608
read_bytes: 19460832768
write_bytes: 34247761920
cancelled_write_bytes: 0

[2020-01-22T16:26:06-08:00]
rchar: 125764671102
wchar: 34644495019
syscr: 15214918
syscw: 1046952
read_bytes: 19602484736
write_bytes: 34647896064
cancelled_write_bytes: 0

[2020-01-22T16:26:09-08:00]
rchar: 126759610521
wchar: 35127881472
syscr: 15335452
syscw: 1056059
read_bytes: 19685965312
write_bytes: 35131326464
cancelled_write_bytes: 0

[2020-01-22T16:26:12-08:00]
rchar: 128119166794
wchar: 35485867533
syscr: 15500282
syscw: 1067583
read_bytes: 19803385344
write_bytes: 35489357824
cancelled_write_bytes: 0

[2020-01-22T16:26:15-08:00]
rchar: 129904127104
wchar: 35947018213
syscr: 15716656
syscw: 1081748
read_bytes: 19962633728
write_bytes: 35950559232
cancelled_write_bytes: 0

[2020-01-22T16:26:18-08:00]
rchar: 130105493431
wchar: 36191282185
syscr: 15741077
syscw: 1083778
read_bytes: 19974209024
write_bytes: 36194856960
cancelled_write_bytes: 0

[2020-01-22T16:26:21-08:00]
rchar: 131914743923
wchar: 36620216855
syscr: 15960341
syscw: 1096772
read_bytes: 20109434368
write_bytes: 36623855616
cancelled_write_bytes: 0

[2020-01-22T16:26:24-08:00]
rchar: 133938555460
wchar: 37066275126
syscr: 16205716
syscw: 1110827
read_bytes: 20263050752
write_bytes: 37069971456
cancelled_write_bytes: 0

[2020-01-22T16:26:27-08:00]
rchar: 134685385829
wchar: 37215262593
syscr: 16296238
syscw: 1116074
read_bytes: 20322188800
write_bytes: 37218979840
cancelled_write_bytes: 0

[2020-01-22T16:26:30-08:00]
rchar: 136003290324
wchar: 37650036940
syscr: 16455957
syscw: 1125508
read_bytes: 20411608576
write_bytes: 37653790720
cancelled_write_bytes: 0

[2020-01-22T16:26:33-08:00]
rchar: 138279077377
wchar: 38177595137
syscr: 16731867
syscw: 1140356
read_bytes: 20552707584
write_bytes: 38181388288
cancelled_write_bytes: 0

[2020-01-22T16:26:36-08:00]
rchar: 140161475953
wchar: 38665603304
syscr: 16960112
syscw: 1152565
read_bytes: 20666699264
write_bytes: 38669422592
cancelled_write_bytes: 0

[2020-01-22T16:26:39-08:00]
rchar: 140456747923
wchar: 38981974058
syscr: 16995917
syscw: 1154773
read_bytes: 20678569472
write_bytes: 38985805824
cancelled_write_bytes: 0

[2020-01-22T16:26:42-08:00]
rchar: 142292594462
wchar: 39400834041
syscr: 17217921
syscw: 1168010
read_bytes: 20819987968
write_bytes: 39404711936
cancelled_write_bytes: 0

[2020-01-22T16:26:45-08:00]
rchar: 143869639816
wchar: 39857677751
syscr: 17409111
syscw: 1182548
read_bytes: 20974460416
write_bytes: 39861612544
cancelled_write_bytes: 0

[2020-01-22T16:26:48-08:00]
rchar: 144369858393
wchar: 40136908570
syscr: 17469741
syscw: 1187500
read_bytes: 21017431552
write_bytes: 40140894208
cancelled_write_bytes: 0

[2020-01-22T16:26:51-08:00]
rchar: 145542101227
wchar: 40516896969
syscr: 17611775
syscw: 1197337
read_bytes: 21109956096
write_bytes: 40520929280
cancelled_write_bytes: 0

[2020-01-22T16:26:54-08:00]
rchar: 147465877856
wchar: 40975191313
syscr: 17845008
syscw: 1212239
read_bytes: 21266476544
write_bytes: 40979267584
cancelled_write_bytes: 0

[2020-01-22T16:26:57-08:00]
rchar: 148584905973
wchar: 41362670008
syscr: 17980656
syscw: 1221634
read_bytes: 21357067776
write_bytes: 41366794240
cancelled_write_bytes: 0

[2020-01-22T16:27:00-08:00]
rchar: 149299784893
wchar: 41647626546
syscr: 18067227
syscw: 1227310
read_bytes: 21403454976
write_bytes: 41651769344
cancelled_write_bytes: 0

[2020-01-22T16:27:03-08:00]
rchar: 151416547955
wchar: 42098106552
syscr: 18323862
syscw: 1241726
read_bytes: 21552250368
write_bytes: 42102296576
cancelled_write_bytes: 0

[2020-01-22T16:27:06-08:00]
rchar: 153120340670
wchar: 42466651119
syscr: 18530421
syscw: 1253836
read_bytes: 21671960064
write_bytes: 42470879232
cancelled_write_bytes: 0

[2020-01-22T16:27:09-08:00]
rchar: 153747109001
wchar: 42728531386
syscr: 18606334
syscw: 1259577
read_bytes: 21733232128
write_bytes: 42732777472
cancelled_write_bytes: 0

[2020-01-22T16:27:12-08:00]
rchar: 156382412387
wchar: 43025459362
syscr: 18925862
syscw: 1273852
read_bytes: 21991026176
write_bytes: 43029729280
cancelled_write_bytes: 0

[2020-01-22T16:27:15-08:00]
rchar: 158239218859
wchar: 43459504167
syscr: 19150966
syscw: 1285502
read_bytes: 22102425088
write_bytes: 43463806976
cancelled_write_bytes: 0

[2020-01-22T16:27:18-08:00]
rchar: 158610265496
wchar: 43780204208
syscr: 19195957
syscw: 1288441
read_bytes: 22118379008
write_bytes: 43784531968
cancelled_write_bytes: 0

[2020-01-22T16:27:21-08:00]
rchar: 161072023641
wchar: 44315130655
syscr: 19494356
syscw: 1302733
read_bytes: 22237888000
write_bytes: 44319506432
cancelled_write_bytes: 0

[2020-01-22T16:27:24-08:00]
rchar: 162859500223
wchar: 44744227356
syscr: 19710577
syscw: 1316009
read_bytes: 22357646848
write_bytes: 44748648448
cancelled_write_bytes: 0

[2020-01-22T16:27:27-08:00]
rchar: 163754469071
wchar: 45117413519
syscr: 19819081
syscw: 1325460
read_bytes: 22434614784
write_bytes: 45121863680
cancelled_write_bytes: 0

[2020-01-22T16:27:30-08:00]
rchar: 165105240562
wchar: 45581338241
syscr: 19982772
syscw: 1336902
read_bytes: 22529457664
write_bytes: 45585838080
cancelled_write_bytes: 0

[2020-01-22T16:27:33-08:00]
rchar: 166637642842
wchar: 45956223177
syscr: 20168555
syscw: 1349738
read_bytes: 22641638912
write_bytes: 45960765440
cancelled_write_bytes: 0

[2020-01-22T16:27:36-08:00]
rchar: 167872149857
wchar: 46341836186
syscr: 20318190
syscw: 1359334
read_bytes: 22729752064
write_bytes: 46346420224
cancelled_write_bytes: 0

[2020-01-22T16:27:39-08:00]
rchar: 168491868134
wchar: 46621590406
syscr: 20393250
syscw: 1364536
read_bytes: 22768926208
write_bytes: 46626197504
cancelled_write_bytes: 0

[2020-01-22T16:27:42-08:00]
rchar: 170660126129
wchar: 47139637408
syscr: 20656087
syscw: 1379713
read_bytes: 22901272064
write_bytes: 47144296448
cancelled_write_bytes: 0

[2020-01-22T16:27:45-08:00]
rchar: 172257641644
wchar: 47533585048
syscr: 20849786
syscw: 1391227
read_bytes: 22999600640
write_bytes: 47538294784
cancelled_write_bytes: 0

[2020-01-22T16:27:48-08:00]
rchar: 173170291892
wchar: 47968085377
syscr: 20960414
syscw: 1398919
read_bytes: 23053585920
write_bytes: 47972831232
cancelled_write_bytes: 0

[2020-01-22T16:27:51-08:00]
rchar: 175246869503
wchar: 48449725706
syscr: 21212080
syscw: 1411977
read_bytes: 23161392640
write_bytes: 48454529024
cancelled_write_bytes: 0

[2020-01-22T16:27:54-08:00]
rchar: 176830250087
wchar: 48854482186
syscr: 21404069
syscw: 1422594
read_bytes: 23239945728
write_bytes: 48859312128
cancelled_write_bytes: 0

[2020-01-22T16:27:57-08:00]
rchar: 178592009372
wchar: 49333047471
syscr: 21617684
syscw: 1434255
read_bytes: 23326985728
write_bytes: 49337905152
cancelled_write_bytes: 0

[2020-01-22T16:28:00-08:00]
rchar: 180001332804
wchar: 49887531786
syscr: 21787943
syscw: 1443541
read_bytes: 23392079360
write_bytes: 49892458496
cancelled_write_bytes: 0

[2020-01-22T16:28:03-08:00]
rchar: 180800480396
wchar: 50394246691
syscr: 21884829
syscw: 1448959
read_bytes: 23423012352
write_bytes: 50399207424
cancelled_write_bytes: 0

[2020-01-22T16:28:06-08:00]
rchar: 182186881553
wchar: 50865458968
syscr: 22052842
syscw: 1461081
read_bytes: 23526649344
write_bytes: 50870484992
cancelled_write_bytes: 0

[2020-01-22T16:28:09-08:00]
rchar: 183257391465
wchar: 51167114629
syscr: 22182636
syscw: 1471679
read_bytes: 23617297920
write_bytes: 51172163584
cancelled_write_bytes: 0

[2020-01-22T16:28:12-08:00]
rchar: 184117510361
wchar: 51593539031
syscr: 22286800
syscw: 1480235
read_bytes: 23677455872
write_bytes: 51599564800
cancelled_write_bytes: 0

[2020-01-22T16:28:15-08:00]
rchar: 185861167868
wchar: 51976934313
syscr: 22498208
syscw: 1494481
read_bytes: 23802355200
write_bytes: 51982069760
cancelled_write_bytes: 0

[2020-01-22T16:28:18-08:00]
rchar: 187330565923
wchar: 52338878874
syscr: 22676359
syscw: 1506788
read_bytes: 23903473152
write_bytes: 52344049664
cancelled_write_bytes: 0

[2020-01-22T16:28:21-08:00]
rchar: 188703493751
wchar: 52819745043
syscr: 22842694
syscw: 1517250
read_bytes: 23985118720
write_bytes: 52824981504
cancelled_write_bytes: 0

[2020-01-22T16:28:24-08:00]
rchar: 190366906444
wchar: 53181203878
syscr: 23044356
syscw: 1529873
read_bytes: 24081804800
write_bytes: 53186473984
cancelled_write_bytes: 0

[2020-01-22T16:28:27-08:00]
rchar: 192157112521
wchar: 53539748514
syscr: 23261384
syscw: 1542030
read_bytes: 24189029888
write_bytes: 53545058304
cancelled_write_bytes: 0

[2020-01-22T16:28:30-08:00]
rchar: 193602645247
wchar: 54077713355
syscr: 23436542
syscw: 1551207
read_bytes: 24257805824
write_bytes: 54083072000
cancelled_write_bytes: 0

[2020-01-22T16:28:33-08:00]
rchar: 195099703566
wchar: 54458868224
syscr: 23618061
syscw: 1561481
read_bytes: 24325897728
write_bytes: 54464253952
cancelled_write_bytes: 0

[2020-01-22T16:28:36-08:00]
rchar: 197551670056
wchar: 54999667472
syscr: 23915359
syscw: 1576793
read_bytes: 24444866048
write_bytes: 55005077504
cancelled_write_bytes: 0

[2020-01-22T16:28:39-08:00]
rchar: 198411745845
wchar: 55376723554
syscr: 24019646
syscw: 1582825
read_bytes: 24485047808
write_bytes: 55382147072
cancelled_write_bytes: 0

[2020-01-22T16:28:42-08:00]
rchar: 199802651634
wchar: 55705380458
syscr: 24187696
syscw: 1592236
read_bytes: 24555941376
write_bytes: 55710846976
cancelled_write_bytes: 0

[2020-01-22T16:28:45-08:00]
rchar: 201599257637
wchar: 56182142465
syscr: 24405510
syscw: 1608288
read_bytes: 24695041536
write_bytes: 56187658240
cancelled_write_bytes: 0

[2020-01-22T16:28:48-08:00]
rchar: 202302505096
wchar: 56478253540
syscr: 24490760
syscw: 1615484
read_bytes: 24746802688
write_bytes: 56484306944
cancelled_write_bytes: 0

[2020-01-22T16:28:51-08:00]
rchar: 203485614972
wchar: 56882407936
syscr: 24634108
syscw: 1625315
read_bytes: 24820690432
write_bytes: 56888004608
cancelled_write_bytes: 0

[2020-01-22T16:28:54-08:00]
rchar: 205504507759
wchar: 57394384682
syscr: 24878885
syscw: 1640932
read_bytes: 24947330560
write_bytes: 57400037376
cancelled_write_bytes: 0

[2020-01-22T16:28:57-08:00]
rchar: 206500458471
wchar: 57693713635
syscr: 24999617
syscw: 1648632
read_bytes: 25006874112
write_bytes: 57699389440
cancelled_write_bytes: 0

[2020-01-22T16:29:00-08:00]
rchar: 207502217335
wchar: 58077644570
syscr: 25120966
syscw: 1657087
read_bytes: 25064013312
write_bytes: 58083364864
cancelled_write_bytes: 0

[2020-01-22T16:29:03-08:00]
rchar: 209854034972
wchar: 58516815134
syscr: 25406088
syscw: 1672736
read_bytes: 25196547584
write_bytes: 58522574848
cancelled_write_bytes: 0

[2020-01-22T16:29:06-08:00]
rchar: 211210712481
wchar: 58879943169
syscr: 25570594
syscw: 1682441
read_bytes: 25271168512
write_bytes: 58885730304
cancelled_write_bytes: 0

[2020-01-22T16:29:09-08:00]
rchar: 212232702712
wchar: 59181849955
syscr: 25694399
syscw: 1689460
read_bytes: 25320271360
write_bytes: 59187666944
cancelled_write_bytes: 0

[2020-01-22T16:29:12-08:00]
rchar: 214704264382
wchar: 59729801395
syscr: 25994036
syscw: 1704500
read_bytes: 25430793728
write_bytes: 59735666688
cancelled_write_bytes: 0

[2020-01-22T16:29:15-08:00]
rchar: 216340766911
wchar: 60132111198
syscr: 26192464
syscw: 1715629
read_bytes: 25501564416
write_bytes: 60139020288
cancelled_write_bytes: 0

[2020-01-22T16:29:18-08:00]
rchar: 217453454814
wchar: 60605675298
syscr: 26327300
syscw: 1724050
read_bytes: 25549192704
write_bytes: 60611588096
cancelled_write_bytes: 0

[2020-01-22T16:29:21-08:00]
rchar: 218968087628
wchar: 60988220749
syscr: 26510950
syscw: 1733274
read_bytes: 25603988992
write_bytes: 60994174976
cancelled_write_bytes: 0

[2020-01-22T16:29:24-08:00]
rchar: 220857955033
wchar: 61456788589
syscr: 26739527
syscw: 1748933
read_bytes: 25732922880
write_bytes: 61462798336
cancelled_write_bytes: 0

[2020-01-22T16:29:27-08:00]
rchar: 221779263639
wchar: 61888923642
syscr: 26851212
syscw: 1758320
read_bytes: 25797225984
write_bytes: 61894975488
cancelled_write_bytes: 0

[2020-01-22T16:29:30-08:00]
rchar: 222770123941
wchar: 62182324061
syscr: 26971258
syscw: 1766636
read_bytes: 25852304896
write_bytes: 62188408832
cancelled_write_bytes: 0

[2020-01-22T16:29:33-08:00]
rchar: 224908193511
wchar: 62689515010
syscr: 27230480
syscw: 1782877
read_bytes: 25978478080
write_bytes: 62695641088
cancelled_write_bytes: 0

[2020-01-22T16:29:36-08:00]
rchar: 225744114837
wchar: 62841820899
syscr: 27331801
syscw: 1789566
read_bytes: 26046631424
write_bytes: 62847967232
cancelled_write_bytes: 0

[2020-01-22T16:29:39-08:00]
rchar: 227428833526
wchar: 63210137113
syscr: 27535992
syscw: 1801283
read_bytes: 26182401536
write_bytes: 63216300032
cancelled_write_bytes: 0

[2020-01-22T16:29:42-08:00]
rchar: 229777440525
wchar: 63499856993
syscr: 27820763
syscw: 1814625
read_bytes: 26362457600
write_bytes: 63506042880
cancelled_write_bytes: 0

[2020-01-22T16:29:45-08:00]
rchar: 230792941368
wchar: 63917497397
syscr: 27943750
syscw: 1822835
read_bytes: 26407108096
write_bytes: 63923810304
cancelled_write_bytes: 0

[2020-01-22T16:29:48-08:00]
rchar: 232694077379
wchar: 64326532465
syscr: 28174217
syscw: 1835089
read_bytes: 26483498496
write_bytes: 64332795904
cancelled_write_bytes: 0

[2020-01-22T16:29:51-08:00]
rchar: 235160994532
wchar: 64965962574
syscr: 28473334
syscw: 1850385
read_bytes: 26578734592
write_bytes: 64972279808
cancelled_write_bytes: 0

[2020-01-22T16:29:54-08:00]
rchar: 236133657327
wchar: 65241729244
syscr: 28591275
syscw: 1856683
read_bytes: 26615205376
write_bytes: 65248071680
cancelled_write_bytes: 0

[2020-01-22T16:29:57-08:00]
rchar: 237614890563
wchar: 65774311838
syscr: 28770792
syscw: 1866255
read_bytes: 26667798016
write_bytes: 65780682752
cancelled_write_bytes: 0

[2020-01-22T16:30:00-08:00]
rchar: 239162114697
wchar: 66364266516
syscr: 28957810
syscw: 1876233
read_bytes: 26727185920
write_bytes: 66370707456
cancelled_write_bytes: 0

[2020-01-22T16:30:03-08:00]
rchar: 240392772615
wchar: 67128252897
syscr: 29107042
syscw: 1885804
read_bytes: 26785349120
write_bytes: 67134705664
cancelled_write_bytes: 0

[2020-01-22T16:30:06-08:00]
rchar: 240975170219
wchar: 67480188453
syscr: 29177666
syscw: 1890507
read_bytes: 26820333056
write_bytes: 67486720000
cancelled_write_bytes: 0

[2020-01-22T16:30:09-08:00]
rchar: 242039587193
wchar: 68121557064
syscr: 29306631
syscw: 1898929
read_bytes: 26894192128
write_bytes: 68128165888
cancelled_write_bytes: 0

[2020-01-22T16:30:12-08:00]
rchar: 242763029152
wchar: 68469115136
syscr: 29394284
syscw: 1906880
read_bytes: 26986089984
write_bytes: 68475756544
cancelled_write_bytes: 0

[2020-01-22T16:30:15-08:00]
rchar: 243263335553
wchar: 68830169663
syscr: 29454919
syscw: 1913169
read_bytes: 27060642304
write_bytes: 68836839424
cancelled_write_bytes: 0

[2020-01-22T16:30:18-08:00]
rchar: 244111917467
wchar: 69120348069
syscr: 29557690
syscw: 1920682
read_bytes: 27168567808
write_bytes: 69127094272
cancelled_write_bytes: 0

[2020-01-22T16:30:21-08:00]
rchar: 245993843352
wchar: 69532993443
syscr: 29785777
syscw: 1934486
read_bytes: 27357114880
write_bytes: 69539803136
cancelled_write_bytes: 0

[2020-01-22T16:30:24-08:00]
rchar: 247148546684
wchar: 69853991916
syscr: 29925780
syscw: 1943422
read_bytes: 27416572416
write_bytes: 69860831232
cancelled_write_bytes: 0

[2020-01-22T16:30:27-08:00]
rchar: 248165511010
wchar: 70228916990
syscr: 30048989
syscw: 1951527
read_bytes: 27464040960
write_bytes: 70235795456
cancelled_write_bytes: 0

[2020-01-22T16:30:30-08:00]
rchar: 250704765435
wchar: 70681145490
syscr: 30356828
syscw: 1968170
read_bytes: 27586245120
write_bytes: 70688067584
cancelled_write_bytes: 0

[2020-01-22T16:30:33-08:00]
rchar: 251757110219
wchar: 70874631699
syscr: 30484429
syscw: 1975029
read_bytes: 27636253184
write_bytes: 70881570816
cancelled_write_bytes: 0

[2020-01-22T16:30:36-08:00]
rchar: 253284393188
wchar: 71307899713
syscr: 30669505
syscw: 1985979
read_bytes: 27701096960
write_bytes: 71314882560
cancelled_write_bytes: 0

[2020-01-22T16:30:39-08:00]
rchar: 255713977798
wchar: 71807550510
syscr: 30964067
syscw: 2000856
read_bytes: 27794866688
write_bytes: 71814578176
cancelled_write_bytes: 0

[2020-01-22T16:30:42-08:00]
rchar: 257199217575
wchar: 72149302799
syscr: 31144154
syscw: 2010889
read_bytes: 27851031040
write_bytes: 72156348416
cancelled_write_bytes: 0

[2020-01-22T16:30:45-08:00]
rchar: 257687103117
wchar: 72476462431
syscr: 31203229
syscw: 2014969
read_bytes: 27866817024
write_bytes: 72483520512
cancelled_write_bytes: 0

[2020-01-22T16:30:48-08:00]
rchar: 260142184606
wchar: 73000463179
syscr: 31500432
syscw: 2029969
read_bytes: 27959345664
write_bytes: 73007575040
cancelled_write_bytes: 0

[2020-01-22T16:30:51-08:00]
rchar: 261876028966
wchar: 73451482533
syscr: 31710629
syscw: 2045714
read_bytes: 28060033536
write_bytes: 73458638848
cancelled_write_bytes: 0

[2020-01-22T16:30:54-08:00]
rchar: 262418246283
wchar: 73786886961
syscr: 31776381
syscw: 2052017
read_bytes: 28090401280
write_bytes: 73794068480
cancelled_write_bytes: 0

[2020-01-22T16:30:57-08:00]
rchar: 264537755182
wchar: 74258860866
syscr: 32033246
syscw: 2068056
read_bytes: 28190892544
write_bytes: 74266107904
cancelled_write_bytes: 0

[2020-01-22T16:31:00-08:00]
rchar: 266119723916
wchar: 74623509664
syscr: 32225024
syscw: 2081457
read_bytes: 28267647488
write_bytes: 74630799360
cancelled_write_bytes: 0

[2020-01-22T16:31:03-08:00]
rchar: 267111109401
wchar: 75051723969
syscr: 32345125
syscw: 2090254
read_bytes: 28310626816
write_bytes: 75059052544
cancelled_write_bytes: 0

[2020-01-22T16:31:06-08:00]
rchar: 269139045984
wchar: 75457171488
syscr: 32590970
syscw: 2104773
read_bytes: 28393656832
write_bytes: 75464544256
cancelled_write_bytes: 0

[2020-01-22T16:31:09-08:00]
rchar: 271307622296
wchar: 75927490022
syscr: 32853887
syscw: 2118713
read_bytes: 28482208256
write_bytes: 75934900224
cancelled_write_bytes: 0

[2020-01-22T16:31:12-08:00]
rchar: 271806933538
wchar: 76189328965
syscr: 32914432
syscw: 2123637
read_bytes: 28504109568
write_bytes: 76196749312
cancelled_write_bytes: 0

[2020-01-22T16:31:15-08:00]
rchar: 274311332556
wchar: 76722096222
syscr: 33217973
syscw: 2138478
read_bytes: 28590891520
write_bytes: 76729565184
cancelled_write_bytes: 0

[2020-01-22T16:31:18-08:00]
rchar: 276116042067
wchar: 77170850411
syscr: 33436795
syscw: 2149920
read_bytes: 28650091008
write_bytes: 77179064320
cancelled_write_bytes: 0

[2020-01-22T16:31:21-08:00]
rchar: 277550515418
wchar: 77640329042
syscr: 33610730
syscw: 2159148
read_bytes: 28695101952
write_bytes: 77647855616
cancelled_write_bytes: 0

[2020-01-22T16:31:24-08:00]
rchar: 278953670950
wchar: 78052941526
syscr: 33780781
syscw: 2168449
read_bytes: 28736979456
write_bytes: 78060507136
cancelled_write_bytes: 0

[2020-01-22T16:31:27-08:00]
rchar: 280598778722
wchar: 78835218664
syscr: 33979642
syscw: 2179619
read_bytes: 28798718464
write_bytes: 78843654144
cancelled_write_bytes: 0

[2020-01-22T16:31:30-08:00]
rchar: 281462711028
wchar: 79326033531
syscr: 34084395
syscw: 2187489
read_bytes: 28851642880
write_bytes: 79333691392
cancelled_write_bytes: 0

[2020-01-22T16:31:33-08:00]
rchar: 282509413068
wchar: 79952201531
syscr: 34211326
syscw: 2195817
read_bytes: 28913230336
write_bytes: 79959916544
cancelled_write_bytes: 0

[2020-01-22T16:31:36-08:00]
rchar: 283166862850
wchar: 80329402913
syscr: 34290949
syscw: 2202083
read_bytes: 28959207936
write_bytes: 80337215488
cancelled_write_bytes: 0

[2020-01-22T16:31:39-08:00]
rchar: 284047158916
wchar: 80864847781
syscr: 34397673
syscw: 2209572
read_bytes: 29013623296
write_bytes: 80872685568
cancelled_write_bytes: 0

[2020-01-22T16:31:42-08:00]
rchar: 284568261811
wchar: 81192845143
syscr: 34460816
syscw: 2214802
read_bytes: 29047181824
write_bytes: 81200721920
cancelled_write_bytes: 0

[2020-01-22T16:31:45-08:00]
rchar: 285357864912
wchar: 81727970961
syscr: 34556572
syscw: 2222037
read_bytes: 29096100352
write_bytes: 81735897088
cancelled_write_bytes: 0

[2020-01-22T16:31:48-08:00]
rchar: 286213148732
wchar: 82280066827
syscr: 34660198
syscw: 2229750
read_bytes: 29148107264
write_bytes: 82288021504
cancelled_write_bytes: 0

[2020-01-22T16:31:51-08:00]
rchar: 286891120847
wchar: 82629015035
syscr: 34742381
syscw: 2235577
read_bytes: 29185839616
write_bytes: 82637049856
cancelled_write_bytes: 0

[2020-01-22T16:31:54-08:00]
rchar: 288133948480
wchar: 83322696104
syscr: 34893098
syscw: 2244912
read_bytes: 29253870080
write_bytes: 83330797568
cancelled_write_bytes: 0

[2020-01-22T16:31:57-08:00]
rchar: 288882930494
wchar: 83718499396
syscr: 34983897
syscw: 2251374
read_bytes: 29297091072
write_bytes: 83726651392
cancelled_write_bytes: 0

[2020-01-22T16:32:00-08:00]
rchar: 289754926249
wchar: 84193783634
syscr: 35089561
syscw: 2258402
read_bytes: 29343486464
write_bytes: 84201975808
cancelled_write_bytes: 0

[2020-01-22T16:32:03-08:00]
rchar: 290693244888
wchar: 84701312374
syscr: 35203276
syscw: 2265907
read_bytes: 29397090816
write_bytes: 84709593088
cancelled_write_bytes: 0

[2020-01-22T16:32:07-08:00]
rchar: 291066490423
wchar: 84890982759
syscr: 35248500
syscw: 2269720
read_bytes: 29422096896
write_bytes: 84899278848
cancelled_write_bytes: 0

[2020-01-22T16:32:10-08:00]
rchar: 291748465993
wchar: 85329769783
syscr: 35331092
syscw: 2276190
read_bytes: 29467701760
write_bytes: 85338128384
cancelled_write_bytes: 0

[2020-01-22T16:32:13-08:00]
rchar: 292814176906
wchar: 85910519995
syscr: 35460191
syscw: 2284607
read_bytes: 29531247104
write_bytes: 85918920704
cancelled_write_bytes: 0

[2020-01-22T16:32:16-08:00]
rchar: 293971117714
wchar: 86343126538
syscr: 35600295
syscw: 2294312
read_bytes: 29635928576
write_bytes: 86351613952
cancelled_write_bytes: 0

[2020-01-22T16:32:19-08:00]
rchar: 295518832027
wchar: 86784225718
syscr: 35787968
syscw: 2306725
read_bytes: 29809660416
write_bytes: 86793003008
cancelled_write_bytes: 0

[2020-01-22T16:32:22-08:00]
rchar: 296545540391
wchar: 87082238281
syscr: 35912407
syscw: 2315427
read_bytes: 29920567808
write_bytes: 87090810880
cancelled_write_bytes: 0

[2020-01-22T16:32:25-08:00]
rchar: 297633967892
wchar: 87475642716
syscr: 36044241
syscw: 2324989
read_bytes: 30009201152
write_bytes: 87484280832
cancelled_write_bytes: 0

[2020-01-22T16:32:28-08:00]
rchar: 299911751412
wchar: 87843528054
syscr: 36320356
syscw: 2338832
read_bytes: 30178927104
write_bytes: 87852216320
cancelled_write_bytes: 0

[2020-01-22T16:32:31-08:00]
rchar: 301495596805
wchar: 88033426113
syscr: 36512306
syscw: 2349526
read_bytes: 30261285376
write_bytes: 88042139648
cancelled_write_bytes: 0

[2020-01-22T16:32:34-08:00]
rchar: 303262194667
wchar: 88582462485
syscr: 36726420
syscw: 2361850
read_bytes: 30313230848
write_bytes: 88591204352
cancelled_write_bytes: 0

[2020-01-22T16:32:37-08:00]
rchar: 305693076993
wchar: 89096074475
syscr: 37021163
syscw: 2376338
read_bytes: 30381736448
write_bytes: 89104850944
cancelled_write_bytes: 0

[2020-01-22T16:32:40-08:00]
rchar: 307441601556
wchar: 89493979351
syscr: 37233169
syscw: 2386775
read_bytes: 30431478272
write_bytes: 89502777344
cancelled_write_bytes: 0

[2020-01-22T16:32:43-08:00]
rchar: 308383150923
wchar: 89879514018
syscr: 37346758
syscw: 2396016
read_bytes: 30472761856
write_bytes: 89888358400
cancelled_write_bytes: 0

[2020-01-22T16:32:46-08:00]
rchar: 310190323460
wchar: 90302283472
syscr: 37565859
syscw: 2410936
read_bytes: 30547743232
write_bytes: 90311159808
cancelled_write_bytes: 0

[2020-01-22T16:32:49-08:00]
rchar: 311568997641
wchar: 90635528663
syscr: 37733005
syscw: 2422475
read_bytes: 30605017600
write_bytes: 90644451328
cancelled_write_bytes: 0

[2020-01-22T16:32:52-08:00]
rchar: 313014477866
wchar: 91129013176
syscr: 37908152
syscw: 2435599
read_bytes: 30658736640
write_bytes: 91137990656
cancelled_write_bytes: 0

[2020-01-22T16:32:55-08:00]
rchar: 315355575489
wchar: 91586780647
syscr: 38191975
syscw: 2451205
read_bytes: 30743826944
write_bytes: 91595804672
cancelled_write_bytes: 0

[2020-01-22T16:32:58-08:00]
rchar: 316264999669
wchar: 91796668690
syscr: 38302223
syscw: 2457837
read_bytes: 30774854144
write_bytes: 91805724672
cancelled_write_bytes: 0

[2020-01-22T16:33:01-08:00]
rchar: 318012426211
wchar: 92328647692
syscr: 38513993
syscw: 2470377
read_bytes: 30828925440
write_bytes: 92337745920
cancelled_write_bytes: 0

[2020-01-22T16:33:04-08:00]
rchar: 319931406658
wchar: 92743713746
syscr: 38746674
syscw: 2483641
read_bytes: 30885036544
write_bytes: 92752838656
cancelled_write_bytes: 0

[2020-01-22T16:33:07-08:00]
rchar: 321964382367
wchar: 93241530913
syscr: 38993175
syscw: 2496612
read_bytes: 30942511616
write_bytes: 93250682880
cancelled_write_bytes: 0

[2020-01-22T16:33:10-08:00]
rchar: 322947845599
wchar: 93636507275
syscr: 39112337
syscw: 2504232
read_bytes: 30969524736
write_bytes: 93645697024
cancelled_write_bytes: 0

[2020-01-22T16:33:13-08:00]
rchar: 325057806072
wchar: 94336033671
syscr: 39367614
syscw: 2516982
read_bytes: 31052784128
write_bytes: 94345297920
cancelled_write_bytes: 0

[2020-01-22T16:33:16-08:00]
rchar: 325930046802
wchar: 94830009851
syscr: 39473382
syscw: 2524836
read_bytes: 31108309504
write_bytes: 94839259136
cancelled_write_bytes: 0

[2020-01-22T16:33:19-08:00]
rchar: 326716937796
wchar: 95237314208
syscr: 39568782
syscw: 2532580
read_bytes: 31170875904
write_bytes: 95246639104
cancelled_write_bytes: 0

[2020-01-22T16:33:22-08:00]
rchar: 327859943108
wchar: 95859162815
syscr: 39707386
syscw: 2542614
read_bytes: 31261159936
write_bytes: 95868506112
cancelled_write_bytes: 0

[2020-01-22T16:33:25-08:00]
rchar: 328259583848
wchar: 96045592513
syscr: 39755778
syscw: 2547814
read_bytes: 31297864192
write_bytes: 96055001088
cancelled_write_bytes: 0

[2020-01-22T16:33:28-08:00]
rchar: 329006675732
wchar: 96473070262
syscr: 39846357
syscw: 2555965
read_bytes: 31362667008
write_bytes: 96482643968
cancelled_write_bytes: 0

[2020-01-22T16:33:31-08:00]
rchar: 329907443545
wchar: 96998504964
syscr: 39955505
syscw: 2565207
read_bytes: 31440843264
write_bytes: 97007980544
cancelled_write_bytes: 0

[2020-01-22T16:33:34-08:00]
rchar: 331132192471
wchar: 97588402882
syscr: 40104029
syscw: 2574734
read_bytes: 31531303424
write_bytes: 97597923328
cancelled_write_bytes: 0

[2020-01-22T16:33:37-08:00]
rchar: 331836318510
wchar: 97888197584
syscr: 40189359
syscw: 2581635
read_bytes: 31582851584
write_bytes: 97897836544
cancelled_write_bytes: 0

[2020-01-22T16:33:40-08:00]
rchar: 332784610313
wchar: 98320028351
syscr: 40304349
syscw: 2590276
read_bytes: 31649837568
write_bytes: 98329677824
cancelled_write_bytes: 0

[2020-01-22T16:33:43-08:00]
rchar: 333726366006
wchar: 98780244575
syscr: 40418558
syscw: 2597775
read_bytes: 31719784960
write_bytes: 98789933056
cancelled_write_bytes: 0

[2020-01-22T16:33:46-08:00]
rchar: 334445511611
wchar: 99160407202
syscr: 40505731
syscw: 2604262
read_bytes: 31769960960
write_bytes: 99171053568
cancelled_write_bytes: 0

[2020-01-22T16:33:49-08:00]
rchar: 335338430086
wchar: 99620029843
syscr: 40613969
syscw: 2613023
read_bytes: 31831806464
write_bytes: 99629768704
cancelled_write_bytes: 0

[2020-01-22T16:33:52-08:00]
rchar: 336180752230
wchar: 100034931883
syscr: 40715996
syscw: 2620798
read_bytes: 31891558912
write_bytes: 100044713984
cancelled_write_bytes: 0

[2020-01-22T16:33:55-08:00]
rchar: 337237789043
wchar: 100475275561
syscr: 40844095
syscw: 2628979
read_bytes: 31958561280
write_bytes: 100485111808
cancelled_write_bytes: 0

[2020-01-22T16:33:58-08:00]
rchar: 338533042732
wchar: 101051504206
syscr: 41001097
syscw: 2638582
read_bytes: 32043696640
write_bytes: 101061410816
cancelled_write_bytes: 0

[2020-01-22T16:34:01-08:00]
rchar: 339457656080
wchar: 101451120500
syscr: 41113219
syscw: 2646182
read_bytes: 32095269376
write_bytes: 101461094400
cancelled_write_bytes: 0

[2020-01-22T16:34:04-08:00]
rchar: 340296123743
wchar: 101791238741
syscr: 41214880
syscw: 2653239
read_bytes: 32148152832
write_bytes: 101801267200
cancelled_write_bytes: 0

[2020-01-22T16:34:07-08:00]
rchar: 341238903395
wchar: 102262816383
syscr: 41329164
syscw: 2661320
read_bytes: 32207843840
write_bytes: 102272905216
cancelled_write_bytes: 0

[2020-01-22T16:34:10-08:00]
rchar: 342126546446
wchar: 102676484013
syscr: 41436653
syscw: 2669083
read_bytes: 32268014080
write_bytes: 102686605312
cancelled_write_bytes: 0

[2020-01-22T16:34:13-08:00]
rchar: 343616110220
wchar: 103259748420
syscr: 41617203
syscw: 2679340
read_bytes: 32367411712
write_bytes: 103269924864
cancelled_write_bytes: 0

[2020-01-22T16:34:16-08:00]
rchar: 344833265309
wchar: 103615458252
syscr: 41764711
syscw: 2689296
read_bytes: 32468410880
write_bytes: 103625674752
cancelled_write_bytes: 0

[2020-01-22T16:34:19-08:00]
rchar: 346500275900
wchar: 104140169656
syscr: 41966858
syscw: 2700347
read_bytes: 32644588032
write_bytes: 104150462464
cancelled_write_bytes: 0

[2020-01-22T16:34:22-08:00]
rchar: 347024849716
wchar: 104373285757
syscr: 42030464
syscw: 2705533
read_bytes: 32685642240
write_bytes: 104383574016
cancelled_write_bytes: 0

[2020-01-22T16:34:25-08:00]
rchar: 348627215854
wchar: 104839536498
syscr: 42224675
syscw: 2716982
read_bytes: 32827376128
write_bytes: 104849862656
cancelled_write_bytes: 0

[2020-01-22T16:34:28-08:00]
rchar: 350410411347
wchar: 105325041608
syscr: 42440905
syscw: 2728450
read_bytes: 32991502848
write_bytes: 105335459840
cancelled_write_bytes: 0

[2020-01-22T16:34:31-08:00]
rchar: 352208958493
wchar: 105810050369
syscr: 42658957
syscw: 2739719
read_bytes: 33154638336
write_bytes: 105820499968
cancelled_write_bytes: 0

[2020-01-22T16:34:34-08:00]
rchar: 353368854160
wchar: 106108447986
syscr: 42799522
syscw: 2748572
read_bytes: 33241199104
write_bytes: 106118938624
cancelled_write_bytes: 0

[2020-01-22T16:34:37-08:00]
rchar: 355047302867
wchar: 106587290221
syscr: 43002957
syscw: 2760287
read_bytes: 33356251648
write_bytes: 106597842944
cancelled_write_bytes: 0

[2020-01-22T16:34:40-08:00]
rchar: 357304823448
wchar: 107067946281
syscr: 43276541
syscw: 2773059
read_bytes: 33515741696
write_bytes: 107078533120
cancelled_write_bytes: 0

[2020-01-22T16:34:43-08:00]
rchar: 359700191900
wchar: 107481477118
syscr: 43566686
syscw: 2786200
read_bytes: 33658999296
write_bytes: 107492167680
cancelled_write_bytes: 0

[2020-01-22T16:34:46-08:00]
rchar: 361013531864
wchar: 107736628447
syscr: 43725734
syscw: 2794782
read_bytes: 33694917120
write_bytes: 107747323904
cancelled_write_bytes: 0

[2020-01-22T16:34:49-08:00]
rchar: 365307826624
wchar: 108080973012
syscr: 44246399
syscw: 2810093
read_bytes: 33776910848
write_bytes: 108091977728
cancelled_write_bytes: 0

[2020-01-22T16:34:52-08:00]
rchar: 366696699517
wchar: 108351884411
syscr: 44414797
syscw: 2818196
read_bytes: 33799901696
write_bytes: 108362616832
cancelled_write_bytes: 0

[2020-01-22T16:34:55-08:00]
rchar: 368754140020
wchar: 108807584114
syscr: 44664173
syscw: 2830364
read_bytes: 33834807808
write_bytes: 108818350080
cancelled_write_bytes: 0

[2020-01-22T16:34:58-08:00]
rchar: 372429472841
wchar: 109398676675
syscr: 45109796
syscw: 2847086
read_bytes: 33890914816
write_bytes: 109409497088
cancelled_write_bytes: 0

[2020-01-22T16:35:01-08:00]
rchar: 374647789631
wchar: 109724058977
syscr: 45378756
syscw: 2856958
read_bytes: 33924420096
write_bytes: 109734891520
cancelled_write_bytes: 0

[2020-01-22T16:35:04-08:00]
rchar: 375614433386
wchar: 110217910953
syscr: 45495270
syscw: 2863977
read_bytes: 33946649088
write_bytes: 110228865024
cancelled_write_bytes: 0

[2020-01-22T16:35:07-08:00]
rchar: 376854682864
wchar: 110830220041
syscr: 45645656
syscw: 2874427
read_bytes: 33987731968
write_bytes: 110841159680
cancelled_write_bytes: 0

[2020-01-22T16:35:10-08:00]
rchar: 377630374789
wchar: 111176495025
syscr: 45739669
syscw: 2882008
read_bytes: 34018181632
write_bytes: 111187464192
cancelled_write_bytes: 0

[2020-01-22T16:35:13-08:00]
rchar: 378861428255
wchar: 111781947762
syscr: 45888941
syscw: 2892401
read_bytes: 34061849088
write_bytes: 111792984064
cancelled_write_bytes: 0

[2020-01-22T16:35:16-08:00]
rchar: 379723923648
wchar: 112201017146
syscr: 45993466
syscw: 2900346
read_bytes: 34092761600
write_bytes: 112212135936
cancelled_write_bytes: 0

[2020-01-22T16:35:19-08:00]
rchar: 380877349548
wchar: 112772204954
syscr: 46133330
syscw: 2910325
read_bytes: 34131882496
write_bytes: 112783323136
cancelled_write_bytes: 0

[2020-01-22T16:35:22-08:00]
rchar: 381241687498
wchar: 112902970485
syscr: 46177516
syscw: 2914661
read_bytes: 34147500544
write_bytes: 112914112512
cancelled_write_bytes: 0

[2020-01-22T16:35:25-08:00]
rchar: 382266932601
wchar: 113446792568
syscr: 46301764
syscw: 2925028
read_bytes: 34189451776
write_bytes: 113458020352
cancelled_write_bytes: 0

[2020-01-22T16:35:28-08:00]
rchar: 383384551320
wchar: 114012245562
syscr: 46437205
syscw: 2935813
read_bytes: 34233397760
write_bytes: 114023489536
cancelled_write_bytes: 0

[2020-01-22T16:35:31-08:00]
rchar: 384510692380
wchar: 114494672977
syscr: 46573714
syscw: 2945024
read_bytes: 34274112000
write_bytes: 114505969664
cancelled_write_bytes: 0

[2020-01-22T16:35:34-08:00]
rchar: 385412819551
wchar: 114874775777
syscr: 46683029
syscw: 2952668
read_bytes: 34307527168
write_bytes: 114886193152
cancelled_write_bytes: 0

[2020-01-22T16:35:37-08:00]
rchar: 386900464550
wchar: 115311706203
syscr: 46863229
syscw: 2964592
read_bytes: 34413683200
write_bytes: 115323179008
cancelled_write_bytes: 0

[2020-01-22T16:35:40-08:00]
rchar: 387392903948
wchar: 115546201607
syscr: 46922941
syscw: 2970892
read_bytes: 34442748416
write_bytes: 115557666816
cancelled_write_bytes: 0

[2020-01-22T16:35:43-08:00]
rchar: 389471150257
wchar: 116032783252
syscr: 47174857
syscw: 2984826
read_bytes: 34589864448
write_bytes: 116044320768
cancelled_write_bytes: 0

[2020-01-22T16:35:46-08:00]
rchar: 391593749438
wchar: 116493334089
syscr: 47432234
syscw: 2998844
read_bytes: 34736230912
write_bytes: 116504911872
cancelled_write_bytes: 0

[2020-01-22T16:35:49-08:00]
rchar: 392591419484
wchar: 116717059812
syscr: 47553208
syscw: 3005769
read_bytes: 34805494272
write_bytes: 116729462784
cancelled_write_bytes: 0

[2020-01-22T16:35:52-08:00]
rchar: 394692171379
wchar: 117290096873
syscr: 47807812
syscw: 3020059
read_bytes: 34924016128
write_bytes: 117301727232
cancelled_write_bytes: 0

[2020-01-22T16:35:55-08:00]
rchar: 396837571979
wchar: 117661930113
syscr: 48067948
syscw: 3033093
read_bytes: 35039732224
write_bytes: 117673590784
cancelled_write_bytes: 0

[2020-01-22T16:35:58-08:00]
rchar: 398777994542
wchar: 118077254963
syscr: 48303234
syscw: 3044059
read_bytes: 35156775424
write_bytes: 118088966144
cancelled_write_bytes: 0

[2020-01-22T16:36:01-08:00]
rchar: 400660836897
wchar: 118478778982
syscr: 48531443
syscw: 3056761
read_bytes: 35241923072
write_bytes: 118490505216
cancelled_write_bytes: 0

[2020-01-22T16:36:04-08:00]
rchar: 403906095464
wchar: 118805051757
syscr: 48924603
syscw: 3071280
read_bytes: 35348464128
write_bytes: 118816858112
cancelled_write_bytes: 0

[2020-01-22T16:36:07-08:00]
rchar: 405006784865
wchar: 119011228763
syscr: 49058060
syscw: 3076769
read_bytes: 35367301632
write_bytes: 119023063040
cancelled_write_bytes: 0

[2020-01-22T16:36:10-08:00]
rchar: 408027284652
wchar: 119545908051
syscr: 49424199
syscw: 3091875
read_bytes: 35409306112
write_bytes: 119557771264
cancelled_write_bytes: 0

[2020-01-22T16:36:13-08:00]
rchar: 410852126013
wchar: 120033721643
syscr: 49766702
syscw: 3107314
read_bytes: 35446989312
write_bytes: 120045608960
cancelled_write_bytes: 0

[2020-01-22T16:36:16-08:00]
rchar: 411554475946
wchar: 120416366713
syscr: 49851871
syscw: 3110662
read_bytes: 35451646464
write_bytes: 120428285952
cancelled_write_bytes: 0

[2020-01-22T16:36:19-08:00]
rchar: 411554475946
wchar: 120416366789
syscr: 49851871
syscw: 3110663
read_bytes: 35451646464
write_bytes: 120428298240
cancelled_write_bytes: 0

[2020-01-22T16:36:22-08:00]
rchar: 411554475946
wchar: 120416366789
syscr: 49851871
syscw: 3110663
read_bytes: 35451646464
write_bytes: 120428298240
cancelled_write_bytes: 0

[2020-01-22T16:36:25-08:00]
rchar: 411554475946
wchar: 120416366789
syscr: 49851871
syscw: 3110663
read_bytes: 35451646464
write_bytes: 120428298240
cancelled_write_bytes: 0

