[2020-01-22T17:49:32-08:00]
rchar: 16583973
wchar: 209
syscr: 2824
syscw: 10
read_bytes: 708608
write_bytes: 53248
cancelled_write_bytes: 0

[2020-01-22T17:49:35-08:00]
rchar: 16583973
wchar: 209
syscr: 2824
syscw: 10
read_bytes: 708608
write_bytes: 53248
cancelled_write_bytes: 0

[2020-01-22T17:49:38-08:00]
rchar: 16583973
wchar: 209
syscr: 2824
syscw: 10
read_bytes: 708608
write_bytes: 53248
cancelled_write_bytes: 0

[2020-01-22T17:49:41-08:00]
rchar: 16583973
wchar: 209
syscr: 2824
syscw: 10
read_bytes: 708608
write_bytes: 53248
cancelled_write_bytes: 0

[2020-01-22T17:49:44-08:00]
rchar: 16583973
wchar: 209
syscr: 2824
syscw: 10
read_bytes: 708608
write_bytes: 61440
cancelled_write_bytes: 0

[2020-01-22T17:49:47-08:00]
rchar: 16583973
wchar: 209
syscr: 2824
syscw: 10
read_bytes: 708608
write_bytes: 69632
cancelled_write_bytes: 0

[2020-01-22T17:49:50-08:00]
rchar: 16583973
wchar: 209
syscr: 2824
syscw: 10
read_bytes: 708608
write_bytes: 69632
cancelled_write_bytes: 0

[2020-01-22T17:49:53-08:00]
rchar: 16583973
wchar: 209
syscr: 2824
syscw: 10
read_bytes: 708608
write_bytes: 86016
cancelled_write_bytes: 0

[2020-01-22T17:49:56-08:00]
rchar: 16583973
wchar: 209
syscr: 2824
syscw: 10
read_bytes: 708608
write_bytes: 86016
cancelled_write_bytes: 0

[2020-01-22T17:49:59-08:00]
rchar: 16583973
wchar: 209
syscr: 2824
syscw: 10
read_bytes: 708608
write_bytes: 102400
cancelled_write_bytes: 0

[2020-01-22T17:50:02-08:00]
rchar: 326370583
wchar: 219818383
syscr: 13446
syscw: 1477
read_bytes: 319187456
write_bytes: 219959296
cancelled_write_bytes: 0

[2020-01-22T17:50:05-08:00]
rchar: 695612978
wchar: 350551484
syscr: 58234
syscw: 23012
read_bytes: 846404096
write_bytes: 350699520
cancelled_write_bytes: 0

[2020-01-22T17:50:08-08:00]
rchar: 1045124365
wchar: 508617972
syscr: 100623
syscw: 38498
read_bytes: 1335683584
write_bytes: 509472768
cancelled_write_bytes: 0

[2020-01-22T17:50:11-08:00]
rchar: 1845465436
wchar: 810060305
syscr: 197587
syscw: 56117
read_bytes: 1860467200
write_bytes: 810229760
cancelled_write_bytes: 0

[2020-01-22T17:50:14-08:00]
rchar: 2428576111
wchar: 1092914221
syscr: 268295
syscw: 68887
read_bytes: 2224568832
write_bytes: 1093091328
cancelled_write_bytes: 0

[2020-01-22T17:50:18-08:00]
rchar: 3559120173
wchar: 1496704330
syscr: 405293
syscw: 81113
read_bytes: 2543913472
write_bytes: 1496907776
cancelled_write_bytes: 0

[2020-01-22T17:50:21-08:00]
rchar: 4586917928
wchar: 1898139802
syscr: 529678
syscw: 92898
read_bytes: 2860050944
write_bytes: 1898426368
cancelled_write_bytes: 0

[2020-01-22T17:50:24-08:00]
rchar: 5169883499
wchar: 2165173653
syscr: 600286
syscw: 104344
read_bytes: 3153238528
write_bytes: 2165473280
cancelled_write_bytes: 0

[2020-01-22T17:50:27-08:00]
rchar: 6777820719
wchar: 2364181114
syscr: 795252
syscw: 125509
read_bytes: 3757357568
write_bytes: 2364485632
cancelled_write_bytes: 0

[2020-01-22T17:50:30-08:00]
rchar: 7754854060
wchar: 2632131530
syscr: 913634
syscw: 136515
read_bytes: 4036737536
write_bytes: 2632450048
cancelled_write_bytes: 0

[2020-01-22T17:50:33-08:00]
rchar: 9504943066
wchar: 2794069963
syscr: 1125832
syscw: 153519
read_bytes: 4510169600
write_bytes: 2794393600
cancelled_write_bytes: 0

[2020-01-22T17:50:36-08:00]
rchar: 11159527496
wchar: 3093874857
syscr: 1326360
syscw: 167706
read_bytes: 4870433280
write_bytes: 3094253568
cancelled_write_bytes: 0

[2020-01-22T17:50:39-08:00]
rchar: 12928323711
wchar: 3252359694
syscr: 1540823
syscw: 181958
read_bytes: 5242501632
write_bytes: 3252715520
cancelled_write_bytes: 0

[2020-01-22T17:50:42-08:00]
rchar: 14377264548
wchar: 3745862076
syscr: 1716419
syscw: 192073
read_bytes: 5444295168
write_bytes: 3746275328
cancelled_write_bytes: 0

[2020-01-22T17:50:45-08:00]
rchar: 15529526626
wchar: 4064230772
syscr: 1856129
syscw: 199964
read_bytes: 5590108672
write_bytes: 4064657408
cancelled_write_bytes: 0

[2020-01-22T17:50:48-08:00]
rchar: 17174792063
wchar: 4552939044
syscr: 2055619
syscw: 210130
read_bytes: 5794204160
write_bytes: 4553404416
cancelled_write_bytes: 0

[2020-01-22T17:50:51-08:00]
rchar: 18034993220
wchar: 4949380059
syscr: 2159428
syscw: 217609
read_bytes: 5939337728
write_bytes: 4950740992
cancelled_write_bytes: 0

[2020-01-22T17:50:54-08:00]
rchar: 18977517094
wchar: 5388460913
syscr: 2273591
syscw: 227878
read_bytes: 6148262400
write_bytes: 5389025280
cancelled_write_bytes: 0

[2020-01-22T17:50:57-08:00]
rchar: 20160210212
wchar: 5756133368
syscr: 2416971
syscw: 240516
read_bytes: 6435772928
write_bytes: 5756764160
cancelled_write_bytes: 0

[2020-01-22T17:51:00-08:00]
rchar: 20985634441
wchar: 6022032186
syscr: 2516973
syscw: 250816
read_bytes: 6681565696
write_bytes: 6022684672
cancelled_write_bytes: 4096

[2020-01-22T17:51:03-08:00]
rchar: 23289933809
wchar: 6226744287
syscr: 2796367
syscw: 271360
read_bytes: 7207782912
write_bytes: 6227398656
cancelled_write_bytes: 4096

[2020-01-22T17:51:06-08:00]
rchar: 24696799089
wchar: 6507764092
syscr: 2966865
syscw: 284826
read_bytes: 7481981440
write_bytes: 6508437504
cancelled_write_bytes: 4096

[2020-01-22T17:51:09-08:00]
rchar: 26940349724
wchar: 6669618330
syscr: 3238890
syscw: 301515
read_bytes: 7886731776
write_bytes: 6670295040
cancelled_write_bytes: 4096

[2020-01-22T17:51:12-08:00]
rchar: 27450253651
wchar: 6939093312
syscr: 3300632
syscw: 306112
read_bytes: 7957576192
write_bytes: 6939803648
cancelled_write_bytes: 4096

[2020-01-22T17:51:15-08:00]
rchar: 29242771065
wchar: 7392145292
syscr: 3517972
syscw: 317709
read_bytes: 8160836096
write_bytes: 7392882688
cancelled_write_bytes: 4096

[2020-01-22T17:51:18-08:00]
rchar: 31096007580
wchar: 7915186095
syscr: 3742677
syscw: 328921
read_bytes: 8362822144
write_bytes: 7915962368
cancelled_write_bytes: 4096

[2020-01-22T17:51:21-08:00]
rchar: 32356406431
wchar: 8279171329
syscr: 3895001
syscw: 337091
read_bytes: 8505821696
write_bytes: 8280256512
cancelled_write_bytes: 4096

[2020-01-22T17:51:24-08:00]
rchar: 33360748741
wchar: 8769263867
syscr: 4016666
syscw: 347453
read_bytes: 8693086720
write_bytes: 8770125824
cancelled_write_bytes: 4096

[2020-01-22T17:51:27-08:00]
rchar: 34677609274
wchar: 9166912936
syscr: 4176311
syscw: 360063
read_bytes: 8937331200
write_bytes: 9167835136
cancelled_write_bytes: 4096

[2020-01-22T17:51:30-08:00]
rchar: 35674603998
wchar: 9519494367
syscr: 4297179
syscw: 369316
read_bytes: 9107929600
write_bytes: 9520476160
cancelled_write_bytes: 4096

[2020-01-22T17:51:33-08:00]
rchar: 35844654204
wchar: 9756914883
syscr: 4317800
syscw: 371529
read_bytes: 9136151040
write_bytes: 9757900800
cancelled_write_bytes: 4096

[2020-01-22T17:51:36-08:00]
rchar: 37304441018
wchar: 10151139297
syscr: 4494693
syscw: 382871
read_bytes: 9348401664
write_bytes: 10152189952
cancelled_write_bytes: 4096

[2020-01-22T17:51:39-08:00]
rchar: 38795014375
wchar: 10522645988
syscr: 4675381
syscw: 395034
read_bytes: 9583176192
write_bytes: 10523766784
cancelled_write_bytes: 4096

[2020-01-22T17:51:42-08:00]
rchar: 39928280136
wchar: 10786818475
syscr: 4812707
syscw: 405195
read_bytes: 9793051136
write_bytes: 10787962880
cancelled_write_bytes: 4096

[2020-01-22T17:51:45-08:00]
rchar: 42688685793
wchar: 10975975434
syscr: 5147399
syscw: 423416
read_bytes: 10220362240
write_bytes: 10977124352
cancelled_write_bytes: 4096

[2020-01-22T17:51:48-08:00]
rchar: 43815795058
wchar: 11329940042
syscr: 5283978
syscw: 432210
read_bytes: 10364090880
write_bytes: 11331121152
cancelled_write_bytes: 4096

[2020-01-22T17:51:51-08:00]
rchar: 45749036693
wchar: 11837987729
syscr: 5518383
syscw: 444343
read_bytes: 10550524416
write_bytes: 11839188992
cancelled_write_bytes: 4096

[2020-01-22T17:51:54-08:00]
rchar: 47606601337
wchar: 12352387000
syscr: 5743193
syscw: 456426
read_bytes: 10740849152
write_bytes: 12353630208
cancelled_write_bytes: 4096

[2020-01-22T17:51:57-08:00]
rchar: 48213903268
wchar: 12755493884
syscr: 5816735
syscw: 464141
read_bytes: 10866977280
write_bytes: 12756774912
cancelled_write_bytes: 4096

[2020-01-22T17:52:00-08:00]
rchar: 49305409073
wchar: 13085839342
syscr: 5949041
syscw: 474499
read_bytes: 11038943744
write_bytes: 13087158272
cancelled_write_bytes: 4096

[2020-01-22T17:52:03-08:00]
rchar: 50493594220
wchar: 13470062391
syscr: 6093096
syscw: 485862
read_bytes: 11226069504
write_bytes: 13471440896
cancelled_write_bytes: 4096

[2020-01-22T17:52:06-08:00]
rchar: 51436825423
wchar: 13785470882
syscr: 6207440
syscw: 495375
read_bytes: 11444460032
write_bytes: 13786861568
cancelled_write_bytes: 4096

[2020-01-22T17:52:09-08:00]
rchar: 52817762843
wchar: 14135418303
syscr: 6374799
syscw: 507164
read_bytes: 11732040192
write_bytes: 14136827904
cancelled_write_bytes: 4096

[2020-01-22T17:52:12-08:00]
rchar: 54460215410
wchar: 14495669236
syscr: 6573912
syscw: 519950
read_bytes: 12009523712
write_bytes: 14497107968
cancelled_write_bytes: 4096

[2020-01-22T17:52:15-08:00]
rchar: 55262118218
wchar: 14816872037
syscr: 6671052
syscw: 527436
read_bytes: 12165270016
write_bytes: 14818373632
cancelled_write_bytes: 4096

[2020-01-22T17:52:18-08:00]
rchar: 56840728860
wchar: 15074798264
syscr: 6862441
syscw: 538434
read_bytes: 12402616832
write_bytes: 15076327424
cancelled_write_bytes: 4096

[2020-01-22T17:52:21-08:00]
rchar: 58921949871
wchar: 15214083294
syscr: 7114787
syscw: 552526
read_bytes: 12684802560
write_bytes: 15215616000
cancelled_write_bytes: 4096

[2020-01-22T17:52:24-08:00]
rchar: 60303522908
wchar: 15672628165
syscr: 7282220
syscw: 562445
read_bytes: 12820830720
write_bytes: 15674195968
cancelled_write_bytes: 4096

[2020-01-22T17:52:27-08:00]
rchar: 62317064617
wchar: 16223150137
syscr: 7526364
syscw: 575001
read_bytes: 12990319104
write_bytes: 16224751616
cancelled_write_bytes: 4096

[2020-01-22T17:52:30-08:00]
rchar: 64214357248
wchar: 16764907445
syscr: 7755910
syscw: 587209
read_bytes: 13156960768
write_bytes: 16766545920
cancelled_write_bytes: 4096

[2020-01-22T17:52:33-08:00]
rchar: 64787810736
wchar: 17188523072
syscr: 7825347
syscw: 593579
read_bytes: 13240228352
write_bytes: 17190207488
cancelled_write_bytes: 4096

[2020-01-22T17:52:36-08:00]
rchar: 65853683731
wchar: 17547709990
syscr: 7954556
syscw: 603550
read_bytes: 13378820608
write_bytes: 17549422592
cancelled_write_bytes: 4096

[2020-01-22T17:52:39-08:00]
rchar: 67294764642
wchar: 17910001836
syscr: 8129256
syscw: 616903
read_bytes: 13647337984
write_bytes: 17911750656
cancelled_write_bytes: 4096

[2020-01-22T17:52:42-08:00]
rchar: 68073861486
wchar: 18285531061
syscr: 8223718
syscw: 625525
read_bytes: 13781936640
write_bytes: 18287308800
cancelled_write_bytes: 4096

[2020-01-22T17:52:45-08:00]
rchar: 69779231749
wchar: 18565321488
syscr: 8430418
syscw: 638512
read_bytes: 14107339264
write_bytes: 18567147520
cancelled_write_bytes: 4096

[2020-01-22T17:52:48-08:00]
rchar: 71469292896
wchar: 18991450232
syscr: 8635295
syscw: 651752
read_bytes: 14309370368
write_bytes: 18993328128
cancelled_write_bytes: 4096

[2020-01-22T17:52:51-08:00]
rchar: 71983475153
wchar: 19356799385
syscr: 8697564
syscw: 656295
read_bytes: 14359751168
write_bytes: 19358707712
cancelled_write_bytes: 4096

[2020-01-22T17:52:54-08:00]
rchar: 73401432444
wchar: 19663398208
syscr: 8869443
syscw: 666759
read_bytes: 14500194816
write_bytes: 19665354752
cancelled_write_bytes: 4096

[2020-01-22T17:52:57-08:00]
rchar: 75317739660
wchar: 20113535152
syscr: 9101764
syscw: 680130
read_bytes: 14690322944
write_bytes: 20115542016
cancelled_write_bytes: 4096

[2020-01-22T17:53:00-08:00]
rchar: 76571161507
wchar: 20504810645
syscr: 9253748
syscw: 689623
read_bytes: 14836390400
write_bytes: 20506841088
cancelled_write_bytes: 4096

[2020-01-22T17:53:03-08:00]
rchar: 78390429419
wchar: 20928064664
syscr: 9474221
syscw: 700965
read_bytes: 15023733248
write_bytes: 20930138112
cancelled_write_bytes: 4096

[2020-01-22T17:53:06-08:00]
rchar: 80360123833
wchar: 21497284462
syscr: 9713051
syscw: 713273
read_bytes: 15172831744
write_bytes: 21499392000
cancelled_write_bytes: 4096

[2020-01-22T17:53:09-08:00]
rchar: 81478394282
wchar: 21825964680
syscr: 9848643
syscw: 720997
read_bytes: 15258008064
write_bytes: 21828087808
cancelled_write_bytes: 4096

[2020-01-22T17:53:12-08:00]
rchar: 82194140383
wchar: 22272746032
syscr: 9934847
syscw: 727643
read_bytes: 15330290176
write_bytes: 22274916352
cancelled_write_bytes: 4096

[2020-01-22T17:53:15-08:00]
rchar: 83693010710
wchar: 22763491943
syscr: 10116567
syscw: 740734
read_bytes: 15507900928
write_bytes: 22765731840
cancelled_write_bytes: 4096

[2020-01-22T17:53:18-08:00]
rchar: 85189909640
wchar: 23148714639
syscr: 10298026
syscw: 753983
read_bytes: 15755602432
write_bytes: 23150989312
cancelled_write_bytes: 4096

[2020-01-22T17:53:21-08:00]
rchar: 85682677860
wchar: 23467683275
syscr: 10357766
syscw: 759006
read_bytes: 15815137792
write_bytes: 23469985792
cancelled_write_bytes: 4096

[2020-01-22T17:53:24-08:00]
rchar: 86733060956
wchar: 23711437342
syscr: 10485028
syscw: 767249
read_bytes: 15957096960
write_bytes: 23713779712
cancelled_write_bytes: 4096

[2020-01-22T17:53:27-08:00]
rchar: 88576024805
wchar: 24069397866
syscr: 10708471
syscw: 780691
read_bytes: 16223058432
write_bytes: 24071770112
cancelled_write_bytes: 4096

[2020-01-22T17:53:30-08:00]
rchar: 89714134518
wchar: 24473629017
syscr: 10846455
syscw: 789990
read_bytes: 16338725376
write_bytes: 24476041216
cancelled_write_bytes: 4096

[2020-01-22T17:53:33-08:00]
rchar: 91334268532
wchar: 24923389949
syscr: 11042779
syscw: 801591
read_bytes: 16483645952
write_bytes: 24925855744
cancelled_write_bytes: 4096

[2020-01-22T17:53:36-08:00]
rchar: 93063385304
wchar: 25339157148
syscr: 11252416
syscw: 813804
read_bytes: 16635415040
write_bytes: 25341661184
cancelled_write_bytes: 4096

[2020-01-22T17:53:39-08:00]
rchar: 94320879999
wchar: 25640858202
syscr: 11404848
syscw: 823015
read_bytes: 16746478080
write_bytes: 25643425792
cancelled_write_bytes: 4096

[2020-01-22T17:53:42-08:00]
rchar: 95653404283
wchar: 26110324818
syscr: 11566315
syscw: 832532
read_bytes: 16849701376
write_bytes: 26112946176
cancelled_write_bytes: 4096

[2020-01-22T17:53:45-08:00]
rchar: 97742751482
wchar: 26695175594
syscr: 11819648
syscw: 845349
read_bytes: 16992303616
write_bytes: 26698842112
cancelled_write_bytes: 4096

[2020-01-22T17:53:48-08:00]
rchar: 98858541071
wchar: 27039410506
syscr: 11954939
syscw: 852805
read_bytes: 17065904640
write_bytes: 27042103296
cancelled_write_bytes: 4096

[2020-01-22T17:53:51-08:00]
rchar: 100040750642
wchar: 27439335935
syscr: 12097792
syscw: 861764
read_bytes: 17165535744
write_bytes: 27442061312
cancelled_write_bytes: 4096

[2020-01-22T17:53:54-08:00]
rchar: 101164342408
wchar: 27961678795
syscr: 12233906
syscw: 872695
read_bytes: 17296042496
write_bytes: 27964461056
cancelled_write_bytes: 4096

[2020-01-22T17:53:57-08:00]
rchar: 102741935380
wchar: 28418427259
syscr: 12425179
syscw: 887135
read_bytes: 17482295808
write_bytes: 28421255168
cancelled_write_bytes: 4096

[2020-01-22T17:54:00-08:00]
rchar: 103699559012
wchar: 28853281893
syscr: 12541253
syscw: 896605
read_bytes: 17593170432
write_bytes: 28856160256
cancelled_write_bytes: 4096

[2020-01-22T17:54:03-08:00]
rchar: 104711827912
wchar: 29165602216
syscr: 12663885
syscw: 905829
read_bytes: 17687955968
write_bytes: 29168513024
cancelled_write_bytes: 4096

[2020-01-22T17:54:06-08:00]
rchar: 106515096941
wchar: 29584361172
syscr: 12882508
syscw: 919656
read_bytes: 17869232640
write_bytes: 29587308544
cancelled_write_bytes: 4096

[2020-01-22T17:54:09-08:00]
rchar: 107724011544
wchar: 29952842271
syscr: 13029070
syscw: 929591
read_bytes: 17993173504
write_bytes: 29955825664
cancelled_write_bytes: 4096

[2020-01-22T17:54:12-08:00]
rchar: 109396853526
wchar: 30388780791
syscr: 13231799
syscw: 941829
read_bytes: 18136136192
write_bytes: 30391799808
cancelled_write_bytes: 4096

[2020-01-22T17:54:15-08:00]
rchar: 111120276187
wchar: 30649880597
syscr: 13440745
syscw: 955086
read_bytes: 18334050816
write_bytes: 30652948480
cancelled_write_bytes: 4096

[2020-01-22T17:54:18-08:00]
rchar: 112236164875
wchar: 31091310338
syscr: 13576055
syscw: 963660
read_bytes: 18423470592
write_bytes: 31094407168
cancelled_write_bytes: 4096

[2020-01-22T17:54:21-08:00]
rchar: 114253747308
wchar: 31500978968
syscr: 13820569
syscw: 976429
read_bytes: 18571377152
write_bytes: 31504134144
cancelled_write_bytes: 8192

[2020-01-22T17:54:24-08:00]
rchar: 115859366710
wchar: 31927402352
syscr: 14015214
syscw: 987029
read_bytes: 18677770752
write_bytes: 31930576896
cancelled_write_bytes: 8192

[2020-01-22T17:54:27-08:00]
rchar: 117477696400
wchar: 32337213867
syscr: 14211437
syscw: 998224
read_bytes: 18787240448
write_bytes: 32340414464
cancelled_write_bytes: 8192

[2020-01-22T17:54:30-08:00]
rchar: 118708019493
wchar: 32835090697
syscr: 14360534
syscw: 1006291
read_bytes: 18858879488
write_bytes: 32838332416
cancelled_write_bytes: 8192

[2020-01-22T17:54:33-08:00]
rchar: 120676379668
wchar: 33281350725
syscr: 14598694
syscw: 1020312
read_bytes: 19027929600
write_bytes: 33284653056
cancelled_write_bytes: 8192

[2020-01-22T17:54:36-08:00]
rchar: 121781927804
wchar: 33657420765
syscr: 14732712
syscw: 1031190
read_bytes: 19136305664
write_bytes: 33660751872
cancelled_write_bytes: 8192

[2020-01-22T17:54:39-08:00]
rchar: 122533057177
wchar: 34093827563
syscr: 14823676
syscw: 1039013
read_bytes: 19209296384
write_bytes: 34097197056
cancelled_write_bytes: 8192

[2020-01-22T17:54:42-08:00]
rchar: 124126599670
wchar: 34528226504
syscr: 15016873
syscw: 1051494
read_bytes: 19341429248
write_bytes: 34531643392
cancelled_write_bytes: 8192

[2020-01-22T17:54:45-08:00]
rchar: 125550803674
wchar: 34907198283
syscr: 15189519
syscw: 1063418
read_bytes: 19464727040
write_bytes: 34910658560
cancelled_write_bytes: 8192

[2020-01-22T17:54:48-08:00]
rchar: 126559755029
wchar: 35325376922
syscr: 15311840
syscw: 1071460
read_bytes: 19549903360
write_bytes: 35329863680
cancelled_write_bytes: 8192

[2020-01-22T17:54:51-08:00]
rchar: 128351903657
wchar: 35799051807
syscr: 15529027
syscw: 1084288
read_bytes: 19683604992
write_bytes: 35802624000
cancelled_write_bytes: 8192

[2020-01-22T17:54:54-08:00]
rchar: 130145171298
wchar: 36137216443
syscr: 15746431
syscw: 1098048
read_bytes: 19851618816
write_bytes: 36140826624
cancelled_write_bytes: 8192

[2020-01-22T17:54:57-08:00]
rchar: 131293328408
wchar: 36453116830
syscr: 15885648
syscw: 1107224
read_bytes: 19991226880
write_bytes: 36456738816
cancelled_write_bytes: 8192

[2020-01-22T17:55:00-08:00]
rchar: 133602806791
wchar: 36719601952
syscr: 16165588
syscw: 1119900
read_bytes: 20233054720
write_bytes: 36723261440
cancelled_write_bytes: 8192

[2020-01-22T17:55:03-08:00]
rchar: 135723206450
wchar: 37308396370
syscr: 16422644
syscw: 1133195
read_bytes: 20353935872
write_bytes: 37312196608
cancelled_write_bytes: 8192

[2020-01-22T17:55:06-08:00]
rchar: 136480068047
wchar: 37553990117
syscr: 16514415
syscw: 1138499
read_bytes: 20394781184
write_bytes: 37557719040
cancelled_write_bytes: 8192

[2020-01-22T17:55:09-08:00]
rchar: 138220563479
wchar: 38147540186
syscr: 16725369
syscw: 1149431
read_bytes: 20487223808
write_bytes: 38151311360
cancelled_write_bytes: 8192

[2020-01-22T17:55:12-08:00]
rchar: 140055249459
wchar: 38905438920
syscr: 16947274
syscw: 1159955
read_bytes: 20572625920
write_bytes: 38909259776
cancelled_write_bytes: 8192

[2020-01-22T17:55:15-08:00]
rchar: 140495778521
wchar: 39224102460
syscr: 17000657
syscw: 1162500
read_bytes: 20587245056
write_bytes: 39227981824
cancelled_write_bytes: 8192

[2020-01-22T17:55:18-08:00]
rchar: 141678752122
wchar: 39649749664
syscr: 17143993
syscw: 1172621
read_bytes: 20692217344
write_bytes: 39653855232
cancelled_write_bytes: 8192

[2020-01-22T17:55:21-08:00]
rchar: 142426931931
wchar: 40074304195
syscr: 17234688
syscw: 1180250
read_bytes: 20763856384
write_bytes: 40078319616
cancelled_write_bytes: 8192

[2020-01-22T17:55:24-08:00]
rchar: 143511938378
wchar: 40356708999
syscr: 17366155
syscw: 1189681
read_bytes: 20849139200
write_bytes: 40360759296
cancelled_write_bytes: 8192

[2020-01-22T17:55:27-08:00]
rchar: 145457934493
wchar: 40703348671
syscr: 17602093
syscw: 1203469
read_bytes: 21095116288
write_bytes: 40707424256
cancelled_write_bytes: 8192

[2020-01-22T17:55:30-08:00]
rchar: 146473893599
wchar: 41160367265
syscr: 17725264
syscw: 1212336
read_bytes: 21175156224
write_bytes: 41165512704
cancelled_write_bytes: 8192

[2020-01-22T17:55:33-08:00]
rchar: 148040030163
wchar: 41533035352
syscr: 17915056
syscw: 1223620
read_bytes: 21278715392
write_bytes: 41537200128
cancelled_write_bytes: 8192

[2020-01-22T17:55:36-08:00]
rchar: 149810403690
wchar: 41952715458
syscr: 18129676
syscw: 1236017
read_bytes: 21398334976
write_bytes: 41956925440
cancelled_write_bytes: 8192

[2020-01-22T17:55:39-08:00]
rchar: 151254841834
wchar: 42354422740
syscr: 18304787
syscw: 1246482
read_bytes: 21496729088
write_bytes: 42359365632
cancelled_write_bytes: 8192

[2020-01-22T17:55:42-08:00]
rchar: 152519453838
wchar: 42744153300
syscr: 18457999
syscw: 1256161
read_bytes: 21571292672
write_bytes: 42748637184
cancelled_write_bytes: 8192

[2020-01-22T17:55:45-08:00]
rchar: 154672940624
wchar: 43337214335
syscr: 18719115
syscw: 1269648
read_bytes: 21685812736
write_bytes: 43341557760
cancelled_write_bytes: 8192

[2020-01-22T17:55:48-08:00]
rchar: 156785032696
wchar: 43911384743
syscr: 18974715
syscw: 1283683
read_bytes: 21807726080
write_bytes: 43915763712
cancelled_write_bytes: 8192

[2020-01-22T17:55:51-08:00]
rchar: 156926256730
wchar: 44099745410
syscr: 18991832
syscw: 1285800
read_bytes: 21820886528
write_bytes: 44104146944
cancelled_write_bytes: 8192

[2020-01-22T17:55:54-08:00]
rchar: 158242985952
wchar: 44545797198
syscr: 19151378
syscw: 1297845
read_bytes: 21933178368
write_bytes: 44550246400
cancelled_write_bytes: 8192

[2020-01-22T17:55:57-08:00]
rchar: 159974262410
wchar: 45012433619
syscr: 19361273
syscw: 1313085
read_bytes: 22088183296
write_bytes: 45016924160
cancelled_write_bytes: 8192

[2020-01-22T17:56:00-08:00]
rchar: 160801023984
wchar: 45451503455
syscr: 19461427
syscw: 1321688
read_bytes: 22158257664
write_bytes: 45456039936
cancelled_write_bytes: 8192

[2020-01-22T17:56:03-08:00]
rchar: 162205936478
wchar: 45865770567
syscr: 19631751
syscw: 1333149
read_bytes: 22253805056
write_bytes: 45870346240
cancelled_write_bytes: 8192

[2020-01-22T17:56:06-08:00]
rchar: 163976375862
wchar: 46317533709
syscr: 19846376
syscw: 1347329
read_bytes: 22384496128
write_bytes: 46322159616
cancelled_write_bytes: 8192

[2020-01-22T17:56:09-08:00]
rchar: 165082844383
wchar: 46768656242
syscr: 19980511
syscw: 1356679
read_bytes: 22467259904
write_bytes: 46773317632
cancelled_write_bytes: 8192

[2020-01-22T17:56:12-08:00]
rchar: 166689043681
wchar: 47041294271
syscr: 20175184
syscw: 1368759
read_bytes: 22596926976
write_bytes: 47045984256
cancelled_write_bytes: 8192

[2020-01-22T17:56:15-08:00]
rchar: 168792449466
wchar: 47518834155
syscr: 20430141
syscw: 1383466
read_bytes: 22731759104
write_bytes: 47523594240
cancelled_write_bytes: 8192

[2020-01-22T17:56:18-08:00]
rchar: 169853260374
wchar: 47989676606
syscr: 20558774
syscw: 1391345
read_bytes: 22793743872
write_bytes: 47994478592
cancelled_write_bytes: 8192

[2020-01-22T17:56:21-08:00]
rchar: 171145991433
wchar: 48284702767
syscr: 20715398
syscw: 1400333
read_bytes: 22859365888
write_bytes: 48289992704
cancelled_write_bytes: 8192

[2020-01-22T17:56:24-08:00]
rchar: 173499289021
wchar: 48873818054
syscr: 21000740
syscw: 1415141
read_bytes: 22977527296
write_bytes: 48878698496
cancelled_write_bytes: 8192

[2020-01-22T17:56:27-08:00]
rchar: 175436729395
wchar: 49369061835
syscr: 21235653
syscw: 1427586
read_bytes: 23074397696
write_bytes: 49373966336
cancelled_write_bytes: 8192

[2020-01-22T17:56:30-08:00]
rchar: 175902032094
wchar: 49668542339
syscr: 21291481
syscw: 1432779
read_bytes: 23109070336
write_bytes: 49673490432
cancelled_write_bytes: 8192

[2020-01-22T17:56:33-08:00]
rchar: 177556420044
wchar: 50139486369
syscr: 21492036
syscw: 1448080
read_bytes: 23241653760
write_bytes: 50144485376
cancelled_write_bytes: 8192

[2020-01-22T17:56:36-08:00]
rchar: 178807210224
wchar: 50525882721
syscr: 21643677
syscw: 1460539
read_bytes: 23341133312
write_bytes: 50530914304
cancelled_write_bytes: 8192

[2020-01-22T17:56:39-08:00]
rchar: 179564166929
wchar: 50980211861
syscr: 21735448
syscw: 1468716
read_bytes: 23397191168
write_bytes: 50985279488
cancelled_write_bytes: 8192

[2020-01-22T17:56:42-08:00]
rchar: 181474371353
wchar: 51398393083
syscr: 21966928
syscw: 1482840
read_bytes: 23532649984
write_bytes: 51403526144
cancelled_write_bytes: 8192

[2020-01-22T17:56:45-08:00]
rchar: 183410500829
wchar: 51929972664
syscr: 22201635
syscw: 1498064
read_bytes: 23663025664
write_bytes: 51935158272
cancelled_write_bytes: 8192

[2020-01-22T17:56:48-08:00]
rchar: 183679822623
wchar: 52078866845
syscr: 22234296
syscw: 1500504
read_bytes: 23679577600
write_bytes: 52084084736
cancelled_write_bytes: 8192

[2020-01-22T17:56:52-08:00]
rchar: 185428559094
wchar: 52615010188
syscr: 22446232
syscw: 1513751
read_bytes: 23780261376
write_bytes: 52620279808
cancelled_write_bytes: 8192

[2020-01-22T17:56:55-08:00]
rchar: 187338121666
wchar: 53089483590
syscr: 22677736
syscw: 1527213
read_bytes: 23889735168
write_bytes: 53094793216
cancelled_write_bytes: 8192

[2020-01-22T17:56:58-08:00]
rchar: 188552307444
wchar: 53402498122
syscr: 22824926
syscw: 1536325
read_bytes: 23959731712
write_bytes: 53407850496
cancelled_write_bytes: 8192

[2020-01-22T17:57:01-08:00]
rchar: 190236068185
wchar: 53969047639
syscr: 23028956
syscw: 1548042
read_bytes: 24043589120
write_bytes: 53974446080
cancelled_write_bytes: 8192

[2020-01-22T17:57:04-08:00]
rchar: 191485059469
wchar: 54354502134
syscr: 23180398
syscw: 1556103
read_bytes: 24097119744
write_bytes: 54359920640
cancelled_write_bytes: 8192

[2020-01-22T17:57:07-08:00]
rchar: 193775681431
wchar: 54944679292
syscr: 23458139
syscw: 1570517
read_bytes: 24204545536
write_bytes: 54950985728
cancelled_write_bytes: 8192

[2020-01-22T17:57:10-08:00]
rchar: 194721714172
wchar: 55315601752
syscr: 23572322
syscw: 1576840
read_bytes: 24246578688
write_bytes: 55321120768
cancelled_write_bytes: 8192

[2020-01-22T17:57:13-08:00]
rchar: 195221580746
wchar: 55806849139
syscr: 23632905
syscw: 1581509
read_bytes: 24270519808
write_bytes: 55812399104
cancelled_write_bytes: 8192

[2020-01-22T17:57:16-08:00]
rchar: 196359428622
wchar: 56357843784
syscr: 23770691
syscw: 1590736
read_bytes: 24333016576
write_bytes: 56363483136
cancelled_write_bytes: 8192

[2020-01-22T17:57:19-08:00]
rchar: 197654697541
wchar: 56750950635
syscr: 23927718
syscw: 1603915
read_bytes: 24435301888
write_bytes: 56756633600
cancelled_write_bytes: 8192

[2020-01-22T17:57:22-08:00]
rchar: 198776650108
wchar: 57125600452
syscr: 24063740
syscw: 1614416
read_bytes: 24519015936
write_bytes: 57131323392
cancelled_write_bytes: 8192

[2020-01-22T17:57:25-08:00]
rchar: 199859583225
wchar: 57606920249
syscr: 24194942
syscw: 1625461
read_bytes: 24591011328
write_bytes: 57612693504
cancelled_write_bytes: 8192

[2020-01-22T17:57:28-08:00]
rchar: 201591060729
wchar: 58027905646
syscr: 24404865
syscw: 1639161
read_bytes: 24706928128
write_bytes: 58033717248
cancelled_write_bytes: 8192

[2020-01-22T17:57:31-08:00]
rchar: 202909972625
wchar: 58403741079
syscr: 24564766
syscw: 1650205
read_bytes: 24793648640
write_bytes: 58409598976
cancelled_write_bytes: 8192

[2020-01-22T17:57:34-08:00]
rchar: 203813615745
wchar: 58756543830
syscr: 24674219
syscw: 1658484
read_bytes: 24846614016
write_bytes: 58762436608
cancelled_write_bytes: 8192

[2020-01-22T17:57:37-08:00]
rchar: 205975469737
wchar: 59248220052
syscr: 24936319
syscw: 1673530
read_bytes: 24966729216
write_bytes: 59254161408
cancelled_write_bytes: 8192

[2020-01-22T17:57:40-08:00]
rchar: 207645669757
wchar: 59689888178
syscr: 25138817
syscw: 1685581
read_bytes: 25055608320
write_bytes: 59695874048
cancelled_write_bytes: 8192

[2020-01-22T17:57:43-08:00]
rchar: 208064106141
wchar: 59957068165
syscr: 25189437
syscw: 1689607
read_bytes: 25077128704
write_bytes: 59963101184
cancelled_write_bytes: 8192

[2020-01-22T17:57:46-08:00]
rchar: 210444277544
wchar: 60506027592
syscr: 25478009
syscw: 1704596
read_bytes: 25185750528
write_bytes: 60512116736
cancelled_write_bytes: 8192

[2020-01-22T17:57:49-08:00]
rchar: 212835268550
wchar: 61100944247
syscr: 25767918
syscw: 1719722
read_bytes: 25292668416
write_bytes: 61107060736
cancelled_write_bytes: 8192

[2020-01-22T17:57:52-08:00]
rchar: 213411597548
wchar: 61294783972
syscr: 25837799
syscw: 1723455
read_bytes: 25315831296
write_bytes: 61300912128
cancelled_write_bytes: 8192

[2020-01-22T17:57:55-08:00]
rchar: 214916109049
wchar: 61813521553
syscr: 26019660
syscw: 1735774
read_bytes: 25408642560
write_bytes: 61819699200
cancelled_write_bytes: 8192

[2020-01-22T17:57:58-08:00]
rchar: 216248088439
wchar: 62208589835
syscr: 26181146
syscw: 1748831
read_bytes: 25502510592
write_bytes: 62215172096
cancelled_write_bytes: 8192

[2020-01-22T17:58:01-08:00]
rchar: 217300001129
wchar: 62543390415
syscr: 26308671
syscw: 1758740
read_bytes: 25574133248
write_bytes: 62549643264
cancelled_write_bytes: 8192

[2020-01-22T17:58:04-08:00]
rchar: 218955935284
wchar: 63135076507
syscr: 26509335
syscw: 1773132
read_bytes: 25674690048
write_bytes: 63141384192
cancelled_write_bytes: 8192

[2020-01-22T17:58:07-08:00]
rchar: 220432498772
wchar: 63527508262
syscr: 26688326
syscw: 1785391
read_bytes: 25761254912
write_bytes: 63533883392
cancelled_write_bytes: 8192

[2020-01-22T17:58:10-08:00]
rchar: 221599289804
wchar: 63866989716
syscr: 26829788
syscw: 1794960
read_bytes: 25828388352
write_bytes: 63873900544
cancelled_write_bytes: 8192

[2020-01-22T17:58:13-08:00]
rchar: 223519914054
wchar: 64417218201
syscr: 27062546
syscw: 1809243
read_bytes: 25928850944
write_bytes: 64423669760
cancelled_write_bytes: 8192

[2020-01-22T17:58:16-08:00]
rchar: 225571920819
wchar: 64846850918
syscr: 27311299
syscw: 1823499
read_bytes: 26033352192
write_bytes: 64853360640
cancelled_write_bytes: 8192

[2020-01-22T17:58:19-08:00]
rchar: 226540305997
wchar: 65206167148
syscr: 27428724
syscw: 1831715
read_bytes: 26079788544
write_bytes: 65212698624
cancelled_write_bytes: 8192

[2020-01-22T17:58:22-08:00]
rchar: 228580569091
wchar: 65745986474
syscr: 27675982
syscw: 1844941
read_bytes: 26165681664
write_bytes: 65752567808
cancelled_write_bytes: 8192

[2020-01-22T17:58:25-08:00]
rchar: 230979529773
wchar: 66369687042
syscr: 27966859
syscw: 1860328
read_bytes: 26262900224
write_bytes: 66376298496
cancelled_write_bytes: 8192

[2020-01-22T17:58:28-08:00]
rchar: 232149449965
wchar: 66688229115
syscr: 28108713
syscw: 1868429
read_bytes: 26309430784
write_bytes: 66694860800
cancelled_write_bytes: 8192

[2020-01-22T17:58:31-08:00]
rchar: 233200206371
wchar: 67182826290
syscr: 28235514
syscw: 1879082
read_bytes: 26374987264
write_bytes: 67189719040
cancelled_write_bytes: 8192

[2020-01-22T17:58:34-08:00]
rchar: 235072463143
wchar: 67713357669
syscr: 28462497
syscw: 1895845
read_bytes: 26496413184
write_bytes: 67720089600
cancelled_write_bytes: 8192

[2020-01-22T17:58:37-08:00]
rchar: 235920106210
wchar: 67980725862
syscr: 28565258
syscw: 1904455
read_bytes: 26550545920
write_bytes: 67987492864
cancelled_write_bytes: 8192

[2020-01-22T17:58:40-08:00]
rchar: 237303806356
wchar: 68522636931
syscr: 28732941
syscw: 1917177
read_bytes: 26626870784
write_bytes: 68529848320
cancelled_write_bytes: 8192

[2020-01-22T17:58:43-08:00]
rchar: 239377060839
wchar: 69019421766
syscr: 28984261
syscw: 1933041
read_bytes: 26741231104
write_bytes: 69026304000
cancelled_write_bytes: 8192

[2020-01-22T17:58:46-08:00]
rchar: 240214723059
wchar: 69256219030
syscr: 29085815
syscw: 1939576
read_bytes: 26785914368
write_bytes: 69263118336
cancelled_write_bytes: 8192

[2020-01-22T17:58:49-08:00]
rchar: 241658577147
wchar: 69718538559
syscr: 29260768
syscw: 1950888
read_bytes: 26856123904
write_bytes: 69725491200
cancelled_write_bytes: 8192

[2020-01-22T17:58:52-08:00]
rchar: 244008751090
wchar: 70276198584
syscr: 29545704
syscw: 1967151
read_bytes: 26963320320
write_bytes: 70283194368
cancelled_write_bytes: 8192

[2020-01-22T17:58:55-08:00]
rchar: 245130898758
wchar: 70528253344
syscr: 29681730
syscw: 1976352
read_bytes: 27015802368
write_bytes: 70535274496
cancelled_write_bytes: 8192

[2020-01-22T17:58:58-08:00]
rchar: 246976545156
wchar: 71102024997
syscr: 29905414
syscw: 1989385
read_bytes: 27092401664
write_bytes: 71109095424
cancelled_write_bytes: 8192

[2020-01-22T17:59:01-08:00]
rchar: 249145662705
wchar: 71677858493
syscr: 30168423
syscw: 2002486
read_bytes: 27169967616
write_bytes: 71684960256
cancelled_write_bytes: 8192

[2020-01-22T17:59:04-08:00]
rchar: 250785000033
wchar: 72084127226
syscr: 30367194
syscw: 2013476
read_bytes: 27231043072
write_bytes: 72091250688
cancelled_write_bytes: 8192

[2020-01-22T17:59:07-08:00]
rchar: 251945400982
wchar: 72703030187
syscr: 30507310
syscw: 2021981
read_bytes: 27285212672
write_bytes: 72710238208
cancelled_write_bytes: 8192

[2020-01-22T17:59:10-08:00]
rchar: 253062782162
wchar: 73392993434
syscr: 30642801
syscw: 2030593
read_bytes: 27350629888
write_bytes: 73400221696
cancelled_write_bytes: 8192

[2020-01-22T17:59:13-08:00]
rchar: 253767194462
wchar: 73785497892
syscr: 30728226
syscw: 2036521
read_bytes: 27411213824
write_bytes: 73793277952
cancelled_write_bytes: 8192

[2020-01-22T17:59:16-08:00]
rchar: 254997015150
wchar: 74509740844
syscr: 30877362
syscw: 2045951
read_bytes: 27512159744
write_bytes: 74517643264
cancelled_write_bytes: 8192

[2020-01-22T17:59:19-08:00]
rchar: 255557773396
wchar: 74812519818
syscr: 30945258
syscw: 2051440
read_bytes: 27564060160
write_bytes: 74819923968
cancelled_write_bytes: 8192

[2020-01-22T17:59:22-08:00]
rchar: 256706123420
wchar: 75494103653
syscr: 31084497
syscw: 2060369
read_bytes: 27669995008
write_bytes: 75501539328
cancelled_write_bytes: 8192

[2020-01-22T17:59:25-08:00]
rchar: 257433348898
wchar: 75886472726
syscr: 31172581
syscw: 2067339
read_bytes: 27753377280
write_bytes: 75894697984
cancelled_write_bytes: 8192

[2020-01-22T17:59:28-08:00]
rchar: 258003305730
wchar: 76233695190
syscr: 31241695
syscw: 2073566
read_bytes: 27812720128
write_bytes: 76241252352
cancelled_write_bytes: 8192

[2020-01-22T17:59:31-08:00]
rchar: 258769876936
wchar: 76757860475
syscr: 31334622
syscw: 2081235
read_bytes: 27898826240
write_bytes: 76765462528
cancelled_write_bytes: 8192

[2020-01-22T17:59:34-08:00]
rchar: 259587683311
wchar: 77141810035
syscr: 31433596
syscw: 2088410
read_bytes: 27987852800
write_bytes: 77149499392
cancelled_write_bytes: 8192

[2020-01-22T17:59:37-08:00]
rchar: 260828280371
wchar: 77653240651
syscr: 31584026
syscw: 2098291
read_bytes: 28174827008
write_bytes: 77660962816
cancelled_write_bytes: 8192

[2020-01-22T17:59:40-08:00]
rchar: 261755109186
wchar: 77996429101
syscr: 31696351
syscw: 2106781
read_bytes: 28290268672
write_bytes: 78004236288
cancelled_write_bytes: 8192

[2020-01-22T17:59:43-08:00]
rchar: 262784741943
wchar: 78351235241
syscr: 31821182
syscw: 2115364
read_bytes: 28430376448
write_bytes: 78359076864
cancelled_write_bytes: 8192

[2020-01-22T17:59:46-08:00]
rchar: 263578496205
wchar: 78701179048
syscr: 31917319
syscw: 2123540
read_bytes: 28516163072
write_bytes: 78709325824
cancelled_write_bytes: 8192

[2020-01-22T17:59:49-08:00]
rchar: 265642238479
wchar: 79127974042
syscr: 32167429
syscw: 2137111
read_bytes: 28688776704
write_bytes: 79135920128
cancelled_write_bytes: 8192

[2020-01-22T17:59:52-08:00]
rchar: 267204309067
wchar: 79330943652
syscr: 32356796
syscw: 2146073
read_bytes: 28784172544
write_bytes: 79339479040
cancelled_write_bytes: 8192

[2020-01-22T17:59:55-08:00]
rchar: 268076422153
wchar: 79685051338
syscr: 32462433
syscw: 2153335
read_bytes: 28818370048
write_bytes: 79693049856
cancelled_write_bytes: 8192

[2020-01-22T17:59:58-08:00]
rchar: 270632733685
wchar: 80330324964
syscr: 32772389
syscw: 2169932
read_bytes: 28905377280
write_bytes: 80338354176
cancelled_write_bytes: 8192

[2020-01-22T18:00:01-08:00]
rchar: 272190299562
wchar: 80734513928
syscr: 32961251
syscw: 2180222
read_bytes: 28957691392
write_bytes: 80742563840
cancelled_write_bytes: 8192

[2020-01-22T18:00:04-08:00]
rchar: 273186254119
wchar: 81128686331
syscr: 33082014
syscw: 2187232
read_bytes: 28989988352
write_bytes: 81136758784
cancelled_write_bytes: 8192

[2020-01-22T18:00:07-08:00]
rchar: 274304595250
wchar: 81487864208
syscr: 33217017
syscw: 2197475
read_bytes: 29047975424
write_bytes: 81495986176
cancelled_write_bytes: 8192

[2020-01-22T18:00:10-08:00]
rchar: 276236610015
wchar: 82000132307
syscr: 33451247
syscw: 2214789
read_bytes: 29153934848
write_bytes: 82008330240
cancelled_write_bytes: 8192

[2020-01-22T18:00:13-08:00]
rchar: 276759420715
wchar: 82157399748
syscr: 33514647
syscw: 2220143
read_bytes: 29180538368
write_bytes: 82165608448
cancelled_write_bytes: 8192

[2020-01-22T18:00:16-08:00]
rchar: 278508247098
wchar: 82714183617
syscr: 33726567
syscw: 2234982
read_bytes: 29263400448
write_bytes: 82722455552
cancelled_write_bytes: 8192

[2020-01-22T18:00:19-08:00]
rchar: 280187754531
wchar: 83080885408
syscr: 33930179
syscw: 2249022
read_bytes: 29339762176
write_bytes: 83089195008
cancelled_write_bytes: 8192

[2020-01-22T18:00:22-08:00]
rchar: 281339923460
wchar: 83524429452
syscr: 34069889
syscw: 2258591
read_bytes: 29391257088
write_bytes: 83532763136
cancelled_write_bytes: 8192

[2020-01-22T18:00:25-08:00]
rchar: 282849537127
wchar: 83852769769
syscr: 34252815
syscw: 2270161
read_bytes: 29447470592
write_bytes: 83862151168
cancelled_write_bytes: 8192

[2020-01-22T18:00:28-08:00]
rchar: 285416165987
wchar: 84374680603
syscr: 34563971
syscw: 2287477
read_bytes: 29545446912
write_bytes: 84383105024
cancelled_write_bytes: 8192

[2020-01-22T18:00:31-08:00]
rchar: 285924098211
wchar: 84571446513
syscr: 34625533
syscw: 2291306
read_bytes: 29564136960
write_bytes: 84579889152
cancelled_write_bytes: 8192

[2020-01-22T18:00:34-08:00]
rchar: 288054778854
wchar: 85164535431
syscr: 34883760
syscw: 2305743
read_bytes: 29632601600
write_bytes: 85173039104
cancelled_write_bytes: 8192

[2020-01-22T18:00:37-08:00]
rchar: 289791656005
wchar: 85596475980
syscr: 35094362
syscw: 2317212
read_bytes: 29684633088
write_bytes: 85604999168
cancelled_write_bytes: 8192

[2020-01-22T18:00:40-08:00]
rchar: 291807677239
wchar: 86086389735
syscr: 35338808
syscw: 2329423
read_bytes: 29747203584
write_bytes: 86094946304
cancelled_write_bytes: 8192

[2020-01-22T18:00:43-08:00]
rchar: 292379394184
wchar: 86417680358
syscr: 35408048
syscw: 2333889
read_bytes: 29763145216
write_bytes: 86426259456
cancelled_write_bytes: 8192

[2020-01-22T18:00:46-08:00]
rchar: 294450298520
wchar: 87088197651
syscr: 35658561
syscw: 2346130
read_bytes: 29831458304
write_bytes: 87096868864
cancelled_write_bytes: 8192

[2020-01-22T18:00:49-08:00]
rchar: 295243003563
wchar: 87576405929
syscr: 35754684
syscw: 2352393
read_bytes: 29872225792
write_bytes: 87585083392
cancelled_write_bytes: 8192

[2020-01-22T18:00:52-08:00]
rchar: 295956351213
wchar: 87967289822
syscr: 35841152
syscw: 2358998
read_bytes: 29919051264
write_bytes: 87976030208
cancelled_write_bytes: 8192

[2020-01-22T18:00:55-08:00]
rchar: 297065738957
wchar: 88602046476
syscr: 35975624
syscw: 2368075
read_bytes: 29990018560
write_bytes: 88610844672
cancelled_write_bytes: 8192

[2020-01-22T18:00:58-08:00]
rchar: 297688562912
wchar: 88928318667
syscr: 36051049
syscw: 2374199
read_bytes: 30036495872
write_bytes: 88937160704
cancelled_write_bytes: 8192

[2020-01-22T18:01:01-08:00]
rchar: 298536665331
wchar: 89416363747
syscr: 36153898
syscw: 2382668
read_bytes: 30120439296
write_bytes: 89425244160
cancelled_write_bytes: 8192

[2020-01-22T18:01:04-08:00]
rchar: 299204578615
wchar: 89758275471
syscr: 36234740
syscw: 2389799
read_bytes: 30183308800
write_bytes: 89767235584
cancelled_write_bytes: 8192

[2020-01-22T18:01:07-08:00]
rchar: 300888115253
wchar: 90305287148
syscr: 36438888
syscw: 2403269
read_bytes: 30399168000
write_bytes: 90314260480
cancelled_write_bytes: 8192

[2020-01-22T18:01:10-08:00]
rchar: 302601342521
wchar: 90841855523
syscr: 36646621
syscw: 2416596
read_bytes: 30611037696
write_bytes: 90850979840
cancelled_write_bytes: 8192

[2020-01-22T18:01:13-08:00]
rchar: 303314611584
wchar: 91145459853
syscr: 36733115
syscw: 2423194
read_bytes: 30691671552
write_bytes: 91154522112
cancelled_write_bytes: 8192

[2020-01-22T18:01:16-08:00]
rchar: 304632233863
wchar: 91564201825
syscr: 36892805
syscw: 2433703
read_bytes: 30829346304
write_bytes: 91573309440
cancelled_write_bytes: 8192

[2020-01-22T18:01:19-08:00]
rchar: 306591015019
wchar: 92089602481
syscr: 37130296
syscw: 2447159
read_bytes: 31030885888
write_bytes: 92098772992
cancelled_write_bytes: 8192

[2020-01-22T18:01:22-08:00]
rchar: 308267310923
wchar: 92503285365
syscr: 37333487
syscw: 2458478
read_bytes: 31194717696
write_bytes: 92512522240
cancelled_write_bytes: 8192

[2020-01-22T18:01:25-08:00]
rchar: 308854059199
wchar: 92776870738
syscr: 37404632
syscw: 2464463
read_bytes: 31237533184
write_bytes: 92786110464
cancelled_write_bytes: 8192

[2020-01-22T18:01:28-08:00]
rchar: 311166777993
wchar: 93211775054
syscr: 37684882
syscw: 2477640
read_bytes: 31409065472
write_bytes: 93221072896
cancelled_write_bytes: 8192

[2020-01-22T18:01:31-08:00]
rchar: 313541796027
wchar: 93488324208
syscr: 37972701
syscw: 2489723
read_bytes: 31491460608
write_bytes: 93497655296
cancelled_write_bytes: 8192

[2020-01-22T18:01:34-08:00]
rchar: 314275822775
wchar: 93783373938
syscr: 38061618
syscw: 2495704
read_bytes: 31512251904
write_bytes: 93792727040
cancelled_write_bytes: 8192

[2020-01-22T18:01:37-08:00]
rchar: 317386179642
wchar: 94392640561
syscr: 38438745
syscw: 2512048
read_bytes: 31588052480
write_bytes: 94402027520
cancelled_write_bytes: 8192

[2020-01-22T18:01:40-08:00]
rchar: 319890606635
wchar: 94970287940
syscr: 38741944
syscw: 2525531
read_bytes: 31647268352
write_bytes: 94979735552
cancelled_write_bytes: 8192

[2020-01-22T18:01:43-08:00]
rchar: 320472252134
wchar: 95315654998
syscr: 38812473
syscw: 2530896
read_bytes: 31661956608
write_bytes: 95325130752
cancelled_write_bytes: 8192

[2020-01-22T18:01:46-08:00]
rchar: 321510806952
wchar: 95994694979
syscr: 38938408
syscw: 2539356
read_bytes: 31686938112
write_bytes: 96004182016
cancelled_write_bytes: 8192

[2020-01-22T18:01:49-08:00]
rchar: 322380517132
wchar: 96542004952
syscr: 39043797
syscw: 2545520
read_bytes: 31703911936
write_bytes: 96551575552
cancelled_write_bytes: 8192

[2020-01-22T18:01:52-08:00]
rchar: 323504269882
wchar: 97176463013
syscr: 39180026
syscw: 2553062
read_bytes: 31724404224
write_bytes: 97186144256
cancelled_write_bytes: 8192

[2020-01-22T18:01:55-08:00]
rchar: 324329909092
wchar: 97671403998
syscr: 39280125
syscw: 2558168
read_bytes: 31738760704
write_bytes: 97681674240
cancelled_write_bytes: 8192

[2020-01-22T18:01:58-08:00]
rchar: 325012800568
wchar: 98064440441
syscr: 39362862
syscw: 2563170
read_bytes: 31751110144
write_bytes: 98074202112
cancelled_write_bytes: 8192

[2020-01-22T18:02:01-08:00]
rchar: 326197369015
wchar: 98764260783
syscr: 39506373
syscw: 2571052
read_bytes: 31771860480
write_bytes: 98774093824
cancelled_write_bytes: 8192

[2020-01-22T18:02:04-08:00]
rchar: 326808863271
wchar: 99117481218
syscr: 39580370
syscw: 2575511
read_bytes: 31783661056
write_bytes: 99127373824
cancelled_write_bytes: 8192

[2020-01-22T18:02:07-08:00]
rchar: 327608580928
wchar: 99486107917
syscr: 39677214
syscw: 2583403
read_bytes: 31809457664
write_bytes: 99496046592
cancelled_write_bytes: 8192

[2020-01-22T18:02:10-08:00]
rchar: 328842850877
wchar: 99841593239
syscr: 39826763
syscw: 2592862
read_bytes: 31847689728
write_bytes: 99851575296
cancelled_write_bytes: 8192

[2020-01-22T18:02:13-08:00]
rchar: 331599168522
wchar: 100386654565
syscr: 40160950
syscw: 2611608
read_bytes: 31935741440
write_bytes: 100396695552
cancelled_write_bytes: 8192

[2020-01-22T18:02:16-08:00]
rchar: 332294266067
wchar: 100587952747
syscr: 40245185
syscw: 2616842
read_bytes: 31956450816
write_bytes: 100598018048
cancelled_write_bytes: 8192

[2020-01-22T18:02:19-08:00]
rchar: 334342907991
wchar: 101128018516
syscr: 40493467
syscw: 2631074
read_bytes: 32015740416
write_bytes: 101138132992
cancelled_write_bytes: 8192

[2020-01-22T18:02:22-08:00]
rchar: 336667450166
wchar: 101693647273
syscr: 40775319
syscw: 2645901
read_bytes: 32075599360
write_bytes: 101703790592
cancelled_write_bytes: 8192

[2020-01-22T18:02:25-08:00]
rchar: 338015638544
wchar: 102029196444
syscr: 40938790
syscw: 2655356
read_bytes: 32109702656
write_bytes: 102040117248
cancelled_write_bytes: 8192

[2020-01-22T18:02:28-08:00]
rchar: 339514606921
wchar: 102524703538
syscr: 41120455
syscw: 2665496
read_bytes: 32145251840
write_bytes: 102534901760
cancelled_write_bytes: 8192

[2020-01-22T18:02:31-08:00]
rchar: 341404424307
wchar: 103224951450
syscr: 41349065
syscw: 2678110
read_bytes: 32228589056
write_bytes: 103235235840
cancelled_write_bytes: 8192

[2020-01-22T18:02:34-08:00]
rchar: 342472109634
wchar: 103802198132
syscr: 41478517
syscw: 2687260
read_bytes: 32304336384
write_bytes: 103812542464
cancelled_write_bytes: 8192

[2020-01-22T18:02:37-08:00]
rchar: 343480517109
wchar: 104313684772
syscr: 41600765
syscw: 2696647
read_bytes: 32378138112
write_bytes: 104324046848
cancelled_write_bytes: 8192

[2020-01-22T18:02:40-08:00]
rchar: 344041550973
wchar: 104604626993
syscr: 41668751
syscw: 2702318
read_bytes: 32419962368
write_bytes: 104615034880
cancelled_write_bytes: 8192

[2020-01-22T18:02:43-08:00]
rchar: 345070079963
wchar: 105222139009
syscr: 41793473
syscw: 2711714
read_bytes: 32492367360
write_bytes: 105232556032
cancelled_write_bytes: 8192

[2020-01-22T18:02:46-08:00]
rchar: 345727628726
wchar: 105586591425
syscr: 41873158
syscw: 2719267
read_bytes: 32537816576
write_bytes: 105597095936
cancelled_write_bytes: 8192

[2020-01-22T18:02:49-08:00]
rchar: 347090000510
wchar: 106310904382
syscr: 42038280
syscw: 2730506
read_bytes: 32624999936
write_bytes: 106321416192
cancelled_write_bytes: 8192

[2020-01-22T18:02:52-08:00]
rchar: 347805364002
wchar: 106617439347
syscr: 42125047
syscw: 2737540
read_bytes: 32664448512
write_bytes: 106628644864
cancelled_write_bytes: 8192

[2020-01-22T18:02:55-08:00]
rchar: 349104778517
wchar: 107253222302
syscr: 42282571
syscw: 2747769
read_bytes: 32746077696
write_bytes: 107263905792
cancelled_write_bytes: 8192

[2020-01-22T18:02:58-08:00]
rchar: 349812566390
wchar: 107548526668
syscr: 42368373
syscw: 2754830
read_bytes: 32794861056
write_bytes: 107559243776
cancelled_write_bytes: 8192

[2020-01-22T18:03:01-08:00]
rchar: 350569542591
wchar: 107925526614
syscr: 42460129
syscw: 2762309
read_bytes: 32845635072
write_bytes: 107936268288
cancelled_write_bytes: 8192

[2020-01-22T18:03:05-08:00]
rchar: 351712136332
wchar: 108509166294
syscr: 42598558
syscw: 2772888
read_bytes: 32924012032
write_bytes: 108519940096
cancelled_write_bytes: 8192

[2020-01-22T18:03:08-08:00]
rchar: 352825133830
wchar: 108890052067
syscr: 42733334
syscw: 2782390
read_bytes: 33008680448
write_bytes: 108900888576
cancelled_write_bytes: 8192

[2020-01-22T18:03:11-08:00]
rchar: 354065800488
wchar: 109278062702
syscr: 42883791
syscw: 2792497
read_bytes: 33135799808
write_bytes: 109288980480
cancelled_write_bytes: 8192

[2020-01-22T18:03:14-08:00]
rchar: 355514157989
wchar: 109750109996
syscr: 43059413
syscw: 2803615
read_bytes: 33292918272
write_bytes: 109761036288
cancelled_write_bytes: 8192

[2020-01-22T18:03:17-08:00]
rchar: 356495818688
wchar: 110179298507
syscr: 43178445
syscw: 2813391
read_bytes: 33379261952
write_bytes: 110190247936
cancelled_write_bytes: 8192

[2020-01-22T18:03:20-08:00]
rchar: 358113108665
wchar: 110619116327
syscr: 43374459
syscw: 2824725
read_bytes: 33522044416
write_bytes: 110630170624
cancelled_write_bytes: 8192

[2020-01-22T18:03:23-08:00]
rchar: 359619189808
wchar: 111028058878
syscr: 43557078
syscw: 2835859
read_bytes: 33653534208
write_bytes: 111039381504
cancelled_write_bytes: 8192

[2020-01-22T18:03:26-08:00]
rchar: 361479687917
wchar: 111592556782
syscr: 43782678
syscw: 2847931
read_bytes: 33831546368
write_bytes: 111603630080
cancelled_write_bytes: 8192

[2020-01-22T18:03:29-08:00]
rchar: 362084676536
wchar: 111821248487
syscr: 43856042
syscw: 2854406
read_bytes: 33867415040
write_bytes: 111832371200
cancelled_write_bytes: 8192

[2020-01-22T18:03:32-08:00]
rchar: 364156669591
wchar: 112413349788
syscr: 44107196
syscw: 2867179
read_bytes: 34041191936
write_bytes: 112424513536
cancelled_write_bytes: 8192

[2020-01-22T18:03:35-08:00]
rchar: 365940995904
wchar: 112828444957
syscr: 44323557
syscw: 2879525
read_bytes: 34173238784
write_bytes: 112839622656
cancelled_write_bytes: 8192

[2020-01-22T18:03:38-08:00]
rchar: 368077807422
wchar: 113420115067
syscr: 44582663
syscw: 2892097
read_bytes: 34358218240
write_bytes: 113431359488
cancelled_write_bytes: 8192

[2020-01-22T18:03:41-08:00]
rchar: 368964714892
wchar: 113667279859
syscr: 44690207
syscw: 2899882
read_bytes: 34411408896
write_bytes: 113678536704
cancelled_write_bytes: 8192

[2020-01-22T18:03:44-08:00]
rchar: 370800632879
wchar: 114143174949
syscr: 44912461
syscw: 2912574
read_bytes: 34513587712
write_bytes: 114154508288
cancelled_write_bytes: 8192

[2020-01-22T18:03:47-08:00]
rchar: 373292314621
wchar: 114439206316
syscr: 45214175
syscw: 2926354
read_bytes: 34612542976
write_bytes: 114450644992
cancelled_write_bytes: 8192

[2020-01-22T18:03:50-08:00]
rchar: 375392738320
wchar: 114832737842
syscr: 45468844
syscw: 2937329
read_bytes: 34650713600
write_bytes: 114844180480
cancelled_write_bytes: 8192

[2020-01-22T18:03:53-08:00]
rchar: 378467386885
wchar: 115333759752
syscr: 45841553
syscw: 2951996
read_bytes: 34697186816
write_bytes: 115345244160
cancelled_write_bytes: 8192

[2020-01-22T18:03:56-08:00]
rchar: 381249445225
wchar: 115762427125
syscr: 46178865
syscw: 2964511
read_bytes: 34739535360
write_bytes: 115773935616
cancelled_write_bytes: 8192

[2020-01-22T18:03:59-08:00]
rchar: 382832234974
wchar: 116201540106
syscr: 46370774
syscw: 2973551
read_bytes: 34762845696
write_bytes: 116213059584
cancelled_write_bytes: 8192

[2020-01-22T18:04:02-08:00]
rchar: 385767342410
wchar: 116727086352
syscr: 46725963
syscw: 2987606
read_bytes: 34804645376
write_bytes: 116738703360
cancelled_write_bytes: 8192

[2020-01-22T18:04:05-08:00]
rchar: 386708145916
wchar: 117197434491
syscr: 46840039
syscw: 2995386
read_bytes: 34827173376
write_bytes: 117209059328
cancelled_write_bytes: 8192

[2020-01-22T18:04:08-08:00]
rchar: 388162321097
wchar: 117898018158
syscr: 47016347
syscw: 3007616
read_bytes: 34866351616
write_bytes: 117909725184
cancelled_write_bytes: 8192

[2020-01-22T18:04:11-08:00]
rchar: 389033911073
wchar: 118328071229
syscr: 47122017
syscw: 3015222
read_bytes: 34891243008
write_bytes: 118340513792
cancelled_write_bytes: 8192

[2020-01-22T18:04:14-08:00]
rchar: 389795017310
wchar: 118681653221
syscr: 47214191
syscw: 3023591
read_bytes: 34916576768
write_bytes: 118693466112
cancelled_write_bytes: 8192

[2020-01-22T18:04:17-08:00]
rchar: 390602910621
wchar: 119149478647
syscr: 47312156
syscw: 3031878
read_bytes: 34943823360
write_bytes: 119161323520
cancelled_write_bytes: 8192

[2020-01-22T18:04:20-08:00]
rchar: 391881633334
wchar: 119684406929
syscr: 47467037
syscw: 3042963
read_bytes: 34981854720
write_bytes: 119696314368
cancelled_write_bytes: 8192

[2020-01-22T18:04:23-08:00]
rchar: 393343394625
wchar: 120027974574
syscr: 47644227
syscw: 3054185
read_bytes: 35069652480
write_bytes: 120039952384
cancelled_write_bytes: 8192

[2020-01-22T18:04:26-08:00]
rchar: 394755452055
wchar: 120312395549
syscr: 47815444
syscw: 3065336
read_bytes: 35154140672
write_bytes: 120325574656
cancelled_write_bytes: 8192

[2020-01-22T18:04:29-08:00]
rchar: 396620792526
wchar: 120785482430
syscr: 48041540
syscw: 3079513
read_bytes: 35252792832
write_bytes: 120797507584
cancelled_write_bytes: 8192

[2020-01-22T18:04:32-08:00]
rchar: 398969866664
wchar: 121274879357
syscr: 48326378
syscw: 3094794
read_bytes: 35396668928
write_bytes: 121286946816
cancelled_write_bytes: 8192

[2020-01-22T18:04:35-08:00]
rchar: 399422128979
wchar: 121475706938
syscr: 48381226
syscw: 3098175
read_bytes: 35452366336
write_bytes: 121487794176
cancelled_write_bytes: 8192

[2020-01-22T18:04:38-08:00]
rchar: 399422128979
wchar: 121475707014
syscr: 48381226
syscw: 3098176
read_bytes: 35452366336
write_bytes: 121487802368
cancelled_write_bytes: 8192

[2020-01-22T18:04:41-08:00]
rchar: 399422128979
wchar: 121475707014
syscr: 48381226
syscw: 3098176
read_bytes: 35452366336
write_bytes: 121487802368
cancelled_write_bytes: 8192

[2020-01-22T18:04:44-08:00]
rchar: 399422128979
wchar: 121475707014
syscr: 48381226
syscw: 3098176
read_bytes: 35452366336
write_bytes: 121487802368
cancelled_write_bytes: 8192

