[2020-01-20T04:31:13-08:00]
rchar: 16583888
wchar: 209
syscr: 2824
syscw: 10
read_bytes: 708608
write_bytes: 53248
cancelled_write_bytes: 0

[2020-01-20T04:31:16-08:00]
rchar: 16583888
wchar: 209
syscr: 2824
syscw: 10
read_bytes: 708608
write_bytes: 53248
cancelled_write_bytes: 0

[2020-01-20T04:31:19-08:00]
rchar: 16583888
wchar: 209
syscr: 2824
syscw: 10
read_bytes: 708608
write_bytes: 53248
cancelled_write_bytes: 0

[2020-01-20T04:31:22-08:00]
rchar: 16583888
wchar: 209
syscr: 2824
syscw: 10
read_bytes: 708608
write_bytes: 53248
cancelled_write_bytes: 0

[2020-01-20T04:31:26-08:00]
rchar: 16583888
wchar: 209
syscr: 2824
syscw: 10
read_bytes: 708608
write_bytes: 53248
cancelled_write_bytes: 0

[2020-01-20T04:31:29-08:00]
rchar: 16583888
wchar: 209
syscr: 2824
syscw: 10
read_bytes: 708608
write_bytes: 61440
cancelled_write_bytes: 0

[2020-01-20T04:31:32-08:00]
rchar: 16583888
wchar: 209
syscr: 2824
syscw: 10
read_bytes: 708608
write_bytes: 61440
cancelled_write_bytes: 0

[2020-01-20T04:31:35-08:00]
rchar: 16583888
wchar: 209
syscr: 2824
syscw: 10
read_bytes: 708608
write_bytes: 69632
cancelled_write_bytes: 0

[2020-01-20T04:31:38-08:00]
rchar: 16583888
wchar: 209
syscr: 2824
syscw: 10
read_bytes: 708608
write_bytes: 69632
cancelled_write_bytes: 0

[2020-01-20T04:31:41-08:00]
rchar: 233024286
wchar: 8275336
syscr: 10630
syscw: 1261
read_bytes: 229672448
write_bytes: 8372224
cancelled_write_bytes: 0

[2020-01-20T04:31:44-08:00]
rchar: 525707179
wchar: 281051397
syscr: 38253
syscw: 17019
read_bytes: 611207680
write_bytes: 281165824
cancelled_write_bytes: 0

[2020-01-20T04:31:47-08:00]
rchar: 876562858
wchar: 412886133
syscr: 80804
syscw: 43395
read_bytes: 1105922560
write_bytes: 413003776
cancelled_write_bytes: 0

[2020-01-20T04:31:50-08:00]
rchar: 1049652966
wchar: 653368162
syscr: 101798
syscw: 56927
read_bytes: 1347103232
write_bytes: 653488128
cancelled_write_bytes: 0

[2020-01-20T04:31:53-08:00]
rchar: 1697500828
wchar: 769625360
syscr: 180273
syscw: 80097
read_bytes: 1749154304
write_bytes: 769761280
cancelled_write_bytes: 0

[2020-01-20T04:31:56-08:00]
rchar: 2349633717
wchar: 891369112
syscr: 259350
syscw: 103874
read_bytes: 2157906432
write_bytes: 891506688
cancelled_write_bytes: 0

[2020-01-20T04:31:59-08:00]
rchar: 2794481460
wchar: 1280700904
syscr: 313206
syscw: 111839
read_bytes: 2276030976
write_bytes: 1281155072
cancelled_write_bytes: 0

[2020-01-20T04:32:02-08:00]
rchar: 3673512505
wchar: 1701020507
syscr: 419558
syscw: 126077
read_bytes: 2497649152
write_bytes: 1701240832
cancelled_write_bytes: 0

[2020-01-20T04:32:05-08:00]
rchar: 4383092434
wchar: 1833431224
syscr: 505600
syscw: 152354
read_bytes: 2922289664
write_bytes: 1833656320
cancelled_write_bytes: 0

[2020-01-20T04:32:08-08:00]
rchar: 4777224777
wchar: 2065016143
syscr: 553308
syscw: 164005
read_bytes: 3104582144
write_bytes: 2065256448
cancelled_write_bytes: 0

[2020-01-20T04:32:11-08:00]
rchar: 5780721992
wchar: 2188368490
syscr: 674986
syscw: 188416
read_bytes: 3479308800
write_bytes: 2188627968
cancelled_write_bytes: 0

[2020-01-20T04:32:14-08:00]
rchar: 6501214495
wchar: 2278764428
syscr: 762348
syscw: 205906
read_bytes: 3751696896
write_bytes: 2279034880
cancelled_write_bytes: 0

[2020-01-20T04:32:17-08:00]
rchar: 6786887426
wchar: 2480813358
syscr: 796902
syscw: 211929
read_bytes: 3838364160
write_bytes: 2481098752
cancelled_write_bytes: 0

[2020-01-20T04:32:20-08:00]
rchar: 8116093332
wchar: 2601748657
syscr: 958065
syscw: 235888
read_bytes: 4196301312
write_bytes: 2602033152
cancelled_write_bytes: 0

[2020-01-20T04:32:23-08:00]
rchar: 9196212478
wchar: 2704506822
syscr: 1089027
syscw: 255893
read_bytes: 4490467840
write_bytes: 2704801792
cancelled_write_bytes: 0

[2020-01-20T04:32:26-08:00]
rchar: 10185931933
wchar: 2951190337
syscr: 1208945
syscw: 271392
read_bytes: 4706875904
write_bytes: 2951499776
cancelled_write_bytes: 0

[2020-01-20T04:32:29-08:00]
rchar: 11797079219
wchar: 3070741855
syscr: 1404292
syscw: 295469
read_bytes: 5044836864
write_bytes: 3071053824
cancelled_write_bytes: 0

[2020-01-20T04:32:32-08:00]
rchar: 12720982499
wchar: 3300943638
syscr: 1516316
syscw: 309625
read_bytes: 5240150528
write_bytes: 3301261312
cancelled_write_bytes: 0

[2020-01-20T04:32:35-08:00]
rchar: 13953023217
wchar: 3783752974
syscr: 1665618
syscw: 320002
read_bytes: 5368916480
write_bytes: 3784101888
cancelled_write_bytes: 0

[2020-01-20T04:32:38-08:00]
rchar: 15285955740
wchar: 4350624127
syscr: 1827235
syscw: 330533
read_bytes: 5497985536
write_bytes: 4351008768
cancelled_write_bytes: 0

[2020-01-20T04:32:41-08:00]
rchar: 16182463362
wchar: 4803614646
syscr: 1935421
syscw: 344017
read_bytes: 5673802240
write_bytes: 4804079616
cancelled_write_bytes: 0

[2020-01-20T04:32:44-08:00]
rchar: 16884639678
wchar: 5223245205
syscr: 2020533
syscw: 358219
read_bytes: 5861538304
write_bytes: 5223768064
cancelled_write_bytes: 0

[2020-01-20T04:32:47-08:00]
rchar: 17149419658
wchar: 5462171976
syscr: 2052625
syscw: 362957
read_bytes: 5920983552
write_bytes: 5463486464
cancelled_write_bytes: 0

[2020-01-20T04:32:50-08:00]
rchar: 17645494084
wchar: 5650643336
syscr: 2112682
syscw: 374471
read_bytes: 6077475328
write_bytes: 5651247104
cancelled_write_bytes: 0

[2020-01-20T04:32:53-08:00]
rchar: 18658013220
wchar: 5776818680
syscr: 2235454
syscw: 398655
read_bytes: 6413851136
write_bytes: 5777428480
cancelled_write_bytes: 0

[2020-01-20T04:32:56-08:00]
rchar: 19240779561
wchar: 6004004398
syscr: 2306119
syscw: 413200
read_bytes: 6608869888
write_bytes: 6004617216
cancelled_write_bytes: 0

[2020-01-20T04:32:59-08:00]
rchar: 20431623535
wchar: 6133905579
syscr: 2450425
syscw: 434420
read_bytes: 6892952064
write_bytes: 6134530048
cancelled_write_bytes: 0

[2020-01-20T04:33:02-08:00]
rchar: 21746338757
wchar: 6257231001
syscr: 2609836
syscw: 458713
read_bytes: 7210252800
write_bytes: 6257856512
cancelled_write_bytes: 0

[2020-01-20T04:33:05-08:00]
rchar: 22619773735
wchar: 6499229201
syscr: 2715657
syscw: 473640
read_bytes: 7383505408
write_bytes: 6499872768
cancelled_write_bytes: 0

[2020-01-20T04:33:08-08:00]
rchar: 24256614713
wchar: 6620363207
syscr: 2914119
syscw: 497392
read_bytes: 7690979840
write_bytes: 6621003776
cancelled_write_bytes: 0

[2020-01-20T04:33:11-08:00]
rchar: 25332610812
wchar: 6824108101
syscr: 3044582
syscw: 513869
read_bytes: 7893965312
write_bytes: 6825594880
cancelled_write_bytes: 0

[2020-01-20T04:33:14-08:00]
rchar: 26510168134
wchar: 7362195685
syscr: 3187277
syscw: 523431
read_bytes: 7998138880
write_bytes: 7362895872
cancelled_write_bytes: 0

[2020-01-20T04:33:17-08:00]
rchar: 27506021512
wchar: 7808720111
syscr: 3308030
syscw: 531146
read_bytes: 8081091072
write_bytes: 7809445888
cancelled_write_bytes: 0

[2020-01-20T04:33:20-08:00]
rchar: 28283712136
wchar: 8169759859
syscr: 3401827
syscw: 539188
read_bytes: 8174643712
write_bytes: 8170520576
cancelled_write_bytes: 0

[2020-01-20T04:33:23-08:00]
rchar: 29151104882
wchar: 8619609926
syscr: 3506964
syscw: 554086
read_bytes: 8349764096
write_bytes: 8620425216
cancelled_write_bytes: 0

[2020-01-20T04:33:26-08:00]
rchar: 29823583183
wchar: 8970699100
syscr: 3588494
syscw: 565814
read_bytes: 8484588032
write_bytes: 8971579392
cancelled_write_bytes: 0

[2020-01-20T04:33:29-08:00]
rchar: 30420600717
wchar: 9363341436
syscr: 3660793
syscw: 575413
read_bytes: 8646408704
write_bytes: 9364271104
cancelled_write_bytes: 0

[2020-01-20T04:33:32-08:00]
rchar: 31468664598
wchar: 9774414548
syscr: 3787837
syscw: 590528
read_bytes: 8836020736
write_bytes: 9775390720
cancelled_write_bytes: 0

[2020-01-20T04:33:35-08:00]
rchar: 32456968416
wchar: 10067003380
syscr: 3907660
syscw: 607658
read_bytes: 9151101440
write_bytes: 10068025344
cancelled_write_bytes: 0

[2020-01-20T04:33:38-08:00]
rchar: 33053513679
wchar: 10237138205
syscr: 3979975
syscw: 618110
read_bytes: 9342675456
write_bytes: 10238193664
cancelled_write_bytes: 0

[2020-01-20T04:33:41-08:00]
rchar: 33616844346
wchar: 10459853199
syscr: 4048197
syscw: 628418
read_bytes: 9458334208
write_bytes: 10460925952
cancelled_write_bytes: 0

[2020-01-20T04:33:44-08:00]
rchar: 35114064498
wchar: 10584410854
syscr: 4229735
syscw: 652585
read_bytes: 9744681472
write_bytes: 10585497600
cancelled_write_bytes: 0

[2020-01-20T04:33:47-08:00]
rchar: 36162430804
wchar: 10743556466
syscr: 4356853
syscw: 670406
read_bytes: 9945991680
write_bytes: 10744651776
cancelled_write_bytes: 0

[2020-01-20T04:33:50-08:00]
rchar: 37646291100
wchar: 10946389212
syscr: 4536680
syscw: 690763
read_bytes: 10173147648
write_bytes: 10947497984
cancelled_write_bytes: 0

[2020-01-20T04:33:53-08:00]
rchar: 39431742194
wchar: 11068588368
syscr: 4753166
syscw: 715130
read_bytes: 10446199296
write_bytes: 11069698048
cancelled_write_bytes: 0

[2020-01-20T04:33:56-08:00]
rchar: 40220232506
wchar: 11374766975
syscr: 4848688
syscw: 724920
read_bytes: 10546600448
write_bytes: 11375902720
cancelled_write_bytes: 0

[2020-01-20T04:33:59-08:00]
rchar: 41640472680
wchar: 11974015962
syscr: 5020894
syscw: 735294
read_bytes: 10648488448
write_bytes: 11975188480
cancelled_write_bytes: 0

[2020-01-20T04:34:02-08:00]
rchar: 42921250827
wchar: 12548454629
syscr: 5175706
syscw: 745725
read_bytes: 10752715264
write_bytes: 12549668864
cancelled_write_bytes: 0

[2020-01-20T04:34:05-08:00]
rchar: 43570159612
wchar: 12867363922
syscr: 5254361
syscw: 756038
read_bytes: 10863786496
write_bytes: 12868624384
cancelled_write_bytes: 0

[2020-01-20T04:34:08-08:00]
rchar: 44360294698
wchar: 13246787064
syscr: 5350132
syscw: 768733
read_bytes: 10998663680
write_bytes: 13248430080
cancelled_write_bytes: 0

[2020-01-20T04:34:11-08:00]
rchar: 44875411253
wchar: 13704041070
syscr: 5412590
syscw: 776320
read_bytes: 11076114944
write_bytes: 13705400320
cancelled_write_bytes: 0

[2020-01-20T04:34:14-08:00]
rchar: 45874749306
wchar: 14096184337
syscr: 5533667
syscw: 790124
read_bytes: 11218369024
write_bytes: 14097940480
cancelled_write_bytes: 0

[2020-01-20T04:34:17-08:00]
rchar: 46692480444
wchar: 14320733639
syscr: 5632800
syscw: 804045
read_bytes: 11442444800
write_bytes: 14322196480
cancelled_write_bytes: 0

[2020-01-20T04:34:20-08:00]
rchar: 47715419818
wchar: 14751337060
syscr: 5756820
syscw: 818114
read_bytes: 11609946624
write_bytes: 14752862208
cancelled_write_bytes: 0

[2020-01-20T04:34:23-08:00]
rchar: 48377836465
wchar: 15086754653
syscr: 5837102
syscw: 827201
read_bytes: 11702827520
write_bytes: 15088336896
cancelled_write_bytes: 0

[2020-01-20T04:34:26-08:00]
rchar: 49371745294
wchar: 15435498535
syscr: 5957508
syscw: 841711
read_bytes: 11901463040
write_bytes: 15437119488
cancelled_write_bytes: 0

[2020-01-20T04:34:29-08:00]
rchar: 50920032003
wchar: 15566017767
syscr: 6145238
syscw: 866861
read_bytes: 12172433920
write_bytes: 15567638528
cancelled_write_bytes: 0

[2020-01-20T04:34:32-08:00]
rchar: 51628739705
wchar: 15801106462
syscr: 6231088
syscw: 878933
read_bytes: 12296546816
write_bytes: 15802736640
cancelled_write_bytes: 0

[2020-01-20T04:34:35-08:00]
rchar: 53424846118
wchar: 15924066784
syscr: 6448862
syscw: 902854
read_bytes: 12547176960
write_bytes: 15925702656
cancelled_write_bytes: 0

[2020-01-20T04:34:38-08:00]
rchar: 55100505404
wchar: 16039843484
syscr: 6652034
syscw: 925570
read_bytes: 12781046272
write_bytes: 16041480192
cancelled_write_bytes: 0

[2020-01-20T04:34:41-08:00]
rchar: 55308783517
wchar: 16238741503
syscr: 6677206
syscw: 928453
read_bytes: 12807277056
write_bytes: 16240992256
cancelled_write_bytes: 0

[2020-01-20T04:34:44-08:00]
rchar: 56586586494
wchar: 16768501586
syscr: 6832142
syscw: 938069
read_bytes: 12893104640
write_bytes: 16770203648
cancelled_write_bytes: 0

[2020-01-20T04:34:47-08:00]
rchar: 58012613328
wchar: 17379369604
syscr: 7005053
syscw: 949076
read_bytes: 12986522112
write_bytes: 17381109760
cancelled_write_bytes: 0

[2020-01-20T04:34:50-08:00]
rchar: 58945817935
wchar: 17799796896
syscr: 7117701
syscw: 964863
read_bytes: 13136071168
write_bytes: 17801592832
cancelled_write_bytes: 0

[2020-01-20T04:34:53-08:00]
rchar: 59743013928
wchar: 18109896226
syscr: 7214352
syscw: 979750
read_bytes: 13331864064
write_bytes: 18111729664
cancelled_write_bytes: 0

[2020-01-20T04:34:56-08:00]
rchar: 60104910425
wchar: 18441880392
syscr: 7258129
syscw: 985308
read_bytes: 13398153728
write_bytes: 18443759616
cancelled_write_bytes: 0

[2020-01-20T04:34:59-08:00]
rchar: 61101342165
wchar: 18756489501
syscr: 7378935
syscw: 999927
read_bytes: 13601270272
write_bytes: 18758393856
cancelled_write_bytes: 0

[2020-01-20T04:35:02-08:00]
rchar: 62203540696
wchar: 19116220831
syscr: 7512558
syscw: 1016341
read_bytes: 13806795264
write_bytes: 19118178304
cancelled_write_bytes: 0

[2020-01-20T04:35:05-08:00]
rchar: 63185288034
wchar: 19403545055
syscr: 7631579
syscw: 1031624
read_bytes: 14035458560
write_bytes: 19405524992
cancelled_write_bytes: 0

[2020-01-20T04:35:08-08:00]
rchar: 63952527774
wchar: 19847399787
syscr: 7724505
syscw: 1041172
read_bytes: 14117034496
write_bytes: 19850059776
cancelled_write_bytes: 0

[2020-01-20T04:35:11-08:00]
rchar: 65209031885
wchar: 20333588828
syscr: 7876838
syscw: 1055376
read_bytes: 14239582720
write_bytes: 20335685632
cancelled_write_bytes: 0

[2020-01-20T04:35:14-08:00]
rchar: 66589244961
wchar: 20548744507
syscr: 8044160
syscw: 1075474
read_bytes: 14434089472
write_bytes: 20550893568
cancelled_write_bytes: 0

[2020-01-20T04:35:17-08:00]
rchar: 67283561818
wchar: 20777904975
syscr: 8128267
syscw: 1086816
read_bytes: 14539934208
write_bytes: 20780064768
cancelled_write_bytes: 0

[2020-01-20T04:35:20-08:00]
rchar: 68844670896
wchar: 20881404388
syscr: 8317545
syscw: 1107340
read_bytes: 14730689024
write_bytes: 20883566592
cancelled_write_bytes: 0

[2020-01-20T04:35:23-08:00]
rchar: 70671842815
wchar: 21005240285
syscr: 8539086
syscw: 1130776
read_bytes: 14954031616
write_bytes: 21007400960
cancelled_write_bytes: 0

[2020-01-20T04:35:26-08:00]
rchar: 71473879757
wchar: 21379697917
syscr: 8636253
syscw: 1139235
read_bytes: 15025322496
write_bytes: 21381894144
cancelled_write_bytes: 0

[2020-01-20T04:35:29-08:00]
rchar: 72979457367
wchar: 21995135924
syscr: 8818810
syscw: 1150736
read_bytes: 15115090432
write_bytes: 21997367296
cancelled_write_bytes: 0

[2020-01-20T04:35:32-08:00]
rchar: 74305487364
wchar: 22560234438
syscr: 8979087
syscw: 1162141
read_bytes: 15210490368
write_bytes: 22562516992
cancelled_write_bytes: 0

[2020-01-20T04:35:35-08:00]
rchar: 75014417910
wchar: 22905191214
syscr: 9065010
syscw: 1172488
read_bytes: 15298968064
write_bytes: 22908432384
cancelled_write_bytes: 0

[2020-01-20T04:35:38-08:00]
rchar: 75853262118
wchar: 23302819692
syscr: 9166704
syscw: 1185429
read_bytes: 15412947456
write_bytes: 23305170944
cancelled_write_bytes: 0

[2020-01-20T04:35:41-08:00]
rchar: 76351941489
wchar: 23723384030
syscr: 9227071
syscw: 1192078
read_bytes: 15466998272
write_bytes: 23725789184
cancelled_write_bytes: 0

[2020-01-20T04:35:44-08:00]
rchar: 77532124906
wchar: 24187858685
syscr: 9370125
syscw: 1207465
read_bytes: 15597181440
write_bytes: 24190316544
cancelled_write_bytes: 0

[2020-01-20T04:35:47-08:00]
rchar: 78220471347
wchar: 24503668089
syscr: 9453562
syscw: 1216087
read_bytes: 15668288000
write_bytes: 24506179584
cancelled_write_bytes: 0

[2020-01-20T04:35:50-08:00]
rchar: 79339441929
wchar: 24806913419
syscr: 9589229
syscw: 1233990
read_bytes: 15922846208
write_bytes: 24809451520
cancelled_write_bytes: 0

[2020-01-20T04:35:53-08:00]
rchar: 79925263233
wchar: 25144328199
syscr: 9660158
syscw: 1243607
read_bytes: 16037198336
write_bytes: 25146904576
cancelled_write_bytes: 0

[2020-01-20T04:35:56-08:00]
rchar: 81245130980
wchar: 25631255611
syscr: 9820174
syscw: 1258238
read_bytes: 16157751808
write_bytes: 25633886208
cancelled_write_bytes: 0

[2020-01-20T04:35:59-08:00]
rchar: 82568627615
wchar: 25903394776
syscr: 9980624
syscw: 1276204
read_bytes: 16385513984
write_bytes: 25906069504
cancelled_write_bytes: 0

[2020-01-20T04:36:02-08:00]
rchar: 83566583755
wchar: 26094701730
syscr: 10101632
syscw: 1290260
read_bytes: 16585284096
write_bytes: 26097389568
cancelled_write_bytes: 0

[2020-01-20T04:36:05-08:00]
rchar: 83998644156
wchar: 26353027457
syscr: 10153938
syscw: 1296213
read_bytes: 16646609408
write_bytes: 26355736576
cancelled_write_bytes: 0

[2020-01-20T04:36:08-08:00]
rchar: 85807209502
wchar: 26488445542
syscr: 10373186
syscw: 1319195
read_bytes: 16845142528
write_bytes: 26491170816
cancelled_write_bytes: 0

[2020-01-20T04:36:11-08:00]
rchar: 87405067897
wchar: 26597370363
syscr: 10566924
syscw: 1339781
read_bytes: 17025509888
write_bytes: 26600099840
cancelled_write_bytes: 0

[2020-01-20T04:36:14-08:00]
rchar: 88478878754
wchar: 27109744029
syscr: 10697040
syscw: 1349820
read_bytes: 17098844672
write_bytes: 27112509440
cancelled_write_bytes: 0

[2020-01-20T04:36:17-08:00]
rchar: 89834368212
wchar: 27676433393
syscr: 10861398
syscw: 1360139
read_bytes: 17171360256
write_bytes: 27679805440
cancelled_write_bytes: 0

[2020-01-20T04:36:20-08:00]
rchar: 90618325264
wchar: 28033962720
syscr: 10955963
syscw: 1366625
read_bytes: 17219123712
write_bytes: 28036800512
cancelled_write_bytes: 0

[2020-01-20T04:36:23-08:00]
rchar: 91650000788
wchar: 28511819261
syscr: 11081031
syscw: 1382246
read_bytes: 17343457792
write_bytes: 28514713600
cancelled_write_bytes: 0

[2020-01-20T04:36:26-08:00]
rchar: 92346258406
wchar: 28798486697
syscr: 11165412
syscw: 1393640
read_bytes: 17454135808
write_bytes: 28801421312
cancelled_write_bytes: 0

[2020-01-20T04:36:29-08:00]
rchar: 93305322013
wchar: 29234031635
syscr: 11281609
syscw: 1408742
read_bytes: 17629469184
write_bytes: 29237018624
cancelled_write_bytes: 0

[2020-01-20T04:36:32-08:00]
rchar: 94349753612
wchar: 29549231254
syscr: 11408245
syscw: 1423758
read_bytes: 17791158784
write_bytes: 29552242688
cancelled_write_bytes: 0

[2020-01-20T04:36:35-08:00]
rchar: 95437505838
wchar: 30004821940
syscr: 11540085
syscw: 1437412
read_bytes: 17895705088
write_bytes: 30007889920
cancelled_write_bytes: 0

[2020-01-20T04:36:38-08:00]
rchar: 96203398624
wchar: 30427927911
syscr: 11632940
syscw: 1447359
read_bytes: 17967532544
write_bytes: 30431035392
cancelled_write_bytes: 0

[2020-01-20T04:36:41-08:00]
rchar: 97312525203
wchar: 30894631641
syscr: 11767295
syscw: 1459860
read_bytes: 18060147200
write_bytes: 30897811456
cancelled_write_bytes: 0

[2020-01-20T04:36:44-08:00]
rchar: 98120109143
wchar: 31184176879
syscr: 11865185
syscw: 1468826
read_bytes: 18134993408
write_bytes: 31187398656
cancelled_write_bytes: 0

[2020-01-20T04:36:47-08:00]
rchar: 99543793902
wchar: 31451639839
syscr: 12037816
syscw: 1487896
read_bytes: 18382690816
write_bytes: 31454896128
cancelled_write_bytes: 0

[2020-01-20T04:36:50-08:00]
rchar: 100457649070
wchar: 31705496263
syscr: 12148595
syscw: 1501825
read_bytes: 18497894912
write_bytes: 31708774400
cancelled_write_bytes: 0

[2020-01-20T04:36:53-08:00]
rchar: 102223903284
wchar: 31819822264
syscr: 12362667
syscw: 1523905
read_bytes: 18671430144
write_bytes: 31823114240
cancelled_write_bytes: 0

[2020-01-20T04:36:56-08:00]
rchar: 104097211059
wchar: 31942108098
syscr: 12589804
syscw: 1547837
read_bytes: 18856487424
write_bytes: 31945400320
cancelled_write_bytes: 0

[2020-01-20T04:36:59-08:00]
rchar: 104845787771
wchar: 32347826544
syscr: 12680487
syscw: 1555109
read_bytes: 18903243264
write_bytes: 32351141888
cancelled_write_bytes: 0

[2020-01-20T04:37:02-08:00]
rchar: 105818133490
wchar: 32717759196
syscr: 12798385
syscw: 1562628
read_bytes: 18953120256
write_bytes: 32721096704
cancelled_write_bytes: 0

[2020-01-20T04:37:05-08:00]
rchar: 107208806900
wchar: 33323460996
syscr: 12966545
syscw: 1574317
read_bytes: 19028363776
write_bytes: 33326854144
cancelled_write_bytes: 0

[2020-01-20T04:37:08-08:00]
rchar: 108299030945
wchar: 33804320039
syscr: 13098716
syscw: 1591211
read_bytes: 19149167104
write_bytes: 33807757312
cancelled_write_bytes: 0

[2020-01-20T04:37:11-08:00]
rchar: 108944353706
wchar: 34143269025
syscr: 13176917
syscw: 1600561
read_bytes: 19211545088
write_bytes: 34146758656
cancelled_write_bytes: 0

[2020-01-20T04:37:14-08:00]
rchar: 109450654313
wchar: 34571282860
syscr: 13238207
syscw: 1607915
read_bytes: 19261012480
write_bytes: 34574831616
cancelled_write_bytes: 0

[2020-01-20T04:37:17-08:00]
rchar: 110636118244
wchar: 35096766968
syscr: 13381931
syscw: 1622610
read_bytes: 19360471552
write_bytes: 35100368896
cancelled_write_bytes: 0

[2020-01-20T04:37:20-08:00]
rchar: 111359050638
wchar: 35411253262
syscr: 13469562
syscw: 1631732
read_bytes: 19421809152
write_bytes: 35414896640
cancelled_write_bytes: 0

[2020-01-20T04:37:23-08:00]
rchar: 112503593349
wchar: 35881560414
syscr: 13608285
syscw: 1646645
read_bytes: 19527793152
write_bytes: 35886256128
cancelled_write_bytes: 0

[2020-01-20T04:37:26-08:00]
rchar: 113327880221
wchar: 36227451298
syscr: 13708205
syscw: 1657461
read_bytes: 19604261376
write_bytes: 36231208960
cancelled_write_bytes: 0

[2020-01-20T04:37:29-08:00]
rchar: 114028995664
wchar: 36677406745
syscr: 13793126
syscw: 1666391
read_bytes: 19660511744
write_bytes: 36681207808
cancelled_write_bytes: 0

[2020-01-20T04:37:32-08:00]
rchar: 115243467863
wchar: 36909426705
syscr: 13940367
syscw: 1683426
read_bytes: 19861797376
write_bytes: 36913250304
cancelled_write_bytes: 0

[2020-01-20T04:37:35-08:00]
rchar: 116653170790
wchar: 37196327899
syscr: 14111243
syscw: 1702956
read_bytes: 20078561792
write_bytes: 37200187392
cancelled_write_bytes: 0

[2020-01-20T04:37:38-08:00]
rchar: 117517044871
wchar: 37434808328
syscr: 14215906
syscw: 1716049
read_bytes: 20172134912
write_bytes: 37438693376
cancelled_write_bytes: 0

[2020-01-20T04:37:41-08:00]
rchar: 119425542488
wchar: 37561000007
syscr: 14447308
syscw: 1740224
read_bytes: 20347312640
write_bytes: 37564878848
cancelled_write_bytes: 0

[2020-01-20T04:37:44-08:00]
rchar: 120791282343
wchar: 37653421017
syscr: 14612903
syscw: 1757946
read_bytes: 20474890752
write_bytes: 37657305088
cancelled_write_bytes: 0

[2020-01-20T04:37:47-08:00]
rchar: 121971804590
wchar: 38214511193
syscr: 14755960
syscw: 1768786
read_bytes: 20540320256
write_bytes: 38218436608
cancelled_write_bytes: 0

[2020-01-20T04:37:50-08:00]
rchar: 122895967704
wchar: 38601601265
syscr: 14868017
syscw: 1776017
read_bytes: 20581333504
write_bytes: 38605561856
cancelled_write_bytes: 0

[2020-01-20T04:37:53-08:00]
rchar: 124344434022
wchar: 39172363631
syscr: 15043165
syscw: 1790360
read_bytes: 20669315584
write_bytes: 39176364032
cancelled_write_bytes: 0

[2020-01-20T04:37:56-08:00]
rchar: 125396193316
wchar: 39667907254
syscr: 15170664
syscw: 1805877
read_bytes: 20768582144
write_bytes: 39671980032
cancelled_write_bytes: 0

[2020-01-20T04:37:59-08:00]
rchar: 125998181355
wchar: 40059473165
syscr: 15243628
syscw: 1815208
read_bytes: 20827298304
write_bytes: 40063582208
cancelled_write_bytes: 0

[2020-01-20T04:38:03-08:00]
rchar: 126450143808
wchar: 40307099680
syscr: 15298310
syscw: 1821043
read_bytes: 20862306816
write_bytes: 40311238656
cancelled_write_bytes: 0

[2020-01-20T04:38:06-08:00]
rchar: 127730374021
wchar: 40791629982
syscr: 15453501
syscw: 1837172
read_bytes: 20966341120
write_bytes: 40795820032
cancelled_write_bytes: 0

[2020-01-20T04:38:09-08:00]
rchar: 128971389058
wchar: 41289409262
syscr: 15603958
syscw: 1853215
read_bytes: 21066623488
write_bytes: 41293664256
cancelled_write_bytes: 0

[2020-01-20T04:38:12-08:00]
rchar: 129989712578
wchar: 41702789450
syscr: 15727408
syscw: 1866287
read_bytes: 21150153216
write_bytes: 41707081728
cancelled_write_bytes: 0

[2020-01-20T04:38:15-08:00]
rchar: 130196491042
wchar: 41999083076
syscr: 15752403
syscw: 1868455
read_bytes: 21161204224
write_bytes: 42003398656
cancelled_write_bytes: 0

[2020-01-20T04:38:18-08:00]
rchar: 131567149776
wchar: 42413619904
syscr: 15918552
syscw: 1884490
read_bytes: 21262559744
write_bytes: 42417995776
cancelled_write_bytes: 0

[2020-01-20T04:38:21-08:00]
rchar: 132777527241
wchar: 42803465453
syscr: 16065252
syscw: 1898552
read_bytes: 21351012864
write_bytes: 42807922688
cancelled_write_bytes: 0

[2020-01-20T04:38:24-08:00]
rchar: 133773566348
wchar: 43121042413
syscr: 16185995
syscw: 1910422
read_bytes: 21425191424
write_bytes: 43125551104
cancelled_write_bytes: 0

[2020-01-20T04:38:27-08:00]
rchar: 134626063589
wchar: 43359201669
syscr: 16289279
syscw: 1923839
read_bytes: 21510736384
write_bytes: 43363725312
cancelled_write_bytes: 0

[2020-01-20T04:38:30-08:00]
rchar: 136600460166
wchar: 43485647642
syscr: 16528675
syscw: 1947969
read_bytes: 21675231744
write_bytes: 43490177024
cancelled_write_bytes: 0

[2020-01-20T04:38:33-08:00]
rchar: 138248213727
wchar: 43592474776
syscr: 16728464
syscw: 1968172
read_bytes: 21813455360
write_bytes: 43597008896
cancelled_write_bytes: 0

[2020-01-20T04:38:36-08:00]
rchar: 139283677139
wchar: 44079155393
syscr: 16853930
syscw: 1978158
read_bytes: 21868665344
write_bytes: 44083720192
cancelled_write_bytes: 0

[2020-01-20T04:38:39-08:00]
rchar: 140240473067
wchar: 44468649561
syscr: 16969946
syscw: 1985679
read_bytes: 21907941888
write_bytes: 44473524224
cancelled_write_bytes: 0

[2020-01-20T04:38:42-08:00]
rchar: 141693079102
wchar: 45086055765
syscr: 17145600
syscw: 1998283
read_bytes: 21976869376
write_bytes: 45090693120
cancelled_write_bytes: 0

[2020-01-20T04:38:45-08:00]
rchar: 142766813189
wchar: 45564713551
syscr: 17275759
syscw: 2015144
read_bytes: 22078233088
write_bytes: 45569413120
cancelled_write_bytes: 0

[2020-01-20T04:38:48-08:00]
rchar: 143353896546
wchar: 45844884810
syscr: 17346915
syscw: 2023797
read_bytes: 22131304960
write_bytes: 45849624576
cancelled_write_bytes: 0

[2020-01-20T04:38:51-08:00]
rchar: 143809496205
wchar: 46177170548
syscr: 17402061
syscw: 2031012
read_bytes: 22172989952
write_bytes: 46181974016
cancelled_write_bytes: 0

[2020-01-20T04:38:54-08:00]
rchar: 145091637992
wchar: 46678028882
syscr: 17557475
syscw: 2047422
read_bytes: 22271650304
write_bytes: 46682877952
cancelled_write_bytes: 0

[2020-01-20T04:38:57-08:00]
rchar: 146248592443
wchar: 47173479604
syscr: 17697738
syscw: 2062031
read_bytes: 22356048384
write_bytes: 47178375168
cancelled_write_bytes: 0

[2020-01-20T04:39:00-08:00]
rchar: 147093836755
wchar: 47535658390
syscr: 17800204
syscw: 2072847
read_bytes: 22417934848
write_bytes: 47540596736
cancelled_write_bytes: 0

[2020-01-20T04:39:03-08:00]
rchar: 147699224583
wchar: 47988124954
syscr: 17873578
syscw: 2080444
read_bytes: 22460795392
write_bytes: 47993094144
cancelled_write_bytes: 0

[2020-01-20T04:39:06-08:00]
rchar: 148549748500
wchar: 48289572647
syscr: 17976591
syscw: 2090300
read_bytes: 22514891264
write_bytes: 48294608896
cancelled_write_bytes: 0

[2020-01-20T04:39:09-08:00]
rchar: 150052569217
wchar: 48567597409
syscr: 18158785
syscw: 2110590
read_bytes: 22639958528
write_bytes: 48572665856
cancelled_write_bytes: 0

[2020-01-20T04:39:12-08:00]
rchar: 151275718618
wchar: 48664777665
syscr: 18307092
syscw: 2128847
read_bytes: 22755748352
write_bytes: 48669847552
cancelled_write_bytes: 0

[2020-01-20T04:39:15-08:00]
rchar: 152818960063
wchar: 48939033662
syscr: 18494126
syscw: 2148813
read_bytes: 22878050816
write_bytes: 48944119808
cancelled_write_bytes: 0

[2020-01-20T04:39:18-08:00]
rchar: 154750723617
wchar: 49066061060
syscr: 18728347
syscw: 2172789
read_bytes: 23030082048
write_bytes: 49071157248
cancelled_write_bytes: 0

[2020-01-20T04:39:21-08:00]
rchar: 155334354082
wchar: 49277739913
syscr: 18799113
syscw: 2180550
read_bytes: 23075158528
write_bytes: 49282846720
cancelled_write_bytes: 0

[2020-01-20T04:39:24-08:00]
rchar: 156517631277
wchar: 49732042212
syscr: 18942504
syscw: 2189860
read_bytes: 23122229760
write_bytes: 49737199616
cancelled_write_bytes: 0

[2020-01-20T04:39:27-08:00]
rchar: 158147465654
wchar: 50397594937
syscr: 19140126
syscw: 2202048
read_bytes: 23184587264
write_bytes: 50402926592
cancelled_write_bytes: 0

[2020-01-20T04:39:30-08:00]
rchar: 159286377822
wchar: 50902062526
syscr: 19277707
syscw: 2217342
read_bytes: 23269222912
write_bytes: 50907328512
cancelled_write_bytes: 0

[2020-01-20T04:39:33-08:00]
rchar: 159917646678
wchar: 51233551207
syscr: 19354226
syscw: 2225905
read_bytes: 23316265472
write_bytes: 51239886848
cancelled_write_bytes: 0

[2020-01-20T04:39:36-08:00]
rchar: 160539901012
wchar: 51709387074
syscr: 19429636
syscw: 2235326
read_bytes: 23366261248
write_bytes: 51714740224
cancelled_write_bytes: 0

[2020-01-20T04:39:39-08:00]
rchar: 161436726353
wchar: 52056403160
syscr: 19538271
syscw: 2246925
read_bytes: 23428176384
write_bytes: 52061798400
cancelled_write_bytes: 0

[2020-01-20T04:39:42-08:00]
rchar: 162528049682
wchar: 52496488481
syscr: 19670554
syscw: 2260816
read_bytes: 23502367232
write_bytes: 52501929984
cancelled_write_bytes: 0

[2020-01-20T04:39:45-08:00]
rchar: 163815531169
wchar: 52957952235
syscr: 19826639
syscw: 2278003
read_bytes: 23598041600
write_bytes: 52963442688
cancelled_write_bytes: 0

[2020-01-20T04:39:48-08:00]
rchar: 164527825600
wchar: 53285015992
syscr: 19912977
syscw: 2286135
read_bytes: 23642343936
write_bytes: 53290553344
cancelled_write_bytes: 0

[2020-01-20T04:39:51-08:00]
rchar: 165112520811
wchar: 53661786686
syscr: 19983795
syscw: 2293187
read_bytes: 23679371776
write_bytes: 53667360768
cancelled_write_bytes: 0

[2020-01-20T04:39:54-08:00]
rchar: 166581487379
wchar: 54171770468
syscr: 20161867
syscw: 2309457
read_bytes: 23766542848
write_bytes: 54177406976
cancelled_write_bytes: 0

[2020-01-20T04:39:57-08:00]
rchar: 167715007021
wchar: 54411655252
syscr: 20299267
syscw: 2324489
read_bytes: 23881550336
write_bytes: 54417321984
cancelled_write_bytes: 0

[2020-01-20T04:40:00-08:00]
rchar: 168918678108
wchar: 54746501163
syscr: 20445191
syscw: 2338921
read_bytes: 23996062208
write_bytes: 54752202752
cancelled_write_bytes: 0

[2020-01-20T04:40:03-08:00]
rchar: 169611178502
wchar: 55154157112
syscr: 20529080
syscw: 2346341
read_bytes: 24033348096
write_bytes: 55159910400
cancelled_write_bytes: 0

[2020-01-20T04:40:06-08:00]
rchar: 171124761966
wchar: 55402005698
syscr: 20712564
syscw: 2363419
read_bytes: 24182778368
write_bytes: 55407775744
cancelled_write_bytes: 0

[2020-01-20T04:40:09-08:00]
rchar: 172894207137
wchar: 55756875329
syscr: 20927077
syscw: 2383401
read_bytes: 24320674304
write_bytes: 55762690048
cancelled_write_bytes: 0

[2020-01-20T04:40:12-08:00]
rchar: 173994263555
wchar: 56219041369
syscr: 21060431
syscw: 2393664
read_bytes: 24371448320
write_bytes: 56224903168
cancelled_write_bytes: 0

[2020-01-20T04:40:15-08:00]
rchar: 174412943945
wchar: 56472129714
syscr: 21111115
syscw: 2397514
read_bytes: 24390035968
write_bytes: 56478015488
cancelled_write_bytes: 0

[2020-01-20T04:40:18-08:00]
rchar: 176177432330
wchar: 57042545197
syscr: 21325022
syscw: 2412735
read_bytes: 24463612416
write_bytes: 57048489984
cancelled_write_bytes: 0

[2020-01-20T04:40:21-08:00]
rchar: 177422604623
wchar: 57579078535
syscr: 21476008
syscw: 2421926
read_bytes: 24506845696
write_bytes: 57585061888
cancelled_write_bytes: 0

[2020-01-20T04:40:24-08:00]
rchar: 178542377751
wchar: 57987863913
syscr: 21611300
syscw: 2435395
read_bytes: 24574904832
write_bytes: 57993887744
cancelled_write_bytes: 0

[2020-01-20T04:40:27-08:00]
rchar: 179418292204
wchar: 58416596562
syscr: 21717482
syscw: 2447376
read_bytes: 24637999616
write_bytes: 58422661120
cancelled_write_bytes: 0

[2020-01-20T04:40:30-08:00]
rchar: 179670836537
wchar: 58691758300
syscr: 21747987
syscw: 2451364
read_bytes: 24655743488
write_bytes: 58697854976
cancelled_write_bytes: 0

[2020-01-20T04:40:33-08:00]
rchar: 181059770882
wchar: 59201702190
syscr: 21916361
syscw: 2469291
read_bytes: 24744315392
write_bytes: 59207847936
cancelled_write_bytes: 0

[2020-01-20T04:40:36-08:00]
rchar: 182377986434
wchar: 59723534363
syscr: 22076160
syscw: 2485888
read_bytes: 24826915328
write_bytes: 59729739776
cancelled_write_bytes: 0

[2020-01-20T04:40:39-08:00]
rchar: 183085524435
wchar: 60033963791
syscr: 22161912
syscw: 2494629
read_bytes: 24868592128
write_bytes: 60040204288
cancelled_write_bytes: 0

[2020-01-20T04:40:42-08:00]
rchar: 183808950713
wchar: 60499753809
syscr: 22249607
syscw: 2504086
read_bytes: 24915081728
write_bytes: 60506042368
cancelled_write_bytes: 0

[2020-01-20T04:40:45-08:00]
rchar: 185205533660
wchar: 60972300996
syscr: 22418835
syscw: 2520037
read_bytes: 24990284288
write_bytes: 60978638848
cancelled_write_bytes: 0

[2020-01-20T04:40:48-08:00]
rchar: 186066129921
wchar: 61302264044
syscr: 22523157
syscw: 2529457
read_bytes: 25033636352
write_bytes: 61309100032
cancelled_write_bytes: 0

[2020-01-20T04:40:51-08:00]
rchar: 187554030417
wchar: 61671727764
syscr: 22703533
syscw: 2548300
read_bytes: 25166658048
write_bytes: 61678170112
cancelled_write_bytes: 0

[2020-01-20T04:40:54-08:00]
rchar: 188418566279
wchar: 61979560122
syscr: 22808280
syscw: 2560193
read_bytes: 25261099520
write_bytes: 61986025472
cancelled_write_bytes: 0

[2020-01-20T04:40:57-08:00]
rchar: 190211644034
wchar: 62317441874
syscr: 23025650
syscw: 2579674
read_bytes: 25410165248
write_bytes: 62323937280
cancelled_write_bytes: 0

[2020-01-20T04:41:00-08:00]
rchar: 192078371902
wchar: 62616017935
syscr: 23251996
syscw: 2600474
read_bytes: 25582483968
write_bytes: 62622527488
cancelled_write_bytes: 0

[2020-01-20T04:41:03-08:00]
rchar: 192616979008
wchar: 62747267135
syscr: 23317283
syscw: 2606285
read_bytes: 25626094080
write_bytes: 62753796096
cancelled_write_bytes: 0

[2020-01-20T04:41:06-08:00]
rchar: 193770759484
wchar: 63241223301
syscr: 23457056
syscw: 2617115
read_bytes: 25672563200
write_bytes: 63247802368
cancelled_write_bytes: 0

[2020-01-20T04:41:09-08:00]
rchar: 195329724180
wchar: 63769628847
syscr: 23646079
syscw: 2629913
read_bytes: 25729227264
write_bytes: 63776235520
cancelled_write_bytes: 0

[2020-01-20T04:41:12-08:00]
rchar: 196476387772
wchar: 64205029602
syscr: 23785117
syscw: 2639092
read_bytes: 25768299008
write_bytes: 64211668992
cancelled_write_bytes: 0

[2020-01-20T04:41:15-08:00]
rchar: 197768365271
wchar: 64697765506
syscr: 23941306
syscw: 2657006
read_bytes: 25853475328
write_bytes: 64704466944
cancelled_write_bytes: 0

[2020-01-20T04:41:18-08:00]
rchar: 198293003853
wchar: 65128810748
syscr: 24004910
syscw: 2664909
read_bytes: 25888791040
write_bytes: 65135542272
cancelled_write_bytes: 0

[2020-01-20T04:41:21-08:00]
rchar: 199085033924
wchar: 65458276695
syscr: 24100842
syscw: 2674900
read_bytes: 25933101568
write_bytes: 65465069568
cancelled_write_bytes: 0

[2020-01-20T04:41:24-08:00]
rchar: 200433374376
wchar: 65973332707
syscr: 24264268
syscw: 2692676
read_bytes: 26013256192
write_bytes: 65980186624
cancelled_write_bytes: 0

[2020-01-20T04:41:27-08:00]
rchar: 201562901610
wchar: 66412050999
syscr: 24401186
syscw: 2707736
read_bytes: 26082351616
write_bytes: 66418950144
cancelled_write_bytes: 0

[2020-01-20T04:41:30-08:00]
rchar: 202320914219
wchar: 66766329488
syscr: 24493109
syscw: 2716903
read_bytes: 26122328576
write_bytes: 66773266432
cancelled_write_bytes: 0

[2020-01-20T04:41:33-08:00]
rchar: 203315058316
wchar: 67285873557
syscr: 24613524
syscw: 2728982
read_bytes: 26174962176
write_bytes: 67292864512
cancelled_write_bytes: 0

[2020-01-20T04:41:36-08:00]
rchar: 204501056167
wchar: 67545163072
syscr: 24757286
syscw: 2744489
read_bytes: 26275809792
write_bytes: 67552186368
cancelled_write_bytes: 0

[2020-01-20T04:41:39-08:00]
rchar: 205986568475
wchar: 68042162373
syscr: 24937394
syscw: 2762242
read_bytes: 26354715136
write_bytes: 68049223680
cancelled_write_bytes: 0

[2020-01-20T04:41:42-08:00]
rchar: 206915942376
wchar: 68464453924
syscr: 25050028
syscw: 2774411
read_bytes: 26414590464
write_bytes: 68471541760
cancelled_write_bytes: 0

[2020-01-20T04:41:45-08:00]
rchar: 208633269017
wchar: 68710094727
syscr: 25258153
syscw: 2794060
read_bytes: 26571422208
write_bytes: 68717219840
cancelled_write_bytes: 0

[2020-01-20T04:41:48-08:00]
rchar: 210152384794
wchar: 68934865563
syscr: 25442344
syscw: 2812015
read_bytes: 26698750464
write_bytes: 68942016512
cancelled_write_bytes: 0

[2020-01-20T04:41:51-08:00]
rchar: 211297954769
wchar: 69271397514
syscr: 25581248
syscw: 2825774
read_bytes: 26801924608
write_bytes: 69278572544
cancelled_write_bytes: 0

[2020-01-20T04:41:54-08:00]
rchar: 212706373069
wchar: 69670195517
syscr: 25751915
syscw: 2838458
read_bytes: 26861152768
write_bytes: 69677416448
cancelled_write_bytes: 0

[2020-01-20T04:41:57-08:00]
rchar: 214027813143
wchar: 70135676458
syscr: 25912140
syscw: 2849727
read_bytes: 26905532928
write_bytes: 70142935040
cancelled_write_bytes: 0

[2020-01-20T04:42:00-08:00]
rchar: 215470693862
wchar: 70671064040
syscr: 26086602
syscw: 2862357
read_bytes: 26956335616
write_bytes: 70678360064
cancelled_write_bytes: 0

[2020-01-20T04:42:03-08:00]
rchar: 216353266189
wchar: 71053021856
syscr: 26193590
syscw: 2876125
read_bytes: 27015657984
write_bytes: 71060353024
cancelled_write_bytes: 0

[2020-01-20T04:42:06-08:00]
rchar: 216973809326
wchar: 71517302833
syscr: 26268723
syscw: 2884382
read_bytes: 27049388544
write_bytes: 71524683776
cancelled_write_bytes: 0

[2020-01-20T04:42:09-08:00]
rchar: 217818354432
wchar: 71866020148
syscr: 26371087
syscw: 2894981
read_bytes: 27090835968
write_bytes: 71873449984
cancelled_write_bytes: 0

[2020-01-20T04:42:12-08:00]
rchar: 219245155704
wchar: 72386782984
syscr: 26544069
syscw: 2913434
read_bytes: 27170077184
write_bytes: 72394264576
cancelled_write_bytes: 0

[2020-01-20T04:42:15-08:00]
rchar: 220277556974
wchar: 72795757176
syscr: 26669207
syscw: 2927322
read_bytes: 27227081216
write_bytes: 72803282944
cancelled_write_bytes: 0

[2020-01-20T04:42:18-08:00]
rchar: 220985251593
wchar: 73208010059
syscr: 26754995
syscw: 2935755
read_bytes: 27260283392
write_bytes: 73215565824
cancelled_write_bytes: 0

[2020-01-20T04:42:21-08:00]
rchar: 222063938138
wchar: 73695492183
syscr: 26885670
syscw: 2948012
read_bytes: 27309226496
write_bytes: 73703112704
cancelled_write_bytes: 0

[2020-01-20T04:42:24-08:00]
rchar: 223170996933
wchar: 74064383379
syscr: 27019855
syscw: 2961165
read_bytes: 27362232832
write_bytes: 74072055808
cancelled_write_bytes: 0

[2020-01-20T04:42:27-08:00]
rchar: 224738404945
wchar: 74560800578
syscr: 27209880
syscw: 2979445
read_bytes: 27439561216
write_bytes: 74568519680
cancelled_write_bytes: 0

[2020-01-20T04:42:30-08:00]
rchar: 225805713835
wchar: 74979992793
syscr: 27339248
syscw: 2992733
read_bytes: 27504548352
write_bytes: 74988404736
cancelled_write_bytes: 0

[2020-01-20T04:42:33-08:00]
rchar: 226970200022
wchar: 75178388845
syscr: 27480360
syscw: 3006768
read_bytes: 27596888576
write_bytes: 75186171904
cancelled_write_bytes: 0

[2020-01-20T04:42:36-08:00]
rchar: 228749463330
wchar: 75562767243
syscr: 27696058
syscw: 3025796
read_bytes: 27711310336
write_bytes: 75570982912
cancelled_write_bytes: 0

[2020-01-20T04:42:39-08:00]
rchar: 230155794014
wchar: 75817520347
syscr: 27866580
syscw: 3041631
read_bytes: 27817036288
write_bytes: 75825360896
cancelled_write_bytes: 0

[2020-01-20T04:42:42-08:00]
rchar: 231649727688
wchar: 76358295892
syscr: 28047610
syscw: 3056031
read_bytes: 27887667712
write_bytes: 76366180352
cancelled_write_bytes: 0

[2020-01-20T04:42:45-08:00]
rchar: 232634274907
wchar: 76724122607
syscr: 28166988
syscw: 3063981
read_bytes: 27916618240
write_bytes: 76732030976
cancelled_write_bytes: 0

[2020-01-20T04:42:48-08:00]
rchar: 234385420071
wchar: 77370180281
syscr: 28379325
syscw: 3078508
read_bytes: 27968748032
write_bytes: 77378125824
cancelled_write_bytes: 0

[2020-01-20T04:42:51-08:00]
rchar: 235375157949
wchar: 77767068614
syscr: 28498806
syscw: 3094068
read_bytes: 28033083904
write_bytes: 77775077376
cancelled_write_bytes: 0

[2020-01-20T04:42:54-08:00]
rchar: 235762643297
wchar: 78160119846
syscr: 28545772
syscw: 3099357
read_bytes: 28052322816
write_bytes: 78168154112
cancelled_write_bytes: 0

[2020-01-20T04:42:57-08:00]
rchar: 237040043421
wchar: 78605336620
syscr: 28700517
syscw: 3116595
read_bytes: 28121049600
write_bytes: 78613438464
cancelled_write_bytes: 0

[2020-01-20T04:43:00-08:00]
rchar: 237835228864
wchar: 78967894947
syscr: 28796915
syscw: 3126041
read_bytes: 28156320256
write_bytes: 78976020480
cancelled_write_bytes: 0

[2020-01-20T04:43:03-08:00]
rchar: 239222964735
wchar: 79475708840
syscr: 28965130
syscw: 3145075
read_bytes: 28231399936
write_bytes: 79484424192
cancelled_write_bytes: 0

[2020-01-20T04:43:06-08:00]
rchar: 239949798043
wchar: 79987336843
syscr: 29053226
syscw: 3154393
read_bytes: 28264544768
write_bytes: 79995564032
cancelled_write_bytes: 0

[2020-01-20T04:43:09-08:00]
rchar: 240793388262
wchar: 80299354773
syscr: 29155439
syscw: 3163757
read_bytes: 28298435072
write_bytes: 80307691520
cancelled_write_bytes: 0

[2020-01-20T04:43:12-08:00]
rchar: 242435177252
wchar: 80788954122
syscr: 29354452
syscw: 3183860
read_bytes: 28374837760
write_bytes: 80797261824
cancelled_write_bytes: 0

[2020-01-20T04:43:15-08:00]
rchar: 244003620102
wchar: 81298695446
syscr: 29544553
syscw: 3202558
read_bytes: 28447533568
write_bytes: 81307066368
cancelled_write_bytes: 0

[2020-01-20T04:43:18-08:00]
rchar: 244547162204
wchar: 81523661668
syscr: 29610464
syscw: 3210877
read_bytes: 28487584256
write_bytes: 81532039168
cancelled_write_bytes: 0

[2020-01-20T04:43:21-08:00]
rchar: 246237252603
wchar: 81805242663
syscr: 29815307
syscw: 3230770
read_bytes: 28620229120
write_bytes: 81813639168
cancelled_write_bytes: 0

[2020-01-20T04:43:24-08:00]
rchar: 248069689915
wchar: 82090267334
syscr: 30037466
syscw: 3252001
read_bytes: 28753938944
write_bytes: 82098712576
cancelled_write_bytes: 0

[2020-01-20T04:43:27-08:00]
rchar: 248694391552
wchar: 82215958364
syscr: 30113215
syscw: 3259469
read_bytes: 28801571328
write_bytes: 82225291264
cancelled_write_bytes: 0

[2020-01-20T04:43:30-08:00]
rchar: 250252213028
wchar: 82539541296
syscr: 30302017
syscw: 3275850
read_bytes: 28905523712
write_bytes: 82548019200
cancelled_write_bytes: 0

[2020-01-20T04:43:33-08:00]
rchar: 252199486140
wchar: 83054681741
syscr: 30538095
syscw: 3293380
read_bytes: 28990339584
write_bytes: 83063197696
cancelled_write_bytes: 0

[2020-01-20T04:43:36-08:00]
rchar: 253501839487
wchar: 83533298839
syscr: 30696007
syscw: 3304439
read_bytes: 29026552320
write_bytes: 83541839872
cancelled_write_bytes: 0

[2020-01-20T04:43:39-08:00]
rchar: 254576725481
wchar: 83973567865
syscr: 30825811
syscw: 3313100
read_bytes: 29055928832
write_bytes: 83982155776
cancelled_write_bytes: 0

[2020-01-20T04:43:42-08:00]
rchar: 255192805936
wchar: 84423181421
syscr: 30900409
syscw: 3321175
read_bytes: 29083322880
write_bytes: 84431818752
cancelled_write_bytes: 0

[2020-01-20T04:43:45-08:00]
rchar: 256265183350
wchar: 84838843559
syscr: 31030387
syscw: 3335032
read_bytes: 29132999168
write_bytes: 84847517696
cancelled_write_bytes: 0

[2020-01-20T04:43:48-08:00]
rchar: 257693798868
wchar: 85385815754
syscr: 31203574
syscw: 3354300
read_bytes: 29200210432
write_bytes: 85395193856
cancelled_write_bytes: 0

[2020-01-20T04:43:51-08:00]
rchar: 258725785122
wchar: 85785043609
syscr: 31328677
syscw: 3367837
read_bytes: 29250492928
write_bytes: 85793816576
cancelled_write_bytes: 0

[2020-01-20T04:43:54-08:00]
rchar: 259183630833
wchar: 86131970765
syscr: 31384096
syscw: 3373985
read_bytes: 29270997504
write_bytes: 86140801024
cancelled_write_bytes: 0

[2020-01-20T04:43:57-08:00]
rchar: 260165708452
wchar: 86504927666
syscr: 31503146
syscw: 3384976
read_bytes: 29306763776
write_bytes: 86513786880
cancelled_write_bytes: 0

[2020-01-20T04:44:00-08:00]
rchar: 261758690168
wchar: 86973297956
syscr: 31696228
syscw: 3404704
read_bytes: 29374573056
write_bytes: 86982209536
cancelled_write_bytes: 0

[2020-01-20T04:44:03-08:00]
rchar: 262846425063
wchar: 87362510430
syscr: 31828098
syscw: 3417617
read_bytes: 29417073152
write_bytes: 87371452416
cancelled_write_bytes: 0

[2020-01-20T04:44:06-08:00]
rchar: 263665914015
wchar: 87809217869
syscr: 31927418
syscw: 3427849
read_bytes: 29450930688
write_bytes: 87818199040
cancelled_write_bytes: 0

[2020-01-20T04:44:09-08:00]
rchar: 264542866058
wchar: 88098969802
syscr: 32033672
syscw: 3436996
read_bytes: 29480098304
write_bytes: 88107991040
cancelled_write_bytes: 0

[2020-01-20T04:44:12-08:00]
rchar: 266382638414
wchar: 88556074424
syscr: 32256678
syscw: 3456769
read_bytes: 29558360576
write_bytes: 88565157888
cancelled_write_bytes: 0

[2020-01-20T04:44:15-08:00]
rchar: 268173856152
wchar: 88814458662
syscr: 32473868
syscw: 3477001
read_bytes: 29689956864
write_bytes: 88823558144
cancelled_write_bytes: 0

[2020-01-20T04:44:18-08:00]
rchar: 268629293336
wchar: 89033590368
syscr: 32529007
syscw: 3483092
read_bytes: 29716462080
write_bytes: 89042706432
cancelled_write_bytes: 0

[2020-01-20T04:44:21-08:00]
rchar: 270627305988
wchar: 89496094711
syscr: 32771236
syscw: 3501317
read_bytes: 29800049152
write_bytes: 89505251328
cancelled_write_bytes: 0

[2020-01-20T04:44:24-08:00]
rchar: 272502082573
wchar: 90157803957
syscr: 32998556
syscw: 3516939
read_bytes: 29849811456
write_bytes: 90167013376
cancelled_write_bytes: 0

[2020-01-20T04:44:27-08:00]
rchar: 273339552813
wchar: 90464132707
syscr: 33099608
syscw: 3525290
read_bytes: 29879151104
write_bytes: 90473377792
cancelled_write_bytes: 0

[2020-01-20T04:44:30-08:00]
rchar: 273979251690
wchar: 90891754357
syscr: 33177090
syscw: 3536220
read_bytes: 29916776960
write_bytes: 90901041152
cancelled_write_bytes: 0

[2020-01-20T04:44:33-08:00]
rchar: 274865951952
wchar: 91238731197
syscr: 33284572
syscw: 3547297
read_bytes: 29953530368
write_bytes: 91248058368
cancelled_write_bytes: 0

[2020-01-20T04:44:36-08:00]
rchar: 276339658022
wchar: 91748356132
syscr: 33463200
syscw: 3567252
read_bytes: 30022019584
write_bytes: 91757748224
cancelled_write_bytes: 0

[2020-01-20T04:44:39-08:00]
rchar: 277730800508
wchar: 92261487546
syscr: 33631859
syscw: 3585837
read_bytes: 30084000256
write_bytes: 92270923776
cancelled_write_bytes: 0

[2020-01-20T04:44:42-08:00]
rchar: 277949574848
wchar: 92525980502
syscr: 33658391
syscw: 3588762
read_bytes: 30092966400
write_bytes: 92536213504
cancelled_write_bytes: 0

[2020-01-20T04:44:45-08:00]
rchar: 279462257359
wchar: 93011585702
syscr: 33841672
syscw: 3606599
read_bytes: 30150298112
write_bytes: 93021093888
cancelled_write_bytes: 0

[2020-01-20T04:44:48-08:00]
rchar: 280494892524
wchar: 93365229976
syscr: 33966841
syscw: 3618519
read_bytes: 30188206592
write_bytes: 93374775296
cancelled_write_bytes: 0

[2020-01-20T04:44:51-08:00]
rchar: 282173538029
wchar: 93853002028
syscr: 34170318
syscw: 3638677
read_bytes: 30255294976
write_bytes: 93862608896
cancelled_write_bytes: 0

[2020-01-20T04:44:55-08:00]
rchar: 282516040649
wchar: 94067882465
syscr: 34211855
syscw: 3642507
read_bytes: 30266726912
write_bytes: 94077513728
cancelled_write_bytes: 0

[2020-01-20T04:44:58-08:00]
rchar: 283969194552
wchar: 94446351287
syscr: 34387924
syscw: 3658575
read_bytes: 30344301056
write_bytes: 94456020992
cancelled_write_bytes: 0

[2020-01-20T04:45:01-08:00]
rchar: 285932638194
wchar: 94844430365
syscr: 34625962
syscw: 3679738
read_bytes: 30450448896
write_bytes: 94854144000
cancelled_write_bytes: 0

[2020-01-20T04:45:04-08:00]
rchar: 287244555696
wchar: 95142472221
syscr: 34785037
syscw: 3695216
read_bytes: 30536419840
write_bytes: 95152193536
cancelled_write_bytes: 0

[2020-01-20T04:45:07-08:00]
rchar: 288931356111
wchar: 95383029138
syscr: 34989475
syscw: 3713531
read_bytes: 30627523072
write_bytes: 95392772096
cancelled_write_bytes: 0

[2020-01-20T04:45:10-08:00]
rchar: 290980795502
wchar: 95808181935
syscr: 35237934
syscw: 3733129
read_bytes: 30714452480
write_bytes: 95817957376
cancelled_write_bytes: 0

[2020-01-20T04:45:13-08:00]
rchar: 292641372189
wchar: 96377576492
syscr: 35439282
syscw: 3747335
read_bytes: 30756239872
write_bytes: 96387383296
cancelled_write_bytes: 0

[2020-01-20T04:45:16-08:00]
rchar: 292964299341
wchar: 96696433083
syscr: 35478440
syscw: 3750045
read_bytes: 30762899968
write_bytes: 96706248704
cancelled_write_bytes: 0

[2020-01-20T04:45:19-08:00]
rchar: 294699925919
wchar: 97426595043
syscr: 35688296
syscw: 3762905
read_bytes: 30833434112
write_bytes: 97436528640
cancelled_write_bytes: 0

[2020-01-20T04:45:22-08:00]
rchar: 295421579532
wchar: 97920975276
syscr: 35775801
syscw: 3768087
read_bytes: 30886411776
write_bytes: 97930895360
cancelled_write_bytes: 0

[2020-01-20T04:45:25-08:00]
rchar: 296278896750
wchar: 98494178531
syscr: 35879759
syscw: 3774443
read_bytes: 30958964224
write_bytes: 98504159232
cancelled_write_bytes: 0

[2020-01-20T04:45:28-08:00]
rchar: 296893783253
wchar: 98884638283
syscr: 35954220
syscw: 3779855
read_bytes: 31020260864
write_bytes: 98894700544
cancelled_write_bytes: 0

[2020-01-20T04:45:31-08:00]
rchar: 297774249409
wchar: 99462612916
syscr: 36060963
syscw: 3786831
read_bytes: 31110311424
write_bytes: 99472691200
cancelled_write_bytes: 0

[2020-01-20T04:45:34-08:00]
rchar: 298465745255
wchar: 99901748024
syscr: 36144793
syscw: 3792648
read_bytes: 31177756160
write_bytes: 99911868416
cancelled_write_bytes: 0

[2020-01-20T04:45:37-08:00]
rchar: 299310530244
wchar: 100457179284
syscr: 36247230
syscw: 3799223
read_bytes: 31260507648
write_bytes: 100468105216
cancelled_write_bytes: 0

[2020-01-20T04:45:40-08:00]
rchar: 299924239566
wchar: 100855516925
syscr: 36321664
syscw: 3804162
read_bytes: 31314476544
write_bytes: 100865765376
cancelled_write_bytes: 0

[2020-01-20T04:45:43-08:00]
rchar: 300885169932
wchar: 101489954616
syscr: 36438133
syscw: 3811484
read_bytes: 31406689792
write_bytes: 101500260352
cancelled_write_bytes: 0

[2020-01-20T04:45:46-08:00]
rchar: 301078287762
wchar: 101602838994
syscr: 36461546
syscw: 3813574
read_bytes: 31429344768
write_bytes: 101613170688
cancelled_write_bytes: 0

[2020-01-20T04:45:49-08:00]
rchar: 301946196214
wchar: 102296379181
syscr: 36566771
syscw: 3821550
read_bytes: 31528443392
write_bytes: 102306742272
cancelled_write_bytes: 0

[2020-01-20T04:45:52-08:00]
rchar: 302581278976
wchar: 102635600681
syscr: 36643702
syscw: 3827369
read_bytes: 31594450432
write_bytes: 102645989376
cancelled_write_bytes: 0

[2020-01-20T04:45:55-08:00]
rchar: 303626784448
wchar: 103256383664
syscr: 36770360
syscw: 3835102
read_bytes: 31700921856
write_bytes: 103266848768
cancelled_write_bytes: 0

[2020-01-20T04:45:58-08:00]
rchar: 304161926315
wchar: 103544048253
syscr: 36835268
syscw: 3839742
read_bytes: 31757221376
write_bytes: 103554609152
cancelled_write_bytes: 0

[2020-01-20T04:46:01-08:00]
rchar: 305223951667
wchar: 104116812188
syscr: 36963957
syscw: 3848591
read_bytes: 31904955904
write_bytes: 104127434752
cancelled_write_bytes: 0

[2020-01-20T04:46:04-08:00]
rchar: 306257444274
wchar: 104612830727
syscr: 37089284
syscw: 3858148
read_bytes: 32074137088
write_bytes: 104623460352
cancelled_write_bytes: 0

[2020-01-20T04:46:07-08:00]
rchar: 307201440613
wchar: 105055504314
syscr: 37203768
syscw: 3867121
read_bytes: 32226385408
write_bytes: 105066221568
cancelled_write_bytes: 0

[2020-01-20T04:46:10-08:00]
rchar: 308095503704
wchar: 105482850994
syscr: 37312189
syscw: 3875304
read_bytes: 32370290176
write_bytes: 105493585920
cancelled_write_bytes: 0

[2020-01-20T04:46:13-08:00]
rchar: 308555734809
wchar: 105812085292
syscr: 37367998
syscw: 3880468
read_bytes: 32437599744
write_bytes: 105822822400
cancelled_write_bytes: 0

[2020-01-20T04:46:16-08:00]
rchar: 309462715855
wchar: 106239717564
syscr: 37477874
syscw: 3888599
read_bytes: 32568638976
write_bytes: 106250506240
cancelled_write_bytes: 0

[2020-01-20T04:46:19-08:00]
rchar: 310501661450
wchar: 106673010315
syscr: 37603869
syscw: 3897421
read_bytes: 32714001920
write_bytes: 106683875328
cancelled_write_bytes: 0

[2020-01-20T04:46:22-08:00]
rchar: 311750354626
wchar: 107213047535
syscr: 37755293
syscw: 3907901
read_bytes: 32890084864
write_bytes: 107223916544
cancelled_write_bytes: 0

[2020-01-20T04:46:25-08:00]
rchar: 312636142226
wchar: 107579436708
syscr: 37862678
syscw: 3915880
read_bytes: 33010482688
write_bytes: 107590602752
cancelled_write_bytes: 0

[2020-01-20T04:46:28-08:00]
rchar: 313832356643
wchar: 108075463500
syscr: 38007608
syscw: 3926083
read_bytes: 33172196864
write_bytes: 108086476800
cancelled_write_bytes: 0

[2020-01-20T04:46:31-08:00]
rchar: 314808233375
wchar: 108425908066
syscr: 38125811
syscw: 3935327
read_bytes: 33291316736
write_bytes: 108436979712
cancelled_write_bytes: 0

[2020-01-20T04:46:34-08:00]
rchar: 315511908124
wchar: 108814577005
syscr: 38211057
syscw: 3942653
read_bytes: 33366294016
write_bytes: 108825690112
cancelled_write_bytes: 0

[2020-01-20T04:46:37-08:00]
rchar: 316724763228
wchar: 109027608585
syscr: 38357663
syscw: 3954904
read_bytes: 33440697856
write_bytes: 109038788608
cancelled_write_bytes: 0

[2020-01-20T04:46:40-08:00]
rchar: 319481653939
wchar: 109383498381
syscr: 38691931
syscw: 3984826
read_bytes: 33515003392
write_bytes: 109394702336
cancelled_write_bytes: 0

[2020-01-20T04:46:43-08:00]
rchar: 320320167273
wchar: 109780389454
syscr: 38793605
syscw: 3992778
read_bytes: 33531575808
write_bytes: 109791608832
cancelled_write_bytes: 0

[2020-01-20T04:46:46-08:00]
rchar: 321766400510
wchar: 110238511675
syscr: 38968878
syscw: 4005241
read_bytes: 33557900800
write_bytes: 110249762816
cancelled_write_bytes: 0

[2020-01-20T04:46:49-08:00]
rchar: 323516286179
wchar: 110713277815
syscr: 39180562
syscw: 4022571
read_bytes: 33598213632
write_bytes: 110724575232
cancelled_write_bytes: 0

[2020-01-20T04:46:52-08:00]
rchar: 324905528956
wchar: 111205151834
syscr: 39348981
syscw: 4041808
read_bytes: 33643863552
write_bytes: 111216500736
cancelled_write_bytes: 0

[2020-01-20T04:46:55-08:00]
rchar: 325362027942
wchar: 111432317000
syscr: 39404311
syscw: 4048376
read_bytes: 33660526080
write_bytes: 111443689472
cancelled_write_bytes: 0

[2020-01-20T04:46:58-08:00]
rchar: 326818019754
wchar: 111923298078
syscr: 39580729
syscw: 4066239
read_bytes: 33703120384
write_bytes: 111934738432
cancelled_write_bytes: 0

[2020-01-20T04:47:01-08:00]
rchar: 327983244960
wchar: 112288949283
syscr: 39721999
syscw: 4080021
read_bytes: 33734901248
write_bytes: 112300417024
cancelled_write_bytes: 0

[2020-01-20T04:47:04-08:00]
rchar: 329613156766
wchar: 112755611114
syscr: 39919586
syscw: 4100665
read_bytes: 33782644224
write_bytes: 112767131648
cancelled_write_bytes: 0

[2020-01-20T04:47:07-08:00]
rchar: 329971173584
wchar: 113024003449
syscr: 39962968
syscw: 4105939
read_bytes: 33792892416
write_bytes: 113036120064
cancelled_write_bytes: 0

[2020-01-20T04:47:10-08:00]
rchar: 331466227279
wchar: 113435654752
syscr: 40144131
syscw: 4121550
read_bytes: 33827978752
write_bytes: 113447256064
cancelled_write_bytes: 0

[2020-01-20T04:47:13-08:00]
rchar: 333311092133
wchar: 113931195511
syscr: 40367782
syscw: 4141490
read_bytes: 33871941120
write_bytes: 113942843392
cancelled_write_bytes: 0

[2020-01-20T04:47:16-08:00]
rchar: 334727379371
wchar: 114334197970
syscr: 40539482
syscw: 4156804
read_bytes: 33905327616
write_bytes: 114345881600
cancelled_write_bytes: 0

[2020-01-20T04:47:19-08:00]
rchar: 335847902843
wchar: 114768667917
syscr: 40675224
syscw: 4168773
read_bytes: 33930849792
write_bytes: 114780397568
cancelled_write_bytes: 0

[2020-01-20T04:47:22-08:00]
rchar: 336947062206
wchar: 115153462763
syscr: 40808501
syscw: 4178365
read_bytes: 33950494208
write_bytes: 115165216768
cancelled_write_bytes: 0

[2020-01-20T04:47:25-08:00]
rchar: 339078753380
wchar: 115816351355
syscr: 41066972
syscw: 4196854
read_bytes: 33990725120
write_bytes: 115828137984
cancelled_write_bytes: 0

[2020-01-20T04:47:28-08:00]
rchar: 340214233714
wchar: 116326672333
syscr: 41204115
syscw: 4206649
read_bytes: 34026561024
write_bytes: 116338540544
cancelled_write_bytes: 0

[2020-01-20T04:47:31-08:00]
rchar: 341173307489
wchar: 117021160832
syscr: 41320404
syscw: 4215186
read_bytes: 34081734144
write_bytes: 117033070592
cancelled_write_bytes: 0

[2020-01-20T04:47:34-08:00]
rchar: 341446373885
wchar: 117208991927
syscr: 41353515
syscw: 4218006
read_bytes: 34097159680
write_bytes: 117220945920
cancelled_write_bytes: 0

[2020-01-20T04:47:37-08:00]
rchar: 342161486908
wchar: 117819009775
syscr: 41440195
syscw: 4225246
read_bytes: 34142944768
write_bytes: 117830983680
cancelled_write_bytes: 0

[2020-01-20T04:47:40-08:00]
rchar: 342740578682
wchar: 118212016076
syscr: 41510224
syscw: 4231290
read_bytes: 34191629824
write_bytes: 118224056320
cancelled_write_bytes: 0

[2020-01-20T04:47:43-08:00]
rchar: 343621996851
wchar: 118633858055
syscr: 41617108
syscw: 4241122
read_bytes: 34311503360
write_bytes: 118645919744
cancelled_write_bytes: 0

[2020-01-20T04:47:46-08:00]
rchar: 344712496146
wchar: 119162992747
syscr: 41749360
syscw: 4252391
read_bytes: 34473770496
write_bytes: 119175118848
cancelled_write_bytes: 0

[2020-01-20T04:47:49-08:00]
rchar: 345854832445
wchar: 119698430688
syscr: 41887897
syscw: 4264681
read_bytes: 34638016000
write_bytes: 119710638080
cancelled_write_bytes: 0

[2020-01-20T04:47:52-08:00]
rchar: 346845813328
wchar: 120163737235
syscr: 42008069
syscw: 4276091
read_bytes: 34779905536
write_bytes: 120175947776
cancelled_write_bytes: 0

[2020-01-20T04:47:55-08:00]
rchar: 347195194524
wchar: 120457816421
syscr: 42050435
syscw: 4282018
read_bytes: 34819419648
write_bytes: 120470040576
cancelled_write_bytes: 0

[2020-01-20T04:47:58-08:00]
rchar: 348332195953
wchar: 120911846525
syscr: 42188196
syscw: 4294064
read_bytes: 34955968000
write_bytes: 120924180480
cancelled_write_bytes: 0

[2020-01-20T04:48:01-08:00]
rchar: 349431563564
wchar: 121336170955
syscr: 42321503
syscw: 4305482
read_bytes: 35084160512
write_bytes: 121348673536
cancelled_write_bytes: 0

[2020-01-20T04:48:04-08:00]
rchar: 350630143251
wchar: 121800595956
syscr: 42466828
syscw: 4317881
read_bytes: 35219418624
write_bytes: 121813020672
cancelled_write_bytes: 0

[2020-01-20T04:48:07-08:00]
rchar: 351843174325
wchar: 122275870546
syscr: 42613920
syscw: 4330259
read_bytes: 35362704896
write_bytes: 122288304128
cancelled_write_bytes: 0

[2020-01-20T04:48:10-08:00]
rchar: 352522668126
wchar: 122619790709
syscr: 42696288
syscw: 4338459
read_bytes: 35431955968
write_bytes: 122632257536
cancelled_write_bytes: 0

[2020-01-20T04:48:13-08:00]
rchar: 353521039039
wchar: 123019174829
syscr: 42817269
syscw: 4347869
read_bytes: 35535334912
write_bytes: 123031691264
cancelled_write_bytes: 0

[2020-01-20T04:48:16-08:00]
rchar: 354587384611
wchar: 123323088602
syscr: 42946214
syscw: 4359025
read_bytes: 35617189376
write_bytes: 123335684096
cancelled_write_bytes: 0

[2020-01-20T04:48:19-08:00]
rchar: 356795214630
wchar: 123650892106
syscr: 43213827
syscw: 4384623
read_bytes: 35670957568
write_bytes: 123663519744
cancelled_write_bytes: 0

[2020-01-20T04:48:22-08:00]
rchar: 357361323610
wchar: 123966023866
syscr: 43282448
syscw: 4390448
read_bytes: 35681385984
write_bytes: 123978682368
cancelled_write_bytes: 0

[2020-01-20T04:48:25-08:00]
rchar: 359084410004
wchar: 124456273741
syscr: 43491263
syscw: 4406478
read_bytes: 35710287360
write_bytes: 124468977664
cancelled_write_bytes: 0

[2020-01-20T04:48:28-08:00]
rchar: 360321055469
wchar: 124848388363
syscr: 43641209
syscw: 4417507
read_bytes: 35728465408
write_bytes: 124861435904
cancelled_write_bytes: 0

[2020-01-20T04:48:31-08:00]
rchar: 362398143082
wchar: 125456901177
syscr: 43892559
syscw: 4439503
read_bytes: 35766197760
write_bytes: 125469700096
cancelled_write_bytes: 0

[2020-01-20T04:48:34-08:00]
rchar: 362796453707
wchar: 125621654317
syscr: 43940864
syscw: 4445268
read_bytes: 35777687040
write_bytes: 125634461696
cancelled_write_bytes: 0

[2020-01-20T04:48:37-08:00]
rchar: 364177033155
wchar: 126201435553
syscr: 44108135
syscw: 4465925
read_bytes: 35813871104
write_bytes: 126214299648
cancelled_write_bytes: 0

[2020-01-20T04:48:40-08:00]
rchar: 365369443447
wchar: 126597102656
syscr: 44252681
syscw: 4482288
read_bytes: 35842747904
write_bytes: 126610010112
cancelled_write_bytes: 0

[2020-01-20T04:48:43-08:00]
rchar: 366586643430
wchar: 126989237414
syscr: 44400249
syscw: 4498598
read_bytes: 35872570880
write_bytes: 127002185728
cancelled_write_bytes: 0

[2020-01-20T04:48:46-08:00]
rchar: 367256538568
wchar: 127325966834
syscr: 44481397
syscw: 4508648
read_bytes: 35889110528
write_bytes: 127338946560
cancelled_write_bytes: 0

[2020-01-20T04:48:49-08:00]
rchar: 368632173585
wchar: 127725779869
syscr: 44648155
syscw: 4525183
read_bytes: 35917434368
write_bytes: 127738802176
cancelled_write_bytes: 0

[2020-01-20T04:48:52-08:00]
rchar: 370735303451
wchar: 128234391244
syscr: 44903109
syscw: 4552221
read_bytes: 35963391488
write_bytes: 128247459840
cancelled_write_bytes: 0

[2020-01-20T04:48:55-08:00]
rchar: 371157994721
wchar: 128433084425
syscr: 44954348
syscw: 4557841
read_bytes: 35971657216
write_bytes: 128446169088
cancelled_write_bytes: 0

[2020-01-20T04:48:58-08:00]
rchar: 371534720236
wchar: 128716538763
syscr: 44999954
syscw: 4561665
read_bytes: 35976846848
write_bytes: 128729665536
cancelled_write_bytes: 0

[2020-01-20T04:49:01-08:00]
rchar: 371534720236
wchar: 128716538763
syscr: 44999954
syscw: 4561665
read_bytes: 35976846848
write_bytes: 128729673728
cancelled_write_bytes: 0

[2020-01-20T04:49:04-08:00]
rchar: 371534720236
wchar: 128716538763
syscr: 44999954
syscw: 4561665
read_bytes: 35976846848
write_bytes: 128729673728
cancelled_write_bytes: 0

[2020-01-20T04:49:07-08:00]
rchar: 371534720236
wchar: 128716538763
syscr: 44999954
syscw: 4561665
read_bytes: 35976846848
write_bytes: 128729673728
cancelled_write_bytes: 0

