[2020-02-22T14:26:12-08:00]
rchar: 16584901
wchar: 209
syscr: 2825
syscw: 10
read_bytes: 716800
write_bytes: 53248
cancelled_write_bytes: 0

[2020-02-22T14:26:15-08:00]
rchar: 16584901
wchar: 209
syscr: 2825
syscw: 10
read_bytes: 716800
write_bytes: 53248
cancelled_write_bytes: 0

[2020-02-22T14:26:18-08:00]
rchar: 16584901
wchar: 209
syscr: 2825
syscw: 10
read_bytes: 716800
write_bytes: 61440
cancelled_write_bytes: 0

[2020-02-22T14:26:21-08:00]
rchar: 16584901
wchar: 209
syscr: 2825
syscw: 10
read_bytes: 716800
write_bytes: 61440
cancelled_write_bytes: 0

[2020-02-22T14:26:24-08:00]
rchar: 16584901
wchar: 209
syscr: 2825
syscw: 10
read_bytes: 716800
write_bytes: 77824
cancelled_write_bytes: 0

[2020-02-22T14:26:27-08:00]
rchar: 16584901
wchar: 209
syscr: 2825
syscw: 10
read_bytes: 716800
write_bytes: 77824
cancelled_write_bytes: 0

[2020-02-22T14:26:30-08:00]
rchar: 16584901
wchar: 209
syscr: 2825
syscw: 10
read_bytes: 716800
write_bytes: 94208
cancelled_write_bytes: 0

[2020-02-22T14:26:33-08:00]
rchar: 16584901
wchar: 209
syscr: 2825
syscw: 10
read_bytes: 716800
write_bytes: 94208
cancelled_write_bytes: 0

[2020-02-22T14:26:36-08:00]
rchar: 16584901
wchar: 209
syscr: 2825
syscw: 10
read_bytes: 716800
write_bytes: 102400
cancelled_write_bytes: 0

[2020-02-22T14:26:39-08:00]
rchar: 23130254
wchar: 8249927
syscr: 3922
syscw: 1205
read_bytes: 5828608
write_bytes: 8376320
cancelled_write_bytes: 0

[2020-02-22T14:26:42-08:00]
rchar: 148087799
wchar: 111392032
syscr: 35849
syscw: 2338
read_bytes: 190913024
write_bytes: 111542272
cancelled_write_bytes: 0

[2020-02-22T14:26:45-08:00]
rchar: 326009463
wchar: 195132746
syscr: 102042
syscw: 15262
read_bytes: 450988544
write_bytes: 195293184
cancelled_write_bytes: 0

[2020-02-22T14:26:48-08:00]
rchar: 486993401
wchar: 328073938
syscr: 160853
syscw: 27516
read_bytes: 637385216
write_bytes: 328265728
cancelled_write_bytes: 0

[2020-02-22T14:26:51-08:00]
rchar: 555342362
wchar: 453394431
syscr: 188803
syscw: 36664
read_bytes: 738355712
write_bytes: 453779456
cancelled_write_bytes: 0

[2020-02-22T14:26:54-08:00]
rchar: 606589997
wchar: 520679214
syscr: 209712
syscw: 43444
read_bytes: 810039808
write_bytes: 521232384
cancelled_write_bytes: 0

[2020-02-22T14:26:57-08:00]
rchar: 710796932
wchar: 623438204
syscr: 251936
syscw: 58529
read_bytes: 954616320
write_bytes: 624111616
cancelled_write_bytes: 0

[2020-02-22T14:27:00-08:00]
rchar: 858599832
wchar: 754278068
syscr: 311854
syscw: 74346
read_bytes: 1157433856
write_bytes: 754999296
cancelled_write_bytes: 0

[2020-02-22T14:27:03-08:00]
rchar: 957225883
wchar: 888627426
syscr: 351886
syscw: 88808
read_bytes: 1292454400
write_bytes: 889376768
cancelled_write_bytes: 0

[2020-02-22T14:27:06-08:00]
rchar: 1066673641
wchar: 994703993
syscr: 396033
syscw: 99058
read_bytes: 1439488512
write_bytes: 995614720
cancelled_write_bytes: 0

[2020-02-22T14:27:09-08:00]
rchar: 1133177822
wchar: 1053436432
syscr: 422421
syscw: 108050
read_bytes: 1520835072
write_bytes: 1054552064
cancelled_write_bytes: 0

[2020-02-22T14:27:12-08:00]
rchar: 1273785883
wchar: 1160252580
syscr: 478680
syscw: 122429
read_bytes: 1700829696
write_bytes: 1161424896
cancelled_write_bytes: 0

[2020-02-22T14:27:15-08:00]
rchar: 1388290156
wchar: 1300448660
syscr: 524277
syscw: 127208
read_bytes: 1844042240
write_bytes: 1301655552
cancelled_write_bytes: 0

[2020-02-22T14:27:18-08:00]
rchar: 1466337227
wchar: 1400728513
syscr: 555038
syscw: 137486
read_bytes: 1935948288
write_bytes: 1402089472
cancelled_write_bytes: 0

[2020-02-22T14:27:21-08:00]
rchar: 1562839547
wchar: 1474526436
syscr: 592932
syscw: 147104
read_bytes: 2043668992
write_bytes: 1476153344
cancelled_write_bytes: 0

[2020-02-22T14:27:24-08:00]
rchar: 1781310470
wchar: 1644137686
syscr: 670755
syscw: 156408
read_bytes: 2278357504
write_bytes: 1645985792
cancelled_write_bytes: 0

[2020-02-22T14:27:28-08:00]
rchar: 1858975870
wchar: 1784215932
syscr: 699651
syscw: 162808
read_bytes: 2362673664
write_bytes: 1792565248
cancelled_write_bytes: 0

[2020-02-22T14:27:31-08:00]
rchar: 1943409949
wchar: 1854209974
syscr: 732708
syscw: 170808
read_bytes: 2453559808
write_bytes: 1856491520
cancelled_write_bytes: 0

[2020-02-22T14:27:34-08:00]
rchar: 2037240621
wchar: 1949466253
syscr: 767994
syscw: 178138
read_bytes: 2551155200
write_bytes: 1951875072
cancelled_write_bytes: 0

[2020-02-22T14:27:37-08:00]
rchar: 2164564793
wchar: 2046137693
syscr: 816835
syscw: 190126
read_bytes: 2684799488
write_bytes: 2048815104
cancelled_write_bytes: 0

[2020-02-22T14:27:40-08:00]
rchar: 2226530155
wchar: 2099619859
syscr: 841435
syscw: 197087
read_bytes: 2751658496
write_bytes: 2102517760
cancelled_write_bytes: 0

[2020-02-22T14:27:43-08:00]
rchar: 2405963288
wchar: 2225352899
syscr: 908213
syscw: 206947
read_bytes: 2931546624
write_bytes: 2233655296
cancelled_write_bytes: 0

[2020-02-22T14:27:46-08:00]
rchar: 2489241217
wchar: 2315487014
syscr: 937722
syscw: 210550
read_bytes: 3008227840
write_bytes: 2319187968
cancelled_write_bytes: 0

[2020-02-22T14:27:49-08:00]
rchar: 2572433592
wchar: 2418674109
syscr: 967407
syscw: 216196
read_bytes: 3091339776
write_bytes: 2422726656
cancelled_write_bytes: 0

[2020-02-22T14:27:52-08:00]
rchar: 2823425717
wchar: 2675698210
syscr: 1051158
syscw: 223673
read_bytes: 3332889088
write_bytes: 2679975936
cancelled_write_bytes: 0

[2020-02-22T14:27:55-08:00]
rchar: 3089945247
wchar: 2915898083
syscr: 1139995
syscw: 231596
read_bytes: 3590171136
write_bytes: 2920194048
cancelled_write_bytes: 0

[2020-02-22T14:27:58-08:00]
rchar: 3395303302
wchar: 3217618502
syscr: 1240824
syscw: 238857
read_bytes: 3882367488
write_bytes: 3221958656
cancelled_write_bytes: 0

[2020-02-22T14:28:01-08:00]
rchar: 3596810883
wchar: 3389928747
syscr: 1307131
syscw: 243746
read_bytes: 4071078400
write_bytes: 3394453504
cancelled_write_bytes: 0

[2020-02-22T14:28:04-08:00]
rchar: 3775077008
wchar: 3556857434
syscr: 1366419
syscw: 250251
read_bytes: 4236868096
write_bytes: 3561558016
cancelled_write_bytes: 0

[2020-02-22T14:28:07-08:00]
rchar: 3848134123
wchar: 3659067381
syscr: 1392385
syscw: 255307
read_bytes: 4303632896
write_bytes: 3664056320
cancelled_write_bytes: 0

[2020-02-22T14:28:10-08:00]
rchar: 3940039928
wchar: 3723925300
syscr: 1427470
syscw: 263405
read_bytes: 4386691584
write_bytes: 3729215488
cancelled_write_bytes: 0

[2020-02-22T14:28:13-08:00]
rchar: 4019345339
wchar: 3800776280
syscr: 1458009
syscw: 271274
read_bytes: 4459444736
write_bytes: 3806269440
cancelled_write_bytes: 0

[2020-02-22T14:28:16-08:00]
rchar: 4200407461
wchar: 3935816546
syscr: 1524387
syscw: 282362
read_bytes: 4628683264
write_bytes: 3941519360
cancelled_write_bytes: 0

[2020-02-22T14:28:19-08:00]
rchar: 4308135891
wchar: 4053764749
syscr: 1564160
syscw: 289072
read_bytes: 4727400960
write_bytes: 4059582464
cancelled_write_bytes: 0

[2020-02-22T14:28:22-08:00]
rchar: 4426444347
wchar: 4135310291
syscr: 1609816
syscw: 302319
read_bytes: 4834773504
write_bytes: 4141395968
cancelled_write_bytes: 0

[2020-02-22T14:28:25-08:00]
rchar: 4501569109
wchar: 4192341682
syscr: 1638839
syscw: 309941
read_bytes: 4901558784
write_bytes: 4198633472
cancelled_write_bytes: 0

[2020-02-22T14:28:28-08:00]
rchar: 4623559512
wchar: 4278831068
syscr: 1685517
syscw: 321926
read_bytes: 5012814336
write_bytes: 4285374464
cancelled_write_bytes: 0

[2020-02-22T14:28:31-08:00]
rchar: 4687258252
wchar: 4356117144
syscr: 1713412
syscw: 325337
read_bytes: 5057101312
write_bytes: 4363636736
cancelled_write_bytes: 0

[2020-02-22T14:28:34-08:00]
rchar: 4772901431
wchar: 4454231718
syscr: 1742964
syscw: 329713
read_bytes: 5134933504
write_bytes: 4462157824
cancelled_write_bytes: 0

[2020-02-22T14:28:37-08:00]
rchar: 4929237041
wchar: 4564615241
syscr: 1796386
syscw: 334994
read_bytes: 5275045376
write_bytes: 4572925952
cancelled_write_bytes: 0

[2020-02-22T14:28:40-08:00]
rchar: 5222839769
wchar: 4820103833
syscr: 1895785
syscw: 343584
read_bytes: 5541731840
write_bytes: 4828438528
cancelled_write_bytes: 0

[2020-02-22T14:28:43-08:00]
rchar: 5412068601
wchar: 5035354423
syscr: 1960958
syscw: 350866
read_bytes: 5712662016
write_bytes: 5043945472
cancelled_write_bytes: 0

[2020-02-22T14:28:46-08:00]
rchar: 5702253882
wchar: 5272936038
syscr: 2059411
syscw: 357414
read_bytes: 5973245440
write_bytes: 5281566720
cancelled_write_bytes: 0

[2020-02-22T14:28:49-08:00]
rchar: 5857180716
wchar: 5448834289
syscr: 2113797
syscw: 365085
read_bytes: 6108618240
write_bytes: 5457666048
cancelled_write_bytes: 0

[2020-02-22T14:28:52-08:00]
rchar: 6198807402
wchar: 5729293637
syscr: 2228155
syscw: 371173
read_bytes: 6402055680
write_bytes: 5738160128
cancelled_write_bytes: 0

[2020-02-22T14:28:55-08:00]
rchar: 6473580114
wchar: 5940690998
syscr: 2320827
syscw: 378663
read_bytes: 6636002816
write_bytes: 5949599744
cancelled_write_bytes: 0

[2020-02-22T14:28:58-08:00]
rchar: 6725352139
wchar: 6223663262
syscr: 2406372
syscw: 386450
read_bytes: 6847176192
write_bytes: 6232612864
cancelled_write_bytes: 0

[2020-02-22T14:29:01-08:00]
rchar: 6918182292
wchar: 6371607360
syscr: 2472435
syscw: 393782
read_bytes: 7004204544
write_bytes: 6380781568
cancelled_write_bytes: 0

[2020-02-22T14:29:04-08:00]
rchar: 7003691887
wchar: 6446268114
syscr: 2504654
syscw: 400490
read_bytes: 7069695488
write_bytes: 6455783424
cancelled_write_bytes: 0

[2020-02-22T14:29:07-08:00]
rchar: 7092830513
wchar: 6523601733
syscr: 2538247
syscw: 408891
read_bytes: 7137623552
write_bytes: 6533390336
cancelled_write_bytes: 0

[2020-02-22T14:29:10-08:00]
rchar: 7190735784
wchar: 6590177190
syscr: 2575035
syscw: 417798
read_bytes: 7210659328
write_bytes: 6600273920
cancelled_write_bytes: 0

[2020-02-22T14:29:13-08:00]
rchar: 7290579566
wchar: 6654495751
syscr: 2612339
syscw: 426299
read_bytes: 7283260928
write_bytes: 6664867840
cancelled_write_bytes: 0

[2020-02-22T14:29:16-08:00]
rchar: 7382293395
wchar: 6738885220
syscr: 2646568
syscw: 433557
read_bytes: 7354727936
write_bytes: 6749429760
cancelled_write_bytes: 0

[2020-02-22T14:29:19-08:00]
rchar: 7494100274
wchar: 6826680061
syscr: 2689831
syscw: 443155
read_bytes: 7439547904
write_bytes: 6837526528
cancelled_write_bytes: 0

[2020-02-22T14:29:22-08:00]
rchar: 7747761393
wchar: 7015689136
syscr: 2779767
syscw: 452887
read_bytes: 7648001536
write_bytes: 7026659328
cancelled_write_bytes: 0

[2020-02-22T14:29:25-08:00]
rchar: 7834432213
wchar: 7097592028
syscr: 2812600
syscw: 456829
read_bytes: 7713563136
write_bytes: 7109623808
cancelled_write_bytes: 0

[2020-02-22T14:29:28-08:00]
rchar: 7922259389
wchar: 7217561499
syscr: 2845555
syscw: 463615
read_bytes: 7784182272
write_bytes: 7229816832
cancelled_write_bytes: 0

[2020-02-22T14:29:31-08:00]
rchar: 8010728675
wchar: 7260604538
syscr: 2879574
syscw: 471629
read_bytes: 7850963456
write_bytes: 7273041920
cancelled_write_bytes: 0

[2020-02-22T14:29:34-08:00]
rchar: 8151438569
wchar: 7375254500
syscr: 2932303
syscw: 480325
read_bytes: 7961154048
write_bytes: 7387951104
cancelled_write_bytes: 0

[2020-02-22T14:29:37-08:00]
rchar: 8414454463
wchar: 7567011831
syscr: 3026478
syscw: 490753
read_bytes: 8174039552
write_bytes: 7592554496
cancelled_write_bytes: 0

[2020-02-22T14:29:40-08:00]
rchar: 8749433218
wchar: 7861651381
syscr: 3143089
syscw: 497904
read_bytes: 8447873536
write_bytes: 7874473984
cancelled_write_bytes: 0

[2020-02-22T14:29:43-08:00]
rchar: 8928489570
wchar: 8029267378
syscr: 3207429
syscw: 506342
read_bytes: 8589935104
write_bytes: 8042201088
cancelled_write_bytes: 0

[2020-02-22T14:29:46-08:00]
rchar: 9018376276
wchar: 8124624840
syscr: 3242017
syscw: 514398
read_bytes: 8655938048
write_bytes: 8137871360
cancelled_write_bytes: 0

[2020-02-22T14:29:49-08:00]
rchar: 9125955685
wchar: 8176240247
syscr: 3282837
syscw: 523699
read_bytes: 8730714624
write_bytes: 8189792256
cancelled_write_bytes: 0

[2020-02-22T14:29:52-08:00]
rchar: 9214716960
wchar: 8252246041
syscr: 3316845
syscw: 532311
read_bytes: 8793235968
write_bytes: 8266035200
cancelled_write_bytes: 0

[2020-02-22T14:29:55-08:00]
rchar: 9335741256
wchar: 8343279573
syscr: 3363472
syscw: 542151
read_bytes: 8877056512
write_bytes: 8357396480
cancelled_write_bytes: 0

[2020-02-22T14:29:58-08:00]
rchar: 9416276313
wchar: 8414965384
syscr: 3394642
syscw: 549558
read_bytes: 8933839360
write_bytes: 8429264896
cancelled_write_bytes: 0

[2020-02-22T14:30:01-08:00]
rchar: 9543358008
wchar: 8492915412
syscr: 3443895
syscw: 560633
read_bytes: 9023877632
write_bytes: 8507580416
cancelled_write_bytes: 0

[2020-02-22T14:30:04-08:00]
rchar: 9628567452
wchar: 8569390244
syscr: 3476648
syscw: 568981
read_bytes: 9084346880
write_bytes: 8584286208
cancelled_write_bytes: 0

[2020-02-22T14:30:07-08:00]
rchar: 9749940663
wchar: 8645128969
syscr: 3523443
syscw: 578754
read_bytes: 9170592256
write_bytes: 8660336640
cancelled_write_bytes: 0

[2020-02-22T14:30:10-08:00]
rchar: 9844694595
wchar: 8730561504
syscr: 3559339
syscw: 585869
read_bytes: 9240605184
write_bytes: 8745955328
cancelled_write_bytes: 0

[2020-02-22T14:30:13-08:00]
rchar: 9965920019
wchar: 8823296241
syscr: 3606884
syscw: 596333
read_bytes: 9328853504
write_bytes: 8839008256
cancelled_write_bytes: 0

[2020-02-22T14:30:16-08:00]
rchar: 10052627421
wchar: 8866740498
syscr: 3640643
syscw: 604541
read_bytes: 9393021440
write_bytes: 8882696192
cancelled_write_bytes: 0

[2020-02-22T14:30:19-08:00]
rchar: 10180689907
wchar: 8972482996
syscr: 3688945
syscw: 614184
read_bytes: 9488122368
write_bytes: 8988655616
cancelled_write_bytes: 0

[2020-02-22T14:30:22-08:00]
rchar: 10461419716
wchar: 9235001835
syscr: 3787387
syscw: 622297
read_bytes: 9704432128
write_bytes: 9251229696
cancelled_write_bytes: 0

[2020-02-22T14:30:25-08:00]
rchar: 10805739114
wchar: 9514077389
syscr: 3907109
syscw: 628856
read_bytes: 9968484864
write_bytes: 9530351616
cancelled_write_bytes: 0

[2020-02-22T14:30:28-08:00]
rchar: 10969284322
wchar: 9656717090
syscr: 3964600
syscw: 634489
read_bytes: 10086793728
write_bytes: 9673203712
cancelled_write_bytes: 0

[2020-02-22T14:30:31-08:00]
rchar: 11068565825
wchar: 9718925201
syscr: 4001850
syscw: 643294
read_bytes: 10153087488
write_bytes: 9736310784
cancelled_write_bytes: 0

[2020-02-22T14:30:34-08:00]
rchar: 11188412710
wchar: 9807390625
syscr: 4047018
syscw: 652918
read_bytes: 10231587328
write_bytes: 9824428032
cancelled_write_bytes: 0

[2020-02-22T14:30:37-08:00]
rchar: 11305724470
wchar: 9886236344
syscr: 4090887
syscw: 661188
read_bytes: 10311754240
write_bytes: 9903493120
cancelled_write_bytes: 0

[2020-02-22T14:30:40-08:00]
rchar: 11394768046
wchar: 9962562948
syscr: 4125175
syscw: 669315
read_bytes: 10373030400
write_bytes: 9980059648
cancelled_write_bytes: 0

[2020-02-22T14:30:43-08:00]
rchar: 11516766829
wchar: 10024413141
syscr: 4172723
syscw: 673041
read_bytes: 10447974912
write_bytes: 10042912768
cancelled_write_bytes: 0

[2020-02-22T14:30:46-08:00]
rchar: 11617051470
wchar: 10095194097
syscr: 4206089
syscw: 675999
read_bytes: 10524426752
write_bytes: 10116206592
cancelled_write_bytes: 0

[2020-02-22T14:30:49-08:00]
rchar: 11752811917
wchar: 10260432957
syscr: 4251373
syscw: 680206
read_bytes: 10628579840
write_bytes: 10279870464
cancelled_write_bytes: 0

[2020-02-22T14:30:52-08:00]
rchar: 12141787336
wchar: 10553634143
syscr: 4378896
syscw: 687975
read_bytes: 10927555072
write_bytes: 10573176832
cancelled_write_bytes: 0

[2020-02-22T14:30:55-08:00]
rchar: 12444012293
wchar: 10826955622
syscr: 4477147
syscw: 694900
read_bytes: 11160404480
write_bytes: 10846535680
cancelled_write_bytes: 0

[2020-02-22T14:30:58-08:00]
rchar: 12741224199
wchar: 11179747552
syscr: 4574085
syscw: 700402
read_bytes: 11387597312
write_bytes: 11199381504
cancelled_write_bytes: 0

[2020-02-22T14:31:01-08:00]
rchar: 13016408438
wchar: 11417319407
syscr: 4664774
syscw: 707392
read_bytes: 11593576960
write_bytes: 11437056000
cancelled_write_bytes: 0

[2020-02-22T14:31:04-08:00]
rchar: 13190330079
wchar: 11590748915
syscr: 4723529
syscw: 713300
read_bytes: 11718808064
write_bytes: 11610607616
cancelled_write_bytes: 0

[2020-02-22T14:31:07-08:00]
rchar: 13425213865
wchar: 11801261761
syscr: 4801196
syscw: 718225
read_bytes: 11893289472
write_bytes: 11821326336
cancelled_write_bytes: 0

[2020-02-22T14:31:10-08:00]
rchar: 13650462295
wchar: 11973896256
syscr: 4875603
syscw: 722812
read_bytes: 12059197952
write_bytes: 11994062848
cancelled_write_bytes: 0

[2020-02-22T14:31:13-08:00]
rchar: 13874351573
wchar: 12145668145
syscr: 4949861
syscw: 728713
read_bytes: 12216214016
write_bytes: 12165906432
cancelled_write_bytes: 0

[2020-02-22T14:31:16-08:00]
rchar: 14156718368
wchar: 12388756770
syscr: 5043044
syscw: 735226
read_bytes: 12414226944
write_bytes: 12409147392
cancelled_write_bytes: 0

[2020-02-22T14:31:19-08:00]
rchar: 14315798052
wchar: 12556694809
syscr: 5096584
syscw: 740363
read_bytes: 12521439744
write_bytes: 12577288192
cancelled_write_bytes: 0

[2020-02-22T14:31:22-08:00]
rchar: 14504227920
wchar: 12749562652
syscr: 5160125
syscw: 745967
read_bytes: 12648043008
write_bytes: 12770394112
cancelled_write_bytes: 0

[2020-02-22T14:31:25-08:00]
rchar: 14624152481
wchar: 12810538782
syscr: 5203094
syscw: 753478
read_bytes: 12716081664
write_bytes: 12831653888
cancelled_write_bytes: 0

[2020-02-22T14:31:28-08:00]
rchar: 14773910685
wchar: 12916535717
syscr: 5256753
syscw: 762412
read_bytes: 12801716736
write_bytes: 12937908224
cancelled_write_bytes: 0

[2020-02-22T14:31:31-08:00]
rchar: 14912078045
wchar: 13007359624
syscr: 5307984
syscw: 772054
read_bytes: 12878451200
write_bytes: 13028950016
cancelled_write_bytes: 0

[2020-02-22T14:31:34-08:00]
rchar: 15053302390
wchar: 13102976646
syscr: 5360864
syscw: 781612
read_bytes: 12957680128
write_bytes: 13124837376
cancelled_write_bytes: 0

[2020-02-22T14:31:37-08:00]
rchar: 15174978223
wchar: 13184350665
syscr: 5405800
syscw: 790447
read_bytes: 13027127808
write_bytes: 13206384640
cancelled_write_bytes: 0

[2020-02-22T14:31:40-08:00]
rchar: 15400135978
wchar: 13325236564
syscr: 5486972
syscw: 800726
read_bytes: 13160559104
write_bytes: 13347573760
cancelled_write_bytes: 0

[2020-02-22T14:31:43-08:00]
rchar: 15505875254
wchar: 13407542866
syscr: 5528836
syscw: 806412
read_bytes: 13214630400
write_bytes: 13430411264
cancelled_write_bytes: 0

[2020-02-22T14:31:46-08:00]
rchar: 15642284051
wchar: 13453952459
syscr: 5574589
syscw: 811068
read_bytes: 13309391360
write_bytes: 13477498880
cancelled_write_bytes: 0

[2020-02-22T14:31:49-08:00]
rchar: 15867823396
wchar: 13666083318
syscr: 5648973
syscw: 815725
read_bytes: 13470732800
write_bytes: 13689974784
cancelled_write_bytes: 0

[2020-02-22T14:31:52-08:00]
rchar: 16168159729
wchar: 13900789450
syscr: 5749392
syscw: 824087
read_bytes: 13681627648
write_bytes: 13924769792
cancelled_write_bytes: 0

[2020-02-22T14:31:55-08:00]
rchar: 16399339442
wchar: 14163520352
syscr: 5826790
syscw: 830950
read_bytes: 13840364032
write_bytes: 14187634688
cancelled_write_bytes: 0

[2020-02-22T14:31:58-08:00]
rchar: 16632908621
wchar: 14357832005
syscr: 5904025
syscw: 836337
read_bytes: 14004752896
write_bytes: 14382133248
cancelled_write_bytes: 0

[2020-02-22T14:32:01-08:00]
rchar: 16839489344
wchar: 14545500025
syscr: 5973440
syscw: 842023
read_bytes: 14143709696
write_bytes: 14569996288
cancelled_write_bytes: 0

[2020-02-22T14:32:04-08:00]
rchar: 17001092929
wchar: 14717101072
syscr: 6028214
syscw: 847395
read_bytes: 14250861056
write_bytes: 14741753856
cancelled_write_bytes: 0

[2020-02-22T14:32:07-08:00]
rchar: 17147067285
wchar: 14826000745
syscr: 6077966
syscw: 852872
read_bytes: 14343373312
write_bytes: 14850945024
cancelled_write_bytes: 0

[2020-02-22T14:32:10-08:00]
rchar: 17425332879
wchar: 15040590773
syscr: 6170618
syscw: 859570
read_bytes: 14524150272
write_bytes: 15065620480
cancelled_write_bytes: 0

[2020-02-22T14:32:13-08:00]
rchar: 17694787548
wchar: 15272679017
syscr: 6260908
syscw: 866350
read_bytes: 14697030144
write_bytes: 15297810432
cancelled_write_bytes: 0

[2020-02-22T14:32:16-08:00]
rchar: 17865529756
wchar: 15430412858
syscr: 6320304
syscw: 872880
read_bytes: 14797165056
write_bytes: 15455735808
cancelled_write_bytes: 0

[2020-02-22T14:32:19-08:00]
rchar: 18048769599
wchar: 15563904388
syscr: 6385280
syscw: 881923
read_bytes: 14898147840
write_bytes: 15589429248
cancelled_write_bytes: 0

[2020-02-22T14:32:22-08:00]
rchar: 18192167000
wchar: 15654513277
syscr: 6437821
syscw: 890041
read_bytes: 14967095808
write_bytes: 15680253952
cancelled_write_bytes: 0

[2020-02-22T14:32:25-08:00]
rchar: 18317862604
wchar: 15724230525
syscr: 6484203
syscw: 899406
read_bytes: 15030571520
write_bytes: 15750209536
cancelled_write_bytes: 0

[2020-02-22T14:32:28-08:00]
rchar: 18488666040
wchar: 15808037683
syscr: 6546829
syscw: 909914
read_bytes: 15114203648
write_bytes: 15834312704
cancelled_write_bytes: 0

[2020-02-22T14:32:31-08:00]
rchar: 18626411449
wchar: 15896341712
syscr: 6597665
syscw: 918699
read_bytes: 15183151616
write_bytes: 15922860032
cancelled_write_bytes: 0

[2020-02-22T14:32:34-08:00]
rchar: 18826044932
wchar: 16064486832
syscr: 6669184
syscw: 925122
read_bytes: 15294984704
write_bytes: 16091758592
cancelled_write_bytes: 0

[2020-02-22T14:32:37-08:00]
rchar: 18896305053
wchar: 16131653993
syscr: 6695908
syscw: 929989
read_bytes: 15335285248
write_bytes: 16159535104
cancelled_write_bytes: 0

[2020-02-22T14:32:40-08:00]
rchar: 19014234235
wchar: 16185945668
syscr: 6740824
syscw: 940007
read_bytes: 15403057664
write_bytes: 16214192128
cancelled_write_bytes: 0

[2020-02-22T14:32:43-08:00]
rchar: 19086834987
wchar: 16254600362
syscr: 6768711
syscw: 946353
read_bytes: 15444800000
write_bytes: 16283045888
cancelled_write_bytes: 0

[2020-02-22T14:32:46-08:00]
rchar: 19246897083
wchar: 16394511521
syscr: 6829586
syscw: 957442
read_bytes: 15529816576
write_bytes: 16423305216
cancelled_write_bytes: 0

[2020-02-22T14:32:49-08:00]
rchar: 19369208628
wchar: 16447944702
syscr: 6875862
syscw: 966560
read_bytes: 15594676736
write_bytes: 16476954624
cancelled_write_bytes: 0

[2020-02-22T14:32:52-08:00]
rchar: 19527866471
wchar: 16553112919
syscr: 6935909
syscw: 976561
read_bytes: 15678865920
write_bytes: 16582443008
cancelled_write_bytes: 0

[2020-02-22T14:32:55-08:00]
rchar: 19633005337
wchar: 16653691568
syscr: 6975943
syscw: 985614
read_bytes: 15737070080
write_bytes: 16683241472
cancelled_write_bytes: 0

[2020-02-22T14:32:58-08:00]
rchar: 19799181236
wchar: 16743446593
syscr: 7038637
syscw: 996183
read_bytes: 15824908800
write_bytes: 16773242880
cancelled_write_bytes: 0

[2020-02-22T14:33:01-08:00]
rchar: 20018082638
wchar: 16898742297
syscr: 7117738
syscw: 1005848
read_bytes: 15951741440
write_bytes: 16928702464
cancelled_write_bytes: 0

[2020-02-22T14:33:04-08:00]
rchar: 20141370912
wchar: 16988960910
syscr: 7166040
syscw: 1012811
read_bytes: 16012431872
write_bytes: 17019469824
cancelled_write_bytes: 0

[2020-02-22T14:33:07-08:00]
rchar: 20273126917
wchar: 17074462787
syscr: 7211709
syscw: 1018796
read_bytes: 16094605824
write_bytes: 17105448960
cancelled_write_bytes: 0

[2020-02-22T14:33:10-08:00]
rchar: 20411564273
wchar: 17177723731
syscr: 7258929
syscw: 1024085
read_bytes: 16182841856
write_bytes: 17208999936
cancelled_write_bytes: 0

[2020-02-22T14:33:13-08:00]
rchar: 20560726610
wchar: 17358334652
syscr: 7310620
syscw: 1030281
read_bytes: 16276451840
write_bytes: 17389903872
cancelled_write_bytes: 0

[2020-02-22T14:33:16-08:00]
rchar: 20668312499
wchar: 17449062988
syscr: 7348414
syscw: 1035590
read_bytes: 16341074432
write_bytes: 17480933376
cancelled_write_bytes: 0

[2020-02-22T14:33:19-08:00]
rchar: 20831974854
wchar: 17612484427
syscr: 7405484
syscw: 1042694
read_bytes: 16435573248
write_bytes: 17644724224
cancelled_write_bytes: 0

[2020-02-22T14:33:22-08:00]
rchar: 20959043499
wchar: 17677244034
syscr: 7450947
syscw: 1050302
read_bytes: 16502874624
write_bytes: 17709789184
cancelled_write_bytes: 0

[2020-02-22T14:33:25-08:00]
rchar: 21063380545
wchar: 17755248562
syscr: 7489367
syscw: 1058521
read_bytes: 16555975168
write_bytes: 17788043264
cancelled_write_bytes: 0

[2020-02-22T14:33:28-08:00]
rchar: 21262577605
wchar: 17854984859
syscr: 7562530
syscw: 1070045
read_bytes: 16654897664
write_bytes: 17888067584
cancelled_write_bytes: 0

[2020-02-22T14:33:31-08:00]
rchar: 21336580525
wchar: 17944522270
syscr: 7592484
syscw: 1074408
read_bytes: 16686715392
write_bytes: 17978806272
cancelled_write_bytes: 0

[2020-02-22T14:33:34-08:00]
rchar: 21433082418
wchar: 18023960656
syscr: 7629524
syscw: 1082838
read_bytes: 16738910720
write_bytes: 18058649600
cancelled_write_bytes: 0

[2020-02-22T14:33:37-08:00]
rchar: 21593254746
wchar: 18097071436
syscr: 7689845
syscw: 1093431
read_bytes: 16822252032
write_bytes: 18132082688
cancelled_write_bytes: 0

[2020-02-22T14:33:40-08:00]
rchar: 21703136169
wchar: 18214880856
syscr: 7731619
syscw: 1102518
read_bytes: 16879538688
write_bytes: 18250092544
cancelled_write_bytes: 0

[2020-02-22T14:33:43-08:00]
rchar: 21851406160
wchar: 18296964397
syscr: 7787570
syscw: 1112656
read_bytes: 16957350400
write_bytes: 18332487680
cancelled_write_bytes: 0

[2020-02-22T14:33:46-08:00]
rchar: 22015429644
wchar: 18397709613
syscr: 7848065
syscw: 1121309
read_bytes: 17045164544
write_bytes: 18433462272
cancelled_write_bytes: 0

[2020-02-22T14:33:49-08:00]
rchar: 22245477332
wchar: 18575877962
syscr: 7930456
syscw: 1124140
read_bytes: 17178296832
write_bytes: 18612244480
cancelled_write_bytes: 0

[2020-02-22T14:33:52-08:00]
rchar: 22346992831
wchar: 18651139468
syscr: 7964506
syscw: 1127599
read_bytes: 17242853888
write_bytes: 18688299008
cancelled_write_bytes: 0

[2020-02-22T14:33:55-08:00]
rchar: 22439965176
wchar: 18766295576
syscr: 7996391
syscw: 1130880
read_bytes: 17301586432
write_bytes: 18803818496
cancelled_write_bytes: 0

[2020-02-22T14:33:58-08:00]
rchar: 22770236704
wchar: 19015683457
syscr: 8105094
syscw: 1137464
read_bytes: 17513198080
write_bytes: 19053363200
cancelled_write_bytes: 0

[2020-02-22T14:34:01-08:00]
rchar: 22936075840
wchar: 19205414602
syscr: 8160576
syscw: 1143174
read_bytes: 17616318976
write_bytes: 19243360256
cancelled_write_bytes: 0

[2020-02-22T14:34:04-08:00]
rchar: 23072947738
wchar: 19330417045
syscr: 8206895
syscw: 1148587
read_bytes: 17700549120
write_bytes: 19368640512
cancelled_write_bytes: 0

[2020-02-22T14:34:07-08:00]
rchar: 23430912529
wchar: 19611767811
syscr: 8324994
syscw: 1156157
read_bytes: 17917792768
write_bytes: 19650117632
cancelled_write_bytes: 0

[2020-02-22T14:34:10-08:00]
rchar: 23819467183
wchar: 19918811204
syscr: 8454065
syscw: 1164927
read_bytes: 18151404032
write_bytes: 19957202944
cancelled_write_bytes: 0

[2020-02-22T14:34:13-08:00]
rchar: 24019729279
wchar: 20111440230
syscr: 8523269
syscw: 1173660
read_bytes: 18259550720
write_bytes: 20150063104
cancelled_write_bytes: 0

[2020-02-22T14:34:16-08:00]
rchar: 24302541960
wchar: 20335903838
syscr: 8621952
syscw: 1183260
read_bytes: 18415841792
write_bytes: 20374695936
cancelled_write_bytes: 0

[2020-02-22T14:34:20-08:00]
rchar: 24389571643
wchar: 20409816559
syscr: 8652186
syscw: 1185897
read_bytes: 18465378816
write_bytes: 20449300480
cancelled_write_bytes: 0

[2020-02-22T14:34:23-08:00]
rchar: 24513671220
wchar: 20490561632
syscr: 8695125
syscw: 1190964
read_bytes: 18538451456
write_bytes: 20530458624
cancelled_write_bytes: 0

[2020-02-22T14:34:26-08:00]
rchar: 24641255444
wchar: 20650146748
syscr: 8739869
syscw: 1196828
read_bytes: 18610606592
write_bytes: 20690325504
cancelled_write_bytes: 0

[2020-02-22T14:34:29-08:00]
rchar: 24921345049
wchar: 20882457725
syscr: 8834640
syscw: 1204310
read_bytes: 18780185088
write_bytes: 20922830848
cancelled_write_bytes: 0

[2020-02-22T14:34:32-08:00]
rchar: 25066665318
wchar: 20962852249
syscr: 8885578
syscw: 1211433
read_bytes: 18860716544
write_bytes: 21003501568
cancelled_write_bytes: 0

[2020-02-22T14:34:35-08:00]
rchar: 25315410321
wchar: 21213751220
syscr: 8970516
syscw: 1218826
read_bytes: 18998776320
write_bytes: 21254582272
cancelled_write_bytes: 0

[2020-02-22T14:34:38-08:00]
rchar: 25600909452
wchar: 21415574419
syscr: 9069007
syscw: 1226457
read_bytes: 19151364608
write_bytes: 21456588800
cancelled_write_bytes: 0

[2020-02-22T14:34:41-08:00]
rchar: 25668232392
wchar: 21466697680
syscr: 9094416
syscw: 1227126
read_bytes: 19185222144
write_bytes: 21508919296
cancelled_write_bytes: 0

[2020-02-22T14:34:44-08:00]
rchar: 25795251974
wchar: 21571875260
syscr: 9139067
syscw: 1231463
read_bytes: 19256844800
write_bytes: 21614956544
cancelled_write_bytes: 0

[2020-02-22T14:34:47-08:00]
rchar: 26103932512
wchar: 21825581289
syscr: 9242042
syscw: 1238737
read_bytes: 19439141376
write_bytes: 21868740608
cancelled_write_bytes: 0

[2020-02-22T14:34:50-08:00]
rchar: 26340245458
wchar: 22036167973
syscr: 9321905
syscw: 1245903
read_bytes: 19577278976
write_bytes: 22089093120
cancelled_write_bytes: 0

[2020-02-22T14:34:53-08:00]
rchar: 26548307438
wchar: 22246439276
syscr: 9393638
syscw: 1252955
read_bytes: 19693445632
write_bytes: 22290022400
cancelled_write_bytes: 0

[2020-02-22T14:34:56-08:00]
rchar: 26747794905
wchar: 22435519121
syscr: 9462716
syscw: 1260754
read_bytes: 19805585920
write_bytes: 22479269888
cancelled_write_bytes: 0

[2020-02-22T14:34:59-08:00]
rchar: 26906714274
wchar: 22564828269
syscr: 9518743
syscw: 1268899
read_bytes: 19887596032
write_bytes: 22608822272
cancelled_write_bytes: 0

[2020-02-22T14:35:02-08:00]
rchar: 27152393717
wchar: 22758415725
syscr: 9601851
syscw: 1275149
read_bytes: 20018704896
write_bytes: 22802509824
cancelled_write_bytes: 0

[2020-02-22T14:35:05-08:00]
rchar: 27377251859
wchar: 22920827893
syscr: 9680463
syscw: 1283681
read_bytes: 20128559616
write_bytes: 22965030912
cancelled_write_bytes: 0

[2020-02-22T14:35:08-08:00]
rchar: 27606182029
wchar: 23100424523
syscr: 9760373
syscw: 1292621
read_bytes: 20239217152
write_bytes: 23144796160
cancelled_write_bytes: 0

[2020-02-22T14:35:11-08:00]
rchar: 27793697978
wchar: 23193405224
syscr: 9828827
syscw: 1303248
read_bytes: 20315120128
write_bytes: 23237996544
cancelled_write_bytes: 0

[2020-02-22T14:35:14-08:00]
rchar: 27933941886
wchar: 23322837687
syscr: 9881013
syscw: 1312566
read_bytes: 20375167488
write_bytes: 23367782400
cancelled_write_bytes: 0

[2020-02-22T14:35:17-08:00]
rchar: 28072683440
wchar: 23418428157
syscr: 9933438
syscw: 1322591
read_bytes: 20434711040
write_bytes: 23463653376
cancelled_write_bytes: 0

[2020-02-22T14:35:20-08:00]
rchar: 28292022093
wchar: 23526402816
syscr: 10016566
syscw: 1335343
read_bytes: 20525994496
write_bytes: 23572017152
cancelled_write_bytes: 0

[2020-02-22T14:35:23-08:00]
rchar: 28365319976
wchar: 23600289814
syscr: 10045786
syscw: 1337627
read_bytes: 20557808128
write_bytes: 23646892032
cancelled_write_bytes: 0

[2020-02-22T14:35:26-08:00]
rchar: 28461798820
wchar: 23663914721
syscr: 10079755
syscw: 1343159
read_bytes: 20608287232
write_bytes: 23711072256
cancelled_write_bytes: 0

[2020-02-22T14:35:29-08:00]
rchar: 28649290593
wchar: 23787403562
syscr: 10145280
syscw: 1350765
read_bytes: 20708712960
write_bytes: 23834955776
cancelled_write_bytes: 0

[2020-02-22T14:35:32-08:00]
rchar: 28841503586
wchar: 23959473255
syscr: 10212638
syscw: 1358559
read_bytes: 20807942656
write_bytes: 24007315456
cancelled_write_bytes: 0

[2020-02-22T14:35:35-08:00]
rchar: 28989706754
wchar: 24117697714
syscr: 10264715
syscw: 1365122
read_bytes: 20883304960
write_bytes: 24165769216
cancelled_write_bytes: 0

[2020-02-22T14:35:38-08:00]
rchar: 29171949023
wchar: 24273906141
syscr: 10328777
syscw: 1373056
read_bytes: 20973564416
write_bytes: 24322203648
cancelled_write_bytes: 0

[2020-02-22T14:35:41-08:00]
rchar: 29462480616
wchar: 24470732006
syscr: 10428259
syscw: 1382632
read_bytes: 21115765248
write_bytes: 24519282688
cancelled_write_bytes: 0

[2020-02-22T14:35:44-08:00]
rchar: 29708013565
wchar: 24659975722
syscr: 10513632
syscw: 1390787
read_bytes: 21229601280
write_bytes: 24708579328
cancelled_write_bytes: 0

[2020-02-22T14:35:47-08:00]
rchar: 29885184085
wchar: 24796850123
syscr: 10578531
syscw: 1394264
read_bytes: 21307613696
write_bytes: 24846143488
cancelled_write_bytes: 0

[2020-02-22T14:35:50-08:00]
rchar: 30014307930
wchar: 24859870789
syscr: 10622215
syscw: 1398807
read_bytes: 21374824960
write_bytes: 24909819904
cancelled_write_bytes: 0

[2020-02-22T14:35:53-08:00]
rchar: 30165892690
wchar: 25032841305
syscr: 10674366
syscw: 1404447
read_bytes: 21451186688
write_bytes: 25083064320
cancelled_write_bytes: 0

[2020-02-22T14:35:56-08:00]
rchar: 30415842774
wchar: 25215894935
syscr: 10759202
syscw: 1411607
read_bytes: 21581230592
write_bytes: 25266421760
cancelled_write_bytes: 0

[2020-02-22T14:35:59-08:00]
rchar: 30506161876
wchar: 25330881377
syscr: 10791182
syscw: 1416842
read_bytes: 21623222784
write_bytes: 25381687296
cancelled_write_bytes: 0

[2020-02-22T14:36:02-08:00]
rchar: 30722677855
wchar: 25487446931
syscr: 10866961
syscw: 1425097
read_bytes: 21729812992
write_bytes: 25538453504
cancelled_write_bytes: 0

[2020-02-22T14:36:05-08:00]
rchar: 30865933245
wchar: 25632550854
syscr: 10919420
syscw: 1434177
read_bytes: 21793391104
write_bytes: 25683800064
cancelled_write_bytes: 0

[2020-02-22T14:36:08-08:00]
rchar: 31020670725
wchar: 25697606174
syscr: 10976717
syscw: 1444161
read_bytes: 21853966848
write_bytes: 25749098496
cancelled_write_bytes: 0

[2020-02-22T14:36:11-08:00]
rchar: 31190502299
wchar: 25817424564
syscr: 11038243
syscw: 1451976
read_bytes: 21927678464
write_bytes: 25869475840
cancelled_write_bytes: 0

[2020-02-22T14:36:14-08:00]
rchar: 31415417244
wchar: 25979722879
syscr: 11115784
syscw: 1460736
read_bytes: 22039949824
write_bytes: 26031939584
cancelled_write_bytes: 0

[2020-02-22T14:36:17-08:00]
rchar: 31693721305
wchar: 26219411852
syscr: 11210335
syscw: 1468730
read_bytes: 22181581312
write_bytes: 26271748096
cancelled_write_bytes: 0

[2020-02-22T14:36:20-08:00]
rchar: 31820419980
wchar: 26380591102
syscr: 11256316
syscw: 1475945
read_bytes: 22239240704
write_bytes: 26433220608
cancelled_write_bytes: 0

[2020-02-22T14:36:23-08:00]
rchar: 32041825892
wchar: 26513121095
syscr: 11335092
syscw: 1485243
read_bytes: 22339494400
write_bytes: 26565951488
cancelled_write_bytes: 0

[2020-02-22T14:36:26-08:00]
rchar: 32144740157
wchar: 26609711855
syscr: 11373304
syscw: 1492750
read_bytes: 22381257216
write_bytes: 26662699008
cancelled_write_bytes: 0

[2020-02-22T14:36:29-08:00]
rchar: 32323073130
wchar: 26719637777
syscr: 11439673
syscw: 1503735
read_bytes: 22448751104
write_bytes: 26772918272
cancelled_write_bytes: 0

[2020-02-22T14:36:32-08:00]
rchar: 32544592785
wchar: 26848151959
syscr: 11520397
syscw: 1515638
read_bytes: 22533972480
write_bytes: 26901700608
cancelled_write_bytes: 0

[2020-02-22T14:36:35-08:00]
rchar: 32661784156
wchar: 26958815934
syscr: 11565149
syscw: 1521029
read_bytes: 22575632896
write_bytes: 27013042176
cancelled_write_bytes: 0

[2020-02-22T14:36:38-08:00]
rchar: 32794694475
wchar: 26998992516
syscr: 11612242
syscw: 1527458
read_bytes: 22636339712
write_bytes: 27053907968
cancelled_write_bytes: 0

[2020-02-22T14:36:41-08:00]
rchar: 33111378400
wchar: 27287376811
syscr: 11720312
syscw: 1536568
read_bytes: 22793654784
write_bytes: 27342491648
cancelled_write_bytes: 0

[2020-02-22T14:36:44-08:00]
rchar: 33286265536
wchar: 27451172289
syscr: 11780631
syscw: 1542675
read_bytes: 22876516864
write_bytes: 27506503680
cancelled_write_bytes: 0

[2020-02-22T14:36:47-08:00]
rchar: 33530212225
wchar: 27655839427
syscr: 11865375
syscw: 1551144
read_bytes: 22990946816
write_bytes: 27711352832
cancelled_write_bytes: 0

[2020-02-22T14:36:50-08:00]
rchar: 33647254736
wchar: 27732584423
syscr: 11907776
syscw: 1558271
read_bytes: 23042187776
write_bytes: 27788353536
cancelled_write_bytes: 0

[2020-02-22T14:36:53-08:00]
rchar: 33845716845
wchar: 27901949303
syscr: 11977465
syscw: 1567571
read_bytes: 23123169792
write_bytes: 27957870592
cancelled_write_bytes: 0

[2020-02-22T14:36:56-08:00]
rchar: 34027414844
wchar: 28009156634
syscr: 12044131
syscw: 1578616
read_bytes: 23187485184
write_bytes: 28065341440
cancelled_write_bytes: 0

[2020-02-22T14:36:59-08:00]
rchar: 34207169783
wchar: 28132505784
syscr: 12109847
syscw: 1589963
read_bytes: 23251239424
write_bytes: 28188946432
cancelled_write_bytes: 0

[2020-02-22T14:37:02-08:00]
rchar: 34350198718
wchar: 28219043553
syscr: 12165655
syscw: 1597465
read_bytes: 23299187200
write_bytes: 28276666368
cancelled_write_bytes: 0

[2020-02-22T14:37:05-08:00]
rchar: 34439211692
wchar: 28292386885
syscr: 12197461
syscw: 1603279
read_bytes: 23339766272
write_bytes: 28350349312
cancelled_write_bytes: 0

[2020-02-22T14:37:08-08:00]
rchar: 34570161116
wchar: 28377638487
syscr: 12246037
syscw: 1612993
read_bytes: 23391478272
write_bytes: 28435976192
cancelled_write_bytes: 0

[2020-02-22T14:37:11-08:00]
rchar: 34772381061
wchar: 28533406602
syscr: 12319098
syscw: 1623216
read_bytes: 23476326912
write_bytes: 28592128000
cancelled_write_bytes: 0

[2020-02-22T14:37:14-08:00]
rchar: 34938632685
wchar: 28662512709
syscr: 12378293
syscw: 1631779
read_bytes: 23539388928
write_bytes: 28721516544
cancelled_write_bytes: 0

[2020-02-22T14:37:17-08:00]
rchar: 35226414291
wchar: 28881435336
syscr: 12477746
syscw: 1638115
read_bytes: 23661146624
write_bytes: 28940832768
cancelled_write_bytes: 0

[2020-02-22T14:37:20-08:00]
rchar: 35310493212
wchar: 28933465421
syscr: 12509367
syscw: 1641783
read_bytes: 23694184960
write_bytes: 28994158592
cancelled_write_bytes: 0

[2020-02-22T14:37:23-08:00]
rchar: 35464901087
wchar: 29074889833
syscr: 12564883
syscw: 1650244
read_bytes: 23760241152
write_bytes: 29135876096
cancelled_write_bytes: 0

[2020-02-22T14:37:26-08:00]
rchar: 35809011152
wchar: 29339184834
syscr: 12684581
syscw: 1659836
read_bytes: 23915344384
write_bytes: 29400375296
cancelled_write_bytes: 0

[2020-02-22T14:37:29-08:00]
rchar: 35992734224
wchar: 29506192616
syscr: 12749733
syscw: 1666352
read_bytes: 23994257920
write_bytes: 29567533056
cancelled_write_bytes: 0

[2020-02-22T14:37:32-08:00]
rchar: 36194974175
wchar: 29634140694
syscr: 12823084
syscw: 1676595
read_bytes: 24079024640
write_bytes: 29695684608
cancelled_write_bytes: 0

[2020-02-22T14:37:35-08:00]
rchar: 36418035842
wchar: 29801160085
syscr: 12902185
syscw: 1686686
read_bytes: 24163676672
write_bytes: 29862891520
cancelled_write_bytes: 0

[2020-02-22T14:37:38-08:00]
rchar: 36623993106
wchar: 29937054912
syscr: 12977732
syscw: 1698860
read_bytes: 24231956992
write_bytes: 29999054848
cancelled_write_bytes: 0

[2020-02-22T14:37:41-08:00]
rchar: 36755620349
wchar: 30044794226
syscr: 13028491
syscw: 1707187
read_bytes: 24275890688
write_bytes: 30107983872
cancelled_write_bytes: 0

[2020-02-22T14:37:44-08:00]
rchar: 36900946289
wchar: 30134446241
syscr: 13081611
syscw: 1716332
read_bytes: 24333099520
write_bytes: 30197903360
cancelled_write_bytes: 0

[2020-02-22T14:37:47-08:00]
rchar: 37208941759
wchar: 30380316000
syscr: 13190093
syscw: 1725369
read_bytes: 24464470528
write_bytes: 30443925504
cancelled_write_bytes: 0

[2020-02-22T14:37:50-08:00]
rchar: 37379139164
wchar: 30508518740
syscr: 13253148
syscw: 1736399
read_bytes: 24521503232
write_bytes: 30572367872
cancelled_write_bytes: 0

[2020-02-22T14:37:53-08:00]
rchar: 37573237549
wchar: 30640769446
syscr: 13324714
syscw: 1747102
read_bytes: 24585581056
write_bytes: 30704869376
cancelled_write_bytes: 0

[2020-02-22T14:37:56-08:00]
rchar: 37806869452
wchar: 30795655705
syscr: 13409401
syscw: 1758634
read_bytes: 24666100224
write_bytes: 30859931648
cancelled_write_bytes: 0

[2020-02-22T14:37:59-08:00]
rchar: 37973717025
wchar: 30933659567
syscr: 13470810
syscw: 1768544
read_bytes: 24719720960
write_bytes: 30998224896
cancelled_write_bytes: 0

[2020-02-22T14:38:02-08:00]
rchar: 38253632744
wchar: 31060127424
syscr: 13571726
syscw: 1775933
read_bytes: 24806818304
write_bytes: 31124791296
cancelled_write_bytes: 0

[2020-02-22T14:38:05-08:00]
rchar: 38580969641
wchar: 31266171953
syscr: 13688510
syscw: 1782278
read_bytes: 24906809856
write_bytes: 31330910208
cancelled_write_bytes: 0

[2020-02-22T14:38:08-08:00]
rchar: 38761950094
wchar: 31385017883
syscr: 13753596
syscw: 1792392
read_bytes: 24958030336
write_bytes: 31450079232
cancelled_write_bytes: 0

[2020-02-22T14:38:11-08:00]
rchar: 39086106256
wchar: 31566891427
syscr: 13866226
syscw: 1802482
read_bytes: 25083548160
write_bytes: 31632318464
cancelled_write_bytes: 0

[2020-02-22T14:38:14-08:00]
rchar: 39220072779
wchar: 31720330740
syscr: 13915633
syscw: 1809197
read_bytes: 25129587200
write_bytes: 31786786816
cancelled_write_bytes: 0

[2020-02-22T14:38:17-08:00]
rchar: 39368883866
wchar: 31824921487
syscr: 13968762
syscw: 1817583
read_bytes: 25186161152
write_bytes: 31891738624
cancelled_write_bytes: 0

[2020-02-22T14:38:20-08:00]
rchar: 39661063027
wchar: 32071892203
syscr: 14070658
syscw: 1827586
read_bytes: 25301041664
write_bytes: 32138842112
cancelled_write_bytes: 0

[2020-02-22T14:38:23-08:00]
rchar: 39972229604
wchar: 32323007790
syscr: 14177757
syscw: 1837437
read_bytes: 25426158080
write_bytes: 32390098944
cancelled_write_bytes: 0

[2020-02-22T14:38:26-08:00]
rchar: 40122858636
wchar: 32435976010
syscr: 14232335
syscw: 1846854
read_bytes: 25476997632
write_bytes: 32503373824
cancelled_write_bytes: 0

[2020-02-22T14:38:29-08:00]
rchar: 40372403750
wchar: 32605204242
syscr: 14319852
syscw: 1856435
read_bytes: 25566630400
write_bytes: 32672784384
cancelled_write_bytes: 0

[2020-02-22T14:38:32-08:00]
rchar: 40584986761
wchar: 32756714637
syscr: 14396389
syscw: 1867632
read_bytes: 25633870336
write_bytes: 32824774656
cancelled_write_bytes: 0

[2020-02-22T14:38:35-08:00]
rchar: 40741186126
wchar: 32840299907
syscr: 14454395
syscw: 1877529
read_bytes: 25683603968
write_bytes: 32908615680
cancelled_write_bytes: 0

[2020-02-22T14:38:38-08:00]
rchar: 40883627661
wchar: 32963163457
syscr: 14508878
syscw: 1885623
read_bytes: 25725080064
write_bytes: 33032396800
cancelled_write_bytes: 0

[2020-02-22T14:38:41-08:00]
rchar: 40995716168
wchar: 33007106667
syscr: 14549995
syscw: 1893495
read_bytes: 25763000832
write_bytes: 33077051392
cancelled_write_bytes: 0

[2020-02-22T14:38:44-08:00]
rchar: 41285006270
wchar: 33267566093
syscr: 14649956
syscw: 1902366
read_bytes: 25873129984
write_bytes: 33337819136
cancelled_write_bytes: 0

[2020-02-22T14:38:47-08:00]
rchar: 41440480980
wchar: 33358094505
syscr: 14705950
syscw: 1911020
read_bytes: 25928200704
write_bytes: 33429233664
cancelled_write_bytes: 0

[2020-02-22T14:38:50-08:00]
rchar: 41700333945
wchar: 33596949206
syscr: 14795035
syscw: 1919064
read_bytes: 26030518784
write_bytes: 33668194304
cancelled_write_bytes: 0

[2020-02-22T14:38:53-08:00]
rchar: 41960268838
wchar: 33803771071
syscr: 14885197
syscw: 1926891
read_bytes: 26130686464
write_bytes: 33875152896
cancelled_write_bytes: 0

[2020-02-22T14:38:56-08:00]
rchar: 42180543347
wchar: 33991288678
syscr: 14963827
syscw: 1936638
read_bytes: 26205139456
write_bytes: 34062929920
cancelled_write_bytes: 0

[2020-02-22T14:38:59-08:00]
rchar: 42535413778
wchar: 34235898700
syscr: 15090051
syscw: 1946055
read_bytes: 26325201408
write_bytes: 34307821568
cancelled_write_bytes: 0

[2020-02-22T14:39:02-08:00]
rchar: 42602349621
wchar: 34291964415
syscr: 15113817
syscw: 1950237
read_bytes: 26348749312
write_bytes: 34364407808
cancelled_write_bytes: 0

[2020-02-22T14:39:05-08:00]
rchar: 42723753548
wchar: 34346827823
syscr: 15156513
syscw: 1957334
read_bytes: 26392084992
write_bytes: 34420011008
cancelled_write_bytes: 0

[2020-02-22T14:39:08-08:00]
rchar: 43002461223
wchar: 34583529678
syscr: 15250633
syscw: 1966090
read_bytes: 26498675200
write_bytes: 34656960512
cancelled_write_bytes: 0

[2020-02-22T14:39:11-08:00]
rchar: 43159614643
wchar: 34720138906
syscr: 15305047
syscw: 1973875
read_bytes: 26554647040
write_bytes: 34793791488
cancelled_write_bytes: 0

[2020-02-22T14:39:14-08:00]
rchar: 43339727229
wchar: 34851785583
syscr: 15367929
syscw: 1982337
read_bytes: 26618913280
write_bytes: 34925637632
cancelled_write_bytes: 0

[2020-02-22T14:39:17-08:00]
rchar: 43467328438
wchar: 35007500377
syscr: 15413787
syscw: 1989351
read_bytes: 26658669056
write_bytes: 35081900032
cancelled_write_bytes: 0

[2020-02-22T14:39:20-08:00]
rchar: 43601674283
wchar: 35076272623
syscr: 15462777
syscw: 1998820
read_bytes: 26701349376
write_bytes: 35151052800
cancelled_write_bytes: 0

[2020-02-22T14:39:23-08:00]
rchar: 43924430735
wchar: 35324107356
syscr: 15577045
syscw: 2010070
read_bytes: 26812908032
write_bytes: 35399118848
cancelled_write_bytes: 0

[2020-02-22T14:39:26-08:00]
rchar: 44072325984
wchar: 35469988477
syscr: 15632532
syscw: 2016842
read_bytes: 26856890880
write_bytes: 35546198016
cancelled_write_bytes: 0

[2020-02-22T14:39:29-08:00]
rchar: 44189686783
wchar: 35554352007
syscr: 15676584
syscw: 2026013
read_bytes: 26891768320
write_bytes: 35631091712
cancelled_write_bytes: 0

[2020-02-22T14:39:32-08:00]
rchar: 44469878178
wchar: 35719635574
syscr: 15777667
syscw: 2036825
read_bytes: 26985091584
write_bytes: 35796512768
cancelled_write_bytes: 0

[2020-02-22T14:39:35-08:00]
rchar: 44626150517
wchar: 35876560186
syscr: 15835919
syscw: 2046958
read_bytes: 27029025280
write_bytes: 35953647616
cancelled_write_bytes: 0

[2020-02-22T14:39:38-08:00]
rchar: 44899794396
wchar: 36002579067
syscr: 15938644
syscw: 2058553
read_bytes: 27099972096
write_bytes: 36080111616
cancelled_write_bytes: 0

[2020-02-22T14:39:41-08:00]
rchar: 44979185321
wchar: 36101534677
syscr: 15967711
syscw: 2062966
read_bytes: 27124605440
write_bytes: 36180078592
cancelled_write_bytes: 0

[2020-02-22T14:39:44-08:00]
rchar: 45147452969
wchar: 36186796250
syscr: 16027346
syscw: 2070909
read_bytes: 27182019072
write_bytes: 36266164224
cancelled_write_bytes: 0

[2020-02-22T14:39:47-08:00]
rchar: 45447492483
wchar: 36451626747
syscr: 16131166
syscw: 2081509
read_bytes: 27291214336
write_bytes: 36531126272
cancelled_write_bytes: 0

[2020-02-22T14:39:50-08:00]
rchar: 45652858458
wchar: 36661163731
syscr: 16204680
syscw: 2092750
read_bytes: 27356615168
write_bytes: 36740952064
cancelled_write_bytes: 0

[2020-02-22T14:39:53-08:00]
rchar: 45733909734
wchar: 36726234571
syscr: 16236652
syscw: 2098561
read_bytes: 27376251392
write_bytes: 36806508544
cancelled_write_bytes: 0

[2020-02-22T14:39:56-08:00]
rchar: 45849528235
wchar: 36786754201
syscr: 16278546
syscw: 2106584
read_bytes: 27410752000
write_bytes: 36867608576
cancelled_write_bytes: 0

[2020-02-22T14:39:59-08:00]
rchar: 46038181759
wchar: 36936832337
syscr: 16347327
syscw: 2117481
read_bytes: 27466056192
write_bytes: 37018071040
cancelled_write_bytes: 0

[2020-02-22T14:40:02-08:00]
rchar: 46400734770
wchar: 37183385073
syscr: 16475793
syscw: 2129011
read_bytes: 27580596736
write_bytes: 37264773120
cancelled_write_bytes: 0

[2020-02-22T14:40:05-08:00]
rchar: 46532747120
wchar: 37304824173
syscr: 16524587
syscw: 2136605
read_bytes: 27618742784
write_bytes: 37386469376
cancelled_write_bytes: 0

[2020-02-22T14:40:08-08:00]
rchar: 46736071202
wchar: 37441530900
syscr: 16600073
syscw: 2146624
read_bytes: 27673321984
write_bytes: 37523341312
cancelled_write_bytes: 0

[2020-02-22T14:40:11-08:00]
rchar: 46945815507
wchar: 37602085123
syscr: 16677683
syscw: 2155231
read_bytes: 27732558336
write_bytes: 37684477952
cancelled_write_bytes: 0

[2020-02-22T14:40:14-08:00]
rchar: 47076728076
wchar: 37645352944
syscr: 16724903
syscw: 2163442
read_bytes: 27772240384
write_bytes: 37728448512
cancelled_write_bytes: 0

[2020-02-22T14:40:17-08:00]
rchar: 47352487033
wchar: 37869044399
syscr: 16822613
syscw: 2176055
read_bytes: 27858002432
write_bytes: 37952385024
cancelled_write_bytes: 0

[2020-02-22T14:40:20-08:00]
rchar: 47620888667
wchar: 38080926607
syscr: 16918889
syscw: 2186780
read_bytes: 27936371200
write_bytes: 38164492288
cancelled_write_bytes: 0

[2020-02-22T14:40:23-08:00]
rchar: 47745688280
wchar: 38209136822
syscr: 16965610
syscw: 2192827
read_bytes: 27968606720
write_bytes: 38293225472
cancelled_write_bytes: 0

[2020-02-22T14:40:26-08:00]
rchar: 47879984980
wchar: 38286360194
syscr: 17013335
syscw: 2201433
read_bytes: 28007801344
write_bytes: 38370758656
cancelled_write_bytes: 0

[2020-02-22T14:40:29-08:00]
rchar: 48069582117
wchar: 38412793862
syscr: 17081361
syscw: 2211947
read_bytes: 28060647936
write_bytes: 38497447936
cancelled_write_bytes: 0

[2020-02-22T14:40:32-08:00]
rchar: 48292407488
wchar: 38593860850
syscr: 17161318
syscw: 2223543
read_bytes: 28123533824
write_bytes: 38678753280
cancelled_write_bytes: 0

[2020-02-22T14:40:35-08:00]
rchar: 48460220604
wchar: 38749936629
syscr: 17222763
syscw: 2234189
read_bytes: 28167012864
write_bytes: 38835097600
cancelled_write_bytes: 0

[2020-02-22T14:40:38-08:00]
rchar: 48751995660
wchar: 38920639532
syscr: 17327853
syscw: 2243706
read_bytes: 28242297344
write_bytes: 39006228480
cancelled_write_bytes: 0

[2020-02-22T14:40:41-08:00]
rchar: 48896020772
wchar: 39019694727
syscr: 17379960
syscw: 2251656
read_bytes: 28280128000
write_bytes: 39106060288
cancelled_write_bytes: 0

[2020-02-22T14:40:44-08:00]
rchar: 49050685545
wchar: 39099641862
syscr: 17434685
syscw: 2259891
read_bytes: 28325356032
write_bytes: 39186358272
cancelled_write_bytes: 0

[2020-02-22T14:40:47-08:00]
rchar: 49306385485
wchar: 39330657011
syscr: 17524560
syscw: 2271426
read_bytes: 28398432768
write_bytes: 39417606144
cancelled_write_bytes: 0

[2020-02-22T14:40:50-08:00]
rchar: 49568978836
wchar: 39558736562
syscr: 17615759
syscw: 2281634
read_bytes: 28474130944
write_bytes: 39645904896
cancelled_write_bytes: 0

[2020-02-22T14:40:53-08:00]
rchar: 49763207929
wchar: 39700111431
syscr: 17685748
syscw: 2291473
read_bytes: 28522312192
write_bytes: 39787499520
cancelled_write_bytes: 0

[2020-02-22T14:40:56-08:00]
rchar: 50007228858
wchar: 39833647190
syscr: 17772853
syscw: 2299305
read_bytes: 28580499968
write_bytes: 39921758208
cancelled_write_bytes: 0

[2020-02-22T14:40:59-08:00]
rchar: 50112378001
wchar: 39981525978
syscr: 17812138
syscw: 2305767
read_bytes: 28605129216
write_bytes: 40070586368
cancelled_write_bytes: 0

[2020-02-22T14:41:02-08:00]
rchar: 50311418497
wchar: 40089163921
syscr: 17884767
syscw: 2316047
read_bytes: 28654658048
write_bytes: 40178520064
cancelled_write_bytes: 0

[2020-02-22T14:41:05-08:00]
rchar: 50544304786
wchar: 40299990943
syscr: 17964828
syscw: 2320065
read_bytes: 28718207488
write_bytes: 40389488640
cancelled_write_bytes: 0

[2020-02-22T14:41:08-08:00]
rchar: 50754695074
wchar: 40441166065
syscr: 18043561
syscw: 2332156
read_bytes: 28765811200
write_bytes: 40530935808
cancelled_write_bytes: 0

[2020-02-22T14:41:11-08:00]
rchar: 50975517401
wchar: 40549412095
syscr: 18126198
syscw: 2341170
read_bytes: 28815028736
write_bytes: 40639684608
cancelled_write_bytes: 0

[2020-02-22T14:41:14-08:00]
rchar: 51234612368
wchar: 40679469359
syscr: 18216654
syscw: 2348553
read_bytes: 28892463616
write_bytes: 40770469888
cancelled_write_bytes: 0

[2020-02-22T14:41:17-08:00]
rchar: 51310826338
wchar: 40807964982
syscr: 18242981
syscw: 2350602
read_bytes: 28915675648
write_bytes: 40899256320
cancelled_write_bytes: 0

[2020-02-22T14:41:20-08:00]
rchar: 51448187007
wchar: 40874977961
syscr: 18290078
syscw: 2355136
read_bytes: 28954923520
write_bytes: 40966615040
cancelled_write_bytes: 0

[2020-02-22T14:41:23-08:00]
rchar: 51602443814
wchar: 41043938807
syscr: 18343079
syscw: 2362561
read_bytes: 28999832064
write_bytes: 41135788032
cancelled_write_bytes: 0

[2020-02-22T14:41:26-08:00]
rchar: 51926367197
wchar: 41280248494
syscr: 18454323
syscw: 2373664
read_bytes: 29091979776
write_bytes: 41372336128
cancelled_write_bytes: 0

[2020-02-22T14:41:29-08:00]
rchar: 52077439914
wchar: 41360872733
syscr: 18509755
syscw: 2378042
read_bytes: 29128868352
write_bytes: 41453662208
cancelled_write_bytes: 0

[2020-02-22T14:41:32-08:00]
rchar: 52161169796
wchar: 41497792816
syscr: 18538854
syscw: 2382237
read_bytes: 29152887296
write_bytes: 41591308288
cancelled_write_bytes: 0

[2020-02-22T14:41:36-08:00]
rchar: 52347881822
wchar: 41631554062
syscr: 18605219
syscw: 2392340
read_bytes: 29200880128
write_bytes: 41725345792
cancelled_write_bytes: 0

[2020-02-22T14:41:39-08:00]
rchar: 52579222744
wchar: 41840245747
syscr: 18687612
syscw: 2404217
read_bytes: 29262713344
write_bytes: 41934311424
cancelled_write_bytes: 0

[2020-02-22T14:41:42-08:00]
rchar: 52778186379
wchar: 41980619570
syscr: 18758342
syscw: 2414393
read_bytes: 29314232832
write_bytes: 42074923008
cancelled_write_bytes: 0

[2020-02-22T14:41:45-08:00]
rchar: 53010551626
wchar: 42160029137
syscr: 18841117
syscw: 2424058
read_bytes: 29371974144
write_bytes: 42254741504
cancelled_write_bytes: 0

[2020-02-22T14:41:48-08:00]
rchar: 53121541735
wchar: 42294547436
syscr: 18877274
syscw: 2425528
read_bytes: 29407900160
write_bytes: 42389676032
cancelled_write_bytes: 0

[2020-02-22T14:41:51-08:00]
rchar: 53360522890
wchar: 42515800614
syscr: 18956796
syscw: 2431834
read_bytes: 29476733440
write_bytes: 42611240960
cancelled_write_bytes: 0

[2020-02-22T14:41:54-08:00]
rchar: 53662509501
wchar: 42631355161
syscr: 19061741
syscw: 2444601
read_bytes: 29555286528
write_bytes: 42727038976
cancelled_write_bytes: 0

[2020-02-22T14:41:57-08:00]
rchar: 53871058090
wchar: 42888587281
syscr: 19135952
syscw: 2455656
read_bytes: 29604884992
write_bytes: 42984443904
cancelled_write_bytes: 0

[2020-02-22T14:42:00-08:00]
rchar: 54230296216
wchar: 43120525617
syscr: 19257360
syscw: 2466810
read_bytes: 29700235776
write_bytes: 43216498688
cancelled_write_bytes: 0

[2020-02-22T14:42:03-08:00]
rchar: 54485231442
wchar: 43301324403
syscr: 19346559
syscw: 2475614
read_bytes: 29761122816
write_bytes: 43397509120
cancelled_write_bytes: 0

[2020-02-22T14:42:06-08:00]
rchar: 54648297775
wchar: 43388177189
syscr: 19402306
syscw: 2480092
read_bytes: 29805011456
write_bytes: 43484946432
cancelled_write_bytes: 0

[2020-02-22T14:42:09-08:00]
rchar: 54815399759
wchar: 43582875171
syscr: 19460114
syscw: 2487337
read_bytes: 29848257024
write_bytes: 43679903744
cancelled_write_bytes: 0

[2020-02-22T14:42:12-08:00]
rchar: 55027944940
wchar: 43787886403
syscr: 19532943
syscw: 2496203
read_bytes: 29902905856
write_bytes: 43885088768
cancelled_write_bytes: 0

[2020-02-22T14:42:15-08:00]
rchar: 55240184628
wchar: 43937351319
syscr: 19607019
syscw: 2507308
read_bytes: 29954109952
write_bytes: 44034797568
cancelled_write_bytes: 0

[2020-02-22T14:42:18-08:00]
rchar: 55461326319
wchar: 44098728738
syscr: 19683531
syscw: 2517775
read_bytes: 30008156672
write_bytes: 44196405248
cancelled_write_bytes: 0

[2020-02-22T14:42:21-08:00]
rchar: 55801742400
wchar: 44390829962
syscr: 19798519
syscw: 2528699
read_bytes: 30092255744
write_bytes: 44488593408
cancelled_write_bytes: 0

[2020-02-22T14:42:24-08:00]
rchar: 56065120248
wchar: 44559070494
syscr: 19889770
syscw: 2540136
read_bytes: 30147633664
write_bytes: 44657000448
cancelled_write_bytes: 0

[2020-02-22T14:42:27-08:00]
rchar: 56229426547
wchar: 44647295728
syscr: 19947861
syscw: 2549398
read_bytes: 30181274112
write_bytes: 44745719808
cancelled_write_bytes: 0

[2020-02-22T14:42:30-08:00]
rchar: 56414561659
wchar: 44813778378
syscr: 20013265
syscw: 2559252
read_bytes: 30222303744
write_bytes: 44912443392
cancelled_write_bytes: 0

[2020-02-22T14:42:33-08:00]
rchar: 56776523050
wchar: 45054193864
syscr: 20138966
syscw: 2571405
read_bytes: 30306480640
write_bytes: 45152968704
cancelled_write_bytes: 0

[2020-02-22T14:42:36-08:00]
rchar: 56953350371
wchar: 45244025372
syscr: 20202983
syscw: 2580337
read_bytes: 30342197760
write_bytes: 45343014912
cancelled_write_bytes: 0

[2020-02-22T14:42:39-08:00]
rchar: 57277532814
wchar: 45500424947
syscr: 20314458
syscw: 2589739
read_bytes: 30413623808
write_bytes: 45599592448
cancelled_write_bytes: 0

[2020-02-22T14:42:42-08:00]
rchar: 57583007883
wchar: 45690544353
syscr: 20421965
syscw: 2602552
read_bytes: 30470881792
write_bytes: 45790089216
cancelled_write_bytes: 0

[2020-02-22T14:42:45-08:00]
rchar: 57732601233
wchar: 45827449795
syscr: 20474879
syscw: 2608365
read_bytes: 30503076352
write_bytes: 45937135616
cancelled_write_bytes: 0

[2020-02-22T14:42:48-08:00]
rchar: 57931155366
wchar: 45960414512
syscr: 20546966
syscw: 2618910
read_bytes: 30540857856
write_bytes: 46060576768
cancelled_write_bytes: 0

[2020-02-22T14:42:51-08:00]
rchar: 58125214504
wchar: 46087524247
syscr: 20618162
syscw: 2627087
read_bytes: 30575698432
write_bytes: 46187999232
cancelled_write_bytes: 0

[2020-02-22T14:42:54-08:00]
rchar: 58409682448
wchar: 46292088487
syscr: 20718607
syscw: 2640678
read_bytes: 30628241920
write_bytes: 46392717312
cancelled_write_bytes: 0

[2020-02-22T14:42:57-08:00]
rchar: 58587607334
wchar: 46402476010
syscr: 20783285
syscw: 2646215
read_bytes: 30659256832
write_bytes: 46504247296
cancelled_write_bytes: 0

[2020-02-22T14:43:00-08:00]
rchar: 58940196338
wchar: 46666920507
syscr: 20904271
syscw: 2657681
read_bytes: 30738907648
write_bytes: 46768955392
cancelled_write_bytes: 0

[2020-02-22T14:43:03-08:00]
rchar: 59119798512
wchar: 46807867626
syscr: 20967709
syscw: 2663365
read_bytes: 30774718976
write_bytes: 46910132224
cancelled_write_bytes: 0

[2020-02-22T14:43:06-08:00]
rchar: 59394391664
wchar: 47007158621
syscr: 21065112
syscw: 2672473
read_bytes: 30826848768
write_bytes: 47109865472
cancelled_write_bytes: 0

[2020-02-22T14:43:09-08:00]
rchar: 59479261934
wchar: 47096781436
syscr: 21095353
syscw: 2673431
read_bytes: 30845088256
write_bytes: 47200002048
cancelled_write_bytes: 0

[2020-02-22T14:43:12-08:00]
rchar: 59658159289
wchar: 47178989116
syscr: 21158367
syscw: 2682776
read_bytes: 30882882048
write_bytes: 47282638848
cancelled_write_bytes: 0

[2020-02-22T14:43:15-08:00]
rchar: 59869563103
wchar: 47367202885
syscr: 21232621
syscw: 2694250
read_bytes: 30925292032
write_bytes: 47471136768
cancelled_write_bytes: 0

[2020-02-22T14:43:18-08:00]
rchar: 60155119211
wchar: 47602146701
syscr: 21332915
syscw: 2706921
read_bytes: 30981427712
write_bytes: 47706292224
cancelled_write_bytes: 0

[2020-02-22T14:43:21-08:00]
rchar: 60352400645
wchar: 47719406504
syscr: 21402963
syscw: 2714902
read_bytes: 31018689024
write_bytes: 47823855616
cancelled_write_bytes: 0

[2020-02-22T14:43:24-08:00]
rchar: 60599501113
wchar: 47945313147
syscr: 21489021
syscw: 2723173
read_bytes: 31066022400
write_bytes: 48049909760
cancelled_write_bytes: 0

[2020-02-22T14:43:27-08:00]
rchar: 60831871821
wchar: 48075386102
syscr: 21572775
syscw: 2732210
read_bytes: 31100772864
write_bytes: 48180494336
cancelled_write_bytes: 0

[2020-02-22T14:43:30-08:00]
rchar: 60951478803
wchar: 48176100562
syscr: 21614800
syscw: 2734787
read_bytes: 31124718080
write_bytes: 48282128384
cancelled_write_bytes: 0

[2020-02-22T14:43:33-08:00]
rchar: 61100482121
wchar: 48262433387
syscr: 21668103
syscw: 2740441
read_bytes: 31151268352
write_bytes: 48369016832
cancelled_write_bytes: 0

[2020-02-22T14:43:36-08:00]
rchar: 61276399558
wchar: 48395162236
syscr: 21730746
syscw: 2749856
read_bytes: 31182029312
write_bytes: 48502054912
cancelled_write_bytes: 0

[2020-02-22T14:43:39-08:00]
rchar: 61631958601
wchar: 48693757781
syscr: 21853322
syscw: 2760595
read_bytes: 31251419648
write_bytes: 48800952320
cancelled_write_bytes: 0

[2020-02-22T14:43:42-08:00]
rchar: 61817550358
wchar: 48797521015
syscr: 21920386
syscw: 2770421
read_bytes: 31281504768
write_bytes: 48905383936
cancelled_write_bytes: 0

[2020-02-22T14:43:45-08:00]
rchar: 61980290578
wchar: 48965158024
syscr: 21978856
syscw: 2780033
read_bytes: 31309529600
write_bytes: 49073418240
cancelled_write_bytes: 0

[2020-02-22T14:43:48-08:00]
rchar: 62218466699
wchar: 49100632835
syscr: 22064893
syscw: 2791764
read_bytes: 31348457984
write_bytes: 49209098240
cancelled_write_bytes: 0

[2020-02-22T14:43:51-08:00]
rchar: 62538637848
wchar: 49368111854
syscr: 22177055
syscw: 2801982
read_bytes: 31407616512
write_bytes: 49476767744
cancelled_write_bytes: 0

[2020-02-22T14:43:54-08:00]
rchar: 62712509540
wchar: 49471023212
syscr: 22240694
syscw: 2810465
read_bytes: 31433654784
write_bytes: 49580249088
cancelled_write_bytes: 0

[2020-02-22T14:43:57-08:00]
rchar: 62890567780
wchar: 49619747134
syscr: 22303849
syscw: 2822119
read_bytes: 31461519872
write_bytes: 49729478656
cancelled_write_bytes: 0

[2020-02-22T14:44:00-08:00]
rchar: 63148622140
wchar: 49735161775
syscr: 22394522
syscw: 2834590
read_bytes: 31507558912
write_bytes: 49845362688
cancelled_write_bytes: 0

[2020-02-22T14:44:03-08:00]
rchar: 63308185094
wchar: 49935242394
syscr: 22450917
syscw: 2843576
read_bytes: 31532913152
write_bytes: 50045612032
cancelled_write_bytes: 0

[2020-02-22T14:44:06-08:00]
rchar: 63559129026
wchar: 50127674806
syscr: 22540753
syscw: 2856625
read_bytes: 31571362304
write_bytes: 50238377984
cancelled_write_bytes: 0

[2020-02-22T14:44:09-08:00]
rchar: 63821374980
wchar: 50272898513
syscr: 22632973
syscw: 2866635
read_bytes: 31613276672
write_bytes: 50384035840
cancelled_write_bytes: 0

[2020-02-22T14:44:12-08:00]
rchar: 63906631278
wchar: 50386835624
syscr: 22663408
syscw: 2869638
read_bytes: 31629742592
write_bytes: 50499039232
cancelled_write_bytes: 0

[2020-02-22T14:44:15-08:00]
rchar: 64040332677
wchar: 50475903892
syscr: 22710018
syscw: 2875054
read_bytes: 31653294592
write_bytes: 50589192192
cancelled_write_bytes: 0

[2020-02-22T14:44:18-08:00]
rchar: 64235291900
wchar: 50640370559
syscr: 22780630
syscw: 2886523
read_bytes: 31682130432
write_bytes: 50753998848
cancelled_write_bytes: 0

[2020-02-22T14:44:21-08:00]
rchar: 64469259476
wchar: 50787875152
syscr: 22865811
syscw: 2895334
read_bytes: 31719105024
write_bytes: 50902155264
cancelled_write_bytes: 0

[2020-02-22T14:44:24-08:00]
rchar: 64644562584
wchar: 50840551669
syscr: 22927422
syscw: 2902412
read_bytes: 31748592128
write_bytes: 50955554816
cancelled_write_bytes: 0

[2020-02-22T14:44:27-08:00]
rchar: 64741976698
wchar: 51020539092
syscr: 22961141
syscw: 2903390
read_bytes: 31767261696
write_bytes: 51136249856
cancelled_write_bytes: 0

[2020-02-22T14:44:30-08:00]
rchar: 64888392493
wchar: 51168231103
syscr: 23014046
syscw: 2913794
read_bytes: 31788462592
write_bytes: 51284434944
cancelled_write_bytes: 0

[2020-02-22T14:44:33-08:00]
rchar: 65092310096
wchar: 51274361301
syscr: 23086730
syscw: 2924529
read_bytes: 31821922816
write_bytes: 51390812160
cancelled_write_bytes: 0

[2020-02-22T14:44:36-08:00]
rchar: 65270395289
wchar: 51481719251
syscr: 23147223
syscw: 2927282
read_bytes: 31857275392
write_bytes: 51598397440
cancelled_write_bytes: 0

[2020-02-22T14:44:39-08:00]
rchar: 65476265487
wchar: 51631684682
syscr: 23222107
syscw: 2939565
read_bytes: 31886778880
write_bytes: 51748655104
cancelled_write_bytes: 0

[2020-02-22T14:44:42-08:00]
rchar: 65817612966
wchar: 51829667650
syscr: 23343703
syscw: 2947646
read_bytes: 31937741312
write_bytes: 51947061248
cancelled_write_bytes: 0

[2020-02-22T14:44:45-08:00]
rchar: 65919962718
wchar: 51945783176
syscr: 23380072
syscw: 2949719
read_bytes: 31955108352
write_bytes: 52063948800
cancelled_write_bytes: 0

[2020-02-22T14:44:48-08:00]
rchar: 66099825216
wchar: 52037098039
syscr: 23443720
syscw: 2959857
read_bytes: 31984415232
write_bytes: 52155785216
cancelled_write_bytes: 0

[2020-02-22T14:44:51-08:00]
rchar: 66369154495
wchar: 52227739636
syscr: 23539517
syscw: 2972874
read_bytes: 32024904192
write_bytes: 52346683392
cancelled_write_bytes: 0

[2020-02-22T14:44:54-08:00]
rchar: 66548621239
wchar: 52438609860
syscr: 23599347
syscw: 2975088
read_bytes: 32060846592
write_bytes: 52557864960
cancelled_write_bytes: 0

[2020-02-22T14:44:57-08:00]
rchar: 66634392380
wchar: 52537362952
syscr: 23627225
syscw: 2975202
read_bytes: 32079790592
write_bytes: 52657033216
cancelled_write_bytes: 0

[2020-02-22T14:45:00-08:00]
rchar: 66845534792
wchar: 52663781789
syscr: 23702596
syscw: 2985274
read_bytes: 32108118528
write_bytes: 52784013312
cancelled_write_bytes: 0

[2020-02-22T14:45:03-08:00]
rchar: 67086570294
wchar: 52829044320
syscr: 23789797
syscw: 2999731
read_bytes: 32139870720
write_bytes: 52949696512
cancelled_write_bytes: 0

[2020-02-22T14:45:06-08:00]
rchar: 67270243828
wchar: 52957960591
syscr: 23856636
syscw: 3007907
read_bytes: 32163582464
write_bytes: 53079384064
cancelled_write_bytes: 0

[2020-02-22T14:45:09-08:00]
rchar: 67432593358
wchar: 53066583408
syscr: 23914847
syscw: 3014481
read_bytes: 32187240960
write_bytes: 53188341760
cancelled_write_bytes: 0

[2020-02-22T14:45:12-08:00]
rchar: 67598962459
wchar: 53212545116
syscr: 23975711
syscw: 3021794
read_bytes: 32209412608
write_bytes: 53334740992
cancelled_write_bytes: 0

[2020-02-22T14:45:15-08:00]
rchar: 67748055906
wchar: 53338804508
syscr: 24029976
syscw: 3031581
read_bytes: 32229274112
write_bytes: 53461594112
cancelled_write_bytes: 0

[2020-02-22T14:45:18-08:00]
rchar: 67994289583
wchar: 53496500864
syscr: 24117964
syscw: 3045120
read_bytes: 32265421312
write_bytes: 53619613696
cancelled_write_bytes: 0

[2020-02-22T14:45:21-08:00]
rchar: 68282604878
wchar: 53747861035
syscr: 24218621
syscw: 3053037
read_bytes: 32312103424
write_bytes: 53871239168
cancelled_write_bytes: 0

[2020-02-22T14:45:24-08:00]
rchar: 68451926888
wchar: 53947720428
syscr: 24278981
syscw: 3058196
read_bytes: 32336273920
write_bytes: 54071345152
cancelled_write_bytes: 0

[2020-02-22T14:45:27-08:00]
rchar: 68618626369
wchar: 54058944419
syscr: 24338778
syscw: 3068533
read_bytes: 32357409280
write_bytes: 54182756352
cancelled_write_bytes: 0

[2020-02-22T14:45:30-08:00]
rchar: 68964963847
wchar: 54270523813
syscr: 24463295
syscw: 3079920
read_bytes: 32402502144
write_bytes: 54394818560
cancelled_write_bytes: 0

[2020-02-22T14:45:33-08:00]
rchar: 69048244760
wchar: 54359577544
syscr: 24492664
syscw: 3080782
read_bytes: 32415621632
write_bytes: 54484664320
cancelled_write_bytes: 0

[2020-02-22T14:45:36-08:00]
rchar: 69226156032
wchar: 54510159370
syscr: 24556954
syscw: 3091512
read_bytes: 32438211072
write_bytes: 54636011520
cancelled_write_bytes: 0

[2020-02-22T14:45:39-08:00]
rchar: 69461395425
wchar: 54621574472
syscr: 24643009
syscw: 3103776
read_bytes: 32463946240
write_bytes: 54747918336
cancelled_write_bytes: 0

[2020-02-22T14:45:42-08:00]
rchar: 69615328068
wchar: 54822915147
syscr: 24698057
syscw: 3108519
read_bytes: 32484209152
write_bytes: 54949527552
cancelled_write_bytes: 0

[2020-02-22T14:45:45-08:00]
rchar: 69903604682
wchar: 55008474625
syscr: 24802313
syscw: 3120333
read_bytes: 32517050880
write_bytes: 55135662080
cancelled_write_bytes: 0

[2020-02-22T14:45:48-08:00]
rchar: 70080723303
wchar: 55126616806
syscr: 24866713
syscw: 3132457
read_bytes: 32536838656
write_bytes: 55254454272
cancelled_write_bytes: 0

[2020-02-22T14:45:51-08:00]
rchar: 70319460781
wchar: 55288878883
syscr: 24954235
syscw: 3145453
read_bytes: 32564158976
write_bytes: 55417085952
cancelled_write_bytes: 0

[2020-02-22T14:45:54-08:00]
rchar: 70522314002
wchar: 55465570394
syscr: 25027812
syscw: 3157320
read_bytes: 32588161536
write_bytes: 55594020864
cancelled_write_bytes: 0

[2020-02-22T14:45:57-08:00]
rchar: 70777704967
wchar: 55639696654
syscr: 25120795
syscw: 3168537
read_bytes: 32615195136
write_bytes: 55768801280
cancelled_write_bytes: 0

[2020-02-22T14:46:00-08:00]
rchar: 70959629064
wchar: 55725746618
syscr: 25186786
syscw: 3178276
read_bytes: 32634941952
write_bytes: 55855411200
cancelled_write_bytes: 0

[2020-02-22T14:46:03-08:00]
rchar: 71109758871
wchar: 55841455097
syscr: 25239963
syscw: 3181499
read_bytes: 32655815168
write_bytes: 55971450880
cancelled_write_bytes: 0

[2020-02-22T14:46:06-08:00]
rchar: 71324224046
wchar: 56063269857
syscr: 25314216
syscw: 3188265
read_bytes: 32687120896
write_bytes: 56193511424
cancelled_write_bytes: 0

[2020-02-22T14:46:09-08:00]
rchar: 71696670460
wchar: 56298947645
syscr: 25444548
syscw: 3198277
read_bytes: 32731419136
write_bytes: 56429514752
cancelled_write_bytes: 0

[2020-02-22T14:46:12-08:00]
rchar: 71883029494
wchar: 56452654175
syscr: 25510826
syscw: 3206825
read_bytes: 32753857024
write_bytes: 56583675904
cancelled_write_bytes: 0

[2020-02-22T14:46:15-08:00]
rchar: 72153505052
wchar: 56642172656
syscr: 25604973
syscw: 3214430
read_bytes: 32788582912
write_bytes: 56773406720
cancelled_write_bytes: 0

[2020-02-22T14:46:18-08:00]
rchar: 72337135915
wchar: 56818584170
syscr: 25671251
syscw: 3223274
read_bytes: 32806126080
write_bytes: 56950525952
cancelled_write_bytes: 0

[2020-02-22T14:46:21-08:00]
rchar: 72518604437
wchar: 56938746861
syscr: 25737547
syscw: 3230370
read_bytes: 32826016256
write_bytes: 57071394816
cancelled_write_bytes: 0

[2020-02-22T14:46:24-08:00]
rchar: 72660007491
wchar: 57087807535
syscr: 25786070
syscw: 3232745
read_bytes: 32847131136
write_bytes: 57221165056
cancelled_write_bytes: 0

[2020-02-22T14:46:27-08:00]
rchar: 72932758913
wchar: 57253854978
syscr: 25884898
syscw: 3247686
read_bytes: 32873529856
write_bytes: 57387712512
cancelled_write_bytes: 0

[2020-02-22T14:46:30-08:00]
rchar: 73139076142
wchar: 57415548244
syscr: 25957470
syscw: 3254873
read_bytes: 32898458112
write_bytes: 57549766656
cancelled_write_bytes: 0

[2020-02-22T14:46:33-08:00]
rchar: 73362086844
wchar: 57625718276
syscr: 26035700
syscw: 3261341
read_bytes: 32924156416
write_bytes: 57760174080
cancelled_write_bytes: 0

[2020-02-22T14:46:36-08:00]
rchar: 73765410704
wchar: 57883573819
syscr: 26173931
syscw: 3273795
read_bytes: 32970039808
write_bytes: 58018267136
cancelled_write_bytes: 0

[2020-02-22T14:46:39-08:00]
rchar: 73860744665
wchar: 58020235725
syscr: 26208286
syscw: 3276262
read_bytes: 32980967936
write_bytes: 58162835456
cancelled_write_bytes: 0

[2020-02-22T14:46:42-08:00]
rchar: 74027307084
wchar: 58140045673
syscr: 26265939
syscw: 3286408
read_bytes: 33000751616
write_bytes: 58276257792
cancelled_write_bytes: 0

[2020-02-22T14:46:45-08:00]
rchar: 74139199992
wchar: 58269699921
syscr: 26303696
syscw: 3291594
read_bytes: 33018151424
write_bytes: 58406375424
cancelled_write_bytes: 0

[2020-02-22T14:46:48-08:00]
rchar: 74272545525
wchar: 58429068568
syscr: 26344390
syscw: 3291849
read_bytes: 33044890112
write_bytes: 58585354240
cancelled_write_bytes: 0

[2020-02-22T14:46:51-08:00]
rchar: 74515443176
wchar: 58671507023
syscr: 26418278
syscw: 3291894
read_bytes: 33094210048
write_bytes: 58808639488
cancelled_write_bytes: 0

[2020-02-22T14:46:54-08:00]
rchar: 74558247047
wchar: 58754543526
syscr: 26431362
syscw: 3292014
read_bytes: 33102111232
write_bytes: 58892148736
cancelled_write_bytes: 0

[2020-02-22T14:46:57-08:00]
rchar: 74558247063
wchar: 58755071233
syscr: 26431366
syscw: 3292098
read_bytes: 33102111232
write_bytes: 58892734464
cancelled_write_bytes: 0

[2020-02-22T14:47:00-08:00]
rchar: 74558247063
wchar: 58755071233
syscr: 26431366
syscw: 3292098
read_bytes: 33102111232
write_bytes: 58892734464
cancelled_write_bytes: 0

[2020-02-22T14:47:03-08:00]
rchar: 74558247063
wchar: 58755071233
syscr: 26431366
syscw: 3292098
read_bytes: 33102111232
write_bytes: 58892734464
cancelled_write_bytes: 0

[2020-02-22T14:47:06-08:00]
rchar: 74558247063
wchar: 58755071233
syscr: 26431366
syscw: 3292098
read_bytes: 33102111232
write_bytes: 58892734464
cancelled_write_bytes: 0

[2020-02-22T14:47:09-08:00]
rchar: 74558247063
wchar: 58755071233
syscr: 26431366
syscw: 3292098
read_bytes: 33102111232
write_bytes: 58892734464
cancelled_write_bytes: 0

[2020-02-22T14:47:12-08:00]
rchar: 74558247063
wchar: 58755071233
syscr: 26431366
syscw: 3292098
read_bytes: 33102111232
write_bytes: 58892734464
cancelled_write_bytes: 0

