[2020-01-19T00:51:36-08:00]
rchar: 16583878
wchar: 209
syscr: 2822
syscw: 10
read_bytes: 708608
write_bytes: 53248
cancelled_write_bytes: 0

[2020-01-19T00:51:39-08:00]
rchar: 16583878
wchar: 209
syscr: 2822
syscw: 10
read_bytes: 708608
write_bytes: 53248
cancelled_write_bytes: 0

[2020-01-19T00:51:42-08:00]
rchar: 16583878
wchar: 209
syscr: 2822
syscw: 10
read_bytes: 708608
write_bytes: 53248
cancelled_write_bytes: 0

[2020-01-19T00:51:45-08:00]
rchar: 16583878
wchar: 209
syscr: 2822
syscw: 10
read_bytes: 708608
write_bytes: 53248
cancelled_write_bytes: 0

[2020-01-19T00:51:48-08:00]
rchar: 16583878
wchar: 209
syscr: 2822
syscw: 10
read_bytes: 708608
write_bytes: 53248
cancelled_write_bytes: 0

[2020-01-19T00:51:51-08:00]
rchar: 16583878
wchar: 209
syscr: 2822
syscw: 10
read_bytes: 708608
write_bytes: 53248
cancelled_write_bytes: 0

[2020-01-19T00:51:54-08:00]
rchar: 16583878
wchar: 209
syscr: 2822
syscw: 10
read_bytes: 708608
write_bytes: 53248
cancelled_write_bytes: 0

[2020-01-19T00:51:57-08:00]
rchar: 16583878
wchar: 209
syscr: 2822
syscw: 10
read_bytes: 708608
write_bytes: 61440
cancelled_write_bytes: 0

[2020-01-19T00:52:00-08:00]
rchar: 16583878
wchar: 209
syscr: 2822
syscw: 10
read_bytes: 708608
write_bytes: 61440
cancelled_write_bytes: 0

[2020-01-19T00:52:03-08:00]
rchar: 23282313
wchar: 8250241
syscr: 4007
syscw: 1220
read_bytes: 6084096
write_bytes: 8335360
cancelled_write_bytes: 0

[2020-01-19T00:52:06-08:00]
rchar: 456108988
wchar: 326588205
syscr: 28726
syscw: 4260
read_bytes: 466364928
write_bytes: 326778880
cancelled_write_bytes: 0

[2020-01-19T00:52:09-08:00]
rchar: 891177773
wchar: 677011419
syscr: 81490
syscw: 15919
read_bytes: 957536768
write_bytes: 677150720
cancelled_write_bytes: 0

[2020-01-19T00:52:12-08:00]
rchar: 1332129280
wchar: 1049951212
syscr: 134632
syscw: 24879
read_bytes: 1220459008
write_bytes: 1050169344
cancelled_write_bytes: 0

[2020-01-19T00:52:15-08:00]
rchar: 1608312098
wchar: 1154652801
syscr: 168127
syscw: 48444
read_bytes: 1604438528
write_bytes: 1154871296
cancelled_write_bytes: 0

[2020-01-19T00:52:18-08:00]
rchar: 1762613257
wchar: 1309664928
syscr: 186842
syscw: 62404
read_bytes: 1817381376
write_bytes: 1309888512
cancelled_write_bytes: 0

[2020-01-19T00:52:21-08:00]
rchar: 2228572053
wchar: 1473283384
syscr: 243258
syscw: 81981
read_bytes: 2107460096
write_bytes: 1473515520
cancelled_write_bytes: 0

[2020-01-19T00:52:24-08:00]
rchar: 2752950257
wchar: 1570367446
syscr: 306842
syscw: 104272
read_bytes: 2430315008
write_bytes: 1570619392
cancelled_write_bytes: 0

[2020-01-19T00:52:27-08:00]
rchar: 3116770198
wchar: 1650795592
syscr: 350960
syscw: 120291
read_bytes: 2655205888
write_bytes: 1651544064
cancelled_write_bytes: 0

[2020-01-19T00:52:30-08:00]
rchar: 3450908269
wchar: 1852456458
syscr: 391390
syscw: 129725
read_bytes: 2788837888
write_bytes: 1852727296
cancelled_write_bytes: 0

[2020-01-19T00:52:33-08:00]
rchar: 4282984174
wchar: 1952779092
syscr: 492282
syscw: 152649
read_bytes: 3108796928
write_bytes: 1953050624
cancelled_write_bytes: 0

[2020-01-19T00:52:36-08:00]
rchar: 5104067983
wchar: 2053558976
syscr: 591836
syscw: 175598
read_bytes: 3426703872
write_bytes: 2053828608
cancelled_write_bytes: 0

[2020-01-19T00:52:39-08:00]
rchar: 5556007822
wchar: 2272291432
syscr: 646551
syscw: 186266
read_bytes: 3567868416
write_bytes: 2272583680
cancelled_write_bytes: 0

[2020-01-19T00:52:42-08:00]
rchar: 6653418539
wchar: 2372279432
syscr: 779609
syscw: 209342
read_bytes: 3869809152
write_bytes: 2372575232
cancelled_write_bytes: 0

[2020-01-19T00:52:45-08:00]
rchar: 7720720340
wchar: 2470862356
syscr: 909014
syscw: 232113
read_bytes: 4165601792
write_bytes: 2471157760
cancelled_write_bytes: 0

[2020-01-19T00:52:48-08:00]
rchar: 8224769710
wchar: 2771505442
syscr: 970048
syscw: 240665
read_bytes: 4271974912
write_bytes: 2771820544
cancelled_write_bytes: 0

[2020-01-19T00:52:51-08:00]
rchar: 9274729710
wchar: 3383070806
syscr: 1097357
syscw: 248339
read_bytes: 4361701888
write_bytes: 3383431168
cancelled_write_bytes: 0

[2020-01-19T00:52:54-08:00]
rchar: 10162169935
wchar: 3947458644
syscr: 1204979
syscw: 254758
read_bytes: 4434307584
write_bytes: 3947888640
cancelled_write_bytes: 0

[2020-01-19T00:52:57-08:00]
rchar: 10509553234
wchar: 4120152653
syscr: 1246565
syscw: 262927
read_bytes: 4536027648
write_bytes: 4120698880
cancelled_write_bytes: 0

[2020-01-19T00:53:00-08:00]
rchar: 11063777133
wchar: 4226186780
syscr: 1313772
syscw: 286887
read_bytes: 4843534848
write_bytes: 4226732032
cancelled_write_bytes: 0

[2020-01-19T00:53:03-08:00]
rchar: 11320485837
wchar: 4449910567
syscr: 1344904
syscw: 298421
read_bytes: 4985231872
write_bytes: 4450459648
cancelled_write_bytes: 0

[2020-01-19T00:53:06-08:00]
rchar: 12167405378
wchar: 4552528094
syscr: 1447510
syscw: 321969
read_bytes: 5276076544
write_bytes: 4553093120
cancelled_write_bytes: 0

[2020-01-19T00:53:09-08:00]
rchar: 13015113430
wchar: 4658311903
syscr: 1550300
syscw: 346408
read_bytes: 5571291648
write_bytes: 4658876416
cancelled_write_bytes: 0

[2020-01-19T00:53:12-08:00]
rchar: 13408743796
wchar: 4880465688
syscr: 1597949
syscw: 357909
read_bytes: 5705861632
write_bytes: 4881043456
cancelled_write_bytes: 0

[2020-01-19T00:53:15-08:00]
rchar: 14506564802
wchar: 4980689915
syscr: 1731058
syscw: 380855
read_bytes: 5978241536
write_bytes: 4981272576
cancelled_write_bytes: 0

[2020-01-19T00:53:18-08:00]
rchar: 15558185146
wchar: 5079074551
syscr: 1858567
syscw: 403153
read_bytes: 6244092416
write_bytes: 5079658496
cancelled_write_bytes: 0

[2020-01-19T00:53:21-08:00]
rchar: 16110515536
wchar: 5302849429
syscr: 1925540
syscw: 415235
read_bytes: 6384716288
write_bytes: 5303431168
cancelled_write_bytes: 0

[2020-01-19T00:53:24-08:00]
rchar: 17416783091
wchar: 5398497286
syscr: 2083836
syscw: 437377
read_bytes: 6637214208
write_bytes: 5399109632
cancelled_write_bytes: 0

[2020-01-19T00:53:27-08:00]
rchar: 18740283331
wchar: 5497151693
syscr: 2244306
syscw: 460445
read_bytes: 6896073216
write_bytes: 5497769984
cancelled_write_bytes: 0

[2020-01-19T00:53:30-08:00]
rchar: 19522875773
wchar: 5702332487
syscr: 2339197
syscw: 474190
read_bytes: 7048903168
write_bytes: 5702955008
cancelled_write_bytes: 0

[2020-01-19T00:53:33-08:00]
rchar: 19908039980
wchar: 5957441076
syscr: 2385817
syscw: 476582
read_bytes: 7071717888
write_bytes: 5958090752
cancelled_write_bytes: 0

[2020-01-19T00:53:36-08:00]
rchar: 21047490144
wchar: 6597432097
syscr: 2523981
syscw: 483854
read_bytes: 7145273856
write_bytes: 6599102464
cancelled_write_bytes: 0

[2020-01-19T00:53:39-08:00]
rchar: 21941332751
wchar: 7077523890
syscr: 2631859
syscw: 495159
read_bytes: 7266957824
write_bytes: 7078273024
cancelled_write_bytes: 0

[2020-01-19T00:53:42-08:00]
rchar: 22603083821
wchar: 7469434706
syscr: 2712091
syscw: 508378
read_bytes: 7468575232
write_bytes: 7470252032
cancelled_write_bytes: 0

[2020-01-19T00:53:45-08:00]
rchar: 23222840901
wchar: 7813897314
syscr: 2787229
syscw: 523037
read_bytes: 7728736768
write_bytes: 7814750208
cancelled_write_bytes: 0

[2020-01-19T00:53:48-08:00]
rchar: 23557477718
wchar: 7985527816
syscr: 2827794
syscw: 532178
read_bytes: 7902800384
write_bytes: 7986401280
cancelled_write_bytes: 0

[2020-01-19T00:53:51-08:00]
rchar: 23792468611
wchar: 8248400452
syscr: 2856207
syscw: 537597
read_bytes: 8011225600
write_bytes: 8249298944
cancelled_write_bytes: 0

[2020-01-19T00:53:54-08:00]
rchar: 24568897258
wchar: 8540485049
syscr: 2950330
syscw: 552988
read_bytes: 8299039232
write_bytes: 8541429760
cancelled_write_bytes: 0

[2020-01-19T00:53:57-08:00]
rchar: 25322210797
wchar: 8756805667
syscr: 3041650
syscw: 570664
read_bytes: 8590584320
write_bytes: 8757805056
cancelled_write_bytes: 0

[2020-01-19T00:54:00-08:00]
rchar: 26000388374
wchar: 8843903441
syscr: 3123883
syscw: 590452
read_bytes: 8800283136
write_bytes: 8844902400
cancelled_write_bytes: 0

[2020-01-19T00:54:04-08:00]
rchar: 26712619290
wchar: 9083047363
syscr: 3210159
syscw: 605853
read_bytes: 8961284608
write_bytes: 9084063744
cancelled_write_bytes: 0

[2020-01-19T00:54:07-08:00]
rchar: 27820270639
wchar: 9187556085
syscr: 3344463
syscw: 630111
read_bytes: 9208728064
write_bytes: 9188573184
cancelled_write_bytes: 0

[2020-01-19T00:54:10-08:00]
rchar: 28687515499
wchar: 9270004104
syscr: 3449617
syscw: 649288
read_bytes: 9403636224
write_bytes: 9271025664
cancelled_write_bytes: 0

[2020-01-19T00:54:13-08:00]
rchar: 29586043720
wchar: 9510257072
syscr: 3558477
syscw: 665184
read_bytes: 9562085888
write_bytes: 9511292928
cancelled_write_bytes: 0

[2020-01-19T00:54:16-08:00]
rchar: 30940251716
wchar: 9610913842
syscr: 3722672
syscw: 688153
read_bytes: 9796815360
write_bytes: 9611948032
cancelled_write_bytes: 0

[2020-01-19T00:54:19-08:00]
rchar: 32065290868
wchar: 9696765732
syscr: 3859081
syscw: 707781
read_bytes: 9992612352
write_bytes: 9697804288
cancelled_write_bytes: 0

[2020-01-19T00:54:22-08:00]
rchar: 32763353931
wchar: 10170980807
syscr: 3943642
syscw: 714359
read_bytes: 10051508736
write_bytes: 10172051456
cancelled_write_bytes: 0

[2020-01-19T00:54:25-08:00]
rchar: 33362036381
wchar: 10522226563
syscr: 4016236
syscw: 718164
read_bytes: 10084395520
write_bytes: 10523316224
cancelled_write_bytes: 0

[2020-01-19T00:54:28-08:00]
rchar: 34520552569
wchar: 11135072760
syscr: 4156196
syscw: 727203
read_bytes: 10163247616
write_bytes: 11136237568
cancelled_write_bytes: 0

[2020-01-19T00:54:31-08:00]
rchar: 35293076261
wchar: 11587773262
syscr: 4249839
syscw: 740798
read_bytes: 10293139968
write_bytes: 11588980736
cancelled_write_bytes: 0

[2020-01-19T00:54:34-08:00]
rchar: 35961033490
wchar: 11915950242
syscr: 4330795
syscw: 755977
read_bytes: 10547812864
write_bytes: 11917201408
cancelled_write_bytes: 0

[2020-01-19T00:54:37-08:00]
rchar: 36463545334
wchar: 12137974887
syscr: 4391735
syscw: 768325
read_bytes: 10776857088
write_bytes: 12139241472
cancelled_write_bytes: 0

[2020-01-19T00:54:40-08:00]
rchar: 36612351901
wchar: 12413820770
syscr: 4409673
syscw: 770516
read_bytes: 10795235840
write_bytes: 12415111168
cancelled_write_bytes: 0

[2020-01-19T00:54:43-08:00]
rchar: 37493850338
wchar: 12878458995
syscr: 4516506
syscw: 782775
read_bytes: 10924874240
write_bytes: 12879810560
cancelled_write_bytes: 0

[2020-01-19T00:54:46-08:00]
rchar: 38327226006
wchar: 13178620996
syscr: 4617565
syscw: 799220
read_bytes: 11220437504
write_bytes: 13179985920
cancelled_write_bytes: 0

[2020-01-19T00:54:49-08:00]
rchar: 39097557858
wchar: 13438235705
syscr: 4710922
syscw: 815700
read_bytes: 11464501760
write_bytes: 13439668224
cancelled_write_bytes: 0

[2020-01-19T00:54:52-08:00]
rchar: 39562420493
wchar: 13613917482
syscr: 4767291
syscw: 828651
read_bytes: 11587496448
write_bytes: 13615345664
cancelled_write_bytes: 0

[2020-01-19T00:54:55-08:00]
rchar: 40168935593
wchar: 13722299433
syscr: 4840747
syscw: 841132
read_bytes: 11701799424
write_bytes: 13723746304
cancelled_write_bytes: 0

[2020-01-19T00:54:58-08:00]
rchar: 41330651246
wchar: 13826747827
syscr: 4981604
syscw: 864815
read_bytes: 11924376064
write_bytes: 13828210688
cancelled_write_bytes: 0

[2020-01-19T00:55:01-08:00]
rchar: 42286287978
wchar: 13915101229
syscr: 5097475
syscw: 884835
read_bytes: 12108401152
write_bytes: 13916565504
cancelled_write_bytes: 0

[2020-01-19T00:55:04-08:00]
rchar: 43141370330
wchar: 14151386618
syscr: 5201068
syscw: 899315
read_bytes: 12241672704
write_bytes: 14152867840
cancelled_write_bytes: 0

[2020-01-19T00:55:07-08:00]
rchar: 44533398404
wchar: 14252394267
syscr: 5369850
syscw: 922340
read_bytes: 12452243968
write_bytes: 14253879296
cancelled_write_bytes: 0

[2020-01-19T00:55:10-08:00]
rchar: 45740895877
wchar: 14342143043
syscr: 5516256
syscw: 942591
read_bytes: 12636916224
write_bytes: 14343626752
cancelled_write_bytes: 0

[2020-01-19T00:55:13-08:00]
rchar: 46468169825
wchar: 14854884603
syscr: 5604359
syscw: 948884
read_bytes: 12688386560
write_bytes: 14856409088
cancelled_write_bytes: 4096

[2020-01-19T00:55:16-08:00]
rchar: 47048875363
wchar: 15172846932
syscr: 5674774
syscw: 952586
read_bytes: 12719020544
write_bytes: 15174393856
cancelled_write_bytes: 4096

[2020-01-19T00:55:19-08:00]
rchar: 48151130630
wchar: 15805176165
syscr: 5807922
syscw: 960409
read_bytes: 12781865472
write_bytes: 15806779392
cancelled_write_bytes: 4096

[2020-01-19T00:55:22-08:00]
rchar: 48915878701
wchar: 16221103192
syscr: 5900631
syscw: 973581
read_bytes: 12897819136
write_bytes: 16222777344
cancelled_write_bytes: 4096

[2020-01-19T00:55:25-08:00]
rchar: 49662237474
wchar: 16594476323
syscr: 5991111
syscw: 989238
read_bytes: 13099616768
write_bytes: 16596373504
cancelled_write_bytes: 4096

[2020-01-19T00:55:28-08:00]
rchar: 50185431664
wchar: 16813675618
syscr: 6054560
syscw: 1002336
read_bytes: 13311605248
write_bytes: 16815415296
cancelled_write_bytes: 4096

[2020-01-19T00:55:31-08:00]
rchar: 50593569119
wchar: 17156381558
syscr: 6103933
syscw: 1009849
read_bytes: 13411854848
write_bytes: 17158168576
cancelled_write_bytes: 4096

[2020-01-19T00:55:34-08:00]
rchar: 51503747147
wchar: 17427778360
syscr: 6214301
syscw: 1027285
read_bytes: 13704530432
write_bytes: 17429585920
cancelled_write_bytes: 4096

[2020-01-19T00:55:37-08:00]
rchar: 52382562417
wchar: 17692765518
syscr: 6320815
syscw: 1044509
read_bytes: 13988293120
write_bytes: 17694597120
cancelled_write_bytes: 4096

[2020-01-19T00:55:40-08:00]
rchar: 53245741851
wchar: 18003188773
syscr: 6425434
syscw: 1060527
read_bytes: 14220139008
write_bytes: 18005045248
cancelled_write_bytes: 4096

[2020-01-19T00:55:43-08:00]
rchar: 53437743022
wchar: 18228492354
syscr: 6448633
syscw: 1064237
read_bytes: 14276213248
write_bytes: 18230366208
cancelled_write_bytes: 4096

[2020-01-19T00:55:46-08:00]
rchar: 54472221974
wchar: 18477608874
syscr: 6574069
syscw: 1080345
read_bytes: 14533638656
write_bytes: 18479501312
cancelled_write_bytes: 4096

[2020-01-19T00:55:49-08:00]
rchar: 55502739093
wchar: 18928192959
syscr: 6698948
syscw: 1092679
read_bytes: 14632131072
write_bytes: 18930163712
cancelled_write_bytes: 4096

[2020-01-19T00:55:52-08:00]
rchar: 56577956558
wchar: 19254463585
syscr: 6829289
syscw: 1109528
read_bytes: 14764136960
write_bytes: 19256471552
cancelled_write_bytes: 4096

[2020-01-19T00:55:55-08:00]
rchar: 57200918022
wchar: 19483653485
syscr: 6904826
syscw: 1122318
read_bytes: 14865709568
write_bytes: 19485671424
cancelled_write_bytes: 4096

[2020-01-19T00:55:58-08:00]
rchar: 58632661092
wchar: 19582410850
syscr: 7078336
syscw: 1144802
read_bytes: 15048841728
write_bytes: 19584442368
cancelled_write_bytes: 4096

[2020-01-19T00:56:01-08:00]
rchar: 60084058994
wchar: 19685830941
syscr: 7254315
syscw: 1168516
read_bytes: 15238404608
write_bytes: 19687878656
cancelled_write_bytes: 4096

[2020-01-19T00:56:04-08:00]
rchar: 60829133583
wchar: 19912665622
syscr: 7344655
syscw: 1180932
read_bytes: 15335012864
write_bytes: 19914719232
cancelled_write_bytes: 4096

[2020-01-19T00:56:07-08:00]
rchar: 61413029560
wchar: 20241572118
syscr: 7415372
syscw: 1184545
read_bytes: 15360727552
write_bytes: 20244439040
cancelled_write_bytes: 4096

[2020-01-19T00:56:10-08:00]
rchar: 62665546869
wchar: 20877734744
syscr: 7567247
syscw: 1193804
read_bytes: 15424780800
write_bytes: 20879872000
cancelled_write_bytes: 4096

[2020-01-19T00:56:13-08:00]
rchar: 63684650921
wchar: 21387871782
syscr: 7690301
syscw: 1206653
read_bytes: 15520664064
write_bytes: 21390069760
cancelled_write_bytes: 4096

[2020-01-19T00:56:16-08:00]
rchar: 64277032929
wchar: 21749217567
syscr: 7762121
syscw: 1215343
read_bytes: 15584946688
write_bytes: 21751468032
cancelled_write_bytes: 4096

[2020-01-19T00:56:19-08:00]
rchar: 64960954374
wchar: 22069571155
syscr: 7845037
syscw: 1229657
read_bytes: 15755942400
write_bytes: 22071857152
cancelled_write_bytes: 4096

[2020-01-19T00:56:22-08:00]
rchar: 65572397978
wchar: 22449593870
syscr: 7919157
syscw: 1239354
read_bytes: 15825668608
write_bytes: 22451929088
cancelled_write_bytes: 4096

[2020-01-19T00:56:25-08:00]
rchar: 66027872097
wchar: 22887419577
syscr: 7974277
syscw: 1245046
read_bytes: 15865956864
write_bytes: 22889799680
cancelled_write_bytes: 4096

[2020-01-19T00:56:28-08:00]
rchar: 66738015911
wchar: 23289987681
syscr: 8060367
syscw: 1253866
read_bytes: 15928424960
write_bytes: 23292416000
cancelled_write_bytes: 4096

[2020-01-19T00:56:31-08:00]
rchar: 67691204091
wchar: 23713735807
syscr: 8175911
syscw: 1269320
read_bytes: 16086411776
write_bytes: 23716225024
cancelled_write_bytes: 4096

[2020-01-19T00:56:34-08:00]
rchar: 68595920685
wchar: 24027819982
syscr: 8285558
syscw: 1286650
read_bytes: 16259426816
write_bytes: 24030355456
cancelled_write_bytes: 4096

[2020-01-19T00:56:37-08:00]
rchar: 69167359253
wchar: 24254721218
syscr: 8354850
syscw: 1301324
read_bytes: 16372443648
write_bytes: 24258260992
cancelled_write_bytes: 4096

[2020-01-19T00:56:40-08:00]
rchar: 70297450635
wchar: 24361993049
syscr: 8491789
syscw: 1322982
read_bytes: 16538786304
write_bytes: 24364548096
cancelled_write_bytes: 4096

[2020-01-19T00:56:43-08:00]
rchar: 71540435447
wchar: 24469720409
syscr: 8642502
syscw: 1347260
read_bytes: 16722708992
write_bytes: 24472285184
cancelled_write_bytes: 4096

[2020-01-19T00:56:46-08:00]
rchar: 72029916633
wchar: 24512833764
syscr: 8701854
syscw: 1356964
read_bytes: 16795744768
write_bytes: 24515391488
cancelled_write_bytes: 4096

[2020-01-19T00:56:49-08:00]
rchar: 72952118846
wchar: 24751452861
syscr: 8813585
syscw: 1371953
read_bytes: 16904964608
write_bytes: 24754024448
cancelled_write_bytes: 4096

[2020-01-19T00:56:52-08:00]
rchar: 74450237897
wchar: 24856255560
syscr: 8995229
syscw: 1395651
read_bytes: 17080691200
write_bytes: 24858828800
cancelled_write_bytes: 4096

[2020-01-19T00:56:55-08:00]
rchar: 75604946294
wchar: 24938239079
syscr: 9135235
syscw: 1413988
read_bytes: 17215437312
write_bytes: 24940814336
cancelled_write_bytes: 4096

[2020-01-19T00:56:58-08:00]
rchar: 76557664051
wchar: 25499451984
syscr: 9250673
syscw: 1422876
read_bytes: 17272470016
write_bytes: 25502060544
cancelled_write_bytes: 4096

[2020-01-19T00:57:01-08:00]
rchar: 77463585996
wchar: 25945876320
syscr: 9360521
syscw: 1429520
read_bytes: 17314880000
write_bytes: 25948835840
cancelled_write_bytes: 4096

[2020-01-19T00:57:04-08:00]
rchar: 78384712602
wchar: 26444446794
syscr: 9471700
syscw: 1437553
read_bytes: 17366526464
write_bytes: 26447155200
cancelled_write_bytes: 4096

[2020-01-19T00:57:07-08:00]
rchar: 79263182867
wchar: 26928540754
syscr: 9578175
syscw: 1452320
read_bytes: 17466132992
write_bytes: 26931298304
cancelled_write_bytes: 4096

[2020-01-19T00:57:10-08:00]
rchar: 80003995485
wchar: 27366797610
syscr: 9667983
syscw: 1463919
read_bytes: 17545665024
write_bytes: 27369598976
cancelled_write_bytes: 4096

[2020-01-19T00:57:13-08:00]
rchar: 80610449294
wchar: 27738258217
syscr: 9741456
syscw: 1473223
read_bytes: 17608800768
write_bytes: 27741106176
cancelled_write_bytes: 4096

[2020-01-19T00:57:16-08:00]
rchar: 81043831117
wchar: 28202988645
syscr: 9793933
syscw: 1478972
read_bytes: 17643919872
write_bytes: 28205887488
cancelled_write_bytes: 4096

[2020-01-19T00:57:19-08:00]
rchar: 82021530641
wchar: 28718550803
syscr: 9912421
syscw: 1491956
read_bytes: 17728363008
write_bytes: 28721741824
cancelled_write_bytes: 4096

[2020-01-19T00:57:22-08:00]
rchar: 82955782309
wchar: 28992205362
syscr: 10025666
syscw: 1511123
read_bytes: 17860770304
write_bytes: 28995219456
cancelled_write_bytes: 4096

[2020-01-19T00:57:25-08:00]
rchar: 83913999995
wchar: 29101513335
syscr: 10141855
syscw: 1536279
read_bytes: 18035034624
write_bytes: 29104529408
cancelled_write_bytes: 4096

[2020-01-19T00:57:28-08:00]
rchar: 83998338373
wchar: 29283381883
syscr: 10151999
syscw: 1538694
read_bytes: 18050247168
write_bytes: 29286408192
cancelled_write_bytes: 4096

[2020-01-19T00:57:31-08:00]
rchar: 85244237888
wchar: 29390195375
syscr: 10303065
syscw: 1563391
read_bytes: 18215930368
write_bytes: 29393244160
cancelled_write_bytes: 4096

[2020-01-19T00:57:34-08:00]
rchar: 86557976491
wchar: 29504221940
syscr: 10462357
syscw: 1589319
read_bytes: 18391394816
write_bytes: 29507272704
cancelled_write_bytes: 4096

[2020-01-19T00:57:37-08:00]
rchar: 87218456174
wchar: 29731490040
syscr: 10542359
syscw: 1602024
read_bytes: 18473896448
write_bytes: 29734551552
cancelled_write_bytes: 4096

[2020-01-19T00:57:40-08:00]
rchar: 88734468268
wchar: 29837692213
syscr: 10726172
syscw: 1626171
read_bytes: 18634914304
write_bytes: 29840752640
cancelled_write_bytes: 4096

[2020-01-19T00:57:43-08:00]
rchar: 90207673570
wchar: 29941751569
syscr: 10904793
syscw: 1649307
read_bytes: 18793732608
write_bytes: 29944815616
cancelled_write_bytes: 4096

[2020-01-19T00:57:46-08:00]
rchar: 90943874621
wchar: 30288516354
syscr: 10993976
syscw: 1658522
read_bytes: 18852981248
write_bytes: 30291603456
cancelled_write_bytes: 4096

[2020-01-19T00:57:49-08:00]
rchar: 92253697691
wchar: 30927913674
syscr: 11152801
syscw: 1668520
read_bytes: 18910837248
write_bytes: 30931779584
cancelled_write_bytes: 4096

[2020-01-19T00:57:52-08:00]
rchar: 92891152012
wchar: 31264836016
syscr: 11230096
syscw: 1672865
read_bytes: 18936506880
write_bytes: 31267999744
cancelled_write_bytes: 4096

[2020-01-19T00:57:55-08:00]
rchar: 93796030754
wchar: 31722401770
syscr: 11339272
syscw: 1685634
read_bytes: 19016911360
write_bytes: 31725608960
cancelled_write_bytes: 4096

[2020-01-19T00:57:58-08:00]
rchar: 94674556786
wchar: 32236121669
syscr: 11445748
syscw: 1699490
read_bytes: 19103218176
write_bytes: 32239390720
cancelled_write_bytes: 4096

[2020-01-19T00:58:01-08:00]
rchar: 95531622497
wchar: 32741195813
syscr: 11549655
syscw: 1713454
read_bytes: 19188439552
write_bytes: 32744521728
cancelled_write_bytes: 4096

[2020-01-19T00:58:04-08:00]
rchar: 95650377414
wchar: 32981139645
syscr: 11564027
syscw: 1715776
read_bytes: 19202087424
write_bytes: 32984506368
cancelled_write_bytes: 4096

[2020-01-19T00:58:07-08:00]
rchar: 96446014595
wchar: 33422783495
syscr: 11660392
syscw: 1725309
read_bytes: 19260832256
write_bytes: 33426223104
cancelled_write_bytes: 4096

[2020-01-19T00:58:10-08:00]
rchar: 97445753580
wchar: 33906246371
syscr: 11781579
syscw: 1739380
read_bytes: 19348912640
write_bytes: 33909731328
cancelled_write_bytes: 4096

[2020-01-19T00:58:13-08:00]
rchar: 98381963125
wchar: 34376713142
syscr: 11895072
syscw: 1752874
read_bytes: 19431696896
write_bytes: 34380288000
cancelled_write_bytes: 4096

[2020-01-19T00:58:16-08:00]
rchar: 99019892319
wchar: 34559418530
syscr: 11972392
syscw: 1766189
read_bytes: 19517032960
write_bytes: 34563018752
cancelled_write_bytes: 4096

[2020-01-19T00:58:19-08:00]
rchar: 99523388790
wchar: 34788289531
syscr: 12033362
syscw: 1778472
read_bytes: 19598445056
write_bytes: 34791911424
cancelled_write_bytes: 4096

[2020-01-19T00:58:22-08:00]
rchar: 100809047746
wchar: 34897823578
syscr: 12189251
syscw: 1803615
read_bytes: 19758082560
write_bytes: 34901446656
cancelled_write_bytes: 4096

[2020-01-19T00:58:25-08:00]
rchar: 102040069343
wchar: 35005134129
syscr: 12338511
syscw: 1827397
read_bytes: 19912354304
write_bytes: 35008757760
cancelled_write_bytes: 4096

[2020-01-19T00:58:28-08:00]
rchar: 102755765728
wchar: 35234623336
syscr: 12425206
syscw: 1840316
read_bytes: 19992033792
write_bytes: 35238264832
cancelled_write_bytes: 4096

[2020-01-19T00:58:31-08:00]
rchar: 104308692639
wchar: 35342457695
syscr: 12613499
syscw: 1865244
read_bytes: 20146575872
write_bytes: 35346100224
cancelled_write_bytes: 4096

[2020-01-19T00:58:34-08:00]
rchar: 105785851104
wchar: 35448012221
syscr: 12792600
syscw: 1889093
read_bytes: 20293667328
write_bytes: 35451670528
cancelled_write_bytes: 4096

[2020-01-19T00:58:37-08:00]
rchar: 106488667530
wchar: 35854781208
syscr: 12877736
syscw: 1896743
read_bytes: 20336888320
write_bytes: 35858464768
cancelled_write_bytes: 4096

[2020-01-19T00:58:40-08:00]
rchar: 107263205527
wchar: 36209505263
syscr: 12971653
syscw: 1902787
read_bytes: 20370860544
write_bytes: 36213211136
cancelled_write_bytes: 4096

[2020-01-19T00:58:43-08:00]
rchar: 108531326337
wchar: 36821351366
syscr: 13125421
syscw: 1912457
read_bytes: 20423641600
write_bytes: 36825096192
cancelled_write_bytes: 4096

[2020-01-19T00:58:46-08:00]
rchar: 109484037468
wchar: 37363272677
syscr: 13240411
syscw: 1925085
read_bytes: 20496808448
write_bytes: 37367095296
cancelled_write_bytes: 4096

[2020-01-19T00:58:49-08:00]
rchar: 110019856413
wchar: 37684106645
syscr: 13305354
syscw: 1932929
read_bytes: 20543101440
write_bytes: 37687980032
cancelled_write_bytes: 4096

[2020-01-19T00:58:52-08:00]
rchar: 110912041183
wchar: 38200050700
syscr: 13413514
syscw: 1947274
read_bytes: 20626684416
write_bytes: 38203977728
cancelled_write_bytes: 4096

[2020-01-19T00:58:55-08:00]
rchar: 111221961404
wchar: 38399094761
syscr: 13451063
syscw: 1951770
read_bytes: 20652739072
write_bytes: 38403047424
cancelled_write_bytes: 4096

[2020-01-19T00:58:58-08:00]
rchar: 111826536434
wchar: 38891390727
syscr: 13524250
syscw: 1960276
read_bytes: 20698614272
write_bytes: 38895398912
cancelled_write_bytes: 4096

[2020-01-19T00:59:01-08:00]
rchar: 112836043211
wchar: 39439753010
syscr: 13646638
syscw: 1972881
read_bytes: 20768676352
write_bytes: 39443812352
cancelled_write_bytes: 4096

[2020-01-19T00:59:04-08:00]
rchar: 113404656126
wchar: 39735743072
syscr: 13715547
syscw: 1980481
read_bytes: 20811807232
write_bytes: 39739867136
cancelled_write_bytes: 4096

[2020-01-19T00:59:07-08:00]
rchar: 114353469239
wchar: 39985466988
syscr: 13830548
syscw: 2000239
read_bytes: 20931287552
write_bytes: 39989628928
cancelled_write_bytes: 4096

[2020-01-19T00:59:10-08:00]
rchar: 114898398970
wchar: 40220348923
syscr: 13896627
syscw: 2014102
read_bytes: 21013809664
write_bytes: 40224518144
cancelled_write_bytes: 4096

[2020-01-19T00:59:13-08:00]
rchar: 116157698433
wchar: 40324732059
syscr: 14049231
syscw: 2037665
read_bytes: 21155801600
write_bytes: 40328908800
cancelled_write_bytes: 4096

[2020-01-19T00:59:16-08:00]
rchar: 117481105397
wchar: 40438603801
syscr: 14209696
syscw: 2063672
read_bytes: 21307304448
write_bytes: 40442781696
cancelled_write_bytes: 4096

[2020-01-19T00:59:19-08:00]
rchar: 118174883083
wchar: 40667882393
syscr: 14293735
syscw: 2076716
read_bytes: 21378980352
write_bytes: 40672083968
cancelled_write_bytes: 4096

[2020-01-19T00:59:22-08:00]
rchar: 119754131994
wchar: 40776183240
syscr: 14485217
syscw: 2101717
read_bytes: 21521082880
write_bytes: 40780390400
cancelled_write_bytes: 4096

[2020-01-19T00:59:25-08:00]
rchar: 121297560136
wchar: 40883714762
syscr: 14672353
syscw: 2126297
read_bytes: 21660523008
write_bytes: 40887918592
cancelled_write_bytes: 4096

[2020-01-19T00:59:28-08:00]
rchar: 121505439108
wchar: 40955942242
syscr: 14697561
syscw: 2129835
read_bytes: 21679553024
write_bytes: 40960151552
cancelled_write_bytes: 4096

[2020-01-19T00:59:31-08:00]
rchar: 122680422110
wchar: 41597480251
syscr: 14839948
syscw: 2139473
read_bytes: 21728655872
write_bytes: 41601736704
cancelled_write_bytes: 4096

[2020-01-19T00:59:34-08:00]
rchar: 123405464013
wchar: 41960221971
syscr: 14927865
syscw: 2144901
read_bytes: 21755464192
write_bytes: 41964666880
cancelled_write_bytes: 4096

[2020-01-19T00:59:37-08:00]
rchar: 124643507719
wchar: 42578087666
syscr: 15077447
syscw: 2156821
read_bytes: 21816601088
write_bytes: 42582433792
cancelled_write_bytes: 4096

[2020-01-19T00:59:40-08:00]
rchar: 125154953884
wchar: 42868156334
syscr: 15139449
syscw: 2164736
read_bytes: 21860555264
write_bytes: 42872537088
cancelled_write_bytes: 4096

[2020-01-19T00:59:43-08:00]
rchar: 126004468102
wchar: 43327356551
syscr: 15242408
syscw: 2179020
read_bytes: 21955729920
write_bytes: 43331788800
cancelled_write_bytes: 4096

[2020-01-19T00:59:46-08:00]
rchar: 126601158040
wchar: 43631121174
syscr: 15314742
syscw: 2190030
read_bytes: 22034065920
write_bytes: 43635601408
cancelled_write_bytes: 4096

[2020-01-19T00:59:49-08:00]
rchar: 127087204136
wchar: 44074835696
syscr: 15373568
syscw: 2196772
read_bytes: 22066993664
write_bytes: 44079362048
cancelled_write_bytes: 4096

[2020-01-19T00:59:52-08:00]
rchar: 128049339037
wchar: 44547681055
syscr: 15490200
syscw: 2209749
read_bytes: 22134524416
write_bytes: 44552265728
cancelled_write_bytes: 4096

[2020-01-19T00:59:55-08:00]
rchar: 129069694315
wchar: 45089879519
syscr: 15613862
syscw: 2223338
read_bytes: 22202276352
write_bytes: 45094535168
cancelled_write_bytes: 4096

[2020-01-19T00:59:58-08:00]
rchar: 129552008110
wchar: 45371326730
syscr: 15672315
syscw: 2228937
read_bytes: 22230833664
write_bytes: 45376024576
cancelled_write_bytes: 4096

[2020-01-19T01:00:01-08:00]
rchar: 130541118021
wchar: 45692842307
syscr: 15792243
syscw: 2247714
read_bytes: 22402939392
write_bytes: 45697564672
cancelled_write_bytes: 4096

[2020-01-19T01:00:04-08:00]
rchar: 131069059219
wchar: 46084300214
syscr: 15856154
syscw: 2255697
read_bytes: 22462597632
write_bytes: 46089080832
cancelled_write_bytes: 4096

[2020-01-19T01:00:07-08:00]
rchar: 132280118280
wchar: 46375779471
syscr: 16002986
syscw: 2274833
read_bytes: 22644042240
write_bytes: 46380589056
cancelled_write_bytes: 4096

[2020-01-19T01:00:10-08:00]
rchar: 133143014239
wchar: 46605014642
syscr: 16107600
syscw: 2288377
read_bytes: 22772824576
write_bytes: 46609850368
cancelled_write_bytes: 4096

[2020-01-19T01:00:13-08:00]
rchar: 134323590532
wchar: 46818811219
syscr: 16250731
syscw: 2308320
read_bytes: 22914337280
write_bytes: 46823665664
cancelled_write_bytes: 4096

[2020-01-19T01:00:16-08:00]
rchar: 135111115860
wchar: 47047485754
syscr: 16346138
syscw: 2321362
read_bytes: 22980942336
write_bytes: 47052357632
cancelled_write_bytes: 4096

[2020-01-19T01:00:19-08:00]
rchar: 136718076084
wchar: 47158003241
syscr: 16540979
syscw: 2346711
read_bytes: 23112276480
write_bytes: 47162875904
cancelled_write_bytes: 4096

[2020-01-19T01:00:22-08:00]
rchar: 138005416904
wchar: 47248387211
syscr: 16697070
syscw: 2367688
read_bytes: 23219431936
write_bytes: 47253266432
cancelled_write_bytes: 4096

[2020-01-19T01:00:25-08:00]
rchar: 138910497751
wchar: 47791641295
syscr: 16806731
syscw: 2376185
read_bytes: 23258962432
write_bytes: 47796551680
cancelled_write_bytes: 4096

[2020-01-19T01:00:28-08:00]
rchar: 139623429462
wchar: 48155609249
syscr: 16893180
syscw: 2381170
read_bytes: 23281396224
write_bytes: 48160550912
cancelled_write_bytes: 4096

[2020-01-19T01:00:31-08:00]
rchar: 140948741206
wchar: 48788111503
syscr: 17053349
syscw: 2392368
read_bytes: 23333837312
write_bytes: 48793100288
cancelled_write_bytes: 4096

[2020-01-19T01:00:34-08:00]
rchar: 141589012391
wchar: 49157689649
syscr: 17130966
syscw: 2402541
read_bytes: 23382845952
write_bytes: 49162719232
cancelled_write_bytes: 4096

[2020-01-19T01:00:37-08:00]
rchar: 142408055490
wchar: 49624734962
syscr: 17230260
syscw: 2416178
read_bytes: 23448254976
write_bytes: 49629847552
cancelled_write_bytes: 4096

[2020-01-19T01:00:40-08:00]
rchar: 143288322411
wchar: 50156228800
syscr: 17336933
syscw: 2430068
read_bytes: 23514499584
write_bytes: 50161401856
cancelled_write_bytes: 4096

[2020-01-19T01:00:43-08:00]
rchar: 143383856589
wchar: 50385158565
syscr: 17348520
syscw: 2431843
read_bytes: 23522195968
write_bytes: 50390540288
cancelled_write_bytes: 4096

[2020-01-19T01:00:46-08:00]
rchar: 144385358385
wchar: 50856407321
syscr: 17469842
syscw: 2445977
read_bytes: 23590885888
write_bytes: 50861649920
cancelled_write_bytes: 4096

[2020-01-19T01:00:50-08:00]
rchar: 145008056750
wchar: 51193569125
syscr: 17545308
syscw: 2454011
read_bytes: 23626934784
write_bytes: 51199217664
cancelled_write_bytes: 4096

[2020-01-19T01:00:53-08:00]
rchar: 146040249717
wchar: 51712924326
syscr: 17670433
syscw: 2468838
read_bytes: 23696792064
write_bytes: 51718266880
cancelled_write_bytes: 4096

[2020-01-19T01:00:56-08:00]
rchar: 147030277564
wchar: 52019525526
syscr: 17790416
syscw: 2488479
read_bytes: 23860120064
write_bytes: 52025303040
cancelled_write_bytes: 4096

[2020-01-19T01:00:59-08:00]
rchar: 147311337593
wchar: 52260878621
syscr: 17824502
syscw: 2493444
read_bytes: 23888505344
write_bytes: 52266278912
cancelled_write_bytes: 4096

[2020-01-19T01:01:02-08:00]
rchar: 148253783813
wchar: 52517299457
syscr: 17938675
syscw: 2508819
read_bytes: 24026511872
write_bytes: 52522729472
cancelled_write_bytes: 4096

[2020-01-19T01:01:05-08:00]
rchar: 149477076983
wchar: 52805842291
syscr: 18086989
syscw: 2528302
read_bytes: 24199064064
write_bytes: 52811300864
cancelled_write_bytes: 4096

[2020-01-19T01:01:08-08:00]
rchar: 150698684412
wchar: 53094424185
syscr: 18235091
syscw: 2548020
read_bytes: 24370256384
write_bytes: 53099921408
cancelled_write_bytes: 4096

[2020-01-19T01:01:11-08:00]
rchar: 150907908259
wchar: 53306252112
syscr: 18260464
syscw: 2551944
read_bytes: 24399280640
write_bytes: 53311762432
cancelled_write_bytes: 4096

[2020-01-19T01:01:14-08:00]
rchar: 152158724637
wchar: 53740478103
syscr: 18412023
syscw: 2566575
read_bytes: 24486767104
write_bytes: 53746049024
cancelled_write_bytes: 4096

[2020-01-19T01:01:17-08:00]
rchar: 153562416738
wchar: 54079448910
syscr: 18582190
syscw: 2584824
read_bytes: 24635492864
write_bytes: 54085042176
cancelled_write_bytes: 4096

[2020-01-19T01:01:20-08:00]
rchar: 154739699222
wchar: 54262811737
syscr: 18724909
syscw: 2602132
read_bytes: 24766601728
write_bytes: 54268432384
cancelled_write_bytes: 4096

[2020-01-19T01:01:23-08:00]
rchar: 155511891881
wchar: 54551044084
syscr: 18818455
syscw: 2613521
read_bytes: 24818297344
write_bytes: 54556680192
cancelled_write_bytes: 4096

[2020-01-19T01:01:26-08:00]
rchar: 156693839672
wchar: 55102800960
syscr: 18961772
syscw: 2622809
read_bytes: 24857348608
write_bytes: 55108476928
cancelled_write_bytes: 4096

[2020-01-19T01:01:29-08:00]
rchar: 157593025287
wchar: 55569557367
syscr: 19070804
syscw: 2629301
read_bytes: 24883476992
write_bytes: 55575277568
cancelled_write_bytes: 4096

[2020-01-19T01:01:32-08:00]
rchar: 158612427972
wchar: 56065273655
syscr: 19193871
syscw: 2645233
read_bytes: 24953215488
write_bytes: 56071745536
cancelled_write_bytes: 4096

[2020-01-19T01:01:35-08:00]
rchar: 159445704741
wchar: 56551650223
syscr: 19294884
syscw: 2658729
read_bytes: 25010977280
write_bytes: 56557473792
cancelled_write_bytes: 4096

[2020-01-19T01:01:38-08:00]
rchar: 160057732731
wchar: 56917129153
syscr: 19369070
syscw: 2668624
read_bytes: 25053248000
write_bytes: 56923009024
cancelled_write_bytes: 4096

[2020-01-19T01:01:41-08:00]
rchar: 160522154401
wchar: 57363303117
syscr: 19425269
syscw: 2675945
read_bytes: 25084656128
write_bytes: 57369235456
cancelled_write_bytes: 4096

[2020-01-19T01:01:44-08:00]
rchar: 161405797476
wchar: 57826102609
syscr: 19532376
syscw: 2687204
read_bytes: 25132947968
write_bytes: 57832079360
cancelled_write_bytes: 4096

[2020-01-19T01:01:47-08:00]
rchar: 162206701362
wchar: 58229999238
syscr: 19629450
syscw: 2698527
read_bytes: 25180756480
write_bytes: 58236022784
cancelled_write_bytes: 4096

[2020-01-19T01:01:50-08:00]
rchar: 163254477438
wchar: 58683861683
syscr: 19756450
syscw: 2715789
read_bytes: 25269557760
write_bytes: 58689953792
cancelled_write_bytes: 4096

[2020-01-19T01:01:53-08:00]
rchar: 164104006482
wchar: 58913133293
syscr: 19859466
syscw: 2732687
read_bytes: 25419737600
write_bytes: 58919239680
cancelled_write_bytes: 4096

[2020-01-19T01:01:56-08:00]
rchar: 164839640737
wchar: 59306769038
syscr: 19948560
syscw: 2744362
read_bytes: 25495239168
write_bytes: 59312914432
cancelled_write_bytes: 4096

[2020-01-19T01:01:59-08:00]
rchar: 165946947255
wchar: 59588638936
syscr: 20082800
syscw: 2761771
read_bytes: 25623988736
write_bytes: 59594813440
cancelled_write_bytes: 4096

[2020-01-19T01:02:02-08:00]
rchar: 167117344931
wchar: 60100810968
syscr: 20224697
syscw: 2776623
read_bytes: 25684630016
write_bytes: 60107038720
cancelled_write_bytes: 4096

[2020-01-19T01:02:05-08:00]
rchar: 167948675343
wchar: 60341688937
syscr: 20325457
syscw: 2790035
read_bytes: 25765169664
write_bytes: 60347961344
cancelled_write_bytes: 4096

[2020-01-19T01:02:08-08:00]
rchar: 168628816303
wchar: 60645390239
syscr: 20407846
syscw: 2800800
read_bytes: 25848740352
write_bytes: 60651700224
cancelled_write_bytes: 4096

[2020-01-19T01:02:11-08:00]
rchar: 170080120670
wchar: 60912051728
syscr: 20583791
syscw: 2820593
read_bytes: 26010769920
write_bytes: 60918398976
cancelled_write_bytes: 4096

[2020-01-19T01:02:14-08:00]
rchar: 171289612483
wchar: 61126249134
syscr: 20730450
syscw: 2837705
read_bytes: 26147887616
write_bytes: 61132615680
cancelled_write_bytes: 4096

[2020-01-19T01:02:17-08:00]
rchar: 172291579011
wchar: 61349584340
syscr: 20851945
syscw: 2851134
read_bytes: 26256816640
write_bytes: 61355966464
cancelled_write_bytes: 4096

[2020-01-19T01:02:20-08:00]
rchar: 173433339914
wchar: 61992747731
syscr: 20990273
syscw: 2861557
read_bytes: 26295757312
write_bytes: 61999190016
cancelled_write_bytes: 4096

[2020-01-19T01:02:23-08:00]
rchar: 174173712602
wchar: 62350333635
syscr: 21080046
syscw: 2867127
read_bytes: 26317437440
write_bytes: 62356803584
cancelled_write_bytes: 4096

[2020-01-19T01:02:26-08:00]
rchar: 175450172246
wchar: 62987901814
syscr: 21234297
syscw: 2879212
read_bytes: 26364389888
write_bytes: 62994415616
cancelled_write_bytes: 4096

[2020-01-19T01:02:29-08:00]
rchar: 176390678153
wchar: 63500821107
syscr: 21348295
syscw: 2895598
read_bytes: 26429889024
write_bytes: 63507394560
cancelled_write_bytes: 4096

[2020-01-19T01:02:32-08:00]
rchar: 176875692456
wchar: 63811729120
syscr: 21407081
syscw: 2902185
read_bytes: 26455378432
write_bytes: 63818342400
cancelled_write_bytes: 4096

[2020-01-19T01:02:35-08:00]
rchar: 177627870957
wchar: 64275362282
syscr: 21498265
syscw: 2913716
read_bytes: 26500995584
write_bytes: 64282021888
cancelled_write_bytes: 4096

[2020-01-19T01:02:38-08:00]
rchar: 177762851918
wchar: 64531664668
syscr: 21514514
syscw: 2915794
read_bytes: 26508331520
write_bytes: 64538357760
cancelled_write_bytes: 4096

[2020-01-19T01:02:41-08:00]
rchar: 178918349961
wchar: 65081147348
syscr: 21654592
syscw: 2932196
read_bytes: 26572507648
write_bytes: 65087901696
cancelled_write_bytes: 4096

[2020-01-19T01:02:44-08:00]
rchar: 179839154715
wchar: 65533682794
syscr: 21766171
syscw: 2945486
read_bytes: 26623990272
write_bytes: 65540501504
cancelled_write_bytes: 4096

[2020-01-19T01:02:47-08:00]
rchar: 180756710940
wchar: 65768382626
syscr: 21877433
syscw: 2964164
read_bytes: 26760354304
write_bytes: 65775218688
cancelled_write_bytes: 4096

[2020-01-19T01:02:50-08:00]
rchar: 181453385861
wchar: 66132793593
syscr: 21961897
syscw: 2976579
read_bytes: 26834086400
write_bytes: 66139660288
cancelled_write_bytes: 4096

[2020-01-19T01:02:53-08:00]
rchar: 182535239059
wchar: 66427477015
syscr: 22092966
syscw: 2994310
read_bytes: 26969864704
write_bytes: 66434371584
cancelled_write_bytes: 4096

[2020-01-19T01:02:56-08:00]
rchar: 183780397502
wchar: 66682514293
syscr: 22243950
syscw: 3014322
read_bytes: 27124349440
write_bytes: 66689429504
cancelled_write_bytes: 4096

[2020-01-19T01:02:59-08:00]
rchar: 184825477955
wchar: 66943933951
syscr: 22370644
syscw: 3030744
read_bytes: 27238726144
write_bytes: 66950881280
cancelled_write_bytes: 4096

[2020-01-19T01:03:02-08:00]
rchar: 185546126705
wchar: 67243478474
syscr: 22457945
syscw: 3041895
read_bytes: 27315898880
write_bytes: 67250450432
cancelled_write_bytes: 4096

[2020-01-19T01:03:05-08:00]
rchar: 187038248851
wchar: 67519627061
syscr: 22638837
syscw: 3061688
read_bytes: 27465816576
write_bytes: 67526623232
cancelled_write_bytes: 4096

[2020-01-19T01:03:08-08:00]
rchar: 188522978324
wchar: 67782785808
syscr: 22818845
syscw: 3082631
read_bytes: 27619351040
write_bytes: 67789803520
cancelled_write_bytes: 4096

[2020-01-19T01:03:11-08:00]
rchar: 189124061901
wchar: 67900735502
syscr: 22891731
syscw: 3090730
read_bytes: 27679328768
write_bytes: 67907780608
cancelled_write_bytes: 4096

[2020-01-19T01:03:14-08:00]
rchar: 190273964672
wchar: 68286765520
syscr: 23031075
syscw: 3104426
read_bytes: 27774220800
write_bytes: 68293836800
cancelled_write_bytes: 4096

[2020-01-19T01:03:17-08:00]
rchar: 191795688748
wchar: 68857887593
syscr: 23215548
syscw: 3118231
read_bytes: 27835251200
write_bytes: 68865003520
cancelled_write_bytes: 4096

[2020-01-19T01:03:20-08:00]
rchar: 192576687806
wchar: 69209334331
syscr: 23310250
syscw: 3124548
read_bytes: 27857324544
write_bytes: 69216481280
cancelled_write_bytes: 4096

[2020-01-19T01:03:23-08:00]
rchar: 193918359905
wchar: 69827742642
syscr: 23472392
syscw: 3137903
read_bytes: 27904584192
write_bytes: 69834940416
cancelled_write_bytes: 4096

[2020-01-19T01:03:26-08:00]
rchar: 194731117379
wchar: 70248400827
syscr: 23570924
syscw: 3153038
read_bytes: 27959728640
write_bytes: 70255640576
cancelled_write_bytes: 4096

[2020-01-19T01:03:29-08:00]
rchar: 194892008878
wchar: 70494879017
syscr: 23590315
syscw: 3156186
read_bytes: 27969567232
write_bytes: 70502154240
cancelled_write_bytes: 4096

[2020-01-19T01:03:32-08:00]
rchar: 196080950553
wchar: 71034370894
syscr: 23734450
syscw: 3173150
read_bytes: 28030564864
write_bytes: 71041691648
cancelled_write_bytes: 4096

[2020-01-19T01:03:35-08:00]
rchar: 197050784793
wchar: 71482996956
syscr: 23852020
syscw: 3187399
read_bytes: 28080806400
write_bytes: 71490367488
cancelled_write_bytes: 4096

[2020-01-19T01:03:38-08:00]
rchar: 197791798280
wchar: 71871989343
syscr: 23941787
syscw: 3197357
read_bytes: 28115524096
write_bytes: 71879409664
cancelled_write_bytes: 4096

[2020-01-19T01:03:41-08:00]
rchar: 198893087028
wchar: 72374337071
syscr: 24075287
syscw: 3214364
read_bytes: 28175469056
write_bytes: 72381816832
cancelled_write_bytes: 4096

[2020-01-19T01:03:44-08:00]
rchar: 199332604223
wchar: 72763697389
syscr: 24128504
syscw: 3219875
read_bytes: 28193544704
write_bytes: 72771223552
cancelled_write_bytes: 4096

[2020-01-19T01:03:47-08:00]
rchar: 200322369963
wchar: 73141699720
syscr: 24248475
syscw: 3233262
read_bytes: 28258331136
write_bytes: 73149259776
cancelled_write_bytes: 4096

[2020-01-19T01:03:50-08:00]
rchar: 201614196959
wchar: 73405932916
syscr: 24405099
syscw: 3254386
read_bytes: 28400781824
write_bytes: 73413517312
cancelled_write_bytes: 4096

[2020-01-19T01:03:53-08:00]
rchar: 202870736990
wchar: 73823560678
syscr: 24557447
syscw: 3272501
read_bytes: 28493195776
write_bytes: 73831198720
cancelled_write_bytes: 4096

[2020-01-19T01:03:56-08:00]
rchar: 203119853620
wchar: 74050014775
syscr: 24587659
syscw: 3275133
read_bytes: 28501428736
write_bytes: 74057670656
cancelled_write_bytes: 4096

[2020-01-19T01:03:59-08:00]
rchar: 204227538481
wchar: 74563099559
syscr: 24721808
syscw: 3287601
read_bytes: 28542302720
write_bytes: 74570821632
cancelled_write_bytes: 4096

[2020-01-19T01:04:02-08:00]
rchar: 205730915756
wchar: 74832004430
syscr: 24904097
syscw: 3308661
read_bytes: 28685683200
write_bytes: 74839740416
cancelled_write_bytes: 4096

[2020-01-19T01:04:05-08:00]
rchar: 206994964911
wchar: 75047140345
syscr: 25057331
syscw: 3327073
read_bytes: 28805085696
write_bytes: 75054903296
cancelled_write_bytes: 4096

[2020-01-19T01:04:08-08:00]
rchar: 207749934295
wchar: 75352591145
syscr: 25148792
syscw: 3338161
read_bytes: 28877634048
write_bytes: 75360378880
cancelled_write_bytes: 4096

[2020-01-19T01:04:11-08:00]
rchar: 209493129891
wchar: 75659692713
syscr: 25360157
syscw: 3358396
read_bytes: 29008648704
write_bytes: 75667521536
cancelled_write_bytes: 4096

[2020-01-19T01:04:14-08:00]
rchar: 210982674541
wchar: 76029881363
syscr: 25540721
syscw: 3374515
read_bytes: 29102885376
write_bytes: 76037734400
cancelled_write_bytes: 4096

[2020-01-19T01:04:17-08:00]
rchar: 211981502233
wchar: 76450066788
syscr: 25661834
syscw: 3383264
read_bytes: 29130217984
write_bytes: 76457955328
cancelled_write_bytes: 4096

[2020-01-19T01:04:20-08:00]
rchar: 213006071366
wchar: 76901856435
syscr: 25786066
syscw: 3392020
read_bytes: 29156776448
write_bytes: 76909768704
cancelled_write_bytes: 4096

[2020-01-19T01:04:23-08:00]
rchar: 213600174023
wchar: 77339654102
syscr: 25857572
syscw: 3398071
read_bytes: 29174909440
write_bytes: 77347606528
cancelled_write_bytes: 4096

[2020-01-19T01:04:26-08:00]
rchar: 214276654231
wchar: 77661420641
syscr: 25939508
syscw: 3407856
read_bytes: 29206100480
write_bytes: 77669412864
cancelled_write_bytes: 4096

[2020-01-19T01:04:29-08:00]
rchar: 215307133351
wchar: 78119287430
syscr: 26064405
syscw: 3423227
read_bytes: 29255698944
write_bytes: 78127337472
cancelled_write_bytes: 4096

[2020-01-19T01:04:32-08:00]
rchar: 216285803375
wchar: 78569475659
syscr: 26183024
syscw: 3437213
read_bytes: 29302209024
write_bytes: 78577577984
cancelled_write_bytes: 4096

[2020-01-19T01:04:35-08:00]
rchar: 217089560305
wchar: 78926379153
syscr: 26280457
syscw: 3449629
read_bytes: 29341977088
write_bytes: 78934523904
cancelled_write_bytes: 4096

[2020-01-19T01:04:38-08:00]
rchar: 217662535580
wchar: 79228032766
syscr: 26349942
syscw: 3457487
read_bytes: 29366270464
write_bytes: 79236206592
cancelled_write_bytes: 4096

[2020-01-19T01:04:41-08:00]
rchar: 218373319269
wchar: 79701973503
syscr: 26436011
syscw: 3466733
read_bytes: 29394631168
write_bytes: 79710625792
cancelled_write_bytes: 4096

[2020-01-19T01:04:44-08:00]
rchar: 219166781005
wchar: 80057716742
syscr: 26532179
syscw: 3475983
read_bytes: 29424318976
write_bytes: 80065994752
cancelled_write_bytes: 4096

[2020-01-19T01:04:47-08:00]
rchar: 220508964279
wchar: 80409272891
syscr: 26694881
syscw: 3497047
read_bytes: 29540846080
write_bytes: 80417587200
cancelled_write_bytes: 4096

[2020-01-19T01:04:50-08:00]
rchar: 221681503601
wchar: 80644386816
syscr: 26837062
syscw: 3516646
read_bytes: 29663414784
write_bytes: 80652718080
cancelled_write_bytes: 4096

[2020-01-19T01:04:53-08:00]
rchar: 222267619498
wchar: 80922995426
syscr: 26908051
syscw: 3525846
read_bytes: 29711198720
write_bytes: 80931344384
cancelled_write_bytes: 4096

[2020-01-19T01:04:56-08:00]
rchar: 223810176631
wchar: 81192252219
syscr: 27095058
syscw: 3546706
read_bytes: 29843945984
write_bytes: 81200627712
cancelled_write_bytes: 4096

[2020-01-19T01:04:59-08:00]
rchar: 225355956513
wchar: 81479698929
syscr: 27282491
syscw: 3567537
read_bytes: 29968534016
write_bytes: 81488097280
cancelled_write_bytes: 4096

[2020-01-19T01:05:02-08:00]
rchar: 226068757019
wchar: 81775601332
syscr: 27368889
syscw: 3575272
read_bytes: 29990799872
write_bytes: 81784033280
cancelled_write_bytes: 4096

[2020-01-19T01:05:05-08:00]
rchar: 227135713196
wchar: 82106205818
syscr: 27498176
syscw: 3589214
read_bytes: 30070077952
write_bytes: 82114654208
cancelled_write_bytes: 4096

[2020-01-19T01:05:08-08:00]
rchar: 228525664582
wchar: 82410074581
syscr: 27666663
syscw: 3604327
read_bytes: 30156745216
write_bytes: 82418552832
cancelled_write_bytes: 4096

[2020-01-19T01:05:11-08:00]
rchar: 229633421226
wchar: 82878619165
syscr: 27800984
syscw: 3613901
read_bytes: 30184430080
write_bytes: 82887131136
cancelled_write_bytes: 4096

[2020-01-19T01:05:14-08:00]
rchar: 230901447178
wchar: 83440352801
syscr: 27954738
syscw: 3624558
read_bytes: 30214908416
write_bytes: 83448918016
cancelled_write_bytes: 4096

[2020-01-19T01:05:17-08:00]
rchar: 231716791561
wchar: 83837213679
syscr: 28053060
syscw: 3635539
read_bytes: 30246967808
write_bytes: 83845820416
cancelled_write_bytes: 4096

[2020-01-19T01:05:20-08:00]
rchar: 232297885787
wchar: 84295806241
syscr: 28123415
syscw: 3644915
read_bytes: 30273894912
write_bytes: 84304470016
cancelled_write_bytes: 4096

[2020-01-19T01:05:23-08:00]
rchar: 232981019997
wchar: 84623253048
syscr: 28206222
syscw: 3654075
read_bytes: 30300502528
write_bytes: 84631949312
cancelled_write_bytes: 4096

[2020-01-19T01:05:26-08:00]
rchar: 234182355571
wchar: 85129557143
syscr: 28351822
syscw: 3672990
read_bytes: 30355569152
write_bytes: 85138309120
cancelled_write_bytes: 4096

[2020-01-19T01:05:29-08:00]
rchar: 235398627522
wchar: 85667259366
syscr: 28499269
syscw: 3691945
read_bytes: 30410750464
write_bytes: 85676064768
cancelled_write_bytes: 4096

[2020-01-19T01:05:32-08:00]
rchar: 235847382120
wchar: 85867247451
syscr: 28553639
syscw: 3699084
read_bytes: 30431373824
write_bytes: 85876080640
cancelled_write_bytes: 4096

[2020-01-19T01:05:35-08:00]
rchar: 236536766416
wchar: 86311190954
syscr: 28637153
syscw: 3708867
read_bytes: 30458501632
write_bytes: 86320066560
cancelled_write_bytes: 4096

[2020-01-19T01:05:38-08:00]
rchar: 237921290706
wchar: 86801618680
syscr: 28804941
syscw: 3728107
read_bytes: 30516722176
write_bytes: 86810554368
cancelled_write_bytes: 4096

[2020-01-19T01:05:41-08:00]
rchar: 239284175133
wchar: 87075002850
syscr: 28970202
syscw: 3751241
read_bytes: 30649281024
write_bytes: 87083950080
cancelled_write_bytes: 4096

[2020-01-19T01:05:44-08:00]
rchar: 239781762111
wchar: 87175315233
syscr: 29030539
syscw: 3759588
read_bytes: 30697630208
write_bytes: 87184289792
cancelled_write_bytes: 4096

[2020-01-19T01:05:47-08:00]
rchar: 240805482813
wchar: 87517542445
syscr: 29154586
syscw: 3774777
read_bytes: 30778423808
write_bytes: 87526543360
cancelled_write_bytes: 4096

[2020-01-19T01:05:50-08:00]
rchar: 242425235779
wchar: 87865000727
syscr: 29350944
syscw: 3796219
read_bytes: 30885153280
write_bytes: 87874031616
cancelled_write_bytes: 4096

[2020-01-19T01:05:53-08:00]
rchar: 243997602542
wchar: 88143054222
syscr: 29541599
syscw: 3817591
read_bytes: 31008209408
write_bytes: 88152100864
cancelled_write_bytes: 4096

[2020-01-19T01:05:56-08:00]
rchar: 244820594121
wchar: 88465262410
syscr: 29641257
syscw: 3827908
read_bytes: 31056366080
write_bytes: 88474341376
cancelled_write_bytes: 4096

[2020-01-19T01:05:59-08:00]
rchar: 246453881159
wchar: 88698133786
syscr: 29839295
syscw: 3847436
read_bytes: 31165516288
write_bytes: 88707227648
cancelled_write_bytes: 4096

[2020-01-19T01:06:02-08:00]
rchar: 248118052960
wchar: 89127389678
syscr: 30041048
syscw: 3864862
read_bytes: 31245908480
write_bytes: 89136513024
cancelled_write_bytes: 4096

[2020-01-19T01:06:05-08:00]
rchar: 249461182731
wchar: 89664107803
syscr: 30203906
syscw: 3877076
read_bytes: 31276845568
write_bytes: 89673269248
cancelled_write_bytes: 4096

[2020-01-19T01:06:08-08:00]
rchar: 249910379998
wchar: 90042198213
syscr: 30258376
syscw: 3881055
read_bytes: 31285967360
write_bytes: 90051379200
cancelled_write_bytes: 4096

[2020-01-19T01:06:11-08:00]
rchar: 251286022154
wchar: 90556046579
syscr: 30424536
syscw: 3894390
read_bytes: 31321192960
write_bytes: 90565287936
cancelled_write_bytes: 4096

[2020-01-19T01:06:14-08:00]
rchar: 252203406208
wchar: 90950716121
syscr: 30535747
syscw: 3908168
read_bytes: 31358048768
write_bytes: 90960019456
cancelled_write_bytes: 4096

[2020-01-19T01:06:17-08:00]
rchar: 253272340919
wchar: 91405744960
syscr: 30665330
syscw: 3924409
read_bytes: 31402957312
write_bytes: 91415089152
cancelled_write_bytes: 4096

[2020-01-19T01:06:20-08:00]
rchar: 254186096021
wchar: 91812041970
syscr: 30776098
syscw: 3938444
read_bytes: 31440505344
write_bytes: 91821436928
cancelled_write_bytes: 4096

[2020-01-19T01:06:23-08:00]
rchar: 254594845891
wchar: 92189414831
syscr: 30825533
syscw: 3944695
read_bytes: 31455611392
write_bytes: 92198838272
cancelled_write_bytes: 4096

[2020-01-19T01:06:26-08:00]
rchar: 255620269990
wchar: 92574353621
syscr: 30949827
syscw: 3958088
read_bytes: 31490689536
write_bytes: 92583817216
cancelled_write_bytes: 4096

[2020-01-19T01:06:29-08:00]
rchar: 257069544831
wchar: 93096202341
syscr: 31125517
syscw: 3977833
read_bytes: 31542790656
write_bytes: 93105717248
cancelled_write_bytes: 4096

[2020-01-19T01:06:32-08:00]
rchar: 257838711443
wchar: 93455401022
syscr: 31218737
syscw: 3987118
read_bytes: 31565527552
write_bytes: 93464952832
cancelled_write_bytes: 4096

[2020-01-19T01:06:35-08:00]
rchar: 258867726109
wchar: 93776750329
syscr: 31343469
syscw: 4002325
read_bytes: 31623899648
write_bytes: 93786337280
cancelled_write_bytes: 4096

[2020-01-19T01:06:38-08:00]
rchar: 259331553988
wchar: 94021806877
syscr: 31399628
syscw: 4009739
read_bytes: 31656466944
write_bytes: 94031413248
cancelled_write_bytes: 4096

[2020-01-19T01:06:41-08:00]
rchar: 260956697890
wchar: 94295082017
syscr: 31596683
syscw: 4032241
read_bytes: 31777888768
write_bytes: 94304710656
cancelled_write_bytes: 4096

[2020-01-19T01:06:44-08:00]
rchar: 262529192302
wchar: 94560572253
syscr: 31787307
syscw: 4054011
read_bytes: 31895165440
write_bytes: 94570242048
cancelled_write_bytes: 4096

[2020-01-19T01:06:47-08:00]
rchar: 263186081679
wchar: 94794431115
syscr: 31866959
syscw: 4063578
read_bytes: 31940479488
write_bytes: 94804111360
cancelled_write_bytes: 4096

[2020-01-19T01:06:50-08:00]
rchar: 264312167208
wchar: 94997103048
syscr: 32003416
syscw: 4077318
read_bytes: 32010025472
write_bytes: 95006806016
cancelled_write_bytes: 4096

[2020-01-19T01:06:53-08:00]
rchar: 266131864113
wchar: 95266747779
syscr: 32224057
syscw: 4099178
read_bytes: 32126650880
write_bytes: 95276470272
cancelled_write_bytes: 4096

[2020-01-19T01:06:56-08:00]
rchar: 267796769227
wchar: 95920195697
syscr: 32425888
syscw: 4114713
read_bytes: 32163224064
write_bytes: 95929970688
cancelled_write_bytes: 4096

[2020-01-19T01:06:59-08:00]
rchar: 268606131259
wchar: 96272469419
syscr: 32524027
syscw: 4121701
read_bytes: 32179624448
write_bytes: 96282255360
cancelled_write_bytes: 4096

[2020-01-19T01:07:02-08:00]
rchar: 269507760864
wchar: 96785636350
syscr: 32633268
syscw: 4129598
read_bytes: 32197179904
write_bytes: 96795463680
cancelled_write_bytes: 4096

[2020-01-19T01:07:05-08:00]
rchar: 270364850151
wchar: 97132646754
syscr: 32736595
syscw: 4140277
read_bytes: 32222984704
write_bytes: 97142542336
cancelled_write_bytes: 4096

[2020-01-19T01:07:08-08:00]
rchar: 271427509269
wchar: 97558805923
syscr: 32865422
syscw: 4157492
read_bytes: 32266369536
write_bytes: 97568743424
cancelled_write_bytes: 4096

[2020-01-19T01:07:11-08:00]
rchar: 272387203472
wchar: 98006095058
syscr: 32981738
syscw: 4171945
read_bytes: 32300800512
write_bytes: 98016088064
cancelled_write_bytes: 4096

[2020-01-19T01:07:14-08:00]
rchar: 273181945585
wchar: 98370021266
syscr: 33078079
syscw: 4183816
read_bytes: 32330697216
write_bytes: 98380054528
cancelled_write_bytes: 4096

[2020-01-19T01:07:17-08:00]
rchar: 273676422750
wchar: 98745053715
syscr: 33137958
syscw: 4190469
read_bytes: 32346429952
write_bytes: 98755121152
cancelled_write_bytes: 4096

[2020-01-19T01:07:20-08:00]
rchar: 274651380152
wchar: 99170892133
syscr: 33256134
syscw: 4202364
read_bytes: 32373578240
write_bytes: 99181002752
cancelled_write_bytes: 4096

[2020-01-19T01:07:23-08:00]
rchar: 275894964591
wchar: 99622640790
syscr: 33406891
syscw: 4219629
read_bytes: 32414308864
write_bytes: 99632799744
cancelled_write_bytes: 4096

[2020-01-19T01:07:26-08:00]
rchar: 276774981916
wchar: 100006066444
syscr: 33513555
syscw: 4230773
read_bytes: 32440384000
write_bytes: 100016271360
cancelled_write_bytes: 4096

[2020-01-19T01:07:29-08:00]
rchar: 277777507372
wchar: 100292976516
syscr: 33635073
syscw: 4246612
read_bytes: 32494250496
write_bytes: 100303212544
cancelled_write_bytes: 4096

[2020-01-19T01:07:32-08:00]
rchar: 278318355877
wchar: 100546921927
syscr: 33700570
syscw: 4255205
read_bytes: 32530102784
write_bytes: 100557180928
cancelled_write_bytes: 4096

[2020-01-19T01:07:35-08:00]
rchar: 279947571699
wchar: 100809327949
syscr: 33898079
syscw: 4278543
read_bytes: 32638933504
write_bytes: 100819615744
cancelled_write_bytes: 4096

[2020-01-19T01:07:38-08:00]
rchar: 281554644903
wchar: 101077606640
syscr: 34092939
syscw: 4301739
read_bytes: 32750377472
write_bytes: 101087903744
cancelled_write_bytes: 4096

[2020-01-19T01:07:42-08:00]
rchar: 282498043892
wchar: 101550636981
syscr: 34207268
syscw: 4313088
read_bytes: 32824057344
write_bytes: 101561020416
cancelled_write_bytes: 4096

[2020-01-19T01:07:45-08:00]
rchar: 283319198119
wchar: 102018721174
syscr: 34306844
syscw: 4318263
read_bytes: 32892325376
write_bytes: 102029090816
cancelled_write_bytes: 4096

[2020-01-19T01:07:48-08:00]
rchar: 284381619680
wchar: 102626232726
syscr: 34435678
syscw: 4324835
read_bytes: 32983191040
write_bytes: 102636658688
cancelled_write_bytes: 4096

[2020-01-19T01:07:51-08:00]
rchar: 285156740261
wchar: 103047697483
syscr: 34529648
syscw: 4329905
read_bytes: 33055759872
write_bytes: 103058149376
cancelled_write_bytes: 4096

[2020-01-19T01:07:54-08:00]
rchar: 286251684902
wchar: 103621875579
syscr: 34662425
syscw: 4337460
read_bytes: 33181400576
write_bytes: 103632343040
cancelled_write_bytes: 4096

[2020-01-19T01:07:57-08:00]
rchar: 286995605484
wchar: 103994579870
syscr: 34752651
syscw: 4342806
read_bytes: 33261030912
write_bytes: 104005152768
cancelled_write_bytes: 4096

[2020-01-19T01:08:00-08:00]
rchar: 288118777683
wchar: 104575872826
syscr: 34888846
syscw: 4350597
read_bytes: 33397714432
write_bytes: 104586461184
cancelled_write_bytes: 4096

[2020-01-19T01:08:03-08:00]
rchar: 289160153303
wchar: 105129971196
syscr: 35015109
syscw: 4357605
read_bytes: 33517350400
write_bytes: 105140600832
cancelled_write_bytes: 4096

[2020-01-19T01:08:06-08:00]
rchar: 289982887450
wchar: 105535752507
syscr: 35114887
syscw: 4363962
read_bytes: 33600848384
write_bytes: 105546444800
cancelled_write_bytes: 4096

[2020-01-19T01:08:09-08:00]
rchar: 290817779668
wchar: 105945550934
syscr: 35215546
syscw: 4370378
read_bytes: 33696899584
write_bytes: 105956290560
cancelled_write_bytes: 4096

[2020-01-19T01:08:12-08:00]
rchar: 291317592323
wchar: 106337192535
syscr: 35276116
syscw: 4376877
read_bytes: 33799868928
write_bytes: 106347962368
cancelled_write_bytes: 4096

[2020-01-19T01:08:15-08:00]
rchar: 291828701170
wchar: 106705961849
syscr: 35337963
syscw: 4383557
read_bytes: 33890648576
write_bytes: 106716745728
cancelled_write_bytes: 4096

[2020-01-19T01:08:18-08:00]
rchar: 292755494698
wchar: 107203311222
syscr: 35450365
syscw: 4393445
read_bytes: 34054042112
write_bytes: 107214196736
cancelled_write_bytes: 4096

[2020-01-19T01:08:21-08:00]
rchar: 293529237627
wchar: 107621243453
syscr: 35544193
syscw: 4401984
read_bytes: 34191782400
write_bytes: 107632136192
cancelled_write_bytes: 4096

[2020-01-19T01:08:24-08:00]
rchar: 294510921408
wchar: 108154881684
syscr: 35663257
syscw: 4412438
read_bytes: 34366075392
write_bytes: 108165873664
cancelled_write_bytes: 4096

[2020-01-19T01:08:27-08:00]
rchar: 295357698272
wchar: 108621050073
syscr: 35765941
syscw: 4421775
read_bytes: 34517086720
write_bytes: 108632035328
cancelled_write_bytes: 4096

[2020-01-19T01:08:30-08:00]
rchar: 296213952494
wchar: 109110442212
syscr: 35869708
syscw: 4430655
read_bytes: 34632974848
write_bytes: 109121507328
cancelled_write_bytes: 4096

[2020-01-19T01:08:33-08:00]
rchar: 296891575110
wchar: 109452114295
syscr: 35951799
syscw: 4438926
read_bytes: 34744730112
write_bytes: 109463216128
cancelled_write_bytes: 4096

[2020-01-19T01:08:36-08:00]
rchar: 297310548526
wchar: 109807457549
syscr: 36002479
syscw: 4445302
read_bytes: 34803028480
write_bytes: 109818585088
cancelled_write_bytes: 4096

[2020-01-19T01:08:39-08:00]
rchar: 298358465872
wchar: 110136317873
syscr: 36129164
syscw: 4459609
read_bytes: 34912543232
write_bytes: 110147543040
cancelled_write_bytes: 4096

[2020-01-19T01:08:42-08:00]
rchar: 299941943973
wchar: 110441301486
syscr: 36321119
syscw: 4486428
read_bytes: 34961981952
write_bytes: 110452547584
cancelled_write_bytes: 4096

[2020-01-19T01:08:45-08:00]
rchar: 301004324659
wchar: 110850175857
syscr: 36449906
syscw: 4501356
read_bytes: 34987680256
write_bytes: 110861475840
cancelled_write_bytes: 4096

[2020-01-19T01:08:48-08:00]
rchar: 301943249756
wchar: 111307733386
syscr: 36563653
syscw: 4513480
read_bytes: 35008373248
write_bytes: 111319097344
cancelled_write_bytes: 4096

[2020-01-19T01:08:51-08:00]
rchar: 303560102209
wchar: 111781751411
syscr: 36759628
syscw: 4533499
read_bytes: 35043840512
write_bytes: 111793160192
cancelled_write_bytes: 4096

[2020-01-19T01:08:54-08:00]
rchar: 304663906648
wchar: 112175932329
syscr: 36893432
syscw: 4546234
read_bytes: 35065352704
write_bytes: 112187379712
cancelled_write_bytes: 4096

[2020-01-19T01:08:57-08:00]
rchar: 306010936195
wchar: 112583347667
syscr: 37056734
syscw: 4563363
read_bytes: 35095585280
write_bytes: 112594837504
cancelled_write_bytes: 4096

[2020-01-19T01:09:00-08:00]
rchar: 306402888007
wchar: 112878750750
syscr: 37104180
syscw: 4568361
read_bytes: 35103691264
write_bytes: 112890277888
cancelled_write_bytes: 4096

[2020-01-19T01:09:03-08:00]
rchar: 308073963042
wchar: 113501932872
syscr: 37306763
syscw: 4583938
read_bytes: 35130311168
write_bytes: 113513500672
cancelled_write_bytes: 4096

[2020-01-19T01:09:06-08:00]
rchar: 309210905917
wchar: 113944336332
syscr: 37444620
syscw: 4594322
read_bytes: 35147485696
write_bytes: 113956143104
cancelled_write_bytes: 4096

[2020-01-19T01:09:09-08:00]
rchar: 310432594297
wchar: 114386247997
syscr: 37592756
syscw: 4606268
read_bytes: 35167453696
write_bytes: 114397884416
cancelled_write_bytes: 4096

[2020-01-19T01:09:12-08:00]
rchar: 311476287227
wchar: 114848462047
syscr: 37718662
syscw: 4626321
read_bytes: 35203363328
write_bytes: 114860146688
cancelled_write_bytes: 4096

[2020-01-19T01:09:15-08:00]
rchar: 311732474144
wchar: 115173431472
syscr: 37749731
syscw: 4630694
read_bytes: 35210473984
write_bytes: 115185127424
cancelled_write_bytes: 4096

[2020-01-19T01:09:18-08:00]
rchar: 312854682581
wchar: 115608257445
syscr: 37885688
syscw: 4649330
read_bytes: 35242213888
write_bytes: 115620204544
cancelled_write_bytes: 4096

[2020-01-19T01:09:21-08:00]
rchar: 313996310377
wchar: 116067960294
syscr: 38024043
syscw: 4668161
read_bytes: 35274887680
write_bytes: 116079775744
cancelled_write_bytes: 4096

[2020-01-19T01:09:24-08:00]
rchar: 314927451003
wchar: 116478037649
syscr: 38136919
syscw: 4683209
read_bytes: 35300553216
write_bytes: 116489904128
cancelled_write_bytes: 4096

[2020-01-19T01:09:27-08:00]
rchar: 315393376759
wchar: 116781691144
syscr: 38193422
syscw: 4691238
read_bytes: 35313410560
write_bytes: 116793577472
cancelled_write_bytes: 4096

[2020-01-19T01:09:30-08:00]
rchar: 316476539821
wchar: 117229961393
syscr: 38324610
syscw: 4707116
read_bytes: 35339837952
write_bytes: 117241905152
cancelled_write_bytes: 4096

[2020-01-19T01:09:33-08:00]
rchar: 317488487375
wchar: 117596311319
syscr: 38447312
syscw: 4721590
read_bytes: 35363303936
write_bytes: 117609234432
cancelled_write_bytes: 4096

[2020-01-19T01:09:36-08:00]
rchar: 318989502009
wchar: 118104870925
syscr: 38629271
syscw: 4743544
read_bytes: 35400356352
write_bytes: 118116900864
cancelled_write_bytes: 4096

[2020-01-19T01:09:39-08:00]
rchar: 319644870195
wchar: 118411606798
syscr: 38708699
syscw: 4751618
read_bytes: 35413656064
write_bytes: 118423658496
cancelled_write_bytes: 4096

[2020-01-19T01:09:42-08:00]
rchar: 320574733563
wchar: 118882505630
syscr: 38821331
syscw: 4763869
read_bytes: 35432673792
write_bytes: 118894608384
cancelled_write_bytes: 4096

[2020-01-19T01:09:45-08:00]
rchar: 321737301257
wchar: 119152016067
syscr: 38962267
syscw: 4778944
read_bytes: 35478360576
write_bytes: 119164145664
cancelled_write_bytes: 4096

[2020-01-19T01:09:48-08:00]
rchar: 323404773524
wchar: 119427120664
syscr: 39164431
syscw: 4802576
read_bytes: 35568960000
write_bytes: 119439298560
cancelled_write_bytes: 4096

[2020-01-19T01:09:51-08:00]
rchar: 324259459631
wchar: 119678473772
syscr: 39268067
syscw: 4815962
read_bytes: 35608384000
write_bytes: 119690670080
cancelled_write_bytes: 4096

[2020-01-19T01:09:54-08:00]
rchar: 326029350739
wchar: 119963502991
syscr: 39482582
syscw: 4838299
read_bytes: 35689124352
write_bytes: 119975735296
cancelled_write_bytes: 4096

[2020-01-19T01:09:57-08:00]
rchar: 327745466329
wchar: 120385367527
syscr: 39690627
syscw: 4857815
read_bytes: 35740811776
write_bytes: 120397627392
cancelled_write_bytes: 4096

[2020-01-19T01:10:00-08:00]
rchar: 328996352094
wchar: 120849193751
syscr: 39842304
syscw: 4870097
read_bytes: 35759477248
write_bytes: 120861503488
cancelled_write_bytes: 4096

[2020-01-19T01:10:03-08:00]
rchar: 329517106241
wchar: 121133872574
syscr: 39905452
syscw: 4875125
read_bytes: 35767194112
write_bytes: 121146200064
cancelled_write_bytes: 4096

[2020-01-19T01:10:06-08:00]
rchar: 330414495991
wchar: 121519405930
syscr: 40014180
syscw: 4883551
read_bytes: 35779686912
write_bytes: 121532547072
cancelled_write_bytes: 4096

[2020-01-19T01:10:09-08:00]
rchar: 331744216146
wchar: 122014531072
syscr: 40174806
syscw: 4901158
read_bytes: 35807846912
write_bytes: 122026946560
cancelled_write_bytes: 4096

[2020-01-19T01:10:12-08:00]
rchar: 332669313251
wchar: 122395334188
syscr: 40286951
syscw: 4916001
read_bytes: 35831280128
write_bytes: 122407776256
cancelled_write_bytes: 4096

[2020-01-19T01:10:15-08:00]
rchar: 333672594132
wchar: 122790932262
syscr: 40408578
syscw: 4932636
read_bytes: 35857961472
write_bytes: 122803417088
cancelled_write_bytes: 4096

[2020-01-19T01:10:18-08:00]
rchar: 334147406168
wchar: 123161219955
syscr: 40466132
syscw: 4940984
read_bytes: 35870392832
write_bytes: 123173732352
cancelled_write_bytes: 4096

[2020-01-19T01:10:21-08:00]
rchar: 335288830918
wchar: 123569765752
syscr: 40604415
syscw: 4956256
read_bytes: 35895616000
write_bytes: 123582332928
cancelled_write_bytes: 4096

[2020-01-19T01:10:24-08:00]
rchar: 336553574584
wchar: 124010929493
syscr: 40757732
syscw: 4974130
read_bytes: 35923427840
write_bytes: 124024455168
cancelled_write_bytes: 4096

[2020-01-19T01:10:27-08:00]
rchar: 338018256421
wchar: 124542832780
syscr: 40935294
syscw: 4994694
read_bytes: 35955032576
write_bytes: 124555493376
cancelled_write_bytes: 4096

[2020-01-19T01:10:30-08:00]
rchar: 338457690840
wchar: 124827499726
syscr: 40988532
syscw: 5002320
read_bytes: 35969896960
write_bytes: 124840189952
cancelled_write_bytes: 4096

[2020-01-19T01:10:33-08:00]
rchar: 340096518294
wchar: 125085311007
syscr: 41187162
syscw: 5024855
read_bytes: 36050153984
write_bytes: 125098024960
cancelled_write_bytes: 4096

[2020-01-19T01:10:36-08:00]
rchar: 341656381358
wchar: 125316741895
syscr: 41376300
syscw: 5047691
read_bytes: 36123341312
write_bytes: 125329473536
cancelled_write_bytes: 4096

[2020-01-19T01:10:39-08:00]
rchar: 342656288610
wchar: 125668978024
syscr: 41497505
syscw: 5062191
read_bytes: 36159853056
write_bytes: 125681733632
cancelled_write_bytes: 4096

[2020-01-19T01:10:42-08:00]
rchar: 344032033898
wchar: 126350786737
syscr: 41664255
syscw: 5072202
read_bytes: 36264296960
write_bytes: 126363594752
cancelled_write_bytes: 4096

[2020-01-19T01:10:45-08:00]
rchar: 344972768230
wchar: 126789033994
syscr: 41778326
syscw: 5079343
read_bytes: 36337291776
write_bytes: 126801854464
cancelled_write_bytes: 4096

[2020-01-19T01:10:48-08:00]
rchar: 346008838267
wchar: 127267151726
syscr: 41903958
syscw: 5087569
read_bytes: 36417335808
write_bytes: 127280005120
cancelled_write_bytes: 4096

[2020-01-19T01:10:51-08:00]
rchar: 347211651581
wchar: 127808214589
syscr: 42049827
syscw: 5097289
read_bytes: 36510425600
write_bytes: 127821172736
cancelled_write_bytes: 4096

[2020-01-19T01:10:54-08:00]
rchar: 348053160977
wchar: 128187609246
syscr: 42151865
syscw: 5103922
read_bytes: 36571398656
write_bytes: 128200577024
cancelled_write_bytes: 4096

[2020-01-19T01:10:57-08:00]
rchar: 349113156593
wchar: 128673579571
syscr: 42280399
syscw: 5112382
read_bytes: 36662534656
write_bytes: 128686583808
cancelled_write_bytes: 4096

[2020-01-19T01:11:00-08:00]
rchar: 350241503522
wchar: 129256251659
syscr: 42417224
syscw: 5120421
read_bytes: 36760871424
write_bytes: 129269284864
cancelled_write_bytes: 4096

[2020-01-19T01:11:03-08:00]
rchar: 350565053321
wchar: 129424842907
syscr: 42455875
syscw: 5123356
read_bytes: 36797805056
write_bytes: 129437941760
cancelled_write_bytes: 4096

[2020-01-19T01:11:06-08:00]
rchar: 350914543879
wchar: 129837716532
syscr: 42498177
syscw: 5126279
read_bytes: 36863431168
write_bytes: 129850847232
cancelled_write_bytes: 4096

[2020-01-19T01:11:09-08:00]
rchar: 351450129960
wchar: 130266763984
syscr: 42563134
syscw: 5127626
read_bytes: 36977857024
write_bytes: 130279907328
cancelled_write_bytes: 4096

[2020-01-19T01:11:12-08:00]
rchar: 351450129960
wchar: 130266775288
syscr: 42563134
syscw: 5127630
read_bytes: 36977857024
write_bytes: 130279931904
cancelled_write_bytes: 4096

[2020-01-19T01:11:15-08:00]
rchar: 351450129960
wchar: 130266775288
syscr: 42563134
syscw: 5127630
read_bytes: 36977857024
write_bytes: 130279931904
cancelled_write_bytes: 4096

