[2020-01-23T23:30:22-08:00]
rchar: 16583973
wchar: 209
syscr: 2824
syscw: 10
read_bytes: 708608
write_bytes: 53248
cancelled_write_bytes: 0

[2020-01-23T23:30:25-08:00]
rchar: 16583973
wchar: 209
syscr: 2824
syscw: 10
read_bytes: 708608
write_bytes: 53248
cancelled_write_bytes: 0

[2020-01-23T23:30:28-08:00]
rchar: 16583973
wchar: 209
syscr: 2824
syscw: 10
read_bytes: 708608
write_bytes: 53248
cancelled_write_bytes: 0

[2020-01-23T23:30:31-08:00]
rchar: 16583973
wchar: 209
syscr: 2824
syscw: 10
read_bytes: 708608
write_bytes: 53248
cancelled_write_bytes: 0

[2020-01-23T23:30:34-08:00]
rchar: 16583973
wchar: 209
syscr: 2824
syscw: 10
read_bytes: 708608
write_bytes: 53248
cancelled_write_bytes: 0

[2020-01-23T23:30:37-08:00]
rchar: 16583973
wchar: 209
syscr: 2824
syscw: 10
read_bytes: 708608
write_bytes: 53248
cancelled_write_bytes: 0

[2020-01-23T23:30:40-08:00]
rchar: 16583973
wchar: 209
syscr: 2824
syscw: 10
read_bytes: 708608
write_bytes: 53248
cancelled_write_bytes: 0

[2020-01-23T23:30:43-08:00]
rchar: 16583973
wchar: 209
syscr: 2824
syscw: 10
read_bytes: 708608
write_bytes: 61440
cancelled_write_bytes: 0

[2020-01-23T23:30:46-08:00]
rchar: 16583973
wchar: 209
syscr: 2824
syscw: 10
read_bytes: 708608
write_bytes: 77824
cancelled_write_bytes: 0

[2020-01-23T23:30:49-08:00]
rchar: 130229155
wchar: 8275336
syscr: 7977
syscw: 1261
read_bytes: 125257216
write_bytes: 8380416
cancelled_write_bytes: 0

[2020-01-23T23:30:52-08:00]
rchar: 461699259
wchar: 267271169
syscr: 31298
syscw: 6842
read_bytes: 520796672
write_bytes: 267444224
cancelled_write_bytes: 0

[2020-01-23T23:30:55-08:00]
rchar: 1006713543
wchar: 473409808
syscr: 97398
syscw: 35748
read_bytes: 1288550912
write_bytes: 473587712
cancelled_write_bytes: 0

[2020-01-23T23:30:58-08:00]
rchar: 1574680310
wchar: 765238434
syscr: 166186
syscw: 48857
read_bytes: 1697126912
write_bytes: 765431808
cancelled_write_bytes: 0

[2020-01-23T23:31:01-08:00]
rchar: 2351358906
wchar: 946895364
syscr: 260367
syscw: 62177
read_bytes: 2184096256
write_bytes: 947097600
cancelled_write_bytes: 0

[2020-01-23T23:31:04-08:00]
rchar: 3791856156
wchar: 1263272671
syscr: 434946
syscw: 79842
read_bytes: 2763946496
write_bytes: 1263493120
cancelled_write_bytes: 0

[2020-01-23T23:31:07-08:00]
rchar: 4623124179
wchar: 1534919187
syscr: 535655
syscw: 89329
read_bytes: 3077044736
write_bytes: 1535184896
cancelled_write_bytes: 0

[2020-01-23T23:31:10-08:00]
rchar: 6999277146
wchar: 1752837327
syscr: 823755
syscw: 108325
read_bytes: 3744066048
write_bytes: 1753112576
cancelled_write_bytes: 0

[2020-01-23T23:31:13-08:00]
rchar: 7702455478
wchar: 2068989328
syscr: 908931
syscw: 114741
read_bytes: 3892382208
write_bytes: 2069295104
cancelled_write_bytes: 0

[2020-01-23T23:31:16-08:00]
rchar: 9050280425
wchar: 2452803961
syscr: 1072349
syscw: 124285
read_bytes: 4112022016
write_bytes: 2453123072
cancelled_write_bytes: 0

[2020-01-23T23:31:19-08:00]
rchar: 10800313455
wchar: 2860598498
syscr: 1284542
syscw: 135917
read_bytes: 4494608896
write_bytes: 2860949504
cancelled_write_bytes: 0

[2020-01-23T23:31:22-08:00]
rchar: 11686177627
wchar: 3184569723
syscr: 1391873
syscw: 142931
read_bytes: 4742871552
write_bytes: 3184947200
cancelled_write_bytes: 0

[2020-01-23T23:31:25-08:00]
rchar: 13524687769
wchar: 3590916470
syscr: 1614306
syscw: 153175
read_bytes: 5089774080
write_bytes: 3591340032
cancelled_write_bytes: 0

[2020-01-23T23:31:28-08:00]
rchar: 14621313480
wchar: 3889315488
syscr: 1747281
syscw: 164914
read_bytes: 5409679872
write_bytes: 3889823744
cancelled_write_bytes: 0

[2020-01-23T23:31:31-08:00]
rchar: 15533912419
wchar: 4155038834
syscr: 1857853
syscw: 174128
read_bytes: 5665126912
write_bytes: 4155564032
cancelled_write_bytes: 0

[2020-01-23T23:31:34-08:00]
rchar: 17401315149
wchar: 4328454067
syscr: 2084276
syscw: 188247
read_bytes: 6137043456
write_bytes: 4328984576
cancelled_write_bytes: 0

[2020-01-23T23:31:37-08:00]
rchar: 18164426248
wchar: 4561563759
syscr: 2176717
syscw: 195429
read_bytes: 6301645312
write_bytes: 4562108416
cancelled_write_bytes: 0

[2020-01-23T23:31:40-08:00]
rchar: 20733670828
wchar: 4752196935
syscr: 2488233
syscw: 210996
read_bytes: 6805305856
write_bytes: 4752773120
cancelled_write_bytes: 0

[2020-01-23T23:31:43-08:00]
rchar: 22003870445
wchar: 5186807105
syscr: 2642158
syscw: 219784
read_bytes: 6984866304
write_bytes: 5187403776
cancelled_write_bytes: 0

[2020-01-23T23:31:46-08:00]
rchar: 23945101598
wchar: 5661029112
syscr: 2877531
syscw: 230412
read_bytes: 7228328448
write_bytes: 5661655040
cancelled_write_bytes: 0

[2020-01-23T23:31:49-08:00]
rchar: 25787534714
wchar: 6165200760
syscr: 3100922
syscw: 240766
read_bytes: 7449811456
write_bytes: 6165864448
cancelled_write_bytes: 0

[2020-01-23T23:31:52-08:00]
rchar: 26693036613
wchar: 6541807055
syscr: 3210132
syscw: 247780
read_bytes: 7588936192
write_bytes: 6542520320
cancelled_write_bytes: 0

[2020-01-23T23:31:55-08:00]
rchar: 28099492401
wchar: 6949330192
syscr: 3380671
syscw: 260884
read_bytes: 7905233408
write_bytes: 6950088704
cancelled_write_bytes: 0

[2020-01-23T23:31:58-08:00]
rchar: 28899890316
wchar: 7205395680
syscr: 3477700
syscw: 268632
read_bytes: 8083667456
write_bytes: 7206191104
cancelled_write_bytes: 0

[2020-01-23T23:32:01-08:00]
rchar: 29291971821
wchar: 7524694903
syscr: 3525161
syscw: 273118
read_bytes: 8153291264
write_bytes: 7525519360
cancelled_write_bytes: 0

[2020-01-23T23:32:04-08:00]
rchar: 30857637538
wchar: 7841254373
syscr: 3714987
syscw: 285131
read_bytes: 8558754304
write_bytes: 7842115584
cancelled_write_bytes: 0

[2020-01-23T23:32:07-08:00]
rchar: 32090300358
wchar: 8094919744
syscr: 3864436
syscw: 294810
read_bytes: 8893704704
write_bytes: 8095805440
cancelled_write_bytes: 0

[2020-01-23T23:32:10-08:00]
rchar: 33339635080
wchar: 8473120159
syscr: 4015815
syscw: 304490
read_bytes: 9175726592
write_bytes: 8474632192
cancelled_write_bytes: 0

[2020-01-23T23:32:13-08:00]
rchar: 35216967170
wchar: 8779647699
syscr: 4243443
syscw: 316530
read_bytes: 9578383872
write_bytes: 8780701696
cancelled_write_bytes: 0

[2020-01-23T23:32:16-08:00]
rchar: 36029006058
wchar: 9072192626
syscr: 4341877
syscw: 322742
read_bytes: 9756039680
write_bytes: 9073192960
cancelled_write_bytes: 0

[2020-01-23T23:32:19-08:00]
rchar: 37273211726
wchar: 9367658487
syscr: 4492652
syscw: 330774
read_bytes: 9897028096
write_bytes: 9369010176
cancelled_write_bytes: 0

[2020-01-23T23:32:22-08:00]
rchar: 39240340633
wchar: 9878918613
syscr: 4731167
syscw: 342214
read_bytes: 10114107904
write_bytes: 9879977984
cancelled_write_bytes: 0

[2020-01-23T23:32:25-08:00]
rchar: 40933805936
wchar: 10391491750
syscr: 4936501
syscw: 351838
read_bytes: 10288871936
write_bytes: 10392576000
cancelled_write_bytes: 0

[2020-01-23T23:32:28-08:00]
rchar: 41920651095
wchar: 10788115627
syscr: 5055557
syscw: 360969
read_bytes: 10456443392
write_bytes: 10789236736
cancelled_write_bytes: 0

[2020-01-23T23:32:31-08:00]
rchar: 42975224856
wchar: 11056066941
syscr: 5183413
syscw: 371082
read_bytes: 10718419456
write_bytes: 11057213440
cancelled_write_bytes: 0

[2020-01-23T23:32:34-08:00]
rchar: 43925948601
wchar: 11264782142
syscr: 5298696
syscw: 380693
read_bytes: 10989148672
write_bytes: 11265941504
cancelled_write_bytes: 0

[2020-01-23T23:32:37-08:00]
rchar: 45332039975
wchar: 11744235726
syscr: 5469081
syscw: 392295
read_bytes: 11236207104
write_bytes: 11745431552
cancelled_write_bytes: 0

[2020-01-23T23:32:40-08:00]
rchar: 47040671102
wchar: 12149850679
syscr: 5676202
syscw: 404509
read_bytes: 11502557696
write_bytes: 12151103488
cancelled_write_bytes: 0

[2020-01-23T23:32:43-08:00]
rchar: 47891139019
wchar: 12482723086
syscr: 5779243
syscw: 412030
read_bytes: 11688851968
write_bytes: 12483997696
cancelled_write_bytes: 0

[2020-01-23T23:32:46-08:00]
rchar: 49752856838
wchar: 12802412974
syscr: 6004950
syscw: 423250
read_bytes: 12009916928
write_bytes: 12803710976
cancelled_write_bytes: 0

[2020-01-23T23:32:49-08:00]
rchar: 51168385727
wchar: 13095878193
syscr: 6176551
syscw: 433172
read_bytes: 12212697600
write_bytes: 13097197568
cancelled_write_bytes: 0

[2020-01-23T23:32:52-08:00]
rchar: 52195972454
wchar: 13429453859
syscr: 6301064
syscw: 440971
read_bytes: 12397591040
write_bytes: 13430800384
cancelled_write_bytes: 0

[2020-01-23T23:32:55-08:00]
rchar: 54536156979
wchar: 13741345411
syscr: 6584811
syscw: 453037
read_bytes: 12770220544
write_bytes: 13742710784
cancelled_write_bytes: 0

[2020-01-23T23:32:58-08:00]
rchar: 56297086002
wchar: 14226776386
syscr: 6798287
syscw: 462876
read_bytes: 12931926528
write_bytes: 14228172800
cancelled_write_bytes: 0

[2020-01-23T23:33:01-08:00]
rchar: 57220517902
wchar: 14607134385
syscr: 6910171
syscw: 469552
read_bytes: 13015153152
write_bytes: 14608560128
cancelled_write_bytes: 0

[2020-01-23T23:33:04-08:00]
rchar: 59036071598
wchar: 15044897148
syscr: 7130303
syscw: 479391
read_bytes: 13162867200
write_bytes: 15046352896
cancelled_write_bytes: 0

[2020-01-23T23:33:07-08:00]
rchar: 60927566146
wchar: 15546219343
syscr: 7359123
syscw: 490931
read_bytes: 13353802240
write_bytes: 15547719680
cancelled_write_bytes: 0

[2020-01-23T23:33:10-08:00]
rchar: 61713858187
wchar: 15872062555
syscr: 7454372
syscw: 499332
read_bytes: 13514877440
write_bytes: 15873617920
cancelled_write_bytes: 0

[2020-01-23T23:33:13-08:00]
rchar: 63475812000
wchar: 16250789844
syscr: 7668000
syscw: 511414
read_bytes: 13803719168
write_bytes: 16252379136
cancelled_write_bytes: 0

[2020-01-23T23:33:16-08:00]
rchar: 64953369534
wchar: 16546857380
syscr: 7847139
syscw: 521787
read_bytes: 14070290944
write_bytes: 16548483072
cancelled_write_bytes: 0

[2020-01-23T23:33:19-08:00]
rchar: 65243239833
wchar: 16782007464
syscr: 7882204
syscw: 525271
read_bytes: 14117452288
write_bytes: 16783650816
cancelled_write_bytes: 0

[2020-01-23T23:33:22-08:00]
rchar: 67461975026
wchar: 17110059054
syscr: 8151205
syscw: 537611
read_bytes: 14453651968
write_bytes: 17111732224
cancelled_write_bytes: 0

[2020-01-23T23:33:25-08:00]
rchar: 69252099768
wchar: 17525610523
syscr: 8368239
syscw: 548892
read_bytes: 14640982528
write_bytes: 17527324672
cancelled_write_bytes: 0

[2020-01-23T23:33:28-08:00]
rchar: 70796624095
wchar: 17885987658
syscr: 8555432
syscw: 558417
read_bytes: 14860163584
write_bytes: 17887731712
cancelled_write_bytes: 0

[2020-01-23T23:33:31-08:00]
rchar: 72983909750
wchar: 18315865604
syscr: 8820613
syscw: 570580
read_bytes: 15078545920
write_bytes: 18317639680
cancelled_write_bytes: 0

[2020-01-23T23:33:34-08:00]
rchar: 74203624064
wchar: 18646959553
syscr: 8968508
syscw: 578306
read_bytes: 15176444416
write_bytes: 18648760320
cancelled_write_bytes: 0

[2020-01-23T23:33:37-08:00]
rchar: 75324309543
wchar: 19076540405
syscr: 9104311
syscw: 585784
read_bytes: 15265937920
write_bytes: 19078377472
cancelled_write_bytes: 0

[2020-01-23T23:33:40-08:00]
rchar: 77771558537
wchar: 19628472519
syscr: 9401040
syscw: 598260
read_bytes: 15442196992
write_bytes: 19630346240
cancelled_write_bytes: 0

[2020-01-23T23:33:43-08:00]
rchar: 79471562512
wchar: 19980956074
syscr: 9606565
syscw: 611588
read_bytes: 15668644352
write_bytes: 19982872576
cancelled_write_bytes: 0

[2020-01-23T23:33:46-08:00]
rchar: 80186927994
wchar: 20333429467
syscr: 9693206
syscw: 619155
read_bytes: 15774190080
write_bytes: 20335390720
cancelled_write_bytes: 0

[2020-01-23T23:33:49-08:00]
rchar: 82061744836
wchar: 20787183976
syscr: 9920513
syscw: 632183
read_bytes: 15984687616
write_bytes: 20789178368
cancelled_write_bytes: 0

[2020-01-23T23:33:52-08:00]
rchar: 83318074884
wchar: 21088168153
syscr: 10072830
syscw: 641980
read_bytes: 16140597760
write_bytes: 21090852864
cancelled_write_bytes: 0

[2020-01-23T23:33:55-08:00]
rchar: 84106867487
wchar: 21385646930
syscr: 10168361
syscw: 648783
read_bytes: 16255101440
write_bytes: 21387710464
cancelled_write_bytes: 0

[2020-01-23T23:33:58-08:00]
rchar: 86152789512
wchar: 21847655722
syscr: 10416405
syscw: 661203
read_bytes: 16448195072
write_bytes: 21849763840
cancelled_write_bytes: 0

[2020-01-23T23:34:01-08:00]
rchar: 87674159863
wchar: 22176522900
syscr: 10600844
syscw: 670758
read_bytes: 16595986944
write_bytes: 22178660352
cancelled_write_bytes: 0

[2020-01-23T23:34:04-08:00]
rchar: 88159942985
wchar: 22453635947
syscr: 10659663
syscw: 675311
read_bytes: 16640002560
write_bytes: 22455803904
cancelled_write_bytes: 0

[2020-01-23T23:34:07-08:00]
rchar: 90446245268
wchar: 22976138810
syscr: 10936845
syscw: 688218
read_bytes: 16818674176
write_bytes: 22978416640
cancelled_write_bytes: 0

[2020-01-23T23:34:10-08:00]
rchar: 92659265942
wchar: 23543122693
syscr: 11205175
syscw: 701372
read_bytes: 16987175424
write_bytes: 23545356288
cancelled_write_bytes: 0

[2020-01-23T23:34:13-08:00]
rchar: 93218648163
wchar: 23696141150
syscr: 11273003
syscw: 705414
read_bytes: 17030752768
write_bytes: 23698755584
cancelled_write_bytes: 0

[2020-01-23T23:34:16-08:00]
rchar: 95191801800
wchar: 24304202952
syscr: 11512161
syscw: 716786
read_bytes: 17167841792
write_bytes: 24307372032
cancelled_write_bytes: 0

[2020-01-23T23:34:19-08:00]
rchar: 96972362580
wchar: 24819604866
syscr: 11727412
syscw: 729597
read_bytes: 17345264128
write_bytes: 24821964800
cancelled_write_bytes: 0

[2020-01-23T23:34:22-08:00]
rchar: 97779324116
wchar: 25099438178
syscr: 11825240
syscw: 736984
read_bytes: 17442978304
write_bytes: 25101819904
cancelled_write_bytes: 0

[2020-01-23T23:34:25-08:00]
rchar: 98723313807
wchar: 25498593919
syscr: 11939599
syscw: 745474
read_bytes: 17550313984
write_bytes: 25501011968
cancelled_write_bytes: 0

[2020-01-23T23:34:28-08:00]
rchar: 100575108868
wchar: 25982276561
syscr: 12164115
syscw: 758955
read_bytes: 17741654528
write_bytes: 25984741376
cancelled_write_bytes: 0

[2020-01-23T23:34:32-08:00]
rchar: 101784500384
wchar: 26386127834
syscr: 12310732
syscw: 768554
read_bytes: 17866996224
write_bytes: 26388639744
cancelled_write_bytes: 0

[2020-01-23T23:34:35-08:00]
rchar: 102995297920
wchar: 26796039981
syscr: 12457422
syscw: 778606
read_bytes: 17973545472
write_bytes: 26798592000
cancelled_write_bytes: 0

[2020-01-23T23:34:38-08:00]
rchar: 104975390215
wchar: 27224071735
syscr: 12697480
syscw: 791691
read_bytes: 18151479808
write_bytes: 27227058176
cancelled_write_bytes: 0

[2020-01-23T23:34:41-08:00]
rchar: 106182394542
wchar: 27554651707
syscr: 12843794
syscw: 799231
read_bytes: 18251835904
write_bytes: 27557281792
cancelled_write_bytes: 0

[2020-01-23T23:34:44-08:00]
rchar: 106983852495
wchar: 27903839602
syscr: 12940891
syscw: 805378
read_bytes: 18314410496
write_bytes: 27906523136
cancelled_write_bytes: 0

[2020-01-23T23:34:47-08:00]
rchar: 109216785913
wchar: 28423476433
syscr: 13211594
syscw: 818055
read_bytes: 18475743744
write_bytes: 28426199040
cancelled_write_bytes: 0

[2020-01-23T23:34:50-08:00]
rchar: 111410118352
wchar: 28970510251
syscr: 13477539
syscw: 831035
read_bytes: 18632989184
write_bytes: 28973273088
cancelled_write_bytes: 0

[2020-01-23T23:34:53-08:00]
rchar: 111612309084
wchar: 29139918337
syscr: 13502056
syscw: 832823
read_bytes: 18644527616
write_bytes: 29142908928
cancelled_write_bytes: 0

[2020-01-23T23:34:56-08:00]
rchar: 113792934377
wchar: 29662382405
syscr: 13766366
syscw: 845297
read_bytes: 18786253312
write_bytes: 29665202176
cancelled_write_bytes: 0

[2020-01-23T23:34:59-08:00]
rchar: 115921497587
wchar: 30181399928
syscr: 14023833
syscw: 858354
read_bytes: 18951469568
write_bytes: 30184255488
cancelled_write_bytes: 0

[2020-01-23T23:35:02-08:00]
rchar: 116725543135
wchar: 30561830148
syscr: 14121319
syscw: 865933
read_bytes: 19052743168
write_bytes: 30564716544
cancelled_write_bytes: 0

[2020-01-23T23:35:05-08:00]
rchar: 118045428053
wchar: 30860540217
syscr: 14281259
syscw: 876191
read_bytes: 19183622656
write_bytes: 30863466496
cancelled_write_bytes: 0

[2020-01-23T23:35:08-08:00]
rchar: 119914843310
wchar: 31289723819
syscr: 14507881
syscw: 889503
read_bytes: 19368843776
write_bytes: 31292690432
cancelled_write_bytes: 0

[2020-01-23T23:35:11-08:00]
rchar: 120522231034
wchar: 31689139453
syscr: 14581452
syscw: 894854
read_bytes: 19416984064
write_bytes: 31692132352
cancelled_write_bytes: 0

[2020-01-23T23:35:14-08:00]
rchar: 122147065748
wchar: 32021993525
syscr: 14778436
syscw: 906064
read_bytes: 19549035008
write_bytes: 32026079232
cancelled_write_bytes: 0

[2020-01-23T23:35:17-08:00]
rchar: 124315154635
wchar: 32446959402
syscr: 15041296
syscw: 918778
read_bytes: 19731155456
write_bytes: 32450068480
cancelled_write_bytes: 0

[2020-01-23T23:35:20-08:00]
rchar: 125066699466
wchar: 32825686809
syscr: 15132389
syscw: 924684
read_bytes: 19789101568
write_bytes: 32828805120
cancelled_write_bytes: 0

[2020-01-23T23:35:23-08:00]
rchar: 126720605834
wchar: 33146004376
syscr: 15332810
syscw: 935132
read_bytes: 19904522752
write_bytes: 33149181952
cancelled_write_bytes: 0

[2020-01-23T23:35:26-08:00]
rchar: 129010886265
wchar: 33710012081
syscr: 15610511
syscw: 948412
read_bytes: 20052773376
write_bytes: 33713221632
cancelled_write_bytes: 0

[2020-01-23T23:35:29-08:00]
rchar: 130150912639
wchar: 34017000416
syscr: 15748741
syscw: 955224
read_bytes: 20124338688
write_bytes: 34020220928
cancelled_write_bytes: 0

[2020-01-23T23:35:32-08:00]
rchar: 131454938729
wchar: 34466517867
syscr: 15906768
syscw: 963716
read_bytes: 20203768320
write_bytes: 34469781504
cancelled_write_bytes: 0

[2020-01-23T23:35:35-08:00]
rchar: 133867533315
wchar: 35022750122
syscr: 16198652
syscw: 977044
read_bytes: 20347841024
write_bytes: 35026051072
cancelled_write_bytes: 0

[2020-01-23T23:35:38-08:00]
rchar: 135006543487
wchar: 35349301260
syscr: 16336751
syscw: 986695
read_bytes: 20476426752
write_bytes: 35352625152
cancelled_write_bytes: 0

[2020-01-23T23:35:41-08:00]
rchar: 135585606986
wchar: 35661493041
syscr: 16406859
syscw: 992869
read_bytes: 20534995456
write_bytes: 35664855040
cancelled_write_bytes: 0

[2020-01-23T23:35:44-08:00]
rchar: 137562669718
wchar: 36146250528
syscr: 16646561
syscw: 1006996
read_bytes: 20710656512
write_bytes: 36149669888
cancelled_write_bytes: 0

[2020-01-23T23:35:47-08:00]
rchar: 138955428312
wchar: 36555273915
syscr: 16815413
syscw: 1017316
read_bytes: 20827572736
write_bytes: 36558733312
cancelled_write_bytes: 0

[2020-01-23T23:35:50-08:00]
rchar: 140101153845
wchar: 37007723983
syscr: 16954220
syscw: 1026937
read_bytes: 20915067392
write_bytes: 37011234816
cancelled_write_bytes: 0

[2020-01-23T23:35:53-08:00]
rchar: 142083623958
wchar: 37431633892
syscr: 17194563
syscw: 1040253
read_bytes: 21064534528
write_bytes: 37435183104
cancelled_write_bytes: 0

[2020-01-23T23:35:56-08:00]
rchar: 143603376850
wchar: 37813266323
syscr: 17378804
syscw: 1050312
read_bytes: 21183220224
write_bytes: 37817708544
cancelled_write_bytes: 0

[2020-01-23T23:35:59-08:00]
rchar: 145031354916
wchar: 38311255224
syscr: 17551868
syscw: 1060052
read_bytes: 21269809664
write_bytes: 38314893312
cancelled_write_bytes: 0

[2020-01-23T23:36:02-08:00]
rchar: 146630342785
wchar: 38675310281
syscr: 17745676
syscw: 1069625
read_bytes: 21369461248
write_bytes: 38679007232
cancelled_write_bytes: 0

[2020-01-23T23:36:05-08:00]
rchar: 148714603899
wchar: 39144419976
syscr: 17998396
syscw: 1082157
read_bytes: 21502372352
write_bytes: 39148146688
cancelled_write_bytes: 0

[2020-01-23T23:36:08-08:00]
rchar: 149721470130
wchar: 39627554863
syscr: 18120397
syscw: 1089139
read_bytes: 21554809344
write_bytes: 39631314944
cancelled_write_bytes: 0

[2020-01-23T23:36:11-08:00]
rchar: 151590335247
wchar: 40033070094
syscr: 18346994
syscw: 1099644
read_bytes: 21652240896
write_bytes: 40036868096
cancelled_write_bytes: 0

[2020-01-23T23:36:14-08:00]
rchar: 153911791524
wchar: 40591449091
syscr: 18627845
syscw: 1112505
read_bytes: 21788195328
write_bytes: 40595292160
cancelled_write_bytes: 0

[2020-01-23T23:36:17-08:00]
rchar: 154700344798
wchar: 40998560155
syscr: 18723371
syscw: 1120391
read_bytes: 21866736128
write_bytes: 41002450944
cancelled_write_bytes: 0

[2020-01-23T23:36:20-08:00]
rchar: 156651060285
wchar: 41481853448
syscr: 18959848
syscw: 1134846
read_bytes: 22025284096
write_bytes: 41485803520
cancelled_write_bytes: 0

[2020-01-23T23:36:23-08:00]
rchar: 158012758932
wchar: 41829509282
syscr: 19124933
syscw: 1146462
read_bytes: 22138214912
write_bytes: 41833492480
cancelled_write_bytes: 0

[2020-01-23T23:36:26-08:00]
rchar: 159032895169
wchar: 42258914082
syscr: 19248551
syscw: 1154849
read_bytes: 22214539776
write_bytes: 42262933504
cancelled_write_bytes: 0

[2020-01-23T23:36:29-08:00]
rchar: 161300373572
wchar: 42708351948
syscr: 19523457
syscw: 1168850
read_bytes: 22375938560
write_bytes: 42712416256
cancelled_write_bytes: 0

[2020-01-23T23:36:32-08:00]
rchar: 162594169661
wchar: 43017108265
syscr: 19680298
syscw: 1177571
read_bytes: 22464518656
write_bytes: 43021201408
cancelled_write_bytes: 0

[2020-01-23T23:36:35-08:00]
rchar: 163525713938
wchar: 43465288594
syscr: 19793134
syscw: 1184801
read_bytes: 22519356928
write_bytes: 43469430784
cancelled_write_bytes: 0

[2020-01-23T23:36:38-08:00]
rchar: 165573963371
wchar: 44023694939
syscr: 20041429
syscw: 1197522
read_bytes: 22629895680
write_bytes: 44027924480
cancelled_write_bytes: 0

[2020-01-23T23:36:41-08:00]
rchar: 167207800085
wchar: 44435462599
syscr: 20239535
syscw: 1207309
read_bytes: 22720667136
write_bytes: 44439711744
cancelled_write_bytes: 0

[2020-01-23T23:36:44-08:00]
rchar: 168550151018
wchar: 44891858791
syscr: 20402299
syscw: 1216416
read_bytes: 22796987904
write_bytes: 44896141312
cancelled_write_bytes: 0

[2020-01-23T23:36:47-08:00]
rchar: 170597976703
wchar: 45379749521
syscr: 20650511
syscw: 1227870
read_bytes: 22898114048
write_bytes: 45384081408
cancelled_write_bytes: 0

[2020-01-23T23:36:50-08:00]
rchar: 172523608718
wchar: 45796069021
syscr: 20883994
syscw: 1238453
read_bytes: 22994722304
write_bytes: 45800427520
cancelled_write_bytes: 0

[2020-01-23T23:36:53-08:00]
rchar: 173914362935
wchar: 46200144119
syscr: 21052002
syscw: 1249351
read_bytes: 23138893312
write_bytes: 46204534784
cancelled_write_bytes: 0

[2020-01-23T23:36:56-08:00]
rchar: 175241244036
wchar: 46580917343
syscr: 21212784
syscw: 1260484
read_bytes: 23243808256
write_bytes: 46585339904
cancelled_write_bytes: 0

[2020-01-23T23:36:59-08:00]
rchar: 176957966163
wchar: 47028757585
syscr: 21420927
syscw: 1273483
read_bytes: 23372770816
write_bytes: 47033229312
cancelled_write_bytes: 0

[2020-01-23T23:37:02-08:00]
rchar: 177923918051
wchar: 47470317398
syscr: 21537940
syscw: 1282134
read_bytes: 23443287552
write_bytes: 47474831360
cancelled_write_bytes: 0

[2020-01-23T23:37:05-08:00]
rchar: 179722257095
wchar: 47837101027
syscr: 21755955
syscw: 1294540
read_bytes: 23558475264
write_bytes: 47841648640
cancelled_write_bytes: 0

[2020-01-23T23:37:08-08:00]
rchar: 181840027345
wchar: 48303094641
syscr: 22012704
syscw: 1308074
read_bytes: 23694790144
write_bytes: 48307699712
cancelled_write_bytes: 0

[2020-01-23T23:37:11-08:00]
rchar: 182700753759
wchar: 48781150250
syscr: 22116995
syscw: 1315050
read_bytes: 23738695168
write_bytes: 48785784832
cancelled_write_bytes: 0

[2020-01-23T23:37:14-08:00]
rchar: 184026892193
wchar: 49117578805
syscr: 22277746
syscw: 1323417
read_bytes: 23818620416
write_bytes: 49122258944
cancelled_write_bytes: 0

[2020-01-23T23:37:17-08:00]
rchar: 186580725530
wchar: 49494799169
syscr: 22587348
syscw: 1335955
read_bytes: 24030612992
write_bytes: 49499533312
cancelled_write_bytes: 0

[2020-01-23T23:37:20-08:00]
rchar: 187512310452
wchar: 49762449287
syscr: 22700306
syscw: 1342474
read_bytes: 24107761152
write_bytes: 49767190528
cancelled_write_bytes: 0

[2020-01-23T23:37:23-08:00]
rchar: 189777871853
wchar: 50063713016
syscr: 22974861
syscw: 1353367
read_bytes: 24243809792
write_bytes: 50069299200
cancelled_write_bytes: 0

[2020-01-23T23:37:26-08:00]
rchar: 192564531346
wchar: 50624815943
syscr: 23312739
syscw: 1367509
read_bytes: 24372923904
write_bytes: 50629627904
cancelled_write_bytes: 0

[2020-01-23T23:37:29-08:00]
rchar: 192970378138
wchar: 50765572043
syscr: 23361952
syscw: 1370225
read_bytes: 24390651392
write_bytes: 50770395136
cancelled_write_bytes: 0

[2020-01-23T23:37:32-08:00]
rchar: 195454875797
wchar: 51349367635
syscr: 23663110
syscw: 1382970
read_bytes: 24492994048
write_bytes: 51354230784
cancelled_write_bytes: 0

[2020-01-23T23:37:35-08:00]
rchar: 198420692037
wchar: 51922708574
syscr: 24022713
syscw: 1396583
read_bytes: 24612724224
write_bytes: 51927613440
cancelled_write_bytes: 0

[2020-01-23T23:37:38-08:00]
rchar: 199318787155
wchar: 52128072274
syscr: 24130903
syscw: 1401806
read_bytes: 24661679616
write_bytes: 52132999168
cancelled_write_bytes: 0

[2020-01-23T23:37:41-08:00]
rchar: 200381404376
wchar: 52561967544
syscr: 24259649
syscw: 1411510
read_bytes: 24740048384
write_bytes: 52566941696
cancelled_write_bytes: 0

[2020-01-23T23:37:44-08:00]
rchar: 202481216653
wchar: 53036592197
syscr: 24514239
syscw: 1426501
read_bytes: 24889748992
write_bytes: 53041614848
cancelled_write_bytes: 0

[2020-01-23T23:37:47-08:00]
rchar: 203522879077
wchar: 53483998130
syscr: 24640440
syscw: 1435708
read_bytes: 24961338880
write_bytes: 53489070080
cancelled_write_bytes: 0

[2020-01-23T23:37:50-08:00]
rchar: 205452698163
wchar: 53871761042
syscr: 24874404
syscw: 1448139
read_bytes: 25074699776
write_bytes: 53877911552
cancelled_write_bytes: 0

[2020-01-23T23:37:53-08:00]
rchar: 207408033570
wchar: 54305701274
syscr: 25111441
syscw: 1461515
read_bytes: 25187937792
write_bytes: 54310862848
cancelled_write_bytes: 0

[2020-01-23T23:37:56-08:00]
rchar: 208530253795
wchar: 54919173617
syscr: 25247442
syscw: 1470222
read_bytes: 25234443776
write_bytes: 54924382208
cancelled_write_bytes: 0

[2020-01-23T23:37:59-08:00]
rchar: 209749140977
wchar: 55502341185
syscr: 25395207
syscw: 1477240
read_bytes: 25273368064
write_bytes: 55507607552
cancelled_write_bytes: 0

[2020-01-23T23:38:02-08:00]
rchar: 210739818328
wchar: 55939430590
syscr: 25515297
syscw: 1483884
read_bytes: 25313852928
write_bytes: 55944753152
cancelled_write_bytes: 0

[2020-01-23T23:38:05-08:00]
rchar: 212462045815
wchar: 56518560066
syscr: 25724047
syscw: 1494293
read_bytes: 25548795392
write_bytes: 56523943936
cancelled_write_bytes: 0

[2020-01-23T23:38:08-08:00]
rchar: 213861338376
wchar: 57014392866
syscr: 25893688
syscw: 1503395
read_bytes: 25721568768
write_bytes: 57019834368
cancelled_write_bytes: 0

[2020-01-23T23:38:11-08:00]
rchar: 214590116580
wchar: 57280873781
syscr: 25982047
syscw: 1509367
read_bytes: 25791786496
write_bytes: 57286361088
cancelled_write_bytes: 0

[2020-01-23T23:38:14-08:00]
rchar: 215871428585
wchar: 57899744672
syscr: 26137330
syscw: 1518362
read_bytes: 25943649792
write_bytes: 57905270784
cancelled_write_bytes: 0

[2020-01-23T23:38:17-08:00]
rchar: 217146275631
wchar: 58287706821
syscr: 26291910
syscw: 1527085
read_bytes: 26087185920
write_bytes: 58293248000
cancelled_write_bytes: 0

[2020-01-23T23:38:20-08:00]
rchar: 218779265031
wchar: 58910289682
syscr: 26489894
syscw: 1536671
read_bytes: 26225507840
write_bytes: 58915946496
cancelled_write_bytes: 0

[2020-01-23T23:38:23-08:00]
rchar: 220134713657
wchar: 59314437177
syscr: 26654177
syscw: 1545686
read_bytes: 26336587264
write_bytes: 59320127488
cancelled_write_bytes: 0

[2020-01-23T23:38:26-08:00]
rchar: 221658557185
wchar: 59808366886
syscr: 26838927
syscw: 1554613
read_bytes: 26456755712
write_bytes: 59814096896
cancelled_write_bytes: 0

[2020-01-23T23:38:29-08:00]
rchar: 222174043192
wchar: 60090837259
syscr: 26901384
syscw: 1559467
read_bytes: 26483801600
write_bytes: 60096614400
cancelled_write_bytes: 0

[2020-01-23T23:38:32-08:00]
rchar: 224291654428
wchar: 60652604247
syscr: 27158043
syscw: 1570767
read_bytes: 26595433984
write_bytes: 60658434048
cancelled_write_bytes: 0

[2020-01-23T23:38:35-08:00]
rchar: 225957789491
wchar: 60967312320
syscr: 27359385
syscw: 1582799
read_bytes: 26712358400
write_bytes: 60973182976
cancelled_write_bytes: 0

[2020-01-23T23:38:38-08:00]
rchar: 227173605394
wchar: 61433300475
syscr: 27506784
syscw: 1593106
read_bytes: 26786164224
write_bytes: 61439213568
cancelled_write_bytes: 0

[2020-01-23T23:38:41-08:00]
rchar: 229435665168
wchar: 61878751097
syscr: 27780951
syscw: 1607196
read_bytes: 26905132544
write_bytes: 61884715008
cancelled_write_bytes: 0

[2020-01-23T23:38:44-08:00]
rchar: 231272961869
wchar: 62265156794
syscr: 28003692
syscw: 1618897
read_bytes: 27000700416
write_bytes: 62271156224
cancelled_write_bytes: 0

[2020-01-23T23:38:47-08:00]
rchar: 232087005706
wchar: 62607056426
syscr: 28102314
syscw: 1625213
read_bytes: 27039137280
write_bytes: 62613078016
cancelled_write_bytes: 0

[2020-01-23T23:38:50-08:00]
rchar: 235051186374
wchar: 63117225428
syscr: 28461689
syscw: 1640969
read_bytes: 27171147264
write_bytes: 63123316736
cancelled_write_bytes: 0

[2020-01-23T23:38:53-08:00]
rchar: 236605117575
wchar: 63522908092
syscr: 28650059
syscw: 1650756
read_bytes: 27240947200
write_bytes: 63529046016
cancelled_write_bytes: 0

[2020-01-23T23:38:56-08:00]
rchar: 237980568086
wchar: 63818256155
syscr: 28816749
syscw: 1658512
read_bytes: 27295714816
write_bytes: 63824424960
cancelled_write_bytes: 0

[2020-01-23T23:38:59-08:00]
rchar: 240970585588
wchar: 64396271133
syscr: 29179243
syscw: 1673520
read_bytes: 27407248896
write_bytes: 64402472960
cancelled_write_bytes: 0

[2020-01-23T23:39:02-08:00]
rchar: 242315984975
wchar: 64704249295
syscr: 29342372
syscw: 1681258
read_bytes: 27455585792
write_bytes: 64710471680
cancelled_write_bytes: 0

[2020-01-23T23:39:05-08:00]
rchar: 243948907110
wchar: 65194607769
syscr: 29540279
syscw: 1691168
read_bytes: 27513204224
write_bytes: 65200865280
cancelled_write_bytes: 0

[2020-01-23T23:39:08-08:00]
rchar: 246169798605
wchar: 65632081429
syscr: 29809560
syscw: 1701925
read_bytes: 27584900608
write_bytes: 65638641664
cancelled_write_bytes: 0

[2020-01-23T23:39:11-08:00]
rchar: 248968152158
wchar: 66203832594
syscr: 30148108
syscw: 1714596
read_bytes: 27676265984
write_bytes: 66210168832
cancelled_write_bytes: 0

[2020-01-23T23:39:14-08:00]
rchar: 249196038314
wchar: 66438528257
syscr: 30175744
syscw: 1718578
read_bytes: 27693338112
write_bytes: 66444869632
cancelled_write_bytes: 0

[2020-01-23T23:39:17-08:00]
rchar: 251220920711
wchar: 66943280569
syscr: 30421140
syscw: 1734389
read_bytes: 27807587840
write_bytes: 66949685248
cancelled_write_bytes: 0

[2020-01-23T23:39:20-08:00]
rchar: 252754587041
wchar: 67334989738
syscr: 30607087
syscw: 1746665
read_bytes: 27892301312
write_bytes: 67341438976
cancelled_write_bytes: 0

[2020-01-23T23:39:23-08:00]
rchar: 253485047452
wchar: 67682766914
syscr: 30695548
syscw: 1754579
read_bytes: 27931991552
write_bytes: 67689267200
cancelled_write_bytes: 0

[2020-01-23T23:39:26-08:00]
rchar: 255525717688
wchar: 68111808223
syscr: 30942960
syscw: 1768301
read_bytes: 28029320704
write_bytes: 68118351872
cancelled_write_bytes: 0

[2020-01-23T23:39:29-08:00]
rchar: 257295140814
wchar: 68501914548
syscr: 31157477
syscw: 1779807
read_bytes: 28114636288
write_bytes: 68508487680
cancelled_write_bytes: 0

[2020-01-23T23:39:32-08:00]
rchar: 258021061334
wchar: 68958539181
syscr: 31245391
syscw: 1785396
read_bytes: 28139081216
write_bytes: 68965158912
cancelled_write_bytes: 0

[2020-01-23T23:39:35-08:00]
rchar: 259085997598
wchar: 69483446280
syscr: 31374528
syscw: 1791895
read_bytes: 28164795904
write_bytes: 69490102272
cancelled_write_bytes: 0

[2020-01-23T23:39:38-08:00]
rchar: 260296700594
wchar: 70099657261
syscr: 31521326
syscw: 1799431
read_bytes: 28192648704
write_bytes: 70106390528
cancelled_write_bytes: 0

[2020-01-23T23:39:41-08:00]
rchar: 261068807022
wchar: 70477374415
syscr: 31614814
syscw: 1804540
read_bytes: 28219166208
write_bytes: 70484705280
cancelled_write_bytes: 0

[2020-01-23T23:39:44-08:00]
rchar: 262641443781
wchar: 71125775259
syscr: 31805457
syscw: 1814236
read_bytes: 28351487488
write_bytes: 71132622848
cancelled_write_bytes: 0

[2020-01-23T23:39:47-08:00]
rchar: 263793953461
wchar: 71508531786
syscr: 31945209
syscw: 1822930
read_bytes: 28473667072
write_bytes: 71515410432
cancelled_write_bytes: 0

[2020-01-23T23:39:50-08:00]
rchar: 264888903253
wchar: 71932208425
syscr: 32077981
syscw: 1830920
read_bytes: 28585696768
write_bytes: 71939141632
cancelled_write_bytes: 0

[2020-01-23T23:39:53-08:00]
rchar: 266362901598
wchar: 72536560427
syscr: 32256625
syscw: 1840632
read_bytes: 28713733632
write_bytes: 72543567872
cancelled_write_bytes: 0

[2020-01-23T23:39:56-08:00]
rchar: 267731155254
wchar: 72931501505
syscr: 32422530
syscw: 1849915
read_bytes: 28838317568
write_bytes: 72938532864
cancelled_write_bytes: 0

[2020-01-23T23:39:59-08:00]
rchar: 269573885356
wchar: 73546909497
syscr: 32645978
syscw: 1860156
read_bytes: 29017423360
write_bytes: 73553989632
cancelled_write_bytes: 0

[2020-01-23T23:40:02-08:00]
rchar: 271402454484
wchar: 74163956958
syscr: 32867684
syscw: 1871037
read_bytes: 29170187776
write_bytes: 74171097088
cancelled_write_bytes: 0

[2020-01-23T23:40:05-08:00]
rchar: 271930613263
wchar: 74311261658
syscr: 32931730
syscw: 1875687
read_bytes: 29214416384
write_bytes: 74318409728
cancelled_write_bytes: 0

[2020-01-23T23:40:08-08:00]
rchar: 273622365364
wchar: 74926436834
syscr: 33136776
syscw: 1886380
read_bytes: 29347237376
write_bytes: 74933612544
cancelled_write_bytes: 0

[2020-01-23T23:40:11-08:00]
rchar: 275228905006
wchar: 75387352897
syscr: 33330919
syscw: 1896998
read_bytes: 29498322432
write_bytes: 75394600960
cancelled_write_bytes: 0

[2020-01-23T23:40:14-08:00]
rchar: 276661443396
wchar: 75862052986
syscr: 33504605
syscw: 1908566
read_bytes: 29684198912
write_bytes: 75869335552
cancelled_write_bytes: 0

[2020-01-23T23:40:17-08:00]
rchar: 277585327459
wchar: 76291654849
syscr: 33616441
syscw: 1918046
read_bytes: 29743046144
write_bytes: 76299030528
cancelled_write_bytes: 0

[2020-01-23T23:40:20-08:00]
rchar: 279668184047
wchar: 76572759175
syscr: 33868827
syscw: 1931382
read_bytes: 29882134016
write_bytes: 76580192256
cancelled_write_bytes: 0

[2020-01-23T23:40:23-08:00]
rchar: 281469395678
wchar: 76941631339
syscr: 34087215
syscw: 1943306
read_bytes: 29959831040
write_bytes: 76949749760
cancelled_write_bytes: 0

[2020-01-23T23:40:26-08:00]
rchar: 283670373763
wchar: 77433907479
syscr: 34353977
syscw: 1956404
read_bytes: 30040481280
write_bytes: 77441417216
cancelled_write_bytes: 0

[2020-01-23T23:40:29-08:00]
rchar: 286020362822
wchar: 77835554795
syscr: 34638863
syscw: 1970269
read_bytes: 30124588544
write_bytes: 77843120128
cancelled_write_bytes: 0

[2020-01-23T23:40:32-08:00]
rchar: 287656228947
wchar: 78293400803
syscr: 34837133
syscw: 1980954
read_bytes: 30180609536
write_bytes: 78301003776
cancelled_write_bytes: 0

[2020-01-23T23:40:35-08:00]
rchar: 290088558956
wchar: 78754322109
syscr: 35132016
syscw: 1993375
read_bytes: 30253796864
write_bytes: 78761967616
cancelled_write_bytes: 0

[2020-01-23T23:40:38-08:00]
rchar: 292305380218
wchar: 79179353511
syscr: 35400804
syscw: 2005568
read_bytes: 30318951936
write_bytes: 79187025920
cancelled_write_bytes: 0

[2020-01-23T23:40:41-08:00]
rchar: 293568987570
wchar: 79605320051
syscr: 35553932
syscw: 2014293
read_bytes: 30354079232
write_bytes: 79613014016
cancelled_write_bytes: 0

[2020-01-23T23:40:45-08:00]
rchar: 296440968900
wchar: 80142803383
syscr: 35902156
syscw: 2027362
read_bytes: 30430068224
write_bytes: 80150532096
cancelled_write_bytes: 0

[2020-01-23T23:40:48-08:00]
rchar: 298419323804
wchar: 80537512717
syscr: 36142029
syscw: 2037481
read_bytes: 30481186304
write_bytes: 80545849344
cancelled_write_bytes: 0

[2020-01-23T23:40:51-08:00]
rchar: 299672961978
wchar: 80954271261
syscr: 36294034
syscw: 2044779
read_bytes: 30513864192
write_bytes: 80962039808
cancelled_write_bytes: 0

[2020-01-23T23:40:54-08:00]
rchar: 301623674265
wchar: 81286251493
syscr: 36529657
syscw: 2057646
read_bytes: 30600564224
write_bytes: 81294090240
cancelled_write_bytes: 0

[2020-01-23T23:40:57-08:00]
rchar: 303426262309
wchar: 81773427072
syscr: 36748201
syscw: 2072268
read_bytes: 30684737024
write_bytes: 81781305344
cancelled_write_bytes: 0

[2020-01-23T23:41:00-08:00]
rchar: 304218031541
wchar: 82055233256
syscr: 36844123
syscw: 2078633
read_bytes: 30715788800
write_bytes: 82063130624
cancelled_write_bytes: 0

[2020-01-23T23:41:03-08:00]
rchar: 306958767676
wchar: 82593184918
syscr: 37176383
syscw: 2095251
read_bytes: 30820732416
write_bytes: 82601132032
cancelled_write_bytes: 0

[2020-01-23T23:41:06-08:00]
rchar: 307711669722
wchar: 82820961486
syscr: 37267643
syscw: 2101513
read_bytes: 30848908800
write_bytes: 82829475840
cancelled_write_bytes: 0

[2020-01-23T23:41:09-08:00]
rchar: 308734482489
wchar: 83317098957
syscr: 37391587
syscw: 2109654
read_bytes: 30877298176
write_bytes: 83325952000
cancelled_write_bytes: 0

[2020-01-23T23:41:12-08:00]
rchar: 310348782219
wchar: 84050010227
syscr: 37587338
syscw: 2119838
read_bytes: 30911553024
write_bytes: 84058062848
cancelled_write_bytes: 0

[2020-01-23T23:41:15-08:00]
rchar: 311226942105
wchar: 84486673533
syscr: 37693830
syscw: 2125451
read_bytes: 30928768512
write_bytes: 84494774272
cancelled_write_bytes: 0

[2020-01-23T23:41:18-08:00]
rchar: 312204157455
wchar: 84955844780
syscr: 37812329
syscw: 2131737
read_bytes: 30947745280
write_bytes: 84963971072
cancelled_write_bytes: 0

[2020-01-23T23:41:21-08:00]
rchar: 313124547577
wchar: 85405219980
syscr: 37923908
syscw: 2137823
read_bytes: 30966230528
write_bytes: 85413404672
cancelled_write_bytes: 0

[2020-01-23T23:41:24-08:00]
rchar: 314450623663
wchar: 85971680562
syscr: 38084396
syscw: 2146968
read_bytes: 31021698560
write_bytes: 85980033024
cancelled_write_bytes: 0

[2020-01-23T23:41:27-08:00]
rchar: 315032615780
wchar: 86182075685
syscr: 38154967
syscw: 2151278
read_bytes: 31061917184
write_bytes: 86190432256
cancelled_write_bytes: 0

[2020-01-23T23:41:30-08:00]
rchar: 316401035999
wchar: 86821485878
syscr: 38320899
syscw: 2161218
read_bytes: 31169244672
write_bytes: 86829871104
cancelled_write_bytes: 0

[2020-01-23T23:41:33-08:00]
rchar: 317809583917
wchar: 87228693863
syscr: 38491606
syscw: 2171173
read_bytes: 31271636480
write_bytes: 87237722112
cancelled_write_bytes: 0

[2020-01-23T23:41:36-08:00]
rchar: 319711835453
wchar: 87895700504
syscr: 38722266
syscw: 2182089
read_bytes: 31420284416
write_bytes: 87904874496
cancelled_write_bytes: 0

[2020-01-23T23:41:39-08:00]
rchar: 320951104886
wchar: 88242218627
syscr: 38872546
syscw: 2190657
read_bytes: 31518711296
write_bytes: 88250736640
cancelled_write_bytes: 0

[2020-01-23T23:41:42-08:00]
rchar: 322098770057
wchar: 88581191135
syscr: 39011707
syscw: 2198650
read_bytes: 31607225856
write_bytes: 88589746176
cancelled_write_bytes: 0

[2020-01-23T23:41:45-08:00]
rchar: 323474589227
wchar: 89102127920
syscr: 39178527
syscw: 2208176
read_bytes: 31716687360
write_bytes: 89110679552
cancelled_write_bytes: 0

[2020-01-23T23:41:48-08:00]
rchar: 325432788579
wchar: 89647849086
syscr: 39415881
syscw: 2219084
read_bytes: 31870307840
write_bytes: 89656438784
cancelled_write_bytes: 0

[2020-01-23T23:41:51-08:00]
rchar: 327147923093
wchar: 90114648642
syscr: 39623855
syscw: 2229590
read_bytes: 31990128128
write_bytes: 90123304960
cancelled_write_bytes: 0

[2020-01-23T23:41:54-08:00]
rchar: 328926284797
wchar: 90617982665
syscr: 39839492
syscw: 2239478
read_bytes: 32125902336
write_bytes: 90626707456
cancelled_write_bytes: 0

[2020-01-23T23:41:57-08:00]
rchar: 329961428624
wchar: 90942240585
syscr: 39965005
syscw: 2246707
read_bytes: 32194010624
write_bytes: 90950971392
cancelled_write_bytes: 0

[2020-01-23T23:42:00-08:00]
rchar: 331607041818
wchar: 91375069164
syscr: 40164452
syscw: 2257221
read_bytes: 32301039104
write_bytes: 91383824384
cancelled_write_bytes: 0

[2020-01-23T23:42:03-08:00]
rchar: 333703248925
wchar: 91930014302
syscr: 40418551
syscw: 2268297
read_bytes: 32438930944
write_bytes: 91938807808
cancelled_write_bytes: 0

[2020-01-23T23:42:06-08:00]
rchar: 335138747609
wchar: 92294409379
syscr: 40591985
syscw: 2277895
read_bytes: 32553295360
write_bytes: 92303294464
cancelled_write_bytes: 0

[2020-01-23T23:42:09-08:00]
rchar: 336445414687
wchar: 92762696276
syscr: 40750427
syscw: 2288131
read_bytes: 32691129856
write_bytes: 92771577856
cancelled_write_bytes: 0

[2020-01-23T23:42:12-08:00]
rchar: 337658477406
wchar: 93222922344
syscr: 40897439
syscw: 2297554
read_bytes: 32777458176
write_bytes: 93231853568
cancelled_write_bytes: 0

[2020-01-23T23:42:15-08:00]
rchar: 339408737193
wchar: 93899809269
syscr: 41109651
syscw: 2308801
read_bytes: 32862056960
write_bytes: 93908799488
cancelled_write_bytes: 0

[2020-01-23T23:42:18-08:00]
rchar: 340449199724
wchar: 94263311843
syscr: 41235819
syscw: 2316264
read_bytes: 32904307200
write_bytes: 94272352256
cancelled_write_bytes: 0

[2020-01-23T23:42:21-08:00]
rchar: 342148302135
wchar: 94921646193
syscr: 41441836
syscw: 2327448
read_bytes: 32980345344
write_bytes: 94930767872
cancelled_write_bytes: 0

[2020-01-23T23:42:24-08:00]
rchar: 342825405926
wchar: 95108267978
syscr: 41523895
syscw: 2333347
read_bytes: 33008480768
write_bytes: 95117426688
cancelled_write_bytes: 0

[2020-01-23T23:42:27-08:00]
rchar: 344096603750
wchar: 95634459233
syscr: 41678037
syscw: 2343109
read_bytes: 33067975168
write_bytes: 95643623424
cancelled_write_bytes: 0

[2020-01-23T23:42:30-08:00]
rchar: 345661184673
wchar: 96230886871
syscr: 41867621
syscw: 2353328
read_bytes: 33138651648
write_bytes: 96240832512
cancelled_write_bytes: 0

[2020-01-23T23:42:33-08:00]
rchar: 346916553613
wchar: 96591610708
syscr: 42019644
syscw: 2362209
read_bytes: 33201955328
write_bytes: 96600920064
cancelled_write_bytes: 0

[2020-01-23T23:42:36-08:00]
rchar: 349050210020
wchar: 97015359846
syscr: 42278141
syscw: 2373783
read_bytes: 33354650112
write_bytes: 97024757760
cancelled_write_bytes: 0

[2020-01-23T23:42:39-08:00]
rchar: 349706972974
wchar: 97250704360
syscr: 42357773
syscw: 2379439
read_bytes: 33388315136
write_bytes: 97260097536
cancelled_write_bytes: 0

[2020-01-23T23:42:42-08:00]
rchar: 352437269880
wchar: 97606259952
syscr: 42688404
syscw: 2391506
read_bytes: 33502310912
write_bytes: 97615740928
cancelled_write_bytes: 0

[2020-01-23T23:42:45-08:00]
rchar: 355184004115
wchar: 97794043445
syscr: 43021431
syscw: 2400216
read_bytes: 33564418560
write_bytes: 97803526144
cancelled_write_bytes: 0

[2020-01-23T23:42:48-08:00]
rchar: 357064109193
wchar: 98243289924
syscr: 43249308
syscw: 2410169
read_bytes: 33598865920
write_bytes: 98252804096
cancelled_write_bytes: 0

[2020-01-23T23:42:51-08:00]
rchar: 360705678918
wchar: 98811751071
syscr: 43690836
syscw: 2424758
read_bytes: 33663291904
write_bytes: 98821349376
cancelled_write_bytes: 0

[2020-01-23T23:42:54-08:00]
rchar: 362446346440
wchar: 99193465752
syscr: 43901888
syscw: 2434496
read_bytes: 33692815872
write_bytes: 99203043328
cancelled_write_bytes: 0

[2020-01-23T23:42:57-08:00]
rchar: 364462479486
wchar: 99606661791
syscr: 44146253
syscw: 2445096
read_bytes: 33725194752
write_bytes: 99617222656
cancelled_write_bytes: 0

[2020-01-23T23:43:00-08:00]
rchar: 368743507258
wchar: 100199396638
syscr: 44665309
syscw: 2460394
read_bytes: 33794085376
write_bytes: 100209262592
cancelled_write_bytes: 0

[2020-01-23T23:43:03-08:00]
rchar: 370164881053
wchar: 100389188062
syscr: 44837646
syscw: 2468039
read_bytes: 33817059840
write_bytes: 100398854144
cancelled_write_bytes: 0

[2020-01-23T23:43:06-08:00]
rchar: 372844647969
wchar: 101042512869
syscr: 45161664
syscw: 2484766
read_bytes: 33886872064
write_bytes: 101052248064
cancelled_write_bytes: 0

[2020-01-23T23:43:09-08:00]
rchar: 374639365775
wchar: 101428215247
syscr: 45379233
syscw: 2497268
read_bytes: 33936945664
write_bytes: 101437997056
cancelled_write_bytes: 0

[2020-01-23T23:43:12-08:00]
rchar: 376186996262
wchar: 102105664141
syscr: 45566805
syscw: 2509269
read_bytes: 33970856448
write_bytes: 102115508224
cancelled_write_bytes: 0

[2020-01-23T23:43:15-08:00]
rchar: 377136681469
wchar: 102493334244
syscr: 45681957
syscw: 2516042
read_bytes: 33986843136
write_bytes: 102503174144
cancelled_write_bytes: 0

[2020-01-23T23:43:18-08:00]
rchar: 379020715018
wchar: 103287158779
syscr: 45910422
syscw: 2528688
read_bytes: 34017616384
write_bytes: 103297089536
cancelled_write_bytes: 0

[2020-01-23T23:43:21-08:00]
rchar: 380012256306
wchar: 103718148051
syscr: 46030638
syscw: 2535752
read_bytes: 34033226240
write_bytes: 103728132096
cancelled_write_bytes: 0

[2020-01-23T23:43:24-08:00]
rchar: 381695196198
wchar: 104483099391
syscr: 46234676
syscw: 2547316
read_bytes: 34059854336
write_bytes: 104493150208
cancelled_write_bytes: 0

[2020-01-23T23:43:27-08:00]
rchar: 382104560315
wchar: 104620847760
syscr: 46284316
syscw: 2551305
read_bytes: 34068447744
write_bytes: 104631635968
cancelled_write_bytes: 0

[2020-01-23T23:43:30-08:00]
rchar: 383065163272
wchar: 105090851931
syscr: 46400534
syscw: 2560066
read_bytes: 34088673792
write_bytes: 105101025280
cancelled_write_bytes: 0

[2020-01-23T23:43:33-08:00]
rchar: 385212596855
wchar: 105570377842
syscr: 46660750
syscw: 2572405
read_bytes: 34207396352
write_bytes: 105580630016
cancelled_write_bytes: 0

[2020-01-23T23:43:36-08:00]
rchar: 387506136322
wchar: 105975708593
syscr: 46938851
syscw: 2584823
read_bytes: 34343051776
write_bytes: 105985982464
cancelled_write_bytes: 0

[2020-01-23T23:43:39-08:00]
rchar: 388476063801
wchar: 106272933735
syscr: 47056455
syscw: 2593258
read_bytes: 34386190848
write_bytes: 106283212800
cancelled_write_bytes: 0

[2020-01-23T23:43:42-08:00]
rchar: 391170943742
wchar: 106758942849
syscr: 47383134
syscw: 2604900
read_bytes: 34543985152
write_bytes: 106769281024
cancelled_write_bytes: 0

[2020-01-23T23:43:45-08:00]
rchar: 393908754102
wchar: 107205957467
syscr: 47715090
syscw: 2617934
read_bytes: 34691215872
write_bytes: 107216297984
cancelled_write_bytes: 0

[2020-01-23T23:43:48-08:00]
rchar: 395153806767
wchar: 107519593635
syscr: 47865976
syscw: 2627716
read_bytes: 34740199936
write_bytes: 107529986048
cancelled_write_bytes: 0

[2020-01-23T23:43:51-08:00]
rchar: 398231744116
wchar: 108005403268
syscr: 48239142
syscw: 2640108
read_bytes: 34895794688
write_bytes: 108016066560
cancelled_write_bytes: 0

[2020-01-23T23:43:54-08:00]
rchar: 400947860481
wchar: 108375898706
syscr: 48568424
syscw: 2651132
read_bytes: 35014013440
write_bytes: 108386357248
cancelled_write_bytes: 0

[2020-01-23T23:43:57-08:00]
rchar: 402471087343
wchar: 108715739578
syscr: 48753029
syscw: 2660383
read_bytes: 35061092864
write_bytes: 108726226944
cancelled_write_bytes: 0

[2020-01-23T23:44:00-08:00]
rchar: 405306467967
wchar: 109270338225
syscr: 49096818
syscw: 2672621
read_bytes: 35143107072
write_bytes: 109280866304
cancelled_write_bytes: 0

[2020-01-23T23:44:03-08:00]
rchar: 407584218139
wchar: 109690410771
syscr: 49372945
syscw: 2683860
read_bytes: 35202773504
write_bytes: 109701713920
cancelled_write_bytes: 0

[2020-01-23T23:44:06-08:00]
rchar: 409063008633
wchar: 109954398189
syscr: 49552100
syscw: 2691182
read_bytes: 35231257088
write_bytes: 109964996608
cancelled_write_bytes: 0

[2020-01-23T23:44:09-08:00]
rchar: 411939084268
wchar: 110466898357
syscr: 49900677
syscw: 2703621
read_bytes: 35269939712
write_bytes: 110477545472
cancelled_write_bytes: 0

[2020-01-23T23:44:12-08:00]
rchar: 415474488487
wchar: 110963469463
syscr: 50329329
syscw: 2716504
read_bytes: 35313422848
write_bytes: 110974152704
cancelled_write_bytes: 0

[2020-01-23T23:44:15-08:00]
rchar: 417372785204
wchar: 111241369451
syscr: 50559491
syscw: 2725177
read_bytes: 35337302528
write_bytes: 111252066304
cancelled_write_bytes: 0

[2020-01-23T23:44:18-08:00]
rchar: 420163542226
wchar: 111731611977
syscr: 50897773
syscw: 2737788
read_bytes: 35370775040
write_bytes: 111742345216
cancelled_write_bytes: 0

[2020-01-23T23:44:21-08:00]
rchar: 422447908438
wchar: 112517174769
syscr: 51173890
syscw: 2750794
read_bytes: 35401531904
write_bytes: 112527949824
cancelled_write_bytes: 0

[2020-01-23T23:44:24-08:00]
rchar: 423354130004
wchar: 112960634016
syscr: 51283781
syscw: 2758972
read_bytes: 35417330176
write_bytes: 112971440128
cancelled_write_bytes: 0

[2020-01-23T23:44:27-08:00]
rchar: 424275129023
wchar: 113428623078
syscr: 51395471
syscw: 2766889
read_bytes: 35433144832
write_bytes: 113439490048
cancelled_write_bytes: 0

[2020-01-23T23:44:30-08:00]
rchar: 424938091258
wchar: 113724105431
syscr: 51475862
syscw: 2773828
read_bytes: 35446370816
write_bytes: 113734979584
cancelled_write_bytes: 0

[2020-01-23T23:44:33-08:00]
rchar: 425767498001
wchar: 114164901218
syscr: 51576440
syscw: 2782122
read_bytes: 35461870080
write_bytes: 114175832064
cancelled_write_bytes: 0

[2020-01-23T23:44:36-08:00]
rchar: 426968108672
wchar: 114808266511
syscr: 51721950
syscw: 2792770
read_bytes: 35484373504
write_bytes: 114819239936
cancelled_write_bytes: 0

[2020-01-23T23:44:39-08:00]
rchar: 427803362420
wchar: 115218058603
syscr: 51823212
syscw: 2799559
read_bytes: 35496296960
write_bytes: 115229085696
cancelled_write_bytes: 0

[2020-01-23T23:44:42-08:00]
rchar: 428896921526
wchar: 115807482171
syscr: 51955732
syscw: 2807639
read_bytes: 35509977600
write_bytes: 115818573824
cancelled_write_bytes: 0

[2020-01-23T23:44:45-08:00]
rchar: 429723071347
wchar: 116303475586
syscr: 52055707
syscw: 2813327
read_bytes: 35518636544
write_bytes: 116314656768
cancelled_write_bytes: 0

[2020-01-23T23:44:48-08:00]
rchar: 430221171504
wchar: 116656431961
syscr: 52115989
syscw: 2816089
read_bytes: 35522249216
write_bytes: 116668588032
cancelled_write_bytes: 0

[2020-01-23T23:44:51-08:00]
rchar: 430769641233
wchar: 117128911441
syscr: 52182463
syscw: 2817644
read_bytes: 35523723776
write_bytes: 117140201472
cancelled_write_bytes: 0

[2020-01-23T23:44:54-08:00]
rchar: 430799717525
wchar: 117155493996
syscr: 52186078
syscw: 2817738
read_bytes: 35523813888
write_bytes: 117166817280
cancelled_write_bytes: 0

[2020-01-23T23:44:57-08:00]
rchar: 430799717525
wchar: 117155493996
syscr: 52186078
syscw: 2817738
read_bytes: 35523813888
write_bytes: 117166825472
cancelled_write_bytes: 0

[2020-01-23T23:45:00-08:00]
rchar: 430799717525
wchar: 117155493996
syscr: 52186078
syscw: 2817738
read_bytes: 35523813888
write_bytes: 117166825472
cancelled_write_bytes: 0

[2020-01-23T23:45:03-08:00]
rchar: 430799717525
wchar: 117155493996
syscr: 52186078
syscw: 2817738
read_bytes: 35523813888
write_bytes: 117166825472
cancelled_write_bytes: 0

[2020-01-23T23:45:06-08:00]
rchar: 430799717525
wchar: 117155493996
syscr: 52186078
syscw: 2817738
read_bytes: 35523813888
write_bytes: 117166825472
cancelled_write_bytes: 0

[2020-01-23T23:45:09-08:00]
rchar: 430799717525
wchar: 117155493996
syscr: 52186078
syscw: 2817738
read_bytes: 35523813888
write_bytes: 117166825472
cancelled_write_bytes: 0

[2020-01-23T23:45:12-08:00]
rchar: 430799717525
wchar: 117155493996
syscr: 52186078
syscw: 2817738
read_bytes: 35523813888
write_bytes: 117166825472
cancelled_write_bytes: 0

