[2020-01-24T00:58:22-08:00]
rchar: 16583973
wchar: 209
syscr: 2824
syscw: 10
read_bytes: 720896
write_bytes: 53248
cancelled_write_bytes: 0

[2020-01-24T00:58:25-08:00]
rchar: 16583973
wchar: 209
syscr: 2824
syscw: 10
read_bytes: 720896
write_bytes: 53248
cancelled_write_bytes: 0

[2020-01-24T00:58:28-08:00]
rchar: 16583973
wchar: 209
syscr: 2824
syscw: 10
read_bytes: 720896
write_bytes: 53248
cancelled_write_bytes: 0

[2020-01-24T00:58:31-08:00]
rchar: 16583973
wchar: 209
syscr: 2824
syscw: 10
read_bytes: 720896
write_bytes: 61440
cancelled_write_bytes: 0

[2020-01-24T00:58:34-08:00]
rchar: 16583973
wchar: 209
syscr: 2824
syscw: 10
read_bytes: 720896
write_bytes: 61440
cancelled_write_bytes: 0

[2020-01-24T00:58:37-08:00]
rchar: 16583973
wchar: 209
syscr: 2824
syscw: 10
read_bytes: 720896
write_bytes: 61440
cancelled_write_bytes: 0

[2020-01-24T00:58:40-08:00]
rchar: 16583973
wchar: 209
syscr: 2824
syscw: 10
read_bytes: 720896
write_bytes: 61440
cancelled_write_bytes: 0

[2020-01-24T00:58:43-08:00]
rchar: 16583973
wchar: 209
syscr: 2824
syscw: 10
read_bytes: 720896
write_bytes: 69632
cancelled_write_bytes: 0

[2020-01-24T00:58:46-08:00]
rchar: 16583973
wchar: 209
syscr: 2824
syscw: 10
read_bytes: 720896
write_bytes: 69632
cancelled_write_bytes: 0

[2020-01-24T00:58:49-08:00]
rchar: 58807015
wchar: 8275336
syscr: 5133
syscw: 1261
read_bytes: 48215552
write_bytes: 8380416
cancelled_write_bytes: 0

[2020-01-24T00:58:52-08:00]
rchar: 328375425
wchar: 219419979
syscr: 14178
syscw: 1701
read_bytes: 323803648
write_bytes: 219545600
cancelled_write_bytes: 0

[2020-01-24T00:58:55-08:00]
rchar: 848424769
wchar: 407230578
syscr: 77249
syscw: 29654
read_bytes: 1062222336
write_bytes: 407359488
cancelled_write_bytes: 0

[2020-01-24T00:58:58-08:00]
rchar: 1096524494
wchar: 677392718
syscr: 107256
syscw: 39897
read_bytes: 1406962176
write_bytes: 677527552
cancelled_write_bytes: 0

[2020-01-24T00:59:01-08:00]
rchar: 1950807423
wchar: 1029952124
syscr: 210847
syscw: 52615
read_bytes: 1859422720
write_bytes: 1030131712
cancelled_write_bytes: 0

[2020-01-24T00:59:04-08:00]
rchar: 2712651235
wchar: 1312854039
syscr: 303230
syscw: 64372
read_bytes: 2391583232
write_bytes: 1313042432
cancelled_write_bytes: 0

[2020-01-24T00:59:07-08:00]
rchar: 3333184687
wchar: 1653849145
syscr: 378393
syscw: 73861
read_bytes: 2713274880
write_bytes: 1654071296
cancelled_write_bytes: 0

[2020-01-24T00:59:10-08:00]
rchar: 4506263767
wchar: 1972251743
syscr: 520636
syscw: 85735
read_bytes: 3282024960
write_bytes: 1972531200
cancelled_write_bytes: 0

[2020-01-24T00:59:13-08:00]
rchar: 5287124948
wchar: 2270883596
syscr: 615320
syscw: 94173
read_bytes: 3648756224
write_bytes: 2271178752
cancelled_write_bytes: 0

[2020-01-24T00:59:16-08:00]
rchar: 6572236036
wchar: 2655763892
syscr: 771058
syscw: 105664
read_bytes: 4044081664
write_bytes: 2656088064
cancelled_write_bytes: 0

[2020-01-24T00:59:19-08:00]
rchar: 7480250952
wchar: 2832402188
syscr: 880641
syscw: 113636
read_bytes: 4265515520
write_bytes: 2832818176
cancelled_write_bytes: 0

[2020-01-24T00:59:22-08:00]
rchar: 8377186294
wchar: 3089493361
syscr: 989394
syscw: 122387
read_bytes: 4515097088
write_bytes: 3089915904
cancelled_write_bytes: 0

[2020-01-24T00:59:25-08:00]
rchar: 11144281801
wchar: 3294093175
syscr: 1324807
syscw: 139685
read_bytes: 5107915264
write_bytes: 3294527488
cancelled_write_bytes: 0

[2020-01-24T00:59:28-08:00]
rchar: 12246976504
wchar: 3620986234
syscr: 1458424
syscw: 147473
read_bytes: 5310835200
write_bytes: 3621445632
cancelled_write_bytes: 0

[2020-01-24T00:59:31-08:00]
rchar: 14204459053
wchar: 4092121286
syscr: 1695762
syscw: 158318
read_bytes: 5577902592
write_bytes: 4092604416
cancelled_write_bytes: 0

[2020-01-24T00:59:34-08:00]
rchar: 16025768134
wchar: 4569623246
syscr: 1916594
syscw: 168359
read_bytes: 5819816448
write_bytes: 4570140672
cancelled_write_bytes: 0

[2020-01-24T00:59:37-08:00]
rchar: 16954770860
wchar: 5014447659
syscr: 2029242
syscw: 174282
read_bytes: 5940214272
write_bytes: 5014990848
cancelled_write_bytes: 0

[2020-01-24T00:59:40-08:00]
rchar: 17526329038
wchar: 5185842688
syscr: 2097958
syscw: 179842
read_bytes: 6067325440
write_bytes: 5186453504
cancelled_write_bytes: 0

[2020-01-24T00:59:43-08:00]
rchar: 18732777461
wchar: 5521539029
syscr: 2244253
syscw: 191805
read_bytes: 6410082816
write_bytes: 5522227200
cancelled_write_bytes: 0

[2020-01-24T00:59:46-08:00]
rchar: 19471461881
wchar: 5765908479
syscr: 2333819
syscw: 199854
read_bytes: 6702684672
write_bytes: 5766635520
cancelled_write_bytes: 0

[2020-01-24T00:59:49-08:00]
rchar: 20701831072
wchar: 6126093786
syscr: 2482922
syscw: 210630
read_bytes: 7088138752
write_bytes: 6126845952
cancelled_write_bytes: 0

[2020-01-24T00:59:52-08:00]
rchar: 22304986603
wchar: 6338728181
syscr: 2677286
syscw: 223421
read_bytes: 7482534400
write_bytes: 6339522560
cancelled_write_bytes: 0

[2020-01-24T00:59:55-08:00]
rchar: 24184708767
wchar: 6657325092
syscr: 2905113
syscw: 236859
read_bytes: 7847700992
write_bytes: 6658138112
cancelled_write_bytes: 0

[2020-01-24T00:59:58-08:00]
rchar: 25917168098
wchar: 6915682014
syscr: 3115169
syscw: 247664
read_bytes: 8173701632
write_bytes: 6916509696
cancelled_write_bytes: 0

[2020-01-24T01:00:01-08:00]
rchar: 26647715303
wchar: 7139383953
syscr: 3203663
syscw: 252897
read_bytes: 8263494144
write_bytes: 7140233216
cancelled_write_bytes: 0

[2020-01-24T01:00:04-08:00]
rchar: 28628867230
wchar: 7651649262
syscr: 3443877
syscw: 264143
read_bytes: 8495536640
write_bytes: 7653425152
cancelled_write_bytes: 0

[2020-01-24T01:00:07-08:00]
rchar: 30529339481
wchar: 8154234508
syscr: 3674306
syscw: 275250
read_bytes: 8716732928
write_bytes: 8155152384
cancelled_write_bytes: 0

[2020-01-24T01:00:10-08:00]
rchar: 31371732899
wchar: 8560847083
syscr: 3775863
syscw: 281657
read_bytes: 8826481152
write_bytes: 8561819648
cancelled_write_bytes: 0

[2020-01-24T01:00:13-08:00]
rchar: 32786627679
wchar: 8936856794
syscr: 3947411
syscw: 294855
read_bytes: 9156987392
write_bytes: 8937877504
cancelled_write_bytes: 0

[2020-01-24T01:00:16-08:00]
rchar: 33717725745
wchar: 9167925070
syscr: 4060302
syscw: 304634
read_bytes: 9432893952
write_bytes: 9168973824
cancelled_write_bytes: 0

[2020-01-24T01:00:19-08:00]
rchar: 34483572605
wchar: 9474030374
syscr: 4153080
syscw: 312129
read_bytes: 9640593920
write_bytes: 9475104768
cancelled_write_bytes: 0

[2020-01-24T01:00:22-08:00]
rchar: 36174592474
wchar: 9821928884
syscr: 4358103
syscw: 324305
read_bytes: 9985305088
write_bytes: 9824047104
cancelled_write_bytes: 0

[2020-01-24T01:00:25-08:00]
rchar: 37198939525
wchar: 10161961665
syscr: 4482287
syscw: 332701
read_bytes: 10234944000
write_bytes: 10163093504
cancelled_write_bytes: 0

[2020-01-24T01:00:28-08:00]
rchar: 38988758102
wchar: 10462626346
syscr: 4699221
syscw: 344250
read_bytes: 10585147904
write_bytes: 10463793152
cancelled_write_bytes: 0

[2020-01-24T01:00:31-08:00]
rchar: 40709079907
wchar: 10719835552
syscr: 4907786
syscw: 355265
read_bytes: 10934000128
write_bytes: 10721021952
cancelled_write_bytes: 0

[2020-01-24T01:00:34-08:00]
rchar: 41247649560
wchar: 10978521788
syscr: 4973006
syscw: 360659
read_bytes: 11032680960
write_bytes: 10979733504
cancelled_write_bytes: 0

[2020-01-24T01:00:37-08:00]
rchar: 43425970863
wchar: 11393666529
syscr: 5237105
syscw: 372842
read_bytes: 11313330688
write_bytes: 11394916352
cancelled_write_bytes: 0

[2020-01-24T01:00:40-08:00]
rchar: 45387493287
wchar: 11920893562
syscr: 5474939
syscw: 384153
read_bytes: 11509008896
write_bytes: 11922190336
cancelled_write_bytes: 0

[2020-01-24T01:00:43-08:00]
rchar: 46302170111
wchar: 12385411807
syscr: 5585762
syscw: 390687
read_bytes: 11594127872
write_bytes: 12386734080
cancelled_write_bytes: 0

[2020-01-24T01:00:46-08:00]
rchar: 48080362604
wchar: 12788781082
syscr: 5801367
syscw: 400410
read_bytes: 11750595072
write_bytes: 12790136832
cancelled_write_bytes: 0

[2020-01-24T01:00:49-08:00]
rchar: 49409357967
wchar: 13179021450
syscr: 5961933
syscw: 412096
read_bytes: 11977398784
write_bytes: 13180444672
cancelled_write_bytes: 0

[2020-01-24T01:00:52-08:00]
rchar: 50268428217
wchar: 13604683266
syscr: 6066108
syscw: 419935
read_bytes: 12120705536
write_bytes: 13607108608
cancelled_write_bytes: 0

[2020-01-24T01:00:55-08:00]
rchar: 51839609957
wchar: 13986479802
syscr: 6256516
syscw: 431428
read_bytes: 12404787712
write_bytes: 13987975168
cancelled_write_bytes: 0

[2020-01-24T01:00:58-08:00]
rchar: 52970344847
wchar: 14285173241
syscr: 6393598
syscw: 441199
read_bytes: 12563036672
write_bytes: 14286716928
cancelled_write_bytes: 0

[2020-01-24T01:01:01-08:00]
rchar: 53965085983
wchar: 14665325536
syscr: 6514198
syscw: 449363
read_bytes: 12716145152
write_bytes: 14666891264
cancelled_write_bytes: 0

[2020-01-24T01:01:05-08:00]
rchar: 55750154126
wchar: 14941745129
syscr: 6730561
syscw: 460245
read_bytes: 13043694080
write_bytes: 14943342592
cancelled_write_bytes: 0

[2020-01-24T01:01:08-08:00]
rchar: 57658542014
wchar: 15280598073
syscr: 6961929
syscw: 471950
read_bytes: 13339089408
write_bytes: 15282225152
cancelled_write_bytes: 0

[2020-01-24T01:01:11-08:00]
rchar: 58000003121
wchar: 15493903580
syscr: 7003331
syscw: 476104
read_bytes: 13397817856
write_bytes: 15495540736
cancelled_write_bytes: 0

[2020-01-24T01:01:14-08:00]
rchar: 60129512106
wchar: 15920958433
syscr: 7261415
syscw: 487917
read_bytes: 13636422144
write_bytes: 15922647040
cancelled_write_bytes: 0

[2020-01-24T01:01:17-08:00]
rchar: 62117459329
wchar: 16467300629
syscr: 7502455
syscw: 499508
read_bytes: 13812398592
write_bytes: 16469024768
cancelled_write_bytes: 0

[2020-01-24T01:01:20-08:00]
rchar: 63044380184
wchar: 16800168556
syscr: 7614848
syscw: 505772
read_bytes: 13899725312
write_bytes: 16801910784
cancelled_write_bytes: 0

[2020-01-24T01:01:23-08:00]
rchar: 64320729530
wchar: 17167130705
syscr: 7769521
syscw: 513025
read_bytes: 13999462912
write_bytes: 17168904192
cancelled_write_bytes: 0

[2020-01-24T01:01:26-08:00]
rchar: 66218830988
wchar: 17598947597
syscr: 7999072
syscw: 525259
read_bytes: 14271527424
write_bytes: 17600761856
cancelled_write_bytes: 0

[2020-01-24T01:01:29-08:00]
rchar: 67312029548
wchar: 17977090558
syscr: 8131599
syscw: 535071
read_bytes: 14438177280
write_bytes: 17978945536
cancelled_write_bytes: 0

[2020-01-24T01:01:32-08:00]
rchar: 68489679668
wchar: 18362208715
syscr: 8274291
syscw: 545983
read_bytes: 14613158400
write_bytes: 18365042688
cancelled_write_bytes: 0

[2020-01-24T01:01:35-08:00]
rchar: 70128099526
wchar: 18700401161
syscr: 8472930
syscw: 558502
read_bytes: 14855637504
write_bytes: 18702340096
cancelled_write_bytes: 0

[2020-01-24T01:01:38-08:00]
rchar: 71112449296
wchar: 19028461871
syscr: 8592203
syscw: 567351
read_bytes: 15036041728
write_bytes: 19030421504
cancelled_write_bytes: 0

[2020-01-24T01:01:41-08:00]
rchar: 73271742006
wchar: 19474173693
syscr: 8854000
syscw: 580776
read_bytes: 15264098816
write_bytes: 19477053440
cancelled_write_bytes: 0

[2020-01-24T01:01:44-08:00]
rchar: 74730388056
wchar: 19833843312
syscr: 9030834
syscw: 591140
read_bytes: 15409646080
write_bytes: 19835899904
cancelled_write_bytes: 0

[2020-01-24T01:01:47-08:00]
rchar: 75705370896
wchar: 20219790527
syscr: 9148954
syscw: 598411
read_bytes: 15521294848
write_bytes: 20221890560
cancelled_write_bytes: 0

[2020-01-24T01:01:50-08:00]
rchar: 78063485428
wchar: 20539508183
syscr: 9434844
syscw: 609986
read_bytes: 15821273600
write_bytes: 20541628416
cancelled_write_bytes: 0

[2020-01-24T01:01:53-08:00]
rchar: 79664445669
wchar: 20949021125
syscr: 9628962
syscw: 619979
read_bytes: 15950322176
write_bytes: 20951166976
cancelled_write_bytes: 0

[2020-01-24T01:01:56-08:00]
rchar: 80652210472
wchar: 21373069477
syscr: 9748651
syscw: 627076
read_bytes: 16029944320
write_bytes: 21375680512
cancelled_write_bytes: 0

[2020-01-24T01:01:59-08:00]
rchar: 82951876867
wchar: 21885128970
syscr: 10027484
syscw: 639007
read_bytes: 16192154112
write_bytes: 21887545344
cancelled_write_bytes: 0

[2020-01-24T01:02:02-08:00]
rchar: 84615725751
wchar: 22265993082
syscr: 10229225
syscw: 648456
read_bytes: 16309561856
write_bytes: 22268223488
cancelled_write_bytes: 0

[2020-01-24T01:02:05-08:00]
rchar: 85709988890
wchar: 22538348374
syscr: 10361287
syscw: 657090
read_bytes: 16480385536
write_bytes: 22540619776
cancelled_write_bytes: 0

[2020-01-24T01:02:08-08:00]
rchar: 87275321694
wchar: 23046952431
syscr: 10550984
syscw: 669467
read_bytes: 16671275520
write_bytes: 23049269248
cancelled_write_bytes: 0

[2020-01-24T01:02:11-08:00]
rchar: 89035686740
wchar: 23511870234
syscr: 10764384
syscw: 682192
read_bytes: 16864164352
write_bytes: 23514243072
cancelled_write_bytes: 0

[2020-01-24T01:02:14-08:00]
rchar: 89964595543
wchar: 23911429174
syscr: 10876915
syscw: 690146
read_bytes: 16962517504
write_bytes: 23913861120
cancelled_write_bytes: 0

[2020-01-24T01:02:17-08:00]
rchar: 91530949651
wchar: 24216205886
syscr: 11066821
syscw: 701291
read_bytes: 17129626112
write_bytes: 24218681344
cancelled_write_bytes: 0

[2020-01-24T01:02:20-08:00]
rchar: 93582170899
wchar: 24566326101
syscr: 11315536
syscw: 713189
read_bytes: 17395436032
write_bytes: 24568819712
cancelled_write_bytes: 0

[2020-01-24T01:02:23-08:00]
rchar: 94816515162
wchar: 25087517104
syscr: 11465090
syscw: 722654
read_bytes: 17488337408
write_bytes: 25090064384
cancelled_write_bytes: 0

[2020-01-24T01:02:26-08:00]
rchar: 96867770118
wchar: 25608538339
syscr: 11713736
syscw: 734433
read_bytes: 17640700416
write_bytes: 25611141120
cancelled_write_bytes: 0

[2020-01-24T01:02:29-08:00]
rchar: 98663613313
wchar: 26065912984
syscr: 11931484
syscw: 745218
read_bytes: 17776019968
write_bytes: 26068578304
cancelled_write_bytes: 0

[2020-01-24T01:02:32-08:00]
rchar: 99622562840
wchar: 26496601262
syscr: 12047760
syscw: 752393
read_bytes: 17846946304
write_bytes: 26499260416
cancelled_write_bytes: 0

[2020-01-24T01:02:35-08:00]
rchar: 101264402325
wchar: 26881620571
syscr: 12246747
syscw: 762046
read_bytes: 17951451648
write_bytes: 26884321280
cancelled_write_bytes: 0

[2020-01-24T01:02:38-08:00]
rchar: 103390472735
wchar: 27370705484
syscr: 12504535
syscw: 773768
read_bytes: 18090539520
write_bytes: 27373432832
cancelled_write_bytes: 0

[2020-01-24T01:02:41-08:00]
rchar: 104502448624
wchar: 27726236759
syscr: 12638710
syscw: 783377
read_bytes: 18218428928
write_bytes: 27729301504
cancelled_write_bytes: 0

[2020-01-24T01:02:44-08:00]
rchar: 105655437370
wchar: 28192063469
syscr: 12778410
syscw: 794144
read_bytes: 18337507840
write_bytes: 28194897920
cancelled_write_bytes: 0

[2020-01-24T01:02:47-08:00]
rchar: 107277752964
wchar: 28585980598
syscr: 12975103
syscw: 806731
read_bytes: 18504149504
write_bytes: 28588863488
cancelled_write_bytes: 0

[2020-01-24T01:02:50-08:00]
rchar: 108445755972
wchar: 29005012280
syscr: 13116709
syscw: 815747
read_bytes: 18619980288
write_bytes: 29008265216
cancelled_write_bytes: 0

[2020-01-24T01:02:53-08:00]
rchar: 110208933820
wchar: 29456586279
syscr: 13330386
syscw: 827442
read_bytes: 18773281280
write_bytes: 29459558400
cancelled_write_bytes: 0

[2020-01-24T01:02:56-08:00]
rchar: 111918663110
wchar: 29717814433
syscr: 13537661
syscw: 838957
read_bytes: 18984045056
write_bytes: 29720813568
cancelled_write_bytes: 0

[2020-01-24T01:02:59-08:00]
rchar: 113095839566
wchar: 30083789742
syscr: 13680315
syscw: 847695
read_bytes: 19131046400
write_bytes: 30086819840
cancelled_write_bytes: 0

[2020-01-24T01:03:02-08:00]
rchar: 114264214824
wchar: 30562626732
syscr: 13821991
syscw: 854786
read_bytes: 19211545088
write_bytes: 30565699584
cancelled_write_bytes: 0

[2020-01-24T01:03:05-08:00]
rchar: 115871471940
wchar: 30849603333
syscr: 14016768
syscw: 863692
read_bytes: 19372165632
write_bytes: 30852734976
cancelled_write_bytes: 0

[2020-01-24T01:03:08-08:00]
rchar: 118019825831
wchar: 31404367044
syscr: 14277258
syscw: 875812
read_bytes: 19514952192
write_bytes: 31407534080
cancelled_write_bytes: 0

[2020-01-24T01:03:11-08:00]
rchar: 118662619512
wchar: 31742458317
syscr: 14355114
syscw: 881120
read_bytes: 19557571072
write_bytes: 31745646592
cancelled_write_bytes: 0

[2020-01-24T01:03:14-08:00]
rchar: 120764110648
wchar: 32194727979
syscr: 14609914
syscw: 892639
read_bytes: 19682376192
write_bytes: 32197976064
cancelled_write_bytes: 0

[2020-01-24T01:03:17-08:00]
rchar: 123239156673
wchar: 32746121892
syscr: 14910015
syscw: 905895
read_bytes: 19830979072
write_bytes: 32749400064
cancelled_write_bytes: 0

[2020-01-24T01:03:20-08:00]
rchar: 124002525277
wchar: 33128276593
syscr: 15001945
syscw: 912892
read_bytes: 19907578368
write_bytes: 33131581440
cancelled_write_bytes: 0

[2020-01-24T01:03:23-08:00]
rchar: 124975314514
wchar: 33413114306
syscr: 15119795
syscw: 920754
read_bytes: 19993569792
write_bytes: 33416466432
cancelled_write_bytes: 0

[2020-01-24T01:03:26-08:00]
rchar: 126887582757
wchar: 33874574639
syscr: 15351617
syscw: 934738
read_bytes: 20172384768
write_bytes: 33878683648
cancelled_write_bytes: 0

[2020-01-24T01:03:29-08:00]
rchar: 127874432555
wchar: 34256111444
syscr: 15471242
syscw: 942804
read_bytes: 20263344640
write_bytes: 34259546112
cancelled_write_bytes: 0

[2020-01-24T01:03:32-08:00]
rchar: 128895124260
wchar: 34556600585
syscr: 15594923
syscw: 950302
read_bytes: 20340726272
write_bytes: 34560057344
cancelled_write_bytes: 0

[2020-01-24T01:03:35-08:00]
rchar: 130987303913
wchar: 35030940737
syscr: 15848543
syscw: 963908
read_bytes: 20501981696
write_bytes: 35034460160
cancelled_write_bytes: 0

[2020-01-24T01:03:38-08:00]
rchar: 132205074213
wchar: 35314317003
syscr: 15996205
syscw: 972053
read_bytes: 20596673024
write_bytes: 35317866496
cancelled_write_bytes: 0

[2020-01-24T01:03:41-08:00]
rchar: 132930033289
wchar: 35745248157
syscr: 16083993
syscw: 977794
read_bytes: 20639816192
write_bytes: 35748855808
cancelled_write_bytes: 0

[2020-01-24T01:03:44-08:00]
rchar: 134905843806
wchar: 36342752635
syscr: 16323518
syscw: 989787
read_bytes: 20754311680
write_bytes: 36346433536
cancelled_write_bytes: 0

[2020-01-24T01:03:47-08:00]
rchar: 136870496192
wchar: 36837841361
syscr: 16561711
syscw: 1001157
read_bytes: 20877904384
write_bytes: 36841562112
cancelled_write_bytes: 0

[2020-01-24T01:03:50-08:00]
rchar: 137903710677
wchar: 37125164719
syscr: 16686991
syscw: 1008332
read_bytes: 20940986880
write_bytes: 37128912896
cancelled_write_bytes: 0

[2020-01-24T01:03:53-08:00]
rchar: 139693781622
wchar: 37707825871
syscr: 16903954
syscw: 1019218
read_bytes: 21042948608
write_bytes: 37711613952
cancelled_write_bytes: 0

[2020-01-24T01:03:56-08:00]
rchar: 141793446097
wchar: 38214178255
syscr: 17158539
syscw: 1030679
read_bytes: 21157427712
write_bytes: 38217998336
cancelled_write_bytes: 0

[2020-01-24T01:03:59-08:00]
rchar: 143028731302
wchar: 38586337808
syscr: 17307684
syscw: 1040715
read_bytes: 21277698560
write_bytes: 38590201856
cancelled_write_bytes: 0

[2020-01-24T01:04:02-08:00]
rchar: 144095617472
wchar: 39034739461
syscr: 17436942
syscw: 1050622
read_bytes: 21375793664
write_bytes: 39038644224
cancelled_write_bytes: 0

[2020-01-24T01:04:05-08:00]
rchar: 145763286964
wchar: 39454683299
syscr: 17639125
syscw: 1063626
read_bytes: 21516716544
write_bytes: 39458627584
cancelled_write_bytes: 0

[2020-01-24T01:04:08-08:00]
rchar: 146895665650
wchar: 39754493408
syscr: 17776399
syscw: 1072548
read_bytes: 21611776512
write_bytes: 39758479360
cancelled_write_bytes: 0

[2020-01-24T01:04:11-08:00]
rchar: 148189195111
wchar: 40202574620
syscr: 17933121
syscw: 1083388
read_bytes: 21713377792
write_bytes: 40206606336
cancelled_write_bytes: 0

[2020-01-24T01:04:14-08:00]
rchar: 150163459502
wchar: 40655431373
syscr: 18172472
syscw: 1096865
read_bytes: 21854784000
write_bytes: 40659513344
cancelled_write_bytes: 0

[2020-01-24T01:04:17-08:00]
rchar: 151615992777
wchar: 41100762446
syscr: 18348602
syscw: 1106801
read_bytes: 21957450240
write_bytes: 41104900096
cancelled_write_bytes: 0

[2020-01-24T01:04:20-08:00]
rchar: 152804005925
wchar: 41426808102
syscr: 18492527
syscw: 1115441
read_bytes: 22030137856
write_bytes: 41430999040
cancelled_write_bytes: 0

[2020-01-24T01:04:23-08:00]
rchar: 155149488889
wchar: 41919944412
syscr: 18776880
syscw: 1128332
read_bytes: 22173530624
write_bytes: 41924329472
cancelled_write_bytes: 0

[2020-01-24T01:04:26-08:00]
rchar: 156664693875
wchar: 42340841097
syscr: 18960603
syscw: 1136958
read_bytes: 22258006528
write_bytes: 42345099264
cancelled_write_bytes: 0

[2020-01-24T01:04:29-08:00]
rchar: 157361932149
wchar: 42681144472
syscr: 19045061
syscw: 1142737
read_bytes: 22297643520
write_bytes: 42685423616
cancelled_write_bytes: 0

[2020-01-24T01:04:32-08:00]
rchar: 159954060237
wchar: 43239841139
syscr: 19359355
syscw: 1156025
read_bytes: 22430439936
write_bytes: 43244158976
cancelled_write_bytes: 0

[2020-01-24T01:04:35-08:00]
rchar: 161546465502
wchar: 43603271316
syscr: 19551792
syscw: 1165571
read_bytes: 22512187904
write_bytes: 43607617536
cancelled_write_bytes: 0

[2020-01-24T01:04:38-08:00]
rchar: 162470341526
wchar: 44076777625
syscr: 19663825
syscw: 1174771
read_bytes: 22598908416
write_bytes: 44081152000
cancelled_write_bytes: 0

[2020-01-24T01:04:41-08:00]
rchar: 164336540082
wchar: 44531893635
syscr: 19889960
syscw: 1188843
read_bytes: 22748461568
write_bytes: 44536324096
cancelled_write_bytes: 0

[2020-01-24T01:04:44-08:00]
rchar: 165721047614
wchar: 44912394204
syscr: 20057811
syscw: 1200073
read_bytes: 22856636928
write_bytes: 44916871168
cancelled_write_bytes: 0

[2020-01-24T01:04:47-08:00]
rchar: 166562455986
wchar: 45338458077
syscr: 20159760
syscw: 1208472
read_bytes: 22919571968
write_bytes: 45342982144
cancelled_write_bytes: 0

[2020-01-24T01:04:50-08:00]
rchar: 168897828924
wchar: 45807113192
syscr: 20442876
syscw: 1222739
read_bytes: 23078083072
write_bytes: 45811687424
cancelled_write_bytes: 0

[2020-01-24T01:04:53-08:00]
rchar: 170531887411
wchar: 46184148480
syscr: 20640972
syscw: 1233146
read_bytes: 23186008576
write_bytes: 46188752896
cancelled_write_bytes: 0

[2020-01-24T01:04:56-08:00]
rchar: 171269833795
wchar: 46571693972
syscr: 20730370
syscw: 1239384
read_bytes: 23229323776
write_bytes: 46576336896
cancelled_write_bytes: 0

[2020-01-24T01:04:59-08:00]
rchar: 172933742484
wchar: 47186422175
syscr: 20932095
syscw: 1249846
read_bytes: 23301917184
write_bytes: 47191134208
cancelled_write_bytes: 0

[2020-01-24T01:05:02-08:00]
rchar: 174058463554
wchar: 47482096243
syscr: 21068386
syscw: 1256766
read_bytes: 23361538560
write_bytes: 47486849024
cancelled_write_bytes: 0

[2020-01-24T01:05:05-08:00]
rchar: 176287076990
wchar: 48048791851
syscr: 21338609
syscw: 1270061
read_bytes: 23481260544
write_bytes: 48053583872
cancelled_write_bytes: 0

[2020-01-24T01:05:08-08:00]
rchar: 177581410881
wchar: 48479220156
syscr: 21495465
syscw: 1278855
read_bytes: 23549049344
write_bytes: 48484052992
cancelled_write_bytes: 0

[2020-01-24T01:05:11-08:00]
rchar: 179365202506
wchar: 48871417274
syscr: 21711751
syscw: 1288816
read_bytes: 23633037824
write_bytes: 48876269568
cancelled_write_bytes: 0

[2020-01-24T01:05:14-08:00]
rchar: 181693900378
wchar: 49385952206
syscr: 21993457
syscw: 1301921
read_bytes: 23765932544
write_bytes: 49390850048
cancelled_write_bytes: 0

[2020-01-24T01:05:17-08:00]
rchar: 182601677055
wchar: 49840246488
syscr: 22103452
syscw: 1310899
read_bytes: 23834188288
write_bytes: 49846226944
cancelled_write_bytes: 0

[2020-01-24T01:05:20-08:00]
rchar: 184007667535
wchar: 50205581550
syscr: 22273880
syscw: 1322480
read_bytes: 23935203840
write_bytes: 50210578432
cancelled_write_bytes: 0

[2020-01-24T01:05:23-08:00]
rchar: 185695655211
wchar: 50609594737
syscr: 22478528
syscw: 1334981
read_bytes: 24061577728
write_bytes: 50614632448
cancelled_write_bytes: 0

[2020-01-24T01:05:26-08:00]
rchar: 186907627913
wchar: 51061890901
syscr: 22625380
syscw: 1345003
read_bytes: 24141842944
write_bytes: 51066970112
cancelled_write_bytes: 0

[2020-01-24T01:05:29-08:00]
rchar: 188841687174
wchar: 51485325172
syscr: 22859852
syscw: 1358384
read_bytes: 24260405760
write_bytes: 51490463744
cancelled_write_bytes: 0

[2020-01-24T01:05:32-08:00]
rchar: 190365652090
wchar: 51909786919
syscr: 23044596
syscw: 1369109
read_bytes: 24355867136
write_bytes: 51915096064
cancelled_write_bytes: 0

[2020-01-24T01:05:35-08:00]
rchar: 191059033876
wchar: 52263934406
syscr: 23128591
syscw: 1374583
read_bytes: 24385796608
write_bytes: 52269142016
cancelled_write_bytes: 0

[2020-01-24T01:05:38-08:00]
rchar: 193003075349
wchar: 52954745162
syscr: 23364277
syscw: 1386489
read_bytes: 24466487808
write_bytes: 52960026624
cancelled_write_bytes: 0

[2020-01-24T01:05:41-08:00]
rchar: 195079586870
wchar: 53446207622
syscr: 23615969
syscw: 1398187
read_bytes: 24570817024
write_bytes: 53451542528
cancelled_write_bytes: 0

[2020-01-24T01:05:44-08:00]
rchar: 196132619734
wchar: 53752746039
syscr: 23743653
syscw: 1405542
read_bytes: 24621951488
write_bytes: 53758951424
cancelled_write_bytes: 0

[2020-01-24T01:05:47-08:00]
rchar: 197347631086
wchar: 54153941062
syscr: 23890887
syscw: 1413940
read_bytes: 24679373312
write_bytes: 54159339520
cancelled_write_bytes: 0

[2020-01-24T01:05:50-08:00]
rchar: 199907390900
wchar: 54705040910
syscr: 24201257
syscw: 1427357
read_bytes: 24792209920
write_bytes: 54710804480
cancelled_write_bytes: 0

[2020-01-24T01:05:53-08:00]
rchar: 201482785944
wchar: 55153058753
syscr: 24391639
syscw: 1438551
read_bytes: 24892692992
write_bytes: 55158538240
cancelled_write_bytes: 0

[2020-01-24T01:05:56-08:00]
rchar: 201795298749
wchar: 55421273571
syscr: 24429452
syscw: 1443287
read_bytes: 24916896256
write_bytes: 55426785280
cancelled_write_bytes: 0

[2020-01-24T01:05:59-08:00]
rchar: 203813388494
wchar: 55911253373
syscr: 24674116
syscw: 1457684
read_bytes: 25055062528
write_bytes: 55916806144
cancelled_write_bytes: 0

[2020-01-24T01:06:02-08:00]
rchar: 205345296441
wchar: 56321698660
syscr: 24859841
syscw: 1469426
read_bytes: 25156880896
write_bytes: 56327286784
cancelled_write_bytes: 0

[2020-01-24T01:06:05-08:00]
rchar: 206048675774
wchar: 56639969304
syscr: 24945003
syscw: 1476150
read_bytes: 25203628544
write_bytes: 56645611520
cancelled_write_bytes: 0

[2020-01-24T01:06:08-08:00]
rchar: 208355055816
wchar: 57104281702
syscr: 25224654
syscw: 1490036
read_bytes: 25338489344
write_bytes: 57109962752
cancelled_write_bytes: 0

[2020-01-24T01:06:11-08:00]
rchar: 209870069524
wchar: 57524213265
syscr: 25408321
syscw: 1500100
read_bytes: 25426082304
write_bytes: 57529950208
cancelled_write_bytes: 0

[2020-01-24T01:06:14-08:00]
rchar: 210876895014
wchar: 58012530899
syscr: 25530326
syscw: 1507361
read_bytes: 25473841664
write_bytes: 58018308096
cancelled_write_bytes: 0

[2020-01-24T01:06:17-08:00]
rchar: 212278821280
wchar: 58554314514
syscr: 25700286
syscw: 1516716
read_bytes: 25604008448
write_bytes: 58560151552
cancelled_write_bytes: 0

[2020-01-24T01:06:20-08:00]
rchar: 213873350694
wchar: 59164695619
syscr: 25893604
syscw: 1526083
read_bytes: 25798466048
write_bytes: 59170598912
cancelled_write_bytes: 0

[2020-01-24T01:06:23-08:00]
rchar: 215044086718
wchar: 59557478204
syscr: 26035536
syscw: 1534991
read_bytes: 25926556160
write_bytes: 59563401216
cancelled_write_bytes: 0

[2020-01-24T01:06:26-08:00]
rchar: 216359343756
wchar: 60158053452
syscr: 26194994
syscw: 1542986
read_bytes: 26033142272
write_bytes: 60164055040
cancelled_write_bytes: 0

[2020-01-24T01:06:29-08:00]
rchar: 216922077116
wchar: 60386030260
syscr: 26263235
syscw: 1547848
read_bytes: 26082552320
write_bytes: 60392054784
cancelled_write_bytes: 0

[2020-01-24T01:06:32-08:00]
rchar: 218170957303
wchar: 60909990912
syscr: 26414534
syscw: 1556390
read_bytes: 26207619584
write_bytes: 60916056064
cancelled_write_bytes: 0

[2020-01-24T01:06:35-08:00]
rchar: 219303246973
wchar: 61285971964
syscr: 26551790
syscw: 1564393
read_bytes: 26287090176
write_bytes: 61292122112
cancelled_write_bytes: 0

[2020-01-24T01:06:38-08:00]
rchar: 221361739945
wchar: 61943441043
syscr: 26801326
syscw: 1576169
read_bytes: 26423974400
write_bytes: 61949648896
cancelled_write_bytes: 0

[2020-01-24T01:06:41-08:00]
rchar: 223021402492
wchar: 62400859909
syscr: 27002539
syscw: 1586202
read_bytes: 26514422272
write_bytes: 62407110656
cancelled_write_bytes: 0

[2020-01-24T01:06:44-08:00]
rchar: 224242485428
wchar: 62835529793
syscr: 27150599
syscw: 1594930
read_bytes: 26581846528
write_bytes: 62841802752
cancelled_write_bytes: 0

[2020-01-24T01:06:47-08:00]
rchar: 225833455701
wchar: 63149689061
syscr: 27342723
syscw: 1605442
read_bytes: 26674637312
write_bytes: 63156023296
cancelled_write_bytes: 0

[2020-01-24T01:06:50-08:00]
rchar: 227877101406
wchar: 63563478038
syscr: 27590501
syscw: 1618820
read_bytes: 26806950400
write_bytes: 63569842176
cancelled_write_bytes: 0

[2020-01-24T01:06:53-08:00]
rchar: 228390191445
wchar: 63868365973
syscr: 27652634
syscw: 1624509
read_bytes: 26836175360
write_bytes: 63874756608
cancelled_write_bytes: 0

[2020-01-24T01:06:56-08:00]
rchar: 230772687412
wchar: 64345700277
syscr: 27941461
syscw: 1639139
read_bytes: 26959895040
write_bytes: 64352137216
cancelled_write_bytes: 0

[2020-01-24T01:06:59-08:00]
rchar: 232392109752
wchar: 64725878995
syscr: 28137788
syscw: 1649500
read_bytes: 27043084800
write_bytes: 64732348416
cancelled_write_bytes: 0

[2020-01-24T01:07:02-08:00]
rchar: 233239966124
wchar: 65051814068
syscr: 28240510
syscw: 1656061
read_bytes: 27083590144
write_bytes: 65058316288
cancelled_write_bytes: 0

[2020-01-24T01:07:05-08:00]
rchar: 236039120606
wchar: 65553751753
syscr: 28579848
syscw: 1671458
read_bytes: 27210377728
write_bytes: 65560317952
cancelled_write_bytes: 0

[2020-01-24T01:07:08-08:00]
rchar: 237508241904
wchar: 65863709826
syscr: 28757949
syscw: 1681608
read_bytes: 27275192832
write_bytes: 65870315520
cancelled_write_bytes: 0

[2020-01-24T01:07:11-08:00]
rchar: 239015115693
wchar: 66298408061
syscr: 28940576
syscw: 1692242
read_bytes: 27337390592
write_bytes: 66305060864
cancelled_write_bytes: 0

[2020-01-24T01:07:14-08:00]
rchar: 241451583730
wchar: 66835673364
syscr: 29235961
syscw: 1705010
read_bytes: 27426269696
write_bytes: 66842365952
cancelled_write_bytes: 0

[2020-01-24T01:07:17-08:00]
rchar: 243441530407
wchar: 67259027547
syscr: 29477243
syscw: 1715111
read_bytes: 27498805760
write_bytes: 67265740800
cancelled_write_bytes: 0

[2020-01-24T01:07:20-08:00]
rchar: 244514863684
wchar: 67600913128
syscr: 29607299
syscw: 1721743
read_bytes: 27539012096
write_bytes: 67607654400
cancelled_write_bytes: 0

[2020-01-24T01:07:23-08:00]
rchar: 246926322245
wchar: 68034720297
syscr: 29899683
syscw: 1734010
read_bytes: 27619068416
write_bytes: 68041486336
cancelled_write_bytes: 0

[2020-01-24T01:07:26-08:00]
rchar: 249635753173
wchar: 68585024085
syscr: 30227476
syscw: 1747634
read_bytes: 27717093888
write_bytes: 68592693248
cancelled_write_bytes: 0

[2020-01-24T01:07:29-08:00]
rchar: 250356321386
wchar: 68980661132
syscr: 30314745
syscw: 1756034
read_bytes: 27761986048
write_bytes: 68987510784
cancelled_write_bytes: 0

[2020-01-24T01:07:32-08:00]
rchar: 252032556711
wchar: 69423377572
syscr: 30517972
syscw: 1769362
read_bytes: 27853380096
write_bytes: 69430272000
cancelled_write_bytes: 0

[2020-01-24T01:07:35-08:00]
rchar: 253650530094
wchar: 69844143882
syscr: 30714136
syscw: 1781948
read_bytes: 27944114688
write_bytes: 69851082752
cancelled_write_bytes: 0

[2020-01-24T01:07:38-08:00]
rchar: 254347558661
wchar: 70172818343
syscr: 30798535
syscw: 1788512
read_bytes: 27979905536
write_bytes: 70179799040
cancelled_write_bytes: 0

[2020-01-24T01:07:42-08:00]
rchar: 256806613458
wchar: 70702582920
syscr: 31096674
syscw: 1804272
read_bytes: 28095830528
write_bytes: 70709641216
cancelled_write_bytes: 0

[2020-01-24T01:07:45-08:00]
rchar: 258152086254
wchar: 71009853537
syscr: 31259780
syscw: 1813770
read_bytes: 28159154688
write_bytes: 71016931328
cancelled_write_bytes: 0

[2020-01-24T01:07:48-08:00]
rchar: 259231051724
wchar: 71584020228
syscr: 31390491
syscw: 1821612
read_bytes: 28196728320
write_bytes: 71591137280
cancelled_write_bytes: 0

[2020-01-24T01:07:51-08:00]
rchar: 260144069726
wchar: 72030608719
syscr: 31501210
syscw: 1827094
read_bytes: 28218076672
write_bytes: 72038379520
cancelled_write_bytes: 0

[2020-01-24T01:07:54-08:00]
rchar: 261269829162
wchar: 72591138758
syscr: 31637725
syscw: 1833902
read_bytes: 28245024256
write_bytes: 72598364160
cancelled_write_bytes: 0

[2020-01-24T01:07:57-08:00]
rchar: 262576710463
wchar: 73154534999
syscr: 31796036
syscw: 1842458
read_bytes: 28330167808
write_bytes: 73161830400
cancelled_write_bytes: 0

[2020-01-24T01:08:00-08:00]
rchar: 263878212203
wchar: 73639382311
syscr: 31953855
syscw: 1851360
read_bytes: 28457786880
write_bytes: 73647140864
cancelled_write_bytes: 0

[2020-01-24T01:08:03-08:00]
rchar: 265254786427
wchar: 74168266059
syscr: 32120777
syscw: 1860468
read_bytes: 28587650560
write_bytes: 74175631360
cancelled_write_bytes: 0

[2020-01-24T01:08:06-08:00]
rchar: 266046480508
wchar: 74465827843
syscr: 32216776
syscw: 1867615
read_bytes: 28658089472
write_bytes: 74473218048
cancelled_write_bytes: 0

[2020-01-24T01:08:09-08:00]
rchar: 267385665601
wchar: 75020860489
syscr: 32379049
syscw: 1876958
read_bytes: 28773699072
write_bytes: 75028312064
cancelled_write_bytes: 0

[2020-01-24T01:08:12-08:00]
rchar: 268891361473
wchar: 75475113105
syscr: 32561610
syscw: 1886952
read_bytes: 28908822016
write_bytes: 75482611712
cancelled_write_bytes: 0

[2020-01-24T01:08:15-08:00]
rchar: 270610620373
wchar: 76027999957
syscr: 32770079
syscw: 1897102
read_bytes: 29071236608
write_bytes: 76035551232
cancelled_write_bytes: 0

[2020-01-24T01:08:18-08:00]
rchar: 271973650345
wchar: 76457444315
syscr: 32935356
syscw: 1905836
read_bytes: 29190491648
write_bytes: 76465037312
cancelled_write_bytes: 0

[2020-01-24T01:08:21-08:00]
rchar: 272868082658
wchar: 76820868820
syscr: 33043801
syscw: 1912643
read_bytes: 29262347776
write_bytes: 76828499968
cancelled_write_bytes: 0

[2020-01-24T01:08:24-08:00]
rchar: 274205599911
wchar: 77214516696
syscr: 33205893
syscw: 1921393
read_bytes: 29368086016
write_bytes: 77222166528
cancelled_write_bytes: 0

[2020-01-24T01:08:27-08:00]
rchar: 275917284820
wchar: 77699814388
syscr: 33413443
syscw: 1931153
read_bytes: 29505404416
write_bytes: 77707829248
cancelled_write_bytes: 0

[2020-01-24T01:08:30-08:00]
rchar: 277644377196
wchar: 78178833657
syscr: 33622178
syscw: 1941904
read_bytes: 29659041280
write_bytes: 78186577920
cancelled_write_bytes: 0

[2020-01-24T01:08:33-08:00]
rchar: 278704094806
wchar: 78533772835
syscr: 33750668
syscw: 1950442
read_bytes: 29813325312
write_bytes: 78541541376
cancelled_write_bytes: 0

[2020-01-24T01:08:36-08:00]
rchar: 279364793996
wchar: 78882642264
syscr: 33830671
syscw: 1957511
read_bytes: 29882596864
write_bytes: 78891286528
cancelled_write_bytes: 0

[2020-01-24T01:08:39-08:00]
rchar: 280618142599
wchar: 79198806611
syscr: 33982476
syscw: 1966848
read_bytes: 29993795072
write_bytes: 79206682624
cancelled_write_bytes: 0

[2020-01-24T01:08:42-08:00]
rchar: 282972836238
wchar: 79451451322
syscr: 34267876
syscw: 1978572
read_bytes: 30117801472
write_bytes: 79459360768
cancelled_write_bytes: 0

[2020-01-24T01:08:45-08:00]
rchar: 284457275103
wchar: 80179216139
syscr: 34447793
syscw: 1989185
read_bytes: 30160694784
write_bytes: 80187191296
cancelled_write_bytes: 0

[2020-01-24T01:08:48-08:00]
rchar: 285346267843
wchar: 80603154178
syscr: 34555599
syscw: 1994912
read_bytes: 30179753472
write_bytes: 80611205120
cancelled_write_bytes: 0

[2020-01-24T01:08:51-08:00]
rchar: 286351819903
wchar: 81084171290
syscr: 34677506
syscw: 2001402
read_bytes: 30200630784
write_bytes: 81092268032
cancelled_write_bytes: 0

[2020-01-24T01:08:54-08:00]
rchar: 287589564119
wchar: 81681622014
syscr: 34827572
syscw: 2009137
read_bytes: 30226451968
write_bytes: 81689772032
cancelled_write_bytes: 0

[2020-01-24T01:08:57-08:00]
rchar: 288587882419
wchar: 81996742521
syscr: 34948375
syscw: 2015540
read_bytes: 30255877632
write_bytes: 82004967424
cancelled_write_bytes: 0

[2020-01-24T01:09:00-08:00]
rchar: 289865490535
wchar: 82261751640
syscr: 35103287
syscw: 2022402
read_bytes: 30301027840
write_bytes: 82269986816
cancelled_write_bytes: 0

[2020-01-24T01:09:03-08:00]
rchar: 291698425079
wchar: 82790292971
syscr: 35325447
syscw: 2033592
read_bytes: 30357806592
write_bytes: 82798563328
cancelled_write_bytes: 0

[2020-01-24T01:09:06-08:00]
rchar: 294099246486
wchar: 83284997057
syscr: 35616552
syscw: 2045613
read_bytes: 30427393536
write_bytes: 83293298688
cancelled_write_bytes: 0

[2020-01-24T01:09:09-08:00]
rchar: 295813327433
wchar: 83652783927
syscr: 35824384
syscw: 2055247
read_bytes: 30476766720
write_bytes: 83661107200
cancelled_write_bytes: 0

[2020-01-24T01:09:12-08:00]
rchar: 298262189158
wchar: 84234871496
syscr: 36120577
syscw: 2068589
read_bytes: 30547267072
write_bytes: 84243243008
cancelled_write_bytes: 0

[2020-01-24T01:09:15-08:00]
rchar: 299768360800
wchar: 84647842956
syscr: 36303182
syscw: 2080652
read_bytes: 30612938240
write_bytes: 84656259072
cancelled_write_bytes: 0

[2020-01-24T01:09:18-08:00]
rchar: 300663687112
wchar: 84892104970
syscr: 36411719
syscw: 2087383
read_bytes: 30652808704
write_bytes: 84900548608
cancelled_write_bytes: 0

[2020-01-24T01:09:21-08:00]
rchar: 302193877142
wchar: 85386787841
syscr: 36597146
syscw: 2099654
read_bytes: 30713941504
write_bytes: 85395283968
cancelled_write_bytes: 0

[2020-01-24T01:09:24-08:00]
rchar: 304210384138
wchar: 85786642089
syscr: 36841625
syscw: 2113465
read_bytes: 30791716352
write_bytes: 85795184640
cancelled_write_bytes: 0

[2020-01-24T01:09:27-08:00]
rchar: 305628540107
wchar: 86265283868
syscr: 37013465
syscw: 2124754
read_bytes: 30846320128
write_bytes: 86273871872
cancelled_write_bytes: 0

[2020-01-24T01:09:30-08:00]
rchar: 306775124593
wchar: 86752938823
syscr: 37152499
syscw: 2131929
read_bytes: 30871105024
write_bytes: 86761562112
cancelled_write_bytes: 0

[2020-01-24T01:09:33-08:00]
rchar: 308197189038
wchar: 87336771734
syscr: 37324916
syscw: 2141537
read_bytes: 30904348160
write_bytes: 87345459200
cancelled_write_bytes: 0

[2020-01-24T01:09:36-08:00]
rchar: 309560999313
wchar: 87846152086
syscr: 37490167
syscw: 2150605
read_bytes: 31009168896
write_bytes: 87854919680
cancelled_write_bytes: 4096

[2020-01-24T01:09:39-08:00]
rchar: 311057034007
wchar: 88304765051
syscr: 37671565
syscw: 2161491
read_bytes: 31140572672
write_bytes: 88313552896
cancelled_write_bytes: 4096

[2020-01-24T01:09:42-08:00]
rchar: 312066759720
wchar: 88669298598
syscr: 37794001
syscw: 2169066
read_bytes: 31232597504
write_bytes: 88678100992
cancelled_write_bytes: 4096

[2020-01-24T01:09:45-08:00]
rchar: 313369524659
wchar: 89159226527
syscr: 37951883
syscw: 2178611
read_bytes: 31328923136
write_bytes: 89168048128
cancelled_write_bytes: 4096

[2020-01-24T01:09:48-08:00]
rchar: 314660339944
wchar: 89530574446
syscr: 38108405
syscw: 2187397
read_bytes: 31416229376
write_bytes: 89539485696
cancelled_write_bytes: 4096

[2020-01-24T01:09:51-08:00]
rchar: 316623423116
wchar: 90136428997
syscr: 38346435
syscw: 2198710
read_bytes: 31577333248
write_bytes: 90145574912
cancelled_write_bytes: 4096

[2020-01-24T01:09:54-08:00]
rchar: 318183561313
wchar: 90582724648
syscr: 38535608
syscw: 2208971
read_bytes: 31699488256
write_bytes: 90591707136
cancelled_write_bytes: 4096

[2020-01-24T01:09:57-08:00]
rchar: 319197639406
wchar: 90892018171
syscr: 38658568
syscw: 2217188
read_bytes: 31763598848
write_bytes: 90901114880
cancelled_write_bytes: 4096

[2020-01-24T01:10:00-08:00]
rchar: 320840464995
wchar: 91400572592
syscr: 38857691
syscw: 2227683
read_bytes: 31871200768
write_bytes: 91409899520
cancelled_write_bytes: 4096

[2020-01-24T01:10:03-08:00]
rchar: 322526704587
wchar: 91846752405
syscr: 39062152
syscw: 2237825
read_bytes: 31985450496
write_bytes: 91855843328
cancelled_write_bytes: 4096

[2020-01-24T01:10:06-08:00]
rchar: 324676582961
wchar: 92470468792
syscr: 39322194
syscw: 2249151
read_bytes: 32149020160
write_bytes: 92479594496
cancelled_write_bytes: 4096

[2020-01-24T01:10:09-08:00]
rchar: 325345487350
wchar: 92684761530
syscr: 39403308
syscw: 2256808
read_bytes: 32205065728
write_bytes: 92694757376
cancelled_write_bytes: 4096

[2020-01-24T01:10:12-08:00]
rchar: 326340676412
wchar: 93139861057
syscr: 39523907
syscw: 2267421
read_bytes: 32298667520
write_bytes: 93149077504
cancelled_write_bytes: 4096

[2020-01-24T01:10:15-08:00]
rchar: 328015447887
wchar: 93658367146
syscr: 39726987
syscw: 2279157
read_bytes: 32489250304
write_bytes: 93667598336
cancelled_write_bytes: 4096

[2020-01-24T01:10:18-08:00]
rchar: 329394580911
wchar: 94022277980
syscr: 39894194
syscw: 2290668
read_bytes: 32626867712
write_bytes: 94031564800
cancelled_write_bytes: 4096

[2020-01-24T01:10:21-08:00]
rchar: 330381388136
wchar: 94312513549
syscr: 40013855
syscw: 2297661
read_bytes: 32735202816
write_bytes: 94321840128
cancelled_write_bytes: 4096

[2020-01-24T01:10:24-08:00]
rchar: 331563041703
wchar: 94852304301
syscr: 40157027
syscw: 2307434
read_bytes: 32821308928
write_bytes: 94861688832
cancelled_write_bytes: 4096

[2020-01-24T01:10:27-08:00]
rchar: 333004818732
wchar: 95389630105
syscr: 40331846
syscw: 2317404
read_bytes: 32883572224
write_bytes: 95399911424
cancelled_write_bytes: 4096

[2020-01-24T01:10:30-08:00]
rchar: 334547663425
wchar: 95961544819
syscr: 40518895
syscw: 2328053
read_bytes: 32949665280
write_bytes: 95970988032
cancelled_write_bytes: 4096

[2020-01-24T01:10:33-08:00]
rchar: 335682852279
wchar: 96364354536
syscr: 40656450
syscw: 2336611
read_bytes: 32992820736
write_bytes: 96373850112
cancelled_write_bytes: 4096

[2020-01-24T01:10:36-08:00]
rchar: 336948594374
wchar: 96871076800
syscr: 40809927
syscw: 2345189
read_bytes: 33038220800
write_bytes: 96880660480
cancelled_write_bytes: 4096

[2020-01-24T01:10:39-08:00]
rchar: 337839732037
wchar: 97211086355
syscr: 40917985
syscw: 2352724
read_bytes: 33072332288
write_bytes: 97221619712
cancelled_write_bytes: 4096

[2020-01-24T01:10:42-08:00]
rchar: 339104934605
wchar: 97733693613
syscr: 41071342
syscw: 2362729
read_bytes: 33124302336
write_bytes: 97743384576
cancelled_write_bytes: 4096

[2020-01-24T01:10:45-08:00]
rchar: 340675413815
wchar: 98270094406
syscr: 41261578
syscw: 2373025
read_bytes: 33187311104
write_bytes: 98279833600
cancelled_write_bytes: 4096

[2020-01-24T01:10:48-08:00]
rchar: 341896889985
wchar: 98524111154
syscr: 41409396
syscw: 2381808
read_bytes: 33246871040
write_bytes: 98533920768
cancelled_write_bytes: 4096

[2020-01-24T01:10:51-08:00]
rchar: 343413128833
wchar: 98751893102
syscr: 41593151
syscw: 2390255
read_bytes: 33332833792
write_bytes: 98761756672
cancelled_write_bytes: 4096

[2020-01-24T01:10:54-08:00]
rchar: 346073939592
wchar: 99084234519
syscr: 41915530
syscw: 2401867
read_bytes: 33408900608
write_bytes: 99094134784
cancelled_write_bytes: 4096

[2020-01-24T01:10:57-08:00]
rchar: 349076535462
wchar: 99413667446
syscr: 42279581
syscw: 2413372
read_bytes: 33474321920
write_bytes: 99423580160
cancelled_write_bytes: 4096

[2020-01-24T01:11:00-08:00]
rchar: 350942011050
wchar: 99843825185
syscr: 42505682
syscw: 2423459
read_bytes: 33510604288
write_bytes: 99854364672
cancelled_write_bytes: 4096

[2020-01-24T01:11:03-08:00]
rchar: 354097266138
wchar: 100342742971
syscr: 42888246
syscw: 2436641
read_bytes: 33568542208
write_bytes: 100352720896
cancelled_write_bytes: 4096

[2020-01-24T01:11:06-08:00]
rchar: 356304725553
wchar: 100748323790
syscr: 43155897
syscw: 2447292
read_bytes: 33607065088
write_bytes: 100758319104
cancelled_write_bytes: 4096

[2020-01-24T01:11:09-08:00]
rchar: 357871432281
wchar: 101120293347
syscr: 43345771
syscw: 2455767
read_bytes: 33634385408
write_bytes: 101130317824
cancelled_write_bytes: 4096

[2020-01-24T01:11:12-08:00]
rchar: 361833983136
wchar: 101683961047
syscr: 43826214
syscw: 2470205
read_bytes: 33699438080
write_bytes: 101694009344
cancelled_write_bytes: 4096

[2020-01-24T01:11:15-08:00]
rchar: 363124265728
wchar: 102013438279
syscr: 43981879
syscw: 2479228
read_bytes: 33733025280
write_bytes: 102023528448
cancelled_write_bytes: 4096

[2020-01-24T01:11:18-08:00]
rchar: 363952844821
wchar: 102357192223
syscr: 44082265
syscw: 2487464
read_bytes: 33759051264
write_bytes: 102367313920
cancelled_write_bytes: 4096

[2020-01-24T01:11:21-08:00]
rchar: 365918794796
wchar: 102755255986
syscr: 44320585
syscw: 2501116
read_bytes: 33815690752
write_bytes: 102765899776
cancelled_write_bytes: 4096

[2020-01-24T01:11:24-08:00]
rchar: 367551634637
wchar: 103169734935
syscr: 44518575
syscw: 2511513
read_bytes: 33862749696
write_bytes: 103179943936
cancelled_write_bytes: 4096

[2020-01-24T01:11:27-08:00]
rchar: 368813153334
wchar: 103767254915
syscr: 44671425
syscw: 2521136
read_bytes: 33886486016
write_bytes: 103777509376
cancelled_write_bytes: 4096

[2020-01-24T01:11:30-08:00]
rchar: 369788206309
wchar: 104193367277
syscr: 44789664
syscw: 2527678
read_bytes: 33902059008
write_bytes: 104204664832
cancelled_write_bytes: 4096

[2020-01-24T01:11:33-08:00]
rchar: 371447566481
wchar: 104937405687
syscr: 44990882
syscw: 2538570
read_bytes: 33927994880
write_bytes: 104947773440
cancelled_write_bytes: 4096

[2020-01-24T01:11:36-08:00]
rchar: 372489117188
wchar: 105399726703
syscr: 45117144
syscw: 2545693
read_bytes: 33944894976
write_bytes: 105410101248
cancelled_write_bytes: 4096

[2020-01-24T01:11:39-08:00]
rchar: 373448532772
wchar: 105820663739
syscr: 45233452
syscw: 2552708
read_bytes: 33961246208
write_bytes: 105831112704
cancelled_write_bytes: 4096

[2020-01-24T01:11:42-08:00]
rchar: 374514280366
wchar: 106201583868
syscr: 45362417
syscw: 2561222
read_bytes: 33999273472
write_bytes: 106212171776
cancelled_write_bytes: 4096

[2020-01-24T01:11:45-08:00]
rchar: 375647808949
wchar: 106630446529
syscr: 45499861
syscw: 2570568
read_bytes: 34074250752
write_bytes: 106641035264
cancelled_write_bytes: 4096

[2020-01-24T01:11:48-08:00]
rchar: 377069906586
wchar: 107080221326
syscr: 45672209
syscw: 2581302
read_bytes: 34165317120
write_bytes: 107090817024
cancelled_write_bytes: 4096

[2020-01-24T01:11:51-08:00]
rchar: 378944258465
wchar: 107583491143
syscr: 45899482
syscw: 2593872
read_bytes: 34284441088
write_bytes: 107594117120
cancelled_write_bytes: 4096

[2020-01-24T01:11:54-08:00]
rchar: 380726156824
wchar: 108053835838
syscr: 46115543
syscw: 2605225
read_bytes: 34408058368
write_bytes: 108064501760
cancelled_write_bytes: 4096

[2020-01-24T01:11:57-08:00]
rchar: 381788746940
wchar: 108353176754
syscr: 46244387
syscw: 2613634
read_bytes: 34465431040
write_bytes: 108363841536
cancelled_write_bytes: 4096

[2020-01-24T01:12:00-08:00]
rchar: 383134103982
wchar: 108752458991
syscr: 46407443
syscw: 2623626
read_bytes: 34539081216
write_bytes: 108763250688
cancelled_write_bytes: 4096

[2020-01-24T01:12:03-08:00]
rchar: 385128101000
wchar: 109236935520
syscr: 46649220
syscw: 2635591
read_bytes: 34652986880
write_bytes: 109247733760
cancelled_write_bytes: 4096

[2020-01-24T01:12:06-08:00]
rchar: 387119910852
wchar: 109717414026
syscr: 46890735
syscw: 2647632
read_bytes: 34768498176
write_bytes: 109729116160
cancelled_write_bytes: 4096

[2020-01-24T01:12:09-08:00]
rchar: 388315883852
wchar: 109989341650
syscr: 47035747
syscw: 2656430
read_bytes: 34826096128
write_bytes: 110000181248
cancelled_write_bytes: 4096

[2020-01-24T01:12:12-08:00]
rchar: 390191609658
wchar: 110484461222
syscr: 47263097
syscw: 2668853
read_bytes: 34923658752
write_bytes: 110495313920
cancelled_write_bytes: 4096

[2020-01-24T01:12:15-08:00]
rchar: 392146117284
wchar: 110908451678
syscr: 47500097
syscw: 2680041
read_bytes: 35018153472
write_bytes: 110919405568
cancelled_write_bytes: 4096

[2020-01-24T01:12:18-08:00]
rchar: 394367855060
wchar: 111413726040
syscr: 47769482
syscw: 2692101
read_bytes: 35133758976
write_bytes: 111424679936
cancelled_write_bytes: 4096

[2020-01-24T01:12:21-08:00]
rchar: 395423083795
wchar: 111620222330
syscr: 47897430
syscw: 2699211
read_bytes: 35177537024
write_bytes: 111631749120
cancelled_write_bytes: 4096

[2020-01-24T01:12:24-08:00]
rchar: 397212840749
wchar: 112074698348
syscr: 48114435
syscw: 2710749
read_bytes: 35252403712
write_bytes: 112085704704
cancelled_write_bytes: 4096

[2020-01-24T01:12:27-08:00]
rchar: 399708003403
wchar: 112660846706
syscr: 48416869
syscw: 2723363
read_bytes: 35352382976
write_bytes: 112671887360
cancelled_write_bytes: 4096

[2020-01-24T01:12:30-08:00]
rchar: 401952745850
wchar: 113174024959
syscr: 48689052
syscw: 2735466
read_bytes: 35428519424
write_bytes: 113187090432
cancelled_write_bytes: 4096

[2020-01-24T01:12:33-08:00]
rchar: 402972701599
wchar: 113473509097
syscr: 48812102
syscw: 2742982
read_bytes: 35466530304
write_bytes: 113484677120
cancelled_write_bytes: 4096

[2020-01-24T01:12:36-08:00]
rchar: 404510903493
wchar: 114007733782
syscr: 48998617
syscw: 2754402
read_bytes: 35524791808
write_bytes: 114018914304
cancelled_write_bytes: 4096

[2020-01-24T01:12:39-08:00]
rchar: 405989307627
wchar: 114501477861
syscr: 49177884
syscw: 2766019
read_bytes: 35582619136
write_bytes: 114512691200
cancelled_write_bytes: 4096

[2020-01-24T01:12:42-08:00]
rchar: 407478009603
wchar: 114995219971
syscr: 49358315
syscw: 2776853
read_bytes: 35635846656
write_bytes: 115006455808
cancelled_write_bytes: 4096

[2020-01-24T01:12:45-08:00]
rchar: 409164238198
wchar: 115463612723
syscr: 49562760
syscw: 2788630
read_bytes: 35691073024
write_bytes: 115474890752
cancelled_write_bytes: 4096

[2020-01-24T01:12:48-08:00]
rchar: 409837999337
wchar: 115627159068
syscr: 49644460
syscw: 2794495
read_bytes: 35712765440
write_bytes: 115638464512
cancelled_write_bytes: 4096

[2020-01-24T01:12:51-08:00]
rchar: 411649903321
wchar: 116203193344
syscr: 49864110
syscw: 2806900
read_bytes: 35774189056
write_bytes: 116214513664
cancelled_write_bytes: 4096

[2020-01-24T01:12:54-08:00]
rchar: 413099533218
wchar: 116652738765
syscr: 50039830
syscw: 2817259
read_bytes: 35823980032
write_bytes: 116664111104
cancelled_write_bytes: 4096

[2020-01-24T01:12:57-08:00]
rchar: 414832861739
wchar: 117181086650
syscr: 50249564
syscw: 2829274
read_bytes: 35886673408
write_bytes: 117192503296
cancelled_write_bytes: 4096

[2020-01-24T01:13:00-08:00]
rchar: 415667338199
wchar: 117433930216
syscr: 50350686
syscw: 2837601
read_bytes: 35921075712
write_bytes: 117445435392
cancelled_write_bytes: 4096

[2020-01-24T01:13:03-08:00]
rchar: 416601596081
wchar: 117730152849
syscr: 50463893
syscw: 2847611
read_bytes: 35966922240
write_bytes: 117741707264
cancelled_write_bytes: 4096

[2020-01-24T01:13:06-08:00]
rchar: 417973621196
wchar: 118200508860
syscr: 50630131
syscw: 2859620
read_bytes: 36034014720
write_bytes: 118212087808
cancelled_write_bytes: 4096

[2020-01-24T01:13:09-08:00]
rchar: 419951481400
wchar: 118788972543
syscr: 50869915
syscw: 2872596
read_bytes: 36151422464
write_bytes: 118800596992
cancelled_write_bytes: 4096

[2020-01-24T01:13:12-08:00]
rchar: 421182582310
wchar: 119027900963
syscr: 51019102
syscw: 2883070
read_bytes: 36220714496
write_bytes: 119039541248
cancelled_write_bytes: 4096

[2020-01-24T01:13:15-08:00]
rchar: 422480160674
wchar: 119442727198
syscr: 51176325
syscw: 2894410
read_bytes: 36277714432
write_bytes: 119454789632
cancelled_write_bytes: 4096

[2020-01-24T01:13:18-08:00]
rchar: 424778001349
wchar: 119897972392
syscr: 51454817
syscw: 2907207
read_bytes: 36400274944
write_bytes: 119909728256
cancelled_write_bytes: 4096

[2020-01-24T01:13:21-08:00]
rchar: 425765307431
wchar: 120028832824
syscr: 51574165
syscw: 2917453
read_bytes: 36437569024
write_bytes: 120040665088
cancelled_write_bytes: 4096

[2020-01-24T01:13:24-08:00]
rchar: 425765307431
wchar: 120028849325
syscr: 51574165
syscw: 2917459
read_bytes: 36437569024
write_bytes: 120040706048
cancelled_write_bytes: 4096

[2020-01-24T01:13:27-08:00]
rchar: 425765307431
wchar: 120028849325
syscr: 51574165
syscw: 2917459
read_bytes: 36437569024
write_bytes: 120040706048
cancelled_write_bytes: 4096

[2020-01-24T01:13:31-08:00]
rchar: 425765307431
wchar: 120028849325
syscr: 51574165
syscw: 2917459
read_bytes: 36437569024
write_bytes: 120040706048
cancelled_write_bytes: 4096

[2020-01-24T01:13:34-08:00]
rchar: 425765307431
wchar: 120028849325
syscr: 51574165
syscw: 2917459
read_bytes: 36437569024
write_bytes: 120040706048
cancelled_write_bytes: 4096

