[2020-01-22T22:21:27-08:00]
rchar: 16583973
wchar: 209
syscr: 2824
syscw: 10
read_bytes: 839680
write_bytes: 65536
cancelled_write_bytes: 0

[2020-01-22T22:21:30-08:00]
rchar: 16583973
wchar: 209
syscr: 2824
syscw: 10
read_bytes: 839680
write_bytes: 65536
cancelled_write_bytes: 0

[2020-01-22T22:21:33-08:00]
rchar: 16583973
wchar: 209
syscr: 2824
syscw: 10
read_bytes: 839680
write_bytes: 73728
cancelled_write_bytes: 0

[2020-01-22T22:21:36-08:00]
rchar: 16583973
wchar: 209
syscr: 2824
syscw: 10
read_bytes: 839680
write_bytes: 81920
cancelled_write_bytes: 0

[2020-01-22T22:21:39-08:00]
rchar: 16583973
wchar: 209
syscr: 2824
syscw: 10
read_bytes: 839680
write_bytes: 90112
cancelled_write_bytes: 0

[2020-01-22T22:21:42-08:00]
rchar: 16583973
wchar: 209
syscr: 2824
syscw: 10
read_bytes: 839680
write_bytes: 98304
cancelled_write_bytes: 0

[2020-01-22T22:21:45-08:00]
rchar: 16583973
wchar: 209
syscr: 2824
syscw: 10
read_bytes: 839680
write_bytes: 98304
cancelled_write_bytes: 0

[2020-01-22T22:21:48-08:00]
rchar: 16583973
wchar: 209
syscr: 2824
syscw: 10
read_bytes: 839680
write_bytes: 106496
cancelled_write_bytes: 0

[2020-01-22T22:21:51-08:00]
rchar: 16583973
wchar: 209
syscr: 2824
syscw: 10
read_bytes: 839680
write_bytes: 106496
cancelled_write_bytes: 0

[2020-01-22T22:21:54-08:00]
rchar: 16594649
wchar: 209
syscr: 2829
syscw: 10
read_bytes: 856064
write_bytes: 131072
cancelled_write_bytes: 0

[2020-01-22T22:21:57-08:00]
rchar: 318876624
wchar: 216317842
syscr: 14343
syscw: 1824
read_bytes: 315316736
write_bytes: 216485888
cancelled_write_bytes: 0

[2020-01-22T22:22:00-08:00]
rchar: 855604004
wchar: 411466540
syscr: 79437
syscw: 30222
read_bytes: 1077905920
write_bytes: 411639808
cancelled_write_bytes: 0

[2020-01-22T22:22:03-08:00]
rchar: 1067603384
wchar: 666339758
syscr: 105150
syscw: 39932
read_bytes: 1373841920
write_bytes: 666513408
cancelled_write_bytes: 0

[2020-01-22T22:22:06-08:00]
rchar: 1764782599
wchar: 791529537
syscr: 189604
syscw: 53916
read_bytes: 1808636416
write_bytes: 791715840
cancelled_write_bytes: 0

[2020-01-22T22:22:09-08:00]
rchar: 2434753974
wchar: 1049248743
syscr: 270844
syscw: 67521
read_bytes: 2228136448
write_bytes: 1049444352
cancelled_write_bytes: 0

[2020-01-22T22:22:12-08:00]
rchar: 3442079698
wchar: 1449292478
syscr: 392899
syscw: 78015
read_bytes: 2516269568
write_bytes: 1449508864
cancelled_write_bytes: 0

[2020-01-22T22:22:15-08:00]
rchar: 4548777858
wchar: 1829536072
syscr: 526855
syscw: 90752
read_bytes: 2882902528
write_bytes: 1829801984
cancelled_write_bytes: 0

[2020-01-22T22:22:18-08:00]
rchar: 5197767051
wchar: 2096291318
syscr: 605468
syscw: 102368
read_bytes: 3180665344
write_bytes: 2096570368
cancelled_write_bytes: 0

[2020-01-22T22:22:21-08:00]
rchar: 6722940088
wchar: 2283953170
syscr: 790400
syscw: 121839
read_bytes: 3754400256
write_bytes: 2284236800
cancelled_write_bytes: 0

[2020-01-22T22:22:24-08:00]
rchar: 7980522272
wchar: 2579506743
syscr: 942795
syscw: 135288
read_bytes: 4113226240
write_bytes: 2579804160
cancelled_write_bytes: 0

[2020-01-22T22:22:27-08:00]
rchar: 9479846247
wchar: 2724926513
syscr: 1124590
syscw: 149598
read_bytes: 4519758336
write_bytes: 2725232640
cancelled_write_bytes: 0

[2020-01-22T22:22:30-08:00]
rchar: 11575078236
wchar: 3047837647
syscr: 1378546
syscw: 166404
read_bytes: 4970830336
write_bytes: 3048157184
cancelled_write_bytes: 0

[2020-01-22T22:22:33-08:00]
rchar: 13040394464
wchar: 3330362847
syscr: 1556211
syscw: 178443
read_bytes: 5278530048
write_bytes: 3330686976
cancelled_write_bytes: 0

[2020-01-22T22:22:36-08:00]
rchar: 14316980953
wchar: 3660547856
syscr: 1710909
syscw: 186999
read_bytes: 5444135424
write_bytes: 3660894208
cancelled_write_bytes: 0

[2020-01-22T22:22:39-08:00]
rchar: 15892291572
wchar: 4071364876
syscr: 1901912
syscw: 196934
read_bytes: 5647956480
write_bytes: 4071751680
cancelled_write_bytes: 0

[2020-01-22T22:22:42-08:00]
rchar: 17646969508
wchar: 4558525848
syscr: 2114664
syscw: 207705
read_bytes: 5873256960
write_bytes: 4558946304
cancelled_write_bytes: 0

[2020-01-22T22:22:45-08:00]
rchar: 18276014681
wchar: 4984485572
syscr: 2190347
syscw: 213408
read_bytes: 5973146112
write_bytes: 4984958976
cancelled_write_bytes: 0

[2020-01-22T22:22:48-08:00]
rchar: 19444232691
wchar: 5372824941
syscr: 2331963
syscw: 226056
read_bytes: 6264252928
write_bytes: 5373341696
cancelled_write_bytes: 0

[2020-01-22T22:22:51-08:00]
rchar: 20603268228
wchar: 5749838832
syscr: 2472477
syscw: 239006
read_bytes: 6563133952
write_bytes: 5750427648
cancelled_write_bytes: 0

[2020-01-22T22:22:54-08:00]
rchar: 20852100955
wchar: 5921366979
syscr: 2502649
syscw: 242161
read_bytes: 6623357440
write_bytes: 5921972224
cancelled_write_bytes: 0

[2020-01-22T22:22:57-08:00]
rchar: 21799742631
wchar: 6305401984
syscr: 2617452
syscw: 250745
read_bytes: 6797367808
write_bytes: 6306070528
cancelled_write_bytes: 0

[2020-01-22T22:23:00-08:00]
rchar: 23719814600
wchar: 6483949569
syscr: 2850251
syscw: 269384
read_bytes: 7257922048
write_bytes: 6484647936
cancelled_write_bytes: 0

[2020-01-22T22:23:03-08:00]
rchar: 25196103564
wchar: 6771274712
syscr: 3029164
syscw: 281319
read_bytes: 7544658432
write_bytes: 6771990528
cancelled_write_bytes: 0

[2020-01-22T22:23:06-08:00]
rchar: 27099523836
wchar: 6914600616
syscr: 3259950
syscw: 295170
read_bytes: 7900092928
write_bytes: 6915321856
cancelled_write_bytes: 0

[2020-01-22T22:23:09-08:00]
rchar: 28668553255
wchar: 7432547580
syscr: 3450106
syscw: 306240
read_bytes: 8103725568
write_bytes: 7433314304
cancelled_write_bytes: 0

[2020-01-22T22:23:12-08:00]
rchar: 30542576257
wchar: 7934982222
syscr: 3677331
syscw: 318056
read_bytes: 8320944640
write_bytes: 7935774720
cancelled_write_bytes: 0

[2020-01-22T22:23:15-08:00]
rchar: 31989973695
wchar: 8340001289
syscr: 3852830
syscw: 327468
read_bytes: 8487377408
write_bytes: 8340819968
cancelled_write_bytes: 0

[2020-01-22T22:23:18-08:00]
rchar: 32566229469
wchar: 8693820897
syscr: 3922205
syscw: 332254
read_bytes: 8554465792
write_bytes: 8695635968
cancelled_write_bytes: 0

[2020-01-22T22:23:21-08:00]
rchar: 33891075449
wchar: 9090688691
syscr: 4082726
syscw: 345071
read_bytes: 8806697472
write_bytes: 9091579904
cancelled_write_bytes: 0

[2020-01-22T22:23:24-08:00]
rchar: 35179363201
wchar: 9481104541
syscr: 4238906
syscw: 357210
read_bytes: 9052375552
write_bytes: 9482067968
cancelled_write_bytes: 0

[2020-01-22T22:23:27-08:00]
rchar: 35693466419
wchar: 9816467458
syscr: 4301240
syscw: 362876
read_bytes: 9148967424
write_bytes: 9817481216
cancelled_write_bytes: 0

[2020-01-22T22:23:30-08:00]
rchar: 36432812639
wchar: 10038329666
syscr: 4390787
syscw: 368913
read_bytes: 9255406080
write_bytes: 10039382016
cancelled_write_bytes: 0

[2020-01-22T22:23:33-08:00]
rchar: 38748191664
wchar: 10245798046
syscr: 4671520
syscw: 385969
read_bytes: 9689385472
write_bytes: 10246873088
cancelled_write_bytes: 0

[2020-01-22T22:23:36-08:00]
rchar: 40006449084
wchar: 10508427002
syscr: 4824000
syscw: 395822
read_bytes: 9890052608
write_bytes: 10509524992
cancelled_write_bytes: 0

[2020-01-22T22:23:39-08:00]
rchar: 42595959293
wchar: 10681488302
syscr: 5137978
syscw: 412324
read_bytes: 10279565824
write_bytes: 10682593280
cancelled_write_bytes: 0

[2020-01-22T22:23:42-08:00]
rchar: 43970978251
wchar: 11145079330
syscr: 5304613
syscw: 421835
read_bytes: 10428377600
write_bytes: 11146227712
cancelled_write_bytes: 0

[2020-01-22T22:23:45-08:00]
rchar: 45890763897
wchar: 11689477204
syscr: 5537388
syscw: 432911
read_bytes: 10602695168
write_bytes: 11690901504
cancelled_write_bytes: 0

[2020-01-22T22:23:48-08:00]
rchar: 47263738687
wchar: 12069556096
syscr: 5703862
syscw: 441492
read_bytes: 10731604480
write_bytes: 12070756352
cancelled_write_bytes: 0

[2020-01-22T22:23:51-08:00]
rchar: 48070540166
wchar: 12324532952
syscr: 5801195
syscw: 447775
read_bytes: 10841393664
write_bytes: 12325765120
cancelled_write_bytes: 0

[2020-01-22T22:23:54-08:00]
rchar: 49204372440
wchar: 12845854640
syscr: 5938562
syscw: 458257
read_bytes: 11014429184
write_bytes: 12847140864
cancelled_write_bytes: 0

[2020-01-22T22:23:57-08:00]
rchar: 50633586334
wchar: 13234640509
syscr: 6111829
syscw: 470577
read_bytes: 11236125184
write_bytes: 13235998720
cancelled_write_bytes: 0

[2020-01-22T22:24:00-08:00]
rchar: 51697692330
wchar: 13585074444
syscr: 6240839
syscw: 479680
read_bytes: 11391248896
write_bytes: 13586472960
cancelled_write_bytes: 0

[2020-01-22T22:24:03-08:00]
rchar: 53016212158
wchar: 14041703934
syscr: 6400595
syscw: 490137
read_bytes: 11564587520
write_bytes: 14043168768
cancelled_write_bytes: 0

[2020-01-22T22:24:06-08:00]
rchar: 54724816393
wchar: 14518660078
syscr: 6607728
syscw: 502630
read_bytes: 11774667264
write_bytes: 14520172544
cancelled_write_bytes: 0

[2020-01-22T22:24:09-08:00]
rchar: 55751289883
wchar: 14729197614
syscr: 6732168
syscw: 511594
read_bytes: 11919051264
write_bytes: 14730743808
cancelled_write_bytes: 0

[2020-01-22T22:24:12-08:00]
rchar: 57188908650
wchar: 14998574601
syscr: 6906391
syscw: 521587
read_bytes: 12116482560
write_bytes: 15000158208
cancelled_write_bytes: 0

[2020-01-22T22:24:15-08:00]
rchar: 59624814321
wchar: 15157193226
syscr: 7201740
syscw: 535647
read_bytes: 12438686208
write_bytes: 15158779904
cancelled_write_bytes: 0

[2020-01-22T22:24:18-08:00]
rchar: 60991545258
wchar: 15618017531
syscr: 7367370
syscw: 545287
read_bytes: 12571208192
write_bytes: 15619989504
cancelled_write_bytes: 0

[2020-01-22T22:24:21-08:00]
rchar: 63076911621
wchar: 16161052564
syscr: 7620222
syscw: 557637
read_bytes: 12747954688
write_bytes: 16162975744
cancelled_write_bytes: 0

[2020-01-22T22:24:24-08:00]
rchar: 64775735756
wchar: 16635134280
syscr: 7825744
syscw: 568779
read_bytes: 12911843840
write_bytes: 16636821504
cancelled_write_bytes: 0

[2020-01-22T22:24:27-08:00]
rchar: 65116975399
wchar: 16885581170
syscr: 7867117
syscw: 573131
read_bytes: 12970064384
write_bytes: 16888266752
cancelled_write_bytes: 0

[2020-01-22T22:24:30-08:00]
rchar: 66475929084
wchar: 17335080798
syscr: 8031775
syscw: 584681
read_bytes: 13146757632
write_bytes: 17336840192
cancelled_write_bytes: 0

[2020-01-22T22:24:33-08:00]
rchar: 67988486312
wchar: 17755264238
syscr: 8215146
syscw: 597743
read_bytes: 13356345856
write_bytes: 17757085696
cancelled_write_bytes: 0

[2020-01-22T22:24:36-08:00]
rchar: 68957055646
wchar: 18202669508
syscr: 8332568
syscw: 606769
read_bytes: 13484669440
write_bytes: 18204516352
cancelled_write_bytes: 0

[2020-01-22T22:24:39-08:00]
rchar: 70213442176
wchar: 18532090268
syscr: 8484793
syscw: 616577
read_bytes: 13633882624
write_bytes: 18533990400
cancelled_write_bytes: 0

[2020-01-22T22:24:42-08:00]
rchar: 71598935747
wchar: 18897960709
syscr: 8652770
syscw: 627990
read_bytes: 13791640064
write_bytes: 18899922944
cancelled_write_bytes: 0

[2020-01-22T22:24:45-08:00]
rchar: 72742873532
wchar: 19131082403
syscr: 8791458
syscw: 637169
read_bytes: 13936962048
write_bytes: 19133087744
cancelled_write_bytes: 0

[2020-01-22T22:24:48-08:00]
rchar: 74918187862
wchar: 19447935133
syscr: 9055129
syscw: 650803
read_bytes: 14206790144
write_bytes: 19449954304
cancelled_write_bytes: 0

[2020-01-22T22:24:51-08:00]
rchar: 76758609462
wchar: 19667718815
syscr: 9278276
syscw: 662339
read_bytes: 14430374400
write_bytes: 19670126592
cancelled_write_bytes: 0

[2020-01-22T22:24:54-08:00]
rchar: 78644528294
wchar: 20198553505
syscr: 9506859
syscw: 674743
read_bytes: 14581152256
write_bytes: 20200615936
cancelled_write_bytes: 0

[2020-01-22T22:24:57-08:00]
rchar: 80471478250
wchar: 20685945995
syscr: 9728380
syscw: 685873
read_bytes: 14720387584
write_bytes: 20688035840
cancelled_write_bytes: 0

[2020-01-22T22:25:00-08:00]
rchar: 81877090619
wchar: 21049702483
syscr: 9898810
syscw: 695265
read_bytes: 14829165056
write_bytes: 21052268544
cancelled_write_bytes: 0

[2020-01-22T22:25:03-08:00]
rchar: 82549123514
wchar: 21498776076
syscr: 9979699
syscw: 702088
read_bytes: 14905903616
write_bytes: 21500936192
cancelled_write_bytes: 0

[2020-01-22T22:25:06-08:00]
rchar: 84090708707
wchar: 21966368097
syscr: 10166579
syscw: 715239
read_bytes: 15094233600
write_bytes: 21968584704
cancelled_write_bytes: 0

[2020-01-22T22:25:09-08:00]
rchar: 85623954273
wchar: 22423797107
syscr: 10352465
syscw: 728614
read_bytes: 15285844480
write_bytes: 22426058752
cancelled_write_bytes: 0

[2020-01-22T22:25:12-08:00]
rchar: 86146530600
wchar: 22767742660
syscr: 10415730
syscw: 734113
read_bytes: 15350241792
write_bytes: 22770057216
cancelled_write_bytes: 0

[2020-01-22T22:25:15-08:00]
rchar: 87558745369
wchar: 23112784852
syscr: 10586925
syscw: 745653
read_bytes: 15500143104
write_bytes: 23115149312
cancelled_write_bytes: 0

[2020-01-22T22:25:18-08:00]
rchar: 89294407768
wchar: 23534689433
syscr: 10797344
syscw: 758741
read_bytes: 15688518144
write_bytes: 23537106944
cancelled_write_bytes: 0

[2020-01-22T22:25:21-08:00]
rchar: 90266195436
wchar: 23979705303
syscr: 10915183
syscw: 766768
read_bytes: 15789283840
write_bytes: 23982149632
cancelled_write_bytes: 0

[2020-01-22T22:25:24-08:00]
rchar: 91493703162
wchar: 24298999630
syscr: 11063902
syscw: 776018
read_bytes: 15893670400
write_bytes: 24301490176
cancelled_write_bytes: 0

[2020-01-22T22:25:27-08:00]
rchar: 93348869712
wchar: 24677162929
syscr: 11288792
syscw: 788275
read_bytes: 16066726400
write_bytes: 24679727104
cancelled_write_bytes: 0

[2020-01-22T22:25:30-08:00]
rchar: 94888444974
wchar: 24952717408
syscr: 11475466
syscw: 798715
read_bytes: 16240634368
write_bytes: 24955285504
cancelled_write_bytes: 0

[2020-01-22T22:25:33-08:00]
rchar: 97013292865
wchar: 25513594123
syscr: 11733021
syscw: 811835
read_bytes: 16389802496
write_bytes: 25516204032
cancelled_write_bytes: 0

[2020-01-22T22:25:36-08:00]
rchar: 98436015817
wchar: 25908782552
syscr: 11905527
syscw: 821096
read_bytes: 16489449984
write_bytes: 25911414784
cancelled_write_bytes: 0

[2020-01-22T22:25:39-08:00]
rchar: 100019132342
wchar: 26349747123
syscr: 12096987
syscw: 832134
read_bytes: 16625527296
write_bytes: 26352431104
cancelled_write_bytes: 0

[2020-01-22T22:25:42-08:00]
rchar: 100795595875
wchar: 26834385586
syscr: 12191040
syscw: 839934
read_bytes: 16707942912
write_bytes: 26837118976
cancelled_write_bytes: 0

[2020-01-22T22:25:45-08:00]
rchar: 102398838910
wchar: 27273424290
syscr: 12385389
syscw: 854137
read_bytes: 16901532160
write_bytes: 27276222464
cancelled_write_bytes: 0

[2020-01-22T22:25:48-08:00]
rchar: 103626176799
wchar: 27669032549
syscr: 12534191
syscw: 865209
read_bytes: 17044003328
write_bytes: 27671863296
cancelled_write_bytes: 0

[2020-01-22T22:25:51-08:00]
rchar: 103935927561
wchar: 27932852466
syscr: 12571668
syscw: 869286
read_bytes: 17082096128
write_bytes: 27935694848
cancelled_write_bytes: 0

[2020-01-22T22:25:54-08:00]
rchar: 105721111995
wchar: 28379812528
syscr: 12788087
syscw: 882818
read_bytes: 17258670592
write_bytes: 28382703616
cancelled_write_bytes: 0

[2020-01-22T22:25:57-08:00]
rchar: 107516757541
wchar: 28869160994
syscr: 13005756
syscw: 896574
read_bytes: 17435593216
write_bytes: 28872101888
cancelled_write_bytes: 0

[2020-01-22T22:26:00-08:00]
rchar: 108341706675
wchar: 29281744774
syscr: 13105688
syscw: 903462
read_bytes: 17508792832
write_bytes: 29284806656
cancelled_write_bytes: 0

[2020-01-22T22:26:03-08:00]
rchar: 109774346463
wchar: 29639133096
syscr: 13279374
syscw: 913519
read_bytes: 17627056640
write_bytes: 29642166272
cancelled_write_bytes: 0

[2020-01-22T22:26:06-08:00]
rchar: 111541364186
wchar: 30026351247
syscr: 13493574
syscw: 926688
read_bytes: 17783101952
write_bytes: 30029443072
cancelled_write_bytes: 0

[2020-01-22T22:26:09-08:00]
rchar: 112604533327
wchar: 30332684611
syscr: 13622487
syscw: 935103
read_bytes: 17926597120
write_bytes: 30335791104
cancelled_write_bytes: 0

[2020-01-22T22:26:12-08:00]
rchar: 114721636496
wchar: 30844441907
syscr: 13879086
syscw: 948439
read_bytes: 18077600256
write_bytes: 30848524288
cancelled_write_bytes: 0

[2020-01-22T22:26:15-08:00]
rchar: 116834069393
wchar: 31412598313
syscr: 14135221
syscw: 961725
read_bytes: 18220030464
write_bytes: 31415808000
cancelled_write_bytes: 0

[2020-01-22T22:26:18-08:00]
rchar: 117859485957
wchar: 31710603081
syscr: 14259556
syscw: 968777
read_bytes: 18287221248
write_bytes: 31713828864
cancelled_write_bytes: 0

[2020-01-22T22:26:21-08:00]
rchar: 118850857921
wchar: 32161282995
syscr: 14379166
syscw: 978082
read_bytes: 18382166528
write_bytes: 32164564992
cancelled_write_bytes: 0

[2020-01-22T22:26:24-08:00]
rchar: 120452211059
wchar: 32612862354
syscr: 14573302
syscw: 991951
read_bytes: 18554575360
write_bytes: 32616198144
cancelled_write_bytes: 0

[2020-01-22T22:26:27-08:00]
rchar: 121646027974
wchar: 33008427640
syscr: 14718040
syscw: 1002456
read_bytes: 18674838016
write_bytes: 33011798016
cancelled_write_bytes: 0

[2020-01-22T22:26:30-08:00]
rchar: 123003985223
wchar: 33533379959
syscr: 14882582
syscw: 1013739
read_bytes: 18795997696
write_bytes: 33536802816
cancelled_write_bytes: 0

[2020-01-22T22:26:33-08:00]
rchar: 124451569123
wchar: 33896917793
syscr: 15058090
syscw: 1024513
read_bytes: 18924972544
write_bytes: 33900388352
cancelled_write_bytes: 0

[2020-01-22T22:26:36-08:00]
rchar: 125890263062
wchar: 34296060487
syscr: 15232494
syscw: 1036072
read_bytes: 19050277376
write_bytes: 34299584512
cancelled_write_bytes: 0

[2020-01-22T22:26:39-08:00]
rchar: 126943469348
wchar: 34710901703
syscr: 15360092
syscw: 1044839
read_bytes: 19135441408
write_bytes: 34714472448
cancelled_write_bytes: 0

[2020-01-22T22:26:42-08:00]
rchar: 128949979660
wchar: 35118181701
syscr: 15603332
syscw: 1057824
read_bytes: 19290655232
write_bytes: 35121819648
cancelled_write_bytes: 0

[2020-01-22T22:26:45-08:00]
rchar: 130738549691
wchar: 35572445901
syscr: 15820180
syscw: 1069652
read_bytes: 19423291904
write_bytes: 35576143872
cancelled_write_bytes: 0

[2020-01-22T22:26:48-08:00]
rchar: 130937854684
wchar: 35808656759
syscr: 15844348
syscw: 1071706
read_bytes: 19437296128
write_bytes: 35812360192
cancelled_write_bytes: 0

[2020-01-22T22:26:51-08:00]
rchar: 133019122616
wchar: 36327149341
syscr: 16096579
syscw: 1084558
read_bytes: 19565042176
write_bytes: 36330901504
cancelled_write_bytes: 0

[2020-01-22T22:26:54-08:00]
rchar: 135182341630
wchar: 36895990695
syscr: 16358869
syscw: 1097939
read_bytes: 19694406144
write_bytes: 36899786752
cancelled_write_bytes: 0

[2020-01-22T22:26:57-08:00]
rchar: 136485737734
wchar: 37308583390
syscr: 16516421
syscw: 1107322
read_bytes: 19790268928
write_bytes: 37312417792
cancelled_write_bytes: 0

[2020-01-22T22:27:00-08:00]
rchar: 137522233988
wchar: 37803016811
syscr: 16641973
syscw: 1117624
read_bytes: 19892476416
write_bytes: 37806895104
cancelled_write_bytes: 0

[2020-01-22T22:27:03-08:00]
rchar: 138811900757
wchar: 38197683462
syscr: 16798330
syscw: 1129810
read_bytes: 20018690560
write_bytes: 38201602048
cancelled_write_bytes: 0

[2020-01-22T22:27:06-08:00]
rchar: 140078040362
wchar: 38585855846
syscr: 16951834
syscw: 1141314
read_bytes: 20146309632
write_bytes: 38589820928
cancelled_write_bytes: 0

[2020-01-22T22:27:09-08:00]
rchar: 141370897922
wchar: 39093998388
syscr: 17108489
syscw: 1152714
read_bytes: 20260448768
write_bytes: 39098011648
cancelled_write_bytes: 0

[2020-01-22T22:27:12-08:00]
rchar: 143249947043
wchar: 39531827614
syscr: 17336284
syscw: 1167073
read_bytes: 20425292288
write_bytes: 39535894528
cancelled_write_bytes: 0

[2020-01-22T22:27:15-08:00]
rchar: 144163316018
wchar: 39871911209
syscr: 17447001
syscw: 1174469
read_bytes: 20498946560
write_bytes: 39876018176
cancelled_write_bytes: 0

[2020-01-22T22:27:18-08:00]
rchar: 145031737028
wchar: 40193649802
syscr: 17552218
syscw: 1181028
read_bytes: 20558608896
write_bytes: 40197791744
cancelled_write_bytes: 0

[2020-01-22T22:27:22-08:00]
rchar: 147244323752
wchar: 40646458588
syscr: 17820465
syscw: 1195709
read_bytes: 20721105408
write_bytes: 40650641408
cancelled_write_bytes: 0

[2020-01-22T22:27:25-08:00]
rchar: 148824822693
wchar: 41007115054
syscr: 18012052
syscw: 1206348
read_bytes: 20836452864
write_bytes: 41011343360
cancelled_write_bytes: 0

[2020-01-22T22:27:28-08:00]
rchar: 150045180092
wchar: 41483918126
syscr: 18159907
syscw: 1215514
read_bytes: 20912105984
write_bytes: 41488191488
cancelled_write_bytes: 0

[2020-01-22T22:27:31-08:00]
rchar: 151592688515
wchar: 41929873593
syscr: 18347542
syscw: 1225510
read_bytes: 20996291072
write_bytes: 41934176256
cancelled_write_bytes: 0

[2020-01-22T22:27:34-08:00]
rchar: 153765001075
wchar: 42517089822
syscr: 18610939
syscw: 1239413
read_bytes: 21119343104
write_bytes: 42521423872
cancelled_write_bytes: 0

[2020-01-22T22:27:37-08:00]
rchar: 154831494004
wchar: 43033051774
syscr: 18739743
syscw: 1247709
read_bytes: 21188200960
write_bytes: 43037433856
cancelled_write_bytes: 0

[2020-01-22T22:27:40-08:00]
rchar: 156264804979
wchar: 43461468674
syscr: 18913412
syscw: 1260326
read_bytes: 21319772672
write_bytes: 43465895936
cancelled_write_bytes: 0

[2020-01-22T22:27:43-08:00]
rchar: 157258490508
wchar: 43786928439
syscr: 19033876
syscw: 1270047
read_bytes: 21407840768
write_bytes: 43791388672
cancelled_write_bytes: 0

[2020-01-22T22:27:46-08:00]
rchar: 158359891153
wchar: 44182378669
syscr: 19167398
syscw: 1280382
read_bytes: 21512899072
write_bytes: 44186910720
cancelled_write_bytes: 0

[2020-01-22T22:27:49-08:00]
rchar: 159960860414
wchar: 44689034557
syscr: 19361408
syscw: 1293297
read_bytes: 21636811264
write_bytes: 44693610496
cancelled_write_bytes: 0

[2020-01-22T22:27:52-08:00]
rchar: 161871198395
wchar: 45155564769
syscr: 19593003
syscw: 1307898
read_bytes: 21787990528
write_bytes: 45160189952
cancelled_write_bytes: 0

[2020-01-22T22:27:55-08:00]
rchar: 162498633826
wchar: 45409790774
syscr: 19669066
syscw: 1313170
read_bytes: 21831756288
write_bytes: 45414445056
cancelled_write_bytes: 0

[2020-01-22T22:27:58-08:00]
rchar: 163672701356
wchar: 45820709327
syscr: 19811314
syscw: 1321949
read_bytes: 21910018560
write_bytes: 45826215936
cancelled_write_bytes: 0

[2020-01-22T22:28:01-08:00]
rchar: 165802853249
wchar: 46286350913
syscr: 20069570
syscw: 1336256
read_bytes: 22052862464
write_bytes: 46291107840
cancelled_write_bytes: 0

[2020-01-22T22:28:04-08:00]
rchar: 167249132631
wchar: 46559792861
syscr: 20244890
syscw: 1346200
read_bytes: 22157285888
write_bytes: 46564597760
cancelled_write_bytes: 0

[2020-01-22T22:28:07-08:00]
rchar: 169215920997
wchar: 47174657679
syscr: 20483276
syscw: 1359698
read_bytes: 22268299776
write_bytes: 47179501568
cancelled_write_bytes: 0

[2020-01-22T22:28:10-08:00]
rchar: 170786704065
wchar: 47576014335
syscr: 20673735
syscw: 1370180
read_bytes: 22350248448
write_bytes: 47581347840
cancelled_write_bytes: 0

[2020-01-22T22:28:13-08:00]
rchar: 172765158133
wchar: 48083712525
syscr: 20913627
syscw: 1382956
read_bytes: 22455695872
write_bytes: 48088608768
cancelled_write_bytes: 0

[2020-01-22T22:28:16-08:00]
rchar: 173521904126
wchar: 48534567230
syscr: 21004790
syscw: 1391157
read_bytes: 22517844480
write_bytes: 48539516928
cancelled_write_bytes: 0

[2020-01-22T22:28:19-08:00]
rchar: 175212973010
wchar: 49005863190
syscr: 21209795
syscw: 1405917
read_bytes: 22664571392
write_bytes: 49010876416
cancelled_write_bytes: 0

[2020-01-22T22:28:22-08:00]
rchar: 176385328517
wchar: 49356564355
syscr: 21351926
syscw: 1416948
read_bytes: 22765021696
write_bytes: 49361616896
cancelled_write_bytes: 0

[2020-01-22T22:28:25-08:00]
rchar: 176973621867
wchar: 49717398277
syscr: 21423144
syscw: 1422732
read_bytes: 22807505408
write_bytes: 49722490880
cancelled_write_bytes: 0

[2020-01-22T22:28:28-08:00]
rchar: 179022755749
wchar: 50208951833
syscr: 21671585
syscw: 1438320
read_bytes: 22957201920
write_bytes: 50214088704
cancelled_write_bytes: 0

[2020-01-22T22:28:31-08:00]
rchar: 180611483041
wchar: 50633402001
syscr: 21864165
syscw: 1451289
read_bytes: 23070603776
write_bytes: 50638598144
cancelled_write_bytes: 0

[2020-01-22T22:28:34-08:00]
rchar: 181337841355
wchar: 51028172624
syscr: 21952159
syscw: 1458039
read_bytes: 23114369536
write_bytes: 51033399296
cancelled_write_bytes: 0

[2020-01-22T22:28:37-08:00]
rchar: 183361180403
wchar: 51477250815
syscr: 22197463
syscw: 1472362
read_bytes: 23237425664
write_bytes: 51482517504
cancelled_write_bytes: 0

[2020-01-22T22:28:40-08:00]
rchar: 185370986294
wchar: 51940451751
syscr: 22441124
syscw: 1486203
read_bytes: 23359977984
write_bytes: 51945771008
cancelled_write_bytes: 0

[2020-01-22T22:28:43-08:00]
rchar: 186670127945
wchar: 52396438850
syscr: 22598521
syscw: 1495874
read_bytes: 23433193984
write_bytes: 52401807360
cancelled_write_bytes: 0

[2020-01-22T22:28:46-08:00]
rchar: 188814609705
wchar: 52889910276
syscr: 22858495
syscw: 1508901
read_bytes: 23542532608
write_bytes: 52895322112
cancelled_write_bytes: 0

[2020-01-22T22:28:49-08:00]
rchar: 190407947286
wchar: 53314651342
syscr: 23051688
syscw: 1519735
read_bytes: 23619746304
write_bytes: 53320105984
cancelled_write_bytes: 0

[2020-01-22T22:28:52-08:00]
rchar: 191602170885
wchar: 53805899306
syscr: 23196407
syscw: 1528621
read_bytes: 23678355968
write_bytes: 53811380224
cancelled_write_bytes: 0

[2020-01-22T22:28:55-08:00]
rchar: 193998390287
wchar: 54317576324
syscr: 23486433
syscw: 1543261
read_bytes: 23808502272
write_bytes: 54323109888
cancelled_write_bytes: 0

[2020-01-22T22:28:58-08:00]
rchar: 195207512939
wchar: 54692419330
syscr: 23633010
syscw: 1555038
read_bytes: 23898655232
write_bytes: 54697988096
cancelled_write_bytes: 0

[2020-01-22T22:29:01-08:00]
rchar: 196083414787
wchar: 55129351344
syscr: 23739122
syscw: 1564069
read_bytes: 23964498432
write_bytes: 55134965760
cancelled_write_bytes: 0

[2020-01-22T22:29:04-08:00]
rchar: 198129802641
wchar: 55559120101
syscr: 23987221
syscw: 1578739
read_bytes: 24101698048
write_bytes: 55564775424
cancelled_write_bytes: 0

[2020-01-22T22:29:07-08:00]
rchar: 199467903643
wchar: 55899911309
syscr: 24149423
syscw: 1589816
read_bytes: 24188176896
write_bytes: 55905615872
cancelled_write_bytes: 0

[2020-01-22T22:29:10-08:00]
rchar: 200633072566
wchar: 56332087044
syscr: 24290625
syscw: 1599245
read_bytes: 24261114368
write_bytes: 56337817600
cancelled_write_bytes: 0

[2020-01-22T22:29:13-08:00]
rchar: 202586675851
wchar: 56779652364
syscr: 24527446
syscw: 1612768
read_bytes: 24366955008
write_bytes: 56785436672
cancelled_write_bytes: 0

[2020-01-22T22:29:16-08:00]
rchar: 204416115486
wchar: 57197980231
syscr: 24749250
syscw: 1625764
read_bytes: 24467167744
write_bytes: 57203818496
cancelled_write_bytes: 0

[2020-01-22T22:29:19-08:00]
rchar: 205540981285
wchar: 57664130041
syscr: 24885529
syscw: 1634219
read_bytes: 24523151872
write_bytes: 57670029312
cancelled_write_bytes: 0

[2020-01-22T22:29:22-08:00]
rchar: 207056395552
wchar: 58039443936
syscr: 25069240
syscw: 1644184
read_bytes: 24589568512
write_bytes: 58045374464
cancelled_write_bytes: 0

[2020-01-22T22:29:25-08:00]
rchar: 209484032599
wchar: 58629151029
syscr: 25363593
syscw: 1659230
read_bytes: 24699656704
write_bytes: 58635124736
cancelled_write_bytes: 0

[2020-01-22T22:29:28-08:00]
rchar: 211102164836
wchar: 59119227311
syscr: 25559794
syscw: 1669416
read_bytes: 24770767360
write_bytes: 59125223424
cancelled_write_bytes: 0

[2020-01-22T22:29:31-08:00]
rchar: 211721216548
wchar: 59389751764
syscr: 25634241
syscw: 1673640
read_bytes: 24795568640
write_bytes: 59395784704
cancelled_write_bytes: 0

[2020-01-22T22:29:34-08:00]
rchar: 213561910072
wchar: 59860620787
syscr: 25857409
syscw: 1688745
read_bytes: 24930728448
write_bytes: 59866701824
cancelled_write_bytes: 0

[2020-01-22T22:29:37-08:00]
rchar: 214895216174
wchar: 60287712002
syscr: 26019029
syscw: 1700472
read_bytes: 25023097344
write_bytes: 60293840896
cancelled_write_bytes: 0

[2020-01-22T22:29:40-08:00]
rchar: 216170772230
wchar: 60778014477
syscr: 26173598
syscw: 1712075
read_bytes: 25102780928
write_bytes: 60784185344
cancelled_write_bytes: 0

[2020-01-22T22:29:43-08:00]
rchar: 217810696531
wchar: 61179012200
syscr: 26372413
syscw: 1725222
read_bytes: 25200818688
write_bytes: 61185228800
cancelled_write_bytes: 0

[2020-01-22T22:29:46-08:00]
rchar: 219219124441
wchar: 61551804598
syscr: 26543138
syscw: 1735991
read_bytes: 25284143616
write_bytes: 61558059008
cancelled_write_bytes: 0

[2020-01-22T22:29:49-08:00]
rchar: 220214768370
wchar: 61979220543
syscr: 26663782
syscw: 1744867
read_bytes: 25336936960
write_bytes: 61985525760
cancelled_write_bytes: 0

[2020-01-22T22:29:52-08:00]
rchar: 222391184302
wchar: 62401243536
syscr: 26927607
syscw: 1759374
read_bytes: 25451141632
write_bytes: 62407602176
cancelled_write_bytes: 0

[2020-01-22T22:29:55-08:00]
rchar: 224082400964
wchar: 62760780130
syscr: 27132655
syscw: 1770760
read_bytes: 25540917760
write_bytes: 62767177728
cancelled_write_bytes: 0

[2020-01-22T22:29:58-08:00]
rchar: 225636489950
wchar: 63270289348
syscr: 27320976
syscw: 1781558
read_bytes: 25610516992
write_bytes: 63276724224
cancelled_write_bytes: 0

[2020-01-22T22:30:01-08:00]
rchar: 227434625355
wchar: 63716300633
syscr: 27539001
syscw: 1792417
read_bytes: 25684417024
write_bytes: 63722762240
cancelled_write_bytes: 0

[2020-01-22T22:30:04-08:00]
rchar: 229768197726
wchar: 64237876232
syscr: 27821948
syscw: 1806069
read_bytes: 25785207296
write_bytes: 64244359168
cancelled_write_bytes: 0

[2020-01-22T22:30:07-08:00]
rchar: 230287120684
wchar: 64526145860
syscr: 27884869
syscw: 1810336
read_bytes: 25807534592
write_bytes: 64532643840
cancelled_write_bytes: 0

[2020-01-22T22:30:10-08:00]
rchar: 231996914026
wchar: 65214645792
syscr: 28091544
syscw: 1820750
read_bytes: 25866291712
write_bytes: 65221206016
cancelled_write_bytes: 0

[2020-01-22T22:30:13-08:00]
rchar: 232584093714
wchar: 65627525193
syscr: 28162752
syscw: 1824124
read_bytes: 25880526336
write_bytes: 65634123776
cancelled_write_bytes: 0

[2020-01-22T22:30:16-08:00]
rchar: 233711721403
wchar: 66087596807
syscr: 28299326
syscw: 1833216
read_bytes: 25945894400
write_bytes: 66094297088
cancelled_write_bytes: 0

[2020-01-22T22:30:19-08:00]
rchar: 234955869893
wchar: 66432794741
syscr: 28450146
syscw: 1844272
read_bytes: 26037194240
write_bytes: 66439544832
cancelled_write_bytes: 0

[2020-01-22T22:30:22-08:00]
rchar: 235764364461
wchar: 66712169302
syscr: 28548094
syscw: 1852515
read_bytes: 26115661312
write_bytes: 66718949376
cancelled_write_bytes: 0

[2020-01-22T22:30:25-08:00]
rchar: 237882804322
wchar: 67016059409
syscr: 28804966
syscw: 1866098
read_bytes: 26307382784
write_bytes: 67022856192
cancelled_write_bytes: 0

[2020-01-22T22:30:28-08:00]
rchar: 239051954123
wchar: 67479502867
syscr: 28946705
syscw: 1876078
read_bytes: 26375560704
write_bytes: 67486322688
cancelled_write_bytes: 0

[2020-01-22T22:30:31-08:00]
rchar: 240497765985
wchar: 67770771329
syscr: 29121898
syscw: 1887205
read_bytes: 26447498752
write_bytes: 67777634304
cancelled_write_bytes: 0

[2020-01-22T22:30:34-08:00]
rchar: 242931488036
wchar: 68235560519
syscr: 29416931
syscw: 1902980
read_bytes: 26570976768
write_bytes: 68242477056
cancelled_write_bytes: 0

[2020-01-22T22:30:37-08:00]
rchar: 244297220753
wchar: 68654461496
syscr: 29582450
syscw: 1912867
read_bytes: 26637262336
write_bytes: 68661407744
cancelled_write_bytes: 0

[2020-01-22T22:30:40-08:00]
rchar: 246826207085
wchar: 69207288308
syscr: 29889052
syscw: 1928207
read_bytes: 26740084224
write_bytes: 69214277632
cancelled_write_bytes: 0

[2020-01-22T22:30:43-08:00]
rchar: 248477443768
wchar: 69637856399
syscr: 30089267
syscw: 1939098
read_bytes: 26803031552
write_bytes: 69644865536
cancelled_write_bytes: 0

[2020-01-22T22:30:46-08:00]
rchar: 249653487124
wchar: 70092763580
syscr: 30231783
syscw: 1947367
read_bytes: 26847415808
write_bytes: 70099808256
cancelled_write_bytes: 0

[2020-01-22T22:30:49-08:00]
rchar: 251987387848
wchar: 70548223587
syscr: 30514221
syscw: 1961404
read_bytes: 26941795840
write_bytes: 70555312128
cancelled_write_bytes: 0

[2020-01-22T22:30:52-08:00]
rchar: 253435810631
wchar: 70971263699
syscr: 30689817
syscw: 1975210
read_bytes: 27032198656
write_bytes: 70978400256
cancelled_write_bytes: 0

[2020-01-22T22:30:55-08:00]
rchar: 254313347073
wchar: 71415480420
syscr: 30796129
syscw: 1983579
read_bytes: 27079867904
write_bytes: 71422664704
cancelled_write_bytes: 0

[2020-01-22T22:30:58-08:00]
rchar: 256565781374
wchar: 71948739109
syscr: 31069198
syscw: 2000696
read_bytes: 27197050368
write_bytes: 71955980288
cancelled_write_bytes: 0

[2020-01-22T22:31:01-08:00]
rchar: 258089625602
wchar: 72355253620
syscr: 31253948
syscw: 2012496
read_bytes: 27275472384
write_bytes: 72362532864
cancelled_write_bytes: 0

[2020-01-22T22:31:04-08:00]
rchar: 258486948433
wchar: 72674770323
syscr: 31301997
syscw: 2016502
read_bytes: 27292237312
write_bytes: 72682078208
cancelled_write_bytes: 0

[2020-01-22T22:31:07-08:00]
rchar: 261009231583
wchar: 73202067168
syscr: 31607770
syscw: 2033191
read_bytes: 27405778432
write_bytes: 73209421824
cancelled_write_bytes: 0

[2020-01-22T22:31:10-08:00]
rchar: 263052982568
wchar: 73687962002
syscr: 31855542
syscw: 2046718
read_bytes: 27495099904
write_bytes: 73695358976
cancelled_write_bytes: 0

[2020-01-22T22:31:13-08:00]
rchar: 263354347745
wchar: 73941074969
syscr: 31892085
syscw: 2049983
read_bytes: 27507940864
write_bytes: 73948475392
cancelled_write_bytes: 0

[2020-01-22T22:31:16-08:00]
rchar: 265947222456
wchar: 74435610413
syscr: 32206352
syscw: 2065243
read_bytes: 27609484800
write_bytes: 74443063296
cancelled_write_bytes: 0

[2020-01-22T22:31:19-08:00]
rchar: 268597982701
wchar: 75002884025
syscr: 32527757
syscw: 2080928
read_bytes: 27710156288
write_bytes: 75010383872
cancelled_write_bytes: 0

[2020-01-22T22:31:22-08:00]
rchar: 269863373973
wchar: 75471872315
syscr: 32681107
syscw: 2089490
read_bytes: 27754388992
write_bytes: 75479400448
cancelled_write_bytes: 0

[2020-01-22T22:31:25-08:00]
rchar: 271526982200
wchar: 75960347818
syscr: 32882331
syscw: 2099534
read_bytes: 27827146240
write_bytes: 75967938560
cancelled_write_bytes: 0

[2020-01-22T22:31:28-08:00]
rchar: 272754717804
wchar: 76649575879
syscr: 33031211
syscw: 2109217
read_bytes: 27928243712
write_bytes: 76657217536
cancelled_write_bytes: 0

[2020-01-22T22:31:31-08:00]
rchar: 273905474428
wchar: 77322660084
syscr: 33170700
syscw: 2118163
read_bytes: 28013714944
write_bytes: 77330354176
cancelled_write_bytes: 0

[2020-01-22T22:31:34-08:00]
rchar: 274503156483
wchar: 77613903153
syscr: 33243075
syscw: 2124113
read_bytes: 28071894528
write_bytes: 77621633024
cancelled_write_bytes: 0

[2020-01-22T22:31:37-08:00]
rchar: 275235863078
wchar: 78043742211
syscr: 33331900
syscw: 2132603
read_bytes: 28189261312
write_bytes: 78051508224
cancelled_write_bytes: 0

[2020-01-22T22:31:40-08:00]
rchar: 275849426626
wchar: 78288058205
syscr: 33406213
syscw: 2138201
read_bytes: 28264619520
write_bytes: 78295900160
cancelled_write_bytes: 0

[2020-01-22T22:31:43-08:00]
rchar: 277439287620
wchar: 78830011460
syscr: 33599002
syscw: 2150733
read_bytes: 28492365312
write_bytes: 78838452224
cancelled_write_bytes: 0

[2020-01-22T22:31:46-08:00]
rchar: 279144636918
wchar: 79415373972
syscr: 33805773
syscw: 2163931
read_bytes: 28721978880
write_bytes: 79423283200
cancelled_write_bytes: 0

[2020-01-22T22:31:49-08:00]
rchar: 279833078222
wchar: 79608050529
syscr: 33889239
syscw: 2170449
read_bytes: 28805266944
write_bytes: 79616016384
cancelled_write_bytes: 0

[2020-01-22T22:31:52-08:00]
rchar: 281112447053
wchar: 80111161735
syscr: 34044284
syscw: 2180714
read_bytes: 28949011968
write_bytes: 80120483840
cancelled_write_bytes: 0

[2020-01-22T22:31:55-08:00]
rchar: 283016938402
wchar: 80700257086
syscr: 34275174
syscw: 2193641
read_bytes: 29118328320
write_bytes: 80708329472
cancelled_write_bytes: 0

[2020-01-22T22:31:58-08:00]
rchar: 284649370438
wchar: 81066894179
syscr: 34473076
syscw: 2205654
read_bytes: 29278785024
write_bytes: 81074999296
cancelled_write_bytes: 0

[2020-01-22T22:32:01-08:00]
rchar: 285851858945
wchar: 81479051540
syscr: 34618799
syscw: 2215363
read_bytes: 29386219008
write_bytes: 81487179776
cancelled_write_bytes: 0

[2020-01-22T22:32:04-08:00]
rchar: 287959958433
wchar: 81870024727
syscr: 34874369
syscw: 2228638
read_bytes: 29557530112
write_bytes: 81878192128
cancelled_write_bytes: 0

[2020-01-22T22:32:07-08:00]
rchar: 290321911071
wchar: 82129597891
syscr: 35160532
syscw: 2240758
read_bytes: 29670211072
write_bytes: 82137808896
cancelled_write_bytes: 0

[2020-01-22T22:32:10-08:00]
rchar: 292240115424
wchar: 82687297936
syscr: 35393030
syscw: 2252628
read_bytes: 29727743488
write_bytes: 82695548928
cancelled_write_bytes: 0

[2020-01-22T22:32:13-08:00]
rchar: 294034247039
wchar: 83121471332
syscr: 35610570
syscw: 2262887
read_bytes: 29775437312
write_bytes: 83129745408
cancelled_write_bytes: 0

[2020-01-22T22:32:16-08:00]
rchar: 296675965842
wchar: 83845001739
syscr: 35930382
syscw: 2277300
read_bytes: 29846908416
write_bytes: 83853336576
cancelled_write_bytes: 0

[2020-01-22T22:32:19-08:00]
rchar: 297188011613
wchar: 84144379911
syscr: 35992474
syscw: 2281650
read_bytes: 29861076480
write_bytes: 84152713216
cancelled_write_bytes: 0

[2020-01-22T22:32:22-08:00]
rchar: 298003081207
wchar: 84767796676
syscr: 36091318
syscw: 2288190
read_bytes: 29881679360
write_bytes: 84776189952
cancelled_write_bytes: 0

[2020-01-22T22:32:25-08:00]
rchar: 299208734409
wchar: 85463203300
syscr: 36237439
syscw: 2296666
read_bytes: 29908930048
write_bytes: 85471686656
cancelled_write_bytes: 0

[2020-01-22T22:32:28-08:00]
rchar: 299868938413
wchar: 85860115991
syscr: 36317429
syscw: 2300939
read_bytes: 29921545728
write_bytes: 85868642304
cancelled_write_bytes: 0

[2020-01-22T22:32:31-08:00]
rchar: 301322571299
wchar: 86289643327
syscr: 36493465
syscw: 2311314
read_bytes: 29977808384
write_bytes: 86298284032
cancelled_write_bytes: 0

[2020-01-22T22:32:34-08:00]
rchar: 302742357256
wchar: 86628102372
syscr: 36665597
syscw: 2322306
read_bytes: 30038457856
write_bytes: 86636769280
cancelled_write_bytes: 0

[2020-01-22T22:32:37-08:00]
rchar: 303885634429
wchar: 87050252488
syscr: 36804116
syscw: 2331768
read_bytes: 30080900608
write_bytes: 87058964480
cancelled_write_bytes: 0

[2020-01-22T22:32:40-08:00]
rchar: 306558905663
wchar: 87536471040
syscr: 37128199
syscw: 2348364
read_bytes: 30180412928
write_bytes: 87545233408
cancelled_write_bytes: 0

[2020-01-22T22:32:43-08:00]
rchar: 307736936730
wchar: 87901613908
syscr: 37271044
syscw: 2357131
read_bytes: 30222695936
write_bytes: 87910400000
cancelled_write_bytes: 0

[2020-01-22T22:32:46-08:00]
rchar: 309556959204
wchar: 88284320314
syscr: 37491609
syscw: 2368427
read_bytes: 30280498688
write_bytes: 88293146624
cancelled_write_bytes: 0

[2020-01-22T22:32:49-08:00]
rchar: 312209486800
wchar: 88920794997
syscr: 37813195
syscw: 2384034
read_bytes: 30356254208
write_bytes: 88929669120
cancelled_write_bytes: 0

[2020-01-22T22:32:52-08:00]
rchar: 313368980753
wchar: 89218708840
syscr: 37953785
syscw: 2391762
read_bytes: 30388043264
write_bytes: 89227591680
cancelled_write_bytes: 0

[2020-01-22T22:32:55-08:00]
rchar: 315168180407
wchar: 89760037024
syscr: 38171855
syscw: 2403371
read_bytes: 30437408256
write_bytes: 89768980480
cancelled_write_bytes: 0

[2020-01-22T22:32:58-08:00]
rchar: 317521559327
wchar: 90357032695
syscr: 38456613
syscw: 2416062
read_bytes: 30508879360
write_bytes: 90366066688
cancelled_write_bytes: 0

[2020-01-22T22:33:01-08:00]
rchar: 318423087366
wchar: 90887162161
syscr: 38565928
syscw: 2423811
read_bytes: 30557744640
write_bytes: 90896179200
cancelled_write_bytes: 0

[2020-01-22T22:33:04-08:00]
rchar: 319656632249
wchar: 91596120671
syscr: 38715506
syscw: 2434138
read_bytes: 30625709568
write_bytes: 91605192704
cancelled_write_bytes: 0

[2020-01-22T22:33:07-08:00]
rchar: 320236597012
wchar: 91925258342
syscr: 38785802
syscw: 2440201
read_bytes: 30657506816
write_bytes: 91934380032
cancelled_write_bytes: 0

[2020-01-22T22:33:10-08:00]
rchar: 321054229375
wchar: 92449062889
syscr: 38884884
syscw: 2448574
read_bytes: 30709267968
write_bytes: 92458254336
cancelled_write_bytes: 0

[2020-01-22T22:33:13-08:00]
rchar: 321874603492
wchar: 92921329186
syscr: 38984256
syscw: 2455850
read_bytes: 30751629824
write_bytes: 92930539520
cancelled_write_bytes: 0

[2020-01-22T22:33:16-08:00]
rchar: 323007200286
wchar: 93528563828
syscr: 39121522
syscw: 2464607
read_bytes: 30805152256
write_bytes: 93537857536
cancelled_write_bytes: 0

[2020-01-22T22:33:19-08:00]
rchar: 324056807345
wchar: 94083793345
syscr: 39248802
syscw: 2472687
read_bytes: 30855197184
write_bytes: 94093123584
cancelled_write_bytes: 0

[2020-01-22T22:33:22-08:00]
rchar: 325038783469
wchar: 94603230906
syscr: 39367867
syscw: 2480755
read_bytes: 30899905024
write_bytes: 94612643840
cancelled_write_bytes: 0

[2020-01-22T22:33:25-08:00]
rchar: 325888080538
wchar: 95064791437
syscr: 39470812
syscw: 2487633
read_bytes: 30939861504
write_bytes: 95074275328
cancelled_write_bytes: 0

[2020-01-22T22:33:28-08:00]
rchar: 326700109436
wchar: 95499174582
syscr: 39569282
syscw: 2494644
read_bytes: 30980358656
write_bytes: 95508668416
cancelled_write_bytes: 0

[2020-01-22T22:33:31-08:00]
rchar: 327382848584
wchar: 95880796640
syscr: 39652018
syscw: 2500986
read_bytes: 31015272960
write_bytes: 95890362368
cancelled_write_bytes: 0

[2020-01-22T22:33:34-08:00]
rchar: 328546556875
wchar: 96573044683
syscr: 39793026
syscw: 2510856
read_bytes: 31075324416
write_bytes: 96582647808
cancelled_write_bytes: 0

[2020-01-22T22:33:37-08:00]
rchar: 329316401011
wchar: 96913174703
syscr: 39886217
syscw: 2517257
read_bytes: 31113785856
write_bytes: 96922824704
cancelled_write_bytes: 0

[2020-01-22T22:33:40-08:00]
rchar: 330741377961
wchar: 97518884213
syscr: 40058858
syscw: 2528247
read_bytes: 31200113152
write_bytes: 97528602624
cancelled_write_bytes: 0

[2020-01-22T22:33:43-08:00]
rchar: 331540939031
wchar: 97800810755
syscr: 40155725
syscw: 2535464
read_bytes: 31252414976
write_bytes: 97810612224
cancelled_write_bytes: 0

[2020-01-22T22:33:46-08:00]
rchar: 332810995290
wchar: 98257255881
syscr: 40309728
syscw: 2545340
read_bytes: 31381492224
write_bytes: 98267066368
cancelled_write_bytes: 0

[2020-01-22T22:33:49-08:00]
rchar: 333960640175
wchar: 98577528417
syscr: 40449044
syscw: 2554516
read_bytes: 31480168960
write_bytes: 98587443200
cancelled_write_bytes: 0

[2020-01-22T22:33:53-08:00]
rchar: 336081925243
wchar: 99124981885
syscr: 40706265
syscw: 2567175
read_bytes: 31679566336
write_bytes: 99134861312
cancelled_write_bytes: 0

[2020-01-22T22:33:56-08:00]
rchar: 337825759890
wchar: 99517565993
syscr: 40917718
syscw: 2579172
read_bytes: 31825011200
write_bytes: 99527512064
cancelled_write_bytes: 0

[2020-01-22T22:33:59-08:00]
rchar: 339159899232
wchar: 99965484033
syscr: 41079403
syscw: 2589278
read_bytes: 31927054848
write_bytes: 99976822784
cancelled_write_bytes: 0

[2020-01-22T22:34:02-08:00]
rchar: 341007412648
wchar: 100340476649
syscr: 41303426
syscw: 2600746
read_bytes: 32061751808
write_bytes: 100350492672
cancelled_write_bytes: 0

[2020-01-22T22:34:05-08:00]
rchar: 343343132429
wchar: 100872970599
syscr: 41586612
syscw: 2613579
read_bytes: 32249512448
write_bytes: 100883038208
cancelled_write_bytes: 0

[2020-01-22T22:34:08-08:00]
rchar: 344281835114
wchar: 101030125895
syscr: 41700272
syscw: 2619747
read_bytes: 32307118592
write_bytes: 101040230400
cancelled_write_bytes: 0

[2020-01-22T22:34:11-08:00]
rchar: 347232222247
wchar: 101358020429
syscr: 42057707
syscw: 2632674
read_bytes: 32390066688
write_bytes: 101368168448
cancelled_write_bytes: 0

[2020-01-22T22:34:14-08:00]
rchar: 350217675710
wchar: 101813387780
syscr: 42419683
syscw: 2646830
read_bytes: 32456131072
write_bytes: 101823557632
cancelled_write_bytes: 0

[2020-01-22T22:34:17-08:00]
rchar: 351442472442
wchar: 102221713125
syscr: 42568103
syscw: 2654590
read_bytes: 32480457216
write_bytes: 102231908352
cancelled_write_bytes: 0

[2020-01-22T22:34:20-08:00]
rchar: 354500413801
wchar: 102745711096
syscr: 42938875
syscw: 2668984
read_bytes: 32538210816
write_bytes: 102755938304
cancelled_write_bytes: 0

[2020-01-22T22:34:23-08:00]
rchar: 357479789365
wchar: 103247075173
syscr: 43300119
syscw: 2682253
read_bytes: 32595108352
write_bytes: 103257329664
cancelled_write_bytes: 0

[2020-01-22T22:34:26-08:00]
rchar: 358336388694
wchar: 103619607817
syscr: 43403397
syscw: 2688621
read_bytes: 32621011456
write_bytes: 103631044608
cancelled_write_bytes: 0

[2020-01-22T22:34:29-08:00]
rchar: 359552973730
wchar: 104209038580
syscr: 43550828
syscw: 2699572
read_bytes: 32676401664
write_bytes: 104219385856
cancelled_write_bytes: 0

[2020-01-22T22:34:32-08:00]
rchar: 360705601074
wchar: 104752923160
syscr: 43690572
syscw: 2709572
read_bytes: 32734507520
write_bytes: 104763334656
cancelled_write_bytes: 0

[2020-01-22T22:34:35-08:00]
rchar: 361614189275
wchar: 105181257369
syscr: 43800723
syscw: 2717854
read_bytes: 32777032192
write_bytes: 105191706624
cancelled_write_bytes: 0

[2020-01-22T22:34:38-08:00]
rchar: 362422648247
wchar: 105569971333
syscr: 43898710
syscw: 2725051
read_bytes: 32814584320
write_bytes: 105580462080
cancelled_write_bytes: 0

[2020-01-22T22:34:41-08:00]
rchar: 363639438950
wchar: 106176207445
syscr: 44046193
syscw: 2735023
read_bytes: 32868491776
write_bytes: 106186727424
cancelled_write_bytes: 0

[2020-01-22T22:34:44-08:00]
rchar: 364320213822
wchar: 106512697730
syscr: 44128723
syscw: 2741557
read_bytes: 32898163200
write_bytes: 106523258880
cancelled_write_bytes: 0

[2020-01-22T22:34:47-08:00]
rchar: 365178169957
wchar: 106971075318
syscr: 44232747
syscw: 2749507
read_bytes: 32936296960
write_bytes: 106981724160
cancelled_write_bytes: 0

[2020-01-22T22:34:50-08:00]
rchar: 366107492370
wchar: 107464715506
syscr: 44345437
syscw: 2758081
read_bytes: 32979513856
write_bytes: 107475353600
cancelled_write_bytes: 0

[2020-01-22T22:34:53-08:00]
rchar: 367241927193
wchar: 108018986579
syscr: 44482923
syscw: 2767941
read_bytes: 33025311232
write_bytes: 108029677568
cancelled_write_bytes: 0

[2020-01-22T22:34:56-08:00]
rchar: 368051518246
wchar: 108367334546
syscr: 44581106
syscw: 2774573
read_bytes: 33057575424
write_bytes: 108378120192
cancelled_write_bytes: 0

[2020-01-22T22:34:59-08:00]
rchar: 369479128409
wchar: 109025526442
syscr: 44754170
syscw: 2785262
read_bytes: 33114452480
write_bytes: 109036367872
cancelled_write_bytes: 0

[2020-01-22T22:35:02-08:00]
rchar: 370298449822
wchar: 109355762003
syscr: 44853465
syscw: 2792557
read_bytes: 33148576256
write_bytes: 109366657024
cancelled_write_bytes: 0

[2020-01-22T22:35:05-08:00]
rchar: 370987791447
wchar: 109645315299
syscr: 44936997
syscw: 2799472
read_bytes: 33178563072
write_bytes: 109656264704
cancelled_write_bytes: 0

[2020-01-22T22:35:08-08:00]
rchar: 372323264202
wchar: 110310795607
syscr: 45098789
syscw: 2810858
read_bytes: 33243337216
write_bytes: 110321786880
cancelled_write_bytes: 0

[2020-01-22T22:35:11-08:00]
rchar: 373350657548
wchar: 110670768663
syscr: 45223212
syscw: 2819285
read_bytes: 33292358144
write_bytes: 110681804800
cancelled_write_bytes: 0

[2020-01-22T22:35:14-08:00]
rchar: 374795307016
wchar: 111165022096
syscr: 45398314
syscw: 2830093
read_bytes: 33375867392
write_bytes: 111176126464
cancelled_write_bytes: 0

[2020-01-22T22:35:17-08:00]
rchar: 376390712826
wchar: 111603144479
syscr: 45591724
syscw: 2840752
read_bytes: 33504088576
write_bytes: 111614320640
cancelled_write_bytes: 0

[2020-01-22T22:35:20-08:00]
rchar: 377729261327
wchar: 112079707613
syscr: 45753942
syscw: 2851184
read_bytes: 33602908672
write_bytes: 112090898432
cancelled_write_bytes: 0

[2020-01-22T22:35:23-08:00]
rchar: 379385465816
wchar: 112414734510
syscr: 45954772
syscw: 2862759
read_bytes: 33711247872
write_bytes: 112425988096
cancelled_write_bytes: 0

[2020-01-22T22:35:26-08:00]
rchar: 381597401291
wchar: 112967620431
syscr: 46222968
syscw: 2875599
read_bytes: 33882747392
write_bytes: 112978886656
cancelled_write_bytes: 0

[2020-01-22T22:35:29-08:00]
rchar: 382938932665
wchar: 113243837962
syscr: 46385619
syscw: 2885308
read_bytes: 33966408192
write_bytes: 113256079360
cancelled_write_bytes: 0

[2020-01-22T22:35:32-08:00]
rchar: 384532135558
wchar: 113674875829
syscr: 46578713
syscw: 2896518
read_bytes: 34055909888
write_bytes: 113686249472
cancelled_write_bytes: 0

[2020-01-22T22:35:35-08:00]
rchar: 387149705197
wchar: 114234529416
syscr: 46896105
syscw: 2909931
read_bytes: 34226786816
write_bytes: 114245935104
cancelled_write_bytes: 0

[2020-01-22T22:35:38-08:00]
rchar: 389305251282
wchar: 114670644438
syscr: 47157470
syscw: 2922091
read_bytes: 34361938432
write_bytes: 114683019264
cancelled_write_bytes: 0

[2020-01-22T22:35:41-08:00]
rchar: 390850960673
wchar: 115061691983
syscr: 47344623
syscw: 2933245
read_bytes: 34431787520
write_bytes: 115073175552
cancelled_write_bytes: 0

[2020-01-22T22:35:44-08:00]
rchar: 393748261869
wchar: 115249663910
syscr: 47695625
syscw: 2945334
read_bytes: 34502431232
write_bytes: 115261206528
cancelled_write_bytes: 0

[2020-01-22T22:35:47-08:00]
rchar: 396766754936
wchar: 115579873673
syscr: 48061604
syscw: 2956381
read_bytes: 34555093504
write_bytes: 115592200192
cancelled_write_bytes: 0

[2020-01-22T22:35:50-08:00]
rchar: 399526222811
wchar: 116099770859
syscr: 48396094
syscw: 2969936
read_bytes: 34593989120
write_bytes: 116111355904
cancelled_write_bytes: 0

[2020-01-22T22:35:53-08:00]
rchar: 402424329546
wchar: 116567198677
syscr: 48747484
syscw: 2984728
read_bytes: 34634035712
write_bytes: 116578816000
cancelled_write_bytes: 0

[2020-01-22T22:35:56-08:00]
rchar: 402809933569
wchar: 116767577513
syscr: 48794245
syscw: 2986583
read_bytes: 34636751360
write_bytes: 116779216896
cancelled_write_bytes: 0

[2020-01-22T22:35:59-08:00]
rchar: 402809933569
wchar: 116767577513
syscr: 48794245
syscw: 2986583
read_bytes: 34636751360
write_bytes: 116779229184
cancelled_write_bytes: 0

