[2020-01-22T23:49:10-08:00]
rchar: 16583973
wchar: 209
syscr: 2824
syscw: 10
read_bytes: 708608
write_bytes: 53248
cancelled_write_bytes: 0

[2020-01-22T23:49:13-08:00]
rchar: 16583973
wchar: 209
syscr: 2824
syscw: 10
read_bytes: 708608
write_bytes: 53248
cancelled_write_bytes: 0

[2020-01-22T23:49:16-08:00]
rchar: 16583973
wchar: 209
syscr: 2824
syscw: 10
read_bytes: 708608
write_bytes: 53248
cancelled_write_bytes: 0

[2020-01-22T23:49:19-08:00]
rchar: 16583973
wchar: 209
syscr: 2824
syscw: 10
read_bytes: 708608
write_bytes: 61440
cancelled_write_bytes: 0

[2020-01-22T23:49:22-08:00]
rchar: 16583973
wchar: 209
syscr: 2824
syscw: 10
read_bytes: 708608
write_bytes: 61440
cancelled_write_bytes: 0

[2020-01-22T23:49:25-08:00]
rchar: 16583973
wchar: 209
syscr: 2824
syscw: 10
read_bytes: 708608
write_bytes: 61440
cancelled_write_bytes: 0

[2020-01-22T23:49:28-08:00]
rchar: 16583973
wchar: 209
syscr: 2824
syscw: 10
read_bytes: 708608
write_bytes: 61440
cancelled_write_bytes: 0

[2020-01-22T23:49:31-08:00]
rchar: 16583973
wchar: 209
syscr: 2824
syscw: 10
read_bytes: 708608
write_bytes: 77824
cancelled_write_bytes: 0

[2020-01-22T23:49:34-08:00]
rchar: 16583973
wchar: 209
syscr: 2824
syscw: 10
read_bytes: 708608
write_bytes: 77824
cancelled_write_bytes: 0

[2020-01-22T23:49:37-08:00]
rchar: 18081928
wchar: 2303088
syscr: 3438
syscw: 327
read_bytes: 1851392
write_bytes: 2412544
cancelled_write_bytes: 0

[2020-01-22T23:49:40-08:00]
rchar: 359281623
wchar: 228771916
syscr: 17775
syscw: 3348
read_bytes: 367340032
write_bytes: 228954112
cancelled_write_bytes: 0

[2020-01-22T23:49:43-08:00]
rchar: 920239644
wchar: 434334006
syscr: 85808
syscw: 33533
read_bytes: 1161853440
write_bytes: 434515968
cancelled_write_bytes: 0

[2020-01-22T23:49:46-08:00]
rchar: 1223347228
wchar: 696583523
syscr: 122484
syscw: 43828
read_bytes: 1477024256
write_bytes: 696782848
cancelled_write_bytes: 0

[2020-01-22T23:49:49-08:00]
rchar: 2321991312
wchar: 898824075
syscr: 255701
syscw: 67717
read_bytes: 2160941568
write_bytes: 899022848
cancelled_write_bytes: 0

[2020-01-22T23:49:52-08:00]
rchar: 2479333922
wchar: 1099961640
syscr: 274696
syscw: 71341
read_bytes: 2250361344
write_bytes: 1100177408
cancelled_write_bytes: 0

[2020-01-22T23:49:55-08:00]
rchar: 4025108279
wchar: 1287108326
syscr: 462119
syscw: 92459
read_bytes: 2852469248
write_bytes: 1287323648
cancelled_write_bytes: 0

[2020-01-22T23:49:58-08:00]
rchar: 4854338633
wchar: 1552997083
syscr: 562580
syscw: 102792
read_bytes: 3140569600
write_bytes: 1553252352
cancelled_write_bytes: 0

[2020-01-22T23:50:01-08:00]
rchar: 7050115721
wchar: 1753968780
syscr: 828813
syscw: 124666
read_bytes: 3754637824
write_bytes: 1754222592
cancelled_write_bytes: 0

[2020-01-22T23:50:04-08:00]
rchar: 8006993251
wchar: 2137555894
syscr: 944751
syscw: 132753
read_bytes: 3943500288
write_bytes: 2137841664
cancelled_write_bytes: 0

[2020-01-22T23:50:07-08:00]
rchar: 9650293864
wchar: 2597293827
syscr: 1143999
syscw: 144031
read_bytes: 4213037568
write_bytes: 2597609472
cancelled_write_bytes: 0

[2020-01-22T23:50:10-08:00]
rchar: 11229397434
wchar: 2944390055
syscr: 1335465
syscw: 155694
read_bytes: 4624595456
write_bytes: 2944737280
cancelled_write_bytes: 0

[2020-01-22T23:50:13-08:00]
rchar: 12186349717
wchar: 3273741732
syscr: 1451411
syscw: 163205
read_bytes: 4872636928
write_bytes: 3274104832
cancelled_write_bytes: 0

[2020-01-22T23:50:16-08:00]
rchar: 13783252267
wchar: 3667816835
syscr: 1644559
syscw: 175233
read_bytes: 5180942848
write_bytes: 3668234240
cancelled_write_bytes: 0

[2020-01-22T23:50:19-08:00]
rchar: 14609395640
wchar: 3831345905
syscr: 1744735
syscw: 186924
read_bytes: 5447047680
write_bytes: 3831824384
cancelled_write_bytes: 0

[2020-01-22T23:50:22-08:00]
rchar: 15636641950
wchar: 4105014690
syscr: 1869204
syscw: 198422
read_bytes: 5722700288
write_bytes: 4105502720
cancelled_write_bytes: 0

[2020-01-22T23:50:25-08:00]
rchar: 17325437232
wchar: 4263015889
syscr: 2073972
syscw: 213763
read_bytes: 6150691328
write_bytes: 4263510016
cancelled_write_bytes: 0

[2020-01-22T23:50:28-08:00]
rchar: 19260213441
wchar: 4584084824
syscr: 2308474
syscw: 229733
read_bytes: 6542068224
write_bytes: 4584607744
cancelled_write_bytes: 0

[2020-01-22T23:50:31-08:00]
rchar: 20902194282
wchar: 4842686681
syscr: 2507560
syscw: 242461
read_bytes: 6865058304
write_bytes: 4843212800
cancelled_write_bytes: 0

[2020-01-22T23:50:34-08:00]
rchar: 22544655924
wchar: 5296900625
syscr: 2706622
syscw: 252961
read_bytes: 7068305920
write_bytes: 5297459200
cancelled_write_bytes: 0

[2020-01-22T23:50:37-08:00]
rchar: 24236165787
wchar: 5786799956
syscr: 2911718
syscw: 263274
read_bytes: 7266548224
write_bytes: 5788250112
cancelled_write_bytes: 0

[2020-01-22T23:50:40-08:00]
rchar: 25433645078
wchar: 6126157771
syscr: 3056910
syscw: 271452
read_bytes: 7408138752
write_bytes: 6126792704
cancelled_write_bytes: 0

[2020-01-22T23:50:43-08:00]
rchar: 26090040136
wchar: 6553570660
syscr: 3136002
syscw: 278216
read_bytes: 7525980672
write_bytes: 6554247168
cancelled_write_bytes: 0

[2020-01-22T23:50:46-08:00]
rchar: 27259442557
wchar: 6910719950
syscr: 3277707
syscw: 290265
read_bytes: 7790852608
write_bytes: 6911463424
cancelled_write_bytes: 0

[2020-01-22T23:50:49-08:00]
rchar: 28432194040
wchar: 7212740546
syscr: 3419905
syscw: 303097
read_bytes: 8175032832
write_bytes: 7213514752
cancelled_write_bytes: 0

[2020-01-22T23:50:52-08:00]
rchar: 29056037906
wchar: 7588761664
syscr: 3495457
syscw: 309815
read_bytes: 8291412480
write_bytes: 7589580800
cancelled_write_bytes: 0

[2020-01-22T23:50:55-08:00]
rchar: 30143609511
wchar: 7838895790
syscr: 3627309
syscw: 320661
read_bytes: 8551668224
write_bytes: 7839739904
cancelled_write_bytes: 0

[2020-01-22T23:50:58-08:00]
rchar: 31613516705
wchar: 8068722300
syscr: 3805518
syscw: 334120
read_bytes: 8914811392
write_bytes: 8069607424
cancelled_write_bytes: 0

[2020-01-22T23:51:01-08:00]
rchar: 33182226545
wchar: 8363903845
syscr: 3995636
syscw: 347166
read_bytes: 9203530240
write_bytes: 8364806144
cancelled_write_bytes: 4096

[2020-01-22T23:51:04-08:00]
rchar: 35009124574
wchar: 8502898520
syscr: 4217145
syscw: 359948
read_bytes: 9524505088
write_bytes: 8503824384
cancelled_write_bytes: 4096

[2020-01-22T23:51:07-08:00]
rchar: 36571122345
wchar: 9045880569
syscr: 4406454
syscw: 370948
read_bytes: 9710205440
write_bytes: 9046818816
cancelled_write_bytes: 4096

[2020-01-22T23:51:10-08:00]
rchar: 37920289175
wchar: 9472151789
syscr: 4570043
syscw: 379403
read_bytes: 9845910016
write_bytes: 9473400832
cancelled_write_bytes: 4096

[2020-01-22T23:51:13-08:00]
rchar: 39529890701
wchar: 9917683758
syscr: 4765205
syscw: 390031
read_bytes: 10019363328
write_bytes: 9918685184
cancelled_write_bytes: 4096

[2020-01-22T23:51:16-08:00]
rchar: 40373854809
wchar: 10381859697
syscr: 4867023
syscw: 396591
read_bytes: 10117843456
write_bytes: 10382901248
cancelled_write_bytes: 4096

[2020-01-22T23:51:19-08:00]
rchar: 41533185639
wchar: 10695875988
syscr: 5007484
syscw: 408421
read_bytes: 10420886016
write_bytes: 10697547776
cancelled_write_bytes: 4096

[2020-01-22T23:51:22-08:00]
rchar: 42877140522
wchar: 11013307156
syscr: 5170425
syscw: 421813
read_bytes: 10808064512
write_bytes: 11014414336
cancelled_write_bytes: 4096

[2020-01-22T23:51:25-08:00]
rchar: 43334493640
wchar: 11276637902
syscr: 5225802
syscw: 427849
read_bytes: 10933299712
write_bytes: 11277766656
cancelled_write_bytes: 4096

[2020-01-22T23:51:28-08:00]
rchar: 44751054832
wchar: 11613640838
syscr: 5397540
syscw: 440469
read_bytes: 11194657280
write_bytes: 11614806016
cancelled_write_bytes: 4096

[2020-01-22T23:51:31-08:00]
rchar: 46291917347
wchar: 12033549882
syscr: 5584327
syscw: 453276
read_bytes: 11428755968
write_bytes: 12034768896
cancelled_write_bytes: 4096

[2020-01-22T23:51:34-08:00]
rchar: 47147727572
wchar: 12381160413
syscr: 5688016
syscw: 461035
read_bytes: 11610364416
write_bytes: 12382396416
cancelled_write_bytes: 4096

[2020-01-22T23:51:37-08:00]
rchar: 49054035124
wchar: 12731123298
syscr: 5919129
syscw: 474046
read_bytes: 11942193664
write_bytes: 12732391424
cancelled_write_bytes: 4096

[2020-01-22T23:51:40-08:00]
rchar: 50611274316
wchar: 13045984504
syscr: 6107915
syscw: 485181
read_bytes: 12182215168
write_bytes: 13047287808
cancelled_write_bytes: 4096

[2020-01-22T23:51:43-08:00]
rchar: 50917230301
wchar: 13305577902
syscr: 6145014
syscw: 488444
read_bytes: 12220766720
write_bytes: 13306892288
cancelled_write_bytes: 4096

[2020-01-22T23:51:46-08:00]
rchar: 52907599269
wchar: 13778483779
syscr: 6386226
syscw: 501135
read_bytes: 12419246592
write_bytes: 13779845120
cancelled_write_bytes: 4096

[2020-01-22T23:51:49-08:00]
rchar: 54828269527
wchar: 14302235372
syscr: 6619109
syscw: 513844
read_bytes: 12602890752
write_bytes: 14303637504
cancelled_write_bytes: 4096

[2020-01-22T23:51:52-08:00]
rchar: 55949564614
wchar: 14712849976
syscr: 6755067
syscw: 521275
read_bytes: 12705606144
write_bytes: 14714265600
cancelled_write_bytes: 4096

[2020-01-22T23:51:55-08:00]
rchar: 56565806625
wchar: 14972520123
syscr: 6829703
syscw: 525397
read_bytes: 12757133824
write_bytes: 14973960192
cancelled_write_bytes: 4096

[2020-01-22T23:51:58-08:00]
rchar: 58271951672
wchar: 15407526420
syscr: 7036055
syscw: 539233
read_bytes: 12986903040
write_bytes: 15409295360
cancelled_write_bytes: 4096

[2020-01-22T23:52:01-08:00]
rchar: 59674758221
wchar: 15857002257
syscr: 7206121
syscw: 552428
read_bytes: 13208082944
write_bytes: 15858561024
cancelled_write_bytes: 4096

[2020-01-22T23:52:04-08:00]
rchar: 60413805457
wchar: 16216974008
syscr: 7295652
syscw: 559622
read_bytes: 13333817856
write_bytes: 16218570752
cancelled_write_bytes: 4096

[2020-01-22T23:52:07-08:00]
rchar: 62046782628
wchar: 16624049147
syscr: 7493640
syscw: 572871
read_bytes: 13563681280
write_bytes: 16625700864
cancelled_write_bytes: 4096

[2020-01-22T23:52:10-08:00]
rchar: 63359087174
wchar: 16973427266
syscr: 7652738
syscw: 584574
read_bytes: 13739448832
write_bytes: 16975126528
cancelled_write_bytes: 4096

[2020-01-22T23:52:13-08:00]
rchar: 63713272161
wchar: 17258144822
syscr: 7695576
syscw: 588448
read_bytes: 13795088896
write_bytes: 17259872256
cancelled_write_bytes: 4096

[2020-01-22T23:52:16-08:00]
rchar: 65735188151
wchar: 17553763644
syscr: 7940736
syscw: 601877
read_bytes: 14155356672
write_bytes: 17555525632
cancelled_write_bytes: 4096

[2020-01-22T23:52:19-08:00]
rchar: 67431775388
wchar: 17903081247
syscr: 8146408
syscw: 613529
read_bytes: 14396963328
write_bytes: 17904873472
cancelled_write_bytes: 4096

[2020-01-22T23:52:22-08:00]
rchar: 68531397822
wchar: 18330561692
syscr: 8279660
syscw: 621807
read_bytes: 14499531264
write_bytes: 18332405760
cancelled_write_bytes: 4096

[2020-01-22T23:52:25-08:00]
rchar: 69902240511
wchar: 18698229047
syscr: 8445840
syscw: 630702
read_bytes: 14616427008
write_bytes: 18700099584
cancelled_write_bytes: 4096

[2020-01-22T23:52:28-08:00]
rchar: 71637801671
wchar: 19194176945
syscr: 8656282
syscw: 642097
read_bytes: 14761830912
write_bytes: 19197034496
cancelled_write_bytes: 4096

[2020-01-22T23:52:31-08:00]
rchar: 73033629360
wchar: 19620220718
syscr: 8825526
syscw: 651150
read_bytes: 14874905088
write_bytes: 19622150144
cancelled_write_bytes: 4096

[2020-01-22T23:52:34-08:00]
rchar: 74358286793
wchar: 20141685958
syscr: 8985523
syscw: 661840
read_bytes: 15011547648
write_bytes: 20143677440
cancelled_write_bytes: 4096

[2020-01-22T23:52:37-08:00]
rchar: 75921457822
wchar: 20465181340
syscr: 9175048
syscw: 676723
read_bytes: 15341636096
write_bytes: 20467191808
cancelled_write_bytes: 4096

[2020-01-22T23:52:40-08:00]
rchar: 76412693096
wchar: 20629674444
syscr: 9234594
syscw: 682266
read_bytes: 15427942912
write_bytes: 20631724032
cancelled_write_bytes: 4096

[2020-01-22T23:52:43-08:00]
rchar: 77744304828
wchar: 21169718547
syscr: 9395940
syscw: 693938
read_bytes: 15579224576
write_bytes: 21171814400
cancelled_write_bytes: 4096

[2020-01-22T23:52:46-08:00]
rchar: 79456116004
wchar: 21543588212
syscr: 9603477
syscw: 707435
read_bytes: 15834061312
write_bytes: 21546520576
cancelled_write_bytes: 4096

[2020-01-22T23:52:49-08:00]
rchar: 80379639865
wchar: 21857504174
syscr: 9715375
syscw: 716112
read_bytes: 16001976832
write_bytes: 21859663872
cancelled_write_bytes: 4096

[2020-01-22T23:52:52-08:00]
rchar: 82145672239
wchar: 22093284237
syscr: 9929508
syscw: 729253
read_bytes: 16274500096
write_bytes: 22095458304
cancelled_write_bytes: 4096

[2020-01-22T23:52:55-08:00]
rchar: 84121920712
wchar: 22472278176
syscr: 10169085
syscw: 742420
read_bytes: 16507214336
write_bytes: 22474489856
cancelled_write_bytes: 4096

[2020-01-22T23:52:58-08:00]
rchar: 84932167757
wchar: 22846822948
syscr: 10267251
syscw: 749372
read_bytes: 16577018368
write_bytes: 22849073152
cancelled_write_bytes: 4096

[2020-01-22T23:53:01-08:00]
rchar: 86509987254
wchar: 23269724721
syscr: 10458527
syscw: 759596
read_bytes: 16692075008
write_bytes: 23272009728
cancelled_write_bytes: 4096

[2020-01-22T23:53:04-08:00]
rchar: 88589315093
wchar: 23844403298
syscr: 10710649
syscw: 772587
read_bytes: 16844577280
write_bytes: 23846723584
cancelled_write_bytes: 4096

[2020-01-22T23:53:07-08:00]
rchar: 90023783923
wchar: 24270814959
syscr: 10884579
syscw: 781796
read_bytes: 16946387456
write_bytes: 24273158144
cancelled_write_bytes: 4096

[2020-01-22T23:53:10-08:00]
rchar: 90426527219
wchar: 24549209242
syscr: 10933330
syscw: 784927
read_bytes: 16974096896
write_bytes: 24551591936
cancelled_write_bytes: 4096

[2020-01-22T23:53:13-08:00]
rchar: 92282923913
wchar: 25018757272
syscr: 11157777
syscw: 799666
read_bytes: 17179175424
write_bytes: 25021198336
cancelled_write_bytes: 4096

[2020-01-22T23:53:16-08:00]
rchar: 93718617745
wchar: 25480348338
syscr: 11331845
syscw: 813337
read_bytes: 17361893888
write_bytes: 25482829824
cancelled_write_bytes: 4096

[2020-01-22T23:53:19-08:00]
rchar: 94054898222
wchar: 25779437883
syscr: 11372596
syscw: 817403
read_bytes: 17401752064
write_bytes: 25781944320
cancelled_write_bytes: 4096

[2020-01-22T23:53:22-08:00]
rchar: 95376535463
wchar: 26075017520
syscr: 11532739
syscw: 827938
read_bytes: 17580349952
write_bytes: 26077564928
cancelled_write_bytes: 4096

[2020-01-22T23:53:25-08:00]
rchar: 97077160929
wchar: 26544211599
syscr: 11738927
syscw: 841686
read_bytes: 17757903360
write_bytes: 26546814976
cancelled_write_bytes: 4096

[2020-01-22T23:53:28-08:00]
rchar: 97893353926
wchar: 26971242468
syscr: 11837779
syscw: 849485
read_bytes: 17838328320
write_bytes: 26973880320
cancelled_write_bytes: 4096

[2020-01-22T23:53:31-08:00]
rchar: 99526535218
wchar: 27341798857
syscr: 12035774
syscw: 861484
read_bytes: 17983834624
write_bytes: 27344478208
cancelled_write_bytes: 4096

[2020-01-22T23:53:34-08:00]
rchar: 101316351568
wchar: 27797040932
syscr: 12252757
syscw: 874750
read_bytes: 18141334016
write_bytes: 27799760896
cancelled_write_bytes: 4096

[2020-01-22T23:53:37-08:00]
rchar: 102305529872
wchar: 28272491138
syscr: 12372669
syscw: 882447
read_bytes: 18222840320
write_bytes: 28275253248
cancelled_write_bytes: 4096

[2020-01-22T23:53:40-08:00]
rchar: 104014126106
wchar: 28674142922
syscr: 12579720
syscw: 893905
read_bytes: 18348395008
write_bytes: 28676960256
cancelled_write_bytes: 4096

[2020-01-22T23:53:43-08:00]
rchar: 105424102816
wchar: 29084176690
syscr: 12750684
syscw: 903276
read_bytes: 18445138432
write_bytes: 29087043584
cancelled_write_bytes: 4096

[2020-01-22T23:53:46-08:00]
rchar: 107497229327
wchar: 29666632310
syscr: 13002051
syscw: 916946
read_bytes: 18589059584
write_bytes: 29669539840
cancelled_write_bytes: 4096

[2020-01-22T23:53:49-08:00]
rchar: 108448558819
wchar: 30140076695
syscr: 13117318
syscw: 923427
read_bytes: 18645314048
write_bytes: 30143008768
cancelled_write_bytes: 4096

[2020-01-22T23:53:52-08:00]
rchar: 109622624339
wchar: 30472579064
syscr: 13259094
syscw: 932446
read_bytes: 18737535488
write_bytes: 30475546624
cancelled_write_bytes: 4096

[2020-01-22T23:53:55-08:00]
rchar: 111138033023
wchar: 30923987018
syscr: 13442810
syscw: 946594
read_bytes: 18924952064
write_bytes: 30927003648
cancelled_write_bytes: 4096

[2020-01-22T23:53:58-08:00]
rchar: 111937157199
wchar: 31246669095
syscr: 13539629
syscw: 955451
read_bytes: 19070122496
write_bytes: 31249711104
cancelled_write_bytes: 4096

[2020-01-22T23:54:01-08:00]
rchar: 113462958764
wchar: 31656314863
syscr: 13724595
syscw: 967860
read_bytes: 19211659776
write_bytes: 31659409408
cancelled_write_bytes: 4096

[2020-01-22T23:54:04-08:00]
rchar: 114893762613
wchar: 32096544060
syscr: 13898064
syscw: 979717
read_bytes: 19337955840
write_bytes: 32099680256
cancelled_write_bytes: 4096

[2020-01-22T23:54:07-08:00]
rchar: 115796046899
wchar: 32548207261
syscr: 14007442
syscw: 987560
read_bytes: 19418561024
write_bytes: 32551378944
cancelled_write_bytes: 4096

[2020-01-22T23:54:10-08:00]
rchar: 117269726294
wchar: 32952034664
syscr: 14186012
syscw: 997844
read_bytes: 19527395840
write_bytes: 32955256832
cancelled_write_bytes: 4096

[2020-01-22T23:54:13-08:00]
rchar: 118985530470
wchar: 33353648923
syscr: 14394028
syscw: 1010624
read_bytes: 19664284160
write_bytes: 33356910592
cancelled_write_bytes: 4096

[2020-01-22T23:54:16-08:00]
rchar: 120278156879
wchar: 33581455996
syscr: 14550727
syscw: 1019973
read_bytes: 19800214016
write_bytes: 33585647616
cancelled_write_bytes: 4096

[2020-01-22T23:54:19-08:00]
rchar: 122177304547
wchar: 34114057151
syscr: 14780889
syscw: 1033525
read_bytes: 19953392128
write_bytes: 34117435392
cancelled_write_bytes: 4096

[2020-01-22T23:54:22-08:00]
rchar: 123932195125
wchar: 34637161416
syscr: 14993673
syscw: 1044592
read_bytes: 20059724288
write_bytes: 34640572416
cancelled_write_bytes: 4096

[2020-01-22T23:54:25-08:00]
rchar: 125504066930
wchar: 35053029131
syscr: 15184262
syscw: 1055148
read_bytes: 20158323200
write_bytes: 35057483776
cancelled_write_bytes: 4096

[2020-01-22T23:54:28-08:00]
rchar: 126607919781
wchar: 35506998768
syscr: 15318025
syscw: 1062984
read_bytes: 20223588864
write_bytes: 35510472704
cancelled_write_bytes: 4096

[2020-01-22T23:54:31-08:00]
rchar: 127691051517
wchar: 35847686482
syscr: 15448799
syscw: 1072996
read_bytes: 20318284288
write_bytes: 35851202560
cancelled_write_bytes: 4096

[2020-01-22T23:54:34-08:00]
rchar: 129335811039
wchar: 36317776037
syscr: 15648212
syscw: 1088425
read_bytes: 20501203456
write_bytes: 36321337344
cancelled_write_bytes: 4096

[2020-01-22T23:54:37-08:00]
rchar: 130073523465
wchar: 36763079149
syscr: 15737554
syscw: 1095842
read_bytes: 20567513600
write_bytes: 36766691328
cancelled_write_bytes: 4096

[2020-01-22T23:54:40-08:00]
rchar: 131386887721
wchar: 37156811558
syscr: 15896784
syscw: 1107408
read_bytes: 20675320320
write_bytes: 37160460288
cancelled_write_bytes: 4096

[2020-01-22T23:54:43-08:00]
rchar: 132991336307
wchar: 37579063982
syscr: 16091279
syscw: 1120598
read_bytes: 20820871680
write_bytes: 37582778368
cancelled_write_bytes: 4096

[2020-01-22T23:54:46-08:00]
rchar: 133861020636
wchar: 38033494564
syscr: 16196619
syscw: 1128726
read_bytes: 20893157888
write_bytes: 38037266432
cancelled_write_bytes: 4096

[2020-01-22T23:54:49-08:00]
rchar: 135286055219
wchar: 38400363004
syscr: 16369365
syscw: 1139198
read_bytes: 20994820608
write_bytes: 38404169728
cancelled_write_bytes: 4096

[2020-01-22T23:54:52-08:00]
rchar: 137044952461
wchar: 38799902829
syscr: 16582604
syscw: 1152234
read_bytes: 21128342016
write_bytes: 38803787776
cancelled_write_bytes: 4096

[2020-01-22T23:54:55-08:00]
rchar: 138311735584
wchar: 39121913463
syscr: 16736197
syscw: 1161861
read_bytes: 21241424384
write_bytes: 39125823488
cancelled_write_bytes: 4096

[2020-01-22T23:54:58-08:00]
rchar: 140305738774
wchar: 39664725510
syscr: 16977887
syscw: 1174984
read_bytes: 21358651904
write_bytes: 39668678656
cancelled_write_bytes: 4096

[2020-01-22T23:55:01-08:00]
rchar: 141803367712
wchar: 40091834789
syscr: 17159478
syscw: 1185126
read_bytes: 21444618752
write_bytes: 40095817728
cancelled_write_bytes: 4096

[2020-01-22T23:55:04-08:00]
rchar: 143457787949
wchar: 40542033074
syscr: 17360082
syscw: 1196468
read_bytes: 21541923328
write_bytes: 40546050048
cancelled_write_bytes: 4096

[2020-01-22T23:55:07-08:00]
rchar: 144326266878
wchar: 41005514449
syscr: 17464768
syscw: 1206414
read_bytes: 21630962176
write_bytes: 41009573888
cancelled_write_bytes: 4096

[2020-01-22T23:55:10-08:00]
rchar: 145887139872
wchar: 41504469386
syscr: 17654004
syscw: 1221530
read_bytes: 21785373184
write_bytes: 41508577280
cancelled_write_bytes: 4096

[2020-01-22T23:55:13-08:00]
rchar: 146795445008
wchar: 41841369133
syscr: 17764104
syscw: 1229946
read_bytes: 21870189056
write_bytes: 41845510144
cancelled_write_bytes: 4096

[2020-01-22T23:55:16-08:00]
rchar: 147261639971
wchar: 42155906816
syscr: 17820514
syscw: 1235389
read_bytes: 21911370240
write_bytes: 42160103424
cancelled_write_bytes: 4096

[2020-01-22T23:55:19-08:00]
rchar: 149115647445
wchar: 42640983970
syscr: 18045285
syscw: 1250452
read_bytes: 22061660672
write_bytes: 42645225472
cancelled_write_bytes: 4096

[2020-01-22T23:55:23-08:00]
rchar: 150680847352
wchar: 43074840016
syscr: 18235035
syscw: 1262992
read_bytes: 22189144576
write_bytes: 43079131136
cancelled_write_bytes: 4096

[2020-01-22T23:55:26-08:00]
rchar: 151945707111
wchar: 43569258441
syscr: 18388326
syscw: 1273664
read_bytes: 22277315072
write_bytes: 43574243328
cancelled_write_bytes: 4096

[2020-01-22T23:55:29-08:00]
rchar: 153582523598
wchar: 43958949945
syscr: 18586752
syscw: 1286826
read_bytes: 22390372864
write_bytes: 43963305984
cancelled_write_bytes: 4096

[2020-01-22T23:55:32-08:00]
rchar: 155195703273
wchar: 44356578962
syscr: 18782316
syscw: 1298896
read_bytes: 22502631936
write_bytes: 44360982528
cancelled_write_bytes: 4096

[2020-01-22T23:55:35-08:00]
rchar: 156566841712
wchar: 44888704747
syscr: 18948445
syscw: 1308655
read_bytes: 22581955072
write_bytes: 44893159424
cancelled_write_bytes: 4096

[2020-01-22T23:55:38-08:00]
rchar: 157867662484
wchar: 45274853230
syscr: 19106172
syscw: 1317757
read_bytes: 22650395136
write_bytes: 45279334400
cancelled_write_bytes: 4096

[2020-01-22T23:55:41-08:00]
rchar: 159991045772
wchar: 45836172257
syscr: 19363636
syscw: 1331883
read_bytes: 22767385088
write_bytes: 45840691200
cancelled_write_bytes: 4096

[2020-01-22T23:55:44-08:00]
rchar: 161087071014
wchar: 46358321774
syscr: 19496006
syscw: 1340708
read_bytes: 22831663616
write_bytes: 46362882048
cancelled_write_bytes: 4096

[2020-01-22T23:55:47-08:00]
rchar: 162094740161
wchar: 46689850795
syscr: 19618075
syscw: 1351740
read_bytes: 22920817152
write_bytes: 46694461440
cancelled_write_bytes: 4096

[2020-01-22T23:55:50-08:00]
rchar: 163636404004
wchar: 47180625569
syscr: 19804989
syscw: 1366333
read_bytes: 23060589056
write_bytes: 47185285120
cancelled_write_bytes: 4096

[2020-01-22T23:55:53-08:00]
rchar: 164504574081
wchar: 47647380779
syscr: 19910236
syscw: 1375838
read_bytes: 23138982400
write_bytes: 47652073472
cancelled_write_bytes: 4096

[2020-01-22T23:55:56-08:00]
rchar: 165755795397
wchar: 47981783988
syscr: 20061828
syscw: 1387360
read_bytes: 23231781376
write_bytes: 47986528256
cancelled_write_bytes: 4096

[2020-01-22T23:55:59-08:00]
rchar: 167532746678
wchar: 48443399159
syscr: 20277257
syscw: 1402675
read_bytes: 23366961664
write_bytes: 48448192512
cancelled_write_bytes: 4096

[2020-01-22T23:56:02-08:00]
rchar: 168496723032
wchar: 48925854009
syscr: 20394068
syscw: 1411688
read_bytes: 23434570240
write_bytes: 48930697216
cancelled_write_bytes: 4096

[2020-01-22T23:56:05-08:00]
rchar: 170177715521
wchar: 49310264598
syscr: 20597853
syscw: 1424281
read_bytes: 23539079680
write_bytes: 49315160064
cancelled_write_bytes: 4096

[2020-01-22T23:56:08-08:00]
rchar: 172082713441
wchar: 49800176450
syscr: 20828800
syscw: 1438401
read_bytes: 23657269760
write_bytes: 49805111296
cancelled_write_bytes: 4096

[2020-01-22T23:56:11-08:00]
rchar: 173259020630
wchar: 50117496932
syscr: 20971297
syscw: 1447875
read_bytes: 23757191680
write_bytes: 50122477568
cancelled_write_bytes: 4096

[2020-01-22T23:56:14-08:00]
rchar: 175091673739
wchar: 50499409390
syscr: 21193490
syscw: 1459282
read_bytes: 23873210880
write_bytes: 50504413184
cancelled_write_bytes: 4096

[2020-01-22T23:56:17-08:00]
rchar: 177005689397
wchar: 51037009868
syscr: 21425568
syscw: 1471889
read_bytes: 23966898688
write_bytes: 51042050048
cancelled_write_bytes: 4096

[2020-01-22T23:56:20-08:00]
rchar: 178385886609
wchar: 51562125412
syscr: 21592921
syscw: 1481631
read_bytes: 24034019840
write_bytes: 51567800320
cancelled_write_bytes: 4096

[2020-01-22T23:56:23-08:00]
rchar: 179546141134
wchar: 51899945896
syscr: 21733519
syscw: 1489499
read_bytes: 24084126208
write_bytes: 51905044480
cancelled_write_bytes: 4096

[2020-01-22T23:56:26-08:00]
rchar: 181242419910
wchar: 52393194675
syscr: 21938629
syscw: 1505026
read_bytes: 24226290176
write_bytes: 52398354432
cancelled_write_bytes: 4096

[2020-01-22T23:56:29-08:00]
rchar: 182211815236
wchar: 52784164678
syscr: 22056183
syscw: 1514447
read_bytes: 24306498048
write_bytes: 52789358592
cancelled_write_bytes: 4096

[2020-01-22T23:56:32-08:00]
rchar: 182743352858
wchar: 53083746949
syscr: 22120512
syscw: 1519331
read_bytes: 24341383680
write_bytes: 53088997376
cancelled_write_bytes: 4096

[2020-01-22T23:56:35-08:00]
rchar: 184685913745
wchar: 53587902259
syscr: 22356020
syscw: 1534767
read_bytes: 24476461568
write_bytes: 53593198592
cancelled_write_bytes: 4096

[2020-01-22T23:56:38-08:00]
rchar: 186175950947
wchar: 54021438445
syscr: 22536656
syscw: 1546765
read_bytes: 24579222016
write_bytes: 54026772480
cancelled_write_bytes: 4096

[2020-01-22T23:56:41-08:00]
rchar: 186538955805
wchar: 54265210888
syscr: 22580561
syscw: 1551017
read_bytes: 24604858880
write_bytes: 54270574592
cancelled_write_bytes: 4096

[2020-01-22T23:56:44-08:00]
rchar: 188793404598
wchar: 54769044197
syscr: 22853876
syscw: 1566704
read_bytes: 24738593280
write_bytes: 54774870016
cancelled_write_bytes: 4096

[2020-01-22T23:56:47-08:00]
rchar: 190617822468
wchar: 55215902879
syscr: 23075053
syscw: 1580171
read_bytes: 24847383040
write_bytes: 55221362688
cancelled_write_bytes: 4096

[2020-01-22T23:56:50-08:00]
rchar: 190894637787
wchar: 55507542441
syscr: 23108620
syscw: 1582653
read_bytes: 24859785728
write_bytes: 55513014272
cancelled_write_bytes: 4096

[2020-01-22T23:56:53-08:00]
rchar: 193083220812
wchar: 55993963244
syscr: 23373861
syscw: 1597026
read_bytes: 24968546816
write_bytes: 55999504384
cancelled_write_bytes: 4096

[2020-01-22T23:56:56-08:00]
rchar: 195365938109
wchar: 56583774328
syscr: 23650644
syscw: 1611598
read_bytes: 25077217792
write_bytes: 56589348864
cancelled_write_bytes: 4096

[2020-01-22T23:56:59-08:00]
rchar: 196215083533
wchar: 56820658802
syscr: 23753605
syscw: 1617212
read_bytes: 25116731904
write_bytes: 56826257408
cancelled_write_bytes: 4096

[2020-01-22T23:57:02-08:00]
rchar: 197742686126
wchar: 57310614621
syscr: 23938742
syscw: 1627866
read_bytes: 25187232256
write_bytes: 57316257792
cancelled_write_bytes: 4096

[2020-01-22T23:57:05-08:00]
rchar: 199879313679
wchar: 57815162377
syscr: 24197221
syscw: 1643037
read_bytes: 25307744768
write_bytes: 57820856320
cancelled_write_bytes: 4096

[2020-01-22T23:57:08-08:00]
rchar: 200763105887
wchar: 58114668358
syscr: 24304393
syscw: 1651438
read_bytes: 25375410688
write_bytes: 58120384512
cancelled_write_bytes: 4096

[2020-01-22T23:57:11-08:00]
rchar: 201781109911
wchar: 58573061711
syscr: 24427695
syscw: 1661530
read_bytes: 25445005824
write_bytes: 58578837504
cancelled_write_bytes: 4096

[2020-01-22T23:57:14-08:00]
rchar: 203555360026
wchar: 59077650332
syscr: 24642799
syscw: 1676197
read_bytes: 25556617728
write_bytes: 59083464704
cancelled_write_bytes: 4096

[2020-01-22T23:57:17-08:00]
rchar: 204777807088
wchar: 59444044558
syscr: 24790993
syscw: 1686669
read_bytes: 25632688640
write_bytes: 59449892864
cancelled_write_bytes: 4096

[2020-01-22T23:57:20-08:00]
rchar: 205948014294
wchar: 59878341010
syscr: 24932803
syscw: 1697198
read_bytes: 25702300160
write_bytes: 59884224512
cancelled_write_bytes: 4096

[2020-01-22T23:57:23-08:00]
rchar: 207618904849
wchar: 60282812422
syscr: 25135365
syscw: 1709522
read_bytes: 25792920064
write_bytes: 60289486848
cancelled_write_bytes: 4096

[2020-01-22T23:57:26-08:00]
rchar: 209396994034
wchar: 60738357442
syscr: 25350927
syscw: 1722468
read_bytes: 25887848960
write_bytes: 60744335360
cancelled_write_bytes: 4096

[2020-01-22T23:57:29-08:00]
rchar: 210161483235
wchar: 61198613737
syscr: 25443506
syscw: 1728888
read_bytes: 25932364288
write_bytes: 61204676608
cancelled_write_bytes: 4096

[2020-01-22T23:57:32-08:00]
rchar: 211393257262
wchar: 61797112214
syscr: 25592871
syscw: 1736647
read_bytes: 26033990144
write_bytes: 61803196416
cancelled_write_bytes: 4096

[2020-01-22T23:57:35-08:00]
rchar: 212647646210
wchar: 62348040714
syscr: 25744980
syscw: 1744883
read_bytes: 26164423168
write_bytes: 62354178048
cancelled_write_bytes: 4096

[2020-01-22T23:57:38-08:00]
rchar: 213783535868
wchar: 62784146522
syscr: 25882670
syscw: 1753174
read_bytes: 26309978624
write_bytes: 62790316032
cancelled_write_bytes: 4096

[2020-01-22T23:57:41-08:00]
rchar: 215085459242
wchar: 63307547331
syscr: 26040548
syscw: 1761782
read_bytes: 26482936320
write_bytes: 63313780736
cancelled_write_bytes: 4096

[2020-01-22T23:57:44-08:00]
rchar: 216217560743
wchar: 63746395054
syscr: 26177808
syscw: 1769851
read_bytes: 26621684224
write_bytes: 63752892416
cancelled_write_bytes: 4096

[2020-01-22T23:57:47-08:00]
rchar: 217104315088
wchar: 64177331534
syscr: 26285324
syscw: 1776667
read_bytes: 26726185472
write_bytes: 64183644160
cancelled_write_bytes: 4096

[2020-01-22T23:57:50-08:00]
rchar: 218045366344
wchar: 64561829785
syscr: 26399348
syscw: 1783791
read_bytes: 26831886848
write_bytes: 64568160256
cancelled_write_bytes: 4096

[2020-01-22T23:57:53-08:00]
rchar: 219504352386
wchar: 65175703427
syscr: 26576187
syscw: 1792696
read_bytes: 26943883776
write_bytes: 65182126080
cancelled_write_bytes: 4096

[2020-01-22T23:57:56-08:00]
rchar: 220761601028
wchar: 65565218241
syscr: 26728590
syscw: 1801340
read_bytes: 27042490880
write_bytes: 65571684352
cancelled_write_bytes: 4096

[2020-01-22T23:57:59-08:00]
rchar: 222410999592
wchar: 66091727478
syscr: 26928566
syscw: 1811873
read_bytes: 27172703744
write_bytes: 66098245632
cancelled_write_bytes: 4096

[2020-01-22T23:58:02-08:00]
rchar: 223140916645
wchar: 66313683046
syscr: 27016422
syscw: 1819356
read_bytes: 27290856960
write_bytes: 66320240640
cancelled_write_bytes: 4096

[2020-01-22T23:58:05-08:00]
rchar: 224010457178
wchar: 66668458055
syscr: 27121680
syscw: 1828049
read_bytes: 27362909696
write_bytes: 66675085312
cancelled_write_bytes: 4096

[2020-01-22T23:58:08-08:00]
rchar: 226249074461
wchar: 67155525493
syscr: 27393102
syscw: 1845055
read_bytes: 27497315840
write_bytes: 67162189824
cancelled_write_bytes: 4096

[2020-01-22T23:58:11-08:00]
rchar: 226964954509
wchar: 67457093242
syscr: 27479882
syscw: 1851499
read_bytes: 27538652672
write_bytes: 67463778304
cancelled_write_bytes: 4096

[2020-01-22T23:58:14-08:00]
rchar: 228409928592
wchar: 67859189238
syscr: 27654977
syscw: 1861997
read_bytes: 27608489472
write_bytes: 67865927680
cancelled_write_bytes: 4096

[2020-01-22T23:58:17-08:00]
rchar: 230744608796
wchar: 68355604345
syscr: 27938029
syscw: 1878266
read_bytes: 27723275776
write_bytes: 68362383360
cancelled_write_bytes: 4096

[2020-01-22T23:58:20-08:00]
rchar: 231490384268
wchar: 68597618833
syscr: 28028466
syscw: 1884335
read_bytes: 27754454528
write_bytes: 68604424192
cancelled_write_bytes: 4096

[2020-01-22T23:58:23-08:00]
rchar: 233423431476
wchar: 69178741944
syscr: 28262726
syscw: 1898309
read_bytes: 27836186112
write_bytes: 69185597440
cancelled_write_bytes: 4096

[2020-01-22T23:58:26-08:00]
rchar: 235263043737
wchar: 69558758502
syscr: 28485736
syscw: 1911062
read_bytes: 27912613376
write_bytes: 69566631936
cancelled_write_bytes: 4096

[2020-01-22T23:58:29-08:00]
rchar: 236799517710
wchar: 69971959583
syscr: 28671989
syscw: 1921064
read_bytes: 27971399168
write_bytes: 69978890240
cancelled_write_bytes: 4096

[2020-01-22T23:58:32-08:00]
rchar: 237770932827
wchar: 70374653170
syscr: 28789692
syscw: 1928342
read_bytes: 28006698496
write_bytes: 70381617152
cancelled_write_bytes: 4096

[2020-01-22T23:58:35-08:00]
rchar: 240020041405
wchar: 70928391300
syscr: 29062401
syscw: 1941303
read_bytes: 28080721408
write_bytes: 70935404544
cancelled_write_bytes: 4096

[2020-01-22T23:58:38-08:00]
rchar: 242204440798
wchar: 71376904098
syscr: 29327263
syscw: 1954715
read_bytes: 28158856704
write_bytes: 71383949312
cancelled_write_bytes: 4096

[2020-01-22T23:58:41-08:00]
rchar: 243366138461
wchar: 71779388463
syscr: 29467488
syscw: 1962629
read_bytes: 28199915008
write_bytes: 71786467328
cancelled_write_bytes: 4096

[2020-01-22T23:58:44-08:00]
rchar: 244640681267
wchar: 72138705138
syscr: 29621920
syscw: 1973551
read_bytes: 28267195904
write_bytes: 72145805312
cancelled_write_bytes: 4096

[2020-01-22T23:58:47-08:00]
rchar: 246291361067
wchar: 72602659805
syscr: 29822050
syscw: 1987862
read_bytes: 28352720384
write_bytes: 72609808384
cancelled_write_bytes: 4096

[2020-01-22T23:58:50-08:00]
rchar: 247422494674
wchar: 73002994540
syscr: 29959178
syscw: 1998559
read_bytes: 28415712768
write_bytes: 73010171904
cancelled_write_bytes: 4096

[2020-01-22T23:58:53-08:00]
rchar: 249037398704
wchar: 73442325242
syscr: 30154872
syscw: 2011356
read_bytes: 28487982592
write_bytes: 73449553920
cancelled_write_bytes: 4096

[2020-01-22T23:58:56-08:00]
rchar: 251069264426
wchar: 73891363781
syscr: 30401205
syscw: 2026767
read_bytes: 28580351488
write_bytes: 73898643456
cancelled_write_bytes: 4096

[2020-01-22T23:58:59-08:00]
rchar: 252003340442
wchar: 74274843253
syscr: 30514421
syscw: 2034485
read_bytes: 28624440832
write_bytes: 74282143744
cancelled_write_bytes: 4096

[2020-01-22T23:59:02-08:00]
rchar: 253165505681
wchar: 74754621723
syscr: 30655263
syscw: 2042125
read_bytes: 28660157952
write_bytes: 74761981952
cancelled_write_bytes: 4096

[2020-01-22T23:59:05-08:00]
rchar: 254346921040
wchar: 75153226303
syscr: 30798433
syscw: 2050542
read_bytes: 28732313088
write_bytes: 75160633344
cancelled_write_bytes: 4096

[2020-01-22T23:59:08-08:00]
rchar: 256473659467
wchar: 75670379006
syscr: 31056313
syscw: 2064132
read_bytes: 28967984640
write_bytes: 75677839360
cancelled_write_bytes: 4096

[2020-01-22T23:59:11-08:00]
rchar: 257544514058
wchar: 75904481385
syscr: 31186159
syscw: 2072468
read_bytes: 29077085696
write_bytes: 75911954432
cancelled_write_bytes: 4096

[2020-01-22T23:59:14-08:00]
rchar: 259273426165
wchar: 76383824673
syscr: 31395686
syscw: 2084673
read_bytes: 29220826624
write_bytes: 76391337984
cancelled_write_bytes: 4096

[2020-01-22T23:59:17-08:00]
rchar: 261468550187
wchar: 76808939276
syscr: 31661851
syscw: 2097599
read_bytes: 29414845952
write_bytes: 76816621568
cancelled_write_bytes: 4096

[2020-01-22T23:59:20-08:00]
rchar: 263499461106
wchar: 77266356576
syscr: 31908069
syscw: 2109659
read_bytes: 29576388096
write_bytes: 77273956352
cancelled_write_bytes: 4096

[2020-01-22T23:59:23-08:00]
rchar: 264629740730
wchar: 77586459000
syscr: 32045030
syscw: 2118388
read_bytes: 29649051136
write_bytes: 77594075136
cancelled_write_bytes: 4096

[2020-01-22T23:59:26-08:00]
rchar: 267479163170
wchar: 77983957066
syscr: 32390349
syscw: 2131796
read_bytes: 29785484800
write_bytes: 77991641088
cancelled_write_bytes: 4096

[2020-01-22T23:59:29-08:00]
rchar: 269833127340
wchar: 78475549991
syscr: 32675763
syscw: 2144162
read_bytes: 29848571392
write_bytes: 78483259392
cancelled_write_bytes: 4096

[2020-01-22T23:59:32-08:00]
rchar: 270662958653
wchar: 78790724501
syscr: 32776295
syscw: 2150077
read_bytes: 29871836672
write_bytes: 78798458880
cancelled_write_bytes: 4096

[2020-01-22T23:59:35-08:00]
rchar: 273597792707
wchar: 79333363447
syscr: 33132137
syscw: 2164387
read_bytes: 29943393792
write_bytes: 79341129728
cancelled_write_bytes: 4096

[2020-01-22T23:59:38-08:00]
rchar: 276140349379
wchar: 79799569182
syscr: 33440415
syscw: 2177815
read_bytes: 30005915136
write_bytes: 79807389696
cancelled_write_bytes: 4096

[2020-01-22T23:59:41-08:00]
rchar: 277797241792
wchar: 80245340416
syscr: 33641311
syscw: 2186420
read_bytes: 30045814272
write_bytes: 80253186048
cancelled_write_bytes: 4096

[2020-01-22T23:59:44-08:00]
rchar: 279099336633
wchar: 80579058841
syscr: 33798335
syscw: 2196061
read_bytes: 30095023616
write_bytes: 80586940416
cancelled_write_bytes: 4096

[2020-01-22T23:59:47-08:00]
rchar: 281154662806
wchar: 81045711914
syscr: 34047503
syscw: 2212426
read_bytes: 30194257408
write_bytes: 81053630464
cancelled_write_bytes: 4096

[2020-01-22T23:59:50-08:00]
rchar: 281917998766
wchar: 81384061660
syscr: 34140034
syscw: 2220130
read_bytes: 30228073984
write_bytes: 81392005120
cancelled_write_bytes: 4096

[2020-01-22T23:59:53-08:00]
rchar: 283728745581
wchar: 81860352231
syscr: 34359474
syscw: 2234125
read_bytes: 30298504704
write_bytes: 81868337152
cancelled_write_bytes: 4096

[2020-01-22T23:59:56-08:00]
rchar: 285591301489
wchar: 82305614485
syscr: 34585282
syscw: 2248502
read_bytes: 30370545152
write_bytes: 82313641984
cancelled_write_bytes: 4096

[2020-01-22T23:59:59-08:00]
rchar: 286917282209
wchar: 82832736881
syscr: 34745950
syscw: 2258420
read_bytes: 30419467776
write_bytes: 82840829952
cancelled_write_bytes: 4096

[2020-01-23T00:00:02-08:00]
rchar: 287685668694
wchar: 83244765221
syscr: 34839121
syscw: 2262808
read_bytes: 30433394176
write_bytes: 83252854784
cancelled_write_bytes: 4096

[2020-01-23T00:00:05-08:00]
rchar: 289141259300
wchar: 83955877459
syscr: 35015596
syscw: 2271558
read_bytes: 30462946816
write_bytes: 83964592128
cancelled_write_bytes: 4096

[2020-01-23T00:00:08-08:00]
rchar: 289891079429
wchar: 84372087188
syscr: 35106490
syscw: 2275988
read_bytes: 30476508672
write_bytes: 84380319744
cancelled_write_bytes: 4096

[2020-01-23T00:00:11-08:00]
rchar: 290635150991
wchar: 84760652739
syscr: 35196667
syscw: 2280810
read_bytes: 30491360768
write_bytes: 84768948224
cancelled_write_bytes: 4096

[2020-01-23T00:00:14-08:00]
rchar: 292140111014
wchar: 85380837162
syscr: 35379004
syscw: 2291005
read_bytes: 30613110272
write_bytes: 85389217792
cancelled_write_bytes: 4096

[2020-01-23T00:00:17-08:00]
rchar: 293470307925
wchar: 85824094257
syscr: 35540296
syscw: 2301470
read_bytes: 30745411072
write_bytes: 85832482816
cancelled_write_bytes: 4096

[2020-01-23T00:00:20-08:00]
rchar: 294277849022
wchar: 86109611318
syscr: 35638217
syscw: 2308680
read_bytes: 30820122112
write_bytes: 86118014976
cancelled_write_bytes: 4096

[2020-01-23T00:00:23-08:00]
rchar: 295593808927
wchar: 86677224710
syscr: 35797698
syscw: 2318415
read_bytes: 30945848832
write_bytes: 86686060544
cancelled_write_bytes: 4096

[2020-01-23T00:00:26-08:00]
rchar: 296869777087
wchar: 87087927344
syscr: 35952432
syscw: 2327419
read_bytes: 31048117760
write_bytes: 87096463360
cancelled_write_bytes: 4096

[2020-01-23T00:00:29-08:00]
rchar: 298567057317
wchar: 87665649005
syscr: 36158235
syscw: 2338086
read_bytes: 31197568512
write_bytes: 87674200064
cancelled_write_bytes: 4096

[2020-01-23T00:00:32-08:00]
rchar: 300393392885
wchar: 88302274073
syscr: 36379686
syscw: 2349561
read_bytes: 31366372864
write_bytes: 88310857728
cancelled_write_bytes: 4096

[2020-01-23T00:00:35-08:00]
rchar: 300985158833
wchar: 88476078230
syscr: 36451442
syscw: 2354555
read_bytes: 31416626688
write_bytes: 88484675584
cancelled_write_bytes: 4096

[2020-01-23T00:00:38-08:00]
rchar: 302389256440
wchar: 89040289501
syscr: 36621621
syscw: 2364571
read_bytes: 31527124480
write_bytes: 89048985600
cancelled_write_bytes: 4096

[2020-01-23T00:00:41-08:00]
rchar: 304142159610
wchar: 89580309218
syscr: 36834165
syscw: 2374671
read_bytes: 31672811008
write_bytes: 89589039104
cancelled_write_bytes: 4096

[2020-01-23T00:00:44-08:00]
rchar: 305887296592
wchar: 90102786057
syscr: 37045770
syscw: 2385381
read_bytes: 31808814592
write_bytes: 90111528960
cancelled_write_bytes: 4096

[2020-01-23T00:00:47-08:00]
rchar: 307212975940
wchar: 90557214778
syscr: 37205898
syscw: 2396481
read_bytes: 31977029120
write_bytes: 90566053888
cancelled_write_bytes: 4096

[2020-01-23T00:00:50-08:00]
rchar: 307867617808
wchar: 90843285203
syscr: 37285282
syscw: 2404273
read_bytes: 32053382656
write_bytes: 90852134912
cancelled_write_bytes: 4096

[2020-01-23T00:00:53-08:00]
rchar: 309353933246
wchar: 91443794844
syscr: 37465397
syscw: 2415871
read_bytes: 32239308288
write_bytes: 91452669952
cancelled_write_bytes: 4096

[2020-01-23T00:00:56-08:00]
rchar: 310409436475
wchar: 91814558974
syscr: 37593396
syscw: 2424694
read_bytes: 32329920000
write_bytes: 91823480832
cancelled_write_bytes: 4096

[2020-01-23T00:00:59-08:00]
rchar: 312050368668
wchar: 92377272472
syscr: 37792326
syscw: 2436643
read_bytes: 32523496960
write_bytes: 92386246656
cancelled_write_bytes: 4096

[2020-01-23T00:01:02-08:00]
rchar: 313168825461
wchar: 92771550506
syscr: 37927956
syscw: 2444966
read_bytes: 32645885440
write_bytes: 92780539904
cancelled_write_bytes: 4096

[2020-01-23T00:01:05-08:00]
rchar: 313816769969
wchar: 93085140695
syscr: 38006321
syscw: 2452350
read_bytes: 32693386752
write_bytes: 93095133184
cancelled_write_bytes: 4096

[2020-01-23T00:01:08-08:00]
rchar: 315299021531
wchar: 93723699320
syscr: 38186055
syscw: 2462301
read_bytes: 32755437056
write_bytes: 93732831232
cancelled_write_bytes: 4096

[2020-01-23T00:01:11-08:00]
rchar: 316724937955
wchar: 94280640680
syscr: 38358964
syscw: 2472903
read_bytes: 32820104704
write_bytes: 94291066880
cancelled_write_bytes: 4096

[2020-01-23T00:01:14-08:00]
rchar: 317992124407
wchar: 94783230425
syscr: 38512624
syscw: 2482421
read_bytes: 32875769344
write_bytes: 94792450048
cancelled_write_bytes: 4096

[2020-01-23T00:01:18-08:00]
rchar: 319436373196
wchar: 95378211039
syscr: 38687726
syscw: 2492826
read_bytes: 32939605504
write_bytes: 95387480064
cancelled_write_bytes: 4096

[2020-01-23T00:01:21-08:00]
rchar: 320224382840
wchar: 95690505684
syscr: 38783250
syscw: 2498765
read_bytes: 32973934080
write_bytes: 95699795968
cancelled_write_bytes: 4096

[2020-01-23T00:01:24-08:00]
rchar: 321315873220
wchar: 96202831228
syscr: 38915492
syscw: 2507963
read_bytes: 33031831040
write_bytes: 96212185088
cancelled_write_bytes: 4096

[2020-01-23T00:01:27-08:00]
rchar: 322844558780
wchar: 96584356300
syscr: 39100642
syscw: 2518608
read_bytes: 33141591552
write_bytes: 96593805312
cancelled_write_bytes: 4096

[2020-01-23T00:01:30-08:00]
rchar: 324944561184
wchar: 96876618812
syscr: 39354761
syscw: 2531841
read_bytes: 33254194688
write_bytes: 96886161408
cancelled_write_bytes: 4096

[2020-01-23T00:01:33-08:00]
rchar: 326639446846
wchar: 97265817036
syscr: 39560262
syscw: 2541287
read_bytes: 33296834048
write_bytes: 97275371520
cancelled_write_bytes: 4096

[2020-01-23T00:01:36-08:00]
rchar: 328834134916
wchar: 97641578804
syscr: 39826278
syscw: 2553331
read_bytes: 33341373952
write_bytes: 97651171328
cancelled_write_bytes: 4096

[2020-01-23T00:01:39-08:00]
rchar: 331513847367
wchar: 98182156576
syscr: 40151190
syscw: 2567697
read_bytes: 33392975360
write_bytes: 98191773696
cancelled_write_bytes: 4096

[2020-01-23T00:01:42-08:00]
rchar: 333100779032
wchar: 98624558618
syscr: 40343607
syscw: 2577831
read_bytes: 33425190400
write_bytes: 98634223616
cancelled_write_bytes: 4096

[2020-01-23T00:01:45-08:00]
rchar: 335034421977
wchar: 99030227868
syscr: 40577973
syscw: 2588782
read_bytes: 33459981824
write_bytes: 99039916032
cancelled_write_bytes: 4096

[2020-01-23T00:01:48-08:00]
rchar: 337654478487
wchar: 99564582627
syscr: 40894951
syscw: 2606106
read_bytes: 33529978368
write_bytes: 99574321152
cancelled_write_bytes: 4096

[2020-01-23T00:01:51-08:00]
rchar: 338374077486
wchar: 99915088691
syscr: 40982179
syscw: 2613100
read_bytes: 33553681920
write_bytes: 99924852736
cancelled_write_bytes: 4096

[2020-01-23T00:01:54-08:00]
rchar: 340328863892
wchar: 100334548622
syscr: 41219088
syscw: 2626564
read_bytes: 33611447808
write_bytes: 100344356864
cancelled_write_bytes: 4096

[2020-01-23T00:01:57-08:00]
rchar: 342401308973
wchar: 100753112024
syscr: 41470314
syscw: 2642003
read_bytes: 33672101376
write_bytes: 100762959872
cancelled_write_bytes: 4096

[2020-01-23T00:02:00-08:00]
rchar: 343651097846
wchar: 101319084468
syscr: 41621782
syscw: 2652161
read_bytes: 33702084096
write_bytes: 101328977920
cancelled_write_bytes: 4096

[2020-01-23T00:02:03-08:00]
rchar: 344487171705
wchar: 101716058452
syscr: 41723170
syscw: 2657666
read_bytes: 33714834944
write_bytes: 101725995008
cancelled_write_bytes: 4096

[2020-01-23T00:02:06-08:00]
rchar: 346000054731
wchar: 102438513977
syscr: 41906597
syscw: 2667426
read_bytes: 33738038784
write_bytes: 102448513024
cancelled_write_bytes: 4096

[2020-01-23T00:02:09-08:00]
rchar: 346824073485
wchar: 102828316566
syscr: 42006460
syscw: 2673258
read_bytes: 33750326784
write_bytes: 102838374400
cancelled_write_bytes: 4096

[2020-01-23T00:02:12-08:00]
rchar: 348489294504
wchar: 103444600371
syscr: 42208229
syscw: 2684963
read_bytes: 33843375616
write_bytes: 103454748672
cancelled_write_bytes: 4096

[2020-01-23T00:02:15-08:00]
rchar: 349594383201
wchar: 103759576211
syscr: 42342225
syscw: 2694385
read_bytes: 33926487552
write_bytes: 103769735168
cancelled_write_bytes: 4096

[2020-01-23T00:02:18-08:00]
rchar: 350649586140
wchar: 104200591174
syscr: 42470172
syscw: 2704225
read_bytes: 33997602304
write_bytes: 104210763776
cancelled_write_bytes: 4096

[2020-01-23T00:02:21-08:00]
rchar: 352580841712
wchar: 104823278714
syscr: 42704263
syscw: 2716762
read_bytes: 34133151232
write_bytes: 104833499136
cancelled_write_bytes: 4096

[2020-01-23T00:02:24-08:00]
rchar: 353848497979
wchar: 105181795232
syscr: 42857986
syscw: 2726320
read_bytes: 34201619968
write_bytes: 105192087552
cancelled_write_bytes: 4096

[2020-01-23T00:02:27-08:00]
rchar: 355782141730
wchar: 105791505360
syscr: 43092446
syscw: 2737922
read_bytes: 34342526464
write_bytes: 105801826304
cancelled_write_bytes: 4096

[2020-01-23T00:02:30-08:00]
rchar: 356691557518
wchar: 106047068860
syscr: 43202717
syscw: 2745642
read_bytes: 34396659200
write_bytes: 106057392128
cancelled_write_bytes: 4096

[2020-01-23T00:02:33-08:00]
rchar: 357992601729
wchar: 106480069360
syscr: 43360386
syscw: 2755938
read_bytes: 34469731840
write_bytes: 106490425344
cancelled_write_bytes: 4096

[2020-01-23T00:02:36-08:00]
rchar: 359723767430
wchar: 106913137100
syscr: 43570296
syscw: 2767628
read_bytes: 34568072704
write_bytes: 106923511808
cancelled_write_bytes: 4096

[2020-01-23T00:02:39-08:00]
rchar: 361600896666
wchar: 107405732395
syscr: 43797916
syscw: 2779751
read_bytes: 34678816256
write_bytes: 107416190976
cancelled_write_bytes: 4096

[2020-01-23T00:02:42-08:00]
rchar: 363248269061
wchar: 107824050709
syscr: 43997648
syscw: 2790426
read_bytes: 34770882048
write_bytes: 107834552320
cancelled_write_bytes: 4096

[2020-01-23T00:02:45-08:00]
rchar: 364149027580
wchar: 108175898682
syscr: 44106225
syscw: 2798402
read_bytes: 34819669504
write_bytes: 108186427392
cancelled_write_bytes: 4096

[2020-01-23T00:02:48-08:00]
rchar: 365577331388
wchar: 108621267696
syscr: 44279332
syscw: 2811089
read_bytes: 34928508416
write_bytes: 108631818240
cancelled_write_bytes: 4096

[2020-01-23T00:02:51-08:00]
rchar: 366908813852
wchar: 109091924473
syscr: 44440798
syscw: 2822427
read_bytes: 35002703360
write_bytes: 109102546944
cancelled_write_bytes: 4096

[2020-01-23T00:02:54-08:00]
rchar: 368384162603
wchar: 109533620866
syscr: 44619697
syscw: 2835148
read_bytes: 35126066688
write_bytes: 109544267776
cancelled_write_bytes: 4096

[2020-01-23T00:02:57-08:00]
rchar: 369450175141
wchar: 109961127762
syscr: 44748960
syscw: 2845904
read_bytes: 35207818752
write_bytes: 109971791872
cancelled_write_bytes: 4096

[2020-01-23T00:03:00-08:00]
rchar: 370813089371
wchar: 110432296321
syscr: 44914143
syscw: 2856758
read_bytes: 35270274560
write_bytes: 110443012096
cancelled_write_bytes: 4096

[2020-01-23T00:03:03-08:00]
rchar: 372224505363
wchar: 110948789593
syscr: 45085268
syscw: 2867108
read_bytes: 35328368128
write_bytes: 110959562752
cancelled_write_bytes: 4096

[2020-01-23T00:03:06-08:00]
rchar: 373605834065
wchar: 111425410594
syscr: 45252765
syscw: 2877753
read_bytes: 35378953728
write_bytes: 111436210176
cancelled_write_bytes: 4096

[2020-01-23T00:03:09-08:00]
rchar: 374915324203
wchar: 111880100393
syscr: 45411554
syscw: 2887941
read_bytes: 35429432832
write_bytes: 111890960384
cancelled_write_bytes: 4096

[2020-01-23T00:03:12-08:00]
rchar: 375801959064
wchar: 112179443621
syscr: 45518996
syscw: 2895650
read_bytes: 35461123584
write_bytes: 112190914560
cancelled_write_bytes: 4096

[2020-01-23T00:03:15-08:00]
rchar: 376861403539
wchar: 112588627049
syscr: 45647460
syscw: 2904786
read_bytes: 35502181888
write_bytes: 112599547904
cancelled_write_bytes: 4096

[2020-01-23T00:03:18-08:00]
rchar: 378418697931
wchar: 113157780172
syscr: 45836144
syscw: 2916980
read_bytes: 35559910912
write_bytes: 113168756736
cancelled_write_bytes: 4096

[2020-01-23T00:03:21-08:00]
rchar: 380059852661
wchar: 113669305448
syscr: 46035110
syscw: 2928571
read_bytes: 35623411200
write_bytes: 113681440768
cancelled_write_bytes: 4096

[2020-01-23T00:03:24-08:00]
rchar: 381751499320
wchar: 114045140204
syscr: 46239985
syscw: 2940214
read_bytes: 35724963328
write_bytes: 114056269824
cancelled_write_bytes: 4096

[2020-01-23T00:03:27-08:00]
rchar: 382635607747
wchar: 114338834480
syscr: 46347099
syscw: 2948296
read_bytes: 35763617280
write_bytes: 114350006272
cancelled_write_bytes: 4096

[2020-01-23T00:03:30-08:00]
rchar: 384873306155
wchar: 114749381646
syscr: 46618251
syscw: 2960493
read_bytes: 35886788096
write_bytes: 114760585216
cancelled_write_bytes: 4096

[2020-01-23T00:03:33-08:00]
rchar: 387900320687
wchar: 114979369635
syscr: 46984934
syscw: 2973953
read_bytes: 35962514944
write_bytes: 114990632960
cancelled_write_bytes: 4096

[2020-01-23T00:03:36-08:00]
rchar: 389016627121
wchar: 115332230484
syscr: 47120201
syscw: 2982593
read_bytes: 35979120128
write_bytes: 115343511552
cancelled_write_bytes: 4096

[2020-01-23T00:03:39-08:00]
rchar: 391709191513
wchar: 115788942746
syscr: 47446666
syscw: 2996383
read_bytes: 36013927936
write_bytes: 115800256512
cancelled_write_bytes: 4096

[2020-01-23T00:03:42-08:00]
rchar: 394692297640
wchar: 116291506364
syscr: 47808357
syscw: 3010438
read_bytes: 36052905472
write_bytes: 116302848000
cancelled_write_bytes: 4096

[2020-01-23T00:03:45-08:00]
rchar: 395577684100
wchar: 116580628066
syscr: 47915711
syscw: 3017182
read_bytes: 36065390080
write_bytes: 116591996928
cancelled_write_bytes: 4096

[2020-01-23T00:03:48-08:00]
rchar: 398557643330
wchar: 117044346936
syscr: 48276935
syscw: 3030209
read_bytes: 36100476416
write_bytes: 117056196608
cancelled_write_bytes: 4096

[2020-01-23T00:03:51-08:00]
rchar: 401655359901
wchar: 117496976392
syscr: 48652519
syscw: 3044942
read_bytes: 36137164288
write_bytes: 117508407296
cancelled_write_bytes: 4096

[2020-01-23T00:03:54-08:00]
rchar: 403309791156
wchar: 117973211448
syscr: 48852235
syscw: 3057527
read_bytes: 36168474112
write_bytes: 117984694272
cancelled_write_bytes: 4096

[2020-01-23T00:03:57-08:00]
rchar: 405244049614
wchar: 118381881435
syscr: 49086724
syscw: 3072058
read_bytes: 36207947264
write_bytes: 118393397248
cancelled_write_bytes: 4096

[2020-01-23T00:04:00-08:00]
rchar: 406386582417
wchar: 118741843984
syscr: 49225213
syscw: 3082583
read_bytes: 36228513280
write_bytes: 118753402880
cancelled_write_bytes: 4096

[2020-01-23T00:04:03-08:00]
rchar: 406386582417
wchar: 118741844060
syscr: 49225213
syscw: 3082584
read_bytes: 36228513280
write_bytes: 118753415168
cancelled_write_bytes: 4096

[2020-01-23T00:04:06-08:00]
rchar: 406386582417
wchar: 118741844060
syscr: 49225213
syscw: 3082584
read_bytes: 36228513280
write_bytes: 118753415168
cancelled_write_bytes: 4096

[2020-01-23T00:04:09-08:00]
rchar: 406386582417
wchar: 118741844060
syscr: 49225213
syscw: 3082584
read_bytes: 36228513280
write_bytes: 118753415168
cancelled_write_bytes: 4096

[2020-01-23T00:04:12-08:00]
rchar: 406386582417
wchar: 118741844060
syscr: 49225213
syscw: 3082584
read_bytes: 36228513280
write_bytes: 118753415168
cancelled_write_bytes: 4096

[2020-01-23T00:04:15-08:00]
rchar: 406386582417
wchar: 118741844060
syscr: 49225213
syscw: 3082584
read_bytes: 36228513280
write_bytes: 118753423360
cancelled_write_bytes: 4096

[2020-01-23T00:04:18-08:00]
rchar: 406386582417
wchar: 118741844060
syscr: 49225213
syscw: 3082584
read_bytes: 36228513280
write_bytes: 118753423360
cancelled_write_bytes: 4096

[2020-01-23T00:04:21-08:00]
rchar: 406386582417
wchar: 118741844060
syscr: 49225213
syscw: 3082584
read_bytes: 36228513280
write_bytes: 118753423360
cancelled_write_bytes: 4096

