[2020-01-25T06:30:23-08:00]
rchar: 16583973
wchar: 209
syscr: 2824
syscw: 10
read_bytes: 712704
write_bytes: 53248
cancelled_write_bytes: 0

[2020-01-25T06:30:26-08:00]
rchar: 16583973
wchar: 209
syscr: 2824
syscw: 10
read_bytes: 712704
write_bytes: 53248
cancelled_write_bytes: 0

[2020-01-25T06:30:29-08:00]
rchar: 16583973
wchar: 209
syscr: 2824
syscw: 10
read_bytes: 712704
write_bytes: 61440
cancelled_write_bytes: 0

[2020-01-25T06:30:32-08:00]
rchar: 16583973
wchar: 209
syscr: 2824
syscw: 10
read_bytes: 712704
write_bytes: 61440
cancelled_write_bytes: 0

[2020-01-25T06:30:35-08:00]
rchar: 16583973
wchar: 209
syscr: 2824
syscw: 10
read_bytes: 712704
write_bytes: 61440
cancelled_write_bytes: 0

[2020-01-25T06:30:38-08:00]
rchar: 16583973
wchar: 209
syscr: 2824
syscw: 10
read_bytes: 712704
write_bytes: 61440
cancelled_write_bytes: 0

[2020-01-25T06:30:41-08:00]
rchar: 16583973
wchar: 209
syscr: 2824
syscw: 10
read_bytes: 712704
write_bytes: 69632
cancelled_write_bytes: 0

[2020-01-25T06:30:44-08:00]
rchar: 16583973
wchar: 209
syscr: 2824
syscw: 10
read_bytes: 712704
write_bytes: 77824
cancelled_write_bytes: 0

[2020-01-25T06:30:47-08:00]
rchar: 16583973
wchar: 209
syscr: 2824
syscw: 10
read_bytes: 712704
write_bytes: 77824
cancelled_write_bytes: 0

[2020-01-25T06:30:50-08:00]
rchar: 16583973
wchar: 209
syscr: 2824
syscw: 10
read_bytes: 712704
write_bytes: 86016
cancelled_write_bytes: 0

[2020-01-25T06:30:53-08:00]
rchar: 321520978
wchar: 214439757
syscr: 13407
syscw: 1514
read_bytes: 315509248
write_bytes: 214577152
cancelled_write_bytes: 0

[2020-01-25T06:30:56-08:00]
rchar: 786321542
wchar: 381570196
syscr: 69778
syscw: 23313
read_bytes: 977046016
write_bytes: 381755392
cancelled_write_bytes: 0

[2020-01-25T06:30:59-08:00]
rchar: 1088359931
wchar: 672479787
syscr: 106410
syscw: 34114
read_bytes: 1400044032
write_bytes: 672669696
cancelled_write_bytes: 0

[2020-01-25T06:31:02-08:00]
rchar: 2196413777
wchar: 876052426
syscr: 240685
syscw: 51922
read_bytes: 2096806400
write_bytes: 876257280
cancelled_write_bytes: 0

[2020-01-25T06:31:05-08:00]
rchar: 2841858270
wchar: 1143188037
syscr: 318865
syscw: 60946
read_bytes: 2405980672
write_bytes: 1143427072
cancelled_write_bytes: 0

[2020-01-25T06:31:08-08:00]
rchar: 4327136364
wchar: 1325412803
syscr: 498957
syscw: 76924
read_bytes: 2986895872
write_bytes: 1325658112
cancelled_write_bytes: 0

[2020-01-25T06:31:11-08:00]
rchar: 5935982397
wchar: 1651646934
syscr: 693942
syscw: 89506
read_bytes: 3457886720
write_bytes: 1651904512
cancelled_write_bytes: 0

[2020-01-25T06:31:14-08:00]
rchar: 7228647312
wchar: 1944307142
syscr: 850675
syscw: 99410
read_bytes: 3822148096
write_bytes: 1944571904
cancelled_write_bytes: 0

[2020-01-25T06:31:17-08:00]
rchar: 8265018145
wchar: 2243807199
syscr: 976248
syscw: 107145
read_bytes: 3990583808
write_bytes: 2244435968
cancelled_write_bytes: 0

[2020-01-25T06:31:20-08:00]
rchar: 10018809958
wchar: 2695176382
syscr: 1188893
syscw: 117122
read_bytes: 4290681344
write_bytes: 2695491584
cancelled_write_bytes: 0

[2020-01-25T06:31:23-08:00]
rchar: 11216368166
wchar: 2930967234
syscr: 1334102
syscw: 124738
read_bytes: 4631878144
write_bytes: 2931306496
cancelled_write_bytes: 0

[2020-01-25T06:31:26-08:00]
rchar: 12717818453
wchar: 3367509501
syscr: 1516069
syscw: 133791
read_bytes: 4987189760
write_bytes: 3367882752
cancelled_write_bytes: 0

[2020-01-25T06:31:29-08:00]
rchar: 14320384338
wchar: 3734918607
syscr: 1709900
syscw: 144638
read_bytes: 5332986368
write_bytes: 3735339008
cancelled_write_bytes: 0

[2020-01-25T06:31:32-08:00]
rchar: 14962901998
wchar: 4075035701
syscr: 1787814
syscw: 152442
read_bytes: 5521141248
write_bytes: 4075532288
cancelled_write_bytes: 0

[2020-01-25T06:31:35-08:00]
rchar: 17141042684
wchar: 4286918382
syscr: 2051827
syscw: 168048
read_bytes: 6075346432
write_bytes: 4287459328
cancelled_write_bytes: 0

[2020-01-25T06:31:38-08:00]
rchar: 17635330112
wchar: 4444412848
syscr: 2111761
syscw: 172865
read_bytes: 6200802816
write_bytes: 4444958720
cancelled_write_bytes: 0

[2020-01-25T06:31:41-08:00]
rchar: 19831802224
wchar: 4669729284
syscr: 2377993
syscw: 184484
read_bytes: 6633811456
write_bytes: 4670287872
cancelled_write_bytes: 0

[2020-01-25T06:31:44-08:00]
rchar: 21155393020
wchar: 4942081190
syscr: 2538475
syscw: 193089
read_bytes: 6894362112
write_bytes: 4942643200
cancelled_write_bytes: 0

[2020-01-25T06:31:47-08:00]
rchar: 23259386486
wchar: 5421514841
syscr: 2793496
syscw: 203987
read_bytes: 7165234688
write_bytes: 5422120960
cancelled_write_bytes: 0

[2020-01-25T06:31:50-08:00]
rchar: 25240815841
wchar: 5899354446
syscr: 3033740
syscw: 214530
read_bytes: 7414570496
write_bytes: 5899993088
cancelled_write_bytes: 0

[2020-01-25T06:31:53-08:00]
rchar: 26181698665
wchar: 6344390398
syscr: 3147739
syscw: 220942
read_bytes: 7526227456
write_bytes: 6345056256
cancelled_write_bytes: 0

[2020-01-25T06:31:56-08:00]
rchar: 27298473575
wchar: 6604570561
syscr: 3282648
syscw: 228696
read_bytes: 7694011904
write_bytes: 6605275136
cancelled_write_bytes: 0

[2020-01-25T06:31:59-08:00]
rchar: 28616492917
wchar: 6969550394
syscr: 3442457
syscw: 240085
read_bytes: 8024980992
write_bytes: 6970327040
cancelled_write_bytes: 0

[2020-01-25T06:32:02-08:00]
rchar: 29337800249
wchar: 7332689758
syscr: 3529910
syscw: 247548
read_bytes: 8227487232
write_bytes: 7333498880
cancelled_write_bytes: 0

[2020-01-25T06:32:05-08:00]
rchar: 30862357610
wchar: 7694031920
syscr: 3714665
syscw: 258633
read_bytes: 8499559936
write_bytes: 7694901248
cancelled_write_bytes: 0

[2020-01-25T06:32:08-08:00]
rchar: 32317887989
wchar: 7978509905
syscr: 3891143
syscw: 269084
read_bytes: 8868904448
write_bytes: 7979429888
cancelled_write_bytes: 0

[2020-01-25T06:32:11-08:00]
rchar: 33299598695
wchar: 8385981499
syscr: 4010074
syscw: 277046
read_bytes: 9018834432
write_bytes: 8386940928
cancelled_write_bytes: 0

[2020-01-25T06:32:14-08:00]
rchar: 35860537915
wchar: 8576351353
syscr: 4320584
syscw: 289260
read_bytes: 9468308992
write_bytes: 8577318912
cancelled_write_bytes: 0

[2020-01-25T06:32:17-08:00]
rchar: 36156454859
wchar: 8772089174
syscr: 4356464
syscw: 293151
read_bytes: 9520123392
write_bytes: 8773058560
cancelled_write_bytes: 0

[2020-01-25T06:32:20-08:00]
rchar: 38266035775
wchar: 9280363879
syscr: 4612166
syscw: 304179
read_bytes: 9759309312
write_bytes: 9281363968
cancelled_write_bytes: 0

[2020-01-25T06:32:23-08:00]
rchar: 40241968309
wchar: 9760328806
syscr: 4851746
syscw: 315285
read_bytes: 9983741440
write_bytes: 9761361920
cancelled_write_bytes: 0

[2020-01-25T06:32:26-08:00]
rchar: 41301960095
wchar: 10218114241
syscr: 4980271
syscw: 322521
read_bytes: 10099564032
write_bytes: 10219171840
cancelled_write_bytes: 0

[2020-01-25T06:32:29-08:00]
rchar: 42569659596
wchar: 10566289027
syscr: 5133400
syscw: 331986
read_bytes: 10277780992
write_bytes: 10567397376
cancelled_write_bytes: 0

[2020-01-25T06:32:32-08:00]
rchar: 44007967205
wchar: 10883134762
syscr: 5307783
syscw: 343886
read_bytes: 10650107392
write_bytes: 10884259840
cancelled_write_bytes: 0

[2020-01-25T06:32:35-08:00]
rchar: 44738706461
wchar: 11193960439
syscr: 5396309
syscw: 351702
read_bytes: 10842349056
write_bytes: 11195199488
cancelled_write_bytes: 0

[2020-01-25T06:32:38-08:00]
rchar: 46590479321
wchar: 11602099756
syscr: 5620787
syscw: 364086
read_bytes: 11151785472
write_bytes: 11603308544
cancelled_write_bytes: 0

[2020-01-25T06:32:41-08:00]
rchar: 47780318633
wchar: 11948332105
syscr: 5765059
syscw: 373381
read_bytes: 11424972288
write_bytes: 11949551616
cancelled_write_bytes: 0

[2020-01-25T06:32:44-08:00]
rchar: 49017877545
wchar: 12169527787
syscr: 5915031
syscw: 382759
read_bytes: 11650309632
write_bytes: 12170772480
cancelled_write_bytes: 0

[2020-01-25T06:32:47-08:00]
rchar: 51093888964
wchar: 12476956132
syscr: 6166720
syscw: 393827
read_bytes: 12026318336
write_bytes: 12478222336
cancelled_write_bytes: 0

[2020-01-25T06:32:50-08:00]
rchar: 52070654313
wchar: 12923839978
syscr: 6285045
syscw: 401343
read_bytes: 12134325760
write_bytes: 12925157376
cancelled_write_bytes: 0

[2020-01-25T06:32:53-08:00]
rchar: 54227023384
wchar: 13409779900
syscr: 6546475
syscw: 412971
read_bytes: 12347665920
write_bytes: 13411127296
cancelled_write_bytes: 0

[2020-01-25T06:32:56-08:00]
rchar: 56350665432
wchar: 13913776201
syscr: 6803969
syscw: 424654
read_bytes: 12558065152
write_bytes: 13915156480
cancelled_write_bytes: 0

[2020-01-25T06:32:59-08:00]
rchar: 56804012555
wchar: 14085196156
syscr: 6858939
syscw: 427909
read_bytes: 12605423104
write_bytes: 14086586368
cancelled_write_bytes: 0

[2020-01-25T06:33:02-08:00]
rchar: 58676480672
wchar: 14594796840
syscr: 7085888
syscw: 438358
read_bytes: 12765171200
write_bytes: 14596218880
cancelled_write_bytes: 0

[2020-01-25T06:33:05-08:00]
rchar: 60642154606
wchar: 15035830240
syscr: 7323647
syscw: 449402
read_bytes: 13007543808
write_bytes: 15037939712
cancelled_write_bytes: 0

[2020-01-25T06:33:08-08:00]
rchar: 61342634342
wchar: 15303317373
syscr: 7408571
syscw: 455129
read_bytes: 13154647552
write_bytes: 15304818688
cancelled_write_bytes: 0

[2020-01-25T06:33:11-08:00]
rchar: 62129847954
wchar: 15619079807
syscr: 7503937
syscw: 461952
read_bytes: 13252894208
write_bytes: 15620624384
cancelled_write_bytes: 0

[2020-01-25T06:33:14-08:00]
rchar: 63940691856
wchar: 15982004870
syscr: 7723484
syscw: 473218
read_bytes: 13548883456
write_bytes: 15983595520
cancelled_write_bytes: 0

[2020-01-25T06:33:17-08:00]
rchar: 65113252765
wchar: 16326545114
syscr: 7865662
syscw: 482083
read_bytes: 13769715200
write_bytes: 16328146944
cancelled_write_bytes: 0

[2020-01-25T06:33:20-08:00]
rchar: 66226329329
wchar: 16557592148
syscr: 8000514
syscw: 490275
read_bytes: 13903080960
write_bytes: 16559243264
cancelled_write_bytes: 0

[2020-01-25T06:33:23-08:00]
rchar: 68250411298
wchar: 17040108999
syscr: 8245915
syscw: 502160
read_bytes: 14117178880
write_bytes: 17041809408
cancelled_write_bytes: 0

[2020-01-25T06:33:26-08:00]
rchar: 69447695066
wchar: 17362032072
syscr: 8391066
syscw: 510897
read_bytes: 14303002112
write_bytes: 17363759104
cancelled_write_bytes: 0

[2020-01-25T06:33:29-08:00]
rchar: 71756735392
wchar: 17691238800
syscr: 8670923
syscw: 522379
read_bytes: 14590828032
write_bytes: 17693007872
cancelled_write_bytes: 0

[2020-01-25T06:33:32-08:00]
rchar: 73980998588
wchar: 18231090691
syscr: 8940614
syscw: 534318
read_bytes: 14782995968
write_bytes: 18232889344
cancelled_write_bytes: 0

[2020-01-25T06:33:35-08:00]
rchar: 74247820736
wchar: 18383845082
syscr: 8972970
syscw: 536752
read_bytes: 14806560256
write_bytes: 18386370560
cancelled_write_bytes: 0

[2020-01-25T06:33:38-08:00]
rchar: 76403782621
wchar: 18931434638
syscr: 9234292
syscw: 548281
read_bytes: 14972788224
write_bytes: 18933297152
cancelled_write_bytes: 0

[2020-01-25T06:33:41-08:00]
rchar: 78757482326
wchar: 19470558957
syscr: 9519677
syscw: 559893
read_bytes: 15149264384
write_bytes: 19472449536
cancelled_write_bytes: 0

[2020-01-25T06:33:44-08:00]
rchar: 79752373853
wchar: 19796496841
syscr: 9639699
syscw: 566846
read_bytes: 15265345024
write_bytes: 19798429696
cancelled_write_bytes: 0

[2020-01-25T06:33:47-08:00]
rchar: 80479064524
wchar: 20053876976
syscr: 9727709
syscw: 573086
read_bytes: 15352909312
write_bytes: 20055842816
cancelled_write_bytes: 0

[2020-01-25T06:33:50-08:00]
rchar: 82357109690
wchar: 20500066948
syscr: 9955397
syscw: 585976
read_bytes: 15576985088
write_bytes: 20502085632
cancelled_write_bytes: 0

[2020-01-25T06:33:53-08:00]
rchar: 83595449486
wchar: 20837412202
syscr: 10105552
syscw: 594984
read_bytes: 15785020928
write_bytes: 20839448576
cancelled_write_bytes: 0

[2020-01-25T06:33:56-08:00]
rchar: 84917438818
wchar: 21213004282
syscr: 10265746
syscw: 604619
read_bytes: 15913131520
write_bytes: 21215092736
cancelled_write_bytes: 0

[2020-01-25T06:34:00-08:00]
rchar: 86930828253
wchar: 21634405868
syscr: 10509845
syscw: 617560
read_bytes: 16112811520
write_bytes: 21636534272
cancelled_write_bytes: 0

[2020-01-25T06:34:03-08:00]
rchar: 88045332357
wchar: 22044039444
syscr: 10644955
syscw: 625757
read_bytes: 16225771008
write_bytes: 22046203904
cancelled_write_bytes: 0

[2020-01-25T06:34:06-08:00]
rchar: 90114497634
wchar: 22484922691
syscr: 10895726
syscw: 637084
read_bytes: 16397553152
write_bytes: 22487171072
cancelled_write_bytes: 0

[2020-01-25T06:34:09-08:00]
rchar: 91780615087
wchar: 22912736514
syscr: 11097746
syscw: 646839
read_bytes: 16526736896
write_bytes: 22915010560
cancelled_write_bytes: 0

[2020-01-25T06:34:12-08:00]
rchar: 93024792812
wchar: 23239988227
syscr: 11248605
syscw: 654774
read_bytes: 16624365056
write_bytes: 23242280960
cancelled_write_bytes: 0

[2020-01-25T06:34:15-08:00]
rchar: 94963814128
wchar: 23825614053
syscr: 11483626
syscw: 666134
read_bytes: 16766221824
write_bytes: 23827947520
cancelled_write_bytes: 0

[2020-01-25T06:34:18-08:00]
rchar: 97299774992
wchar: 24334296241
syscr: 11766222
syscw: 678655
read_bytes: 16966401536
write_bytes: 24336666624
cancelled_write_bytes: 0

[2020-01-25T06:34:21-08:00]
rchar: 97997418984
wchar: 24614423519
syscr: 11850819
syscw: 685749
read_bytes: 17111350784
write_bytes: 24616808448
cancelled_write_bytes: 0

[2020-01-25T06:34:24-08:00]
rchar: 99245217711
wchar: 24908035665
syscr: 12001998
syscw: 695417
read_bytes: 17258118656
write_bytes: 24910462976
cancelled_write_bytes: 0

[2020-01-25T06:34:27-08:00]
rchar: 101112635202
wchar: 25363769388
syscr: 12228396
syscw: 707835
read_bytes: 17459711488
write_bytes: 25366249472
cancelled_write_bytes: 0

[2020-01-25T06:34:30-08:00]
rchar: 102105776189
wchar: 25773913178
syscr: 12348739
syscw: 716579
read_bytes: 17565818368
write_bytes: 25776427008
cancelled_write_bytes: 0

[2020-01-25T06:34:33-08:00]
rchar: 104281438306
wchar: 26225133693
syscr: 12612494
syscw: 729322
read_bytes: 17764769280
write_bytes: 26227703808
cancelled_write_bytes: 0

[2020-01-25T06:34:36-08:00]
rchar: 105764181346
wchar: 26553975725
syscr: 12792253
syscw: 738014
read_bytes: 17900273152
write_bytes: 26556583936
cancelled_write_bytes: 0

[2020-01-25T06:34:39-08:00]
rchar: 106556480629
wchar: 26860941944
syscr: 12888239
syscw: 744554
read_bytes: 17970462208
write_bytes: 26863583232
cancelled_write_bytes: 0

[2020-01-25T06:34:42-08:00]
rchar: 109018731551
wchar: 27395391969
syscr: 13186747
syscw: 758067
read_bytes: 18154110464
write_bytes: 27398258688
cancelled_write_bytes: 0

[2020-01-25T06:34:45-08:00]
rchar: 111009435686
wchar: 27856686104
syscr: 13428122
syscw: 768904
read_bytes: 18301787648
write_bytes: 27859398656
cancelled_write_bytes: 0

[2020-01-25T06:34:48-08:00]
rchar: 111423194601
wchar: 28118539251
syscr: 13478291
syscw: 773123
read_bytes: 18333335040
write_bytes: 28121255936
cancelled_write_bytes: 0

[2020-01-25T06:34:51-08:00]
rchar: 114083516416
wchar: 28622172730
syscr: 13800769
syscw: 785883
read_bytes: 18507677184
write_bytes: 28624941056
cancelled_write_bytes: 0

[2020-01-25T06:34:54-08:00]
rchar: 116282603891
wchar: 29119601466
syscr: 14066795
syscw: 798496
read_bytes: 18685767168
write_bytes: 29122404352
cancelled_write_bytes: 0

[2020-01-25T06:34:57-08:00]
rchar: 116518322388
wchar: 29361437278
syscr: 14095379
syscw: 802269
read_bytes: 18714488320
write_bytes: 29364649984
cancelled_write_bytes: 0

[2020-01-25T06:35:00-08:00]
rchar: 118361506575
wchar: 29793966857
syscr: 14318747
syscw: 815140
read_bytes: 18896211456
write_bytes: 29796851712
cancelled_write_bytes: 4096

[2020-01-25T06:35:03-08:00]
rchar: 120003928865
wchar: 30132891411
syscr: 14517873
syscw: 826220
read_bytes: 19090927104
write_bytes: 30135812096
cancelled_write_bytes: 4096

[2020-01-25T06:35:06-08:00]
rchar: 121194727785
wchar: 30518972039
syscr: 14662177
syscw: 835925
read_bytes: 19216842240
write_bytes: 30521925632
cancelled_write_bytes: 4096

[2020-01-25T06:35:09-08:00]
rchar: 123127496135
wchar: 30930330067
syscr: 14896500
syscw: 848563
read_bytes: 19375042048
write_bytes: 30933336064
cancelled_write_bytes: 4096

[2020-01-25T06:35:12-08:00]
rchar: 124575762852
wchar: 31347386455
syscr: 15072075
syscw: 858122
read_bytes: 19493477888
write_bytes: 31350460416
cancelled_write_bytes: 4096

[2020-01-25T06:35:15-08:00]
rchar: 125673295752
wchar: 31839812536
syscr: 15205043
syscw: 866010
read_bytes: 19556429312
write_bytes: 31842926592
cancelled_write_bytes: 4096

[2020-01-25T06:35:18-08:00]
rchar: 127308598771
wchar: 32247259520
syscr: 15403294
syscw: 875697
read_bytes: 19684761088
write_bytes: 32250425344
cancelled_write_bytes: 4096

[2020-01-25T06:35:21-08:00]
rchar: 129773175850
wchar: 32739613131
syscr: 15702083
syscw: 888341
read_bytes: 19867762176
write_bytes: 32743075840
cancelled_write_bytes: 4096

[2020-01-25T06:35:24-08:00]
rchar: 130859963878
wchar: 33149436195
syscr: 15833771
syscw: 896210
read_bytes: 19937668608
write_bytes: 33152667648
cancelled_write_bytes: 4096

[2020-01-25T06:35:27-08:00]
rchar: 132731861776
wchar: 33554592437
syscr: 16060738
syscw: 905987
read_bytes: 20046478848
write_bytes: 33557852160
cancelled_write_bytes: 4096

[2020-01-25T06:35:30-08:00]
rchar: 135329941094
wchar: 34134855238
syscr: 16375753
syscw: 918730
read_bytes: 20198620672
write_bytes: 34138144768
cancelled_write_bytes: 4096

[2020-01-25T06:35:33-08:00]
rchar: 136246694534
wchar: 34540620535
syscr: 16486193
syscw: 926237
read_bytes: 20263476736
write_bytes: 34543951872
cancelled_write_bytes: 4096

[2020-01-25T06:35:36-08:00]
rchar: 137725152095
wchar: 34904303130
syscr: 16665445
syscw: 938362
read_bytes: 20395789824
write_bytes: 34907680768
cancelled_write_bytes: 4096

[2020-01-25T06:35:39-08:00]
rchar: 139634452684
wchar: 35446167410
syscr: 16896912
syscw: 951377
read_bytes: 20559908352
write_bytes: 35450015744
cancelled_write_bytes: 4096

[2020-01-25T06:35:42-08:00]
rchar: 140602818486
wchar: 35869670546
syscr: 17014223
syscw: 960000
read_bytes: 20641164800
write_bytes: 35873157120
cancelled_write_bytes: 4096

[2020-01-25T06:35:45-08:00]
rchar: 142896600981
wchar: 36341460632
syscr: 17292328
syscw: 973416
read_bytes: 20816657920
write_bytes: 36345004032
cancelled_write_bytes: 4096

[2020-01-25T06:35:48-08:00]
rchar: 144343235423
wchar: 36677279947
syscr: 17467701
syscw: 983371
read_bytes: 20926119424
write_bytes: 36680855552
cancelled_write_bytes: 4096

[2020-01-25T06:35:51-08:00]
rchar: 145495580957
wchar: 37139105128
syscr: 17607308
syscw: 992534
read_bytes: 21003558400
write_bytes: 37143498752
cancelled_write_bytes: 4096

[2020-01-25T06:35:54-08:00]
rchar: 147492008271
wchar: 37741828280
syscr: 17849312
syscw: 1003834
read_bytes: 21116263936
write_bytes: 37745553408
cancelled_write_bytes: 4096

[2020-01-25T06:35:57-08:00]
rchar: 148921903937
wchar: 38109176533
syscr: 18022688
syscw: 1012430
read_bytes: 21203058176
write_bytes: 38112919552
cancelled_write_bytes: 4096

[2020-01-25T06:36:00-08:00]
rchar: 150382674517
wchar: 38617023431
syscr: 18199808
syscw: 1021747
read_bytes: 21295300096
write_bytes: 38620782592
cancelled_write_bytes: 4096

[2020-01-25T06:36:03-08:00]
rchar: 152938282354
wchar: 39112421760
syscr: 18509590
syscw: 1034380
read_bytes: 21436767744
write_bytes: 39116230656
cancelled_write_bytes: 4096

[2020-01-25T06:36:06-08:00]
rchar: 154736746255
wchar: 39494009257
syscr: 18727654
syscw: 1044484
read_bytes: 21534928384
write_bytes: 39497850880
cancelled_write_bytes: 4096

[2020-01-25T06:36:09-08:00]
rchar: 155829002918
wchar: 39942123900
syscr: 18859462
syscw: 1053504
read_bytes: 21627121152
write_bytes: 39946010624
cancelled_write_bytes: 4096

[2020-01-25T06:36:12-08:00]
rchar: 157429169444
wchar: 40367455397
syscr: 19053377
syscw: 1065582
read_bytes: 21757419008
write_bytes: 40371384320
cancelled_write_bytes: 4096

[2020-01-25T06:36:15-08:00]
rchar: 159111401278
wchar: 40775336087
syscr: 19257328
syscw: 1077772
read_bytes: 21899501056
write_bytes: 40779300864
cancelled_write_bytes: 4096

[2020-01-25T06:36:18-08:00]
rchar: 160124545744
wchar: 41241195128
syscr: 19380066
syscw: 1086933
read_bytes: 21974621696
write_bytes: 41245204480
cancelled_write_bytes: 4096

[2020-01-25T06:36:21-08:00]
rchar: 161932832406
wchar: 41632486709
syscr: 19599298
syscw: 1098795
read_bytes: 22101736960
write_bytes: 41636532224
cancelled_write_bytes: 4096

[2020-01-25T06:36:24-08:00]
rchar: 163830491919
wchar: 42007910394
syscr: 19829361
syscw: 1109890
read_bytes: 22241127936
write_bytes: 42012008448
cancelled_write_bytes: 4096

[2020-01-25T06:36:27-08:00]
rchar: 164515153385
wchar: 42404712153
syscr: 19912275
syscw: 1116029
read_bytes: 22282264064
write_bytes: 42408849408
cancelled_write_bytes: 4096

[2020-01-25T06:36:30-08:00]
rchar: 166052659242
wchar: 42930519497
syscr: 20098712
syscw: 1125969
read_bytes: 22356958720
write_bytes: 42934710272
cancelled_write_bytes: 4096

[2020-01-25T06:36:33-08:00]
rchar: 168397080044
wchar: 43438270504
syscr: 20382890
syscw: 1138505
read_bytes: 22496321024
write_bytes: 43442511872
cancelled_write_bytes: 4096

[2020-01-25T06:36:36-08:00]
rchar: 169437144654
wchar: 43695137721
syscr: 20509002
syscw: 1144511
read_bytes: 22556655104
write_bytes: 43699396608
cancelled_write_bytes: 4096

[2020-01-25T06:36:39-08:00]
rchar: 170887570657
wchar: 44187486776
syscr: 20684783
syscw: 1153860
read_bytes: 22630620672
write_bytes: 44191793152
cancelled_write_bytes: 4096

[2020-01-25T06:36:42-08:00]
rchar: 173538970596
wchar: 44797949639
syscr: 21006268
syscw: 1167060
read_bytes: 22762241536
write_bytes: 44802289664
cancelled_write_bytes: 4096

[2020-01-25T06:36:45-08:00]
rchar: 174914008563
wchar: 45129396635
syscr: 21172355
syscw: 1177162
read_bytes: 22854479360
write_bytes: 45133770752
cancelled_write_bytes: 4096

[2020-01-25T06:36:48-08:00]
rchar: 176023509237
wchar: 45605370748
syscr: 21306787
syscw: 1187738
read_bytes: 22945160704
write_bytes: 45609787392
cancelled_write_bytes: 4096

[2020-01-25T06:36:51-08:00]
rchar: 178023066481
wchar: 46069607618
syscr: 21549185
syscw: 1201151
read_bytes: 23105244672
write_bytes: 46074081280
cancelled_write_bytes: 4096

[2020-01-25T06:36:54-08:00]
rchar: 178778919883
wchar: 46230638790
syscr: 21640837
syscw: 1206942
read_bytes: 23196560896
write_bytes: 46235140096
cancelled_write_bytes: 4096

[2020-01-25T06:36:57-08:00]
rchar: 180648867931
wchar: 46577575292
syscr: 21867486
syscw: 1217838
read_bytes: 23387053568
write_bytes: 46582095872
cancelled_write_bytes: 4096

[2020-01-25T06:37:00-08:00]
rchar: 182640328433
wchar: 46876136082
syscr: 22108920
syscw: 1228215
read_bytes: 23572311552
write_bytes: 46880681984
cancelled_write_bytes: 4096

[2020-01-25T06:37:03-08:00]
rchar: 183745387094
wchar: 47410166888
syscr: 22242833
syscw: 1236652
read_bytes: 23627992576
write_bytes: 47415595008
cancelled_write_bytes: 4096

[2020-01-25T06:37:06-08:00]
rchar: 184828457887
wchar: 47940773105
syscr: 22374128
syscw: 1243531
read_bytes: 23663119872
write_bytes: 47945412608
cancelled_write_bytes: 4096

[2020-01-25T06:37:09-08:00]
rchar: 185869133931
wchar: 48337566012
syscr: 22500235
syscw: 1250792
read_bytes: 23707385344
write_bytes: 48342282240
cancelled_write_bytes: 4096

[2020-01-25T06:37:12-08:00]
rchar: 188132225395
wchar: 48823963213
syscr: 22774589
syscw: 1263557
read_bytes: 23831850496
write_bytes: 48828710912
cancelled_write_bytes: 4096

[2020-01-25T06:37:15-08:00]
rchar: 189102148052
wchar: 49194161653
syscr: 22892196
syscw: 1270408
read_bytes: 23883558400
write_bytes: 49198931968
cancelled_write_bytes: 4096

[2020-01-25T06:37:18-08:00]
rchar: 190691778470
wchar: 49576953542
syscr: 23084855
syscw: 1278973
read_bytes: 23956721152
write_bytes: 49581760512
cancelled_write_bytes: 4096

[2020-01-25T06:37:21-08:00]
rchar: 193531743635
wchar: 50141952223
syscr: 23429195
syscw: 1292087
read_bytes: 24090246656
write_bytes: 50146783232
cancelled_write_bytes: 4096

[2020-01-25T06:37:24-08:00]
rchar: 194673446530
wchar: 50423637560
syscr: 23566983
syscw: 1299059
read_bytes: 24143826432
write_bytes: 50428502016
cancelled_write_bytes: 4096

[2020-01-25T06:37:27-08:00]
rchar: 196118080492
wchar: 50931621560
syscr: 23742056
syscw: 1311474
read_bytes: 24254414336
write_bytes: 50936549376
cancelled_write_bytes: 4096

[2020-01-25T06:37:30-08:00]
rchar: 198224275718
wchar: 51425403873
syscr: 23997382
syscw: 1325378
read_bytes: 24406011392
write_bytes: 51430387712
cancelled_write_bytes: 4096

[2020-01-25T06:37:33-08:00]
rchar: 198716022525
wchar: 51740091673
syscr: 24057013
syscw: 1330552
read_bytes: 24439594496
write_bytes: 51745091584
cancelled_write_bytes: 4096

[2020-01-25T06:37:36-08:00]
rchar: 200439974334
wchar: 52088402878
syscr: 24265929
syscw: 1340847
read_bytes: 24544620032
write_bytes: 52093456384
cancelled_write_bytes: 4096

[2020-01-25T06:37:39-08:00]
rchar: 202847753496
wchar: 52594651114
syscr: 24557845
syscw: 1355575
read_bytes: 24689970688
write_bytes: 52599750656
cancelled_write_bytes: 4096

[2020-01-25T06:37:42-08:00]
rchar: 203300207973
wchar: 52907082537
syscr: 24612710
syscw: 1360665
read_bytes: 24714448384
write_bytes: 52912197632
cancelled_write_bytes: 4096

[2020-01-25T06:37:45-08:00]
rchar: 205006655397
wchar: 53573621853
syscr: 24819500
syscw: 1370973
read_bytes: 24779574784
write_bytes: 53578813440
cancelled_write_bytes: 4096

[2020-01-25T06:37:48-08:00]
rchar: 205902165880
wchar: 53946554048
syscr: 24928095
syscw: 1376667
read_bytes: 24812092928
write_bytes: 53951795200
cancelled_write_bytes: 4096

[2020-01-25T06:37:51-08:00]
rchar: 207966482057
wchar: 54384247624
syscr: 25178258
syscw: 1388254
read_bytes: 24917143040
write_bytes: 54389542912
cancelled_write_bytes: 4096

[2020-01-25T06:37:54-08:00]
rchar: 209411215289
wchar: 54911419527
syscr: 25353437
syscw: 1397837
read_bytes: 24988028416
write_bytes: 54916730880
cancelled_write_bytes: 4096

[2020-01-25T06:37:57-08:00]
rchar: 211623242689
wchar: 55393420445
syscr: 25621557
syscw: 1409327
read_bytes: 25083158016
write_bytes: 55398793216
cancelled_write_bytes: 4096

[2020-01-25T06:38:00-08:00]
rchar: 213853957997
wchar: 55841016200
syscr: 25892034
syscw: 1420369
read_bytes: 25180712448
write_bytes: 55846416384
cancelled_write_bytes: 4096

[2020-01-25T06:38:03-08:00]
rchar: 215220452592
wchar: 56283149524
syscr: 26057082
syscw: 1430379
read_bytes: 25257967104
write_bytes: 56288595968
cancelled_write_bytes: 4096

[2020-01-25T06:38:06-08:00]
rchar: 216545661426
wchar: 56653924240
syscr: 26217662
syscw: 1441195
read_bytes: 25341697536
write_bytes: 56659410944
cancelled_write_bytes: 4096

[2020-01-25T06:38:09-08:00]
rchar: 218653180247
wchar: 57192851347
syscr: 26473184
syscw: 1456051
read_bytes: 25481883136
write_bytes: 57198383104
cancelled_write_bytes: 4096

[2020-01-25T06:38:12-08:00]
rchar: 219873209334
wchar: 57603777345
syscr: 26621000
syscw: 1466295
read_bytes: 25557028352
write_bytes: 57609347072
cancelled_write_bytes: 4096

[2020-01-25T06:38:15-08:00]
rchar: 221773602927
wchar: 57949733340
syscr: 26851395
syscw: 1478146
read_bytes: 25680559616
write_bytes: 57956274176
cancelled_write_bytes: 4096

[2020-01-25T06:38:18-08:00]
rchar: 223252039674
wchar: 58297719387
syscr: 27030659
syscw: 1487254
read_bytes: 25808289280
write_bytes: 58303332352
cancelled_write_bytes: 4096

[2020-01-25T06:38:21-08:00]
rchar: 224947125468
wchar: 59008531026
syscr: 27236123
syscw: 1498143
read_bytes: 25876594176
write_bytes: 59014213632
cancelled_write_bytes: 4096

[2020-01-25T06:38:24-08:00]
rchar: 225876972860
wchar: 59377105478
syscr: 27348880
syscw: 1504295
read_bytes: 25913331200
write_bytes: 59382841344
cancelled_write_bytes: 4096

[2020-01-25T06:38:27-08:00]
rchar: 227437902438
wchar: 60077245693
syscr: 27537976
syscw: 1514359
read_bytes: 25977699840
write_bytes: 60083122176
cancelled_write_bytes: 4096

[2020-01-25T06:38:30-08:00]
rchar: 228884260827
wchar: 60607181627
syscr: 27713355
syscw: 1524210
read_bytes: 26119564800
write_bytes: 60613066752
cancelled_write_bytes: 4096

[2020-01-25T06:38:33-08:00]
rchar: 229820894377
wchar: 60909414706
syscr: 27826934
syscw: 1531855
read_bytes: 26242620928
write_bytes: 60915335168
cancelled_write_bytes: 4096

[2020-01-25T06:38:36-08:00]
rchar: 231488826388
wchar: 61496066521
syscr: 28029098
syscw: 1541754
read_bytes: 26460044800
write_bytes: 61502033920
cancelled_write_bytes: 4096

[2020-01-25T06:38:39-08:00]
rchar: 232691031961
wchar: 61824000467
syscr: 28174856
syscw: 1549632
read_bytes: 26582482432
write_bytes: 61829992448
cancelled_write_bytes: 4096

[2020-01-25T06:38:42-08:00]
rchar: 234696979601
wchar: 62345260311
syscr: 28418016
syscw: 1560507
read_bytes: 26814168576
write_bytes: 62351319040
cancelled_write_bytes: 4096

[2020-01-25T06:38:45-08:00]
rchar: 236039024317
wchar: 62684174502
syscr: 28580693
syscw: 1568109
read_bytes: 26960887296
write_bytes: 62690254848
cancelled_write_bytes: 4096

[2020-01-25T06:38:48-08:00]
rchar: 237060833485
wchar: 63033764295
syscr: 28704508
syscw: 1575456
read_bytes: 27054513664
write_bytes: 63039893504
cancelled_write_bytes: 4096

[2020-01-25T06:38:51-08:00]
rchar: 239674445090
wchar: 63468687603
syscr: 29021248
syscw: 1587034
read_bytes: 27238551040
write_bytes: 63474892800
cancelled_write_bytes: 8192

[2020-01-25T06:38:54-08:00]
rchar: 242213912272
wchar: 63824352737
syscr: 29329117
syscw: 1597749
read_bytes: 27332447744
write_bytes: 63830589440
cancelled_write_bytes: 8192

[2020-01-25T06:38:57-08:00]
rchar: 244116183202
wchar: 64282336754
syscr: 29559677
syscw: 1607446
read_bytes: 27395710464
write_bytes: 64288616448
cancelled_write_bytes: 8192

[2020-01-25T06:39:00-08:00]
rchar: 247052319536
wchar: 64765952680
syscr: 29915677
syscw: 1619968
read_bytes: 27486666240
write_bytes: 64772268032
cancelled_write_bytes: 8192

[2020-01-25T06:39:03-08:00]
rchar: 249507349552
wchar: 65175421714
syscr: 30213341
syscw: 1630086
read_bytes: 27562798592
write_bytes: 65181765632
cancelled_write_bytes: 8192

[2020-01-25T06:39:06-08:00]
rchar: 251224358987
wchar: 65646029720
syscr: 30421439
syscw: 1639514
read_bytes: 27611504128
write_bytes: 65652396032
cancelled_write_bytes: 8192

[2020-01-25T06:39:09-08:00]
rchar: 254101850377
wchar: 66130643043
syscr: 30769585
syscw: 1651976
read_bytes: 27706506752
write_bytes: 66137055232
cancelled_write_bytes: 8192

[2020-01-25T06:39:12-08:00]
rchar: 255322837893
wchar: 66389280365
syscr: 30917620
syscw: 1659882
read_bytes: 27779722752
write_bytes: 66395717632
cancelled_write_bytes: 8192

[2020-01-25T06:39:15-08:00]
rchar: 256486911536
wchar: 66785346103
syscr: 31058658
syscw: 1669433
read_bytes: 27841461760
write_bytes: 66791833600
cancelled_write_bytes: 8192

[2020-01-25T06:39:18-08:00]
rchar: 258713487439
wchar: 67285607242
syscr: 31328611
syscw: 1682825
read_bytes: 27944807936
write_bytes: 67292131328
cancelled_write_bytes: 8192

[2020-01-25T06:39:21-08:00]
rchar: 259966843842
wchar: 67635459912
syscr: 31480554
syscw: 1692326
read_bytes: 28005993984
write_bytes: 67642015744
cancelled_write_bytes: 8192

[2020-01-25T06:39:24-08:00]
rchar: 260849216255
wchar: 68096572894
syscr: 31587469
syscw: 1699007
read_bytes: 28032626176
write_bytes: 68104806400
cancelled_write_bytes: 8192

[2020-01-25T06:39:27-08:00]
rchar: 262132749419
wchar: 68661460783
syscr: 31743079
syscw: 1707627
read_bytes: 28066676224
write_bytes: 68668252160
cancelled_write_bytes: 8192

[2020-01-25T06:39:30-08:00]
rchar: 263360172803
wchar: 69252194282
syscr: 31891920
syscw: 1715206
read_bytes: 28096802304
write_bytes: 69258919936
cancelled_write_bytes: 8192

[2020-01-25T06:39:33-08:00]
rchar: 264266920976
wchar: 69679315760
syscr: 32001814
syscw: 1721206
read_bytes: 28121026048
write_bytes: 69686112256
cancelled_write_bytes: 8192

[2020-01-25T06:39:36-08:00]
rchar: 266045424858
wchar: 70102142262
syscr: 32217272
syscw: 1731658
read_bytes: 28191194624
write_bytes: 70109020160
cancelled_write_bytes: 8192

[2020-01-25T06:39:39-08:00]
rchar: 266572911041
wchar: 70263839465
syscr: 32281232
syscw: 1735324
read_bytes: 28211101184
write_bytes: 70270717952
cancelled_write_bytes: 8192

[2020-01-25T06:39:42-08:00]
rchar: 268937133972
wchar: 70901633498
syscr: 32567810
syscw: 1748685
read_bytes: 28297334272
write_bytes: 70908567552
cancelled_write_bytes: 8192

[2020-01-25T06:39:45-08:00]
rchar: 271841748198
wchar: 71515844079
syscr: 32919992
syscw: 1762329
read_bytes: 28398165504
write_bytes: 71522807808
cancelled_write_bytes: 8192

[2020-01-25T06:39:48-08:00]
rchar: 272537357455
wchar: 71675417235
syscr: 33004337
syscw: 1767294
read_bytes: 28422376960
write_bytes: 71682396160
cancelled_write_bytes: 8192

[2020-01-25T06:39:51-08:00]
rchar: 275079255135
wchar: 72296345653
syscr: 33311812
syscw: 1781486
read_bytes: 28522110464
write_bytes: 72303378432
cancelled_write_bytes: 8192

[2020-01-25T06:39:54-08:00]
rchar: 276731921740
wchar: 72707699517
syscr: 33512174
syscw: 1794360
read_bytes: 28609289728
write_bytes: 72714764288
cancelled_write_bytes: 8192

[2020-01-25T06:39:57-08:00]
rchar: 277983139804
wchar: 73152540506
syscr: 33663773
syscw: 1805264
read_bytes: 28673187328
write_bytes: 73159655424
cancelled_write_bytes: 8192

[2020-01-25T06:40:00-08:00]
rchar: 279765676210
wchar: 73570176783
syscr: 33879876
syscw: 1817154
read_bytes: 28750253568
write_bytes: 73577340928
cancelled_write_bytes: 8192

[2020-01-25T06:40:03-08:00]
rchar: 281607839608
wchar: 73957220524
syscr: 34103213
syscw: 1827669
read_bytes: 28832812544
write_bytes: 73964417024
cancelled_write_bytes: 8192

[2020-01-25T06:40:06-08:00]
rchar: 282390896617
wchar: 74386315501
syscr: 34198045
syscw: 1834455
read_bytes: 28861054464
write_bytes: 74393571328
cancelled_write_bytes: 8192

[2020-01-25T06:40:09-08:00]
rchar: 284228687743
wchar: 75176002038
syscr: 34420894
syscw: 1845750
read_bytes: 28908064256
write_bytes: 75183489024
cancelled_write_bytes: 8192

[2020-01-25T06:40:12-08:00]
rchar: 285174100916
wchar: 75599330375
syscr: 34535496
syscw: 1852094
read_bytes: 28932918784
write_bytes: 75606708224
cancelled_write_bytes: 8192

[2020-01-25T06:40:15-08:00]
rchar: 286719133355
wchar: 76231297274
syscr: 34722716
syscw: 1861483
read_bytes: 29050142208
write_bytes: 76238757888
cancelled_write_bytes: 8192

[2020-01-25T06:40:18-08:00]
rchar: 288323376509
wchar: 76815509837
syscr: 34917236
syscw: 1870946
read_bytes: 29224160768
write_bytes: 76822999040
cancelled_write_bytes: 8192

[2020-01-25T06:40:21-08:00]
rchar: 288878353301
wchar: 76984353730
syscr: 34984532
syscw: 1875742
read_bytes: 29274742272
write_bytes: 76991877120
cancelled_write_bytes: 8192

[2020-01-25T06:40:24-08:00]
rchar: 290573918690
wchar: 77647625703
syscr: 35190039
syscw: 1886134
read_bytes: 29449707008
write_bytes: 77655158784
cancelled_write_bytes: 8192

[2020-01-25T06:40:27-08:00]
rchar: 291576336852
wchar: 77925966906
syscr: 35311601
syscw: 1892748
read_bytes: 29533277696
write_bytes: 77933563904
cancelled_write_bytes: 8192

[2020-01-25T06:40:30-08:00]
rchar: 293498130998
wchar: 78531641590
syscr: 35544619
syscw: 1903074
read_bytes: 29729177088
write_bytes: 78539300864
cancelled_write_bytes: 8192

[2020-01-25T06:40:33-08:00]
rchar: 295151108108
wchar: 79067995767
syscr: 35745051
syscw: 1912381
read_bytes: 29878730240
write_bytes: 79075696640
cancelled_write_bytes: 8192

[2020-01-25T06:40:36-08:00]
rchar: 296348736119
wchar: 79472561147
syscr: 35890250
syscw: 1920911
read_bytes: 29969784320
write_bytes: 79480295424
cancelled_write_bytes: 8192

[2020-01-25T06:40:39-08:00]
rchar: 297963136294
wchar: 79948235072
syscr: 36085910
syscw: 1930767
read_bytes: 30087785984
write_bytes: 79956045824
cancelled_write_bytes: 8192

[2020-01-25T06:40:43-08:00]
rchar: 299774349125
wchar: 80433905745
syscr: 36305526
syscw: 1940476
read_bytes: 30226296320
write_bytes: 80441745408
cancelled_write_bytes: 8192

[2020-01-25T06:40:46-08:00]
rchar: 301706927109
wchar: 80969542659
syscr: 36539857
syscw: 1950533
read_bytes: 30383549952
write_bytes: 80977416192
cancelled_write_bytes: 8192

[2020-01-25T06:40:49-08:00]
rchar: 303083931059
wchar: 81389820729
syscr: 36706827
syscw: 1958996
read_bytes: 30477876736
write_bytes: 81397706752
cancelled_write_bytes: 8192

[2020-01-25T06:40:52-08:00]
rchar: 304409318402
wchar: 81792246579
syscr: 36867381
syscw: 1967644
read_bytes: 30548344320
write_bytes: 81800208384
cancelled_write_bytes: 8192

[2020-01-25T06:40:55-08:00]
rchar: 306094908620
wchar: 82190268119
syscr: 37071732
syscw: 1977176
read_bytes: 30640557568
write_bytes: 82198286336
cancelled_write_bytes: 8192

[2020-01-25T06:40:58-08:00]
rchar: 307918925586
wchar: 82715774947
syscr: 37292248
syscw: 1988421
read_bytes: 30852349440
write_bytes: 82723827712
cancelled_write_bytes: 8192

[2020-01-25T06:41:01-08:00]
rchar: 308816709339
wchar: 82946763262
syscr: 37401082
syscw: 1994932
read_bytes: 30948199936
write_bytes: 82954878976
cancelled_write_bytes: 8192

[2020-01-25T06:41:04-08:00]
rchar: 310181730467
wchar: 83576072827
syscr: 37566482
syscw: 2005368
read_bytes: 31025926656
write_bytes: 83584245760
cancelled_write_bytes: 8192

[2020-01-25T06:41:07-08:00]
rchar: 311451091253
wchar: 84038240261
syscr: 37720402
syscw: 2014052
read_bytes: 31081087488
write_bytes: 84046450688
cancelled_write_bytes: 8192

[2020-01-25T06:41:10-08:00]
rchar: 313171646547
wchar: 84723321621
syscr: 37929037
syscw: 2025233
read_bytes: 31148978688
write_bytes: 84731564032
cancelled_write_bytes: 8192

[2020-01-25T06:41:13-08:00]
rchar: 314487548070
wchar: 85241106513
syscr: 38088531
syscw: 2034113
read_bytes: 31195030016
write_bytes: 85249413120
cancelled_write_bytes: 8192

[2020-01-25T06:41:16-08:00]
rchar: 315540707187
wchar: 85617861704
syscr: 38216243
syscw: 2042153
read_bytes: 31234466304
write_bytes: 85626232832
cancelled_write_bytes: 8192

[2020-01-25T06:41:19-08:00]
rchar: 316389619502
wchar: 85960789899
syscr: 38319037
syscw: 2049359
read_bytes: 31266992640
write_bytes: 85969219584
cancelled_write_bytes: 8192

[2020-01-25T06:41:22-08:00]
rchar: 317930027441
wchar: 86411443654
syscr: 38505531
syscw: 2059713
read_bytes: 31340208640
write_bytes: 86419963904
cancelled_write_bytes: 8192

[2020-01-25T06:41:25-08:00]
rchar: 320896810444
wchar: 86731365043
syscr: 38865059
syscw: 2071601
read_bytes: 31485854208
write_bytes: 86739927040
cancelled_write_bytes: 8192

[2020-01-25T06:41:28-08:00]
rchar: 322496328515
wchar: 87114714791
syscr: 39058917
syscw: 2081241
read_bytes: 31530615296
write_bytes: 87123304448
cancelled_write_bytes: 8192

[2020-01-25T06:41:31-08:00]
rchar: 324886720890
wchar: 87558475621
syscr: 39348749
syscw: 2092771
read_bytes: 31587443200
write_bytes: 87567085568
cancelled_write_bytes: 8192

[2020-01-25T06:41:34-08:00]
rchar: 327514272190
wchar: 88001107469
syscr: 39667334
syscw: 2103733
read_bytes: 31651893760
write_bytes: 88009760768
cancelled_write_bytes: 8192

[2020-01-25T06:41:37-08:00]
rchar: 328818483634
wchar: 88360391474
syscr: 39825382
syscw: 2111839
read_bytes: 31683854848
write_bytes: 88369070080
cancelled_write_bytes: 8192

[2020-01-25T06:41:40-08:00]
rchar: 332692040003
wchar: 88948572374
syscr: 40295039
syscw: 2125652
read_bytes: 31768560128
write_bytes: 88957288448
cancelled_write_bytes: 8192

[2020-01-25T06:41:43-08:00]
rchar: 334289561037
wchar: 89243880192
syscr: 40488039
syscw: 2134117
read_bytes: 31807549952
write_bytes: 89252626432
cancelled_write_bytes: 8192

[2020-01-25T06:41:46-08:00]
rchar: 336137651568
wchar: 89813786559
syscr: 40712017
syscw: 2147807
read_bytes: 31874392576
write_bytes: 89822580736
cancelled_write_bytes: 8192

[2020-01-25T06:41:49-08:00]
rchar: 338525644529
wchar: 90285002218
syscr: 41001541
syscw: 2162033
read_bytes: 31958680064
write_bytes: 90293854208
cancelled_write_bytes: 8192

[2020-01-25T06:41:52-08:00]
rchar: 339480545188
wchar: 90714330092
syscr: 41117219
syscw: 2170482
read_bytes: 31988236800
write_bytes: 90723409920
cancelled_write_bytes: 8192

[2020-01-25T06:41:55-08:00]
rchar: 340740549036
wchar: 91234720273
syscr: 41270000
syscw: 2178838
read_bytes: 32014172672
write_bytes: 91243626496
cancelled_write_bytes: 8192

[2020-01-25T06:41:58-08:00]
rchar: 342232952889
wchar: 91861038242
syscr: 41450974
syscw: 2189106
read_bytes: 32045208064
write_bytes: 91870015488
cancelled_write_bytes: 8192

[2020-01-25T06:42:01-08:00]
rchar: 343465841087
wchar: 92372417205
syscr: 41600441
syscw: 2197884
read_bytes: 32070459904
write_bytes: 92381437952
cancelled_write_bytes: 8192

[2020-01-25T06:42:04-08:00]
rchar: 344453253998
wchar: 92783072486
syscr: 41720139
syscw: 2205100
read_bytes: 32091374080
write_bytes: 92792143872
cancelled_write_bytes: 8192

[2020-01-25T06:42:07-08:00]
rchar: 345528232578
wchar: 93160104592
syscr: 41850297
syscw: 2213914
read_bytes: 32120922624
write_bytes: 93169274880
cancelled_write_bytes: 8192

[2020-01-25T06:42:10-08:00]
rchar: 346660045303
wchar: 93612012112
syscr: 41987492
syscw: 2222354
read_bytes: 32206660096
write_bytes: 93621239808
cancelled_write_bytes: 8192

[2020-01-25T06:42:13-08:00]
rchar: 348205947844
wchar: 94033488206
syscr: 42174851
syscw: 2232947
read_bytes: 32323412480
write_bytes: 94042730496
cancelled_write_bytes: 8192

[2020-01-25T06:42:16-08:00]
rchar: 350194379686
wchar: 94656710103
syscr: 42415957
syscw: 2243718
read_bytes: 32483570176
write_bytes: 94665969664
cancelled_write_bytes: 8192

[2020-01-25T06:42:19-08:00]
rchar: 351702779031
wchar: 95051940345
syscr: 42598855
syscw: 2253140
read_bytes: 32595698176
write_bytes: 95061225472
cancelled_write_bytes: 8192

[2020-01-25T06:42:22-08:00]
rchar: 352722284127
wchar: 95326587367
syscr: 42722488
syscw: 2261604
read_bytes: 32657854976
write_bytes: 95335931904
cancelled_write_bytes: 8192

[2020-01-25T06:42:25-08:00]
rchar: 354553964593
wchar: 95894380712
syscr: 42944505
syscw: 2272271
read_bytes: 32787960320
write_bytes: 95903784960
cancelled_write_bytes: 8192

[2020-01-25T06:42:28-08:00]
rchar: 356492168920
wchar: 96345711978
syscr: 43179516
syscw: 2282738
read_bytes: 32916226560
write_bytes: 96355135488
cancelled_write_bytes: 8192

[2020-01-25T06:42:31-08:00]
rchar: 358585342735
wchar: 96883300407
syscr: 43433307
syscw: 2293830
read_bytes: 33057374720
write_bytes: 96892755968
cancelled_write_bytes: 8192

[2020-01-25T06:42:34-08:00]
rchar: 359634065064
wchar: 97124715929
syscr: 43560466
syscw: 2301353
read_bytes: 33110843904
write_bytes: 97134194688
cancelled_write_bytes: 8192

[2020-01-25T06:42:37-08:00]
rchar: 361370289965
wchar: 97604454074
syscr: 43770913
syscw: 2311987
read_bytes: 33210225152
write_bytes: 97614008320
cancelled_write_bytes: 8192

[2020-01-25T06:42:40-08:00]
rchar: 363507524252
wchar: 98039740062
syscr: 44030055
syscw: 2323146
read_bytes: 33325445632
write_bytes: 98049335296
cancelled_write_bytes: 8192

[2020-01-25T06:42:43-08:00]
rchar: 365888138192
wchar: 98648508147
syscr: 44318709
syscw: 2334326
read_bytes: 33467892224
write_bytes: 98658115584
cancelled_write_bytes: 8192

[2020-01-25T06:42:46-08:00]
rchar: 367013861366
wchar: 98897311660
syscr: 44455206
syscw: 2341666
read_bytes: 33521148416
write_bytes: 98906935296
cancelled_write_bytes: 8192

[2020-01-25T06:42:49-08:00]
rchar: 368846802386
wchar: 99339308696
syscr: 44677344
syscw: 2352056
read_bytes: 33606377984
write_bytes: 99348987904
cancelled_write_bytes: 8192

[2020-01-25T06:42:52-08:00]
rchar: 371144678269
wchar: 99936553850
syscr: 44955350
syscw: 2363337
read_bytes: 33701736960
write_bytes: 99946344448
cancelled_write_bytes: 8192

[2020-01-25T06:42:55-08:00]
rchar: 372708941902
wchar: 100437021151
syscr: 45145021
syscw: 2373975
read_bytes: 33770783232
write_bytes: 100446793728
cancelled_write_bytes: 8192

[2020-01-25T06:42:58-08:00]
rchar: 374034708786
wchar: 100849466770
syscr: 45305778
syscw: 2383599
read_bytes: 33831035392
write_bytes: 100859256832
cancelled_write_bytes: 8192

[2020-01-25T06:43:01-08:00]
rchar: 375506318387
wchar: 101359229333
syscr: 45484224
syscw: 2394202
read_bytes: 33898680832
write_bytes: 101369618432
cancelled_write_bytes: 8192

[2020-01-25T06:43:04-08:00]
rchar: 376841286973
wchar: 101822478323
syscr: 45646093
syscw: 2403907
read_bytes: 33956635136
write_bytes: 101832323072
cancelled_write_bytes: 8192

[2020-01-25T06:43:07-08:00]
rchar: 378475783688
wchar: 102377101631
syscr: 45844151
syscw: 2414464
read_bytes: 34021847552
write_bytes: 102387011584
cancelled_write_bytes: 8192

[2020-01-25T06:43:10-08:00]
rchar: 380112289289
wchar: 102861900220
syscr: 46042558
syscw: 2424976
read_bytes: 34081563136
write_bytes: 102871838720
cancelled_write_bytes: 8192

[2020-01-25T06:43:13-08:00]
rchar: 381198747580
wchar: 103124462057
syscr: 46174294
syscw: 2433867
read_bytes: 34119762432
write_bytes: 103134408704
cancelled_write_bytes: 8192

[2020-01-25T06:43:16-08:00]
rchar: 382816117756
wchar: 103654414787
syscr: 46370362
syscw: 2444449
read_bytes: 34180497920
write_bytes: 103664472064
cancelled_write_bytes: 8192

[2020-01-25T06:43:19-08:00]
rchar: 384510920050
wchar: 104138513618
syscr: 46575709
syscw: 2455121
read_bytes: 34246808064
write_bytes: 104148652032
cancelled_write_bytes: 8192

[2020-01-25T06:43:22-08:00]
rchar: 385933928192
wchar: 104547219458
syscr: 46747845
syscw: 2465433
read_bytes: 34318815744
write_bytes: 104557383680
cancelled_write_bytes: 8192

[2020-01-25T06:43:25-08:00]
rchar: 387005284733
wchar: 104915376847
syscr: 46877758
syscw: 2475105
read_bytes: 34379723264
write_bytes: 104925581312
cancelled_write_bytes: 8192

[2020-01-25T06:43:28-08:00]
rchar: 388498706292
wchar: 105473330303
syscr: 47058763
syscw: 2487236
read_bytes: 34470547968
write_bytes: 105483550720
cancelled_write_bytes: 8192

[2020-01-25T06:43:31-08:00]
rchar: 390030165363
wchar: 105853440450
syscr: 47244289
syscw: 2499154
read_bytes: 34554065408
write_bytes: 105863712768
cancelled_write_bytes: 8192

[2020-01-25T06:43:34-08:00]
rchar: 391659057123
wchar: 106227479492
syscr: 47441808
syscw: 2509128
read_bytes: 34675704320
write_bytes: 106237825024
cancelled_write_bytes: 8192

[2020-01-25T06:43:37-08:00]
rchar: 393077268812
wchar: 106678173887
syscr: 47613639
syscw: 2519578
read_bytes: 34765488640
write_bytes: 106688823296
cancelled_write_bytes: 8192

[2020-01-25T06:43:40-08:00]
rchar: 395059467234
wchar: 107050693174
syscr: 47853806
syscw: 2530483
read_bytes: 34883895808
write_bytes: 107061116928
cancelled_write_bytes: 8192

[2020-01-25T06:43:43-08:00]
rchar: 397274638539
wchar: 107382413163
syscr: 48122049
syscw: 2541428
read_bytes: 34993345024
write_bytes: 107392921600
cancelled_write_bytes: 8192

[2020-01-25T06:43:46-08:00]
rchar: 398456220307
wchar: 107683249917
syscr: 48265230
syscw: 2551198
read_bytes: 35018592768
write_bytes: 107693780992
cancelled_write_bytes: 8192

[2020-01-25T06:43:49-08:00]
rchar: 402249939143
wchar: 108286443243
syscr: 48725211
syscw: 2565456
read_bytes: 35082285568
write_bytes: 108297007104
cancelled_write_bytes: 8192

[2020-01-25T06:43:52-08:00]
rchar: 403919765004
wchar: 108657872376
syscr: 48927677
syscw: 2575672
read_bytes: 35111178752
write_bytes: 108669763584
cancelled_write_bytes: 8192

[2020-01-25T06:43:55-08:00]
rchar: 407308545679
wchar: 109191482952
syscr: 49338474
syscw: 2589118
read_bytes: 35163312640
write_bytes: 109202112512
cancelled_write_bytes: 8192

[2020-01-25T06:43:58-08:00]
rchar: 410194363866
wchar: 109649735471
syscr: 49688375
syscw: 2600945
read_bytes: 35206472192
write_bytes: 109660397568
cancelled_write_bytes: 8192

[2020-01-25T06:44:01-08:00]
rchar: 412006337977
wchar: 110089833803
syscr: 49907988
syscw: 2611865
read_bytes: 35233870336
write_bytes: 110100520960
cancelled_write_bytes: 8192

[2020-01-25T06:44:04-08:00]
rchar: 415795581602
wchar: 110680042890
syscr: 50366558
syscw: 2624615
read_bytes: 35284464128
write_bytes: 110690799616
cancelled_write_bytes: 8192

[2020-01-25T06:44:07-08:00]
rchar: 417486947701
wchar: 111379393350
syscr: 50571643
syscw: 2637600
read_bytes: 35312910848
write_bytes: 111390146560
cancelled_write_bytes: 8192

[2020-01-25T06:44:10-08:00]
rchar: 418363749613
wchar: 111718967378
syscr: 50677960
syscw: 2645945
read_bytes: 35330273792
write_bytes: 111729741824
cancelled_write_bytes: 8192

[2020-01-25T06:44:13-08:00]
rchar: 419424842655
wchar: 112190031730
syscr: 50806640
syscw: 2655606
read_bytes: 35349156352
write_bytes: 112200876032
cancelled_write_bytes: 8192

[2020-01-25T06:44:16-08:00]
rchar: 421244507457
wchar: 112953390902
syscr: 51027186
syscw: 2669273
read_bytes: 35379307008
write_bytes: 112964272128
cancelled_write_bytes: 8192

[2020-01-25T06:44:19-08:00]
rchar: 422441298982
wchar: 113388028772
syscr: 51172294
syscw: 2678747
read_bytes: 35397251584
write_bytes: 113398984704
cancelled_write_bytes: 8192

[2020-01-25T06:44:22-08:00]
rchar: 423593321264
wchar: 113781716769
syscr: 51311986
syscw: 2687086
read_bytes: 35415683584
write_bytes: 113792700416
cancelled_write_bytes: 8192

[2020-01-25T06:44:25-08:00]
rchar: 424835870219
wchar: 114250043214
syscr: 51462545
syscw: 2697883
read_bytes: 35436474880
write_bytes: 114261123072
cancelled_write_bytes: 8192

[2020-01-25T06:44:28-08:00]
rchar: 425936433782
wchar: 114685777088
syscr: 51595927
syscw: 2706975
read_bytes: 35454718464
write_bytes: 114697621504
cancelled_write_bytes: 8192

[2020-01-25T06:44:31-08:00]
rchar: 427570413255
wchar: 115246489588
syscr: 51793787
syscw: 2719018
read_bytes: 35477950976
write_bytes: 115257679872
cancelled_write_bytes: 8192

[2020-01-25T06:44:34-08:00]
rchar: 428877620490
wchar: 115411118447
syscr: 51952120
syscw: 2729501
read_bytes: 35503034880
write_bytes: 115422351360
cancelled_write_bytes: 8192

[2020-01-25T06:44:37-08:00]
rchar: 428877620490
wchar: 115411118523
syscr: 51952120
syscw: 2729502
read_bytes: 35503034880
write_bytes: 115422363648
cancelled_write_bytes: 8192

[2020-01-25T06:44:40-08:00]
rchar: 428877620490
wchar: 115411118523
syscr: 51952120
syscw: 2729502
read_bytes: 35503034880
write_bytes: 115422363648
cancelled_write_bytes: 8192

[2020-01-25T06:44:43-08:00]
rchar: 428877620490
wchar: 115411118523
syscr: 51952120
syscw: 2729502
read_bytes: 35503034880
write_bytes: 115422363648
cancelled_write_bytes: 8192

[2020-01-25T06:44:46-08:00]
rchar: 428877620490
wchar: 115411118523
syscr: 51952120
syscw: 2729502
read_bytes: 35503034880
write_bytes: 115422363648
cancelled_write_bytes: 8192

[2020-01-25T06:44:49-08:00]
rchar: 428877620490
wchar: 115411118523
syscr: 51952120
syscw: 2729502
read_bytes: 35503034880
write_bytes: 115422363648
cancelled_write_bytes: 8192

[2020-01-25T06:44:52-08:00]
rchar: 428877620490
wchar: 115411118523
syscr: 51952120
syscw: 2729502
read_bytes: 35503034880
write_bytes: 115422371840
cancelled_write_bytes: 8192

[2020-01-25T06:44:55-08:00]
rchar: 428877620490
wchar: 115411118523
syscr: 51952120
syscw: 2729502
read_bytes: 35503034880
write_bytes: 115422371840
cancelled_write_bytes: 8192

