[2020-01-24T23:07:24-08:00]
rchar: 16583973
wchar: 209
syscr: 2824
syscw: 10
read_bytes: 716800
write_bytes: 53248
cancelled_write_bytes: 0

[2020-01-24T23:07:27-08:00]
rchar: 16583973
wchar: 209
syscr: 2824
syscw: 10
read_bytes: 716800
write_bytes: 53248
cancelled_write_bytes: 0

[2020-01-24T23:07:30-08:00]
rchar: 16583973
wchar: 209
syscr: 2824
syscw: 10
read_bytes: 716800
write_bytes: 53248
cancelled_write_bytes: 0

[2020-01-24T23:07:33-08:00]
rchar: 16583973
wchar: 209
syscr: 2824
syscw: 10
read_bytes: 716800
write_bytes: 53248
cancelled_write_bytes: 0

[2020-01-24T23:07:36-08:00]
rchar: 16583973
wchar: 209
syscr: 2824
syscw: 10
read_bytes: 716800
write_bytes: 69632
cancelled_write_bytes: 0

[2020-01-24T23:07:39-08:00]
rchar: 16583973
wchar: 209
syscr: 2824
syscw: 10
read_bytes: 716800
write_bytes: 77824
cancelled_write_bytes: 0

[2020-01-24T23:07:42-08:00]
rchar: 16583973
wchar: 209
syscr: 2824
syscw: 10
read_bytes: 716800
write_bytes: 77824
cancelled_write_bytes: 0

[2020-01-24T23:07:45-08:00]
rchar: 16583973
wchar: 209
syscr: 2824
syscw: 10
read_bytes: 716800
write_bytes: 86016
cancelled_write_bytes: 0

[2020-01-24T23:07:48-08:00]
rchar: 16583973
wchar: 209
syscr: 2824
syscw: 10
read_bytes: 716800
write_bytes: 86016
cancelled_write_bytes: 0

[2020-01-24T23:07:51-08:00]
rchar: 17451144
wchar: 9708
syscr: 3361
syscw: 13
read_bytes: 1007616
write_bytes: 131072
cancelled_write_bytes: 0

[2020-01-24T23:07:54-08:00]
rchar: 357878558
wchar: 227817647
syscr: 17614
syscw: 2411
read_bytes: 366291456
write_bytes: 227958784
cancelled_write_bytes: 0

[2020-01-24T23:07:57-08:00]
rchar: 936776365
wchar: 439770746
syscr: 87821
syscw: 22184
read_bytes: 1185233408
write_bytes: 439914496
cancelled_write_bytes: 0

[2020-01-24T23:08:00-08:00]
rchar: 1278922307
wchar: 763588285
syscr: 129230
syscw: 30746
read_bytes: 1478306304
write_bytes: 763752448
cancelled_write_bytes: 0

[2020-01-24T23:08:03-08:00]
rchar: 2129722983
wchar: 1096796757
syscr: 232400
syscw: 43793
read_bytes: 1985731072
write_bytes: 1096990720
cancelled_write_bytes: 0

[2020-01-24T23:08:06-08:00]
rchar: 2743664778
wchar: 1329631731
syscr: 306849
syscw: 53850
read_bytes: 2416085504
write_bytes: 1329840128
cancelled_write_bytes: 0

[2020-01-24T23:08:09-08:00]
rchar: 3419484814
wchar: 1684569416
syscr: 388712
syscw: 62917
read_bytes: 2764786176
write_bytes: 1684807680
cancelled_write_bytes: 0

[2020-01-24T23:08:12-08:00]
rchar: 4598930618
wchar: 1987962219
syscr: 531726
syscw: 74329
read_bytes: 3322567168
write_bytes: 1988759552
cancelled_write_bytes: 0

[2020-01-24T23:08:15-08:00]
rchar: 5128509624
wchar: 2122764785
syscr: 595941
syscw: 79667
read_bytes: 3570821632
write_bytes: 2123051008
cancelled_write_bytes: 0

[2020-01-24T23:08:18-08:00]
rchar: 5787463489
wchar: 2440771849
syscr: 675757
syscw: 86908
read_bytes: 3826842112
write_bytes: 2441068544
cancelled_write_bytes: 0

[2020-01-24T23:08:21-08:00]
rchar: 7311956720
wchar: 2816686476
syscr: 860090
syscw: 98006
read_bytes: 4220754432
write_bytes: 2817028096
cancelled_write_bytes: 0

[2020-01-24T23:08:24-08:00]
rchar: 8423057722
wchar: 3094204163
syscr: 994811
syscw: 107983
read_bytes: 4528458240
write_bytes: 3094593536
cancelled_write_bytes: 0

[2020-01-24T23:08:27-08:00]
rchar: 11082950947
wchar: 3290725222
syscr: 1317226
syscw: 123328
read_bytes: 5098502656
write_bytes: 3291140096
cancelled_write_bytes: 0

[2020-01-24T23:08:30-08:00]
rchar: 12268889084
wchar: 3610480402
syscr: 1460933
syscw: 131201
read_bytes: 5322455552
write_bytes: 3610910720
cancelled_write_bytes: 0

[2020-01-24T23:08:33-08:00]
rchar: 14287887185
wchar: 4058623197
syscr: 1705731
syscw: 141527
read_bytes: 5603490304
write_bytes: 4059086848
cancelled_write_bytes: 0

[2020-01-24T23:08:36-08:00]
rchar: 16260995216
wchar: 4511988849
syscr: 1944962
syscw: 151982
read_bytes: 5877217792
write_bytes: 4512890880
cancelled_write_bytes: 0

[2020-01-24T23:08:39-08:00]
rchar: 16597470981
wchar: 4706076522
syscr: 1985765
syscw: 154423
read_bytes: 5916224000
write_bytes: 4706582528
cancelled_write_bytes: 0

[2020-01-24T23:08:42-08:00]
rchar: 17955807221
wchar: 5126258293
syscr: 2149871
syscw: 161676
read_bytes: 6076172800
write_bytes: 5126811648
cancelled_write_bytes: 0

[2020-01-24T23:08:45-08:00]
rchar: 19195777863
wchar: 5470477203
syscr: 2300232
syscw: 173485
read_bytes: 6418385408
write_bytes: 5471092736
cancelled_write_bytes: 0

[2020-01-24T23:08:48-08:00]
rchar: 19961030377
wchar: 5749915563
syscr: 2393028
syscw: 182169
read_bytes: 6687422976
write_bytes: 5750665216
cancelled_write_bytes: 0

[2020-01-24T23:08:51-08:00]
rchar: 21285113064
wchar: 6080183496
syscr: 2553494
syscw: 192723
read_bytes: 7073516032
write_bytes: 6080876544
cancelled_write_bytes: 0

[2020-01-24T23:08:54-08:00]
rchar: 22685570204
wchar: 6252011258
syscr: 2723278
syscw: 202576
read_bytes: 7407143424
write_bytes: 6252740608
cancelled_write_bytes: 0

[2020-01-24T23:08:57-08:00]
rchar: 25028123640
wchar: 6603479228
syscr: 3007222
syscw: 216736
read_bytes: 7860201984
write_bytes: 6604251136
cancelled_write_bytes: 0

[2020-01-24T23:09:00-08:00]
rchar: 26491040265
wchar: 6907760512
syscr: 3184519
syscw: 226687
read_bytes: 8127875584
write_bytes: 6908555264
cancelled_write_bytes: 0

[2020-01-24T23:09:03-08:00]
rchar: 27976862930
wchar: 7263870937
syscr: 3364674
syscw: 235851
read_bytes: 8306932224
write_bytes: 7264686080
cancelled_write_bytes: 0

[2020-01-24T23:09:06-08:00]
rchar: 29928973704
wchar: 7759465995
syscr: 3601370
syscw: 246020
read_bytes: 8539019776
write_bytes: 7760306176
cancelled_write_bytes: 0

[2020-01-24T23:09:09-08:00]
rchar: 31307223283
wchar: 8167593408
syscr: 3768482
syscw: 253823
read_bytes: 8704272896
write_bytes: 8168468480
cancelled_write_bytes: 0

[2020-01-24T23:09:12-08:00]
rchar: 32695257139
wchar: 8612982568
syscr: 3936187
syscw: 264022
read_bytes: 8918469120
write_bytes: 8613904384
cancelled_write_bytes: 0

[2020-01-24T23:09:15-08:00]
rchar: 34084526190
wchar: 9033450242
syscr: 4104627
syscw: 275775
read_bytes: 9209379328
write_bytes: 9034428416
cancelled_write_bytes: 0

[2020-01-24T23:09:18-08:00]
rchar: 34593672239
wchar: 9329480168
syscr: 4166369
syscw: 281914
read_bytes: 9372146176
write_bytes: 9330466816
cancelled_write_bytes: 0

[2020-01-24T23:09:21-08:00]
rchar: 35664779615
wchar: 9571189293
syscr: 4296143
syscw: 290514
read_bytes: 9599392256
write_bytes: 9572454400
cancelled_write_bytes: 0

[2020-01-24T23:09:24-08:00]
rchar: 37298786182
wchar: 9959597129
syscr: 4494254
syscw: 302370
read_bytes: 9923697152
write_bytes: 9960665088
cancelled_write_bytes: 0

[2020-01-24T23:09:27-08:00]
rchar: 38097178104
wchar: 10284424398
syscr: 4590958
syscw: 309958
read_bytes: 10107795968
write_bytes: 10285539328
cancelled_write_bytes: 0

[2020-01-24T23:09:30-08:00]
rchar: 40051703743
wchar: 10603530112
syscr: 4827927
syscw: 321210
read_bytes: 10503543296
write_bytes: 10604679168
cancelled_write_bytes: 0

[2020-01-24T23:09:33-08:00]
rchar: 41443439068
wchar: 10832659804
syscr: 4996682
syscw: 329714
read_bytes: 10793818624
write_bytes: 10833821696
cancelled_write_bytes: 0

[2020-01-24T23:09:36-08:00]
rchar: 42468249723
wchar: 11231992917
syscr: 5120834
syscw: 337838
read_bytes: 10940779008
write_bytes: 11233185792
cancelled_write_bytes: 0

[2020-01-24T23:09:39-08:00]
rchar: 44253442681
wchar: 11643369393
syscr: 5337290
syscw: 348519
read_bytes: 11132766720
write_bytes: 11644588032
cancelled_write_bytes: 0

[2020-01-24T23:09:42-08:00]
rchar: 46254073116
wchar: 12175482287
syscr: 5579867
syscw: 359516
read_bytes: 11337804288
write_bytes: 12176936960
cancelled_write_bytes: 0

[2020-01-24T23:09:45-08:00]
rchar: 47278260738
wchar: 12595974053
syscr: 5703969
syscw: 366515
read_bytes: 11442719232
write_bytes: 12597256192
cancelled_write_bytes: 0

[2020-01-24T23:09:48-08:00]
rchar: 49007886276
wchar: 13007855166
syscr: 5913162
syscw: 378552
read_bytes: 11715254784
write_bytes: 13009199104
cancelled_write_bytes: 0

[2020-01-24T23:09:51-08:00]
rchar: 50005862030
wchar: 13204412908
syscr: 6034176
syscw: 386608
read_bytes: 11992963584
write_bytes: 13205757952
cancelled_write_bytes: 0

[2020-01-24T23:09:54-08:00]
rchar: 50587601655
wchar: 13490303383
syscr: 6104632
syscw: 392856
read_bytes: 12106492416
write_bytes: 13491671040
cancelled_write_bytes: 0

[2020-01-24T23:09:57-08:00]
rchar: 52420333615
wchar: 13914819549
syscr: 6326810
syscw: 405147
read_bytes: 12366604800
write_bytes: 13916246016
cancelled_write_bytes: 0

[2020-01-24T23:10:00-08:00]
rchar: 53640343875
wchar: 14234148704
syscr: 6474720
syscw: 414011
read_bytes: 12539468288
write_bytes: 14235639808
cancelled_write_bytes: 0

[2020-01-24T23:10:03-08:00]
rchar: 55199844116
wchar: 14715113412
syscr: 6663707
syscw: 424977
read_bytes: 12735040000
write_bytes: 14716633088
cancelled_write_bytes: 0

[2020-01-24T23:10:06-08:00]
rchar: 57194095524
wchar: 15115576764
syscr: 6905494
syscw: 436974
read_bytes: 12979730944
write_bytes: 15117152256
cancelled_write_bytes: 0

[2020-01-24T23:10:09-08:00]
rchar: 57783616548
wchar: 15252758840
syscr: 6976978
syscw: 440837
read_bytes: 13049281024
write_bytes: 15254351872
cancelled_write_bytes: 0

[2020-01-24T23:10:12-08:00]
rchar: 59184266340
wchar: 15609905573
syscr: 7146701
syscw: 449805
read_bytes: 13264493056
write_bytes: 15611531264
cancelled_write_bytes: 0

[2020-01-24T23:10:15-08:00]
rchar: 61547259313
wchar: 15923339373
syscr: 7433181
syscw: 461217
read_bytes: 13623024128
write_bytes: 15924989952
cancelled_write_bytes: 0

[2020-01-24T23:10:18-08:00]
rchar: 62773375108
wchar: 16405026589
syscr: 7581848
syscw: 469528
read_bytes: 13738822144
write_bytes: 16406691840
cancelled_write_bytes: 0

[2020-01-24T23:10:21-08:00]
rchar: 64899414872
wchar: 16899086872
syscr: 7839544
syscw: 480536
read_bytes: 13909715456
write_bytes: 16901476352
cancelled_write_bytes: 0

[2020-01-24T23:10:24-08:00]
rchar: 66962433987
wchar: 17371743891
syscr: 8089680
syscw: 491376
read_bytes: 14077286912
write_bytes: 17373474816
cancelled_write_bytes: 0

[2020-01-24T23:10:27-08:00]
rchar: 68217341130
wchar: 17673930436
syscr: 8241292
syscw: 499036
read_bytes: 14182627840
write_bytes: 17675702272
cancelled_write_bytes: 0

[2020-01-24T23:10:30-08:00]
rchar: 69534868928
wchar: 18171594727
syscr: 8400936
syscw: 509902
read_bytes: 14352685568
write_bytes: 18173431808
cancelled_write_bytes: 0

[2020-01-24T23:10:33-08:00]
rchar: 71350241229
wchar: 18557386942
syscr: 8621032
syscw: 521798
read_bytes: 14627293696
write_bytes: 18559262720
cancelled_write_bytes: 0

[2020-01-24T23:10:36-08:00]
rchar: 72161090578
wchar: 18858892015
syscr: 8719354
syscw: 528978
read_bytes: 14789016064
write_bytes: 18860781568
cancelled_write_bytes: 0

[2020-01-24T23:10:39-08:00]
rchar: 73637347568
wchar: 19148396444
syscr: 8898240
syscw: 538520
read_bytes: 14954961408
write_bytes: 19150331904
cancelled_write_bytes: 0

[2020-01-24T23:10:42-08:00]
rchar: 75727684996
wchar: 19588904345
syscr: 9151673
syscw: 551100
read_bytes: 15175854592
write_bytes: 19590897664
cancelled_write_bytes: 0

[2020-01-24T23:10:45-08:00]
rchar: 76734962348
wchar: 20009991704
syscr: 9273703
syscw: 559369
read_bytes: 15275231744
write_bytes: 20012023808
cancelled_write_bytes: 0

[2020-01-24T23:10:48-08:00]
rchar: 78368663947
wchar: 20387125766
syscr: 9471762
syscw: 569043
read_bytes: 15412443648
write_bytes: 20389183488
cancelled_write_bytes: 0

[2020-01-24T23:10:51-08:00]
rchar: 80466266990
wchar: 20902943028
syscr: 9726097
syscw: 580822
read_bytes: 15587940864
write_bytes: 20905041920
cancelled_write_bytes: 0

[2020-01-24T23:10:54-08:00]
rchar: 81833224317
wchar: 21385506404
syscr: 9891844
syscw: 589478
read_bytes: 15701404160
write_bytes: 21387628544
cancelled_write_bytes: 0

[2020-01-24T23:10:57-08:00]
rchar: 84048470086
wchar: 21885047415
syscr: 10160356
syscw: 601405
read_bytes: 15867652608
write_bytes: 21887213568
cancelled_write_bytes: 0

[2020-01-24T23:11:00-08:00]
rchar: 85694885177
wchar: 22276212829
syscr: 10359349
syscw: 611568
read_bytes: 16001595904
write_bytes: 22278438912
cancelled_write_bytes: 0

[2020-01-24T23:11:03-08:00]
rchar: 86618799608
wchar: 22665579431
syscr: 10471369
syscw: 620572
read_bytes: 16141240832
write_bytes: 22667833344
cancelled_write_bytes: 0

[2020-01-24T23:11:06-08:00]
rchar: 88322257157
wchar: 23080585979
syscr: 10677816
syscw: 632860
read_bytes: 16336419328
write_bytes: 23082893312
cancelled_write_bytes: 0

[2020-01-24T23:11:09-08:00]
rchar: 90085408146
wchar: 23502122821
syscr: 10891556
syscw: 645040
read_bytes: 16553347584
write_bytes: 23504478208
cancelled_write_bytes: 0

[2020-01-24T23:11:12-08:00]
rchar: 90442227595
wchar: 23724466527
syscr: 10934822
syscw: 650005
read_bytes: 16616409600
write_bytes: 23726821376
cancelled_write_bytes: 0

[2020-01-24T23:11:15-08:00]
rchar: 92392704123
wchar: 24036930027
syscr: 11171240
syscw: 660788
read_bytes: 16878643712
write_bytes: 24039317504
cancelled_write_bytes: 0

[2020-01-24T23:11:18-08:00]
rchar: 94288866112
wchar: 24478856212
syscr: 11401093
syscw: 672460
read_bytes: 17057081856
write_bytes: 24481300480
cancelled_write_bytes: 0

[2020-01-24T23:11:21-08:00]
rchar: 95249733271
wchar: 24951281867
syscr: 11517516
syscw: 680307
read_bytes: 17132960256
write_bytes: 24953769984
cancelled_write_bytes: 0

[2020-01-24T23:11:24-08:00]
rchar: 96319685296
wchar: 25321511973
syscr: 11647260
syscw: 687556
read_bytes: 17231264256
write_bytes: 25324273664
cancelled_write_bytes: 0

[2020-01-24T23:11:27-08:00]
rchar: 98537283733
wchar: 25666472013
syscr: 11916073
syscw: 698720
read_bytes: 17527659008
write_bytes: 25669054464
cancelled_write_bytes: 0

[2020-01-24T23:11:30-08:00]
rchar: 99927288090
wchar: 25989316124
syscr: 12084612
syscw: 707613
read_bytes: 17699842560
write_bytes: 25991921664
cancelled_write_bytes: 0

[2020-01-24T23:11:33-08:00]
rchar: 102176383233
wchar: 26386553243
syscr: 12357176
syscw: 717689
read_bytes: 17878137344
write_bytes: 26389209088
cancelled_write_bytes: 0

[2020-01-24T23:11:36-08:00]
rchar: 104186885880
wchar: 26792689071
syscr: 12600949
syscw: 728298
read_bytes: 18014788096
write_bytes: 26796404736
cancelled_write_bytes: 0

[2020-01-24T23:11:39-08:00]
rchar: 105670717460
wchar: 27282103806
syscr: 12780864
syscw: 737188
read_bytes: 18113366528
write_bytes: 27285753856
cancelled_write_bytes: 0

[2020-01-24T23:11:42-08:00]
rchar: 107191414782
wchar: 27617371521
syscr: 12965159
syscw: 745407
read_bytes: 18200459776
write_bytes: 27620098048
cancelled_write_bytes: 0

[2020-01-24T23:11:45-08:00]
rchar: 109849092136
wchar: 28146607806
syscr: 13287402
syscw: 757595
read_bytes: 18356914688
write_bytes: 28149374976
cancelled_write_bytes: 0

[2020-01-24T23:11:48-08:00]
rchar: 111085133443
wchar: 28486030115
syscr: 13436581
syscw: 767232
read_bytes: 18541054464
write_bytes: 28488822784
cancelled_write_bytes: 0

[2020-01-24T23:11:51-08:00]
rchar: 112680366348
wchar: 28949993750
syscr: 13629889
syscw: 779228
read_bytes: 18700732928
write_bytes: 28952866816
cancelled_write_bytes: 0

[2020-01-24T23:11:54-08:00]
rchar: 114189242164
wchar: 29323456561
syscr: 13812822
syscw: 790939
read_bytes: 18853861888
write_bytes: 29326340096
cancelled_write_bytes: 0

[2020-01-24T23:11:57-08:00]
rchar: 115071737588
wchar: 29746395854
syscr: 13919715
syscw: 799469
read_bytes: 18939185664
write_bytes: 29749325824
cancelled_write_bytes: 0

[2020-01-24T23:12:00-08:00]
rchar: 117313656155
wchar: 30237822933
syscr: 14191530
syscw: 813198
read_bytes: 19125402112
write_bytes: 30240800768
cancelled_write_bytes: 0

[2020-01-24T23:12:03-08:00]
rchar: 119016973132
wchar: 30604624566
syscr: 14398033
syscw: 824366
read_bytes: 19271408128
write_bytes: 30607646720
cancelled_write_bytes: 0

[2020-01-24T23:12:06-08:00]
rchar: 119751331647
wchar: 31039453730
syscr: 14486969
syscw: 830737
read_bytes: 19320531456
write_bytes: 31042531328
cancelled_write_bytes: 0

[2020-01-24T23:12:09-08:00]
rchar: 121297633660
wchar: 31637630548
syscr: 14674399
syscw: 840207
read_bytes: 19403532800
write_bytes: 31640776704
cancelled_write_bytes: 0

[2020-01-24T23:12:12-08:00]
rchar: 122721385888
wchar: 31975192914
syscr: 14846998
syscw: 848226
read_bytes: 19501222400
write_bytes: 31978369024
cancelled_write_bytes: 0

[2020-01-24T23:12:16-08:00]
rchar: 124857114442
wchar: 32532323867
syscr: 15105961
syscw: 860090
read_bytes: 19643890176
write_bytes: 32535539712
cancelled_write_bytes: 0

[2020-01-24T23:12:19-08:00]
rchar: 126153803640
wchar: 32989447397
syscr: 15263100
syscw: 869017
read_bytes: 19728333312
write_bytes: 32992690176
cancelled_write_bytes: 0

[2020-01-24T23:12:22-08:00]
rchar: 128723643111
wchar: 33564209993
syscr: 15574693
syscw: 881845
read_bytes: 19879537152
write_bytes: 33567490048
cancelled_write_bytes: 0

[2020-01-24T23:12:25-08:00]
rchar: 129966033514
wchar: 33893549596
syscr: 15724670
syscw: 892247
read_bytes: 20009732608
write_bytes: 33896873984
cancelled_write_bytes: 0

[2020-01-24T23:12:28-08:00]
rchar: 130970673418
wchar: 34321723231
syscr: 15846386
syscw: 901527
read_bytes: 20110289408
write_bytes: 34325098496
cancelled_write_bytes: 0

[2020-01-24T23:12:31-08:00]
rchar: 132990830567
wchar: 34714270470
syscr: 16091319
syscw: 914565
read_bytes: 20347378176
write_bytes: 34717687808
cancelled_write_bytes: 0

[2020-01-24T23:12:34-08:00]
rchar: 134021244126
wchar: 35151530716
syscr: 16216239
syscw: 923479
read_bytes: 20441692672
write_bytes: 35155009536
cancelled_write_bytes: 0

[2020-01-24T23:12:37-08:00]
rchar: 136263023578
wchar: 35524384218
syscr: 16487945
syscw: 936080
read_bytes: 20662344192
write_bytes: 35527897088
cancelled_write_bytes: 0

[2020-01-24T23:12:40-08:00]
rchar: 137967519059
wchar: 35891707957
syscr: 16694587
syscw: 946040
read_bytes: 20794669568
write_bytes: 35895259136
cancelled_write_bytes: 0

[2020-01-24T23:12:43-08:00]
rchar: 138441052929
wchar: 36185962436
syscr: 16751923
syscw: 950778
read_bytes: 20828913152
write_bytes: 36189544448
cancelled_write_bytes: 0

[2020-01-24T23:12:46-08:00]
rchar: 140383134025
wchar: 36767125973
syscr: 16987369
syscw: 962392
read_bytes: 20938370560
write_bytes: 36771356672
cancelled_write_bytes: 0

[2020-01-24T23:12:49-08:00]
rchar: 142825914561
wchar: 37310976328
syscr: 17283516
syscw: 975564
read_bytes: 21096357376
write_bytes: 37314904064
cancelled_write_bytes: 0

[2020-01-24T23:12:52-08:00]
rchar: 143547794598
wchar: 37509639029
syscr: 17371049
syscw: 980079
read_bytes: 21140164096
write_bytes: 37513351168
cancelled_write_bytes: 0

[2020-01-24T23:12:55-08:00]
rchar: 145216482350
wchar: 38025036305
syscr: 17573295
syscw: 990119
read_bytes: 21235555840
write_bytes: 38028783616
cancelled_write_bytes: 0

[2020-01-24T23:12:58-08:00]
rchar: 147925335851
wchar: 38596411543
syscr: 17901740
syscw: 1003374
read_bytes: 21383499264
write_bytes: 38600196096
cancelled_write_bytes: 0

[2020-01-24T23:13:01-08:00]
rchar: 149194456029
wchar: 39006564853
syscr: 18054998
syscw: 1012307
read_bytes: 21478944256
write_bytes: 39010394112
cancelled_write_bytes: 0

[2020-01-24T23:13:04-08:00]
rchar: 149903924477
wchar: 39303403484
syscr: 18140922
syscw: 1018940
read_bytes: 21538606592
write_bytes: 39307280384
cancelled_write_bytes: 0

[2020-01-24T23:13:07-08:00]
rchar: 151905682100
wchar: 39797412818
syscr: 18383592
syscw: 1032828
read_bytes: 21708619264
write_bytes: 39801352192
cancelled_write_bytes: 0

[2020-01-24T23:13:10-08:00]
rchar: 153237025739
wchar: 40218900542
syscr: 18544991
syscw: 1043217
read_bytes: 21825297920
write_bytes: 40222887936
cancelled_write_bytes: 0

[2020-01-24T23:13:13-08:00]
rchar: 154461558732
wchar: 40570534534
syscr: 18693386
syscw: 1053179
read_bytes: 21915393536
write_bytes: 40574550016
cancelled_write_bytes: 0

[2020-01-24T23:13:16-08:00]
rchar: 156658050795
wchar: 41071771664
syscr: 18959642
syscw: 1066973
read_bytes: 22072835584
write_bytes: 41075843072
cancelled_write_bytes: 0

[2020-01-24T23:13:19-08:00]
rchar: 157913249078
wchar: 41543482563
syscr: 19111843
syscw: 1076757
read_bytes: 22163258880
write_bytes: 41547575296
cancelled_write_bytes: 0

[2020-01-24T23:13:22-08:00]
rchar: 159293347029
wchar: 41914338076
syscr: 19279065
syscw: 1085562
read_bytes: 22240595456
write_bytes: 41918492672
cancelled_write_bytes: 0

[2020-01-24T23:13:25-08:00]
rchar: 161644335544
wchar: 42408943915
syscr: 19564086
syscw: 1098322
read_bytes: 22382808576
write_bytes: 42413137920
cancelled_write_bytes: 0

[2020-01-24T23:13:28-08:00]
rchar: 163011868764
wchar: 42861270103
syscr: 19729905
syscw: 1107138
read_bytes: 22461468160
write_bytes: 42865496064
cancelled_write_bytes: 0

[2020-01-24T23:13:31-08:00]
rchar: 164127749948
wchar: 43155622301
syscr: 19865121
syscw: 1113872
read_bytes: 22519930368
write_bytes: 43159875584
cancelled_write_bytes: 0

[2020-01-24T23:13:34-08:00]
rchar: 166901610437
wchar: 43713277285
syscr: 20201450
syscw: 1127404
read_bytes: 22662016512
write_bytes: 43717582848
cancelled_write_bytes: 0

[2020-01-24T23:13:37-08:00]
rchar: 168437611793
wchar: 44151374946
syscr: 20387056
syscw: 1136563
read_bytes: 22761389568
write_bytes: 44155719680
cancelled_write_bytes: 0

[2020-01-24T23:13:40-08:00]
rchar: 169070636117
wchar: 44418985247
syscr: 20463712
syscw: 1143123
read_bytes: 22812388864
write_bytes: 44423360512
cancelled_write_bytes: 0

[2020-01-24T23:13:43-08:00]
rchar: 171147598301
wchar: 44907068816
syscr: 20715518
syscw: 1157233
read_bytes: 22976462336
write_bytes: 44911489024
cancelled_write_bytes: 0

[2020-01-24T23:13:46-08:00]
rchar: 172385519430
wchar: 45344648980
syscr: 20865599
syscw: 1166708
read_bytes: 23076953600
write_bytes: 45349097472
cancelled_write_bytes: 0

[2020-01-24T23:13:49-08:00]
rchar: 174009890409
wchar: 45738965476
syscr: 21062441
syscw: 1177582
read_bytes: 23183134208
write_bytes: 45743456256
cancelled_write_bytes: 0

[2020-01-24T23:13:52-08:00]
rchar: 176147752455
wchar: 46180946423
syscr: 21321634
syscw: 1190649
read_bytes: 23326608896
write_bytes: 46185484288
cancelled_write_bytes: 0

[2020-01-24T23:13:55-08:00]
rchar: 177236545796
wchar: 46639354481
syscr: 21453548
syscw: 1199180
read_bytes: 23392497152
write_bytes: 46643949568
cancelled_write_bytes: 0

[2020-01-24T23:13:58-08:00]
rchar: 178673650684
wchar: 47086882113
syscr: 21627761
syscw: 1207923
read_bytes: 23461334528
write_bytes: 47091523584
cancelled_write_bytes: 0

[2020-01-24T23:14:01-08:00]
rchar: 180900014628
wchar: 47562526142
syscr: 21897664
syscw: 1220631
read_bytes: 23583788544
write_bytes: 47567216640
cancelled_write_bytes: 0

[2020-01-24T23:14:04-08:00]
rchar: 182459760050
wchar: 48078424326
syscr: 22086787
syscw: 1230709
read_bytes: 23666118144
write_bytes: 48083144704
cancelled_write_bytes: 0

[2020-01-24T23:14:07-08:00]
rchar: 183638577946
wchar: 48378281492
syscr: 22229635
syscw: 1237908
read_bytes: 23722966528
write_bytes: 48383315968
cancelled_write_bytes: 0

[2020-01-24T23:14:10-08:00]
rchar: 186505819938
wchar: 48929958615
syscr: 22577285
syscw: 1251380
read_bytes: 23861820928
write_bytes: 48935120896
cancelled_write_bytes: 0

[2020-01-24T23:14:13-08:00]
rchar: 187995858557
wchar: 49277540429
syscr: 22757305
syscw: 1259844
read_bytes: 23939309056
write_bytes: 49282363392
cancelled_write_bytes: 0

[2020-01-24T23:14:16-08:00]
rchar: 188828478515
wchar: 49704666768
syscr: 22858160
syscw: 1268001
read_bytes: 24001560064
write_bytes: 49709539328
cancelled_write_bytes: 0

[2020-01-24T23:14:19-08:00]
rchar: 190621401115
wchar: 50138061874
syscr: 23075538
syscw: 1281778
read_bytes: 24131722752
write_bytes: 50142982144
cancelled_write_bytes: 0

[2020-01-24T23:14:22-08:00]
rchar: 191910157630
wchar: 50457505182
syscr: 23231783
syscw: 1291372
read_bytes: 24228081152
write_bytes: 50462449664
cancelled_write_bytes: 0

[2020-01-24T23:14:25-08:00]
rchar: 193463737167
wchar: 50952510024
syscr: 23420038
syscw: 1303557
read_bytes: 24330378752
write_bytes: 50957504512
cancelled_write_bytes: 0

[2020-01-24T23:14:28-08:00]
rchar: 195463599520
wchar: 51387640490
syscr: 23662493
syscw: 1316286
read_bytes: 24453082624
write_bytes: 51392684032
cancelled_write_bytes: 0

[2020-01-24T23:14:31-08:00]
rchar: 196746334584
wchar: 51850209563
syscr: 23817992
syscw: 1326386
read_bytes: 24531267072
write_bytes: 51855286272
cancelled_write_bytes: 0

[2020-01-24T23:14:34-08:00]
rchar: 198104019338
wchar: 52383016531
syscr: 23982540
syscw: 1335132
read_bytes: 24589491712
write_bytes: 52388147200
cancelled_write_bytes: 0

[2020-01-24T23:14:37-08:00]
rchar: 199758313303
wchar: 52977963967
syscr: 24183049
syscw: 1345380
read_bytes: 24681790976
write_bytes: 52983185408
cancelled_write_bytes: 0

[2020-01-24T23:14:40-08:00]
rchar: 201449828880
wchar: 53552586234
syscr: 24388143
syscw: 1356143
read_bytes: 24880360960
write_bytes: 53557850112
cancelled_write_bytes: 0

[2020-01-24T23:14:43-08:00]
rchar: 202528208938
wchar: 53876765628
syscr: 24518884
syscw: 1363400
read_bytes: 25014828544
write_bytes: 53882064896
cancelled_write_bytes: 0

[2020-01-24T23:14:46-08:00]
rchar: 203527213000
wchar: 54228235011
syscr: 24639927
syscw: 1371151
read_bytes: 25123098112
write_bytes: 54233583616
cancelled_write_bytes: 0

[2020-01-24T23:14:49-08:00]
rchar: 206105046577
wchar: 54627274686
syscr: 24952402
syscw: 1382597
read_bytes: 25370631680
write_bytes: 54632673280
cancelled_write_bytes: 0

[2020-01-24T23:14:52-08:00]
rchar: 208104353236
wchar: 54935233902
syscr: 25194757
syscw: 1391197
read_bytes: 25470082560
write_bytes: 54940655616
cancelled_write_bytes: 0

[2020-01-24T23:14:55-08:00]
rchar: 209406510493
wchar: 55343286378
syscr: 25352559
syscw: 1400015
read_bytes: 25525784064
write_bytes: 55348744192
cancelled_write_bytes: 0

[2020-01-24T23:14:58-08:00]
rchar: 211669595492
wchar: 55789142582
syscr: 25626955
syscw: 1410986
read_bytes: 25612017152
write_bytes: 55794626560
cancelled_write_bytes: 0

[2020-01-24T23:15:01-08:00]
rchar: 214470773743
wchar: 56309888373
syscr: 25966591
syscw: 1424092
read_bytes: 25717108224
write_bytes: 56315400192
cancelled_write_bytes: 0

[2020-01-24T23:15:04-08:00]
rchar: 215904339530
wchar: 56764748121
syscr: 26140325
syscw: 1432674
read_bytes: 25769709056
write_bytes: 56770289664
cancelled_write_bytes: 0

[2020-01-24T23:15:07-08:00]
rchar: 217870227644
wchar: 57127288354
syscr: 26377998
syscw: 1443219
read_bytes: 25854852608
write_bytes: 57132879872
cancelled_write_bytes: 0

[2020-01-24T23:15:10-08:00]
rchar: 219805944308
wchar: 57621335901
syscr: 26612683
syscw: 1457243
read_bytes: 25978781184
write_bytes: 57626972160
cancelled_write_bytes: 0

[2020-01-24T23:15:13-08:00]
rchar: 220718480148
wchar: 58019943068
syscr: 26723218
syscw: 1465909
read_bytes: 26031394304
write_bytes: 58025615360
cancelled_write_bytes: 0

[2020-01-24T23:15:16-08:00]
rchar: 222903568070
wchar: 58474527434
syscr: 26988134
syscw: 1479377
read_bytes: 26151345664
write_bytes: 58480242688
cancelled_write_bytes: 0

[2020-01-24T23:15:19-08:00]
rchar: 224361534839
wchar: 58836765196
syscr: 27164887
syscw: 1488332
read_bytes: 26230779392
write_bytes: 58842660864
cancelled_write_bytes: 0

[2020-01-24T23:15:22-08:00]
rchar: 225274509887
wchar: 59334348666
syscr: 27275477
syscw: 1495621
read_bytes: 26264399360
write_bytes: 59340136448
cancelled_write_bytes: 0

[2020-01-24T23:15:25-08:00]
rchar: 226539151091
wchar: 59906639087
syscr: 27428832
syscw: 1503624
read_bytes: 26304388608
write_bytes: 59912491008
cancelled_write_bytes: 0

[2020-01-24T23:15:28-08:00]
rchar: 227644166949
wchar: 60463707289
syscr: 27562831
syscw: 1510681
read_bytes: 26335481344
write_bytes: 60469608448
cancelled_write_bytes: 0

[2020-01-24T23:15:31-08:00]
rchar: 229544063262
wchar: 60916347588
syscr: 27792996
syscw: 1521053
read_bytes: 26420305408
write_bytes: 60922331136
cancelled_write_bytes: 0

[2020-01-24T23:15:34-08:00]
rchar: 230697358340
wchar: 61207576918
syscr: 27932835
syscw: 1528864
read_bytes: 26470981120
write_bytes: 61213577216
cancelled_write_bytes: 0

[2020-01-24T23:15:37-08:00]
rchar: 232617407738
wchar: 61774087430
syscr: 28165557
syscw: 1540751
read_bytes: 26551442944
write_bytes: 61780140032
cancelled_write_bytes: 0

[2020-01-24T23:15:40-08:00]
rchar: 235387796426
wchar: 62396554100
syscr: 28501469
syscw: 1554441
read_bytes: 26657185280
write_bytes: 62402662400
cancelled_write_bytes: 0

[2020-01-24T23:15:43-08:00]
rchar: 236731597628
wchar: 62713346885
syscr: 28664406
syscw: 1561456
read_bytes: 26709233152
write_bytes: 62719459328
cancelled_write_bytes: 0

[2020-01-24T23:15:46-08:00]
rchar: 237866196724
wchar: 63153913172
syscr: 28801257
syscw: 1571831
read_bytes: 26776514048
write_bytes: 63160066048
cancelled_write_bytes: 0

[2020-01-24T23:15:49-08:00]
rchar: 240164752200
wchar: 63681545936
syscr: 29079914
syscw: 1587960
read_bytes: 26917182976
write_bytes: 63687757824
cancelled_write_bytes: 0

[2020-01-24T23:15:52-08:00]
rchar: 241060391242
wchar: 64103587576
syscr: 29188494
syscw: 1596267
read_bytes: 26968747520
write_bytes: 64110112768
cancelled_write_bytes: 0

[2020-01-24T23:15:55-08:00]
rchar: 242762148817
wchar: 64434069601
syscr: 29394719
syscw: 1608064
read_bytes: 27056999936
write_bytes: 64440356864
cancelled_write_bytes: 0

[2020-01-24T23:15:58-08:00]
rchar: 244965430158
wchar: 64917024650
syscr: 29661839
syscw: 1622121
read_bytes: 27169431040
write_bytes: 64923353088
cancelled_write_bytes: 0

[2020-01-24T23:16:01-08:00]
rchar: 246090905766
wchar: 65518888305
syscr: 29798197
syscw: 1630780
read_bytes: 27216731648
write_bytes: 65525272576
cancelled_write_bytes: 0

[2020-01-24T23:16:04-08:00]
rchar: 247206671703
wchar: 65968885737
syscr: 29933496
syscw: 1638885
read_bytes: 27271208448
write_bytes: 65975300096
cancelled_write_bytes: 0

[2020-01-24T23:16:07-08:00]
rchar: 248980033322
wchar: 66675954037
syscr: 30148431
syscw: 1649674
read_bytes: 27388571136
write_bytes: 66682458112
cancelled_write_bytes: 0

[2020-01-24T23:16:10-08:00]
rchar: 250284971943
wchar: 67152438053
syscr: 30306663
syscw: 1658415
read_bytes: 27520253440
write_bytes: 67159003136
cancelled_write_bytes: 0

[2020-01-24T23:16:13-08:00]
rchar: 251728833885
wchar: 67715465079
syscr: 30481746
syscw: 1667364
read_bytes: 27659062784
write_bytes: 67722067968
cancelled_write_bytes: 0

[2020-01-24T23:16:16-08:00]
rchar: 252705830887
wchar: 68111809856
syscr: 30600215
syscw: 1674506
read_bytes: 27752713728
write_bytes: 68118429696
cancelled_write_bytes: 0

[2020-01-24T23:16:19-08:00]
rchar: 253852028675
wchar: 68534991275
syscr: 30739106
syscw: 1683251
read_bytes: 27866619392
write_bytes: 68541652992
cancelled_write_bytes: 0

[2020-01-24T23:16:22-08:00]
rchar: 255517565447
wchar: 69059612141
syscr: 30941042
syscw: 1692482
read_bytes: 28043079168
write_bytes: 69066358784
cancelled_write_bytes: 0

[2020-01-24T23:16:25-08:00]
rchar: 257045330503
wchar: 69474930962
syscr: 31126262
syscw: 1702343
read_bytes: 28201360896
write_bytes: 69481680896
cancelled_write_bytes: 0

[2020-01-24T23:16:28-08:00]
rchar: 258565532117
wchar: 69983477541
syscr: 31310561
syscw: 1711031
read_bytes: 28353981952
write_bytes: 69990289408
cancelled_write_bytes: 0

[2020-01-24T23:16:31-08:00]
rchar: 259680790919
wchar: 70418076282
syscr: 31445792
syscw: 1719283
read_bytes: 28448747008
write_bytes: 70424915968
cancelled_write_bytes: 0

[2020-01-24T23:16:34-08:00]
rchar: 261271484433
wchar: 70854578602
syscr: 31638587
syscw: 1728099
read_bytes: 28589653504
write_bytes: 70861807616
cancelled_write_bytes: 0

[2020-01-24T23:16:37-08:00]
rchar: 263347015744
wchar: 71483587442
syscr: 31890257
syscw: 1738637
read_bytes: 28771802624
write_bytes: 71490514944
cancelled_write_bytes: 0

[2020-01-24T23:16:40-08:00]
rchar: 264855407303
wchar: 71858277042
syscr: 32073126
syscw: 1747844
read_bytes: 28883004928
write_bytes: 71865270272
cancelled_write_bytes: 0

[2020-01-24T23:16:43-08:00]
rchar: 266321602334
wchar: 72288868081
syscr: 32250885
syscw: 1756183
read_bytes: 28997754368
write_bytes: 72296906752
cancelled_write_bytes: 0

[2020-01-24T23:16:46-08:00]
rchar: 267420045934
wchar: 72656708194
syscr: 32383989
syscw: 1763671
read_bytes: 29072870912
write_bytes: 72663760896
cancelled_write_bytes: 0

[2020-01-24T23:16:49-08:00]
rchar: 269088350503
wchar: 73223826138
syscr: 32585584
syscw: 1774224
read_bytes: 29236919808
write_bytes: 73230979072
cancelled_write_bytes: 0

[2020-01-24T23:16:52-08:00]
rchar: 271142374932
wchar: 73441802499
syscr: 32834379
syscw: 1784642
read_bytes: 29365198336
write_bytes: 73449025536
cancelled_write_bytes: 0

[2020-01-24T23:16:55-08:00]
rchar: 271661092448
wchar: 73727889502
syscr: 32897276
syscw: 1789628
read_bytes: 29386534400
write_bytes: 73735118848
cancelled_write_bytes: 0

[2020-01-24T23:16:58-08:00]
rchar: 274466842271
wchar: 74205950850
syscr: 33237356
syscw: 1804099
read_bytes: 29493325312
write_bytes: 74213236736
cancelled_write_bytes: 0

[2020-01-24T23:17:01-08:00]
rchar: 276341097434
wchar: 74587842821
syscr: 33464584
syscw: 1814210
read_bytes: 29561511424
write_bytes: 74595164160
cancelled_write_bytes: 0

[2020-01-24T23:17:04-08:00]
rchar: 277510986728
wchar: 74934670398
syscr: 33606318
syscw: 1822210
read_bytes: 29603192320
write_bytes: 74942025728
cancelled_write_bytes: 0

[2020-01-24T23:17:07-08:00]
rchar: 280781509712
wchar: 75544077831
syscr: 34002868
syscw: 1837023
read_bytes: 29707378176
write_bytes: 75551465472
cancelled_write_bytes: 0

[2020-01-24T23:17:10-08:00]
rchar: 282270307217
wchar: 75844561079
syscr: 34183386
syscw: 1845784
read_bytes: 29753576960
write_bytes: 75851988992
cancelled_write_bytes: 0

[2020-01-24T23:17:13-08:00]
rchar: 284608531543
wchar: 76418033517
syscr: 34466808
syscw: 1857967
read_bytes: 29822144000
write_bytes: 76425498624
cancelled_write_bytes: 0

[2020-01-24T23:17:16-08:00]
rchar: 286996233011
wchar: 76877443546
syscr: 34756317
syscw: 1869508
read_bytes: 29887536640
write_bytes: 76884938752
cancelled_write_bytes: 0

[2020-01-24T23:17:19-08:00]
rchar: 289214343412
wchar: 77314943164
syscr: 35025261
syscw: 1879677
read_bytes: 29949017600
write_bytes: 77322461184
cancelled_write_bytes: 0

[2020-01-24T23:17:22-08:00]
rchar: 290595151162
wchar: 77628367906
syscr: 35191741
syscw: 1886681
read_bytes: 29984792064
write_bytes: 77635915776
cancelled_write_bytes: 0

[2020-01-24T23:17:25-08:00]
rchar: 293067811712
wchar: 78159012758
syscr: 35491517
syscw: 1903544
read_bytes: 30107782656
write_bytes: 78167650304
cancelled_write_bytes: 0

[2020-01-24T23:17:28-08:00]
rchar: 293852798233
wchar: 78506532148
syscr: 35586619
syscw: 1911666
read_bytes: 30146346496
write_bytes: 78514147328
cancelled_write_bytes: 0

[2020-01-24T23:17:31-08:00]
rchar: 296257637491
wchar: 78946032573
syscr: 35878159
syscw: 1927109
read_bytes: 30244253184
write_bytes: 78953697280
cancelled_write_bytes: 0

[2020-01-24T23:17:34-08:00]
rchar: 297863630091
wchar: 79370003476
syscr: 36072865
syscw: 1937605
read_bytes: 30309694976
write_bytes: 79377707008
cancelled_write_bytes: 0

[2020-01-24T23:17:37-08:00]
rchar: 298883158611
wchar: 79869827380
syscr: 36196411
syscw: 1945294
read_bytes: 30336454144
write_bytes: 79877570560
cancelled_write_bytes: 0

[2020-01-24T23:17:40-08:00]
rchar: 300018234125
wchar: 80346639691
syscr: 36334052
syscw: 1953472
read_bytes: 30363266560
write_bytes: 80354447360
cancelled_write_bytes: 0

[2020-01-24T23:17:43-08:00]
rchar: 301386623296
wchar: 80967220820
syscr: 36499950
syscw: 1962458
read_bytes: 30394215936
write_bytes: 80975056896
cancelled_write_bytes: 0

[2020-01-24T23:17:46-08:00]
rchar: 302588771399
wchar: 81503029882
syscr: 36645726
syscw: 1970724
read_bytes: 30421323264
write_bytes: 81511174144
cancelled_write_bytes: 0

[2020-01-24T23:17:49-08:00]
rchar: 303477700890
wchar: 81899555874
syscr: 36753521
syscw: 1977162
read_bytes: 30441217536
write_bytes: 81907490816
cancelled_write_bytes: 0

[2020-01-24T23:17:52-08:00]
rchar: 304514085317
wchar: 82336460781
syscr: 36878967
syscw: 1984664
read_bytes: 30466448896
write_bytes: 82344501248
cancelled_write_bytes: 0

[2020-01-24T23:17:55-08:00]
rchar: 305537101055
wchar: 82744840460
syscr: 37002907
syscw: 1992641
read_bytes: 30526402048
write_bytes: 82752933888
cancelled_write_bytes: 0

[2020-01-24T23:17:58-08:00]
rchar: 306648610207
wchar: 83238849314
syscr: 37137686
syscw: 2001139
read_bytes: 30598086144
write_bytes: 83246972928
cancelled_write_bytes: 0

[2020-01-24T23:18:01-08:00]
rchar: 308346761906
wchar: 83842904652
syscr: 37343516
syscw: 2011192
read_bytes: 30702747136
write_bytes: 83851067392
cancelled_write_bytes: 0

[2020-01-24T23:18:04-08:00]
rchar: 310123498429
wchar: 84445174080
syscr: 37558956
syscw: 2021615
read_bytes: 30815743488
write_bytes: 84453376000
cancelled_write_bytes: 0

[2020-01-24T23:18:07-08:00]
rchar: 311719767393
wchar: 84919259443
syscr: 37752476
syscw: 2032179
read_bytes: 30923300352
write_bytes: 84927520768
cancelled_write_bytes: 0

[2020-01-24T23:18:10-08:00]
rchar: 312719226274
wchar: 85236929653
syscr: 37873671
syscw: 2040113
read_bytes: 30983020032
write_bytes: 85245272064
cancelled_write_bytes: 0

[2020-01-24T23:18:13-08:00]
rchar: 314299099405
wchar: 85812858435
syscr: 38065152
syscw: 2049975
read_bytes: 31076179456
write_bytes: 85821227008
cancelled_write_bytes: 0

[2020-01-24T23:18:16-08:00]
rchar: 316092269810
wchar: 86308888985
syscr: 38282578
syscw: 2059908
read_bytes: 31194488320
write_bytes: 86317277184
cancelled_write_bytes: 0

[2020-01-24T23:18:19-08:00]
rchar: 317980492820
wchar: 86829464275
syscr: 38511496
syscw: 2070382
read_bytes: 31323250176
write_bytes: 86837899264
cancelled_write_bytes: 0

[2020-01-24T23:18:22-08:00]
rchar: 319167521216
wchar: 87140941821
syscr: 38655437
syscw: 2077098
read_bytes: 31404375552
write_bytes: 87149441024
cancelled_write_bytes: 0

[2020-01-24T23:18:25-08:00]
rchar: 320588719850
wchar: 87623504877
syscr: 38827673
syscw: 2086252
read_bytes: 31492193792
write_bytes: 87632023552
cancelled_write_bytes: 0

[2020-01-24T23:18:28-08:00]
rchar: 322927487078
wchar: 88209588000
syscr: 39111208
syscw: 2097327
read_bytes: 31641185792
write_bytes: 88218140672
cancelled_write_bytes: 0

[2020-01-24T23:18:31-08:00]
rchar: 324607444959
wchar: 88581626950
syscr: 39314262
syscw: 2107764
read_bytes: 31755271680
write_bytes: 88590970880
cancelled_write_bytes: 0

[2020-01-24T23:18:34-08:00]
rchar: 326001445264
wchar: 89009587823
syscr: 39483297
syscw: 2116361
read_bytes: 31913967104
write_bytes: 89018224640
cancelled_write_bytes: 0

[2020-01-24T23:18:37-08:00]
rchar: 326827180522
wchar: 89381476738
syscr: 39583302
syscw: 2123761
read_bytes: 31982050816
write_bytes: 89390706688
cancelled_write_bytes: 0

[2020-01-24T23:18:41-08:00]
rchar: 328076233552
wchar: 89846150606
syscr: 39734754
syscw: 2131986
read_bytes: 32038649344
write_bytes: 89854853120
cancelled_write_bytes: 0

[2020-01-24T23:18:44-08:00]
rchar: 329830162489
wchar: 90522026991
syscr: 39947406
syscw: 2143332
read_bytes: 32109362688
write_bytes: 90530816000
cancelled_write_bytes: 0

[2020-01-24T23:18:47-08:00]
rchar: 330853532678
wchar: 90870630668
syscr: 40071501
syscw: 2151084
read_bytes: 32150654464
write_bytes: 90879463424
cancelled_write_bytes: 0

[2020-01-24T23:18:50-08:00]
rchar: 332617261466
wchar: 91554887114
syscr: 40285331
syscw: 2161935
read_bytes: 32223329792
write_bytes: 91563778048
cancelled_write_bytes: 0

[2020-01-24T23:18:53-08:00]
rchar: 333151626375
wchar: 91730671599
syscr: 40350129
syscw: 2166433
read_bytes: 32245562880
write_bytes: 91739574272
cancelled_write_bytes: 0

[2020-01-24T23:18:56-08:00]
rchar: 334419152581
wchar: 92250300318
syscr: 40503787
syscw: 2175748
read_bytes: 32299052544
write_bytes: 92259237888
cancelled_write_bytes: 0

[2020-01-24T23:18:59-08:00]
rchar: 335872445876
wchar: 92773541938
syscr: 40679850
syscw: 2185599
read_bytes: 32360300032
write_bytes: 92782555136
cancelled_write_bytes: 0

[2020-01-24T23:19:02-08:00]
rchar: 337159717486
wchar: 93185946039
syscr: 40835811
syscw: 2194175
read_bytes: 32417242624
write_bytes: 93195038720
cancelled_write_bytes: 0

[2020-01-24T23:19:05-08:00]
rchar: 339115390448
wchar: 93662702687
syscr: 41072744
syscw: 2206778
read_bytes: 32512486912
write_bytes: 93671878656
cancelled_write_bytes: 0

[2020-01-24T23:19:08-08:00]
rchar: 340313985408
wchar: 93979511229
syscr: 41217892
syscw: 2216095
read_bytes: 32571633152
write_bytes: 93988712448
cancelled_write_bytes: 0

[2020-01-24T23:19:11-08:00]
rchar: 343356589763
wchar: 94351733470
syscr: 41586657
syscw: 2228268
read_bytes: 32722292224
write_bytes: 94360985600
cancelled_write_bytes: 0

[2020-01-24T23:19:14-08:00]
rchar: 345538578855
wchar: 94610276800
syscr: 41851168
syscw: 2236294
read_bytes: 32776396288
write_bytes: 94619566080
cancelled_write_bytes: 0

[2020-01-24T23:19:17-08:00]
rchar: 347361831195
wchar: 94972979748
syscr: 42072148
syscw: 2245500
read_bytes: 32813665792
write_bytes: 94982291456
cancelled_write_bytes: 0

[2020-01-24T23:19:20-08:00]
rchar: 351267144969
wchar: 95550487058
syscr: 42545652
syscw: 2258721
read_bytes: 32892300800
write_bytes: 95559831552
cancelled_write_bytes: 0

[2020-01-24T23:19:23-08:00]
rchar: 352344103906
wchar: 95723646673
syscr: 42676232
syscw: 2264226
read_bytes: 32913411584
write_bytes: 95732998144
cancelled_write_bytes: 0

[2020-01-24T23:19:26-08:00]
rchar: 355340422795
wchar: 96312791469
syscr: 43039443
syscw: 2277416
read_bytes: 32968396288
write_bytes: 96322183168
cancelled_write_bytes: 0

[2020-01-24T23:19:29-08:00]
rchar: 358554653416
wchar: 96813420595
syscr: 43429156
syscw: 2289260
read_bytes: 33024261632
write_bytes: 96822845440
cancelled_write_bytes: 0

[2020-01-24T23:19:32-08:00]
rchar: 360353385637
wchar: 97207178014
syscr: 43646465
syscw: 2298577
read_bytes: 33058364928
write_bytes: 97216634880
cancelled_write_bytes: 0

[2020-01-24T23:19:35-08:00]
rchar: 362170249876
wchar: 97594123319
syscr: 43866661
syscw: 2310661
read_bytes: 33115278848
write_bytes: 97603608576
cancelled_write_bytes: 0

[2020-01-24T23:19:38-08:00]
rchar: 364416340642
wchar: 98018192429
syscr: 44138982
syscw: 2323410
read_bytes: 33185431040
write_bytes: 98027716608
cancelled_write_bytes: 0

[2020-01-24T23:19:41-08:00]
rchar: 365510798685
wchar: 98518165492
syscr: 44271586
syscw: 2331856
read_bytes: 33213591040
write_bytes: 98527748096
cancelled_write_bytes: 0

[2020-01-24T23:19:44-08:00]
rchar: 367301833821
wchar: 99258408841
syscr: 44488768
syscw: 2344004
read_bytes: 33246543360
write_bytes: 99268169728
cancelled_write_bytes: 0

[2020-01-24T23:19:47-08:00]
rchar: 368378821178
wchar: 99703007053
syscr: 44619361
syscw: 2351560
read_bytes: 33266310656
write_bytes: 99712675840
cancelled_write_bytes: 0

[2020-01-24T23:19:50-08:00]
rchar: 369709013475
wchar: 100256149083
syscr: 44780634
syscw: 2360862
read_bytes: 33290374656
write_bytes: 100265873408
cancelled_write_bytes: 0

[2020-01-24T23:19:53-08:00]
rchar: 370993300832
wchar: 100790854824
syscr: 44936302
syscw: 2370248
read_bytes: 33314250240
write_bytes: 100800659456
cancelled_write_bytes: 0

[2020-01-24T23:19:56-08:00]
rchar: 371361816993
wchar: 100874769960
syscr: 44980900
syscw: 2374158
read_bytes: 33323359744
write_bytes: 100884619264
cancelled_write_bytes: 0

[2020-01-24T23:19:59-08:00]
rchar: 373205231870
wchar: 101611077863
syscr: 45204205
syscw: 2387252
read_bytes: 33404128768
write_bytes: 101621039104
cancelled_write_bytes: 0

[2020-01-24T23:20:02-08:00]
rchar: 374878247795
wchar: 102012017821
syscr: 45407068
syscw: 2398516
read_bytes: 33485991424
write_bytes: 102022000640
cancelled_write_bytes: 0

[2020-01-24T23:20:05-08:00]
rchar: 377382794090
wchar: 102586551356
syscr: 45710729
syscw: 2410788
read_bytes: 33680567808
write_bytes: 102596599808
cancelled_write_bytes: 0

[2020-01-24T23:20:08-08:00]
rchar: 378329789832
wchar: 102865128144
syscr: 45825552
syscw: 2419040
read_bytes: 33728765440
write_bytes: 102875176960
cancelled_write_bytes: 0

[2020-01-24T23:20:11-08:00]
rchar: 381012824023
wchar: 103427718911
syscr: 46150792
syscw: 2432444
read_bytes: 33911045632
write_bytes: 103437803520
cancelled_write_bytes: 0

[2020-01-24T23:20:14-08:00]
rchar: 383194163849
wchar: 103814097701
syscr: 46415289
syscw: 2443811
read_bytes: 34042740224
write_bytes: 103824248832
cancelled_write_bytes: 0

[2020-01-24T23:20:17-08:00]
rchar: 384332120481
wchar: 104027609872
syscr: 46553268
syscw: 2449801
read_bytes: 34112351744
write_bytes: 104037773312
cancelled_write_bytes: 0

[2020-01-24T23:20:20-08:00]
rchar: 386565628851
wchar: 104542401219
syscr: 46824003
syscw: 2462298
read_bytes: 34228989440
write_bytes: 104552628224
cancelled_write_bytes: 0

[2020-01-24T23:20:23-08:00]
rchar: 389132385227
wchar: 105013469626
syscr: 47135221
syscw: 2472868
read_bytes: 34384088576
write_bytes: 105023700992
cancelled_write_bytes: 0

[2020-01-24T23:20:26-08:00]
rchar: 391264056965
wchar: 105321259045
syscr: 47393653
syscw: 2484179
read_bytes: 34485788160
write_bytes: 105331544064
cancelled_write_bytes: 0

[2020-01-24T23:20:29-08:00]
rchar: 393294528071
wchar: 105794334383
syscr: 47639767
syscw: 2495298
read_bytes: 34566012416
write_bytes: 105804660736
cancelled_write_bytes: 0

[2020-01-24T23:20:32-08:00]
rchar: 396292047055
wchar: 106423694885
syscr: 48003212
syscw: 2508328
read_bytes: 34684788224
write_bytes: 106434043904
cancelled_write_bytes: 0

[2020-01-24T23:20:35-08:00]
rchar: 398484828503
wchar: 106804390340
syscr: 48269045
syscw: 2519889
read_bytes: 34760318464
write_bytes: 106814763008
cancelled_write_bytes: 0

[2020-01-24T23:20:38-08:00]
rchar: 400067933379
wchar: 107152995332
syscr: 48460958
syscw: 2529695
read_bytes: 34800487936
write_bytes: 107163430912
cancelled_write_bytes: 0

[2020-01-24T23:20:41-08:00]
rchar: 402782332541
wchar: 107674834942
syscr: 48789939
syscw: 2541609
read_bytes: 34885422592
write_bytes: 107685298176
cancelled_write_bytes: 0

[2020-01-24T23:20:44-08:00]
rchar: 405093946349
wchar: 108014748259
syscr: 49070084
syscw: 2551931
read_bytes: 34941877760
write_bytes: 108025257984
cancelled_write_bytes: 0

[2020-01-24T23:20:47-08:00]
rchar: 408048658874
wchar: 108486777864
syscr: 49428193
syscw: 2564276
read_bytes: 34988109312
write_bytes: 108497354752
cancelled_write_bytes: 0

[2020-01-24T23:20:50-08:00]
rchar: 409801457967
wchar: 108874576157
syscr: 49640627
syscw: 2572754
read_bytes: 35010760192
write_bytes: 108885196800
cancelled_write_bytes: 0

[2020-01-24T23:20:53-08:00]
rchar: 414052780466
wchar: 109415514664
syscr: 50156081
syscw: 2585097
read_bytes: 35059744256
write_bytes: 109426163712
cancelled_write_bytes: 0

[2020-01-24T23:20:56-08:00]
rchar: 415928596298
wchar: 110048739172
syscr: 50382645
syscw: 2596410
read_bytes: 35088633344
write_bytes: 110059433984
cancelled_write_bytes: 0

[2020-01-24T23:20:59-08:00]
rchar: 417137928997
wchar: 110621826597
syscr: 50529285
syscw: 2607452
read_bytes: 35114073600
write_bytes: 110632529920
cancelled_write_bytes: 0

[2020-01-24T23:21:02-08:00]
rchar: 418041311637
wchar: 111061372808
syscr: 50638843
syscw: 2617086
read_bytes: 35133447680
write_bytes: 111072165888
cancelled_write_bytes: 0

[2020-01-24T23:21:05-08:00]
rchar: 419785660240
wchar: 111867440818
syscr: 50850275
syscw: 2630996
read_bytes: 35165421056
write_bytes: 111878246400
cancelled_write_bytes: 0

[2020-01-24T23:21:08-08:00]
rchar: 420855986155
wchar: 112306898399
syscr: 50980071
syscw: 2639768
read_bytes: 35183857152
write_bytes: 112317779968
cancelled_write_bytes: 0

[2020-01-24T23:21:11-08:00]
rchar: 421616332739
wchar: 112594577222
syscr: 51072249
syscw: 2646420
read_bytes: 35198242304
write_bytes: 112605474816
cancelled_write_bytes: 0

[2020-01-24T23:21:14-08:00]
rchar: 422896047168
wchar: 113151663377
syscr: 51227398
syscw: 2657854
read_bytes: 35221999104
write_bytes: 113162616832
cancelled_write_bytes: 0

[2020-01-24T23:21:17-08:00]
rchar: 424033525828
wchar: 113684952736
syscr: 51365268
syscw: 2667985
read_bytes: 35242548736
write_bytes: 113695965184
cancelled_write_bytes: 0

[2020-01-24T23:21:20-08:00]
rchar: 424949077366
wchar: 114020643245
syscr: 51476024
syscw: 2676054
read_bytes: 35258170880
write_bytes: 114031706112
cancelled_write_bytes: 0

[2020-01-24T23:21:23-08:00]
rchar: 426881629310
wchar: 114678993125
syscr: 51710132
syscw: 2690234
read_bytes: 35318144512
write_bytes: 114690207744
cancelled_write_bytes: 0

[2020-01-24T23:21:26-08:00]
rchar: 427651635091
wchar: 114872112637
syscr: 51803501
syscw: 2697357
read_bytes: 35347406336
write_bytes: 114883338240
cancelled_write_bytes: 0

[2020-01-24T23:21:29-08:00]
rchar: 429094943515
wchar: 115391369879
syscr: 51978424
syscw: 2709377
read_bytes: 35412209152
write_bytes: 115402616832
cancelled_write_bytes: 0

[2020-01-24T23:21:32-08:00]
rchar: 431567309686
wchar: 115922791996
syscr: 52278125
syscw: 2722832
read_bytes: 35565534720
write_bytes: 115934072832
cancelled_write_bytes: 0

[2020-01-24T23:21:35-08:00]
rchar: 433158951095
wchar: 116189437060
syscr: 52471118
syscw: 2733849
read_bytes: 35645181440
write_bytes: 116200886272
cancelled_write_bytes: 0

[2020-01-24T23:21:38-08:00]
rchar: 435246000301
wchar: 116692048909
syscr: 52724087
syscw: 2746631
read_bytes: 35745476096
write_bytes: 116703428608
cancelled_write_bytes: 0

[2020-01-24T23:21:41-08:00]
rchar: 437576324889
wchar: 117148833077
syscr: 53006650
syscw: 2758588
read_bytes: 35878641152
write_bytes: 117160267776
cancelled_write_bytes: 0

[2020-01-24T23:21:44-08:00]
rchar: 438625212505
wchar: 117527512389
syscr: 53133838
syscw: 2765877
read_bytes: 35981614592
write_bytes: 117538975744
cancelled_write_bytes: 0

[2020-01-24T23:21:47-08:00]
rchar: 438625212505
wchar: 117527521091
syscr: 53133838
syscw: 2765881
read_bytes: 35981614592
write_bytes: 117538988032
cancelled_write_bytes: 0

[2020-01-24T23:21:50-08:00]
rchar: 438625212505
wchar: 117527521091
syscr: 53133838
syscw: 2765881
read_bytes: 35981614592
write_bytes: 117538988032
cancelled_write_bytes: 0

[2020-01-24T23:21:53-08:00]
rchar: 438625212505
wchar: 117527521091
syscr: 53133838
syscw: 2765881
read_bytes: 35981614592
write_bytes: 117538996224
cancelled_write_bytes: 0

[2020-01-24T23:21:56-08:00]
rchar: 438625220158
wchar: 117527521448
syscr: 53133848
syscw: 2765884
read_bytes: 35981614592
write_bytes: 117539004416
cancelled_write_bytes: 0

