[2020-02-12T03:52:07-08:00]
rchar: 16584904
wchar: 209
syscr: 2825
syscw: 10
read_bytes: 712704
write_bytes: 53248
cancelled_write_bytes: 0

[2020-02-12T03:52:10-08:00]
rchar: 16584904
wchar: 209
syscr: 2825
syscw: 10
read_bytes: 712704
write_bytes: 53248
cancelled_write_bytes: 0

[2020-02-12T03:52:13-08:00]
rchar: 16584904
wchar: 209
syscr: 2825
syscw: 10
read_bytes: 712704
write_bytes: 53248
cancelled_write_bytes: 0

[2020-02-12T03:52:16-08:00]
rchar: 16584904
wchar: 209
syscr: 2825
syscw: 10
read_bytes: 712704
write_bytes: 53248
cancelled_write_bytes: 0

[2020-02-12T03:52:19-08:00]
rchar: 16584904
wchar: 209
syscr: 2825
syscw: 10
read_bytes: 712704
write_bytes: 53248
cancelled_write_bytes: 0

[2020-02-12T03:52:22-08:00]
rchar: 16584904
wchar: 209
syscr: 2825
syscw: 10
read_bytes: 712704
write_bytes: 53248
cancelled_write_bytes: 0

[2020-02-12T03:52:25-08:00]
rchar: 16584904
wchar: 209
syscr: 2825
syscw: 10
read_bytes: 712704
write_bytes: 53248
cancelled_write_bytes: 0

[2020-02-12T03:52:28-08:00]
rchar: 16584904
wchar: 209
syscr: 2825
syscw: 10
read_bytes: 712704
write_bytes: 69632
cancelled_write_bytes: 0

[2020-02-12T03:52:31-08:00]
rchar: 16584904
wchar: 209
syscr: 2825
syscw: 10
read_bytes: 712704
write_bytes: 69632
cancelled_write_bytes: 0

[2020-02-12T03:52:34-08:00]
rchar: 26786667
wchar: 8275336
syscr: 15052
syscw: 1261
read_bytes: 25523712
write_bytes: 8372224
cancelled_write_bytes: 0

[2020-02-12T03:52:37-08:00]
rchar: 207265420
wchar: 148977900
syscr: 60378
syscw: 6735
read_bytes: 317065728
write_bytes: 149094400
cancelled_write_bytes: 0

[2020-02-12T03:52:40-08:00]
rchar: 393617110
wchar: 268247258
syscr: 137023
syscw: 20076
read_bytes: 628558336
write_bytes: 268390400
cancelled_write_bytes: 0

[2020-02-12T03:52:43-08:00]
rchar: 596335836
wchar: 450847168
syscr: 215036
syscw: 30362
read_bytes: 885053952
write_bytes: 451039232
cancelled_write_bytes: 0

[2020-02-12T03:52:46-08:00]
rchar: 741690887
wchar: 602591833
syscr: 266763
syscw: 41104
read_bytes: 1026689536
write_bytes: 602816512
cancelled_write_bytes: 0

[2020-02-12T03:52:49-08:00]
rchar: 834429757
wchar: 776561128
syscr: 301752
syscw: 48517
read_bytes: 1129835008
write_bytes: 776986624
cancelled_write_bytes: 0

[2020-02-12T03:52:52-08:00]
rchar: 981054926
wchar: 871603945
syscr: 360937
syscw: 57381
read_bytes: 1328347648
write_bytes: 872054784
cancelled_write_bytes: 0

[2020-02-12T03:52:55-08:00]
rchar: 1176923842
wchar: 1076737487
syscr: 433333
syscw: 66897
read_bytes: 1561414144
write_bytes: 1077354496
cancelled_write_bytes: 0

[2020-02-12T03:52:58-08:00]
rchar: 1350928841
wchar: 1302987196
syscr: 492664
syscw: 73013
read_bytes: 1752505856
write_bytes: 1303670784
cancelled_write_bytes: 0

[2020-02-12T03:53:01-08:00]
rchar: 1638488943
wchar: 1549392506
syscr: 591105
syscw: 82607
read_bytes: 2066406912
write_bytes: 1550114816
cancelled_write_bytes: 0

[2020-02-12T03:53:04-08:00]
rchar: 1686497358
wchar: 1662667927
syscr: 608908
syscw: 86602
read_bytes: 2121264640
write_bytes: 1663590400
cancelled_write_bytes: 0

[2020-02-12T03:53:07-08:00]
rchar: 1803913057
wchar: 1733724172
syscr: 655101
syscw: 93875
read_bytes: 2260307456
write_bytes: 1734819840
cancelled_write_bytes: 0

[2020-02-12T03:53:10-08:00]
rchar: 1971096820
wchar: 1870345090
syscr: 720550
syscw: 101786
read_bytes: 2461298176
write_bytes: 1871491072
cancelled_write_bytes: 0

[2020-02-12T03:53:13-08:00]
rchar: 2020761200
wchar: 1971775617
syscr: 739734
syscw: 106978
read_bytes: 2514660864
write_bytes: 1973243904
cancelled_write_bytes: 0

[2020-02-12T03:53:16-08:00]
rchar: 2136546917
wchar: 2042082327
syscr: 783567
syscw: 115038
read_bytes: 2635279872
write_bytes: 2043817984
cancelled_write_bytes: 0

[2020-02-12T03:53:19-08:00]
rchar: 2190288661
wchar: 2106528182
syscr: 804418
syscw: 120840
read_bytes: 2691182080
write_bytes: 2108477440
cancelled_write_bytes: 0

[2020-02-12T03:53:22-08:00]
rchar: 2284457605
wchar: 2194101024
syscr: 840800
syscw: 127039
read_bytes: 2786676224
write_bytes: 2196398080
cancelled_write_bytes: 0

[2020-02-12T03:53:25-08:00]
rchar: 2346805088
wchar: 2262507118
syscr: 865184
syscw: 132567
read_bytes: 2849861120
write_bytes: 2265042944
cancelled_write_bytes: 0

[2020-02-12T03:53:28-08:00]
rchar: 2452664824
wchar: 2322730725
syscr: 906846
syscw: 140222
read_bytes: 2958413312
write_bytes: 2325626880
cancelled_write_bytes: 0

[2020-02-12T03:53:31-08:00]
rchar: 2497949941
wchar: 2382682094
syscr: 924933
syscw: 145010
read_bytes: 3004300800
write_bytes: 2385809408
cancelled_write_bytes: 0

[2020-02-12T03:53:34-08:00]
rchar: 2802364560
wchar: 2642190127
syscr: 1032676
syscw: 153432
read_bytes: 3298430464
write_bytes: 2645426176
cancelled_write_bytes: 0

[2020-02-12T03:53:37-08:00]
rchar: 3081143278
wchar: 2897448719
syscr: 1127932
syscw: 160277
read_bytes: 3572055552
write_bytes: 2900721664
cancelled_write_bytes: 0

[2020-02-12T03:53:40-08:00]
rchar: 3339520629
wchar: 3142814467
syscr: 1215781
syscw: 168140
read_bytes: 3820097024
write_bytes: 3146133504
cancelled_write_bytes: 0

[2020-02-12T03:53:43-08:00]
rchar: 3584454464
wchar: 3361350725
syscr: 1300555
syscw: 176205
read_bytes: 4051025408
write_bytes: 3364700160
cancelled_write_bytes: 0

[2020-02-12T03:53:46-08:00]
rchar: 3772197406
wchar: 3543609336
syscr: 1365131
syscw: 181845
read_bytes: 4228197888
write_bytes: 3547090944
cancelled_write_bytes: 0

[2020-02-12T03:53:49-08:00]
rchar: 4030349075
wchar: 3759109130
syscr: 1452688
syscw: 188187
read_bytes: 4453752320
write_bytes: 3762642944
cancelled_write_bytes: 0

[2020-02-12T03:53:52-08:00]
rchar: 4356169657
wchar: 4046335763
syscr: 1562985
syscw: 196868
read_bytes: 4739046912
write_bytes: 4049911808
cancelled_write_bytes: 0

[2020-02-12T03:53:55-08:00]
rchar: 4531631142
wchar: 4219306078
syscr: 1622340
syscw: 202834
read_bytes: 4888235520
write_bytes: 4222914560
cancelled_write_bytes: 0

[2020-02-12T03:53:58-08:00]
rchar: 4674313583
wchar: 4339569981
syscr: 1671973
syscw: 209099
read_bytes: 5005164032
write_bytes: 4343369728
cancelled_write_bytes: 0

[2020-02-12T03:54:01-08:00]
rchar: 4752595369
wchar: 4409700602
syscr: 1700239
syscw: 214661
read_bytes: 5063708160
write_bytes: 4413775872
cancelled_write_bytes: 0

[2020-02-12T03:54:04-08:00]
rchar: 4836411875
wchar: 4448971938
syscr: 1730920
syscw: 220090
read_bytes: 5125619200
write_bytes: 4453294080
cancelled_write_bytes: 0

[2020-02-12T03:54:07-08:00]
rchar: 4925159245
wchar: 4525503471
syscr: 1763636
syscw: 225857
read_bytes: 5194092032
write_bytes: 4530143232
cancelled_write_bytes: 0

[2020-02-12T03:54:10-08:00]
rchar: 5089392411
wchar: 4633791821
syscr: 1822071
syscw: 231965
read_bytes: 5333171712
write_bytes: 4638695424
cancelled_write_bytes: 0

[2020-02-12T03:54:13-08:00]
rchar: 5165472213
wchar: 4705208598
syscr: 1851794
syscw: 237590
read_bytes: 5395213824
write_bytes: 4710412288
cancelled_write_bytes: 0

[2020-02-12T03:54:16-08:00]
rchar: 5250046470
wchar: 4780642828
syscr: 1884902
syscw: 242653
read_bytes: 5463227904
write_bytes: 4786143232
cancelled_write_bytes: 0

[2020-02-12T03:54:19-08:00]
rchar: 5494654803
wchar: 4967196238
syscr: 1972205
syscw: 250708
read_bytes: 5671738880
write_bytes: 4972883968
cancelled_write_bytes: 0

[2020-02-12T03:54:22-08:00]
rchar: 5763792147
wchar: 5210355529
syscr: 2066309
syscw: 259130
read_bytes: 5903699456
write_bytes: 5216088064
cancelled_write_bytes: 0

[2020-02-12T03:54:25-08:00]
rchar: 6106486358
wchar: 5500669576
syscr: 2184201
syscw: 267780
read_bytes: 6198799872
write_bytes: 5506441216
cancelled_write_bytes: 0

[2020-02-12T03:54:28-08:00]
rchar: 6286631550
wchar: 5697927137
syscr: 2247239
syscw: 276004
read_bytes: 6351154688
write_bytes: 5703864320
cancelled_write_bytes: 0

[2020-02-12T03:54:31-08:00]
rchar: 6593984044
wchar: 5920827236
syscr: 2351366
syscw: 283030
read_bytes: 6601465344
write_bytes: 5926846464
cancelled_write_bytes: 0

[2020-02-12T03:54:34-08:00]
rchar: 6782210589
wchar: 6099605542
syscr: 2416261
syscw: 290161
read_bytes: 6752087552
write_bytes: 6105722880
cancelled_write_bytes: 0

[2020-02-12T03:54:37-08:00]
rchar: 6853064557
wchar: 6149249299
syscr: 2442541
syscw: 295010
read_bytes: 6802988544
write_bytes: 6155735040
cancelled_write_bytes: 0

[2020-02-12T03:54:40-08:00]
rchar: 6947713589
wchar: 6226518215
syscr: 2478466
syscw: 300968
read_bytes: 6871019008
write_bytes: 6233292800
cancelled_write_bytes: 0

[2020-02-12T03:54:43-08:00]
rchar: 7019982127
wchar: 6296143577
syscr: 2506091
syscw: 306871
read_bytes: 6923922944
write_bytes: 6303191040
cancelled_write_bytes: 0

[2020-02-12T03:54:46-08:00]
rchar: 7194772751
wchar: 6379491460
syscr: 2570496
syscw: 313556
read_bytes: 7057743360
write_bytes: 6386855936
cancelled_write_bytes: 0

[2020-02-12T03:54:49-08:00]
rchar: 7468846860
wchar: 6623950691
syscr: 2665641
syscw: 321750
read_bytes: 7282220544
write_bytes: 6631378944
cancelled_write_bytes: 0

[2020-02-12T03:54:52-08:00]
rchar: 7561256572
wchar: 6701514364
syscr: 2701620
syscw: 327439
read_bytes: 7348256256
write_bytes: 6709280768
cancelled_write_bytes: 0

[2020-02-12T03:54:55-08:00]
rchar: 7620165297
wchar: 6763308943
syscr: 2724301
syscw: 331712
read_bytes: 7390838272
write_bytes: 6771277824
cancelled_write_bytes: 0

[2020-02-12T03:54:59-08:00]
rchar: 7761198809
wchar: 6865911688
syscr: 2778639
syscw: 339619
read_bytes: 7494508032
write_bytes: 6874243072
cancelled_write_bytes: 0

[2020-02-12T03:55:02-08:00]
rchar: 7850024470
wchar: 6941789777
syscr: 2813090
syscw: 345772
read_bytes: 7557635584
write_bytes: 6950400000
cancelled_write_bytes: 0

[2020-02-12T03:55:05-08:00]
rchar: 7970023585
wchar: 6997344621
syscr: 2859614
syscw: 352161
read_bytes: 7645281792
write_bytes: 7006347264
cancelled_write_bytes: 0

[2020-02-12T03:55:08-08:00]
rchar: 8036278311
wchar: 7062739222
syscr: 2885187
syscw: 356581
read_bytes: 7694532096
write_bytes: 7071961088
cancelled_write_bytes: 0

[2020-02-12T03:55:11-08:00]
rchar: 8184923380
wchar: 7167314754
syscr: 2943011
syscw: 364716
read_bytes: 7804702208
write_bytes: 7176888320
cancelled_write_bytes: 0

[2020-02-12T03:55:14-08:00]
rchar: 8249763932
wchar: 7233198611
syscr: 2967814
syscw: 370165
read_bytes: 7852502528
write_bytes: 7243018240
cancelled_write_bytes: 0

[2020-02-12T03:55:17-08:00]
rchar: 8355567973
wchar: 7301179649
syscr: 3007948
syscw: 376946
read_bytes: 7927332352
write_bytes: 7311372288
cancelled_write_bytes: 0

[2020-02-12T03:55:20-08:00]
rchar: 8474090246
wchar: 7372871856
syscr: 3053144
syscw: 383471
read_bytes: 8011374080
write_bytes: 7383347200
cancelled_write_bytes: 0

[2020-02-12T03:55:23-08:00]
rchar: 8580411486
wchar: 7456525963
syscr: 3094153
syscw: 390338
read_bytes: 8087371264
write_bytes: 7467319296
cancelled_write_bytes: 0

[2020-02-12T03:55:26-08:00]
rchar: 8673474444
wchar: 7534075825
syscr: 3129867
syscw: 396231
read_bytes: 8153824768
write_bytes: 7545155584
cancelled_write_bytes: 0

[2020-02-12T03:55:29-08:00]
rchar: 8760842164
wchar: 7609505339
syscr: 3163531
syscw: 402039
read_bytes: 8217980416
write_bytes: 7620853760
cancelled_write_bytes: 0

[2020-02-12T03:55:32-08:00]
rchar: 8880635422
wchar: 7667337273
syscr: 3209421
syscw: 409671
read_bytes: 8303648256
write_bytes: 7679041536
cancelled_write_bytes: 0

[2020-02-12T03:55:35-08:00]
rchar: 8951817733
wchar: 7735339275
syscr: 3237051
syscw: 415802
read_bytes: 8353406464
write_bytes: 7747289088
cancelled_write_bytes: 0

[2020-02-12T03:55:38-08:00]
rchar: 9072337378
wchar: 7826887059
syscr: 3283539
syscw: 422301
read_bytes: 8439172608
write_bytes: 7839191040
cancelled_write_bytes: 0

[2020-02-12T03:55:41-08:00]
rchar: 9155269346
wchar: 7900515552
syscr: 3315622
syscw: 428482
read_bytes: 8499641856
write_bytes: 7913054208
cancelled_write_bytes: 0

[2020-02-12T03:55:44-08:00]
rchar: 9289684263
wchar: 7982159267
syscr: 3367561
syscw: 436176
read_bytes: 8597806592
write_bytes: 7995064320
cancelled_write_bytes: 0

[2020-02-12T03:55:47-08:00]
rchar: 9369311671
wchar: 8038168884
syscr: 3398231
syscw: 442108
read_bytes: 8655584768
write_bytes: 8051343360
cancelled_write_bytes: 0

[2020-02-12T03:55:50-08:00]
rchar: 9496793014
wchar: 8133136344
syscr: 3447352
syscw: 449847
read_bytes: 8747515392
write_bytes: 8146673664
cancelled_write_bytes: 0

[2020-02-12T03:55:53-08:00]
rchar: 9636200353
wchar: 8251623404
syscr: 3498191
syscw: 456465
read_bytes: 8853523968
write_bytes: 8265342976
cancelled_write_bytes: 0

[2020-02-12T03:55:56-08:00]
rchar: 9763933929
wchar: 8346799951
syscr: 3547605
syscw: 463534
read_bytes: 8943943168
write_bytes: 8360878080
cancelled_write_bytes: 0

[2020-02-12T03:55:59-08:00]
rchar: 9848562257
wchar: 8420968042
syscr: 3580492
syscw: 469275
read_bytes: 9003773440
write_bytes: 8435290112
cancelled_write_bytes: 0

[2020-02-12T03:56:02-08:00]
rchar: 9960930967
wchar: 8509507556
syscr: 3623383
syscw: 476029
read_bytes: 9083698688
write_bytes: 8524177408
cancelled_write_bytes: 0

[2020-02-12T03:56:05-08:00]
rchar: 10056704011
wchar: 8570706901
syscr: 3660069
syscw: 482603
read_bytes: 9148866048
write_bytes: 8585674752
cancelled_write_bytes: 0

[2020-02-12T03:56:08-08:00]
rchar: 10188425375
wchar: 8654825997
syscr: 3709461
syscw: 490279
read_bytes: 9242377728
write_bytes: 8670142464
cancelled_write_bytes: 0

[2020-02-12T03:56:11-08:00]
rchar: 10273295345
wchar: 8727715078
syscr: 3742030
syscw: 495568
read_bytes: 9301089792
write_bytes: 8743247872
cancelled_write_bytes: 0

[2020-02-12T03:56:14-08:00]
rchar: 10413578504
wchar: 8827026025
syscr: 3795708
syscw: 503053
read_bytes: 9399442944
write_bytes: 8842895360
cancelled_write_bytes: 0

[2020-02-12T03:56:17-08:00]
rchar: 10492530979
wchar: 8898319279
syscr: 3825941
syscw: 508502
read_bytes: 9455095296
write_bytes: 8914391040
cancelled_write_bytes: 0

[2020-02-12T03:56:20-08:00]
rchar: 10614782106
wchar: 8974367110
syscr: 3872811
syscw: 515871
read_bytes: 9542028800
write_bytes: 8990777344
cancelled_write_bytes: 0

[2020-02-12T03:56:23-08:00]
rchar: 10725536768
wchar: 9049067728
syscr: 3914754
syscw: 522268
read_bytes: 9620672000
write_bytes: 9065713664
cancelled_write_bytes: 0

[2020-02-12T03:56:26-08:00]
rchar: 10838475947
wchar: 9137272373
syscr: 3958284
syscw: 529780
read_bytes: 9700281856
write_bytes: 9154297856
cancelled_write_bytes: 0

[2020-02-12T03:56:29-08:00]
rchar: 10923911841
wchar: 9211169031
syscr: 3991524
syscw: 535449
read_bytes: 9758506496
write_bytes: 9228402688
cancelled_write_bytes: 0

[2020-02-12T03:56:32-08:00]
rchar: 11028611839
wchar: 9297417890
syscr: 4032030
syscw: 543460
read_bytes: 9832787456
write_bytes: 9315041280
cancelled_write_bytes: 0

[2020-02-12T03:56:35-08:00]
rchar: 11119008597
wchar: 9375290548
syscr: 4066697
syscw: 550042
read_bytes: 9897520640
write_bytes: 9393152000
cancelled_write_bytes: 0

[2020-02-12T03:56:38-08:00]
rchar: 11216476475
wchar: 9422857760
syscr: 4103655
syscw: 556504
read_bytes: 9963949568
write_bytes: 9441009664
cancelled_write_bytes: 0

[2020-02-12T03:56:41-08:00]
rchar: 11320589532
wchar: 9504198315
syscr: 4143417
syscw: 562663
read_bytes: 10033753600
write_bytes: 9522675712
cancelled_write_bytes: 0

[2020-02-12T03:56:44-08:00]
rchar: 11445918923
wchar: 9595590010
syscr: 4191549
syscw: 569875
read_bytes: 10117426688
write_bytes: 9614364672
cancelled_write_bytes: 0

[2020-02-12T03:56:47-08:00]
rchar: 11543225799
wchar: 9674608416
syscr: 4228316
syscw: 575685
read_bytes: 10183011840
write_bytes: 9693667328
cancelled_write_bytes: 0

[2020-02-12T03:56:50-08:00]
rchar: 11694694982
wchar: 9744984323
syscr: 4286283
syscw: 583632
read_bytes: 10285895168
write_bytes: 9764413440
cancelled_write_bytes: 0

[2020-02-12T03:56:53-08:00]
rchar: 11765644688
wchar: 9847438592
syscr: 4313173
syscw: 589462
read_bytes: 10334141952
write_bytes: 9867083776
cancelled_write_bytes: 0

[2020-02-12T03:56:56-08:00]
rchar: 11915189950
wchar: 9917395306
syscr: 4369651
syscw: 597921
read_bytes: 10435427840
write_bytes: 9937436672
cancelled_write_bytes: 0

[2020-02-12T03:56:59-08:00]
rchar: 12011182741
wchar: 9994902924
syscr: 4406296
syscw: 604806
read_bytes: 10498649600
write_bytes: 10015145984
cancelled_write_bytes: 0

[2020-02-12T03:57:02-08:00]
rchar: 12145867687
wchar: 10091490066
syscr: 4457223
syscw: 611598
read_bytes: 10588302848
write_bytes: 10112065536
cancelled_write_bytes: 0

[2020-02-12T03:57:05-08:00]
rchar: 12227628310
wchar: 10163614328
syscr: 4488437
syscw: 617825
read_bytes: 10643279360
write_bytes: 10184445952
cancelled_write_bytes: 0

[2020-02-12T03:57:08-08:00]
rchar: 12356658711
wchar: 10258685474
syscr: 4537754
syscw: 625573
read_bytes: 10730622464
write_bytes: 10279907328
cancelled_write_bytes: 0

[2020-02-12T03:57:11-08:00]
rchar: 12437264403
wchar: 10331344607
syscr: 4568394
syscw: 631527
read_bytes: 10783976960
write_bytes: 10352791552
cancelled_write_bytes: 0

[2020-02-12T03:57:14-08:00]
rchar: 12588891070
wchar: 10402481506
syscr: 4626540
syscw: 640109
read_bytes: 10886163968
write_bytes: 10424266752
cancelled_write_bytes: 0

[2020-02-12T03:57:17-08:00]
rchar: 12675095061
wchar: 10511304528
syscr: 4659530
syscw: 646260
read_bytes: 10944458240
write_bytes: 10533347328
cancelled_write_bytes: 0

[2020-02-12T03:57:20-08:00]
rchar: 12824364300
wchar: 10580220978
syscr: 4716848
syscw: 654409
read_bytes: 11046284800
write_bytes: 10602631168
cancelled_write_bytes: 0

[2020-02-12T03:57:23-08:00]
rchar: 12900608017
wchar: 10650921620
syscr: 4746050
syscw: 660916
read_bytes: 11097857536
write_bytes: 10673623040
cancelled_write_bytes: 0

[2020-02-12T03:57:26-08:00]
rchar: 13030204039
wchar: 10746532182
syscr: 4794835
syscw: 668158
read_bytes: 11181948416
write_bytes: 10769567744
cancelled_write_bytes: 0

[2020-02-12T03:57:29-08:00]
rchar: 13135946031
wchar: 10828948540
syscr: 4834741
syscw: 675103
read_bytes: 11250044416
write_bytes: 10852233216
cancelled_write_bytes: 0

[2020-02-12T03:57:32-08:00]
rchar: 13300394595
wchar: 10938462791
syscr: 4897011
syscw: 683927
read_bytes: 11359235584
write_bytes: 10962124800
cancelled_write_bytes: 0

[2020-02-12T03:57:35-08:00]
rchar: 13386683757
wchar: 11011416100
syscr: 4929822
syscw: 690073
read_bytes: 11415543296
write_bytes: 11035328512
cancelled_write_bytes: 0

[2020-02-12T03:57:38-08:00]
rchar: 13554428307
wchar: 11122210672
syscr: 4993365
syscw: 699246
read_bytes: 11524828672
write_bytes: 11146502144
cancelled_write_bytes: 0

[2020-02-12T03:57:41-08:00]
rchar: 13627053493
wchar: 11189385901
syscr: 5020855
syscw: 704505
read_bytes: 11574160896
write_bytes: 11213889536
cancelled_write_bytes: 0

[2020-02-12T03:57:44-08:00]
rchar: 13766746019
wchar: 11287455501
syscr: 5074049
syscw: 712409
read_bytes: 11664784896
write_bytes: 11312340992
cancelled_write_bytes: 0

[2020-02-12T03:57:47-08:00]
rchar: 13864570771
wchar: 11364933994
syscr: 5111003
syscw: 719419
read_bytes: 11726298624
write_bytes: 11390066688
cancelled_write_bytes: 0

[2020-02-12T03:57:50-08:00]
rchar: 14019037662
wchar: 11433270078
syscr: 5169780
syscw: 727346
read_bytes: 11824422400
write_bytes: 11458723840
cancelled_write_bytes: 0

[2020-02-12T03:57:53-08:00]
rchar: 14121667854
wchar: 11514258226
syscr: 5208578
syscw: 733688
read_bytes: 11890531840
write_bytes: 11539963904
cancelled_write_bytes: 0

[2020-02-12T03:57:56-08:00]
rchar: 14266013785
wchar: 11614963059
syscr: 5263043
syscw: 742002
read_bytes: 11984834048
write_bytes: 11641012224
cancelled_write_bytes: 0

[2020-02-12T03:57:59-08:00]
rchar: 14352234565
wchar: 11689850275
syscr: 5295590
syscw: 748119
read_bytes: 12041342464
write_bytes: 11716120576
cancelled_write_bytes: 0

[2020-02-12T03:58:02-08:00]
rchar: 14465780736
wchar: 11774639101
syscr: 5338373
syscw: 755061
read_bytes: 12112129536
write_bytes: 11801190400
cancelled_write_bytes: 0

[2020-02-12T03:58:05-08:00]
rchar: 14585614414
wchar: 11861025684
syscr: 5383610
syscw: 762146
read_bytes: 12186029568
write_bytes: 11887886336
cancelled_write_bytes: 0

[2020-02-12T03:58:08-08:00]
rchar: 14698600076
wchar: 11928845667
syscr: 5426328
syscw: 768763
read_bytes: 12257197568
write_bytes: 11956027392
cancelled_write_bytes: 0

[2020-02-12T03:58:11-08:00]
rchar: 14818760226
wchar: 12000325626
syscr: 5471768
syscw: 776030
read_bytes: 12333788672
write_bytes: 12034293760
cancelled_write_bytes: 0

[2020-02-12T03:58:14-08:00]
rchar: 14941973044
wchar: 12089361433
syscr: 5518157
syscw: 783742
read_bytes: 12411911680
write_bytes: 12117192704
cancelled_write_bytes: 0

[2020-02-12T03:58:17-08:00]
rchar: 15059947517
wchar: 12177554938
syscr: 5562503
syscw: 790883
read_bytes: 12486983168
write_bytes: 12205735936
cancelled_write_bytes: 0

[2020-02-12T03:58:20-08:00]
rchar: 15151800495
wchar: 12251118972
syscr: 5597265
syscw: 796513
read_bytes: 12543200768
write_bytes: 12279500800
cancelled_write_bytes: 0

[2020-02-12T03:58:23-08:00]
rchar: 15302516923
wchar: 12351841699
syscr: 5653847
syscw: 805166
read_bytes: 12637429248
write_bytes: 12380585984
cancelled_write_bytes: 0

[2020-02-12T03:58:26-08:00]
rchar: 15401546848
wchar: 12429306188
syscr: 5691336
syscw: 811123
read_bytes: 12697771520
write_bytes: 12458274816
cancelled_write_bytes: 0

[2020-02-12T03:58:29-08:00]
rchar: 15533266982
wchar: 12523335437
syscr: 5740917
syscw: 818780
read_bytes: 12780662272
write_bytes: 12552695808
cancelled_write_bytes: 0

[2020-02-12T03:58:32-08:00]
rchar: 15649604766
wchar: 12608822653
syscr: 5784538
syscw: 825419
read_bytes: 12854095360
write_bytes: 12638457856
cancelled_write_bytes: 0

[2020-02-12T03:58:35-08:00]
rchar: 15804232241
wchar: 12678531061
syscr: 5842532
syscw: 833493
read_bytes: 12951481856
write_bytes: 12708450304
cancelled_write_bytes: 0

[2020-02-12T03:58:38-08:00]
rchar: 15886175576
wchar: 12784474586
syscr: 5873458
syscw: 839751
read_bytes: 13002055168
write_bytes: 12814614528
cancelled_write_bytes: 0

[2020-02-12T03:58:41-08:00]
rchar: 16052304743
wchar: 12869202221
syscr: 5934060
syscw: 847802
read_bytes: 13106494976
write_bytes: 12899643392
cancelled_write_bytes: 0

[2020-02-12T03:58:44-08:00]
rchar: 16163517982
wchar: 12950878995
syscr: 5975994
syscw: 854116
read_bytes: 13175422464
write_bytes: 12981612544
cancelled_write_bytes: 0

[2020-02-12T03:58:47-08:00]
rchar: 16295352640
wchar: 13043841669
syscr: 6025584
syscw: 861897
read_bytes: 13257289216
write_bytes: 13074919424
cancelled_write_bytes: 0

[2020-02-12T03:58:50-08:00]
rchar: 16393525706
wchar: 13121912114
syscr: 6062481
syscw: 868404
read_bytes: 13316554240
write_bytes: 13153239040
cancelled_write_bytes: 0

[2020-02-12T03:58:53-08:00]
rchar: 16500116888
wchar: 13187113854
syscr: 6102619
syscw: 874857
read_bytes: 13383384576
write_bytes: 13218689024
cancelled_write_bytes: 0

[2020-02-12T03:58:56-08:00]
rchar: 16632551300
wchar: 13298727957
syscr: 6152362
syscw: 882492
read_bytes: 13463629312
write_bytes: 13330632704
cancelled_write_bytes: 0

[2020-02-12T03:58:59-08:00]
rchar: 16771308451
wchar: 13375848088
syscr: 6204498
syscw: 889865
read_bytes: 13546401280
write_bytes: 13408055296
cancelled_write_bytes: 0

[2020-02-12T03:59:02-08:00]
rchar: 16900270140
wchar: 13450095012
syscr: 6252909
syscw: 897174
read_bytes: 13625298432
write_bytes: 13482643456
cancelled_write_bytes: 0

[2020-02-12T03:59:05-08:00]
rchar: 17020489479
wchar: 13554307805
syscr: 6297929
syscw: 905637
read_bytes: 13697289728
write_bytes: 13587181568
cancelled_write_bytes: 0

[2020-02-12T03:59:08-08:00]
rchar: 17149242993
wchar: 13629119343
syscr: 6346255
syscw: 912793
read_bytes: 13775306240
write_bytes: 13662265344
cancelled_write_bytes: 0

[2020-02-12T03:59:11-08:00]
rchar: 17251026333
wchar: 13709231417
syscr: 6384618
syscw: 919180
read_bytes: 13838921216
write_bytes: 13742604288
cancelled_write_bytes: 0

[2020-02-12T03:59:14-08:00]
rchar: 17398732699
wchar: 13807780310
syscr: 6439903
syscw: 926799
read_bytes: 13925375488
write_bytes: 13841506304
cancelled_write_bytes: 0

[2020-02-12T03:59:17-08:00]
rchar: 17540944509
wchar: 13915327569
syscr: 6491538
syscw: 934627
read_bytes: 14011981312
write_bytes: 13949276160
cancelled_write_bytes: 0

[2020-02-12T03:59:20-08:00]
rchar: 17672862865
wchar: 14007112082
syscr: 6540438
syscw: 942151
read_bytes: 14088166912
write_bytes: 14041448448
cancelled_write_bytes: 0

[2020-02-12T03:59:23-08:00]
rchar: 17776270725
wchar: 14086144304
syscr: 6578979
syscw: 949520
read_bytes: 14149950976
write_bytes: 14120738816
cancelled_write_bytes: 0

[2020-02-12T03:59:26-08:00]
rchar: 17912141793
wchar: 14179146587
syscr: 6629510
syscw: 957138
read_bytes: 14231621120
write_bytes: 14214000640
cancelled_write_bytes: 0

[2020-02-12T03:59:29-08:00]
rchar: 18040553233
wchar: 14252164294
syscr: 6677366
syscw: 964632
read_bytes: 14308060672
write_bytes: 14287302656
cancelled_write_bytes: 0

[2020-02-12T03:59:32-08:00]
rchar: 18148723140
wchar: 14351441762
syscr: 6717989
syscw: 971838
read_bytes: 14371835392
write_bytes: 14386851840
cancelled_write_bytes: 0

[2020-02-12T03:59:35-08:00]
rchar: 18303104668
wchar: 14423247309
syscr: 6775171
syscw: 979994
read_bytes: 14459919872
write_bytes: 14458970112
cancelled_write_bytes: 0

[2020-02-12T03:59:38-08:00]
rchar: 18400307349
wchar: 14499174274
syscr: 6811365
syscw: 986671
read_bytes: 14515592704
write_bytes: 14535184384
cancelled_write_bytes: 0

[2020-02-12T03:59:41-08:00]
rchar: 18498362272
wchar: 14575379142
syscr: 6848020
syscw: 993076
read_bytes: 14571318784
write_bytes: 14611644416
cancelled_write_bytes: 0

[2020-02-12T03:59:44-08:00]
rchar: 18639772771
wchar: 14671174027
syscr: 6900571
syscw: 1000759
read_bytes: 14654385664
write_bytes: 14707752960
cancelled_write_bytes: 0

[2020-02-12T03:59:47-08:00]
rchar: 18746347012
wchar: 14752628534
syscr: 6940458
syscw: 1008426
read_bytes: 14717758976
write_bytes: 14789468160
cancelled_write_bytes: 0

[2020-02-12T03:59:50-08:00]
rchar: 18863313727
wchar: 14804909462
syscr: 6983682
syscw: 1016217
read_bytes: 14784904704
write_bytes: 14842068992
cancelled_write_bytes: 0

[2020-02-12T03:59:53-08:00]
rchar: 19000423979
wchar: 14895280459
syscr: 7034545
syscw: 1023774
read_bytes: 14861303296
write_bytes: 14932746240
cancelled_write_bytes: 0

[2020-02-12T03:59:56-08:00]
rchar: 19142198424
wchar: 14989454822
syscr: 7087099
syscw: 1032726
read_bytes: 14943100416
write_bytes: 15027212288
cancelled_write_bytes: 0

[2020-02-12T03:59:59-08:00]
rchar: 19283139490
wchar: 15083936911
syscr: 7139026
syscw: 1040720
read_bytes: 15025176064
write_bytes: 15122001920
cancelled_write_bytes: 0

[2020-02-12T04:00:02-08:00]
rchar: 19384737421
wchar: 15161579264
syscr: 7176707
syscw: 1047790
read_bytes: 15084240384
write_bytes: 15199879168
cancelled_write_bytes: 0

[2020-02-12T04:00:05-08:00]
rchar: 19531555901
wchar: 15258801881
syscr: 7230960
syscw: 1055974
read_bytes: 15169019392
write_bytes: 15297445888
cancelled_write_bytes: 0

[2020-02-12T04:00:08-08:00]
rchar: 19630442526
wchar: 15336244208
syscr: 7267414
syscw: 1063462
read_bytes: 15225249280
write_bytes: 15375147008
cancelled_write_bytes: 0

[2020-02-12T04:00:11-08:00]
rchar: 19757088765
wchar: 15408312311
syscr: 7314129
syscw: 1070449
read_bytes: 15296134656
write_bytes: 15447506944
cancelled_write_bytes: 0

[2020-02-12T04:00:14-08:00]
rchar: 19894065478
wchar: 15516672302
syscr: 7364898
syscw: 1078448
read_bytes: 15372475904
write_bytes: 15556198400
cancelled_write_bytes: 0

[2020-02-12T04:00:17-08:00]
rchar: 20043796223
wchar: 15596477573
syscr: 7420259
syscw: 1086458
read_bytes: 15454256640
write_bytes: 15636295680
cancelled_write_bytes: 0

[2020-02-12T04:00:20-08:00]
rchar: 20179178643
wchar: 15671935634
syscr: 7470059
syscw: 1094173
read_bytes: 15530462720
write_bytes: 15712088064
cancelled_write_bytes: 0

[2020-02-12T04:00:23-08:00]
rchar: 20278368747
wchar: 15765106971
syscr: 7506734
syscw: 1101662
read_bytes: 15586487808
write_bytes: 15805517824
cancelled_write_bytes: 0

[2020-02-12T04:00:26-08:00]
rchar: 20433034890
wchar: 15849210149
syscr: 7563880
syscw: 1110402
read_bytes: 15672012288
write_bytes: 15889981440
cancelled_write_bytes: 0

[2020-02-12T04:00:29-08:00]
rchar: 20532674955
wchar: 15928290679
syscr: 7600852
syscw: 1117305
read_bytes: 15730150912
write_bytes: 15969337344
cancelled_write_bytes: 0

[2020-02-12T04:00:32-08:00]
rchar: 20669198970
wchar: 16021372097
syscr: 7651571
syscw: 1126429
read_bytes: 15805296128
write_bytes: 16062816256
cancelled_write_bytes: 0

[2020-02-12T04:00:35-08:00]
rchar: 20784550585
wchar: 16103881548
syscr: 7694257
syscw: 1133936
read_bytes: 15869775360
write_bytes: 16145600512
cancelled_write_bytes: 0

[2020-02-12T04:00:38-08:00]
rchar: 20902856563
wchar: 16188679292
syscr: 7738113
syscw: 1141324
read_bytes: 15939296768
write_bytes: 16230674432
cancelled_write_bytes: 0

[2020-02-12T04:00:41-08:00]
rchar: 21068111904
wchar: 16293669550
syscr: 7798976
syscw: 1150192
read_bytes: 16033676800
write_bytes: 16335962112
cancelled_write_bytes: 0

[2020-02-12T04:00:44-08:00]
rchar: 21181906201
wchar: 16377614601
syscr: 7840993
syscw: 1158162
read_bytes: 16096648704
write_bytes: 16420167680
cancelled_write_bytes: 0

[2020-02-12T04:00:47-08:00]
rchar: 21335172859
wchar: 16445161277
syscr: 7897854
syscw: 1166689
read_bytes: 16183139840
write_bytes: 16487989248
cancelled_write_bytes: 0

[2020-02-12T04:00:50-08:00]
rchar: 21438886049
wchar: 16560932632
syscr: 7936790
syscw: 1173605
read_bytes: 16243052032
write_bytes: 16604033024
cancelled_write_bytes: 0

[2020-02-12T04:00:53-08:00]
rchar: 21558068469
wchar: 16612165377
syscr: 7981207
syscw: 1181588
read_bytes: 16307985920
write_bytes: 16655532032
cancelled_write_bytes: 0

[2020-02-12T04:00:56-08:00]
rchar: 21700721039
wchar: 16707892006
syscr: 8034462
syscw: 1190248
read_bytes: 16387083776
write_bytes: 16751595520
cancelled_write_bytes: 0

[2020-02-12T04:00:59-08:00]
rchar: 21819769447
wchar: 16792816967
syscr: 8078804
syscw: 1197036
read_bytes: 16452644352
write_bytes: 16836747264
cancelled_write_bytes: 0

[2020-02-12T04:01:02-08:00]
rchar: 22000300780
wchar: 16905934878
syscr: 8146171
syscw: 1207081
read_bytes: 16556936704
write_bytes: 16950239232
cancelled_write_bytes: 0

[2020-02-12T04:01:05-08:00]
rchar: 22112035579
wchar: 16989647019
syscr: 8187767
syscw: 1214340
read_bytes: 16621862400
write_bytes: 17034186752
cancelled_write_bytes: 0

[2020-02-12T04:01:08-08:00]
rchar: 22264831101
wchar: 17087322650
syscr: 8244154
syscw: 1223176
read_bytes: 16703061504
write_bytes: 17132154880
cancelled_write_bytes: 0

[2020-02-12T04:01:11-08:00]
rchar: 22426600988
wchar: 17188100365
syscr: 8303070
syscw: 1231868
read_bytes: 16789343744
write_bytes: 17233248256
cancelled_write_bytes: 0

[2020-02-12T04:01:14-08:00]
rchar: 22544508807
wchar: 17287599184
syscr: 8346164
syscw: 1239286
read_bytes: 16851815936
write_bytes: 17332965376
cancelled_write_bytes: 0

[2020-02-12T04:01:17-08:00]
rchar: 22704584280
wchar: 17369829596
syscr: 8404150
syscw: 1248043
read_bytes: 16934682112
write_bytes: 17415553024
cancelled_write_bytes: 0

[2020-02-12T04:01:20-08:00]
rchar: 22835318401
wchar: 17458586273
syscr: 8451967
syscw: 1255592
read_bytes: 17005551104
write_bytes: 17504509952
cancelled_write_bytes: 0

[2020-02-12T04:01:23-08:00]
rchar: 22963514019
wchar: 17546870753
syscr: 8499253
syscw: 1263173
read_bytes: 17075666432
write_bytes: 17593094144
cancelled_write_bytes: 0

[2020-02-12T04:01:26-08:00]
rchar: 23230721520
wchar: 17688767940
syscr: 8596755
syscw: 1272138
read_bytes: 17215151616
write_bytes: 17735168000
cancelled_write_bytes: 0

[2020-02-12T04:01:29-08:00]
rchar: 23477864604
wchar: 17853293737
syscr: 8686907
syscw: 1278818
read_bytes: 17346227712
write_bytes: 17899732992
cancelled_write_bytes: 0

[2020-02-12T04:01:32-08:00]
rchar: 23654178770
wchar: 17989690755
syscr: 8750695
syscw: 1286278
read_bytes: 17433189888
write_bytes: 18036318208
cancelled_write_bytes: 0

[2020-02-12T04:01:35-08:00]
rchar: 23779038935
wchar: 18073292161
syscr: 8795814
syscw: 1293504
read_bytes: 17492688384
write_bytes: 18120155136
cancelled_write_bytes: 0

[2020-02-12T04:01:38-08:00]
rchar: 23970095492
wchar: 18161625120
syscr: 8864938
syscw: 1303241
read_bytes: 17584373248
write_bytes: 18208878592
cancelled_write_bytes: 0

[2020-02-12T04:01:41-08:00]
rchar: 24073419900
wchar: 18252538889
syscr: 8902048
syscw: 1309934
read_bytes: 17634221568
write_bytes: 18300051456
cancelled_write_bytes: 0

[2020-02-12T04:01:44-08:00]
rchar: 24263953357
wchar: 18325821323
syscr: 8971018
syscw: 1319014
read_bytes: 17726897664
write_bytes: 18373660672
cancelled_write_bytes: 0

[2020-02-12T04:01:47-08:00]
rchar: 24383044651
wchar: 18441768965
syscr: 9014758
syscw: 1326586
read_bytes: 17784430080
write_bytes: 18489815040
cancelled_write_bytes: 0

[2020-02-12T04:01:50-08:00]
rchar: 24526787917
wchar: 18503413861
syscr: 9067682
syscw: 1335765
read_bytes: 17858285056
write_bytes: 18551816192
cancelled_write_bytes: 0

[2020-02-12T04:01:53-08:00]
rchar: 24668992460
wchar: 18593292349
syscr: 9119639
syscw: 1343733
read_bytes: 17928912384
write_bytes: 18641977344
cancelled_write_bytes: 0

[2020-02-12T04:01:56-08:00]
rchar: 24853678132
wchar: 18698622737
syscr: 9186964
syscw: 1353119
read_bytes: 18020089344
write_bytes: 18747609088
cancelled_write_bytes: 0

[2020-02-12T04:01:59-08:00]
rchar: 24992506830
wchar: 18786235466
syscr: 9237318
syscw: 1360373
read_bytes: 18087730688
write_bytes: 18835492864
cancelled_write_bytes: 0

[2020-02-12T04:02:02-08:00]
rchar: 25116226750
wchar: 18870173135
syscr: 9282385
syscw: 1368326
read_bytes: 18149252608
write_bytes: 18919694336
cancelled_write_bytes: 0

[2020-02-12T04:02:05-08:00]
rchar: 25291250476
wchar: 18974634452
syscr: 9345762
syscw: 1377677
read_bytes: 18236956160
write_bytes: 19024490496
cancelled_write_bytes: 0

[2020-02-12T04:02:08-08:00]
rchar: 25383950656
wchar: 19047124006
syscr: 9379528
syscw: 1383287
read_bytes: 18284326400
write_bytes: 19097128960
cancelled_write_bytes: 0

[2020-02-12T04:02:11-08:00]
rchar: 25532167299
wchar: 19143032904
syscr: 9434029
syscw: 1392105
read_bytes: 18359606784
write_bytes: 19193307136
cancelled_write_bytes: 0

[2020-02-12T04:02:14-08:00]
rchar: 25654841920
wchar: 19230488967
syscr: 9479173
syscw: 1399869
read_bytes: 18422431232
write_bytes: 19281088512
cancelled_write_bytes: 0

[2020-02-12T04:02:17-08:00]
rchar: 25785662067
wchar: 19316164530
syscr: 9526839
syscw: 1407383
read_bytes: 18486222336
write_bytes: 19367018496
cancelled_write_bytes: 0

[2020-02-12T04:02:20-08:00]
rchar: 25969563898
wchar: 19423232908
syscr: 9593796
syscw: 1416920
read_bytes: 18577583616
write_bytes: 19474419712
cancelled_write_bytes: 0

[2020-02-12T04:02:23-08:00]
rchar: 26117697229
wchar: 19516645651
syscr: 9647879
syscw: 1425935
read_bytes: 18650836480
write_bytes: 19568074752
cancelled_write_bytes: 0

[2020-02-12T04:02:26-08:00]
rchar: 26261755439
wchar: 19610617747
syscr: 9700891
syscw: 1434795
read_bytes: 18723712512
write_bytes: 19662368768
cancelled_write_bytes: 0

[2020-02-12T04:02:30-08:00]
rchar: 26416387437
wchar: 19708232637
syscr: 9757734
syscw: 1442789
read_bytes: 18798874112
write_bytes: 19760324608
cancelled_write_bytes: 0

[2020-02-12T04:02:33-08:00]
rchar: 26528337201
wchar: 19786626484
syscr: 9798861
syscw: 1450134
read_bytes: 18852638208
write_bytes: 19838976000
cancelled_write_bytes: 0

[2020-02-12T04:02:36-08:00]
rchar: 26730667943
wchar: 19900406984
syscr: 9872488
syscw: 1460597
read_bytes: 18952736256
write_bytes: 19953090560
cancelled_write_bytes: 0

[2020-02-12T04:02:39-08:00]
rchar: 27011691301
wchar: 20043732897
syscr: 9974088
syscw: 1469979
read_bytes: 19090394624
write_bytes: 20096462848
cancelled_write_bytes: 0

[2020-02-12T04:02:42-08:00]
rchar: 27145938184
wchar: 20168503431
syscr: 10022688
syscw: 1478917
read_bytes: 19152829952
write_bytes: 20221546496
cancelled_write_bytes: 0

[2020-02-12T04:02:45-08:00]
rchar: 27303058189
wchar: 20261451386
syscr: 10079017
syscw: 1487439
read_bytes: 19226336768
write_bytes: 20314771456
cancelled_write_bytes: 0

[2020-02-12T04:02:48-08:00]
rchar: 27460638793
wchar: 20355487175
syscr: 10135629
syscw: 1494911
read_bytes: 19299278336
write_bytes: 20409053184
cancelled_write_bytes: 0

[2020-02-12T04:02:51-08:00]
rchar: 27627375979
wchar: 20454161699
syscr: 10195274
syscw: 1503718
read_bytes: 19376754176
write_bytes: 20508037120
cancelled_write_bytes: 0

[2020-02-12T04:02:54-08:00]
rchar: 27756811857
wchar: 20540072241
syscr: 10242478
syscw: 1512074
read_bytes: 19436449280
write_bytes: 20594180096
cancelled_write_bytes: 0

[2020-02-12T04:02:57-08:00]
rchar: 27897503760
wchar: 20630069599
syscr: 10294117
syscw: 1520113
read_bytes: 19504840192
write_bytes: 20684414976
cancelled_write_bytes: 0

[2020-02-12T04:03:00-08:00]
rchar: 28200277395
wchar: 20788796402
syscr: 10395604
syscw: 1529553
read_bytes: 19650850304
write_bytes: 20843466752
cancelled_write_bytes: 0

[2020-02-12T04:03:03-08:00]
rchar: 28420611788
wchar: 20994813283
syscr: 10468886
syscw: 1536182
read_bytes: 19761294848
write_bytes: 21049745408
cancelled_write_bytes: 0

[2020-02-12T04:03:06-08:00]
rchar: 28604124015
wchar: 21188668625
syscr: 10530526
syscw: 1542173
read_bytes: 19851275776
write_bytes: 21243719680
cancelled_write_bytes: 0

[2020-02-12T04:03:09-08:00]
rchar: 28729009493
wchar: 21269948436
syscr: 10575735
syscw: 1549846
read_bytes: 19906424320
write_bytes: 21325221888
cancelled_write_bytes: 0

[2020-02-12T04:03:12-08:00]
rchar: 28879529593
wchar: 21329689431
syscr: 10629752
syscw: 1558060
read_bytes: 19975822848
write_bytes: 21385256960
cancelled_write_bytes: 0

[2020-02-12T04:03:15-08:00]
rchar: 29045717216
wchar: 21444004806
syscr: 10689669
syscw: 1566712
read_bytes: 20047965696
write_bytes: 21499863040
cancelled_write_bytes: 0

[2020-02-12T04:03:18-08:00]
rchar: 29196893151
wchar: 21548046581
syscr: 10743370
syscw: 1575648
read_bytes: 20115701248
write_bytes: 21604171776
cancelled_write_bytes: 0

[2020-02-12T04:03:21-08:00]
rchar: 29378766211
wchar: 21627340313
syscr: 10808493
syscw: 1585308
read_bytes: 20195393024
write_bytes: 21683793920
cancelled_write_bytes: 0

[2020-02-12T04:03:24-08:00]
rchar: 29514072602
wchar: 21748168995
syscr: 10856961
syscw: 1593691
read_bytes: 20255522304
write_bytes: 21804912640
cancelled_write_bytes: 0

[2020-02-12T04:03:27-08:00]
rchar: 29673554413
wchar: 21810142868
syscr: 10914503
syscw: 1602919
read_bytes: 20325772800
write_bytes: 21867139072
cancelled_write_bytes: 0

[2020-02-12T04:03:30-08:00]
rchar: 29832133108
wchar: 21908802124
syscr: 10972629
syscw: 1612673
read_bytes: 20398374400
write_bytes: 21966082048
cancelled_write_bytes: 0

[2020-02-12T04:03:33-08:00]
rchar: 30111027467
wchar: 22158363590
syscr: 11064685
syscw: 1619667
read_bytes: 20527009280
write_bytes: 22215880704
cancelled_write_bytes: 0

[2020-02-12T04:03:36-08:00]
rchar: 30335633947
wchar: 22317003595
syscr: 11137650
syscw: 1625362
read_bytes: 20631731712
write_bytes: 22374707200
cancelled_write_bytes: 0

[2020-02-12T04:03:39-08:00]
rchar: 30735080252
wchar: 22623377302
syscr: 11266590
syscw: 1633957
read_bytes: 20822560256
write_bytes: 22681128960
cancelled_write_bytes: 0

[2020-02-12T04:03:42-08:00]
rchar: 30978224897
wchar: 22850736030
syscr: 11345950
syscw: 1640774
read_bytes: 20938345984
write_bytes: 22908604416
cancelled_write_bytes: 0

[2020-02-12T04:03:45-08:00]
rchar: 31081444809
wchar: 22986944373
syscr: 11380432
syscw: 1645126
read_bytes: 20986220032
write_bytes: 23044943872
cancelled_write_bytes: 0

[2020-02-12T04:03:48-08:00]
rchar: 31224612977
wchar: 23085341723
syscr: 11429198
syscw: 1651323
read_bytes: 21048950272
write_bytes: 23143575552
cancelled_write_bytes: 0

[2020-02-12T04:03:51-08:00]
rchar: 31588246191
wchar: 23370010501
syscr: 11550871
syscw: 1659581
read_bytes: 21206760960
write_bytes: 23428288512
cancelled_write_bytes: 0

[2020-02-12T04:03:54-08:00]
rchar: 31842798834
wchar: 23535303273
syscr: 11638875
syscw: 1669759
read_bytes: 21318213120
write_bytes: 23593840640
cancelled_write_bytes: 0

[2020-02-12T04:03:57-08:00]
rchar: 31959045075
wchar: 23614050187
syscr: 11680205
syscw: 1677656
read_bytes: 21364596224
write_bytes: 23672827904
cancelled_write_bytes: 0

[2020-02-12T04:04:00-08:00]
rchar: 32122013012
wchar: 23707757548
syscr: 11738233
syscw: 1686896
read_bytes: 21427785216
write_bytes: 23766843392
cancelled_write_bytes: 0

[2020-02-12T04:04:03-08:00]
rchar: 32323610921
wchar: 23814232033
syscr: 11809845
syscw: 1696840
read_bytes: 21508660736
write_bytes: 23873650688
cancelled_write_bytes: 0

[2020-02-12T04:04:06-08:00]
rchar: 32484486481
wchar: 23906391596
syscr: 11867081
syscw: 1705465
read_bytes: 21572328960
write_bytes: 23966085120
cancelled_write_bytes: 0

[2020-02-12T04:04:09-08:00]
rchar: 32662352095
wchar: 24005731237
syscr: 11930111
syscw: 1715726
read_bytes: 21644598784
write_bytes: 24065712128
cancelled_write_bytes: 0

[2020-02-12T04:04:12-08:00]
rchar: 32830418935
wchar: 24102638526
syscr: 11989991
syscw: 1724186
read_bytes: 21710601728
write_bytes: 24162914304
cancelled_write_bytes: 0

[2020-02-12T04:04:15-08:00]
rchar: 32957113167
wchar: 24201680489
syscr: 12036036
syscw: 1731771
read_bytes: 21761179136
write_bytes: 24262303744
cancelled_write_bytes: 0

[2020-02-12T04:04:18-08:00]
rchar: 33319425174
wchar: 24469259496
syscr: 12153525
syscw: 1739243
read_bytes: 21923110400
write_bytes: 24530100224
cancelled_write_bytes: 0

[2020-02-12T04:04:21-08:00]
rchar: 33597423149
wchar: 24691344041
syscr: 12244521
syscw: 1747185
read_bytes: 22046166528
write_bytes: 24752295936
cancelled_write_bytes: 0

[2020-02-12T04:04:24-08:00]
rchar: 33860640298
wchar: 24949185550
syscr: 12330998
syscw: 1754206
read_bytes: 22163340800
write_bytes: 25010294784
cancelled_write_bytes: 0

[2020-02-12T04:04:27-08:00]
rchar: 34018150259
wchar: 25044875031
syscr: 12386822
syscw: 1763003
read_bytes: 22225997312
write_bytes: 25106239488
cancelled_write_bytes: 0

[2020-02-12T04:04:30-08:00]
rchar: 34150703608
wchar: 25129203703
syscr: 12433940
syscw: 1769801
read_bytes: 22277766656
write_bytes: 25190727680
cancelled_write_bytes: 0

[2020-02-12T04:04:33-08:00]
rchar: 34384531587
wchar: 25267029616
syscr: 12516319
syscw: 1781228
read_bytes: 22369758720
write_bytes: 25328840704
cancelled_write_bytes: 0

[2020-02-12T04:04:36-08:00]
rchar: 34646639819
wchar: 25425711166
syscr: 12607126
syscw: 1791869
read_bytes: 22475140608
write_bytes: 25487704064
cancelled_write_bytes: 0

[2020-02-12T04:04:39-08:00]
rchar: 34794775620
wchar: 25547664808
syscr: 12659968
syscw: 1799872
read_bytes: 22530141696
write_bytes: 25609879552
cancelled_write_bytes: 0

[2020-02-12T04:04:42-08:00]
rchar: 34962252712
wchar: 25626175497
syscr: 12719256
syscw: 1808419
read_bytes: 22595902976
write_bytes: 25688645632
cancelled_write_bytes: 0

[2020-02-12T04:04:45-08:00]
rchar: 35138427111
wchar: 25741979780
syscr: 12781920
syscw: 1817720
read_bytes: 22660414976
write_bytes: 25804718080
cancelled_write_bytes: 0

[2020-02-12T04:04:48-08:00]
rchar: 35272947947
wchar: 25827448197
syscr: 12830099
syscw: 1826699
read_bytes: 22710771200
write_bytes: 25890430976
cancelled_write_bytes: 0

[2020-02-12T04:04:51-08:00]
rchar: 35548809001
wchar: 26005223189
syscr: 12921554
syscw: 1833794
read_bytes: 22824365568
write_bytes: 26068631552
cancelled_write_bytes: 0

[2020-02-12T04:04:54-08:00]
rchar: 35877638335
wchar: 26260430999
syscr: 13027721
syscw: 1841353
read_bytes: 22965960192
write_bytes: 26323939328
cancelled_write_bytes: 0

[2020-02-12T04:04:57-08:00]
rchar: 36200565644
wchar: 26544109434
syscr: 13133435
syscw: 1850733
read_bytes: 23101423104
write_bytes: 26607718400
cancelled_write_bytes: 0

[2020-02-12T04:05:00-08:00]
rchar: 36293063295
wchar: 26661050557
syscr: 13165015
syscw: 1855449
read_bytes: 23138590208
write_bytes: 26724929536
cancelled_write_bytes: 0

[2020-02-12T04:05:03-08:00]
rchar: 36407795044
wchar: 26737792928
syscr: 13205320
syscw: 1861923
read_bytes: 23180873216
write_bytes: 26801934336
cancelled_write_bytes: 0

[2020-02-12T04:05:06-08:00]
rchar: 36619644903
wchar: 26850566863
syscr: 13281660
syscw: 1873161
read_bytes: 23259950592
write_bytes: 26915033088
cancelled_write_bytes: 0

[2020-02-12T04:05:09-08:00]
rchar: 36782630393
wchar: 26947084429
syscr: 13339558
syscw: 1883692
read_bytes: 23318658560
write_bytes: 27011874816
cancelled_write_bytes: 0

[2020-02-12T04:05:12-08:00]
rchar: 36907144535
wchar: 27027954906
syscr: 13384086
syscw: 1891543
read_bytes: 23363100160
write_bytes: 27092992000
cancelled_write_bytes: 0

[2020-02-12T04:05:15-08:00]
rchar: 37127858353
wchar: 27143230585
syscr: 13462741
syscw: 1902574
read_bytes: 23443906048
write_bytes: 27208609792
cancelled_write_bytes: 0

[2020-02-12T04:05:18-08:00]
rchar: 37282257054
wchar: 27234980913
syscr: 13517557
syscw: 1911550
read_bytes: 23499771392
write_bytes: 27300638720
cancelled_write_bytes: 0

[2020-02-12T04:05:21-08:00]
rchar: 37422181737
wchar: 27322575755
syscr: 13567739
syscw: 1920314
read_bytes: 23552048640
write_bytes: 27388469248
cancelled_write_bytes: 0

[2020-02-12T04:05:24-08:00]
rchar: 37651434933
wchar: 27444131903
syscr: 13650568
syscw: 1931222
read_bytes: 23636762112
write_bytes: 27510362112
cancelled_write_bytes: 0

[2020-02-12T04:05:27-08:00]
rchar: 37775623445
wchar: 27531670743
syscr: 13696195
syscw: 1939974
read_bytes: 23680074240
write_bytes: 27598741504
cancelled_write_bytes: 0

[2020-02-12T04:05:30-08:00]
rchar: 37937589275
wchar: 27628378547
syscr: 13755010
syscw: 1949920
read_bytes: 23740531200
write_bytes: 27695759360
cancelled_write_bytes: 0

[2020-02-12T04:05:33-08:00]
rchar: 38138831341
wchar: 27739585920
syscr: 13827660
syscw: 1960808
read_bytes: 23814455808
write_bytes: 27807281152
cancelled_write_bytes: 0

[2020-02-12T04:05:36-08:00]
rchar: 38285499325
wchar: 27865079972
syscr: 13880610
syscw: 1970141
read_bytes: 23868719616
write_bytes: 27933024256
cancelled_write_bytes: 0

[2020-02-12T04:05:39-08:00]
rchar: 38455173727
wchar: 27947912657
syscr: 13940962
syscw: 1979869
read_bytes: 23929545216
write_bytes: 28016107520
cancelled_write_bytes: 0

[2020-02-12T04:05:42-08:00]
rchar: 38664662514
wchar: 28065418947
syscr: 14015464
syscw: 1991772
read_bytes: 24005075456
write_bytes: 28133953536
cancelled_write_bytes: 0

[2020-02-12T04:05:45-08:00]
rchar: 38806230884
wchar: 28169785090
syscr: 14065721
syscw: 2000877
read_bytes: 24055165440
write_bytes: 28238548992
cancelled_write_bytes: 0

[2020-02-12T04:05:48-08:00]
rchar: 39005094666
wchar: 28279743628
syscr: 14136398
syscw: 2011721
read_bytes: 24127525376
write_bytes: 28348825600
cancelled_write_bytes: 0

[2020-02-12T04:05:51-08:00]
rchar: 39184061095
wchar: 28381247082
syscr: 14199801
syscw: 2021725
read_bytes: 24191672832
write_bytes: 28450611200
cancelled_write_bytes: 0

[2020-02-12T04:05:54-08:00]
rchar: 39306383364
wchar: 28463915046
syscr: 14243694
syscw: 2029539
read_bytes: 24237535744
write_bytes: 28533518336
cancelled_write_bytes: 0

[2020-02-12T04:05:57-08:00]
rchar: 39528358903
wchar: 28583773985
syscr: 14325807
syscw: 2041201
read_bytes: 24317841920
write_bytes: 28653752320
cancelled_write_bytes: 0

[2020-02-12T04:06:00-08:00]
rchar: 39796054290
wchar: 28762700212
syscr: 14410922
syscw: 2045732
read_bytes: 24421216768
write_bytes: 28832989184
cancelled_write_bytes: 0

[2020-02-12T04:06:03-08:00]
rchar: 40132632596
wchar: 29016886853
syscr: 14519117
syscw: 2054082
read_bytes: 24553091584
write_bytes: 29087281152
cancelled_write_bytes: 0

[2020-02-12T04:06:06-08:00]
rchar: 40387172416
wchar: 29285499762
syscr: 14601388
syscw: 2061078
read_bytes: 24648425984
write_bytes: 29356056576
cancelled_write_bytes: 0

[2020-02-12T04:06:09-08:00]
rchar: 40584655262
wchar: 29444386450
syscr: 14665136
syscw: 2066188
read_bytes: 24724201984
write_bytes: 29515108352
cancelled_write_bytes: 0

[2020-02-12T04:06:12-08:00]
rchar: 40720470122
wchar: 29588427019
syscr: 14709933
syscw: 2070969
read_bytes: 24775422464
write_bytes: 29659373568
cancelled_write_bytes: 0

[2020-02-12T04:06:15-08:00]
rchar: 40896659127
wchar: 29759619846
syscr: 14768875
syscw: 2078119
read_bytes: 24838414848
write_bytes: 29830864896
cancelled_write_bytes: 0

[2020-02-12T04:06:18-08:00]
rchar: 41089468000
wchar: 29880116970
syscr: 14835907
syscw: 2086850
read_bytes: 24904380928
write_bytes: 29951594496
cancelled_write_bytes: 0

[2020-02-12T04:06:21-08:00]
rchar: 41230107281
wchar: 29986554920
syscr: 14886019
syscw: 2096312
read_bytes: 24950931968
write_bytes: 30058319872
cancelled_write_bytes: 0

[2020-02-12T04:06:24-08:00]
rchar: 41395247539
wchar: 30064103273
syscr: 14944763
syscw: 2106381
read_bytes: 25002934784
write_bytes: 30136123392
cancelled_write_bytes: 0

[2020-02-12T04:06:27-08:00]
rchar: 41614634991
wchar: 30180463758
syscr: 15023972
syscw: 2118201
read_bytes: 25071391232
write_bytes: 30253293568
cancelled_write_bytes: 0

[2020-02-12T04:06:30-08:00]
rchar: 41734515418
wchar: 30271067963
syscr: 15065638
syscw: 2125629
read_bytes: 25112797696
write_bytes: 30344491008
cancelled_write_bytes: 0

[2020-02-12T04:06:33-08:00]
rchar: 41877704047
wchar: 30374201062
syscr: 15116209
syscw: 2134983
read_bytes: 25161576960
write_bytes: 30447865856
cancelled_write_bytes: 0

[2020-02-12T04:06:36-08:00]
rchar: 42088869235
wchar: 30492492558
syscr: 15192272
syscw: 2146658
read_bytes: 25235665408
write_bytes: 30566465536
cancelled_write_bytes: 0

[2020-02-12T04:06:39-08:00]
rchar: 42267838985
wchar: 30584308838
syscr: 15256599
syscw: 2156019
read_bytes: 25295294976
write_bytes: 30658924544
cancelled_write_bytes: 0

[2020-02-12T04:06:42-08:00]
rchar: 42469885321
wchar: 30759827739
syscr: 15323240
syscw: 2162976
read_bytes: 25368441344
write_bytes: 30834708480
cancelled_write_bytes: 0

[2020-02-12T04:06:45-08:00]
rchar: 42706638316
wchar: 30964446082
syscr: 15400786
syscw: 2169841
read_bytes: 25456640512
write_bytes: 31039541248
cancelled_write_bytes: 0

[2020-02-12T04:06:48-08:00]
rchar: 42887907921
wchar: 31117917050
syscr: 15461999
syscw: 2177639
read_bytes: 25520562688
write_bytes: 31193374720
cancelled_write_bytes: 0

[2020-02-12T04:06:51-08:00]
rchar: 43061783626
wchar: 31259687282
syscr: 15521949
syscw: 2185961
read_bytes: 25578373632
write_bytes: 31335391232
cancelled_write_bytes: 0

[2020-02-12T04:06:54-08:00]
rchar: 43435314805
wchar: 31516524024
syscr: 15648591
syscw: 2195663
read_bytes: 25706516992
write_bytes: 31592259584
cancelled_write_bytes: 0

[2020-02-12T04:06:57-08:00]
rchar: 43570049853
wchar: 31635407616
syscr: 15696548
syscw: 2204315
read_bytes: 25749258752
write_bytes: 31711354880
cancelled_write_bytes: 0

[2020-02-12T04:07:00-08:00]
rchar: 43733241213
wchar: 31699010242
syscr: 15754614
syscw: 2214981
read_bytes: 25799815680
write_bytes: 31775223808
cancelled_write_bytes: 0

[2020-02-12T04:07:03-08:00]
rchar: 43995243269
wchar: 31883292343
syscr: 15845535
syscw: 2227501
read_bytes: 25885245952
write_bytes: 31959748608
cancelled_write_bytes: 0

[2020-02-12T04:07:06-08:00]
rchar: 44189997414
wchar: 31989014255
syscr: 15914333
syscw: 2238405
read_bytes: 25944809984
write_bytes: 32065732608
cancelled_write_bytes: 0

[2020-02-12T04:07:09-08:00]
rchar: 44368347453
wchar: 32089109083
syscr: 15977466
syscw: 2249568
read_bytes: 25998434816
write_bytes: 32166100992
cancelled_write_bytes: 0

[2020-02-12T04:07:12-08:00]
rchar: 44549048077
wchar: 32192529787
syscr: 16042241
syscw: 2261673
read_bytes: 26053534208
write_bytes: 32269762560
cancelled_write_bytes: 0

[2020-02-12T04:07:15-08:00]
rchar: 44771204204
wchar: 32291180515
syscr: 16118508
syscw: 2270769
read_bytes: 26122826240
write_bytes: 32368943104
cancelled_write_bytes: 0

[2020-02-12T04:07:18-08:00]
rchar: 44940723425
wchar: 32475332797
syscr: 16174576
syscw: 2276853
read_bytes: 26180350464
write_bytes: 32553295872
cancelled_write_bytes: 0

[2020-02-12T04:07:21-08:00]
rchar: 45366620109
wchar: 32851629207
syscr: 16313532
syscw: 2287199
read_bytes: 26321973760
write_bytes: 32929738752
cancelled_write_bytes: 0

[2020-02-12T04:07:24-08:00]
rchar: 45500631945
wchar: 32959108423
syscr: 16359135
syscw: 2293587
read_bytes: 26363122176
write_bytes: 33046941696
cancelled_write_bytes: 0

[2020-02-12T04:07:27-08:00]
rchar: 45720629344
wchar: 33100012209
syscr: 16435746
syscw: 2303484
read_bytes: 26427093504
write_bytes: 33178599424
cancelled_write_bytes: 0

[2020-02-12T04:07:30-08:00]
rchar: 45904183921
wchar: 33202765666
syscr: 16501288
syscw: 2313919
read_bytes: 26478424576
write_bytes: 33281613824
cancelled_write_bytes: 0

[2020-02-12T04:07:33-08:00]
rchar: 46061291161
wchar: 33314995360
syscr: 16557334
syscw: 2325044
read_bytes: 26524107264
write_bytes: 33394159616
cancelled_write_bytes: 0

[2020-02-12T04:07:36-08:00]
rchar: 46241160087
wchar: 33396884352
syscr: 16621221
syscw: 2335824
read_bytes: 26575892992
write_bytes: 33476300800
cancelled_write_bytes: 0

[2020-02-12T04:07:39-08:00]
rchar: 46403464693
wchar: 33524425554
syscr: 16678837
syscw: 2346242
read_bytes: 26622935552
write_bytes: 33604079616
cancelled_write_bytes: 0

[2020-02-12T04:07:42-08:00]
rchar: 46641165077
wchar: 33628446206
syscr: 16762980
syscw: 2359088
read_bytes: 26689544704
write_bytes: 33708396544
cancelled_write_bytes: 0

[2020-02-12T04:07:45-08:00]
rchar: 46794001106
wchar: 33737820567
syscr: 16817385
syscw: 2369945
read_bytes: 26733314560
write_bytes: 33817997312
cancelled_write_bytes: 0

[2020-02-12T04:07:48-08:00]
rchar: 47025779224
wchar: 33850617875
syscr: 16898867
syscw: 2381363
read_bytes: 26797220352
write_bytes: 33931333632
cancelled_write_bytes: 0

[2020-02-12T04:07:51-08:00]
rchar: 47137618128
wchar: 33925012949
syscr: 16936379
syscw: 2386636
read_bytes: 26831077888
write_bytes: 34006056960
cancelled_write_bytes: 0

[2020-02-12T04:07:54-08:00]
rchar: 47459592631
wchar: 34173877136
syscr: 17041987
syscw: 2396340
read_bytes: 26931483136
write_bytes: 34255122432
cancelled_write_bytes: 0

[2020-02-12T04:07:57-08:00]
rchar: 47653656997
wchar: 34359997846
syscr: 17106950
syscw: 2403943
read_bytes: 26991071744
write_bytes: 34441482240
cancelled_write_bytes: 0

[2020-02-12T04:08:00-08:00]
rchar: 47834530472
wchar: 34529987794
syscr: 17168809
syscw: 2412279
read_bytes: 27043725824
write_bytes: 34611691520
cancelled_write_bytes: 0

[2020-02-12T04:08:03-08:00]
rchar: 48069052703
wchar: 34650267630
syscr: 17252419
syscw: 2425010
read_bytes: 27104383488
write_bytes: 34732261376
cancelled_write_bytes: 0

[2020-02-12T04:08:06-08:00]
rchar: 48253831335
wchar: 34756367923
syscr: 17318286
syscw: 2437515
read_bytes: 27153297920
write_bytes: 34838638592
cancelled_write_bytes: 0

[2020-02-12T04:08:09-08:00]
rchar: 48444530721
wchar: 34859650795
syscr: 17385943
syscw: 2448804
read_bytes: 27203666432
write_bytes: 34942177280
cancelled_write_bytes: 0

[2020-02-12T04:08:12-08:00]
rchar: 48656295652
wchar: 34988197143
syscr: 17460987
syscw: 2461790
read_bytes: 27261538816
write_bytes: 35071029248
cancelled_write_bytes: 0

[2020-02-12T04:08:15-08:00]
rchar: 48845292555
wchar: 35107704748
syscr: 17527729
syscw: 2473522
read_bytes: 27309122048
write_bytes: 35190812672
cancelled_write_bytes: 0

[2020-02-12T04:08:18-08:00]
rchar: 49038366054
wchar: 35214708824
syscr: 17596726
syscw: 2485651
read_bytes: 27360604672
write_bytes: 35298103296
cancelled_write_bytes: 0

[2020-02-12T04:08:21-08:00]
rchar: 49246733409
wchar: 35326527369
syscr: 17672890
syscw: 2496820
read_bytes: 27416572416
write_bytes: 35410468864
cancelled_write_bytes: 0

[2020-02-12T04:08:24-08:00]
rchar: 49380262190
wchar: 35394527229
syscr: 17717090
syscw: 2501128
read_bytes: 27456717312
write_bytes: 35478904832
cancelled_write_bytes: 0

[2020-02-12T04:08:27-08:00]
rchar: 49636286744
wchar: 35651378077
syscr: 17801561
syscw: 2509248
read_bytes: 27530985984
write_bytes: 35735986176
cancelled_write_bytes: 0

[2020-02-12T04:08:30-08:00]
rchar: 49938780347
wchar: 35893458621
syscr: 17902005
syscw: 2519079
read_bytes: 27619725824
write_bytes: 35978358784
cancelled_write_bytes: 0

[2020-02-12T04:08:33-08:00]
rchar: 50191881990
wchar: 36064227144
syscr: 17986919
syscw: 2528805
read_bytes: 27693355520
write_bytes: 36149272576
cancelled_write_bytes: 0

[2020-02-12T04:08:36-08:00]
rchar: 50409872468
wchar: 36229275671
syscr: 18063041
syscw: 2540367
read_bytes: 27749634560
write_bytes: 36314554368
cancelled_write_bytes: 0

[2020-02-12T04:08:39-08:00]
rchar: 50574073823
wchar: 36343964228
syscr: 18122904
syscw: 2551283
read_bytes: 27786961408
write_bytes: 36430315520
cancelled_write_bytes: 0

[2020-02-12T04:08:42-08:00]
rchar: 50673377577
wchar: 36398792298
syscr: 18158823
syscw: 2558044
read_bytes: 27811222016
write_bytes: 36485910528
cancelled_write_bytes: 0

[2020-02-12T04:08:45-08:00]
rchar: 50827131063
wchar: 36520300256
syscr: 18212608
syscw: 2567850
read_bytes: 27849802240
write_bytes: 36607672320
cancelled_write_bytes: 0

[2020-02-12T04:08:48-08:00]
rchar: 51085302483
wchar: 36649398920
syscr: 18304983
syscw: 2581854
read_bytes: 27913019904
write_bytes: 36737130496
cancelled_write_bytes: 0

[2020-02-12T04:08:51-08:00]
rchar: 51177380124
wchar: 36718224089
syscr: 18337281
syscw: 2586802
read_bytes: 27937128960
write_bytes: 36807020544
cancelled_write_bytes: 0

[2020-02-12T04:08:54-08:00]
rchar: 51400793211
wchar: 36882543025
syscr: 18414579
syscw: 2598321
read_bytes: 27996918272
write_bytes: 36971626496
cancelled_write_bytes: 0

[2020-02-12T04:08:57-08:00]
rchar: 51568642490
wchar: 36978893657
syscr: 18475852
syscw: 2608656
read_bytes: 28036813312
write_bytes: 37068238848
cancelled_write_bytes: 0

[2020-02-12T04:09:00-08:00]
rchar: 51709876303
wchar: 37040285426
syscr: 18522350
syscw: 2614092
read_bytes: 28074230272
write_bytes: 37130063872
cancelled_write_bytes: 0

[2020-02-12T04:09:03-08:00]
rchar: 52144771420
wchar: 37361344095
syscr: 18661903
syscw: 2623530
read_bytes: 28198859264
write_bytes: 37451313152
cancelled_write_bytes: 0

[2020-02-12T04:09:06-08:00]
rchar: 52409170728
wchar: 37644665306
syscr: 18746487
syscw: 2629867
read_bytes: 28274323968
write_bytes: 37734764544
cancelled_write_bytes: 0

[2020-02-12T04:09:09-08:00]
rchar: 52760161588
wchar: 37945143789
syscr: 18860143
syscw: 2640259
read_bytes: 28371407360
write_bytes: 38035324928
cancelled_write_bytes: 0

[2020-02-12T04:09:12-08:00]
rchar: 52960180458
wchar: 38132602927
syscr: 18925436
syscw: 2647193
read_bytes: 28424446464
write_bytes: 38222950400
cancelled_write_bytes: 0

[2020-02-12T04:09:15-08:00]
rchar: 53094035524
wchar: 38220914733
syscr: 18970294
syscw: 2653541
read_bytes: 28457091584
write_bytes: 38311497728
cancelled_write_bytes: 0

[2020-02-12T04:09:18-08:00]
rchar: 53250594439
wchar: 38380825329
syscr: 19024189
syscw: 2662938
read_bytes: 28495208960
write_bytes: 38471671808
cancelled_write_bytes: 0

[2020-02-12T04:09:21-08:00]
rchar: 53505781122
wchar: 38524308956
syscr: 19113380
syscw: 2676293
read_bytes: 28553859584
write_bytes: 38615412736
cancelled_write_bytes: 0

[2020-02-12T04:09:24-08:00]
rchar: 53707257170
wchar: 38632918921
syscr: 19184224
syscw: 2688482
read_bytes: 28597268992
write_bytes: 38724288512
cancelled_write_bytes: 0

[2020-02-12T04:09:27-08:00]
rchar: 53931204553
wchar: 38748016411
syscr: 19262834
syscw: 2701355
read_bytes: 28647907840
write_bytes: 38839611392
cancelled_write_bytes: 0

[2020-02-12T04:09:30-08:00]
rchar: 54148487266
wchar: 38895638755
syscr: 19339080
syscw: 2714204
read_bytes: 28695720448
write_bytes: 38987476992
cancelled_write_bytes: 0

[2020-02-12T04:09:33-08:00]
rchar: 54346343465
wchar: 39005347957
syscr: 19409222
syscw: 2726745
read_bytes: 28740248064
write_bytes: 39097389056
cancelled_write_bytes: 0

[2020-02-12T04:09:36-08:00]
rchar: 54530238606
wchar: 39119323744
syscr: 19476288
syscw: 2734858
read_bytes: 28780573184
write_bytes: 39211900928
cancelled_write_bytes: 0

[2020-02-12T04:09:39-08:00]
rchar: 54683935137
wchar: 39162396743
syscr: 19526692
syscw: 2740348
read_bytes: 28818649600
write_bytes: 39255474176
cancelled_write_bytes: 0

[2020-02-12T04:09:42-08:00]
rchar: 55018668757
wchar: 39513266801
syscr: 19633846
syscw: 2747249
read_bytes: 28910850560
write_bytes: 39606456320
cancelled_write_bytes: 0

[2020-02-12T04:09:45-08:00]
rchar: 55368456957
wchar: 39778230099
syscr: 19746304
syscw: 2755388
read_bytes: 29003670016
write_bytes: 39871504384
cancelled_write_bytes: 0

[2020-02-12T04:09:48-08:00]
rchar: 55550353058
wchar: 39977765574
syscr: 19806655
syscw: 2762313
read_bytes: 29047632384
write_bytes: 40071299072
cancelled_write_bytes: 0

[2020-02-12T04:09:51-08:00]
rchar: 55706644706
wchar: 40109270415
syscr: 19859817
syscw: 2769635
read_bytes: 29084664320
write_bytes: 40203034624
cancelled_write_bytes: 0

[2020-02-12T04:09:54-08:00]
rchar: 55960206638
wchar: 40296022130
syscr: 19946329
syscw: 2779530
read_bytes: 29143978496
write_bytes: 40390017024
cancelled_write_bytes: 0

[2020-02-12T04:09:57-08:00]
rchar: 56180767614
wchar: 40440422959
syscr: 20023683
syscw: 2791581
read_bytes: 29192458752
write_bytes: 40534691840
cancelled_write_bytes: 0

[2020-02-12T04:10:00-08:00]
rchar: 56395692976
wchar: 40556227997
syscr: 20100331
syscw: 2805500
read_bytes: 29237936640
write_bytes: 40650752000
cancelled_write_bytes: 0

[2020-02-12T04:10:03-08:00]
rchar: 56546751982
wchar: 40684989084
syscr: 20155109
syscw: 2814512
read_bytes: 29266354688
write_bytes: 40780541952
cancelled_write_bytes: 0

[2020-02-12T04:10:06-08:00]
rchar: 56727246756
wchar: 40785399492
syscr: 20219007
syscw: 2825086
read_bytes: 29302460928
write_bytes: 40881307648
cancelled_write_bytes: 0

[2020-02-12T04:10:10-08:00]
rchar: 56961465864
wchar: 40907209216
syscr: 20301511
syscw: 2839587
read_bytes: 29349564928
write_bytes: 41003347968
cancelled_write_bytes: 0

[2020-02-12T04:10:13-08:00]
rchar: 57153954954
wchar: 41006678348
syscr: 20370855
syscw: 2848383
read_bytes: 29388812800
write_bytes: 41103286272
cancelled_write_bytes: 0

[2020-02-12T04:10:16-08:00]
rchar: 57329068012
wchar: 41090511887
syscr: 20429113
syscw: 2853915
read_bytes: 29431824896
write_bytes: 41187676160
cancelled_write_bytes: 0

[2020-02-12T04:10:19-08:00]
rchar: 57473548542
wchar: 41252238328
syscr: 20478996
syscw: 2861011
read_bytes: 29466292736
write_bytes: 41350103040
cancelled_write_bytes: 0

[2020-02-12T04:10:22-08:00]
rchar: 57613221753
wchar: 41338659249
syscr: 20527781
syscw: 2867064
read_bytes: 29498688000
write_bytes: 41436876800
cancelled_write_bytes: 0

[2020-02-12T04:10:25-08:00]
rchar: 57776118495
wchar: 41457223013
syscr: 20582676
syscw: 2874018
read_bytes: 29538296320
write_bytes: 41555873792
cancelled_write_bytes: 0

[2020-02-12T04:10:28-08:00]
rchar: 58081132567
wchar: 41705699085
syscr: 20681494
syscw: 2882103
read_bytes: 29616128512
write_bytes: 41804623872
cancelled_write_bytes: 0

[2020-02-12T04:10:31-08:00]
rchar: 58280936842
wchar: 41890354370
syscr: 20747277
syscw: 2890054
read_bytes: 29664506368
write_bytes: 41989505024
cancelled_write_bytes: 0

[2020-02-12T04:10:34-08:00]
rchar: 58453029826
wchar: 42065085666
syscr: 20803803
syscw: 2896954
read_bytes: 29706351104
write_bytes: 42164445184
cancelled_write_bytes: 0

[2020-02-12T04:10:37-08:00]
rchar: 58591121633
wchar: 42224545308
syscr: 20850490
syscw: 2903873
read_bytes: 29738230272
write_bytes: 42340941824
cancelled_write_bytes: 0

[2020-02-12T04:10:40-08:00]
rchar: 58707861488
wchar: 42315618659
syscr: 20890934
syscw: 2910870
read_bytes: 29763703296
write_bytes: 42415644672
cancelled_write_bytes: 0

[2020-02-12T04:10:43-08:00]
rchar: 58889863953
wchar: 42480673827
syscr: 20954010
syscw: 2921397
read_bytes: 29803139584
write_bytes: 42580938752
cancelled_write_bytes: 0

[2020-02-12T04:10:46-08:00]
rchar: 59237128409
wchar: 42718125050
syscr: 21072951
syscw: 2930298
read_bytes: 29870883328
write_bytes: 42818650112
cancelled_write_bytes: 0

[2020-02-12T04:10:49-08:00]
rchar: 59361606316
wchar: 42776622986
syscr: 21115086
syscw: 2934318
read_bytes: 29898715648
write_bytes: 42877894656
cancelled_write_bytes: 0

[2020-02-12T04:10:52-08:00]
rchar: 59609196537
wchar: 42931102046
syscr: 21197040
syscw: 2942369
read_bytes: 29952320000
write_bytes: 43032756224
cancelled_write_bytes: 0

[2020-02-12T04:10:55-08:00]
rchar: 59962597593
wchar: 43218830535
syscr: 21311053
syscw: 2951752
read_bytes: 30032925184
write_bytes: 43320623104
cancelled_write_bytes: 0

[2020-02-12T04:10:58-08:00]
rchar: 60100282446
wchar: 43403202141
syscr: 21356871
syscw: 2957969
read_bytes: 30059987456
write_bytes: 43505192960
cancelled_write_bytes: 0

[2020-02-12T04:11:01-08:00]
rchar: 60381631533
wchar: 43634781261
syscr: 21448752
syscw: 2966582
read_bytes: 30120837632
write_bytes: 43736924160
cancelled_write_bytes: 0

[2020-02-12T04:11:04-08:00]
rchar: 60530996160
wchar: 43777206646
syscr: 21500026
syscw: 2975143
read_bytes: 30148964864
write_bytes: 43879661568
cancelled_write_bytes: 0

[2020-02-12T04:11:07-08:00]
rchar: 60759598125
wchar: 43951499347
syscr: 21577663
syscw: 2985389
read_bytes: 30193156608
write_bytes: 44054159360
cancelled_write_bytes: 0

[2020-02-12T04:11:10-08:00]
rchar: 61004543300
wchar: 44108285487
syscr: 21662822
syscw: 2999043
read_bytes: 30237614592
write_bytes: 44211109888
cancelled_write_bytes: 0

[2020-02-12T04:11:13-08:00]
rchar: 61376262513
wchar: 44332654421
syscr: 21789465
syscw: 3013518
read_bytes: 30302560768
write_bytes: 44435648512
cancelled_write_bytes: 0

[2020-02-12T04:11:16-08:00]
rchar: 61624067908
wchar: 44510261010
syscr: 21873388
syscw: 3021278
read_bytes: 30346306048
write_bytes: 44613402624
cancelled_write_bytes: 0

[2020-02-12T04:11:19-08:00]
rchar: 61856859984
wchar: 44658423755
syscr: 21954754
syscw: 3031906
read_bytes: 30381568512
write_bytes: 44762001408
cancelled_write_bytes: 0

[2020-02-12T04:11:22-08:00]
rchar: 62002220237
wchar: 44768643855
syscr: 22005515
syscw: 3040205
read_bytes: 30406648320
write_bytes: 44873183232
cancelled_write_bytes: 0

[2020-02-12T04:11:25-08:00]
rchar: 62202527105
wchar: 44876471305
syscr: 22075786
syscw: 3052486
read_bytes: 30439150080
write_bytes: 44981272576
cancelled_write_bytes: 0

[2020-02-12T04:11:28-08:00]
rchar: 62412624173
wchar: 44954358496
syscr: 22149177
syscw: 3061792
read_bytes: 30476132864
write_bytes: 45059715072
cancelled_write_bytes: 0

[2020-02-12T04:11:31-08:00]
rchar: 62567598621
wchar: 45081514026
syscr: 22200785
syscw: 3065714
read_bytes: 30506824192
write_bytes: 45187207168
cancelled_write_bytes: 0

[2020-02-12T04:11:34-08:00]
rchar: 62886988420
wchar: 45380186481
syscr: 22304003
syscw: 3074145
read_bytes: 30572433920
write_bytes: 45486039040
cancelled_write_bytes: 0

[2020-02-12T04:11:37-08:00]
rchar: 63298037465
wchar: 45651178910
syscr: 22436611
syscw: 3084344
read_bytes: 30660534784
write_bytes: 45757136896
cancelled_write_bytes: 0

[2020-02-12T04:11:40-08:00]
rchar: 63519745286
wchar: 45870240936
syscr: 22509031
syscw: 3092209
read_bytes: 30704935424
write_bytes: 45976367104
cancelled_write_bytes: 0

[2020-02-12T04:11:43-08:00]
rchar: 63654311489
wchar: 45999320417
syscr: 22554767
syscw: 3099212
read_bytes: 30730564096
write_bytes: 46105706496
cancelled_write_bytes: 0

[2020-02-12T04:11:46-08:00]
rchar: 63871583044
wchar: 46211051030
syscr: 22628364
syscw: 3109884
read_bytes: 30768796160
write_bytes: 46317641728
cancelled_write_bytes: 0

[2020-02-12T04:11:49-08:00]
rchar: 64067659028
wchar: 46350827250
syscr: 22696518
syscw: 3121717
read_bytes: 30800527872
write_bytes: 46457679872
cancelled_write_bytes: 0

[2020-02-12T04:11:52-08:00]
rchar: 64247777223
wchar: 46451380640
syscr: 22760613
syscw: 3134067
read_bytes: 30826938880
write_bytes: 46558457856
cancelled_write_bytes: 0

[2020-02-12T04:11:55-08:00]
rchar: 64426899094
wchar: 46560462811
syscr: 22824355
syscw: 3142356
read_bytes: 30854111744
write_bytes: 46668238848
cancelled_write_bytes: 0

[2020-02-12T04:11:58-08:00]
rchar: 64630605454
wchar: 46693177379
syscr: 22893749
syscw: 3153742
read_bytes: 30888571392
write_bytes: 46801448960
cancelled_write_bytes: 0

[2020-02-12T04:12:01-08:00]
rchar: 64941221721
wchar: 46933524366
syscr: 22996450
syscw: 3164373
read_bytes: 30945735168
write_bytes: 47041859584
cancelled_write_bytes: 0

[2020-02-12T04:12:04-08:00]
rchar: 65150858445
wchar: 47071967489
syscr: 23068172
syscw: 3174142
read_bytes: 30977638912
write_bytes: 47180861440
cancelled_write_bytes: 0

[2020-02-12T04:12:07-08:00]
rchar: 65330169697
wchar: 47227932627
syscr: 23132321
syscw: 3185972
read_bytes: 31007371776
write_bytes: 47337209856
cancelled_write_bytes: 0

[2020-02-12T04:12:10-08:00]
rchar: 65523463868
wchar: 47305244235
syscr: 23202842
syscw: 3198501
read_bytes: 31037649408
write_bytes: 47415078912
cancelled_write_bytes: 0

[2020-02-12T04:12:13-08:00]
rchar: 65747086846
wchar: 47378833010
syscr: 23278708
syscw: 3208015
read_bytes: 31077683712
write_bytes: 47489056768
cancelled_write_bytes: 0

[2020-02-12T04:12:16-08:00]
rchar: 65901760944
wchar: 47528035058
syscr: 23330796
syscw: 3215841
read_bytes: 31106671104
write_bytes: 47638646784
cancelled_write_bytes: 0

[2020-02-12T04:12:19-08:00]
rchar: 66101743429
wchar: 47720424791
syscr: 23397780
syscw: 3224985
read_bytes: 31143510528
write_bytes: 47831470080
cancelled_write_bytes: 0

[2020-02-12T04:12:22-08:00]
rchar: 66264530283
wchar: 47835179242
syscr: 23452906
syscw: 3233162
read_bytes: 31171379712
write_bytes: 47946543104
cancelled_write_bytes: 0

[2020-02-12T04:12:25-08:00]
rchar: 66520894128
wchar: 48041952071
syscr: 23538353
syscw: 3244089
read_bytes: 31215141376
write_bytes: 48153473024
cancelled_write_bytes: 0

[2020-02-12T04:12:28-08:00]
rchar: 66824157128
wchar: 48310634344
syscr: 23639611
syscw: 3257244
read_bytes: 31265829376
write_bytes: 48422334464
cancelled_write_bytes: 0

[2020-02-12T04:12:31-08:00]
rchar: 66951922028
wchar: 48417275047
syscr: 23683340
syscw: 3263892
read_bytes: 31284470272
write_bytes: 48529309696
cancelled_write_bytes: 0

[2020-02-12T04:12:34-08:00]
rchar: 67146148464
wchar: 48564045983
syscr: 23750155
syscw: 3274386
read_bytes: 31317271040
write_bytes: 48676536320
cancelled_write_bytes: 0

[2020-02-12T04:12:37-08:00]
rchar: 67344604321
wchar: 48756478373
syscr: 23820434
syscw: 3286285
read_bytes: 31347331584
write_bytes: 48869380096
cancelled_write_bytes: 0

[2020-02-12T04:12:40-08:00]
rchar: 67532085328
wchar: 48835401995
syscr: 23887259
syscw: 3299112
read_bytes: 31376081408
write_bytes: 48948842496
cancelled_write_bytes: 0

[2020-02-12T04:12:43-08:00]
rchar: 67635949211
wchar: 48983402157
syscr: 23923170
syscw: 3304826
read_bytes: 31393366528
write_bytes: 49097187328
cancelled_write_bytes: 0

[2020-02-12T04:12:46-08:00]
rchar: 67960591384
wchar: 49228812464
syscr: 24032923
syscw: 3317935
read_bytes: 31442010624
write_bytes: 49342763008
cancelled_write_bytes: 0

[2020-02-12T04:12:49-08:00]
rchar: 68308356918
wchar: 49461760706
syscr: 24151385
syscw: 3333462
read_bytes: 31492162048
write_bytes: 49575829504
cancelled_write_bytes: 0

[2020-02-12T04:12:52-08:00]
rchar: 68526838611
wchar: 49595052566
syscr: 24227571
syscw: 3340685
read_bytes: 31523987968
write_bytes: 49709559808
cancelled_write_bytes: 0

[2020-02-12T04:12:55-08:00]
rchar: 68770557969
wchar: 49682985613
syscr: 24308597
syscw: 3347532
read_bytes: 31567602176
write_bytes: 49797955584
cancelled_write_bytes: 0

[2020-02-12T04:12:58-08:00]
rchar: 68996861443
wchar: 49929290551
syscr: 24384139
syscw: 3356938
read_bytes: 31607624192
write_bytes: 50044502016
cancelled_write_bytes: 0

[2020-02-12T04:13:01-08:00]
rchar: 69080141840
wchar: 50061871044
syscr: 24412818
syscw: 3362043
read_bytes: 31619826176
write_bytes: 50177372160
cancelled_write_bytes: 0

[2020-02-12T04:13:04-08:00]
rchar: 69243535907
wchar: 50142383041
syscr: 24469220
syscw: 3371888
read_bytes: 31645213184
write_bytes: 50258448384
cancelled_write_bytes: 0

[2020-02-12T04:13:07-08:00]
rchar: 69444367809
wchar: 50318270195
syscr: 24537105
syscw: 3380904
read_bytes: 31678571008
write_bytes: 50434592768
cancelled_write_bytes: 0

[2020-02-12T04:13:10-08:00]
rchar: 69629717359
wchar: 50496043579
syscr: 24601161
syscw: 3391831
read_bytes: 31705838080
write_bytes: 50612711424
cancelled_write_bytes: 0

[2020-02-12T04:13:13-08:00]
rchar: 69860680951
wchar: 50681944038
syscr: 24678957
syscw: 3403887
read_bytes: 31741043200
write_bytes: 50798788608
cancelled_write_bytes: 0

[2020-02-12T04:13:16-08:00]
rchar: 70023224767
wchar: 50846442273
syscr: 24732583
syscw: 3411197
read_bytes: 31767912960
write_bytes: 50963374080
cancelled_write_bytes: 0

[2020-02-12T04:13:19-08:00]
rchar: 70134613408
wchar: 50988426045
syscr: 24767769
syscw: 3413118
read_bytes: 31786381824
write_bytes: 51105562624
cancelled_write_bytes: 0

[2020-02-12T04:13:22-08:00]
rchar: 70276500525
wchar: 51130962480
syscr: 24810938
syscw: 3413157
read_bytes: 31809802752
write_bytes: 51248214016
cancelled_write_bytes: 0

[2020-02-12T04:13:25-08:00]
rchar: 70276500525
wchar: 51130962556
syscr: 24810938
syscw: 3413158
read_bytes: 31809802752
write_bytes: 51248226304
cancelled_write_bytes: 0

