[2020-02-13T22:28:14-08:00]
rchar: 16584908
wchar: 209
syscr: 2826
syscw: 10
read_bytes: 843776
write_bytes: 53248
cancelled_write_bytes: 0

[2020-02-13T22:28:17-08:00]
rchar: 16584908
wchar: 209
syscr: 2826
syscw: 10
read_bytes: 843776
write_bytes: 53248
cancelled_write_bytes: 0

[2020-02-13T22:28:20-08:00]
rchar: 16584908
wchar: 209
syscr: 2826
syscw: 10
read_bytes: 843776
write_bytes: 69632
cancelled_write_bytes: 0

[2020-02-13T22:28:23-08:00]
rchar: 16584908
wchar: 209
syscr: 2826
syscw: 10
read_bytes: 843776
write_bytes: 69632
cancelled_write_bytes: 0

[2020-02-13T22:28:26-08:00]
rchar: 16584908
wchar: 209
syscr: 2826
syscw: 10
read_bytes: 843776
write_bytes: 86016
cancelled_write_bytes: 0

[2020-02-13T22:28:29-08:00]
rchar: 16584908
wchar: 209
syscr: 2826
syscw: 10
read_bytes: 843776
write_bytes: 86016
cancelled_write_bytes: 0

[2020-02-13T22:28:32-08:00]
rchar: 16584908
wchar: 209
syscr: 2826
syscw: 10
read_bytes: 843776
write_bytes: 102400
cancelled_write_bytes: 0

[2020-02-13T22:28:35-08:00]
rchar: 16584908
wchar: 209
syscr: 2826
syscw: 10
read_bytes: 843776
write_bytes: 110592
cancelled_write_bytes: 0

[2020-02-13T22:28:38-08:00]
rchar: 16584908
wchar: 209
syscr: 2826
syscw: 10
read_bytes: 843776
write_bytes: 110592
cancelled_write_bytes: 0

[2020-02-13T22:28:41-08:00]
rchar: 16927737
wchar: 209
syscr: 3028
syscw: 10
read_bytes: 897024
write_bytes: 126976
cancelled_write_bytes: 0

[2020-02-13T22:28:44-08:00]
rchar: 123856580
wchar: 100536599
syscr: 25919
syscw: 2365
read_bytes: 138447360
write_bytes: 100724736
cancelled_write_bytes: 0

[2020-02-13T22:28:47-08:00]
rchar: 287429507
wchar: 198867969
syscr: 93098
syscw: 14198
read_bytes: 457202176
write_bytes: 199073792
cancelled_write_bytes: 0

[2020-02-13T22:28:50-08:00]
rchar: 434253287
wchar: 317692160
syscr: 150562
syscw: 28352
read_bytes: 663308800
write_bytes: 317919232
cancelled_write_bytes: 0

[2020-02-13T22:28:53-08:00]
rchar: 552020970
wchar: 430576532
syscr: 190553
syscw: 39163
read_bytes: 764369408
write_bytes: 430837760
cancelled_write_bytes: 0

[2020-02-13T22:28:56-08:00]
rchar: 743348988
wchar: 628981964
syscr: 262965
syscw: 53327
read_bytes: 994679296
write_bytes: 629272576
cancelled_write_bytes: 0

[2020-02-13T22:28:59-08:00]
rchar: 773603601
wchar: 703269775
syscr: 275023
syscw: 57365
read_bytes: 1033484800
write_bytes: 703807488
cancelled_write_bytes: 0

[2020-02-13T22:29:02-08:00]
rchar: 965527036
wchar: 829346221
syscr: 352760
syscw: 67676
read_bytes: 1296841216
write_bytes: 829927424
cancelled_write_bytes: 0

[2020-02-13T22:29:05-08:00]
rchar: 1163167331
wchar: 1081995926
syscr: 426846
syscw: 80028
read_bytes: 1539664384
write_bytes: 1082630144
cancelled_write_bytes: 0

[2020-02-13T22:29:08-08:00]
rchar: 1333070618
wchar: 1245556377
syscr: 485795
syscw: 87284
read_bytes: 1731529216
write_bytes: 1246220288
cancelled_write_bytes: 0

[2020-02-13T22:29:11-08:00]
rchar: 1577313635
wchar: 1496837615
syscr: 571458
syscw: 97562
read_bytes: 2008144384
write_bytes: 1497559040
cancelled_write_bytes: 0

[2020-02-13T22:29:14-08:00]
rchar: 1786109608
wchar: 1720046802
syscr: 643799
syscw: 106667
read_bytes: 2232371712
write_bytes: 1720815616
cancelled_write_bytes: 0

[2020-02-13T22:29:17-08:00]
rchar: 1921215960
wchar: 1853833378
syscr: 690168
syscw: 113418
read_bytes: 2377128448
write_bytes: 1854881792
cancelled_write_bytes: 0

[2020-02-13T22:29:20-08:00]
rchar: 1965440362
wchar: 1916162344
syscr: 707560
syscw: 118081
read_bytes: 2428316160
write_bytes: 1917591552
cancelled_write_bytes: 0

[2020-02-13T22:29:23-08:00]
rchar: 2043401232
wchar: 1981701757
syscr: 737898
syscw: 125731
read_bytes: 2515679744
write_bytes: 1988427776
cancelled_write_bytes: 0

[2020-02-13T22:29:26-08:00]
rchar: 2099466736
wchar: 2034437061
syscr: 759493
syscw: 132294
read_bytes: 2575288832
write_bytes: 2036457472
cancelled_write_bytes: 0

[2020-02-13T22:29:29-08:00]
rchar: 2183675076
wchar: 2115638456
syscr: 792158
syscw: 139772
read_bytes: 2662500864
write_bytes: 2117980160
cancelled_write_bytes: 0

[2020-02-13T22:29:32-08:00]
rchar: 2240226147
wchar: 2181838123
syscr: 814511
syscw: 146636
read_bytes: 2720262656
write_bytes: 2184466432
cancelled_write_bytes: 0

[2020-02-13T22:29:35-08:00]
rchar: 2328767202
wchar: 2231202803
syscr: 848712
syscw: 155316
read_bytes: 2810763776
write_bytes: 2234163200
cancelled_write_bytes: 0

[2020-02-13T22:29:38-08:00]
rchar: 2391981800
wchar: 2301456485
syscr: 873229
syscw: 162083
read_bytes: 2876340736
write_bytes: 2304688128
cancelled_write_bytes: 0

[2020-02-13T22:29:41-08:00]
rchar: 2475214426
wchar: 2381373040
syscr: 905545
syscw: 171456
read_bytes: 2958920192
write_bytes: 2384912384
cancelled_write_bytes: 0

[2020-02-13T22:29:44-08:00]
rchar: 2539349155
wchar: 2417081780
syscr: 930734
syscw: 178652
read_bytes: 3024296448
write_bytes: 2420867072
cancelled_write_bytes: 0

[2020-02-13T22:29:47-08:00]
rchar: 2678120463
wchar: 2523094586
syscr: 985241
syscw: 187037
read_bytes: 3159689728
write_bytes: 2527174656
cancelled_write_bytes: 0

[2020-02-13T22:29:50-08:00]
rchar: 3015376082
wchar: 2789955290
syscr: 1105766
syscw: 194595
read_bytes: 3474485760
write_bytes: 2794221568
cancelled_write_bytes: 0

[2020-02-13T22:29:53-08:00]
rchar: 3157229060
wchar: 2870489838
syscr: 1150158
syscw: 196477
read_bytes: 3607392768
write_bytes: 2875297792
cancelled_write_bytes: 0

[2020-02-13T22:29:56-08:00]
rchar: 3292909214
wchar: 3025164713
syscr: 1193125
syscw: 198877
read_bytes: 3734766080
write_bytes: 3030306816
cancelled_write_bytes: 0

[2020-02-13T22:29:59-08:00]
rchar: 3564724461
wchar: 3329315197
syscr: 1278624
syscw: 202861
read_bytes: 3988034048
write_bytes: 3339272192
cancelled_write_bytes: 0

[2020-02-13T22:30:02-08:00]
rchar: 3797655859
wchar: 3505709356
syscr: 1352347
syscw: 206822
read_bytes: 4204196352
write_bytes: 3511234560
cancelled_write_bytes: 0

[2020-02-13T22:30:05-08:00]
rchar: 3946393151
wchar: 3695459594
syscr: 1399685
syscw: 209537
read_bytes: 4342170112
write_bytes: 3701100544
cancelled_write_bytes: 0

[2020-02-13T22:30:08-08:00]
rchar: 4148965688
wchar: 3893318641
syscr: 1464584
syscw: 214279
read_bytes: 4531241472
write_bytes: 3899088896
cancelled_write_bytes: 0

[2020-02-13T22:30:11-08:00]
rchar: 4429905167
wchar: 4209506221
syscr: 1553920
syscw: 219800
read_bytes: 4792033792
write_bytes: 4215332864
cancelled_write_bytes: 0

[2020-02-13T22:30:14-08:00]
rchar: 4626200754
wchar: 4386020875
syscr: 1616530
syscw: 223751
read_bytes: 4974187008
write_bytes: 4391952384
cancelled_write_bytes: 0

[2020-02-13T22:30:17-08:00]
rchar: 4995890847
wchar: 4697773375
syscr: 1734599
syscw: 231788
read_bytes: 5317112320
write_bytes: 4703748096
cancelled_write_bytes: 0

[2020-02-13T22:30:20-08:00]
rchar: 5149081079
wchar: 4905069770
syscr: 1783571
syscw: 235184
read_bytes: 5458489856
write_bytes: 4911112192
cancelled_write_bytes: 0

[2020-02-13T22:30:23-08:00]
rchar: 5386009951
wchar: 5089081027
syscr: 1859151
syscw: 240541
read_bytes: 5671543296
write_bytes: 5095268352
cancelled_write_bytes: 0

[2020-02-13T22:30:26-08:00]
rchar: 5583738896
wchar: 5321968676
syscr: 1922370
syscw: 245031
read_bytes: 5848125952
write_bytes: 5328334848
cancelled_write_bytes: 0

[2020-02-13T22:30:29-08:00]
rchar: 5650941892
wchar: 5412140475
syscr: 1944365
syscw: 247471
read_bytes: 5906768384
write_bytes: 5418696704
cancelled_write_bytes: 0

[2020-02-13T22:30:32-08:00]
rchar: 5883836070
wchar: 5587413062
syscr: 2020569
syscw: 254195
read_bytes: 6111805952
write_bytes: 5594238976
cancelled_write_bytes: 0

[2020-02-13T22:30:35-08:00]
rchar: 6145031838
wchar: 5856544751
syscr: 2105549
syscw: 260579
read_bytes: 6340956672
write_bytes: 5863440384
cancelled_write_bytes: 0

[2020-02-13T22:30:38-08:00]
rchar: 6300396496
wchar: 5997022059
syscr: 2156624
syscw: 264926
read_bytes: 6474129920
write_bytes: 6004158464
cancelled_write_bytes: 0

[2020-02-13T22:30:41-08:00]
rchar: 6605442831
wchar: 6250422427
syscr: 2257433
syscw: 273619
read_bytes: 6735507968
write_bytes: 6261641216
cancelled_write_bytes: 0

[2020-02-13T22:30:44-08:00]
rchar: 6922385769
wchar: 6517399406
syscr: 2361403
syscw: 280559
read_bytes: 7005131264
write_bytes: 6524616704
cancelled_write_bytes: 0

[2020-02-13T22:30:47-08:00]
rchar: 7242284781
wchar: 6817833990
syscr: 2466367
syscw: 287237
read_bytes: 7273898496
write_bytes: 6825095168
cancelled_write_bytes: 0

[2020-02-13T22:30:50-08:00]
rchar: 7530043721
wchar: 7100195937
syscr: 2561000
syscw: 294522
read_bytes: 7509963264
write_bytes: 7107518464
cancelled_write_bytes: 0

[2020-02-13T22:30:53-08:00]
rchar: 7670341199
wchar: 7225386119
syscr: 2607050
syscw: 299526
read_bytes: 7621992960
write_bytes: 7232921600
cancelled_write_bytes: 0

[2020-02-13T22:30:56-08:00]
rchar: 7875739004
wchar: 7395243862
syscr: 2673867
syscw: 303673
read_bytes: 7786713600
write_bytes: 7402954752
cancelled_write_bytes: 0

[2020-02-13T22:30:59-08:00]
rchar: 7992158858
wchar: 7485520741
syscr: 2713161
syscw: 310356
read_bytes: 7874134528
write_bytes: 7493636096
cancelled_write_bytes: 0

[2020-02-13T22:31:02-08:00]
rchar: 8135642443
wchar: 7597551021
syscr: 2761475
syscw: 315797
read_bytes: 7982924288
write_bytes: 7605956608
cancelled_write_bytes: 0

[2020-02-13T22:31:05-08:00]
rchar: 8353718848
wchar: 7773729814
syscr: 2835544
syscw: 325378
read_bytes: 8144675328
write_bytes: 7782297600
cancelled_write_bytes: 0

[2020-02-13T22:31:08-08:00]
rchar: 8445906421
wchar: 7847996736
syscr: 2868268
syscw: 333334
read_bytes: 8206627328
write_bytes: 7856852992
cancelled_write_bytes: 0

[2020-02-13T22:31:11-08:00]
rchar: 8585220170
wchar: 7907516949
syscr: 2917989
syscw: 341879
read_bytes: 8299299328
write_bytes: 7916589056
cancelled_write_bytes: 0

[2020-02-13T22:31:14-08:00]
rchar: 8663032484
wchar: 7976798669
syscr: 2946547
syscw: 348668
read_bytes: 8351998464
write_bytes: 7986089984
cancelled_write_bytes: 0

[2020-02-13T22:31:17-08:00]
rchar: 8761683971
wchar: 8057544229
syscr: 2983599
syscw: 356079
read_bytes: 8420033024
write_bytes: 8067092480
cancelled_write_bytes: 0

[2020-02-13T22:31:20-08:00]
rchar: 8881233745
wchar: 8146751532
syscr: 3028479
syscw: 364476
read_bytes: 8500998656
write_bytes: 8156602368
cancelled_write_bytes: 0

[2020-02-13T22:31:23-08:00]
rchar: 8970087747
wchar: 8222671528
syscr: 3062682
syscw: 372249
read_bytes: 8563696128
write_bytes: 8232759296
cancelled_write_bytes: 0

[2020-02-13T22:31:26-08:00]
rchar: 9098918446
wchar: 8283860329
syscr: 3112428
syscw: 380453
read_bytes: 8654811648
write_bytes: 8294334464
cancelled_write_bytes: 0

[2020-02-13T22:31:29-08:00]
rchar: 9304338772
wchar: 8453903356
syscr: 3185347
syscw: 388489
read_bytes: 8817664512
write_bytes: 8464502784
cancelled_write_bytes: 0

[2020-02-13T22:31:32-08:00]
rchar: 9444727020
wchar: 8585404744
syscr: 3237716
syscw: 397766
read_bytes: 8919392768
write_bytes: 8603439104
cancelled_write_bytes: 0

[2020-02-13T22:31:35-08:00]
rchar: 9537331247
wchar: 8663682103
syscr: 3273089
syscw: 405639
read_bytes: 8984089088
write_bytes: 8674787328
cancelled_write_bytes: 0

[2020-02-13T22:31:38-08:00]
rchar: 9620737617
wchar: 8719591353
syscr: 3305338
syscw: 412689
read_bytes: 9039876608
write_bytes: 8730931200
cancelled_write_bytes: 0

[2020-02-13T22:31:41-08:00]
rchar: 9756492677
wchar: 8823516069
syscr: 3356895
syscw: 420828
read_bytes: 9135804928
write_bytes: 8835170304
cancelled_write_bytes: 0

[2020-02-13T22:31:44-08:00]
rchar: 9836040722
wchar: 8896051105
syscr: 3387712
syscw: 427987
read_bytes: 9191600640
write_bytes: 8907948032
cancelled_write_bytes: 0

[2020-02-13T22:31:47-08:00]
rchar: 9962792672
wchar: 8957639970
syscr: 3436587
syscw: 437577
read_bytes: 9280586240
write_bytes: 8969838592
cancelled_write_bytes: 0

[2020-02-13T22:31:50-08:00]
rchar: 10052695662
wchar: 9034476604
syscr: 3471440
syscw: 445310
read_bytes: 9343209984
write_bytes: 9046896640
cancelled_write_bytes: 0

[2020-02-13T22:31:53-08:00]
rchar: 10255429599
wchar: 9187652778
syscr: 3546376
syscw: 455190
read_bytes: 9494106624
write_bytes: 9200312320
cancelled_write_bytes: 0

[2020-02-13T22:31:56-08:00]
rchar: 10333244774
wchar: 9276208556
syscr: 3576686
syscw: 463034
read_bytes: 9547817472
write_bytes: 9289089024
cancelled_write_bytes: 0

[2020-02-13T22:31:59-08:00]
rchar: 10445657853
wchar: 9347101869
syscr: 3620034
syscw: 471103
read_bytes: 9625903616
write_bytes: 9360310272
cancelled_write_bytes: 0

[2020-02-13T22:32:02-08:00]
rchar: 10577046599
wchar: 9436333650
syscr: 3669365
syscw: 478288
read_bytes: 9717924352
write_bytes: 9449758720
cancelled_write_bytes: 0

[2020-02-13T22:32:05-08:00]
rchar: 10732003441
wchar: 9580028011
syscr: 3725768
syscw: 486258
read_bytes: 9833153024
write_bytes: 9593647104
cancelled_write_bytes: 0

[2020-02-13T22:32:08-08:00]
rchar: 10895789187
wchar: 9704964996
syscr: 3786609
syscw: 494309
read_bytes: 9950298624
write_bytes: 9718767616
cancelled_write_bytes: 0

[2020-02-13T22:32:11-08:00]
rchar: 10987693664
wchar: 9782108375
syscr: 3822506
syscw: 501583
read_bytes: 10012836352
write_bytes: 9796202496
cancelled_write_bytes: 0

[2020-02-13T22:32:14-08:00]
rchar: 11089830386
wchar: 9830796154
syscr: 3861816
syscw: 509519
read_bytes: 10081640960
write_bytes: 9845125120
cancelled_write_bytes: 0

[2020-02-13T22:32:17-08:00]
rchar: 11185257542
wchar: 9911552166
syscr: 3898502
syscw: 517719
read_bytes: 10144735744
write_bytes: 9926172672
cancelled_write_bytes: 0

[2020-02-13T22:32:20-08:00]
rchar: 11293778388
wchar: 9995233762
syscr: 3940581
syscw: 525058
read_bytes: 10216071680
write_bytes: 10010112000
cancelled_write_bytes: 0

[2020-02-13T22:32:23-08:00]
rchar: 11423108660
wchar: 10090442914
syscr: 3990580
syscw: 534636
read_bytes: 10302951936
write_bytes: 10105659392
cancelled_write_bytes: 0

[2020-02-13T22:32:26-08:00]
rchar: 11530812007
wchar: 10181134483
syscr: 4031292
syscw: 542774
read_bytes: 10376380928
write_bytes: 10196537344
cancelled_write_bytes: 0

[2020-02-13T22:32:29-08:00]
rchar: 11628575232
wchar: 10262167637
syscr: 4068894
syscw: 551424
read_bytes: 10441904640
write_bytes: 10277916672
cancelled_write_bytes: 0

[2020-02-13T22:32:32-08:00]
rchar: 11754459551
wchar: 10322182197
syscr: 4116919
syscw: 560188
read_bytes: 10523980288
write_bytes: 10338177024
cancelled_write_bytes: 0

[2020-02-13T22:32:35-08:00]
rchar: 11893238382
wchar: 10418797993
syscr: 4169836
syscw: 569832
read_bytes: 10611491328
write_bytes: 10435088384
cancelled_write_bytes: 0

[2020-02-13T22:32:38-08:00]
rchar: 11994719509
wchar: 10504993993
syscr: 4207662
syscw: 577702
read_bytes: 10678161920
write_bytes: 10521534464
cancelled_write_bytes: 0

[2020-02-13T22:32:41-08:00]
rchar: 12085744563
wchar: 10579402393
syscr: 4242809
syscw: 585425
read_bytes: 10734694912
write_bytes: 10596184064
cancelled_write_bytes: 0

[2020-02-13T22:32:44-08:00]
rchar: 12213876324
wchar: 10671787933
syscr: 4291592
syscw: 594013
read_bytes: 10816344576
write_bytes: 10688913408
cancelled_write_bytes: 0

[2020-02-13T22:32:47-08:00]
rchar: 12305659494
wchar: 10748566221
syscr: 4326736
syscw: 601136
read_bytes: 10875904512
write_bytes: 10765897728
cancelled_write_bytes: 0

[2020-02-13T22:32:50-08:00]
rchar: 12457738871
wchar: 10837089547
syscr: 4385242
syscw: 611334
read_bytes: 10974839296
write_bytes: 10854748160
cancelled_write_bytes: 0

[2020-02-13T22:32:53-08:00]
rchar: 12549381925
wchar: 10930975696
syscr: 4420601
syscw: 619398
read_bytes: 11033219584
write_bytes: 10948882432
cancelled_write_bytes: 0

[2020-02-13T22:32:56-08:00]
rchar: 12705201977
wchar: 11002310656
syscr: 4480970
syscw: 628942
read_bytes: 11134235136
write_bytes: 11020509184
cancelled_write_bytes: 0

[2020-02-13T22:33:00-08:00]
rchar: 12797843149
wchar: 11115353511
syscr: 4516300
syscw: 637508
read_bytes: 11195970048
write_bytes: 11133829120
cancelled_write_bytes: 0

[2020-02-13T22:33:03-08:00]
rchar: 12935984136
wchar: 11182241369
syscr: 4569153
syscw: 646055
read_bytes: 11285062144
write_bytes: 11201069056
cancelled_write_bytes: 0

[2020-02-13T22:33:06-08:00]
rchar: 13038393713
wchar: 11263171006
syscr: 4607913
syscw: 654367
read_bytes: 11349266944
write_bytes: 11282272256
cancelled_write_bytes: 0

[2020-02-13T22:33:09-08:00]
rchar: 13169814615
wchar: 11354756571
syscr: 4658016
syscw: 663103
read_bytes: 11429769728
write_bytes: 11374157824
cancelled_write_bytes: 0

[2020-02-13T22:33:12-08:00]
rchar: 13320632876
wchar: 11470908463
syscr: 4713425
syscw: 670969
read_bytes: 11529544192
write_bytes: 11490533376
cancelled_write_bytes: 0

[2020-02-13T22:33:15-08:00]
rchar: 13434412133
wchar: 11556497152
syscr: 4756388
syscw: 679393
read_bytes: 11601236480
write_bytes: 11576426496
cancelled_write_bytes: 0

[2020-02-13T22:33:18-08:00]
rchar: 13527391243
wchar: 11633920541
syscr: 4791778
syscw: 686706
read_bytes: 11660952064
write_bytes: 11654094848
cancelled_write_bytes: 0

[2020-02-13T22:33:21-08:00]
rchar: 13652629214
wchar: 11725916574
syscr: 4839444
syscw: 695141
read_bytes: 11739263488
write_bytes: 11746463744
cancelled_write_bytes: 0

[2020-02-13T22:33:24-08:00]
rchar: 13782940526
wchar: 11785232872
syscr: 4889042
syscw: 703761
read_bytes: 11820769792
write_bytes: 11806031872
cancelled_write_bytes: 0

[2020-02-13T22:33:27-08:00]
rchar: 13906039158
wchar: 11873605143
syscr: 4936365
syscw: 713097
read_bytes: 11897561600
write_bytes: 11894730752
cancelled_write_bytes: 0

[2020-02-13T22:33:30-08:00]
rchar: 14018882898
wchar: 11959018069
syscr: 4979183
syscw: 722806
read_bytes: 11967672832
write_bytes: 11980439552
cancelled_write_bytes: 0

[2020-02-13T22:33:33-08:00]
rchar: 14152865892
wchar: 12053638011
syscr: 5029962
syscw: 732251
read_bytes: 12050985472
write_bytes: 12075364352
cancelled_write_bytes: 0

[2020-02-13T22:33:36-08:00]
rchar: 14259077522
wchar: 12136718063
syscr: 5070475
syscw: 740773
read_bytes: 12119007744
write_bytes: 12158672896
cancelled_write_bytes: 0

[2020-02-13T22:33:39-08:00]
rchar: 14402785243
wchar: 12237061964
syscr: 5125453
syscw: 749894
read_bytes: 12205359616
write_bytes: 12259360768
cancelled_write_bytes: 0

[2020-02-13T22:33:42-08:00]
rchar: 14504986682
wchar: 12329282203
syscr: 5162574
syscw: 756154
read_bytes: 12272734720
write_bytes: 12351795200
cancelled_write_bytes: 0

[2020-02-13T22:33:45-08:00]
rchar: 14645527366
wchar: 12426434076
syscr: 5216068
syscw: 766740
read_bytes: 12358038016
write_bytes: 12449304576
cancelled_write_bytes: 0

[2020-02-13T22:33:48-08:00]
rchar: 14728798112
wchar: 12498277460
syscr: 5247799
syscw: 773460
read_bytes: 12408521216
write_bytes: 12521385984
cancelled_write_bytes: 0

[2020-02-13T22:33:51-08:00]
rchar: 14861323803
wchar: 12576001047
syscr: 5298314
syscw: 783184
read_bytes: 12489581056
write_bytes: 12599431168
cancelled_write_bytes: 0

[2020-02-13T22:33:54-08:00]
rchar: 14967261951
wchar: 12643148128
syscr: 5338647
syscw: 790818
read_bytes: 12554932736
write_bytes: 12666847232
cancelled_write_bytes: 0

[2020-02-13T22:33:57-08:00]
rchar: 15100285276
wchar: 12736107792
syscr: 5389056
syscw: 800337
read_bytes: 12634026496
write_bytes: 12760145920
cancelled_write_bytes: 0

[2020-02-13T22:34:00-08:00]
rchar: 15244762842
wchar: 12840907502
syscr: 5442767
syscw: 807781
read_bytes: 12722745856
write_bytes: 12865183744
cancelled_write_bytes: 0

[2020-02-13T22:34:03-08:00]
rchar: 15339742774
wchar: 12917784304
syscr: 5479040
syscw: 816589
read_bytes: 12779450880
write_bytes: 12942340096
cancelled_write_bytes: 0

[2020-02-13T22:34:06-08:00]
rchar: 15483328588
wchar: 13015747398
syscr: 5532723
syscw: 824872
read_bytes: 12863746560
write_bytes: 13040640000
cancelled_write_bytes: 0

[2020-02-13T22:34:09-08:00]
rchar: 15580904996
wchar: 13093774552
syscr: 5569483
syscw: 831467
read_bytes: 12922520064
write_bytes: 13118898176
cancelled_write_bytes: 0

[2020-02-13T22:34:12-08:00]
rchar: 15707541682
wchar: 13186491477
syscr: 5617144
syscw: 840975
read_bytes: 12996375040
write_bytes: 13211947008
cancelled_write_bytes: 0

[2020-02-13T22:34:15-08:00]
rchar: 15827473286
wchar: 13271359693
syscr: 5662306
syscw: 848636
read_bytes: 13064946176
write_bytes: 13297074176
cancelled_write_bytes: 0

[2020-02-13T22:34:18-08:00]
rchar: 15935811115
wchar: 13334913016
syscr: 5702917
syscw: 857145
read_bytes: 13127541248
write_bytes: 13360918528
cancelled_write_bytes: 0

[2020-02-13T22:34:21-08:00]
rchar: 16099719646
wchar: 13421959135
syscr: 5763928
syscw: 866310
read_bytes: 13220979200
write_bytes: 13448318976
cancelled_write_bytes: 0

[2020-02-13T22:34:24-08:00]
rchar: 16205338753
wchar: 13502216950
syscr: 5803469
syscw: 873820
read_bytes: 13283660288
write_bytes: 13528813568
cancelled_write_bytes: 0

[2020-02-13T22:34:27-08:00]
rchar: 16341978261
wchar: 13597341267
syscr: 5854713
syscw: 882781
read_bytes: 13363982848
write_bytes: 13624233984
cancelled_write_bytes: 0

[2020-02-13T22:34:30-08:00]
rchar: 16461107715
wchar: 13685088558
syscr: 5899313
syscw: 890799
read_bytes: 13433938432
write_bytes: 13712273408
cancelled_write_bytes: 0

[2020-02-13T22:34:33-08:00]
rchar: 16577362606
wchar: 13769115146
syscr: 5943110
syscw: 899013
read_bytes: 13500961280
write_bytes: 13796540416
cancelled_write_bytes: 0

[2020-02-13T22:34:36-08:00]
rchar: 16725464460
wchar: 13866716165
syscr: 5998717
syscw: 907689
read_bytes: 13585793536
write_bytes: 13894496256
cancelled_write_bytes: 0

[2020-02-13T22:34:39-08:00]
rchar: 16817551905
wchar: 13941048046
syscr: 6033118
syscw: 914812
read_bytes: 13636633088
write_bytes: 13969092608
cancelled_write_bytes: 0

[2020-02-13T22:34:42-08:00]
rchar: 16985296406
wchar: 14031104088
syscr: 6095831
syscw: 925038
read_bytes: 13733777920
write_bytes: 14059438080
cancelled_write_bytes: 0

[2020-02-13T22:34:45-08:00]
rchar: 17103830915
wchar: 14134289483
syscr: 6140333
syscw: 932037
read_bytes: 13801423360
write_bytes: 14162857984
cancelled_write_bytes: 0

[2020-02-13T22:34:48-08:00]
rchar: 17222272737
wchar: 14205009287
syscr: 6184898
syscw: 940906
read_bytes: 13870346752
write_bytes: 14233907200
cancelled_write_bytes: 0

[2020-02-13T22:34:51-08:00]
rchar: 17395731428
wchar: 14295144647
syscr: 6249420
syscw: 950623
read_bytes: 13966774784
write_bytes: 14324383744
cancelled_write_bytes: 0

[2020-02-13T22:34:54-08:00]
rchar: 17499523529
wchar: 14405140415
syscr: 6288189
syscw: 957883
read_bytes: 14024077824
write_bytes: 14434627584
cancelled_write_bytes: 0

[2020-02-13T22:34:57-08:00]
rchar: 17662851211
wchar: 14473767565
syscr: 6348889
syscw: 967829
read_bytes: 14112924160
write_bytes: 14503600128
cancelled_write_bytes: 0

[2020-02-13T22:35:00-08:00]
rchar: 17785544188
wchar: 14594382602
syscr: 6394235
syscw: 976698
read_bytes: 14180528640
write_bytes: 14624456704
cancelled_write_bytes: 0

[2020-02-13T22:35:03-08:00]
rchar: 17942852647
wchar: 14661961466
syscr: 6452620
syscw: 985984
read_bytes: 14269686272
write_bytes: 14692315136
cancelled_write_bytes: 0

[2020-02-13T22:35:06-08:00]
rchar: 18051712501
wchar: 14778770823
syscr: 6493732
syscw: 994334
read_bytes: 14330233344
write_bytes: 14809411584
cancelled_write_bytes: 0

[2020-02-13T22:35:09-08:00]
rchar: 18213851581
wchar: 14846407085
syscr: 6554383
syscw: 1003116
read_bytes: 14418883072
write_bytes: 14877380608
cancelled_write_bytes: 0

[2020-02-13T22:35:12-08:00]
rchar: 18325952231
wchar: 14928777169
syscr: 6596363
syscw: 1011467
read_bytes: 14482072064
write_bytes: 14960005120
cancelled_write_bytes: 0

[2020-02-13T22:35:15-08:00]
rchar: 18453492919
wchar: 15017368691
syscr: 6643953
syscw: 1019762
read_bytes: 14553387520
write_bytes: 15048863744
cancelled_write_bytes: 0

[2020-02-13T22:35:18-08:00]
rchar: 18611403379
wchar: 15119397937
syscr: 6702941
syscw: 1029610
read_bytes: 14640808448
write_bytes: 15151230976
cancelled_write_bytes: 0

[2020-02-13T22:35:21-08:00]
rchar: 18695704275
wchar: 15190283736
syscr: 6734653
syscw: 1035589
read_bytes: 14689800704
write_bytes: 15222341632
cancelled_write_bytes: 0

[2020-02-13T22:35:24-08:00]
rchar: 18823543697
wchar: 15281068765
syscr: 6782630
syscw: 1045011
read_bytes: 14760243712
write_bytes: 15313498112
cancelled_write_bytes: 0

[2020-02-13T22:35:27-08:00]
rchar: 18959450750
wchar: 15371402758
syscr: 6833192
syscw: 1053108
read_bytes: 14831526400
write_bytes: 15404113920
cancelled_write_bytes: 0

[2020-02-13T22:35:30-08:00]
rchar: 19092267826
wchar: 15467841084
syscr: 6881803
syscw: 1061591
read_bytes: 14907068928
write_bytes: 15500800000
cancelled_write_bytes: 0

[2020-02-13T22:35:33-08:00]
rchar: 19267720089
wchar: 15540686131
syscr: 6946998
syscw: 1071800
read_bytes: 15002599936
write_bytes: 15573954560
cancelled_write_bytes: 0

[2020-02-13T22:35:36-08:00]
rchar: 19374447249
wchar: 15654747182
syscr: 6986504
syscw: 1079581
read_bytes: 15061733888
write_bytes: 15688318976
cancelled_write_bytes: 0

[2020-02-13T22:35:39-08:00]
rchar: 19545675900
wchar: 15727685593
syscr: 7050382
syscw: 1088663
read_bytes: 15157228032
write_bytes: 15761522688
cancelled_write_bytes: 0

[2020-02-13T22:35:42-08:00]
rchar: 19643217728
wchar: 15838928863
syscr: 7086902
syscw: 1095990
read_bytes: 15211016704
write_bytes: 15873011712
cancelled_write_bytes: 0

[2020-02-13T22:35:45-08:00]
rchar: 19795127352
wchar: 15904154551
syscr: 7143320
syscw: 1105451
read_bytes: 15293362688
write_bytes: 15938543616
cancelled_write_bytes: 0

[2020-02-13T22:35:48-08:00]
rchar: 19938309043
wchar: 16012654994
syscr: 7196515
syscw: 1113529
read_bytes: 15368204800
write_bytes: 16047280128
cancelled_write_bytes: 0

[2020-02-13T22:35:51-08:00]
rchar: 20090895503
wchar: 16105473947
syscr: 7251190
syscw: 1122923
read_bytes: 15452226048
write_bytes: 16155697152
cancelled_write_bytes: 0

[2020-02-13T22:35:54-08:00]
rchar: 20246514305
wchar: 16204460505
syscr: 7308537
syscw: 1130893
read_bytes: 15532540416
write_bytes: 16239632384
cancelled_write_bytes: 0

[2020-02-13T22:35:57-08:00]
rchar: 20367882734
wchar: 16306683301
syscr: 7353796
syscw: 1139691
read_bytes: 15597904384
write_bytes: 16342077440
cancelled_write_bytes: 0

[2020-02-13T22:36:00-08:00]
rchar: 20504430013
wchar: 16384397639
syscr: 7404817
syscw: 1148984
read_bytes: 15672766976
write_bytes: 16420134912
cancelled_write_bytes: 0

[2020-02-13T22:36:03-08:00]
rchar: 20637433809
wchar: 16472094748
syscr: 7453779
syscw: 1156675
read_bytes: 15741534720
write_bytes: 16508076032
cancelled_write_bytes: 0

[2020-02-13T22:36:06-08:00]
rchar: 20842021673
wchar: 16604365042
syscr: 7527674
syscw: 1166628
read_bytes: 15855026688
write_bytes: 16640544768
cancelled_write_bytes: 0

[2020-02-13T22:36:09-08:00]
rchar: 21003961979
wchar: 16704401839
syscr: 7587032
syscw: 1176640
read_bytes: 15937610240
write_bytes: 16740958208
cancelled_write_bytes: 0

[2020-02-13T22:36:12-08:00]
rchar: 21106554866
wchar: 16814746697
syscr: 7624618
syscw: 1184340
read_bytes: 15989551616
write_bytes: 16851513344
cancelled_write_bytes: 0

[2020-02-13T22:36:15-08:00]
rchar: 21260475393
wchar: 16877858758
syscr: 7681131
syscw: 1194095
read_bytes: 16066990592
write_bytes: 16914968576
cancelled_write_bytes: 0

[2020-02-13T22:36:18-08:00]
rchar: 21411014888
wchar: 16976365541
syscr: 7736970
syscw: 1203542
read_bytes: 16144966144
write_bytes: 17013755904
cancelled_write_bytes: 0

[2020-02-13T22:36:21-08:00]
rchar: 21506440370
wchar: 17052996270
syscr: 7772648
syscw: 1210799
read_bytes: 16195666432
write_bytes: 17090605056
cancelled_write_bytes: 0

[2020-02-13T22:36:24-08:00]
rchar: 21686342154
wchar: 17159536422
syscr: 7838721
syscw: 1220434
read_bytes: 16287924736
write_bytes: 17197477888
cancelled_write_bytes: 0

[2020-02-13T22:36:27-08:00]
rchar: 21812330110
wchar: 17246031005
syscr: 7885106
syscw: 1229209
read_bytes: 16351322624
write_bytes: 17284214784
cancelled_write_bytes: 0

[2020-02-13T22:36:30-08:00]
rchar: 22059213859
wchar: 17406632050
syscr: 7972918
syscw: 1239606
read_bytes: 16483041792
write_bytes: 17445101568
cancelled_write_bytes: 0

[2020-02-13T22:36:33-08:00]
rchar: 22166047214
wchar: 17483438782
syscr: 8012096
syscw: 1246431
read_bytes: 16537309696
write_bytes: 17522098176
cancelled_write_bytes: 0

[2020-02-13T22:36:36-08:00]
rchar: 22324877193
wchar: 17583569699
syscr: 8070385
syscw: 1256271
read_bytes: 16617931264
write_bytes: 17622564864
cancelled_write_bytes: 0

[2020-02-13T22:36:39-08:00]
rchar: 22475525304
wchar: 17680235802
syscr: 8125862
syscw: 1265137
read_bytes: 16693338624
write_bytes: 17719595008
cancelled_write_bytes: 0

[2020-02-13T22:36:42-08:00]
rchar: 22583144962
wchar: 17758057125
syscr: 8165579
syscw: 1273426
read_bytes: 16747962880
write_bytes: 17797664768
cancelled_write_bytes: 0

[2020-02-13T22:36:45-08:00]
rchar: 22954264626
wchar: 17936562393
syscr: 8300726
syscw: 1282800
read_bytes: 16934203904
write_bytes: 17976238080
cancelled_write_bytes: 0

[2020-02-13T22:36:48-08:00]
rchar: 23081518319
wchar: 18071658247
syscr: 8346716
syscw: 1287807
read_bytes: 16996852224
write_bytes: 18111447040
cancelled_write_bytes: 0

[2020-02-13T22:36:51-08:00]
rchar: 23202202849
wchar: 18136261097
syscr: 8390322
syscw: 1295411
read_bytes: 17054355968
write_bytes: 18176339968
cancelled_write_bytes: 0

[2020-02-13T22:36:54-08:00]
rchar: 23328266359
wchar: 18218565047
syscr: 8435908
syscw: 1303367
read_bytes: 17113731584
write_bytes: 18258870272
cancelled_write_bytes: 0

[2020-02-13T22:36:57-08:00]
rchar: 23485795008
wchar: 18313833354
syscr: 8492826
syscw: 1313067
read_bytes: 17187373568
write_bytes: 18354438144
cancelled_write_bytes: 0

[2020-02-13T22:37:00-08:00]
rchar: 23642966657
wchar: 18410521017
syscr: 8549673
syscw: 1322300
read_bytes: 17262260736
write_bytes: 18451419136
cancelled_write_bytes: 0

[2020-02-13T22:37:03-08:00]
rchar: 23757992583
wchar: 18492638673
syscr: 8592288
syscw: 1330549
read_bytes: 17318138368
write_bytes: 18533773312
cancelled_write_bytes: 0

[2020-02-13T22:37:06-08:00]
rchar: 23900055231
wchar: 18587873357
syscr: 8645174
syscw: 1339481
read_bytes: 17390957056
write_bytes: 18629304320
cancelled_write_bytes: 0

[2020-02-13T22:37:09-08:00]
rchar: 24048070544
wchar: 18679771330
syscr: 8699636
syscw: 1348463
read_bytes: 17462174208
write_bytes: 18721480704
cancelled_write_bytes: 0

[2020-02-13T22:37:12-08:00]
rchar: 24179219230
wchar: 18766873348
syscr: 8747641
syscw: 1357525
read_bytes: 17524732416
write_bytes: 18808885248
cancelled_write_bytes: 0

[2020-02-13T22:37:15-08:00]
rchar: 24422359923
wchar: 18890510535
syscr: 8833959
syscw: 1367143
read_bytes: 17649508864
write_bytes: 18932789248
cancelled_write_bytes: 0

[2020-02-13T22:37:18-08:00]
rchar: 24526837054
wchar: 19001634125
syscr: 8871972
syscw: 1374303
read_bytes: 17701483008
write_bytes: 19044159488
cancelled_write_bytes: 0

[2020-02-13T22:37:21-08:00]
rchar: 24679793521
wchar: 19081388447
syscr: 8928030
syscw: 1384003
read_bytes: 17776378368
write_bytes: 19124162560
cancelled_write_bytes: 0

[2020-02-13T22:37:24-08:00]
rchar: 24844161065
wchar: 19167440698
syscr: 8989159
syscw: 1393271
read_bytes: 17859473920
write_bytes: 19210510336
cancelled_write_bytes: 0

[2020-02-13T22:37:27-08:00]
rchar: 24939474804
wchar: 19278111205
syscr: 9024909
syscw: 1400264
read_bytes: 17905041920
write_bytes: 19321524224
cancelled_write_bytes: 0

[2020-02-13T22:37:30-08:00]
rchar: 25071846845
wchar: 19334166770
syscr: 9074033
syscw: 1409171
read_bytes: 17972896256
write_bytes: 19377991680
cancelled_write_bytes: 0

[2020-02-13T22:37:33-08:00]
rchar: 25251181557
wchar: 19440378444
syscr: 9139823
syscw: 1419700
read_bytes: 18060476928
write_bytes: 19484524544
cancelled_write_bytes: 0

[2020-02-13T22:37:36-08:00]
rchar: 25416223256
wchar: 19547599606
syscr: 9199849
syscw: 1428830
read_bytes: 18143691264
write_bytes: 19592044544
cancelled_write_bytes: 0

[2020-02-13T22:37:39-08:00]
rchar: 25576222233
wchar: 19645597938
syscr: 9258116
syscw: 1437394
read_bytes: 18221556224
write_bytes: 19690299392
cancelled_write_bytes: 0

[2020-02-13T22:37:42-08:00]
rchar: 25711775725
wchar: 19769872870
syscr: 9308061
syscw: 1446264
read_bytes: 18287120896
write_bytes: 19814805504
cancelled_write_bytes: 0

[2020-02-13T22:37:45-08:00]
rchar: 25881297040
wchar: 19839919795
syscr: 9370165
syscw: 1455106
read_bytes: 18365190656
write_bytes: 19885297664
cancelled_write_bytes: 0

[2020-02-13T22:37:48-08:00]
rchar: 26024421281
wchar: 19931129369
syscr: 9422618
syscw: 1463673
read_bytes: 18434499072
write_bytes: 19976769536
cancelled_write_bytes: 0

[2020-02-13T22:37:51-08:00]
rchar: 26312480394
wchar: 20079234857
syscr: 9527340
syscw: 1475547
read_bytes: 18571809280
write_bytes: 20125044736
cancelled_write_bytes: 0

[2020-02-13T22:37:54-08:00]
rchar: 26474860974
wchar: 20213442354
syscr: 9585958
syscw: 1484133
read_bytes: 18649870848
write_bytes: 20259463168
cancelled_write_bytes: 0

[2020-02-13T22:37:57-08:00]
rchar: 26619894208
wchar: 20320743366
syscr: 9638476
syscw: 1493582
read_bytes: 18715480576
write_bytes: 20367060992
cancelled_write_bytes: 0

[2020-02-13T22:38:00-08:00]
rchar: 26763072447
wchar: 20392710498
syscr: 9690111
syscw: 1503217
read_bytes: 18779640320
write_bytes: 20439314432
cancelled_write_bytes: 0

[2020-02-13T22:38:03-08:00]
rchar: 26955810339
wchar: 20501131841
syscr: 9759404
syscw: 1513392
read_bytes: 18866758144
write_bytes: 20548050944
cancelled_write_bytes: 0

[2020-02-13T22:38:06-08:00]
rchar: 27084374769
wchar: 20620562543
syscr: 9806590
syscw: 1521278
read_bytes: 18926817792
write_bytes: 20667740160
cancelled_write_bytes: 0

[2020-02-13T22:38:09-08:00]
rchar: 27256585984
wchar: 20690007490
syscr: 9870365
syscw: 1530002
read_bytes: 19007062528
write_bytes: 20737470464
cancelled_write_bytes: 0

[2020-02-13T22:38:12-08:00]
rchar: 27392670660
wchar: 20815091483
syscr: 9920543
syscw: 1538568
read_bytes: 19069112832
write_bytes: 20863008768
cancelled_write_bytes: 0

[2020-02-13T22:38:15-08:00]
rchar: 27541422134
wchar: 20889897172
syscr: 9975079
syscw: 1547246
read_bytes: 19140399616
write_bytes: 20938088448
cancelled_write_bytes: 0

[2020-02-13T22:38:18-08:00]
rchar: 27714251150
wchar: 20975155455
syscr: 10038063
syscw: 1557183
read_bytes: 19218854400
write_bytes: 21023674368
cancelled_write_bytes: 0

[2020-02-13T22:38:21-08:00]
rchar: 27848736580
wchar: 21098944663
syscr: 10086612
syscw: 1566256
read_bytes: 19279983104
write_bytes: 21147738112
cancelled_write_bytes: 0

[2020-02-13T22:38:24-08:00]
rchar: 28008182483
wchar: 21161275388
syscr: 10144226
syscw: 1575415
read_bytes: 19351646720
write_bytes: 21210324992
cancelled_write_bytes: 0

[2020-02-13T22:38:27-08:00]
rchar: 28222137159
wchar: 21279364281
syscr: 10221503
syscw: 1586685
read_bytes: 19448934912
write_bytes: 21328781312
cancelled_write_bytes: 0

[2020-02-13T22:38:30-08:00]
rchar: 28334883139
wchar: 21392341310
syscr: 10262128
syscw: 1594365
read_bytes: 19499086336
write_bytes: 21442007040
cancelled_write_bytes: 0

[2020-02-13T22:38:33-08:00]
rchar: 28530974706
wchar: 21487437985
syscr: 10332689
syscw: 1605128
read_bytes: 19588088320
write_bytes: 21537472512
cancelled_write_bytes: 0

[2020-02-13T22:38:36-08:00]
rchar: 28660207937
wchar: 21590483068
syscr: 10380198
syscw: 1612629
read_bytes: 19649479168
write_bytes: 21640724480
cancelled_write_bytes: 0

[2020-02-13T22:38:39-08:00]
rchar: 28842576136
wchar: 21703229098
syscr: 10447828
syscw: 1623536
read_bytes: 19736207872
write_bytes: 21753802752
cancelled_write_bytes: 0

[2020-02-13T22:38:42-08:00]
rchar: 28937519351
wchar: 21774683887
syscr: 10483477
syscw: 1629330
read_bytes: 19776635392
write_bytes: 21826174976
cancelled_write_bytes: 0

[2020-02-13T22:38:45-08:00]
rchar: 29062972479
wchar: 21836228378
syscr: 10527907
syscw: 1636191
read_bytes: 19836645888
write_bytes: 21902700544
cancelled_write_bytes: 0

[2020-02-13T22:38:48-08:00]
rchar: 29248898889
wchar: 21967819399
syscr: 10595811
syscw: 1645473
read_bytes: 19924783616
write_bytes: 22019981312
cancelled_write_bytes: 0

[2020-02-13T22:38:51-08:00]
rchar: 29360579302
wchar: 22082875398
syscr: 10636520
syscw: 1653790
read_bytes: 19979919872
write_bytes: 22135336960
cancelled_write_bytes: 0

[2020-02-13T22:38:54-08:00]
rchar: 29536081067
wchar: 22156175023
syscr: 10700705
syscw: 1663512
read_bytes: 20062749184
write_bytes: 22208995328
cancelled_write_bytes: 0

[2020-02-13T22:38:57-08:00]
rchar: 29661538261
wchar: 22243424674
syscr: 10747303
syscw: 1671678
read_bytes: 20121231872
write_bytes: 22296465408
cancelled_write_bytes: 0

[2020-02-13T22:39:00-08:00]
rchar: 29829782077
wchar: 22353639241
syscr: 10810542
syscw: 1681789
read_bytes: 20199559680
write_bytes: 22407319552
cancelled_write_bytes: 0

[2020-02-13T22:39:03-08:00]
rchar: 29917330191
wchar: 22429081475
syscr: 10843258
syscw: 1689112
read_bytes: 20243784192
write_bytes: 22483288064
cancelled_write_bytes: 0

[2020-02-13T22:39:06-08:00]
rchar: 30029876347
wchar: 22510733463
syscr: 10884566
syscw: 1697465
read_bytes: 20295057920
write_bytes: 22565199872
cancelled_write_bytes: 0

[2020-02-13T22:39:09-08:00]
rchar: 30223341545
wchar: 22624776710
syscr: 10955161
syscw: 1708457
read_bytes: 20385051136
write_bytes: 22679633920
cancelled_write_bytes: 0

[2020-02-13T22:39:12-08:00]
rchar: 30360670896
wchar: 22717097472
syscr: 11005784
syscw: 1717318
read_bytes: 20448809472
write_bytes: 22772195328
cancelled_write_bytes: 0

[2020-02-13T22:39:15-08:00]
rchar: 30533883724
wchar: 22825781326
syscr: 11070079
syscw: 1727885
read_bytes: 20531003904
write_bytes: 22881230848
cancelled_write_bytes: 0

[2020-02-13T22:39:18-08:00]
rchar: 30658266055
wchar: 22914655852
syscr: 11115799
syscw: 1736349
read_bytes: 20586811904
write_bytes: 22970454016
cancelled_write_bytes: 0

[2020-02-13T22:39:21-08:00]
rchar: 30816313497
wchar: 23014569192
syscr: 11173506
syscw: 1746159
read_bytes: 20659810816
write_bytes: 23070658560
cancelled_write_bytes: 0

[2020-02-13T22:39:24-08:00]
rchar: 31001781904
wchar: 23123967742
syscr: 11241272
syscw: 1756372
read_bytes: 20742926848
write_bytes: 23180374016
cancelled_write_bytes: 0

[2020-02-13T22:39:27-08:00]
rchar: 31125653714
wchar: 23242364829
syscr: 11286314
syscw: 1763846
read_bytes: 20799914496
write_bytes: 23298994176
cancelled_write_bytes: 0

[2020-02-13T22:39:30-08:00]
rchar: 31302190518
wchar: 23331480189
syscr: 11349832
syscw: 1773709
read_bytes: 20878250496
write_bytes: 23388393472
cancelled_write_bytes: 0

[2020-02-13T22:39:33-08:00]
rchar: 31477465611
wchar: 23451251274
syscr: 11412777
syscw: 1782847
read_bytes: 20951974400
write_bytes: 23508451328
cancelled_write_bytes: 0

[2020-02-13T22:39:36-08:00]
rchar: 31637045846
wchar: 23545533489
syscr: 11470009
syscw: 1791557
read_bytes: 21018964480
write_bytes: 23602991104
cancelled_write_bytes: 0

[2020-02-13T22:39:39-08:00]
rchar: 31878708340
wchar: 23693381857
syscr: 11554682
syscw: 1802334
read_bytes: 21125071360
write_bytes: 23751168000
cancelled_write_bytes: 0

[2020-02-13T22:39:42-08:00]
rchar: 32021727223
wchar: 23783396724
syscr: 11606094
syscw: 1810812
read_bytes: 21187285504
write_bytes: 23841390592
cancelled_write_bytes: 0

[2020-02-13T22:39:45-08:00]
rchar: 32158140135
wchar: 23872309185
syscr: 11656289
syscw: 1819572
read_bytes: 21247107584
write_bytes: 23930540032
cancelled_write_bytes: 0

[2020-02-13T22:39:48-08:00]
rchar: 32316174754
wchar: 23973730105
syscr: 11714978
syscw: 1828941
read_bytes: 21319205376
write_bytes: 24032268288
cancelled_write_bytes: 0

[2020-02-13T22:39:51-08:00]
rchar: 32462378692
wchar: 24067238549
syscr: 11768318
syscw: 1837658
read_bytes: 21379797504
write_bytes: 24126144512
cancelled_write_bytes: 0

[2020-02-13T22:39:54-08:00]
rchar: 32592934386
wchar: 24151570863
syscr: 11815945
syscw: 1845774
read_bytes: 21433709056
write_bytes: 24210731008
cancelled_write_bytes: 0

[2020-02-13T22:39:57-08:00]
rchar: 32812019049
wchar: 24272045818
syscr: 11895226
syscw: 1856829
read_bytes: 21524943360
write_bytes: 24331448320
cancelled_write_bytes: 0

[2020-02-13T22:40:00-08:00]
rchar: 32977390914
wchar: 24373933785
syscr: 11954822
syscw: 1867526
read_bytes: 21594296832
write_bytes: 24433750016
cancelled_write_bytes: 0

[2020-02-13T22:40:03-08:00]
rchar: 33137937749
wchar: 24487172016
syscr: 12012696
syscw: 1876661
read_bytes: 21661200896
write_bytes: 24547237888
cancelled_write_bytes: 0

[2020-02-13T22:40:06-08:00]
rchar: 33358787862
wchar: 24587366604
syscr: 12091898
syscw: 1887292
read_bytes: 21751898624
write_bytes: 24647741440
cancelled_write_bytes: 0

[2020-02-13T22:40:09-08:00]
rchar: 33491234164
wchar: 24706931663
syscr: 12139046
syscw: 1895874
read_bytes: 21805498880
write_bytes: 24767586304
cancelled_write_bytes: 0

[2020-02-13T22:40:12-08:00]
rchar: 33654497723
wchar: 24804820636
syscr: 12197467
syscw: 1906012
read_bytes: 21873246720
write_bytes: 24865779712
cancelled_write_bytes: 0

[2020-02-13T22:40:15-08:00]
rchar: 33804684508
wchar: 24898932518
syscr: 12252540
syscw: 1915339
read_bytes: 21938811392
write_bytes: 24960192512
cancelled_write_bytes: 0

[2020-02-13T22:40:19-08:00]
rchar: 33979507155
wchar: 25017144458
syscr: 12314939
syscw: 1924357
read_bytes: 22013342208
write_bytes: 25078902784
cancelled_write_bytes: 0

[2020-02-13T22:40:22-08:00]
rchar: 34151670171
wchar: 25084322643
syscr: 12377755
syscw: 1934409
read_bytes: 22084125184
write_bytes: 25146359808
cancelled_write_bytes: 0

[2020-02-13T22:40:25-08:00]
rchar: 34317545222
wchar: 25219642753
syscr: 12438079
syscw: 1944437
read_bytes: 22151696896
write_bytes: 25281966080
cancelled_write_bytes: 0

[2020-02-13T22:40:28-08:00]
rchar: 34474079824
wchar: 25315607525
syscr: 12494420
syscw: 1953579
read_bytes: 22214849024
write_bytes: 25378177024
cancelled_write_bytes: 0

[2020-02-13T22:40:31-08:00]
rchar: 34658476149
wchar: 25422559296
syscr: 12560719
syscw: 1963876
read_bytes: 22288916992
write_bytes: 25485422592
cancelled_write_bytes: 0

[2020-02-13T22:40:34-08:00]
rchar: 34804620542
wchar: 25512229233
syscr: 12613099
syscw: 1973254
read_bytes: 22347014656
write_bytes: 25575350272
cancelled_write_bytes: 0

[2020-02-13T22:40:37-08:00]
rchar: 35049573786
wchar: 25638599164
syscr: 12700599
syscw: 1984339
read_bytes: 22440268288
write_bytes: 25702031360
cancelled_write_bytes: 0

[2020-02-13T22:40:40-08:00]
rchar: 35190099590
wchar: 25761274737
syscr: 12750721
syscw: 1993583
read_bytes: 22498009600
write_bytes: 25824980992
cancelled_write_bytes: 0

[2020-02-13T22:40:43-08:00]
rchar: 35343785911
wchar: 25839320830
syscr: 12806765
syscw: 2003166
read_bytes: 22559494656
write_bytes: 25903288320
cancelled_write_bytes: 0

[2020-02-13T22:40:46-08:00]
rchar: 35546294789
wchar: 25940096840
syscr: 12881485
syscw: 2014283
read_bytes: 22648017408
write_bytes: 26004410368
cancelled_write_bytes: 0

[2020-02-13T22:40:49-08:00]
rchar: 35637560452
wchar: 26051478026
syscr: 12916857
syscw: 2021167
read_bytes: 22681457152
write_bytes: 26116882432
cancelled_write_bytes: 0

[2020-02-13T22:40:52-08:00]
rchar: 35739620716
wchar: 26098739139
syscr: 12955114
syscw: 2029382
read_bytes: 22723277312
write_bytes: 26164875264
cancelled_write_bytes: 0

[2020-02-13T22:40:55-08:00]
rchar: 35933587556
wchar: 26212343844
syscr: 13025562
syscw: 2039637
read_bytes: 22805352960
write_bytes: 26278793216
cancelled_write_bytes: 0

[2020-02-13T22:40:58-08:00]
rchar: 36082532111
wchar: 26308258855
syscr: 13079511
syscw: 2049554
read_bytes: 22868177408
write_bytes: 26374942720
cancelled_write_bytes: 0

[2020-02-13T22:41:01-08:00]
rchar: 36239741755
wchar: 26408181869
syscr: 13136857
syscw: 2059817
read_bytes: 22936850944
write_bytes: 26475151360
cancelled_write_bytes: 0

[2020-02-13T22:41:04-08:00]
rchar: 36454589137
wchar: 26532043520
syscr: 13216401
syscw: 2071009
read_bytes: 23027151360
write_bytes: 26599346176
cancelled_write_bytes: 0

[2020-02-13T22:41:07-08:00]
rchar: 36553979690
wchar: 26646732566
syscr: 13253744
syscw: 2076726
read_bytes: 23065735680
write_bytes: 26714710016
cancelled_write_bytes: 0

[2020-02-13T22:41:10-08:00]
rchar: 36652224232
wchar: 26696427865
syscr: 13290804
syscw: 2085300
read_bytes: 23109644800
write_bytes: 26765172736
cancelled_write_bytes: 0

[2020-02-13T22:41:13-08:00]
rchar: 37053953372
wchar: 27022097006
syscr: 13422482
syscw: 2093580
read_bytes: 23283773952
write_bytes: 27090997248
cancelled_write_bytes: 0

[2020-02-13T22:41:16-08:00]
rchar: 37373814241
wchar: 27263954336
syscr: 13528129
syscw: 2103874
read_bytes: 23422722560
write_bytes: 27332882432
cancelled_write_bytes: 0

[2020-02-13T22:41:19-08:00]
rchar: 37549926328
wchar: 27480482789
syscr: 13586949
syscw: 2110481
read_bytes: 23493812736
write_bytes: 27549634560
cancelled_write_bytes: 0

[2020-02-13T22:41:22-08:00]
rchar: 37679438021
wchar: 27549421816
syscr: 13633757
syscw: 2118145
read_bytes: 23546450432
write_bytes: 27618869248
cancelled_write_bytes: 0

[2020-02-13T22:41:25-08:00]
rchar: 37814138008
wchar: 27637239899
syscr: 13683979
syscw: 2126974
read_bytes: 23599378944
write_bytes: 27706982400
cancelled_write_bytes: 0

[2020-02-13T22:41:28-08:00]
rchar: 37973750613
wchar: 27695568406
syscr: 13735814
syscw: 2131715
read_bytes: 23664517632
write_bytes: 27765710848
cancelled_write_bytes: 0

[2020-02-13T22:41:31-08:00]
rchar: 38304533316
wchar: 27953559047
syscr: 13843256
syscw: 2140396
read_bytes: 23799525888
write_bytes: 28023836672
cancelled_write_bytes: 0

[2020-02-13T22:41:34-08:00]
rchar: 38713692463
wchar: 28314208425
syscr: 13974750
syscw: 2148390
read_bytes: 23972327936
write_bytes: 28384616448
cancelled_write_bytes: 0

[2020-02-13T22:41:37-08:00]
rchar: 38853655847
wchar: 28482470067
syscr: 14021225
syscw: 2153766
read_bytes: 24029966848
write_bytes: 28553068544
cancelled_write_bytes: 0

[2020-02-13T22:41:40-08:00]
rchar: 39069754764
wchar: 28675322585
syscr: 14092161
syscw: 2159863
read_bytes: 24116408832
write_bytes: 28746129408
cancelled_write_bytes: 0

[2020-02-13T22:41:43-08:00]
rchar: 39233010581
wchar: 28809730322
syscr: 14147950
syscw: 2167587
read_bytes: 24176030208
write_bytes: 28880732160
cancelled_write_bytes: 0

[2020-02-13T22:41:46-08:00]
rchar: 39386669395
wchar: 28925599980
syscr: 14202780
syscw: 2176351
read_bytes: 24229970432
write_bytes: 28996812800
cancelled_write_bytes: 0

[2020-02-13T22:41:49-08:00]
rchar: 39543400896
wchar: 29004568905
syscr: 14258886
syscw: 2186374
read_bytes: 24284279296
write_bytes: 29076074496
cancelled_write_bytes: 0

[2020-02-13T22:41:52-08:00]
rchar: 39717237628
wchar: 29138765091
syscr: 14320877
syscw: 2195892
read_bytes: 24344166912
write_bytes: 29210484736
cancelled_write_bytes: 0

[2020-02-13T22:41:55-08:00]
rchar: 39903842883
wchar: 29242766133
syscr: 14387213
syscw: 2206411
read_bytes: 24406127104
write_bytes: 29314768896
cancelled_write_bytes: 0

[2020-02-13T22:41:58-08:00]
rchar: 40068200002
wchar: 29339041526
syscr: 14445522
syscw: 2216719
read_bytes: 24463503872
write_bytes: 29411352576
cancelled_write_bytes: 0

[2020-02-13T22:42:01-08:00]
rchar: 40303733833
wchar: 29461857992
syscr: 14529734
syscw: 2228247
read_bytes: 24544301568
write_bytes: 29534466048
cancelled_write_bytes: 0

[2020-02-13T22:42:04-08:00]
rchar: 40442237744
wchar: 29540254834
syscr: 14581018
syscw: 2236406
read_bytes: 24591499776
write_bytes: 29613207552
cancelled_write_bytes: 0

[2020-02-13T22:42:07-08:00]
rchar: 40740102227
wchar: 29685498215
syscr: 14676452
syscw: 2242533
read_bytes: 24706269696
write_bytes: 29758689280
cancelled_write_bytes: 0

[2020-02-13T22:42:10-08:00]
rchar: 41154371021
wchar: 30068818133
syscr: 14809464
syscw: 2251372
read_bytes: 24868803072
write_bytes: 30142050304
cancelled_write_bytes: 0

[2020-02-13T22:42:13-08:00]
rchar: 41476553273
wchar: 30350682316
syscr: 14912782
syscw: 2258361
read_bytes: 24994517504
write_bytes: 30424018944
cancelled_write_bytes: 0

[2020-02-13T22:42:16-08:00]
rchar: 41713918522
wchar: 30572929707
syscr: 14989248
syscw: 2264009
read_bytes: 25085874688
write_bytes: 30646382592
cancelled_write_bytes: 0

[2020-02-13T22:42:19-08:00]
rchar: 41917384936
wchar: 30726367068
syscr: 15055687
syscw: 2270302
read_bytes: 25161384448
write_bytes: 30799978496
cancelled_write_bytes: 0

[2020-02-13T22:42:22-08:00]
rchar: 42064774476
wchar: 30895958728
syscr: 15104639
syscw: 2276208
read_bytes: 25212051968
write_bytes: 30969864192
cancelled_write_bytes: 0

[2020-02-13T22:42:25-08:00]
rchar: 42196084370
wchar: 31033385923
syscr: 15150033
syscw: 2283636
read_bytes: 25254928896
write_bytes: 31107649536
cancelled_write_bytes: 0

[2020-02-13T22:42:28-08:00]
rchar: 42338922469
wchar: 31138670435
syscr: 15200502
syscw: 2291733
read_bytes: 25298653696
write_bytes: 31213150208
cancelled_write_bytes: 0

[2020-02-13T22:42:31-08:00]
rchar: 42500478800
wchar: 31234767527
syscr: 15257922
syscw: 2301741
read_bytes: 25348522496
write_bytes: 31309578240
cancelled_write_bytes: 0

[2020-02-13T22:42:34-08:00]
rchar: 42737495251
wchar: 31354757410
syscr: 15342071
syscw: 2314116
read_bytes: 25419198976
write_bytes: 31429853184
cancelled_write_bytes: 0

[2020-02-13T22:42:37-08:00]
rchar: 42855284036
wchar: 31429345388
syscr: 15384353
syscw: 2321077
read_bytes: 25452687872
write_bytes: 31505256448
cancelled_write_bytes: 0

[2020-02-13T22:42:40-08:00]
rchar: 43125036451
wchar: 31569570214
syscr: 15476596
syscw: 2331469
read_bytes: 25542009344
write_bytes: 31645904896
cancelled_write_bytes: 0

[2020-02-13T22:42:43-08:00]
rchar: 43355699497
wchar: 31747848588
syscr: 15552995
syscw: 2335403
read_bytes: 25620677120
write_bytes: 31824834560
cancelled_write_bytes: 0

[2020-02-13T22:42:46-08:00]
rchar: 43484105009
wchar: 31876243262
syscr: 15596592
syscw: 2341478
read_bytes: 25668477440
write_bytes: 31953547264
cancelled_write_bytes: 0

[2020-02-13T22:42:49-08:00]
rchar: 43728197943
wchar: 32092247270
syscr: 15677036
syscw: 2348567
read_bytes: 25761026560
write_bytes: 32169668608
cancelled_write_bytes: 0

[2020-02-13T22:42:52-08:00]
rchar: 43914084883
wchar: 32231263256
syscr: 15740618
syscw: 2356526
read_bytes: 25827947008
write_bytes: 32308969472
cancelled_write_bytes: 0

[2020-02-13T22:42:55-08:00]
rchar: 44001369189
wchar: 32295548616
syscr: 15771222
syscw: 2360996
read_bytes: 25856737792
write_bytes: 32373850112
cancelled_write_bytes: 0

[2020-02-13T22:42:58-08:00]
rchar: 44148044634
wchar: 32398083309
syscr: 15823761
syscw: 2367960
read_bytes: 25904030208
write_bytes: 32477179904
cancelled_write_bytes: 0

[2020-02-13T22:43:01-08:00]
rchar: 44322851639
wchar: 32479674047
syscr: 15881241
syscw: 2372983
read_bytes: 25969066496
write_bytes: 32559284224
cancelled_write_bytes: 0

[2020-02-13T22:43:04-08:00]
rchar: 44468997812
wchar: 32686653740
syscr: 15929524
syscw: 2378131
read_bytes: 26021970432
write_bytes: 32766504960
cancelled_write_bytes: 0

[2020-02-13T22:43:07-08:00]
rchar: 44721541824
wchar: 32914326404
syscr: 16010892
syscw: 2384553
read_bytes: 26112639488
write_bytes: 32994398208
cancelled_write_bytes: 0

[2020-02-13T22:43:10-08:00]
rchar: 44940716935
wchar: 33102442976
syscr: 16083160
syscw: 2391531
read_bytes: 26192093696
write_bytes: 33182732288
cancelled_write_bytes: 0

[2020-02-13T22:43:13-08:00]
rchar: 45104589760
wchar: 33232742696
syscr: 16137956
syscw: 2398251
read_bytes: 26247111168
write_bytes: 33313157120
cancelled_write_bytes: 0

[2020-02-13T22:43:16-08:00]
rchar: 45353769252
wchar: 33458640576
syscr: 16220292
syscw: 2405836
read_bytes: 26333876736
write_bytes: 33539215360
cancelled_write_bytes: 0

[2020-02-13T22:43:19-08:00]
rchar: 45507452803
wchar: 33606515992
syscr: 16274298
syscw: 2414787
read_bytes: 26381931008
write_bytes: 33687371776
cancelled_write_bytes: 0

[2020-02-13T22:43:22-08:00]
rchar: 45730214245
wchar: 33695992106
syscr: 16354970
syscw: 2427642
read_bytes: 26448839168
write_bytes: 33777139712
cancelled_write_bytes: 0

[2020-02-13T22:43:25-08:00]
rchar: 45858258371
wchar: 33792934164
syscr: 16400029
syscw: 2432690
read_bytes: 26487972352
write_bytes: 33874563072
cancelled_write_bytes: 0

[2020-02-13T22:43:28-08:00]
rchar: 46135147788
wchar: 33971782700
syscr: 16490867
syscw: 2439611
read_bytes: 26581385728
write_bytes: 34053767168
cancelled_write_bytes: 0

[2020-02-13T22:43:31-08:00]
rchar: 46399963259
wchar: 34220166819
syscr: 16576912
syscw: 2447110
read_bytes: 26672370176
write_bytes: 34302214144
cancelled_write_bytes: 0

[2020-02-13T22:43:34-08:00]
rchar: 46628503140
wchar: 34457074658
syscr: 16650956
syscw: 2453034
read_bytes: 26752918016
write_bytes: 34539266048
cancelled_write_bytes: 0

[2020-02-13T22:43:37-08:00]
rchar: 46872337666
wchar: 34651790998
syscr: 16730705
syscw: 2459987
read_bytes: 26836525568
write_bytes: 34734194688
cancelled_write_bytes: 0

[2020-02-13T22:43:40-08:00]
rchar: 47095537879
wchar: 34870349463
syscr: 16805045
syscw: 2467531
read_bytes: 26910110208
write_bytes: 34952896512
cancelled_write_bytes: 0

[2020-02-13T22:43:43-08:00]
rchar: 47269031355
wchar: 35017374489
syscr: 16865123
syscw: 2476337
read_bytes: 26965107200
write_bytes: 35100229632
cancelled_write_bytes: 0

[2020-02-13T22:43:46-08:00]
rchar: 47449075726
wchar: 35122063043
syscr: 16929443
syscw: 2487712
read_bytes: 27013894656
write_bytes: 35205148672
cancelled_write_bytes: 0

[2020-02-13T22:43:49-08:00]
rchar: 47652050938
wchar: 35232076618
syscr: 17002300
syscw: 2499865
read_bytes: 27068404224
write_bytes: 35315421184
cancelled_write_bytes: 0

[2020-02-13T22:43:52-08:00]
rchar: 47874588740
wchar: 35348814363
syscr: 17081592
syscw: 2512780
read_bytes: 27127431680
write_bytes: 35432452096
cancelled_write_bytes: 0

[2020-02-13T22:43:55-08:00]
rchar: 48071216857
wchar: 35456146995
syscr: 17151717
syscw: 2524329
read_bytes: 27181617664
write_bytes: 35540029440
cancelled_write_bytes: 0

[2020-02-13T22:43:58-08:00]
rchar: 48232092707
wchar: 35562709341
syscr: 17210813
syscw: 2531021
read_bytes: 27222766080
write_bytes: 35647139840
cancelled_write_bytes: 0

[2020-02-13T22:44:01-08:00]
rchar: 48353035180
wchar: 35627173311
syscr: 17252946
syscw: 2536754
read_bytes: 27259208192
write_bytes: 35712065536
cancelled_write_bytes: 0

[2020-02-13T22:44:04-08:00]
rchar: 48539663224
wchar: 35746273876
syscr: 17315178
syscw: 2544338
read_bytes: 27318428160
write_bytes: 35831652352
cancelled_write_bytes: 0

[2020-02-13T22:44:07-08:00]
rchar: 48833501069
wchar: 36029993216
syscr: 17411209
syscw: 2552747
read_bytes: 27411124736
write_bytes: 36115554304
cancelled_write_bytes: 0

[2020-02-13T22:44:10-08:00]
rchar: 49018125578
wchar: 36178963224
syscr: 17472916
syscw: 2560540
read_bytes: 27468468736
write_bytes: 36264714240
cancelled_write_bytes: 0

[2020-02-13T22:44:13-08:00]
rchar: 49131070687
wchar: 36283090578
syscr: 17511958
syscw: 2567622
read_bytes: 27501896192
write_bytes: 36369080320
cancelled_write_bytes: 0

[2020-02-13T22:44:16-08:00]
rchar: 49392865233
wchar: 36463274372
syscr: 17600597
syscw: 2577260
read_bytes: 27581424128
write_bytes: 36549472256
cancelled_write_bytes: 0

[2020-02-13T22:44:19-08:00]
rchar: 49617279080
wchar: 36620162331
syscr: 17680300
syscw: 2590023
read_bytes: 27641414144
write_bytes: 36706672640
cancelled_write_bytes: 0

[2020-02-13T22:44:22-08:00]
rchar: 49797805242
wchar: 36758667205
syscr: 17744822
syscw: 2601555
read_bytes: 27686949376
write_bytes: 36845428736
cancelled_write_bytes: 0

[2020-02-13T22:44:25-08:00]
rchar: 50022231248
wchar: 36876806874
syscr: 17824561
syscw: 2615465
read_bytes: 27741725184
write_bytes: 36963852288
cancelled_write_bytes: 0

[2020-02-13T22:44:28-08:00]
rchar: 50229008154
wchar: 36988134085
syscr: 17897857
syscw: 2627655
read_bytes: 27791929856
write_bytes: 37075431424
cancelled_write_bytes: 0

[2020-02-13T22:44:31-08:00]
rchar: 50418356359
wchar: 37128288858
syscr: 17965136
syscw: 2639293
read_bytes: 27839222272
write_bytes: 37215793152
cancelled_write_bytes: 0

[2020-02-13T22:44:34-08:00]
rchar: 50603589376
wchar: 37236283641
syscr: 18031986
syscw: 2650618
read_bytes: 27883221504
write_bytes: 37324210176
cancelled_write_bytes: 0

[2020-02-13T22:44:37-08:00]
rchar: 50747931513
wchar: 37334258275
syscr: 18083210
syscw: 2660134
read_bytes: 27918393856
write_bytes: 37422612480
cancelled_write_bytes: 0

[2020-02-13T22:44:40-08:00]
rchar: 51066252951
wchar: 37508309940
syscr: 18194694
syscw: 2669866
read_bytes: 28000186880
write_bytes: 37597167616
cancelled_write_bytes: 0

[2020-02-13T22:44:43-08:00]
rchar: 51162011080
wchar: 37619365504
syscr: 18228134
syscw: 2674558
read_bytes: 28025360896
write_bytes: 37709131776
cancelled_write_bytes: 0

[2020-02-13T22:44:46-08:00]
rchar: 51416450544
wchar: 37799858110
syscr: 18315008
syscw: 2684612
read_bytes: 28094521856
write_bytes: 37889822720
cancelled_write_bytes: 0

[2020-02-13T22:44:49-08:00]
rchar: 51690117897
wchar: 37984221733
syscr: 18409034
syscw: 2695328
read_bytes: 28165120512
write_bytes: 38074372096
cancelled_write_bytes: 0

[2020-02-13T22:44:52-08:00]
rchar: 51852802266
wchar: 38115144103
syscr: 18466648
syscw: 2706442
read_bytes: 28203958784
write_bytes: 38205489152
cancelled_write_bytes: 0

[2020-02-13T22:44:55-08:00]
rchar: 52185561220
wchar: 38282826700
syscr: 18580624
syscw: 2719356
read_bytes: 28288578048
write_bytes: 38373330944
cancelled_write_bytes: 0

[2020-02-13T22:44:58-08:00]
rchar: 52302129642
wchar: 38403143232
syscr: 18623586
syscw: 2725432
read_bytes: 28312457728
write_bytes: 38495006720
cancelled_write_bytes: 0

[2020-02-13T22:45:01-08:00]
rchar: 52442376620
wchar: 38495687250
syscr: 18674651
syscw: 2735432
read_bytes: 28346941952
write_bytes: 38587920384
cancelled_write_bytes: 0

[2020-02-13T22:45:04-08:00]
rchar: 52672908410
wchar: 38624995414
syscr: 18758525
syscw: 2749232
read_bytes: 28403032576
write_bytes: 38717554688
cancelled_write_bytes: 0

[2020-02-13T22:45:07-08:00]
rchar: 52827321336
wchar: 38719582370
syscr: 18813352
syscw: 2760670
read_bytes: 28438966784
write_bytes: 38812684288
cancelled_write_bytes: 0

[2020-02-13T22:45:10-08:00]
rchar: 53137784323
wchar: 38907200102
syscr: 18922438
syscw: 2776665
read_bytes: 28517544448
write_bytes: 39000588288
cancelled_write_bytes: 0

[2020-02-13T22:45:13-08:00]
rchar: 53245382709
wchar: 39025324648
syscr: 18963154
syscw: 2783443
read_bytes: 28540482048
write_bytes: 39120027648
cancelled_write_bytes: 0

[2020-02-13T22:45:16-08:00]
rchar: 53376741289
wchar: 39117434931
syscr: 19011003
syscw: 2794253
read_bytes: 28573635072
write_bytes: 39212617728
cancelled_write_bytes: 0

[2020-02-13T22:45:19-08:00]
rchar: 53627646140
wchar: 39212212955
syscr: 19103151
syscw: 2806981
read_bytes: 28634677760
write_bytes: 39307837440
cancelled_write_bytes: 0

[2020-02-13T22:45:22-08:00]
rchar: 53726548661
wchar: 39302922557
syscr: 19136769
syscw: 2810142
read_bytes: 28662718976
write_bytes: 39399157760
cancelled_write_bytes: 0

[2020-02-13T22:45:25-08:00]
rchar: 53941490340
wchar: 39407930498
syscr: 19209089
syscw: 2818983
read_bytes: 28721414656
write_bytes: 39504703488
cancelled_write_bytes: 0

[2020-02-13T22:45:28-08:00]
rchar: 54141578364
wchar: 39616209919
syscr: 19274681
syscw: 2827490
read_bytes: 28778574336
write_bytes: 39713357824
cancelled_write_bytes: 0

[2020-02-13T22:45:31-08:00]
rchar: 54312867802
wchar: 39808721408
syscr: 19331083
syscw: 2834381
read_bytes: 28827169280
write_bytes: 39906131968
cancelled_write_bytes: 0

[2020-02-13T22:45:34-08:00]
rchar: 54546665331
wchar: 39968148875
syscr: 19408649
syscw: 2843640
read_bytes: 28888289792
write_bytes: 40065798144
cancelled_write_bytes: 0

[2020-02-13T22:45:37-08:00]
rchar: 54738112157
wchar: 40123252315
syscr: 19472419
syscw: 2852142
read_bytes: 28938252800
write_bytes: 40237477888
cancelled_write_bytes: 0

[2020-02-13T22:45:40-08:00]
rchar: 54925886523
wchar: 40314668960
syscr: 19536623
syscw: 2862491
read_bytes: 28984463872
write_bytes: 40412696576
cancelled_write_bytes: 0

[2020-02-13T22:45:43-08:00]
rchar: 55153537241
wchar: 40432527137
syscr: 19617738
syscw: 2872683
read_bytes: 29032747520
write_bytes: 40531013632
cancelled_write_bytes: 0

[2020-02-13T22:45:46-08:00]
rchar: 55286135317
wchar: 40525690669
syscr: 19660345
syscw: 2873203
read_bytes: 29072314880
write_bytes: 40624685056
cancelled_write_bytes: 0

[2020-02-13T22:45:49-08:00]
rchar: 55422491809
wchar: 40609414538
syscr: 19705897
syscw: 2879666
read_bytes: 29109178880
write_bytes: 40708849664
cancelled_write_bytes: 0

[2020-02-13T22:45:52-08:00]
rchar: 55680562537
wchar: 40850534872
syscr: 19790226
syscw: 2887700
read_bytes: 29175177728
write_bytes: 40950104064
cancelled_write_bytes: 0

[2020-02-13T22:45:55-08:00]
rchar: 55921044618
wchar: 41084389368
syscr: 19868915
syscw: 2895344
read_bytes: 29240525312
write_bytes: 41184137216
cancelled_write_bytes: 0

[2020-02-13T22:45:58-08:00]
rchar: 56122144928
wchar: 41250351201
syscr: 19937706
syscw: 2905554
read_bytes: 29287207424
write_bytes: 41350336512
cancelled_write_bytes: 0

[2020-02-13T22:46:01-08:00]
rchar: 56373825231
wchar: 41472068525
syscr: 20022776
syscw: 2915520
read_bytes: 29349270016
write_bytes: 41572159488
cancelled_write_bytes: 0

[2020-02-13T22:46:04-08:00]
rchar: 56663301444
wchar: 41628696729
syscr: 20121919
syscw: 2928542
read_bytes: 29413499392
write_bytes: 41728987136
cancelled_write_bytes: 0

[2020-02-13T22:46:07-08:00]
rchar: 56822631701
wchar: 41808145871
syscr: 20176829
syscw: 2936708
read_bytes: 29447991808
write_bytes: 41908654080
cancelled_write_bytes: 0

[2020-02-13T22:46:10-08:00]
rchar: 57188389290
wchar: 42055174930
syscr: 20299993
syscw: 2949893
read_bytes: 29527532032
write_bytes: 42155827200
cancelled_write_bytes: 0

[2020-02-13T22:46:13-08:00]
rchar: 57425265926
wchar: 42203234120
syscr: 20382023
syscw: 2960715
read_bytes: 29575647744
write_bytes: 42304299008
cancelled_write_bytes: 0

[2020-02-13T22:46:16-08:00]
rchar: 57637421350
wchar: 42337782356
syscr: 20455904
syscw: 2971652
read_bytes: 29624037888
write_bytes: 42439331840
cancelled_write_bytes: 0

[2020-02-13T22:46:19-08:00]
rchar: 57989020680
wchar: 42612736134
syscr: 20575903
syscw: 2984396
read_bytes: 29706498560
write_bytes: 42714398720
cancelled_write_bytes: 0

[2020-02-13T22:46:22-08:00]
rchar: 58127418127
wchar: 42742709521
syscr: 20625833
syscw: 2990695
read_bytes: 29735797248
write_bytes: 42844897280
cancelled_write_bytes: 0

[2020-02-13T22:46:25-08:00]
rchar: 58399972117
wchar: 42886122753
syscr: 20718228
syscw: 3002380
read_bytes: 29799510528
write_bytes: 42988593152
cancelled_write_bytes: 0

[2020-02-13T22:46:28-08:00]
rchar: 58599677421
wchar: 43110793612
syscr: 20785844
syscw: 3011575
read_bytes: 29844464128
write_bytes: 43213463552
cancelled_write_bytes: 0

[2020-02-13T22:46:31-08:00]
rchar: 58856940834
wchar: 43292793074
syscr: 20873496
syscw: 3024025
read_bytes: 29900448256
write_bytes: 43395637248
cancelled_write_bytes: 0

[2020-02-13T22:46:34-08:00]
rchar: 59235306149
wchar: 43539720932
syscr: 21001064
syscw: 3036964
read_bytes: 29980123648
write_bytes: 43661107200
cancelled_write_bytes: 0

[2020-02-13T22:46:37-08:00]
rchar: 59376634425
wchar: 43700276084
syscr: 21051792
syscw: 3045328
read_bytes: 30006665728
write_bytes: 43803889664
cancelled_write_bytes: 0

[2020-02-13T22:46:40-08:00]
rchar: 59598166543
wchar: 43827891963
syscr: 21129050
syscw: 3057201
read_bytes: 30048879104
write_bytes: 43931721728
cancelled_write_bytes: 0

[2020-02-13T22:46:43-08:00]
rchar: 59905453018
wchar: 44030705348
syscr: 21235699
syscw: 3068387
read_bytes: 30110482944
write_bytes: 44134907904
cancelled_write_bytes: 0

[2020-02-13T22:46:46-08:00]
rchar: 60163538956
wchar: 44222946759
syscr: 21325978
syscw: 3080467
read_bytes: 30160552448
write_bytes: 44327370752
cancelled_write_bytes: 0

[2020-02-13T22:46:49-08:00]
rchar: 60449952640
wchar: 44356307523
syscr: 21425751
syscw: 3095176
read_bytes: 30209352192
write_bytes: 44468355072
cancelled_write_bytes: 0

[2020-02-13T22:46:52-08:00]
rchar: 60684086112
wchar: 44492592599
syscr: 21507889
syscw: 3108566
read_bytes: 30248235520
write_bytes: 44597444608
cancelled_write_bytes: 0

[2020-02-13T22:46:55-08:00]
rchar: 60868409487
wchar: 44605405414
syscr: 21573292
syscw: 3116450
read_bytes: 30278148608
write_bytes: 44711358464
cancelled_write_bytes: 0

[2020-02-13T22:46:58-08:00]
rchar: 61008977871
wchar: 44719351714
syscr: 21623582
syscw: 3125714
read_bytes: 30303691264
write_bytes: 44825972736
cancelled_write_bytes: 0

[2020-02-13T22:47:01-08:00]
rchar: 61275789741
wchar: 44885286348
syscr: 21717085
syscw: 3138996
read_bytes: 30357352960
write_bytes: 44992172032
cancelled_write_bytes: 0

[2020-02-13T22:47:04-08:00]
rchar: 61469291763
wchar: 45074115844
syscr: 21785369
syscw: 3147637
read_bytes: 30395355648
write_bytes: 45181644800
cancelled_write_bytes: 0

[2020-02-13T22:47:07-08:00]
rchar: 61611551698
wchar: 45146864476
syscr: 21836098
syscw: 3156528
read_bytes: 30425727488
write_bytes: 45254901760
cancelled_write_bytes: 0

[2020-02-13T22:47:10-08:00]
rchar: 61747755905
wchar: 45304216350
syscr: 21887396
syscw: 3166310
read_bytes: 30449484288
write_bytes: 45412544512
cancelled_write_bytes: 0

[2020-02-13T22:47:13-08:00]
rchar: 62013194626
wchar: 45379468575
syscr: 21975737
syscw: 3176616
read_bytes: 30504088064
write_bytes: 45488181248
cancelled_write_bytes: 0

[2020-02-13T22:47:16-08:00]
rchar: 62184967911
wchar: 45597470451
syscr: 22034881
syscw: 3186883
read_bytes: 30537011712
write_bytes: 45706498048
cancelled_write_bytes: 0

[2020-02-13T22:47:19-08:00]
rchar: 62379426001
wchar: 45731213062
syscr: 22102432
syscw: 3198306
read_bytes: 30571913728
write_bytes: 45840646144
cancelled_write_bytes: 0

[2020-02-13T22:47:22-08:00]
rchar: 62664358609
wchar: 45962378829
syscr: 22200173
syscw: 3211630
read_bytes: 30624186880
write_bytes: 46071943168
cancelled_write_bytes: 0

[2020-02-13T22:47:25-08:00]
rchar: 62889288317
wchar: 46121492335
syscr: 22278796
syscw: 3222173
read_bytes: 30662967808
write_bytes: 46231470080
cancelled_write_bytes: 0

[2020-02-13T22:47:28-08:00]
rchar: 63059961359
wchar: 46193652417
syscr: 22338030
syscw: 3233164
read_bytes: 30693278208
write_bytes: 46304169984
cancelled_write_bytes: 0

[2020-02-13T22:47:31-08:00]
rchar: 63321229837
wchar: 46407708307
syscr: 22427125
syscw: 3244779
read_bytes: 30743376384
write_bytes: 46518403072
cancelled_write_bytes: 0

[2020-02-13T22:47:34-08:00]
rchar: 63568223529
wchar: 46628967952
syscr: 22510699
syscw: 3255411
read_bytes: 30788940288
write_bytes: 46739804160
cancelled_write_bytes: 0

[2020-02-13T22:47:37-08:00]
rchar: 63825050551
wchar: 46797920277
syscr: 22598969
syscw: 3266713
read_bytes: 30832296448
write_bytes: 46908862464
cancelled_write_bytes: 0

[2020-02-13T22:47:40-08:00]
rchar: 64112897581
wchar: 46983911955
syscr: 22698891
syscw: 3279869
read_bytes: 30876525056
write_bytes: 47095070720
cancelled_write_bytes: 0

[2020-02-13T22:47:44-08:00]
rchar: 64410071439
wchar: 47147228633
syscr: 22801167
syscw: 3292649
read_bytes: 30922478080
write_bytes: 47258529792
cancelled_write_bytes: 0

[2020-02-13T22:47:47-08:00]
rchar: 64566147516
wchar: 47286139923
syscr: 22855624
syscw: 3297303
read_bytes: 30946722304
write_bytes: 47398277120
cancelled_write_bytes: 0

[2020-02-13T22:47:50-08:00]
rchar: 64727124789
wchar: 47397637086
syscr: 22913480
syscw: 3308510
read_bytes: 30972535296
write_bytes: 47510503424
cancelled_write_bytes: 0

[2020-02-13T22:47:53-08:00]
rchar: 64982384300
wchar: 47549747345
syscr: 23006520
syscw: 3322921
read_bytes: 31011455488
write_bytes: 47662915584
cancelled_write_bytes: 0

[2020-02-13T22:47:56-08:00]
rchar: 65115536885
wchar: 47671010599
syscr: 23055213
syscw: 3331924
read_bytes: 31033725440
write_bytes: 47785209856
cancelled_write_bytes: 0

[2020-02-13T22:47:59-08:00]
rchar: 65320022285
wchar: 47758955156
syscr: 23128451
syscw: 3341322
read_bytes: 31069487616
write_bytes: 47873757184
cancelled_write_bytes: 0

[2020-02-13T22:48:02-08:00]
rchar: 65520185852
wchar: 47842885146
syscr: 23195994
syscw: 3351811
read_bytes: 31107777024
write_bytes: 47958069248
cancelled_write_bytes: 0

[2020-02-13T22:48:05-08:00]
rchar: 65702401249
wchar: 48054772085
syscr: 23257409
syscw: 3360690
read_bytes: 31140909568
write_bytes: 48170168320
cancelled_write_bytes: 0

[2020-02-13T22:48:08-08:00]
rchar: 65929843041
wchar: 48219687777
syscr: 23332572
syscw: 3369998
read_bytes: 31183987200
write_bytes: 48335384576
cancelled_write_bytes: 0

[2020-02-13T22:48:11-08:00]
rchar: 66170409626
wchar: 48384965491
syscr: 23411828
syscw: 3379734
read_bytes: 31230411264
write_bytes: 48500912128
cancelled_write_bytes: 0

[2020-02-13T22:48:14-08:00]
rchar: 66392959349
wchar: 48637340500
syscr: 23486749
syscw: 3391057
read_bytes: 31270789632
write_bytes: 48753463296
cancelled_write_bytes: 0

[2020-02-13T22:48:17-08:00]
rchar: 66624919288
wchar: 48812313045
syscr: 23565497
syscw: 3403367
read_bytes: 31309160960
write_bytes: 48928661504
cancelled_write_bytes: 0

[2020-02-13T22:48:20-08:00]
rchar: 66791823753
wchar: 48954798218
syscr: 23622498
syscw: 3413664
read_bytes: 31335899648
write_bytes: 49071292416
cancelled_write_bytes: 0

[2020-02-13T22:48:23-08:00]
rchar: 67061749904
wchar: 49151414885
syscr: 23714818
syscw: 3427505
read_bytes: 31377326592
write_bytes: 49268154368
cancelled_write_bytes: 0

[2020-02-13T22:48:26-08:00]
rchar: 67366978148
wchar: 49348621498
syscr: 23818722
syscw: 3438297
read_bytes: 31424918016
write_bytes: 49465765888
cancelled_write_bytes: 0

[2020-02-13T22:48:29-08:00]
rchar: 67585253450
wchar: 49464181724
syscr: 23892375
syscw: 3447254
read_bytes: 31461491200
write_bytes: 49581809664
cancelled_write_bytes: 0

[2020-02-13T22:48:32-08:00]
rchar: 67830110261
wchar: 49696128473
syscr: 23977180
syscw: 3460167
read_bytes: 31499604480
write_bytes: 49813909504
cancelled_write_bytes: 0

[2020-02-13T22:48:35-08:00]
rchar: 68086385583
wchar: 49940684402
syscr: 24064502
syscw: 3469226
read_bytes: 31539417600
write_bytes: 50058743808
cancelled_write_bytes: 0

[2020-02-13T22:48:38-08:00]
rchar: 68238060481
wchar: 50001474373
syscr: 24116859
syscw: 3477852
read_bytes: 31563264512
write_bytes: 50120105984
cancelled_write_bytes: 0

[2020-02-13T22:48:41-08:00]
rchar: 68480555971
wchar: 50193566370
syscr: 24200539
syscw: 3491408
read_bytes: 31600816640
write_bytes: 50312433664
cancelled_write_bytes: 0

[2020-02-13T22:48:44-08:00]
rchar: 68765938838
wchar: 50410040431
syscr: 24296008
syscw: 3500479
read_bytes: 31645733376
write_bytes: 50529075200
cancelled_write_bytes: 0

[2020-02-13T22:48:47-08:00]
rchar: 69036180819
wchar: 50614302116
syscr: 24388226
syscw: 3510981
read_bytes: 31681630720
write_bytes: 50733879296
cancelled_write_bytes: 0

[2020-02-13T22:48:50-08:00]
rchar: 69201308661
wchar: 50715829845
syscr: 24446239
syscw: 3519140
read_bytes: 31704097280
write_bytes: 50836123648
cancelled_write_bytes: 0

[2020-02-13T22:48:53-08:00]
rchar: 69343964795
wchar: 50857567185
syscr: 24496909
syscw: 3527223
read_bytes: 31724532224
write_bytes: 50978316288
cancelled_write_bytes: 0

[2020-02-13T22:48:56-08:00]
rchar: 69614508856
wchar: 51024171593
syscr: 24589871
syscw: 3540401
read_bytes: 31765885440
write_bytes: 51145175040
cancelled_write_bytes: 0

[2020-02-13T22:48:59-08:00]
rchar: 69772549752
wchar: 51194182950
syscr: 24644086
syscw: 3545202
read_bytes: 31790887424
write_bytes: 51316051968
cancelled_write_bytes: 0

[2020-02-13T22:49:02-08:00]
rchar: 69893154199
wchar: 51320103089
syscr: 24686078
syscw: 3553768
read_bytes: 31808516608
write_bytes: 51442946048
cancelled_write_bytes: 0

[2020-02-13T22:49:05-08:00]
rchar: 70049818517
wchar: 51466788713
syscr: 24737331
syscw: 3559720
read_bytes: 31833731584
write_bytes: 51589120000
cancelled_write_bytes: 0

[2020-02-13T22:49:08-08:00]
rchar: 70180452668
wchar: 51650512257
syscr: 24777375
syscw: 3560330
read_bytes: 31860380160
write_bytes: 51773042688
cancelled_write_bytes: 0

[2020-02-13T22:49:11-08:00]
rchar: 70180452684
wchar: 51650778221
syscr: 24777379
syscw: 3560360
read_bytes: 31860380160
write_bytes: 51773353984
cancelled_write_bytes: 0

[2020-02-13T22:49:14-08:00]
rchar: 70180452684
wchar: 51650778221
syscr: 24777379
syscw: 3560360
read_bytes: 31860380160
write_bytes: 51773353984
cancelled_write_bytes: 0

