[2020-02-12T11:57:13-08:00]
rchar: 16584904
wchar: 209
syscr: 2825
syscw: 10
read_bytes: 712704
write_bytes: 53248
cancelled_write_bytes: 0

[2020-02-12T11:57:16-08:00]
rchar: 16584904
wchar: 209
syscr: 2825
syscw: 10
read_bytes: 712704
write_bytes: 53248
cancelled_write_bytes: 0

[2020-02-12T11:57:19-08:00]
rchar: 16584904
wchar: 209
syscr: 2825
syscw: 10
read_bytes: 712704
write_bytes: 61440
cancelled_write_bytes: 0

[2020-02-12T11:57:22-08:00]
rchar: 16584904
wchar: 209
syscr: 2825
syscw: 10
read_bytes: 712704
write_bytes: 61440
cancelled_write_bytes: 0

[2020-02-12T11:57:25-08:00]
rchar: 16584904
wchar: 209
syscr: 2825
syscw: 10
read_bytes: 712704
write_bytes: 69632
cancelled_write_bytes: 0

[2020-02-12T11:57:28-08:00]
rchar: 16584904
wchar: 209
syscr: 2825
syscw: 10
read_bytes: 712704
write_bytes: 69632
cancelled_write_bytes: 0

[2020-02-12T11:57:31-08:00]
rchar: 16584904
wchar: 209
syscr: 2825
syscw: 10
read_bytes: 712704
write_bytes: 77824
cancelled_write_bytes: 0

[2020-02-12T11:57:34-08:00]
rchar: 16584904
wchar: 209
syscr: 2825
syscw: 10
read_bytes: 712704
write_bytes: 86016
cancelled_write_bytes: 0

[2020-02-12T11:57:37-08:00]
rchar: 16584904
wchar: 209
syscr: 2825
syscw: 10
read_bytes: 712704
write_bytes: 86016
cancelled_write_bytes: 0

[2020-02-12T11:57:40-08:00]
rchar: 16927733
wchar: 209
syscr: 3027
syscw: 10
read_bytes: 765952
write_bytes: 102400
cancelled_write_bytes: 0

[2020-02-12T11:57:43-08:00]
rchar: 132376438
wchar: 104142551
syscr: 28619
syscw: 2057
read_bytes: 152848896
write_bytes: 104271872
cancelled_write_bytes: 0

[2020-02-12T11:57:46-08:00]
rchar: 356583454
wchar: 220082788
syscr: 114695
syscw: 14762
read_bytes: 508389888
write_bytes: 220221440
cancelled_write_bytes: 0

[2020-02-12T11:57:49-08:00]
rchar: 502449489
wchar: 351816399
syscr: 166505
syscw: 30307
read_bytes: 661023232
write_bytes: 351997952
cancelled_write_bytes: 0

[2020-02-12T11:57:52-08:00]
rchar: 547203101
wchar: 483250776
syscr: 184310
syscw: 36158
read_bytes: 720407040
write_bytes: 483602432
cancelled_write_bytes: 0

[2020-02-12T11:57:55-08:00]
rchar: 725516856
wchar: 599022844
syscr: 256898
syscw: 45739
read_bytes: 972343808
write_bytes: 599453696
cancelled_write_bytes: 0

[2020-02-12T11:57:58-08:00]
rchar: 813097586
wchar: 724634945
syscr: 292403
syscw: 52398
read_bytes: 1093478912
write_bytes: 725192704
cancelled_write_bytes: 0

[2020-02-12T11:58:01-08:00]
rchar: 979669080
wchar: 865968167
syscr: 359772
syscw: 62462
read_bytes: 1318226432
write_bytes: 866590720
cancelled_write_bytes: 0

[2020-02-12T11:58:04-08:00]
rchar: 1106066700
wchar: 1019344543
syscr: 410997
syscw: 69008
read_bytes: 1489885696
write_bytes: 1020043264
cancelled_write_bytes: 0

[2020-02-12T11:58:07-08:00]
rchar: 1142616737
wchar: 1076773969
syscr: 425276
syscw: 73993
read_bytes: 1532488192
write_bytes: 1077702656
cancelled_write_bytes: 0

[2020-02-12T11:58:10-08:00]
rchar: 1280431785
wchar: 1195234972
syscr: 480198
syscw: 82210
read_bytes: 1702816256
write_bytes: 1196285952
cancelled_write_bytes: 0

[2020-02-12T11:58:13-08:00]
rchar: 1447042450
wchar: 1334926259
syscr: 546915
syscw: 91219
read_bytes: 1915374080
write_bytes: 1336020992
cancelled_write_bytes: 0

[2020-02-12T11:58:16-08:00]
rchar: 1542939921
wchar: 1465184557
syscr: 584902
syscw: 100139
read_bytes: 2028640768
write_bytes: 1466564608
cancelled_write_bytes: 0

[2020-02-12T11:58:19-08:00]
rchar: 1594971812
wchar: 1530354141
syscr: 605605
syscw: 105117
read_bytes: 2085915136
write_bytes: 1531940864
cancelled_write_bytes: 0

[2020-02-12T11:58:22-08:00]
rchar: 1677579896
wchar: 1613619485
syscr: 638650
syscw: 113511
read_bytes: 2177608192
write_bytes: 1615536128
cancelled_write_bytes: 0

[2020-02-12T11:58:25-08:00]
rchar: 1900541245
wchar: 1787617194
syscr: 717163
syscw: 122514
read_bytes: 2410146304
write_bytes: 1789566976
cancelled_write_bytes: 0

[2020-02-12T11:58:28-08:00]
rchar: 2055122576
wchar: 1973211157
syscr: 772331
syscw: 130852
read_bytes: 2571840000
write_bytes: 1975386112
cancelled_write_bytes: 0

[2020-02-12T11:58:31-08:00]
rchar: 2111165568
wchar: 2039761702
syscr: 794185
syscw: 136387
read_bytes: 2628549120
write_bytes: 2042179584
cancelled_write_bytes: 0

[2020-02-12T11:58:34-08:00]
rchar: 2200391941
wchar: 2094620762
syscr: 828111
syscw: 142580
read_bytes: 2719586816
write_bytes: 2097225728
cancelled_write_bytes: 0

[2020-02-12T11:58:37-08:00]
rchar: 2290706792
wchar: 2179495043
syscr: 863923
syscw: 149702
read_bytes: 2810657280
write_bytes: 2182422528
cancelled_write_bytes: 0

[2020-02-12T11:58:40-08:00]
rchar: 2357349054
wchar: 2251226420
syscr: 890362
syscw: 155873
read_bytes: 2878433792
write_bytes: 2254364672
cancelled_write_bytes: 0

[2020-02-12T11:58:43-08:00]
rchar: 2438186638
wchar: 2298420226
syscr: 921971
syscw: 163659
read_bytes: 2958055936
write_bytes: 2301952000
cancelled_write_bytes: 0

[2020-02-12T11:58:46-08:00]
rchar: 2532723142
wchar: 2394646273
syscr: 957018
syscw: 170470
read_bytes: 3050834432
write_bytes: 2398351360
cancelled_write_bytes: 0

[2020-02-12T11:58:49-08:00]
rchar: 2622464788
wchar: 2478297807
syscr: 992389
syscw: 178857
read_bytes: 3141110272
write_bytes: 2482343936
cancelled_write_bytes: 0

[2020-02-12T11:58:52-08:00]
rchar: 2733187055
wchar: 2554769185
syscr: 1036180
syscw: 187307
read_bytes: 3249580544
write_bytes: 2559131648
cancelled_write_bytes: 0

[2020-02-12T11:58:55-08:00]
rchar: 2793602694
wchar: 2638737741
syscr: 1059942
syscw: 193459
read_bytes: 3308395008
write_bytes: 2643324928
cancelled_write_bytes: 0

[2020-02-12T11:58:58-08:00]
rchar: 2886918393
wchar: 2690443669
syscr: 1096134
syscw: 200298
read_bytes: 3395734016
write_bytes: 2695397376
cancelled_write_bytes: 0

[2020-02-12T11:59:01-08:00]
rchar: 2957601401
wchar: 2762883439
syscr: 1123891
syscw: 206931
read_bytes: 3463830016
write_bytes: 2768039936
cancelled_write_bytes: 0

[2020-02-12T11:59:04-08:00]
rchar: 3076109130
wchar: 2860272617
syscr: 1170798
syscw: 216029
read_bytes: 3576949248
write_bytes: 2865758208
cancelled_write_bytes: 0

[2020-02-12T11:59:07-08:00]
rchar: 3164819258
wchar: 2941565104
syscr: 1205898
syscw: 223519
read_bytes: 3659889152
write_bytes: 2947436544
cancelled_write_bytes: 0

[2020-02-12T11:59:10-08:00]
rchar: 3294262356
wchar: 3017694414
syscr: 1255429
syscw: 230229
read_bytes: 3780000256
write_bytes: 3023757312
cancelled_write_bytes: 0

[2020-02-12T11:59:13-08:00]
rchar: 3608535406
wchar: 3300247018
syscr: 1362747
syscw: 237819
read_bytes: 4074359296
write_bytes: 3306352640
cancelled_write_bytes: 0

[2020-02-12T11:59:16-08:00]
rchar: 3976834505
wchar: 3637935581
syscr: 1490077
syscw: 248144
read_bytes: 4416735744
write_bytes: 3644104704
cancelled_write_bytes: 0

[2020-02-12T11:59:19-08:00]
rchar: 4122552828
wchar: 3791176970
syscr: 1540693
syscw: 253770
read_bytes: 4549270016
write_bytes: 3797463040
cancelled_write_bytes: 0

[2020-02-12T11:59:22-08:00]
rchar: 4404433579
wchar: 4029903758
syscr: 1636562
syscw: 261286
read_bytes: 4796217856
write_bytes: 4036349952
cancelled_write_bytes: 0

[2020-02-12T11:59:25-08:00]
rchar: 4699730179
wchar: 4289990397
syscr: 1736948
syscw: 269070
read_bytes: 5055355392
write_bytes: 4296466432
cancelled_write_bytes: 0

[2020-02-12T11:59:28-08:00]
rchar: 4764443815
wchar: 4356363139
syscr: 1761157
syscw: 274557
read_bytes: 5107976704
write_bytes: 4363128832
cancelled_write_bytes: 0

[2020-02-12T11:59:31-08:00]
rchar: 4851119460
wchar: 4432143793
syscr: 1793935
syscw: 280591
read_bytes: 5176465920
write_bytes: 4439183360
cancelled_write_bytes: 0

[2020-02-12T11:59:34-08:00]
rchar: 4924637325
wchar: 4469235845
syscr: 1822165
syscw: 287024
read_bytes: 5236816384
write_bytes: 4476506112
cancelled_write_bytes: 0

[2020-02-12T11:59:37-08:00]
rchar: 5004709156
wchar: 4543103530
syscr: 1853117
syscw: 292661
read_bytes: 5301025280
write_bytes: 4550647808
cancelled_write_bytes: 0

[2020-02-12T11:59:40-08:00]
rchar: 5145011612
wchar: 4666558445
syscr: 1903743
syscw: 299605
read_bytes: 5419915776
write_bytes: 4674318336
cancelled_write_bytes: 0

[2020-02-12T11:59:43-08:00]
rchar: 5313392101
wchar: 4805171611
syscr: 1965899
syscw: 308343
read_bytes: 5562522112
write_bytes: 4813221888
cancelled_write_bytes: 0

[2020-02-12T11:59:46-08:00]
rchar: 5477710923
wchar: 4949728543
syscr: 2024595
syscw: 315970
read_bytes: 5701241344
write_bytes: 4957958144
cancelled_write_bytes: 0

[2020-02-12T11:59:49-08:00]
rchar: 5582447614
wchar: 5002082836
syscr: 2065166
syscw: 322941
read_bytes: 5786409472
write_bytes: 5010649088
cancelled_write_bytes: 0

[2020-02-12T11:59:52-08:00]
rchar: 5702060560
wchar: 5100105458
syscr: 2110539
syscw: 329495
read_bytes: 5882051072
write_bytes: 5108936704
cancelled_write_bytes: 0

[2020-02-12T11:59:55-08:00]
rchar: 5768964025
wchar: 5166937034
syscr: 2136821
syscw: 334745
read_bytes: 5935258112
write_bytes: 5175971840
cancelled_write_bytes: 0

[2020-02-12T11:59:58-08:00]
rchar: 5876272023
wchar: 5252868902
syscr: 2178366
syscw: 341810
read_bytes: 6020016640
write_bytes: 5262245888
cancelled_write_bytes: 0

[2020-02-12T12:00:01-08:00]
rchar: 5993704256
wchar: 5326025544
syscr: 2224176
syscw: 349758
read_bytes: 6114101760
write_bytes: 5335707648
cancelled_write_bytes: 0

[2020-02-12T12:00:04-08:00]
rchar: 6080966852
wchar: 5386446746
syscr: 2257948
syscw: 355861
read_bytes: 6183991808
write_bytes: 5396459520
cancelled_write_bytes: 0

[2020-02-12T12:00:07-08:00]
rchar: 6187329410
wchar: 5478884603
syscr: 2298139
syscw: 362971
read_bytes: 6267533824
write_bytes: 5489119232
cancelled_write_bytes: 0

[2020-02-12T12:00:10-08:00]
rchar: 6282299863
wchar: 5559866301
syscr: 2335097
syscw: 370010
read_bytes: 6341913088
write_bytes: 5570420736
cancelled_write_bytes: 0

[2020-02-12T12:00:13-08:00]
rchar: 6392923373
wchar: 5647847472
syscr: 2378096
syscw: 378071
read_bytes: 6429813248
write_bytes: 5658722304
cancelled_write_bytes: 0

[2020-02-12T12:00:16-08:00]
rchar: 6492732888
wchar: 5729323052
syscr: 2416524
syscw: 384721
read_bytes: 6507772416
write_bytes: 5740466176
cancelled_write_bytes: 0

[2020-02-12T12:00:19-08:00]
rchar: 6583366313
wchar: 5773932850
syscr: 2451364
syscw: 391767
read_bytes: 6579223040
write_bytes: 5785325568
cancelled_write_bytes: 0

[2020-02-12T12:00:22-08:00]
rchar: 6688354777
wchar: 5858807031
syscr: 2491817
syscw: 398338
read_bytes: 6658116096
write_bytes: 5870501888
cancelled_write_bytes: 0

[2020-02-12T12:00:25-08:00]
rchar: 6833706876
wchar: 5962183267
syscr: 2548458
syscw: 407525
read_bytes: 6770137600
write_bytes: 5974220800
cancelled_write_bytes: 0

[2020-02-12T12:00:28-08:00]
rchar: 6901616215
wchar: 6029481703
syscr: 2574598
syscw: 413241
read_bytes: 6822046208
write_bytes: 6041743360
cancelled_write_bytes: 0

[2020-02-12T12:00:31-08:00]
rchar: 7042097009
wchar: 6096135083
syscr: 2629255
syscw: 421028
read_bytes: 6929390080
write_bytes: 6108770304
cancelled_write_bytes: 0

[2020-02-12T12:00:34-08:00]
rchar: 7137957551
wchar: 6212413565
syscr: 2666222
syscw: 428323
read_bytes: 7004281344
write_bytes: 6225432576
cancelled_write_bytes: 0

[2020-02-12T12:00:37-08:00]
rchar: 7224889234
wchar: 6255457320
syscr: 2699320
syscw: 435345
read_bytes: 7069497856
write_bytes: 6268715008
cancelled_write_bytes: 0

[2020-02-12T12:00:40-08:00]
rchar: 7374003701
wchar: 6359225947
syscr: 2756462
syscw: 443822
read_bytes: 7179741696
write_bytes: 6372786176
cancelled_write_bytes: 0

[2020-02-12T12:00:43-08:00]
rchar: 7455772427
wchar: 6431670777
syscr: 2787836
syscw: 448966
read_bytes: 7239776768
write_bytes: 6445408256
cancelled_write_bytes: 0

[2020-02-12T12:00:46-08:00]
rchar: 7585675247
wchar: 6526984279
syscr: 2837829
syscw: 457338
read_bytes: 7336921600
write_bytes: 6541070336
cancelled_write_bytes: 0

[2020-02-12T12:00:49-08:00]
rchar: 7653610590
wchar: 6593356091
syscr: 2863796
syscw: 463455
read_bytes: 7388658176
write_bytes: 6607683584
cancelled_write_bytes: 0

[2020-02-12T12:00:52-08:00]
rchar: 7784853587
wchar: 6691510077
syscr: 2914045
syscw: 471944
read_bytes: 7487519232
write_bytes: 6706167808
cancelled_write_bytes: 0

[2020-02-12T12:00:55-08:00]
rchar: 7945882612
wchar: 6825844514
syscr: 2972342
syscw: 479250
read_bytes: 7613958656
write_bytes: 6840684544
cancelled_write_bytes: 0

[2020-02-12T12:00:58-08:00]
rchar: 8074547286
wchar: 6887218907
syscr: 3021967
syscw: 487700
read_bytes: 7710792192
write_bytes: 6902403072
cancelled_write_bytes: 0

[2020-02-12T12:01:01-08:00]
rchar: 8147550360
wchar: 6973202616
syscr: 3049992
syscw: 493784
read_bytes: 7766039040
write_bytes: 6988578816
cancelled_write_bytes: 0

[2020-02-12T12:01:04-08:00]
rchar: 8284886675
wchar: 7055058540
syscr: 3102599
syscw: 501174
read_bytes: 7867066880
write_bytes: 7070724096
cancelled_write_bytes: 0

[2020-02-12T12:01:07-08:00]
rchar: 8358207909
wchar: 7124880969
syscr: 3130693
syscw: 506918
read_bytes: 7922088448
write_bytes: 7140716544
cancelled_write_bytes: 0

[2020-02-12T12:01:10-08:00]
rchar: 8516473404
wchar: 7231805792
syscr: 3191933
syscw: 514749
read_bytes: 8037759488
write_bytes: 7247921152
cancelled_write_bytes: 0

[2020-02-12T12:01:13-08:00]
rchar: 8624839827
wchar: 7324033343
syscr: 3232506
syscw: 521443
read_bytes: 8120138240
write_bytes: 7340433408
cancelled_write_bytes: 0

[2020-02-12T12:01:16-08:00]
rchar: 8728986117
wchar: 7406526083
syscr: 3272681
syscw: 527111
read_bytes: 8195750400
write_bytes: 7423242240
cancelled_write_bytes: 0

[2020-02-12T12:01:19-08:00]
rchar: 8826698988
wchar: 7470223982
syscr: 3310088
syscw: 533999
read_bytes: 8267233792
write_bytes: 7498686464
cancelled_write_bytes: 0

[2020-02-12T12:01:22-08:00]
rchar: 8956130089
wchar: 7547855966
syscr: 3358967
syscw: 541408
read_bytes: 8358431232
write_bytes: 7565201408
cancelled_write_bytes: 0

[2020-02-12T12:01:25-08:00]
rchar: 9033009198
wchar: 7617807275
syscr: 3388230
syscw: 547737
read_bytes: 8412813824
write_bytes: 7635378176
cancelled_write_bytes: 0

[2020-02-12T12:01:28-08:00]
rchar: 9167445967
wchar: 7712973224
syscr: 3439176
syscw: 555717
read_bytes: 8506194432
write_bytes: 7730884608
cancelled_write_bytes: 0

[2020-02-12T12:01:31-08:00]
rchar: 9252463048
wchar: 7785362766
syscr: 3471475
syscw: 561570
read_bytes: 8564836864
write_bytes: 7803543552
cancelled_write_bytes: 0

[2020-02-12T12:01:34-08:00]
rchar: 9400668280
wchar: 7853282669
syscr: 3527820
syscw: 569421
read_bytes: 8671275520
write_bytes: 7871774720
cancelled_write_bytes: 0

[2020-02-12T12:01:37-08:00]
rchar: 9469764511
wchar: 7954510883
syscr: 3554144
syscw: 576027
read_bytes: 8720423424
write_bytes: 7973228544
cancelled_write_bytes: 0

[2020-02-12T12:01:40-08:00]
rchar: 9597594889
wchar: 8014656336
syscr: 3602256
syscw: 583203
read_bytes: 8809085440
write_bytes: 8033718272
cancelled_write_bytes: 0

[2020-02-12T12:01:43-08:00]
rchar: 9670380440
wchar: 8082120125
syscr: 3630070
syscw: 588793
read_bytes: 8860097024
write_bytes: 8101429248
cancelled_write_bytes: 0

[2020-02-12T12:01:46-08:00]
rchar: 9796340390
wchar: 8174802758
syscr: 3677804
syscw: 596922
read_bytes: 8949795328
write_bytes: 8194445312
cancelled_write_bytes: 0

[2020-02-12T12:01:49-08:00]
rchar: 9950414792
wchar: 8276924121
syscr: 3734253
syscw: 604276
read_bytes: 9062963712
write_bytes: 8296763392
cancelled_write_bytes: 0

[2020-02-12T12:01:52-08:00]
rchar: 10072620361
wchar: 8384586638
syscr: 3780646
syscw: 611794
read_bytes: 9149946368
write_bytes: 8404692992
cancelled_write_bytes: 0

[2020-02-12T12:01:55-08:00]
rchar: 10180423241
wchar: 8435951452
syscr: 3821674
syscw: 618663
read_bytes: 9226471936
write_bytes: 8456413184
cancelled_write_bytes: 0

[2020-02-12T12:01:58-08:00]
rchar: 10264069865
wchar: 8509547073
syscr: 3853945
syscw: 624906
read_bytes: 9284450816
write_bytes: 8530280448
cancelled_write_bytes: 0

[2020-02-12T12:02:01-08:00]
rchar: 10342559630
wchar: 8580700200
syscr: 3884433
syscw: 630737
read_bytes: 9341086208
write_bytes: 8601677824
cancelled_write_bytes: 0

[2020-02-12T12:02:04-08:00]
rchar: 10456139619
wchar: 8667417589
syscr: 3928258
syscw: 638692
read_bytes: 9421715968
write_bytes: 8688742400
cancelled_write_bytes: 0

[2020-02-12T12:02:07-08:00]
rchar: 10544896493
wchar: 8709704025
syscr: 3962337
syscw: 646130
read_bytes: 9485752832
write_bytes: 8731316224
cancelled_write_bytes: 0

[2020-02-12T12:02:10-08:00]
rchar: 10669300426
wchar: 8802790022
syscr: 4009815
syscw: 653352
read_bytes: 9573911040
write_bytes: 8824672256
cancelled_write_bytes: 0

[2020-02-12T12:02:13-08:00]
rchar: 10778210205
wchar: 8890428996
syscr: 4051474
syscw: 661028
read_bytes: 9651673600
write_bytes: 8912625664
cancelled_write_bytes: 0

[2020-02-12T12:02:16-08:00]
rchar: 10870860734
wchar: 8967679518
syscr: 4086977
syscw: 667327
read_bytes: 9715276288
write_bytes: 8990179328
cancelled_write_bytes: 0

[2020-02-12T12:02:19-08:00]
rchar: 11021316403
wchar: 9065547510
syscr: 4143384
syscw: 674778
read_bytes: 9825024512
write_bytes: 9088360448
cancelled_write_bytes: 0

[2020-02-12T12:02:22-08:00]
rchar: 11105500177
wchar: 9155196328
syscr: 4175803
syscw: 680964
read_bytes: 9883318784
write_bytes: 9178267648
cancelled_write_bytes: 0

[2020-02-12T12:02:25-08:00]
rchar: 11252536952
wchar: 9224295810
syscr: 4232143
syscw: 689178
read_bytes: 9987451392
write_bytes: 9247686656
cancelled_write_bytes: 0

[2020-02-12T12:02:28-08:00]
rchar: 11334852517
wchar: 9331958784
syscr: 4263596
syscw: 695266
read_bytes: 10045692416
write_bytes: 9355612160
cancelled_write_bytes: 0

[2020-02-12T12:02:31-08:00]
rchar: 11438881421
wchar: 9379586481
syscr: 4303071
syscw: 701677
read_bytes: 10114042368
write_bytes: 9403490304
cancelled_write_bytes: 0

[2020-02-12T12:02:34-08:00]
rchar: 11546255934
wchar: 9461773556
syscr: 4343826
syscw: 708237
read_bytes: 10186398208
write_bytes: 9485987840
cancelled_write_bytes: 0

[2020-02-12T12:02:37-08:00]
rchar: 11684101976
wchar: 9557319581
syscr: 4396136
syscw: 716746
read_bytes: 10281478656
write_bytes: 9581834240
cancelled_write_bytes: 0

[2020-02-12T12:02:40-08:00]
rchar: 11781643533
wchar: 9635149880
syscr: 4433042
syscw: 723348
read_bytes: 10345228800
write_bytes: 9659936768
cancelled_write_bytes: 0

[2020-02-12T12:02:43-08:00]
rchar: 11883513242
wchar: 9680986012
syscr: 4471579
syscw: 730656
read_bytes: 10414598656
write_bytes: 9706037248
cancelled_write_bytes: 0

[2020-02-12T12:02:46-08:00]
rchar: 12019495785
wchar: 9777331972
syscr: 4523057
syscw: 738649
read_bytes: 10507356672
write_bytes: 9802752000
cancelled_write_bytes: 0

[2020-02-12T12:02:49-08:00]
rchar: 12130785185
wchar: 9860102742
syscr: 4564827
syscw: 746185
read_bytes: 10579642880
write_bytes: 9885818880
cancelled_write_bytes: 0

[2020-02-12T12:02:52-08:00]
rchar: 12284113244
wchar: 9973897809
syscr: 4620864
syscw: 753563
read_bytes: 10683206144
write_bytes: 9999896576
cancelled_write_bytes: 0

[2020-02-12T12:02:55-08:00]
rchar: 12365767645
wchar: 10044379238
syscr: 4651770
syscw: 759727
read_bytes: 10737166848
write_bytes: 10070618112
cancelled_write_bytes: 0

[2020-02-12T12:02:58-08:00]
rchar: 12515081393
wchar: 10110714401
syscr: 4708011
syscw: 768614
read_bytes: 10836367872
write_bytes: 10137313280
cancelled_write_bytes: 0

[2020-02-12T12:03:01-08:00]
rchar: 12604426382
wchar: 10220128789
syscr: 4741658
syscw: 775713
read_bytes: 10895796736
write_bytes: 10247004160
cancelled_write_bytes: 0

[2020-02-12T12:03:04-08:00]
rchar: 12765045009
wchar: 10292635628
syscr: 4802090
syscw: 783900
read_bytes: 11001227776
write_bytes: 10319839232
cancelled_write_bytes: 0

[2020-02-12T12:03:07-08:00]
rchar: 12851761057
wchar: 10364987181
syscr: 4834906
syscw: 789381
read_bytes: 11058608640
write_bytes: 10392399872
cancelled_write_bytes: 0

[2020-02-12T12:03:10-08:00]
rchar: 12965887399
wchar: 10450190193
syscr: 4877950
syscw: 797161
read_bytes: 11134491136
write_bytes: 10477932544
cancelled_write_bytes: 0

[2020-02-12T12:03:13-08:00]
rchar: 13075443459
wchar: 10532203595
syscr: 4919140
syscw: 803795
read_bytes: 11204504064
write_bytes: 10560237568
cancelled_write_bytes: 0

[2020-02-12T12:03:16-08:00]
rchar: 13186252298
wchar: 10598273953
syscr: 4961044
syscw: 810195
read_bytes: 11278150144
write_bytes: 10626555904
cancelled_write_bytes: 0

[2020-02-12T12:03:19-08:00]
rchar: 13318866526
wchar: 10692007410
syscr: 5010811
syscw: 818422
read_bytes: 11364149760
write_bytes: 10720604160
cancelled_write_bytes: 0

[2020-02-12T12:03:22-08:00]
rchar: 13450175835
wchar: 10802907901
syscr: 5060202
syscw: 826585
read_bytes: 11451464192
write_bytes: 10831745024
cancelled_write_bytes: 0

[2020-02-12T12:03:25-08:00]
rchar: 13558455487
wchar: 10853308830
syscr: 5100969
syscw: 833705
read_bytes: 11522329088
write_bytes: 10882441216
cancelled_write_bytes: 0

[2020-02-12T12:03:28-08:00]
rchar: 13681417631
wchar: 10941928299
syscr: 5147260
syscw: 842517
read_bytes: 11602520576
write_bytes: 10971389952
cancelled_write_bytes: 0

[2020-02-12T12:03:31-08:00]
rchar: 13808045839
wchar: 11029498395
syscr: 5195000
syscw: 849906
read_bytes: 11683183104
write_bytes: 11059220480
cancelled_write_bytes: 0

[2020-02-12T12:03:34-08:00]
rchar: 13956790425
wchar: 11130882018
syscr: 5250724
syscw: 858785
read_bytes: 11780303360
write_bytes: 11160936448
cancelled_write_bytes: 0

[2020-02-12T12:03:37-08:00]
rchar: 14043958205
wchar: 11204037311
syscr: 5283467
syscw: 865164
read_bytes: 11836545536
write_bytes: 11234340864
cancelled_write_bytes: 0

[2020-02-12T12:03:40-08:00]
rchar: 14166646951
wchar: 11294463051
syscr: 5329735
syscw: 872391
read_bytes: 11917904384
write_bytes: 11325005824
cancelled_write_bytes: 0

[2020-02-12T12:03:43-08:00]
rchar: 14279434250
wchar: 11377705775
syscr: 5372018
syscw: 879038
read_bytes: 11988969984
write_bytes: 11408535552
cancelled_write_bytes: 0

[2020-02-12T12:03:46-08:00]
rchar: 14449038484
wchar: 11491744863
syscr: 5435076
syscw: 887601
read_bytes: 12097444352
write_bytes: 11522879488
cancelled_write_bytes: 0

[2020-02-12T12:03:49-08:00]
rchar: 14554799473
wchar: 11571234916
syscr: 5474417
syscw: 893960
read_bytes: 12163426816
write_bytes: 11602644992
cancelled_write_bytes: 0

[2020-02-12T12:03:52-08:00]
rchar: 14677606305
wchar: 11643191747
syscr: 5520626
syscw: 901562
read_bytes: 12240656896
write_bytes: 11674865664
cancelled_write_bytes: 0

[2020-02-12T12:03:55-08:00]
rchar: 14803443602
wchar: 11719262431
syscr: 5568126
syscw: 909711
read_bytes: 12320811520
write_bytes: 11751272448
cancelled_write_bytes: 0

[2020-02-12T12:03:58-08:00]
rchar: 14896243392
wchar: 11794131087
syscr: 5603039
syscw: 916998
read_bytes: 12377008640
write_bytes: 11826405376
cancelled_write_bytes: 0

[2020-02-12T12:04:01-08:00]
rchar: 15038777559
wchar: 11888962476
syscr: 5656394
syscw: 925198
read_bytes: 12465232384
write_bytes: 11921584128
cancelled_write_bytes: 0

[2020-02-12T12:04:04-08:00]
rchar: 15133736637
wchar: 11963540813
syscr: 5692248
syscw: 931191
read_bytes: 12524890624
write_bytes: 11996368896
cancelled_write_bytes: 0

[2020-02-12T12:04:07-08:00]
rchar: 15287716982
wchar: 12064436861
syscr: 5750184
syscw: 940418
read_bytes: 12621425152
write_bytes: 12097638400
cancelled_write_bytes: 0

[2020-02-12T12:04:10-08:00]
rchar: 15388063814
wchar: 12142087932
syscr: 5787642
syscw: 947880
read_bytes: 12682361344
write_bytes: 12175532032
cancelled_write_bytes: 0

[2020-02-12T12:04:13-08:00]
rchar: 15528921339
wchar: 12205733051
syscr: 5840822
syscw: 955570
read_bytes: 12771535360
write_bytes: 12239540224
cancelled_write_bytes: 0

[2020-02-12T12:04:16-08:00]
rchar: 15625408026
wchar: 12284191986
syscr: 5877070
syscw: 962498
read_bytes: 12831296000
write_bytes: 12318289920
cancelled_write_bytes: 0

[2020-02-12T12:04:19-08:00]
rchar: 15792492142
wchar: 12390002566
syscr: 5939834
syscw: 971255
read_bytes: 12933827072
write_bytes: 12424413184
cancelled_write_bytes: 0

[2020-02-12T12:04:22-08:00]
rchar: 15896798391
wchar: 12468563042
syscr: 5979041
syscw: 977527
read_bytes: 12996766208
write_bytes: 12503171072
cancelled_write_bytes: 0

[2020-02-12T12:04:25-08:00]
rchar: 16060224447
wchar: 12572888848
syscr: 6039903
syscw: 987544
read_bytes: 13096581632
write_bytes: 12607860736
cancelled_write_bytes: 0

[2020-02-12T12:04:28-08:00]
rchar: 16159806368
wchar: 12650324224
syscr: 6077277
syscw: 993756
read_bytes: 13156764160
write_bytes: 12685492224
cancelled_write_bytes: 0

[2020-02-12T12:04:32-08:00]
rchar: 16282504624
wchar: 12740435891
syscr: 6123138
syscw: 1001315
read_bytes: 13233277440
write_bytes: 12775903232
cancelled_write_bytes: 0

[2020-02-12T12:04:35-08:00]
rchar: 16421029338
wchar: 12836321987
syscr: 6173675
syscw: 1008693
read_bytes: 13313432064
write_bytes: 12872003584
cancelled_write_bytes: 0

[2020-02-12T12:04:38-08:00]
rchar: 16585351367
wchar: 12937306441
syscr: 6234267
syscw: 1018194
read_bytes: 13410134528
write_bytes: 12973355008
cancelled_write_bytes: 0

[2020-02-12T12:04:41-08:00]
rchar: 16690623437
wchar: 13015144885
syscr: 6273039
syscw: 1025201
read_bytes: 13471009280
write_bytes: 13051424768
cancelled_write_bytes: 0

[2020-02-12T12:04:44-08:00]
rchar: 16834640032
wchar: 13107961237
syscr: 6326200
syscw: 1033200
read_bytes: 13556677120
write_bytes: 13144514560
cancelled_write_bytes: 0

[2020-02-12T12:04:47-08:00]
rchar: 16970084320
wchar: 13181561835
syscr: 6376047
syscw: 1040877
read_bytes: 13637339648
write_bytes: 13225472000
cancelled_write_bytes: 0

[2020-02-12T12:04:50-08:00]
rchar: 17119240998
wchar: 13262086573
syscr: 6431291
syscw: 1048602
read_bytes: 13725071872
write_bytes: 13299220480
cancelled_write_bytes: 0

[2020-02-12T12:04:53-08:00]
rchar: 17237942380
wchar: 13382693881
syscr: 6475427
syscw: 1056100
read_bytes: 13798046208
write_bytes: 13420072960
cancelled_write_bytes: 0

[2020-02-12T12:04:56-08:00]
rchar: 17381147297
wchar: 13449525634
syscr: 6527676
syscw: 1063907
read_bytes: 13884049920
write_bytes: 13487177728
cancelled_write_bytes: 0

[2020-02-12T12:04:59-08:00]
rchar: 17553181428
wchar: 13552748811
syscr: 6591075
syscw: 1072199
read_bytes: 13982378496
write_bytes: 13590695936
cancelled_write_bytes: 0

[2020-02-12T12:05:02-08:00]
rchar: 17638535883
wchar: 13656122000
syscr: 6622379
syscw: 1079049
read_bytes: 14030993920
write_bytes: 13694291968
cancelled_write_bytes: 0

[2020-02-12T12:05:05-08:00]
rchar: 17784910274
wchar: 13716881655
syscr: 6675993
syscw: 1087439
read_bytes: 14114499072
write_bytes: 13755371520
cancelled_write_bytes: 0

[2020-02-12T12:05:08-08:00]
rchar: 17906893620
wchar: 13801887178
syscr: 6721088
syscw: 1094730
read_bytes: 14185515520
write_bytes: 13840609280
cancelled_write_bytes: 0

[2020-02-12T12:05:11-08:00]
rchar: 18002355224
wchar: 13877030843
syscr: 6756604
syscw: 1101471
read_bytes: 14241344000
write_bytes: 13915996160
cancelled_write_bytes: 0

[2020-02-12T12:05:14-08:00]
rchar: 18135898758
wchar: 13953732271
syscr: 6807046
syscw: 1110740
read_bytes: 14322366976
write_bytes: 13993893888
cancelled_write_bytes: 0

[2020-02-12T12:05:17-08:00]
rchar: 18246993452
wchar: 14018272697
syscr: 6848684
syscw: 1118584
read_bytes: 14387878400
write_bytes: 14057914368
cancelled_write_bytes: 0

[2020-02-12T12:05:20-08:00]
rchar: 18398054951
wchar: 14115838903
syscr: 6905595
syscw: 1126989
read_bytes: 14475172352
write_bytes: 14155784192
cancelled_write_bytes: 0

[2020-02-12T12:05:23-08:00]
rchar: 18470188791
wchar: 14182608812
syscr: 6932299
syscw: 1133140
read_bytes: 14516509184
write_bytes: 14222794752
cancelled_write_bytes: 0

[2020-02-12T12:05:26-08:00]
rchar: 18603283652
wchar: 14274767186
syscr: 6982180
syscw: 1141884
read_bytes: 14594652672
write_bytes: 14315249664
cancelled_write_bytes: 0

[2020-02-12T12:05:29-08:00]
rchar: 18736664144
wchar: 14367288253
syscr: 7032020
syscw: 1149839
read_bytes: 14674598400
write_bytes: 14408007680
cancelled_write_bytes: 0

[2020-02-12T12:05:32-08:00]
rchar: 18846248903
wchar: 14450386351
syscr: 7072712
syscw: 1157158
read_bytes: 14738741760
write_bytes: 14491369472
cancelled_write_bytes: 0

[2020-02-12T12:05:35-08:00]
rchar: 18997719695
wchar: 14529743940
syscr: 7128280
syscw: 1165968
read_bytes: 14825359872
write_bytes: 14571024384
cancelled_write_bytes: 0

[2020-02-12T12:05:38-08:00]
rchar: 19149481444
wchar: 14625476512
syscr: 7184204
syscw: 1174047
read_bytes: 14911699456
write_bytes: 14667018240
cancelled_write_bytes: 0

[2020-02-12T12:05:41-08:00]
rchar: 19277242092
wchar: 14728649365
syscr: 7230961
syscw: 1182104
read_bytes: 14982580736
write_bytes: 14770528256
cancelled_write_bytes: 0

[2020-02-12T12:05:44-08:00]
rchar: 19395280972
wchar: 14794999258
syscr: 7274093
syscw: 1190073
read_bytes: 15049095680
write_bytes: 14837145600
cancelled_write_bytes: 0

[2020-02-12T12:05:47-08:00]
rchar: 19556335640
wchar: 14879365873
syscr: 7333453
syscw: 1198970
read_bytes: 15141849600
write_bytes: 14921842688
cancelled_write_bytes: 0

[2020-02-12T12:05:50-08:00]
rchar: 19662147532
wchar: 14959771340
syscr: 7372654
syscw: 1206030
read_bytes: 15203248640
write_bytes: 15002431488
cancelled_write_bytes: 0

[2020-02-12T12:05:53-08:00]
rchar: 19837137503
wchar: 15067726466
syscr: 7437228
syscw: 1216004
read_bytes: 15301405184
write_bytes: 15110770688
cancelled_write_bytes: 0

[2020-02-12T12:05:56-08:00]
rchar: 19925255139
wchar: 15137359489
syscr: 7469641
syscw: 1222100
read_bytes: 15349570048
write_bytes: 15180636160
cancelled_write_bytes: 0

[2020-02-12T12:05:59-08:00]
rchar: 20059479179
wchar: 15225955779
syscr: 7519022
syscw: 1230407
read_bytes: 15424424448
write_bytes: 15269539840
cancelled_write_bytes: 0

[2020-02-12T12:06:02-08:00]
rchar: 20194123069
wchar: 15315950119
syscr: 7568155
syscw: 1238172
read_bytes: 15500048896
write_bytes: 15359848448
cancelled_write_bytes: 0

[2020-02-12T12:06:05-08:00]
rchar: 20300886151
wchar: 15396209177
syscr: 7607417
syscw: 1245992
read_bytes: 15561431552
write_bytes: 15440384000
cancelled_write_bytes: 0

[2020-02-12T12:06:08-08:00]
rchar: 20453668138
wchar: 15461855750
syscr: 7664208
syscw: 1255024
read_bytes: 15648823808
write_bytes: 15506403328
cancelled_write_bytes: 0

[2020-02-12T12:06:11-08:00]
rchar: 20550533588
wchar: 15574108612
syscr: 7700570
syscw: 1262495
read_bytes: 15705594368
write_bytes: 15618908160
cancelled_write_bytes: 0

[2020-02-12T12:06:14-08:00]
rchar: 20731038794
wchar: 15648442063
syscr: 7767565
syscw: 1271588
read_bytes: 15804844544
write_bytes: 15693549568
cancelled_write_bytes: 0

[2020-02-12T12:06:17-08:00]
rchar: 20863392647
wchar: 15737225396
syscr: 7816680
syscw: 1279171
read_bytes: 15877474816
write_bytes: 15782563840
cancelled_write_bytes: 0

[2020-02-12T12:06:20-08:00]
rchar: 20993380042
wchar: 15826317532
syscr: 7864720
syscw: 1287396
read_bytes: 15950502400
write_bytes: 15871950848
cancelled_write_bytes: 0

[2020-02-12T12:06:23-08:00]
rchar: 21133721165
wchar: 15918827567
syscr: 7916677
syscw: 1295493
read_bytes: 16028207616
write_bytes: 15964782592
cancelled_write_bytes: 0

[2020-02-12T12:06:26-08:00]
rchar: 21254638363
wchar: 16002474931
syscr: 7961375
syscw: 1302799
read_bytes: 16097344000
write_bytes: 16048652288
cancelled_write_bytes: 0

[2020-02-12T12:06:29-08:00]
rchar: 21419750823
wchar: 16107312612
syscr: 8022638
syscw: 1311733
read_bytes: 16192662016
write_bytes: 16153817088
cancelled_write_bytes: 0

[2020-02-12T12:06:32-08:00]
rchar: 21534837006
wchar: 16189631748
syscr: 8064880
syscw: 1318874
read_bytes: 16254704128
write_bytes: 16236384256
cancelled_write_bytes: 0

[2020-02-12T12:06:35-08:00]
rchar: 21672330893
wchar: 16279403034
syscr: 8115264
syscw: 1326727
read_bytes: 16329701888
write_bytes: 16326393856
cancelled_write_bytes: 0

[2020-02-12T12:06:38-08:00]
rchar: 21826774642
wchar: 16375788197
syscr: 8171466
syscw: 1335791
read_bytes: 16411101696
write_bytes: 16423124992
cancelled_write_bytes: 0

[2020-02-12T12:06:41-08:00]
rchar: 21975285926
wchar: 16469778938
syscr: 8225565
syscw: 1344737
read_bytes: 16490220032
write_bytes: 16517431296
cancelled_write_bytes: 0

[2020-02-12T12:06:44-08:00]
rchar: 22127990557
wchar: 16564920750
syscr: 8281284
syscw: 1353034
read_bytes: 16572242432
write_bytes: 16612868096
cancelled_write_bytes: 0

[2020-02-12T12:06:47-08:00]
rchar: 22233091044
wchar: 16642331271
syscr: 8319878
syscw: 1359977
read_bytes: 16629942784
write_bytes: 16690524160
cancelled_write_bytes: 0

[2020-02-12T12:06:50-08:00]
rchar: 22402174525
wchar: 16747914088
syscr: 8382314
syscw: 1369262
read_bytes: 16722192896
write_bytes: 16796467200
cancelled_write_bytes: 0

[2020-02-12T12:06:53-08:00]
rchar: 22494832930
wchar: 16819983687
syscr: 8416522
syscw: 1375183
read_bytes: 16769518080
write_bytes: 16868782080
cancelled_write_bytes: 0

[2020-02-12T12:06:56-08:00]
rchar: 22645277729
wchar: 16879918354
syscr: 8471381
syscw: 1383846
read_bytes: 16846948864
write_bytes: 16929062912
cancelled_write_bytes: 0

[2020-02-12T12:06:59-08:00]
rchar: 22791356319
wchar: 16972305644
syscr: 8524866
syscw: 1392012
read_bytes: 16924563968
write_bytes: 17021751296
cancelled_write_bytes: 0

[2020-02-12T12:07:02-08:00]
rchar: 22955666267
wchar: 17071243074
syscr: 8584579
syscw: 1400530
read_bytes: 17011952128
write_bytes: 17120960512
cancelled_write_bytes: 0

[2020-02-12T12:07:05-08:00]
rchar: 23096396539
wchar: 17162495149
syscr: 8635824
syscw: 1407645
read_bytes: 17084320256
write_bytes: 17212465152
cancelled_write_bytes: 0

[2020-02-12T12:07:08-08:00]
rchar: 23231622654
wchar: 17253114715
syscr: 8685313
syscw: 1416651
read_bytes: 17157601792
write_bytes: 17303351296
cancelled_write_bytes: 0

[2020-02-12T12:07:11-08:00]
rchar: 23390275158
wchar: 17353229049
syscr: 8743178
syscw: 1424784
read_bytes: 17238743552
write_bytes: 17403895808
cancelled_write_bytes: 0

[2020-02-12T12:07:14-08:00]
rchar: 23492491569
wchar: 17428383283
syscr: 8780586
syscw: 1431673
read_bytes: 17290988032
write_bytes: 17479278592
cancelled_write_bytes: 0

[2020-02-12T12:07:17-08:00]
rchar: 23821617652
wchar: 17589760517
syscr: 8899793
syscw: 1441563
read_bytes: 17459997184
write_bytes: 17640824832
cancelled_write_bytes: 0

[2020-02-12T12:07:20-08:00]
rchar: 23939190068
wchar: 17721747311
syscr: 8942071
syscw: 1446358
read_bytes: 17520536064
write_bytes: 17772867584
cancelled_write_bytes: 0

[2020-02-12T12:07:23-08:00]
rchar: 24078887272
wchar: 17794330178
syscr: 8992300
syscw: 1454038
read_bytes: 17587808768
write_bytes: 17845760000
cancelled_write_bytes: 0

[2020-02-12T12:07:26-08:00]
rchar: 24190951459
wchar: 17869843875
syscr: 9032697
syscw: 1461405
read_bytes: 17642387968
write_bytes: 17921544192
cancelled_write_bytes: 0

[2020-02-12T12:07:29-08:00]
rchar: 24315231545
wchar: 17952239932
syscr: 9077276
syscw: 1469857
read_bytes: 17703995904
write_bytes: 18004217856
cancelled_write_bytes: 0

[2020-02-12T12:07:32-08:00]
rchar: 24477651097
wchar: 18015334299
syscr: 9135615
syscw: 1478802
read_bytes: 17785981440
write_bytes: 18067664896
cancelled_write_bytes: 0

[2020-02-12T12:07:35-08:00]
rchar: 24607374583
wchar: 18100468505
syscr: 9183166
syscw: 1486661
read_bytes: 17852201472
write_bytes: 18153046016
cancelled_write_bytes: 0

[2020-02-12T12:07:38-08:00]
rchar: 24784925583
wchar: 18207412416
syscr: 9248615
syscw: 1495821
read_bytes: 17943169536
write_bytes: 18260295680
cancelled_write_bytes: 0

[2020-02-12T12:07:41-08:00]
rchar: 24865776157
wchar: 18297617802
syscr: 9279965
syscw: 1502270
read_bytes: 17980596736
write_bytes: 18356436992
cancelled_write_bytes: 0

[2020-02-12T12:07:44-08:00]
rchar: 24960187859
wchar: 18356048270
syscr: 9315038
syscw: 1509132
read_bytes: 18027291136
write_bytes: 18410389504
cancelled_write_bytes: 0

[2020-02-12T12:07:47-08:00]
rchar: 25172150620
wchar: 18482212874
syscr: 9391884
syscw: 1519293
read_bytes: 18139374080
write_bytes: 18536857600
cancelled_write_bytes: 0

[2020-02-12T12:07:50-08:00]
rchar: 25316167819
wchar: 18575692852
syscr: 9444349
syscw: 1527914
read_bytes: 18216428032
write_bytes: 18630602752
cancelled_write_bytes: 0

[2020-02-12T12:07:53-08:00]
rchar: 25471792341
wchar: 18673756079
syscr: 9500654
syscw: 1537069
read_bytes: 18296566272
write_bytes: 18728951808
cancelled_write_bytes: 0

[2020-02-12T12:07:56-08:00]
rchar: 25586509103
wchar: 18755919983
syscr: 9542351
syscw: 1544411
read_bytes: 18357531136
write_bytes: 18811330560
cancelled_write_bytes: 0

[2020-02-12T12:07:59-08:00]
rchar: 25749106977
wchar: 18859521148
syscr: 9601764
syscw: 1553597
read_bytes: 18440192512
write_bytes: 18915397632
cancelled_write_bytes: 0

[2020-02-12T12:08:02-08:00]
rchar: 25902728023
wchar: 18954997542
syscr: 9657943
syscw: 1561907
read_bytes: 18517467648
write_bytes: 19011137536
cancelled_write_bytes: 0

[2020-02-12T12:08:05-08:00]
rchar: 26043826325
wchar: 19046336251
syscr: 9709572
syscw: 1571012
read_bytes: 18588914176
write_bytes: 19102801920
cancelled_write_bytes: 0

[2020-02-12T12:08:08-08:00]
rchar: 26213136718
wchar: 19149537154
syscr: 9770610
syscw: 1580108
read_bytes: 18673803776
write_bytes: 19206283264
cancelled_write_bytes: 0

[2020-02-12T12:08:11-08:00]
rchar: 26309786466
wchar: 19223246047
syscr: 9805709
syscw: 1586856
read_bytes: 18721972736
write_bytes: 19280207872
cancelled_write_bytes: 0

[2020-02-12T12:08:14-08:00]
rchar: 26459060807
wchar: 19316243039
syscr: 9859631
syscw: 1595940
read_bytes: 18795385344
write_bytes: 19373559808
cancelled_write_bytes: 0

[2020-02-12T12:08:17-08:00]
rchar: 26613521891
wchar: 19410169560
syscr: 9915112
syscw: 1604078
read_bytes: 18871108096
write_bytes: 19467751424
cancelled_write_bytes: 0

[2020-02-12T12:08:20-08:00]
rchar: 26741662338
wchar: 19461608917
syscr: 9961049
syscw: 1612208
read_bytes: 18933395968
write_bytes: 19519504384
cancelled_write_bytes: 0

[2020-02-12T12:08:23-08:00]
rchar: 26895227859
wchar: 19557661562
syscr: 10016099
syscw: 1620993
read_bytes: 19008184832
write_bytes: 19615875072
cancelled_write_bytes: 0

[2020-02-12T12:08:26-08:00]
rchar: 27036235245
wchar: 19649010820
syscr: 10066697
syscw: 1628666
read_bytes: 19079344640
write_bytes: 19707478016
cancelled_write_bytes: 0

[2020-02-12T12:08:29-08:00]
rchar: 27183839623
wchar: 19743079284
syscr: 10120353
syscw: 1637814
read_bytes: 19154010624
write_bytes: 19801780224
cancelled_write_bytes: 0

[2020-02-12T12:08:32-08:00]
rchar: 27329546411
wchar: 19839628075
syscr: 10173677
syscw: 1646609
read_bytes: 19223679488
write_bytes: 19898773504
cancelled_write_bytes: 0

[2020-02-12T12:08:35-08:00]
rchar: 27459937892
wchar: 19926873615
syscr: 10221402
syscw: 1655190
read_bytes: 19288551936
write_bytes: 19986268160
cancelled_write_bytes: 0

[2020-02-12T12:08:38-08:00]
rchar: 27640650363
wchar: 20033122422
syscr: 10287435
syscw: 1664902
read_bytes: 19378078208
write_bytes: 20092829696
cancelled_write_bytes: 0

[2020-02-12T12:08:41-08:00]
rchar: 27771146485
wchar: 20154245921
syscr: 10334452
syscw: 1672960
read_bytes: 19442811392
write_bytes: 20214226944
cancelled_write_bytes: 0

[2020-02-12T12:08:44-08:00]
rchar: 27964627325
wchar: 20227600672
syscr: 10403889
syscw: 1682759
read_bytes: 19534832128
write_bytes: 20287823872
cancelled_write_bytes: 0

[2020-02-12T12:08:47-08:00]
rchar: 28119002213
wchar: 20365977161
syscr: 10459095
syscw: 1691634
read_bytes: 19609424384
write_bytes: 20426477568
cancelled_write_bytes: 0

[2020-02-12T12:08:50-08:00]
rchar: 28263287710
wchar: 20438720135
syscr: 10510946
syscw: 1700046
read_bytes: 19676246528
write_bytes: 20499464192
cancelled_write_bytes: 0

[2020-02-12T12:08:53-08:00]
rchar: 28439711923
wchar: 20526100940
syscr: 10573920
syscw: 1710013
read_bytes: 19761521152
write_bytes: 20587237376
cancelled_write_bytes: 0

[2020-02-12T12:08:56-08:00]
rchar: 28558240737
wchar: 20641210590
syscr: 10616640
syscw: 1717355
read_bytes: 19819147776
write_bytes: 20702638080
cancelled_write_bytes: 0

[2020-02-12T12:08:59-08:00]
rchar: 28694859435
wchar: 20698073546
syscr: 10666470
syscw: 1726250
read_bytes: 19885122048
write_bytes: 20759818240
cancelled_write_bytes: 0

[2020-02-12T12:09:02-08:00]
rchar: 28902100969
wchar: 20858209796
syscr: 10737737
syscw: 1733977
read_bytes: 19983475200
write_bytes: 20920307712
cancelled_write_bytes: 0

[2020-02-12T12:09:05-08:00]
rchar: 29134607474
wchar: 21020059566
syscr: 10818994
syscw: 1742470
read_bytes: 20097352192
write_bytes: 21082263552
cancelled_write_bytes: 0

[2020-02-12T12:09:08-08:00]
rchar: 29310239574
wchar: 21124217430
syscr: 10882950
syscw: 1751822
read_bytes: 20180263424
write_bytes: 21186699264
cancelled_write_bytes: 0

[2020-02-12T12:09:11-08:00]
rchar: 29443636361
wchar: 21245692701
syscr: 10931139
syscw: 1759868
read_bytes: 20244292096
write_bytes: 21308481536
cancelled_write_bytes: 0

[2020-02-12T12:09:14-08:00]
rchar: 29562222305
wchar: 21293587798
syscr: 10973949
syscw: 1768144
read_bytes: 20298465792
write_bytes: 21356720128
cancelled_write_bytes: 0

[2020-02-12T12:09:17-08:00]
rchar: 29790019317
wchar: 21408143508
syscr: 11055005
syscw: 1777879
read_bytes: 20402844160
write_bytes: 21471584256
cancelled_write_bytes: 0

[2020-02-12T12:09:20-08:00]
rchar: 29983271825
wchar: 21589544432
syscr: 11121916
syscw: 1786722
read_bytes: 20495208960
write_bytes: 21653168128
cancelled_write_bytes: 0

[2020-02-12T12:09:23-08:00]
rchar: 30117546130
wchar: 21676754690
syscr: 11170174
syscw: 1795897
read_bytes: 20555321856
write_bytes: 21740707840
cancelled_write_bytes: 0

[2020-02-12T12:09:26-08:00]
rchar: 30262665012
wchar: 21734395298
syscr: 11222602
syscw: 1804718
read_bytes: 20622094848
write_bytes: 21798612992
cancelled_write_bytes: 0

[2020-02-12T12:09:29-08:00]
rchar: 30433953554
wchar: 21837710867
syscr: 11285086
syscw: 1814161
read_bytes: 20702032384
write_bytes: 21902221312
cancelled_write_bytes: 0

[2020-02-12T12:09:32-08:00]
rchar: 30597617494
wchar: 21909888984
syscr: 11340731
syscw: 1820101
read_bytes: 20776751616
write_bytes: 21980622848
cancelled_write_bytes: 0

[2020-02-12T12:09:35-08:00]
rchar: 30902149579
wchar: 22211913922
syscr: 11440875
syscw: 1828139
read_bytes: 20918989312
write_bytes: 22276833280
cancelled_write_bytes: 0

[2020-02-12T12:09:38-08:00]
rchar: 31173438226
wchar: 22446293505
syscr: 11533129
syscw: 1837033
read_bytes: 21044699648
write_bytes: 22511443968
cancelled_write_bytes: 0

[2020-02-12T12:09:41-08:00]
rchar: 31302200498
wchar: 22530920748
syscr: 11579822
syscw: 1845296
read_bytes: 21104722432
write_bytes: 22596304896
cancelled_write_bytes: 0

[2020-02-12T12:09:44-08:00]
rchar: 31438079928
wchar: 22616933555
syscr: 11629114
syscw: 1853067
read_bytes: 21163729408
write_bytes: 22682574848
cancelled_write_bytes: 0

[2020-02-12T12:09:47-08:00]
rchar: 31584533533
wchar: 22710510264
syscr: 11681582
syscw: 1861330
read_bytes: 21229359616
write_bytes: 22776377344
cancelled_write_bytes: 0

[2020-02-12T12:09:50-08:00]
rchar: 31768925246
wchar: 22814846902
syscr: 11747740
syscw: 1871772
read_bytes: 21309084160
write_bytes: 22881062912
cancelled_write_bytes: 0

[2020-02-12T12:09:53-08:00]
rchar: 31914409537
wchar: 22903963468
syscr: 11799771
syscw: 1880405
read_bytes: 21370098176
write_bytes: 22970429440
cancelled_write_bytes: 0

[2020-02-12T12:09:56-08:00]
rchar: 32225547470
wchar: 23099328255
syscr: 11906734
syscw: 1891340
read_bytes: 21506859520
write_bytes: 23165919232
cancelled_write_bytes: 0

[2020-02-12T12:09:59-08:00]
rchar: 32397335544
wchar: 23199539022
syscr: 11967696
syscw: 1902145
read_bytes: 21579854336
write_bytes: 23266488320
cancelled_write_bytes: 0

[2020-02-12T12:10:02-08:00]
rchar: 32569703010
wchar: 23299637591
syscr: 12029601
syscw: 1910528
read_bytes: 21651726848
write_bytes: 23366823936
cancelled_write_bytes: 0

[2020-02-12T12:10:05-08:00]
rchar: 32679806287
wchar: 23368681215
syscr: 12069021
syscw: 1916744
read_bytes: 21696053760
write_bytes: 23436292096
cancelled_write_bytes: 0

[2020-02-12T12:10:08-08:00]
rchar: 32904151326
wchar: 23577989130
syscr: 12141961
syscw: 1922018
read_bytes: 21793948160
write_bytes: 23645839360
cancelled_write_bytes: 0

[2020-02-12T12:10:11-08:00]
rchar: 33312620759
wchar: 23869193519
syscr: 12274087
syscw: 1929651
read_bytes: 21976609280
write_bytes: 23937171456
cancelled_write_bytes: 0

[2020-02-12T12:10:14-08:00]
rchar: 33575754319
wchar: 24143514638
syscr: 12359738
syscw: 1936884
read_bytes: 22091309568
write_bytes: 24211546112
cancelled_write_bytes: 0

[2020-02-12T12:10:17-08:00]
rchar: 33672581546
wchar: 24222473995
syscr: 12392814
syscw: 1941845
read_bytes: 22132568576
write_bytes: 24290820096
cancelled_write_bytes: 0

[2020-02-12T12:10:20-08:00]
rchar: 33819803701
wchar: 24314678243
syscr: 12445230
syscw: 1950530
read_bytes: 22192153088
write_bytes: 24383307776
cancelled_write_bytes: 0

[2020-02-12T12:10:23-08:00]
rchar: 33969160287
wchar: 24405684834
syscr: 12498587
syscw: 1959039
read_bytes: 22251651584
write_bytes: 24474537984
cancelled_write_bytes: 0

[2020-02-12T12:10:26-08:00]
rchar: 34100777237
wchar: 24490761842
syscr: 12545690
syscw: 1967402
read_bytes: 22304637440
write_bytes: 24559841280
cancelled_write_bytes: 0

[2020-02-12T12:10:29-08:00]
rchar: 34301624266
wchar: 24600276407
syscr: 12617431
syscw: 1977789
read_bytes: 22384321024
write_bytes: 24669696000
cancelled_write_bytes: 0

[2020-02-12T12:10:32-08:00]
rchar: 34439843847
wchar: 24686677774
syscr: 12666564
syscw: 1986740
read_bytes: 22438212096
write_bytes: 24756330496
cancelled_write_bytes: 0

[2020-02-12T12:10:35-08:00]
rchar: 34635227214
wchar: 24792933283
syscr: 12735922
syscw: 1997716
read_bytes: 22515089920
write_bytes: 24862932992
cancelled_write_bytes: 0

[2020-02-12T12:10:38-08:00]
rchar: 34813592112
wchar: 24894487090
syscr: 12799480
syscw: 2007051
read_bytes: 22586348032
write_bytes: 24964734976
cancelled_write_bytes: 0

[2020-02-12T12:10:41-08:00]
rchar: 34964268999
wchar: 24987441145
syscr: 12853793
syscw: 2016951
read_bytes: 22648254976
write_bytes: 25057968128
cancelled_write_bytes: 0

[2020-02-12T12:10:44-08:00]
rchar: 35204650935
wchar: 25081085173
syscr: 12936859
syscw: 2026489
read_bytes: 22743679488
write_bytes: 25152135168
cancelled_write_bytes: 0

[2020-02-12T12:10:47-08:00]
rchar: 35482863461
wchar: 25347444019
syscr: 13027160
syscw: 2033304
read_bytes: 22859932160
write_bytes: 25418604544
cancelled_write_bytes: 0

[2020-02-12T12:10:50-08:00]
rchar: 35717049569
wchar: 25574287601
syscr: 13103606
syscw: 2039399
read_bytes: 22958432768
write_bytes: 25645608960
cancelled_write_bytes: 0

[2020-02-12T12:10:53-08:00]
rchar: 35854011155
wchar: 25683958045
syscr: 13149129
syscw: 2044764
read_bytes: 23013888512
write_bytes: 25755598848
cancelled_write_bytes: 0

[2020-02-12T12:10:56-08:00]
rchar: 36000120309
wchar: 25832478131
syscr: 13198785
syscw: 2050813
read_bytes: 23070466560
write_bytes: 25904394240
cancelled_write_bytes: 0

[2020-02-12T12:10:59-08:00]
rchar: 36156896074
wchar: 25912982485
syscr: 13255362
syscw: 2059055
read_bytes: 23129879040
write_bytes: 25985155072
cancelled_write_bytes: 0

[2020-02-12T12:11:02-08:00]
rchar: 36366918102
wchar: 26052819221
syscr: 13329620
syscw: 2068527
read_bytes: 23213257216
write_bytes: 26125205504
cancelled_write_bytes: 0

[2020-02-12T12:11:05-08:00]
rchar: 36494576347
wchar: 26155481256
syscr: 13375133
syscw: 2077355
read_bytes: 23262876160
write_bytes: 26228170752
cancelled_write_bytes: 0

[2020-02-12T12:11:08-08:00]
rchar: 36743687051
wchar: 26269679234
syscr: 13461884
syscw: 2087925
read_bytes: 23357473280
write_bytes: 26342645760
cancelled_write_bytes: 0

[2020-02-12T12:11:11-08:00]
rchar: 36881675598
wchar: 26389228570
syscr: 13510829
syscw: 2096339
read_bytes: 23409992192
write_bytes: 26462384128
cancelled_write_bytes: 0

[2020-02-12T12:11:14-08:00]
rchar: 37087068026
wchar: 26498989961
syscr: 13583600
syscw: 2106946
read_bytes: 23485985280
write_bytes: 26572460032
cancelled_write_bytes: 0

[2020-02-12T12:11:17-08:00]
rchar: 37287362719
wchar: 26608257728
syscr: 13654554
syscw: 2117209
read_bytes: 23559107072
write_bytes: 26681958400
cancelled_write_bytes: 0

[2020-02-12T12:11:20-08:00]
rchar: 37414083230
wchar: 26691502391
syscr: 13700842
syscw: 2125063
read_bytes: 23604347392
write_bytes: 26765611008
cancelled_write_bytes: 0

[2020-02-12T12:11:23-08:00]
rchar: 37641076456
wchar: 26865379916
syscr: 13775999
syscw: 2131689
read_bytes: 23691698688
write_bytes: 26939957248
cancelled_write_bytes: 0

[2020-02-12T12:11:26-08:00]
rchar: 37940923425
wchar: 27057778417
syscr: 13874484
syscw: 2140116
read_bytes: 23807869440
write_bytes: 27132583936
cancelled_write_bytes: 0

[2020-02-12T12:11:29-08:00]
rchar: 38051132384
wchar: 27183075162
syscr: 13912053
syscw: 2145429
read_bytes: 23850435072
write_bytes: 27258097664
cancelled_write_bytes: 0

[2020-02-12T12:11:32-08:00]
rchar: 38232524586
wchar: 27347579562
syscr: 13973802
syscw: 2153298
read_bytes: 23919219200
write_bytes: 27422887936
cancelled_write_bytes: 0

[2020-02-12T12:11:35-08:00]
rchar: 38395329998
wchar: 27441943985
syscr: 14031986
syscw: 2162187
read_bytes: 23979287040
write_bytes: 27517476864
cancelled_write_bytes: 0

[2020-02-12T12:11:38-08:00]
rchar: 38572948605
wchar: 27542918775
syscr: 14094809
syscw: 2172485
read_bytes: 24039256576
write_bytes: 27618746368
cancelled_write_bytes: 0

[2020-02-12T12:11:41-08:00]
rchar: 38725386139
wchar: 27632685347
syscr: 14148822
syscw: 2181905
read_bytes: 24093237760
write_bytes: 27708751872
cancelled_write_bytes: 0

[2020-02-12T12:11:44-08:00]
rchar: 38933612778
wchar: 27742689076
syscr: 14222611
syscw: 2192423
read_bytes: 24166240768
write_bytes: 27819016192
cancelled_write_bytes: 0

[2020-02-12T12:11:47-08:00]
rchar: 39146918192
wchar: 27856295385
syscr: 14298023
syscw: 2203713
read_bytes: 24242242048
write_bytes: 27932954624
cancelled_write_bytes: 0

[2020-02-12T12:11:50-08:00]
rchar: 39301762831
wchar: 27948005571
syscr: 14352565
syscw: 2212717
read_bytes: 24295678464
write_bytes: 28024864768
cancelled_write_bytes: 0

[2020-02-12T12:11:53-08:00]
rchar: 39502850585
wchar: 28057742904
syscr: 14423908
syscw: 2223168
read_bytes: 24368570880
write_bytes: 28134862848
cancelled_write_bytes: 0

[2020-02-12T12:11:56-08:00]
rchar: 39628309763
wchar: 28133163699
syscr: 14469022
syscw: 2229770
read_bytes: 24408625664
write_bytes: 28210741248
cancelled_write_bytes: 0

[2020-02-12T12:11:59-08:00]
rchar: 39854495403
wchar: 28260143289
syscr: 14542819
syscw: 2235738
read_bytes: 24489189888
write_bytes: 28338065408
cancelled_write_bytes: 0

[2020-02-12T12:12:02-08:00]
rchar: 40216353515
wchar: 28575400214
syscr: 14660367
syscw: 2246000
read_bytes: 24623411712
write_bytes: 28653363200
cancelled_write_bytes: 0

[2020-02-12T12:12:05-08:00]
rchar: 40508804464
wchar: 28805387818
syscr: 14755418
syscw: 2253812
read_bytes: 24732054016
write_bytes: 28883574784
cancelled_write_bytes: 0

[2020-02-12T12:12:08-08:00]
rchar: 40628693073
wchar: 28944826628
syscr: 14795384
syscw: 2258462
read_bytes: 24774492672
write_bytes: 29023141888
cancelled_write_bytes: 0

[2020-02-12T12:12:11-08:00]
rchar: 40842573199
wchar: 29156733522
syscr: 14866658
syscw: 2266507
read_bytes: 24850481664
write_bytes: 29235326976
cancelled_write_bytes: 0

[2020-02-12T12:12:14-08:00]
rchar: 41019549454
wchar: 29238106321
syscr: 14929837
syscw: 2275712
read_bytes: 24908325376
write_bytes: 29316976640
cancelled_write_bytes: 0

[2020-02-12T12:12:17-08:00]
rchar: 41200391157
wchar: 29338372503
syscr: 14993669
syscw: 2285645
read_bytes: 24966631936
write_bytes: 29417467904
cancelled_write_bytes: 0

[2020-02-12T12:12:20-08:00]
rchar: 41328980181
wchar: 29425257954
syscr: 15040436
syscw: 2294343
read_bytes: 25005240832
write_bytes: 29505409024
cancelled_write_bytes: 0

[2020-02-12T12:12:23-08:00]
rchar: 41434292836
wchar: 29501141807
syscr: 15078340
syscw: 2302101
read_bytes: 25039282688
write_bytes: 29581709312
cancelled_write_bytes: 0

[2020-02-12T12:12:26-08:00]
rchar: 41659559624
wchar: 29621707229
syscr: 15157847
syscw: 2314892
read_bytes: 25115570688
write_bytes: 29702627328
cancelled_write_bytes: 0

[2020-02-12T12:12:30-08:00]
rchar: 41811019250
wchar: 29713272935
syscr: 15211133
syscw: 2324047
read_bytes: 25165726208
write_bytes: 29794435072
cancelled_write_bytes: 0

[2020-02-12T12:12:33-08:00]
rchar: 42012957557
wchar: 29823592939
syscr: 15284243
syscw: 2334398
read_bytes: 25233310208
write_bytes: 29905244160
cancelled_write_bytes: 0

[2020-02-12T12:12:36-08:00]
rchar: 42135535728
wchar: 29886375401
syscr: 15326854
syscw: 2338947
read_bytes: 25274507776
write_bytes: 29968855040
cancelled_write_bytes: 0

[2020-02-12T12:12:39-08:00]
rchar: 42288076551
wchar: 30020480078
syscr: 15378485
syscw: 2345394
read_bytes: 25330590208
write_bytes: 30103322624
cancelled_write_bytes: 0

[2020-02-12T12:12:42-08:00]
rchar: 42368208753
wchar: 30079245585
syscr: 15406855
syscw: 2349601
read_bytes: 25357226496
write_bytes: 30162661376
cancelled_write_bytes: 0

[2020-02-12T12:12:45-08:00]
rchar: 42458699805
wchar: 30200171068
syscr: 15439137
syscw: 2354080
read_bytes: 25388384768
write_bytes: 30284562432
cancelled_write_bytes: 0

[2020-02-12T12:12:48-08:00]
rchar: 42569553767
wchar: 30249540665
syscr: 15478331
syscw: 2359662
read_bytes: 25428546048
write_bytes: 30334836736
cancelled_write_bytes: 0

[2020-02-12T12:12:51-08:00]
rchar: 42784286696
wchar: 30457525410
syscr: 15548698
syscw: 2366233
read_bytes: 25508782592
write_bytes: 30543007744
cancelled_write_bytes: 0

[2020-02-12T12:12:54-08:00]
rchar: 43032853516
wchar: 30693664647
syscr: 15631063
syscw: 2374941
read_bytes: 25602200064
write_bytes: 30779527168
cancelled_write_bytes: 0

[2020-02-12T12:12:57-08:00]
rchar: 43183615123
wchar: 30837419913
syscr: 15683674
syscw: 2383949
read_bytes: 25656967680
write_bytes: 30923505664
cancelled_write_bytes: 0

[2020-02-12T12:13:00-08:00]
rchar: 43379634911
wchar: 30952917886
syscr: 15754825
syscw: 2395317
read_bytes: 25727750656
write_bytes: 31039266816
cancelled_write_bytes: 0

[2020-02-12T12:13:03-08:00]
rchar: 43516445794
wchar: 31043755247
syscr: 15804159
syscw: 2404614
read_bytes: 25778717184
write_bytes: 31130353664
cancelled_write_bytes: 0

[2020-02-12T12:13:06-08:00]
rchar: 43712477854
wchar: 31161706948
syscr: 15875656
syscw: 2416819
read_bytes: 25847071232
write_bytes: 31248568320
cancelled_write_bytes: 0

[2020-02-12T12:13:09-08:00]
rchar: 43840205759
wchar: 31257639928
syscr: 15923005
syscw: 2425973
read_bytes: 25889985024
write_bytes: 31345455104
cancelled_write_bytes: 0

[2020-02-12T12:13:12-08:00]
rchar: 43934930993
wchar: 31325471290
syscr: 15958084
syscw: 2432513
read_bytes: 25921475072
write_bytes: 31413739520
cancelled_write_bytes: 0

[2020-02-12T12:13:15-08:00]
rchar: 44143340175
wchar: 31493037112
syscr: 16027315
syscw: 2440370
read_bytes: 25995067904
write_bytes: 31581663232
cancelled_write_bytes: 0

[2020-02-12T12:13:18-08:00]
rchar: 44467642659
wchar: 31710715067
syscr: 16133160
syscw: 2448929
read_bytes: 26108006912
write_bytes: 31799533568
cancelled_write_bytes: 0

[2020-02-12T12:13:21-08:00]
rchar: 44660809144
wchar: 31889023343
syscr: 16197399
syscw: 2457022
read_bytes: 26174362112
write_bytes: 31978024960
cancelled_write_bytes: 0

[2020-02-12T12:13:24-08:00]
rchar: 44782425664
wchar: 32041976485
syscr: 16239414
syscw: 2465177
read_bytes: 26215969280
write_bytes: 32131244032
cancelled_write_bytes: 0

[2020-02-12T12:13:27-08:00]
rchar: 44923466973
wchar: 32133751150
syscr: 16289970
syscw: 2474937
read_bytes: 26260574720
write_bytes: 32223305728
cancelled_write_bytes: 0

[2020-02-12T12:13:30-08:00]
rchar: 45067418991
wchar: 32229176962
syscr: 16341920
syscw: 2485565
read_bytes: 26308403712
write_bytes: 32319000576
cancelled_write_bytes: 0

[2020-02-12T12:13:33-08:00]
rchar: 45259347715
wchar: 32346627454
syscr: 16411753
syscw: 2498910
read_bytes: 26374435328
write_bytes: 32436793344
cancelled_write_bytes: 0

[2020-02-12T12:13:36-08:00]
rchar: 45464080218
wchar: 32464396650
syscr: 16485052
syscw: 2511259
read_bytes: 26440069632
write_bytes: 32554893312
cancelled_write_bytes: 0

[2020-02-12T12:13:39-08:00]
rchar: 45624767307
wchar: 32562557047
syscr: 16542539
syscw: 2522145
read_bytes: 26492236288
write_bytes: 32653332480
cancelled_write_bytes: 0

[2020-02-12T12:13:42-08:00]
rchar: 45841327659
wchar: 32683163950
syscr: 16620022
syscw: 2535839
read_bytes: 26561921536
write_bytes: 32774262784
cancelled_write_bytes: 0

[2020-02-12T12:13:45-08:00]
rchar: 46050562810
wchar: 32839182303
syscr: 16695275
syscw: 2548973
read_bytes: 26628989440
write_bytes: 32930611200
cancelled_write_bytes: 0

[2020-02-12T12:13:48-08:00]
rchar: 46213969526
wchar: 32941352800
syscr: 16755858
syscw: 2559750
read_bytes: 26676130304
write_bytes: 33033359360
cancelled_write_bytes: 0

[2020-02-12T12:13:51-08:00]
rchar: 46302797464
wchar: 33019367063
syscr: 16788500
syscw: 2567861
read_bytes: 26705129984
write_bytes: 33112215552
cancelled_write_bytes: 0

[2020-02-12T12:13:54-08:00]
rchar: 46486125639
wchar: 33095837234
syscr: 16853137
syscw: 2575946
read_bytes: 26759709184
write_bytes: 33189265408
cancelled_write_bytes: 0

[2020-02-12T12:13:57-08:00]
rchar: 46898824390
wchar: 33397580739
syscr: 16983803
syscw: 2583738
read_bytes: 26894385664
write_bytes: 33491283968
cancelled_write_bytes: 0

[2020-02-12T12:14:00-08:00]
rchar: 47149167109
wchar: 33600125204
syscr: 17062817
syscw: 2588404
read_bytes: 26974962176
write_bytes: 33693843456
cancelled_write_bytes: 0

[2020-02-12T12:14:03-08:00]
rchar: 47418315182
wchar: 33934636630
syscr: 17148447
syscw: 2594499
read_bytes: 27061035520
write_bytes: 34028539904
cancelled_write_bytes: 0

[2020-02-12T12:14:06-08:00]
rchar: 47676600876
wchar: 34111044065
syscr: 17230623
syscw: 2600705
read_bytes: 27142554112
write_bytes: 34205052928
cancelled_write_bytes: 0

[2020-02-12T12:14:09-08:00]
rchar: 47805957631
wchar: 34301280640
syscr: 17272774
syscw: 2605696
read_bytes: 27180184064
write_bytes: 34395627520
cancelled_write_bytes: 0

[2020-02-12T12:14:12-08:00]
rchar: 47900409045
wchar: 34426285941
syscr: 17304606
syscw: 2610720
read_bytes: 27207598592
write_bytes: 34521018368
cancelled_write_bytes: 0

[2020-02-12T12:14:15-08:00]
rchar: 48021103925
wchar: 34520656243
syscr: 17346257
syscw: 2618391
read_bytes: 27244519936
write_bytes: 34615660544
cancelled_write_bytes: 0

[2020-02-12T12:14:18-08:00]
rchar: 48166476333
wchar: 34597533069
syscr: 17397253
syscw: 2625668
read_bytes: 27283378688
write_bytes: 34692968448
cancelled_write_bytes: 0

[2020-02-12T12:14:21-08:00]
rchar: 48374281134
wchar: 34758119816
syscr: 17466248
syscw: 2633981
read_bytes: 27343921664
write_bytes: 34853777408
cancelled_write_bytes: 0

[2020-02-12T12:14:24-08:00]
rchar: 48597476342
wchar: 34907393400
syscr: 17541483
syscw: 2643997
read_bytes: 27408683520
write_bytes: 35003416576
cancelled_write_bytes: 0

[2020-02-12T12:14:27-08:00]
rchar: 48779511811
wchar: 35089413027
syscr: 17603261
syscw: 2652860
read_bytes: 27462046208
write_bytes: 35185647616
cancelled_write_bytes: 0

[2020-02-12T12:14:30-08:00]
rchar: 49052702370
wchar: 35278474450
syscr: 17695691
syscw: 2662532
read_bytes: 27539333632
write_bytes: 35374837760
cancelled_write_bytes: 0

[2020-02-12T12:14:33-08:00]
rchar: 49286266672
wchar: 35427189249
syscr: 17777475
syscw: 2669887
read_bytes: 27601355264
write_bytes: 35524182016
cancelled_write_bytes: 0

[2020-02-12T12:14:36-08:00]
rchar: 49577590914
wchar: 35605417578
syscr: 17872484
syscw: 2678973
read_bytes: 27688194560
write_bytes: 35702706176
cancelled_write_bytes: 0

[2020-02-12T12:14:39-08:00]
rchar: 49917929221
wchar: 35888807137
syscr: 17982909
syscw: 2689162
read_bytes: 27788587520
write_bytes: 35986280448
cancelled_write_bytes: 0

[2020-02-12T12:14:42-08:00]
rchar: 50202129067
wchar: 36153633266
syscr: 18074830
syscw: 2697379
read_bytes: 27867243008
write_bytes: 36251222016
cancelled_write_bytes: 0

[2020-02-12T12:14:45-08:00]
rchar: 50304002751
wchar: 36275118737
syscr: 18109240
syscw: 2703215
read_bytes: 27894034944
write_bytes: 36372897792
cancelled_write_bytes: 0

[2020-02-12T12:14:48-08:00]
rchar: 50593469147
wchar: 36466106323
syscr: 18206189
syscw: 2714132
read_bytes: 27969696256
write_bytes: 36564115456
cancelled_write_bytes: 0

[2020-02-12T12:14:51-08:00]
rchar: 50919052992
wchar: 36659993129
syscr: 18317459
syscw: 2726779
read_bytes: 28049789440
write_bytes: 36758257664
cancelled_write_bytes: 0

[2020-02-12T12:14:54-08:00]
rchar: 51009279054
wchar: 36757908474
syscr: 18349900
syscw: 2731000
read_bytes: 28072022528
write_bytes: 36857233408
cancelled_write_bytes: 0

[2020-02-12T12:14:57-08:00]
rchar: 51246364118
wchar: 36957130251
syscr: 18428740
syscw: 2738981
read_bytes: 28136186368
write_bytes: 37056651264
cancelled_write_bytes: 0

[2020-02-12T12:15:00-08:00]
rchar: 51561836352
wchar: 37169913949
syscr: 18535278
syscw: 2751649
read_bytes: 28219838976
write_bytes: 37269630976
cancelled_write_bytes: 0

[2020-02-12T12:15:03-08:00]
rchar: 51796890689
wchar: 37364333103
syscr: 18615694
syscw: 2761430
read_bytes: 28276769280
write_bytes: 37464182784
cancelled_write_bytes: 0

[2020-02-12T12:15:06-08:00]
rchar: 52147677392
wchar: 37583794911
syscr: 18733865
syscw: 2771012
read_bytes: 28359164416
write_bytes: 37683675136
cancelled_write_bytes: 0

[2020-02-12T12:15:09-08:00]
rchar: 52318546538
wchar: 37720727754
syscr: 18794057
syscw: 2782007
read_bytes: 28398043648
write_bytes: 37820948480
cancelled_write_bytes: 0

[2020-02-12T12:15:12-08:00]
rchar: 52551067103
wchar: 37820513980
syscr: 18875984
syscw: 2792983
read_bytes: 28450120192
write_bytes: 37920935936
cancelled_write_bytes: 0

[2020-02-12T12:15:15-08:00]
rchar: 52683561719
wchar: 37912517941
syscr: 18923720
syscw: 2797263
read_bytes: 28478411264
write_bytes: 38013661184
cancelled_write_bytes: 0

[2020-02-12T12:15:18-08:00]
rchar: 52856316545
wchar: 37993863544
syscr: 18982492
syscw: 2805185
read_bytes: 28522066432
write_bytes: 38108954624
cancelled_write_bytes: 0

[2020-02-12T12:15:21-08:00]
rchar: 53131349980
wchar: 38234185166
syscr: 19073959
syscw: 2816550
read_bytes: 28590133760
write_bytes: 38336626688
cancelled_write_bytes: 0

[2020-02-12T12:15:24-08:00]
rchar: 53324076396
wchar: 38364590708
syscr: 19141358
syscw: 2826673
read_bytes: 28634911232
write_bytes: 38467411968
cancelled_write_bytes: 0

[2020-02-12T12:15:27-08:00]
rchar: 53533752539
wchar: 38470047205
syscr: 19210275
syscw: 2834928
read_bytes: 28686148096
write_bytes: 38573121536
cancelled_write_bytes: 0

[2020-02-12T12:15:30-08:00]
rchar: 53676719984
wchar: 38644733750
syscr: 19257809
syscw: 2841400
read_bytes: 28721537536
write_bytes: 38748033024
cancelled_write_bytes: 0

[2020-02-12T12:15:33-08:00]
rchar: 53802391308
wchar: 38736502947
syscr: 19300237
syscw: 2848038
read_bytes: 28750791168
write_bytes: 38840049664
cancelled_write_bytes: 0

[2020-02-12T12:15:36-08:00]
rchar: 54010664685
wchar: 38853412340
syscr: 19370379
syscw: 2857412
read_bytes: 28801053184
write_bytes: 38957318144
cancelled_write_bytes: 0

[2020-02-12T12:15:39-08:00]
rchar: 54270649443
wchar: 39081005514
syscr: 19458365
syscw: 2869249
read_bytes: 28861288960
write_bytes: 39185248256
cancelled_write_bytes: 0

[2020-02-12T12:15:42-08:00]
rchar: 54438619036
wchar: 39193305972
syscr: 19517180
syscw: 2879690
read_bytes: 28898030080
write_bytes: 39297732608
cancelled_write_bytes: 0

[2020-02-12T12:15:45-08:00]
rchar: 54680025280
wchar: 39333298244
syscr: 19601515
syscw: 2894132
read_bytes: 28947337728
write_bytes: 39438000128
cancelled_write_bytes: 0

[2020-02-12T12:15:48-08:00]
rchar: 54898553136
wchar: 39445680261
syscr: 19678464
syscw: 2906971
read_bytes: 28994990592
write_bytes: 39550648320
cancelled_write_bytes: 0

[2020-02-12T12:15:51-08:00]
rchar: 55129283807
wchar: 39563282032
syscr: 19759403
syscw: 2921078
read_bytes: 29042811392
write_bytes: 39668510720
cancelled_write_bytes: 0

[2020-02-12T12:15:54-08:00]
rchar: 55350094780
wchar: 39684218181
syscr: 19837354
syscw: 2930540
read_bytes: 29092049408
write_bytes: 39790120960
cancelled_write_bytes: 0

[2020-02-12T12:15:57-08:00]
rchar: 55557261404
wchar: 39877991421
syscr: 19907446
syscw: 2938487
read_bytes: 29140320768
write_bytes: 39984193536
cancelled_write_bytes: 0

[2020-02-12T12:16:00-08:00]
rchar: 55659662152
wchar: 39970148858
syscr: 19943457
syscw: 2944807
read_bytes: 29164589568
write_bytes: 40087584768
cancelled_write_bytes: 0

[2020-02-12T12:16:03-08:00]
rchar: 55761595761
wchar: 40053381350
syscr: 19979416
syscw: 2951128
read_bytes: 29189186048
write_bytes: 40160989184
cancelled_write_bytes: 0

[2020-02-12T12:16:06-08:00]
rchar: 55878419630
wchar: 40100291359
syscr: 20021864
syscw: 2957565
read_bytes: 29217124864
write_bytes: 40208474112
cancelled_write_bytes: 0

[2020-02-12T12:16:09-08:00]
rchar: 56050764957
wchar: 40212144808
syscr: 20079612
syscw: 2965677
read_bytes: 29258199552
write_bytes: 40321028096
cancelled_write_bytes: 0

[2020-02-12T12:16:12-08:00]
rchar: 56271185960
wchar: 40449442136
syscr: 20152305
syscw: 2973031
read_bytes: 29310976512
write_bytes: 40558673920
cancelled_write_bytes: 0

[2020-02-12T12:16:15-08:00]
rchar: 56577028540
wchar: 40675094055
syscr: 20252965
syscw: 2983850
read_bytes: 29387133440
write_bytes: 40784441344
cancelled_write_bytes: 0

[2020-02-12T12:16:18-08:00]
rchar: 56722979616
wchar: 40818259223
syscr: 20302417
syscw: 2991543
read_bytes: 29421953536
write_bytes: 40927801344
cancelled_write_bytes: 0

[2020-02-12T12:16:21-08:00]
rchar: 57008841826
wchar: 41035746785
syscr: 20397282
syscw: 3002157
read_bytes: 29490938368
write_bytes: 41145401344
cancelled_write_bytes: 0

[2020-02-12T12:16:24-08:00]
rchar: 57171435678
wchar: 41180844930
syscr: 20454019
syscw: 3011440
read_bytes: 29525504512
write_bytes: 41290694656
cancelled_write_bytes: 0

[2020-02-12T12:16:27-08:00]
rchar: 57282382234
wchar: 41253108979
syscr: 20492847
syscw: 3018560
read_bytes: 29549883904
write_bytes: 41363685376
cancelled_write_bytes: 0

[2020-02-12T12:16:30-08:00]
rchar: 57473865103
wchar: 41401836879
syscr: 20560660
syscw: 3028525
read_bytes: 29589996032
write_bytes: 41512734720
cancelled_write_bytes: 0

[2020-02-12T12:16:33-08:00]
rchar: 57592726729
wchar: 41505624062
syscr: 20602623
syscw: 3036888
read_bytes: 29616939520
write_bytes: 41617240064
cancelled_write_bytes: 0

[2020-02-12T12:16:36-08:00]
rchar: 57719925073
wchar: 41593629096
syscr: 20647034
syscw: 3044695
read_bytes: 29647467008
write_bytes: 41719721984
cancelled_write_bytes: 0

[2020-02-12T12:16:39-08:00]
rchar: 57862068585
wchar: 41718225364
syscr: 20696680
syscw: 3054403
read_bytes: 29680128512
write_bytes: 41830559744
cancelled_write_bytes: 0

[2020-02-12T12:16:42-08:00]
rchar: 58228835225
wchar: 41950805971
syscr: 20821473
syscw: 3068782
read_bytes: 29762044416
write_bytes: 42070880256
cancelled_write_bytes: 0

[2020-02-12T12:16:45-08:00]
rchar: 58347084417
wchar: 42105989751
syscr: 20864107
syscw: 3075816
read_bytes: 29784715776
write_bytes: 42219782144
cancelled_write_bytes: 0

[2020-02-12T12:16:48-08:00]
rchar: 58513057580
wchar: 42236369124
syscr: 20921613
syscw: 3085205
read_bytes: 29821108736
write_bytes: 42350374912
cancelled_write_bytes: 0

[2020-02-12T12:16:51-08:00]
rchar: 58799648112
wchar: 42386126127
syscr: 21024358
syscw: 3096325
read_bytes: 29879042560
write_bytes: 42500542464
cancelled_write_bytes: 0

[2020-02-12T12:16:54-08:00]
rchar: 58902700654
wchar: 42442909171
syscr: 21056635
syscw: 3096517
read_bytes: 29903778304
write_bytes: 42557857792
cancelled_write_bytes: 0

[2020-02-12T12:16:57-08:00]
rchar: 59075534953
wchar: 42535693867
syscr: 21113253
syscw: 3102740
read_bytes: 29941502464
write_bytes: 42651021312
cancelled_write_bytes: 0

[2020-02-12T12:17:00-08:00]
rchar: 59305293870
wchar: 42829525213
syscr: 21187816
syscw: 3109803
read_bytes: 29992333824
write_bytes: 42944991232
cancelled_write_bytes: 0

[2020-02-12T12:17:03-08:00]
rchar: 59553391207
wchar: 42973748222
syscr: 21268386
syscw: 3117795
read_bytes: 30048694784
write_bytes: 43089440768
cancelled_write_bytes: 0

[2020-02-12T12:17:06-08:00]
rchar: 59691520813
wchar: 43129333157
syscr: 21313764
syscw: 3123465
read_bytes: 30078226944
write_bytes: 43245240320
cancelled_write_bytes: 0

[2020-02-12T12:17:09-08:00]
rchar: 59985542853
wchar: 43356775114
syscr: 21409567
syscw: 3133329
read_bytes: 30143021568
write_bytes: 43472982016
cancelled_write_bytes: 0

[2020-02-12T12:17:12-08:00]
rchar: 60198129336
wchar: 43528726349
syscr: 21480346
syscw: 3142725
read_bytes: 30187098624
write_bytes: 43661922304
cancelled_write_bytes: 0

[2020-02-12T12:17:15-08:00]
rchar: 60379564305
wchar: 43708440101
syscr: 21541742
syscw: 3152527
read_bytes: 30222234112
write_bytes: 43825102848
cancelled_write_bytes: 0

[2020-02-12T12:17:18-08:00]
rchar: 60634053749
wchar: 43908466574
syscr: 21627757
syscw: 3164993
read_bytes: 30271504896
write_bytes: 44025257984
cancelled_write_bytes: 0

[2020-02-12T12:17:21-08:00]
rchar: 60952769834
wchar: 44122989637
syscr: 21734992
syscw: 3176578
read_bytes: 30330327552
write_bytes: 44239925248
cancelled_write_bytes: 0

[2020-02-12T12:17:24-08:00]
rchar: 61219311965
wchar: 44314837862
syscr: 21825556
syscw: 3190377
read_bytes: 30376268288
write_bytes: 44431990784
cancelled_write_bytes: 0

[2020-02-12T12:17:27-08:00]
rchar: 61512667593
wchar: 44495521088
syscr: 21924987
syscw: 3205171
read_bytes: 30425895424
write_bytes: 44612902912
cancelled_write_bytes: 0

[2020-02-12T12:17:30-08:00]
rchar: 61634010094
wchar: 44616142214
syscr: 21969387
syscw: 3214418
read_bytes: 30446121472
write_bytes: 44734464000
cancelled_write_bytes: 0

[2020-02-12T12:17:33-08:00]
rchar: 61816605253
wchar: 44725805328
syscr: 22035826
syscw: 3227631
read_bytes: 30479495680
write_bytes: 44844507136
cancelled_write_bytes: 0

[2020-02-12T12:17:36-08:00]
rchar: 62043195708
wchar: 44833937745
syscr: 22119128
syscw: 3236158
read_bytes: 30518673920
write_bytes: 44953231360
cancelled_write_bytes: 0

[2020-02-12T12:17:39-08:00]
rchar: 62274184148
wchar: 44906557955
syscr: 22193589
syscw: 3241726
read_bytes: 30567252480
write_bytes: 45026295808
cancelled_write_bytes: 0

[2020-02-12T12:17:42-08:00]
rchar: 62448837552
wchar: 45135385230
syscr: 22250686
syscw: 3248488
read_bytes: 30604071424
write_bytes: 45255397376
cancelled_write_bytes: 0

[2020-02-12T12:17:45-08:00]
rchar: 62633828475
wchar: 45276481623
syscr: 22312332
syscw: 3256536
read_bytes: 30642500096
write_bytes: 45396750336
cancelled_write_bytes: 0

[2020-02-12T12:17:48-08:00]
rchar: 62921143937
wchar: 45512791574
syscr: 22404986
syscw: 3264479
read_bytes: 30702285312
write_bytes: 45633200128
cancelled_write_bytes: 0

[2020-02-12T12:17:51-08:00]
rchar: 63177035635
wchar: 45713166931
syscr: 22488870
syscw: 3273702
read_bytes: 30752453120
write_bytes: 45833687040
cancelled_write_bytes: 0

[2020-02-12T12:17:54-08:00]
rchar: 63436604098
wchar: 46001194216
syscr: 22574306
syscw: 3283872
read_bytes: 30801105408
write_bytes: 46121893888
cancelled_write_bytes: 0

[2020-02-12T12:17:57-08:00]
rchar: 63554599073
wchar: 46098824835
syscr: 22614239
syscw: 3288739
read_bytes: 30822093312
write_bytes: 46220136448
cancelled_write_bytes: 0

[2020-02-12T12:18:00-08:00]
rchar: 63708870561
wchar: 46276646759
syscr: 22669101
syscw: 3299375
read_bytes: 30849225216
write_bytes: 46398263296
cancelled_write_bytes: 0

[2020-02-12T12:18:03-08:00]
rchar: 63916050310
wchar: 46361071787
syscr: 22743124
syscw: 3312026
read_bytes: 30883922432
write_bytes: 46483070976
cancelled_write_bytes: 0

[2020-02-12T12:18:06-08:00]
rchar: 64079643669
wchar: 46488266989
syscr: 22800640
syscw: 3322515
read_bytes: 30913630720
write_bytes: 46610661376
cancelled_write_bytes: 0

[2020-02-12T12:18:09-08:00]
rchar: 64252460885
wchar: 46636668136
syscr: 22860981
syscw: 3332919
read_bytes: 30943400448
write_bytes: 46759256064
cancelled_write_bytes: 0

[2020-02-12T12:18:12-08:00]
rchar: 64520612849
wchar: 46841490955
syscr: 22953078
syscw: 3344911
read_bytes: 30988378624
write_bytes: 46964326400
cancelled_write_bytes: 0

[2020-02-12T12:18:15-08:00]
rchar: 64670966640
wchar: 46961493892
syscr: 23004682
syscw: 3354370
read_bytes: 31013294592
write_bytes: 47084994560
cancelled_write_bytes: 0

[2020-02-12T12:18:18-08:00]
rchar: 64905881605
wchar: 47097377898
syscr: 23085001
syscw: 3367813
read_bytes: 31053079040
write_bytes: 47221153792
cancelled_write_bytes: 0

[2020-02-12T12:18:21-08:00]
rchar: 65014489641
wchar: 47228617317
syscr: 23124253
syscw: 3372130
read_bytes: 31070233088
write_bytes: 47352893440
cancelled_write_bytes: 0

[2020-02-12T12:18:24-08:00]
rchar: 65245772659
wchar: 47340727983
syscr: 23202175
syscw: 3382495
read_bytes: 31113269760
write_bytes: 47465463808
cancelled_write_bytes: 0

[2020-02-12T12:18:27-08:00]
rchar: 65383674665
wchar: 47463251279
syscr: 23249723
syscw: 3390284
read_bytes: 31137796608
write_bytes: 47588364288
cancelled_write_bytes: 0

[2020-02-12T12:18:30-08:00]
rchar: 65567552700
wchar: 47591194317
syscr: 23312978
syscw: 3401847
read_bytes: 31166259712
write_bytes: 47716782080
cancelled_write_bytes: 0

[2020-02-12T12:18:33-08:00]
rchar: 65772037955
wchar: 47801766382
syscr: 23381458
syscw: 3408795
read_bytes: 31203471872
write_bytes: 47927902208
cancelled_write_bytes: 0

[2020-02-12T12:18:36-08:00]
rchar: 65903660697
wchar: 47904048767
syscr: 23424048
syscw: 3411127
read_bytes: 31227458048
write_bytes: 48030511104
cancelled_write_bytes: 0

[2020-02-12T12:18:39-08:00]
rchar: 66101946086
wchar: 48136532888
syscr: 23490734
syscw: 3421000
read_bytes: 31257649664
write_bytes: 48263180288
cancelled_write_bytes: 0

[2020-02-12T12:18:42-08:00]
rchar: 66417091509
wchar: 48350036846
syscr: 23596324
syscw: 3433516
read_bytes: 31311507968
write_bytes: 48476860416
cancelled_write_bytes: 0

[2020-02-12T12:18:45-08:00]
rchar: 66705121118
wchar: 48538339994
syscr: 23693939
syscw: 3447373
read_bytes: 31357354496
write_bytes: 48665346048
cancelled_write_bytes: 0

[2020-02-12T12:18:48-08:00]
rchar: 66994986637
wchar: 48740541759
syscr: 23792854
syscw: 3461900
read_bytes: 31402734080
write_bytes: 48867737600
cancelled_write_bytes: 0

[2020-02-12T12:18:51-08:00]
rchar: 67126749038
wchar: 48855498097
syscr: 23838446
syscw: 3470998
read_bytes: 31420535296
write_bytes: 48982994944
cancelled_write_bytes: 0

[2020-02-12T12:18:54-08:00]
rchar: 67264689270
wchar: 48969465028
syscr: 23885169
syscw: 3480008
read_bytes: 31438840320
write_bytes: 49097236480
cancelled_write_bytes: 0

[2020-02-12T12:18:57-08:00]
rchar: 67412415453
wchar: 49153798121
syscr: 23931091
syscw: 3481882
read_bytes: 31462015488
write_bytes: 49281716224
cancelled_write_bytes: 0

[2020-02-12T12:19:00-08:00]
rchar: 67412415473
wchar: 49154027265
syscr: 23931096
syscw: 3481899
read_bytes: 31462015488
write_bytes: 49281986560
cancelled_write_bytes: 0

[2020-02-12T12:19:03-08:00]
rchar: 67412415473
wchar: 49154027265
syscr: 23931096
syscw: 3481899
read_bytes: 31462015488
write_bytes: 49281986560
cancelled_write_bytes: 0

[2020-02-12T12:19:06-08:00]
rchar: 67412415473
wchar: 49154027265
syscr: 23931096
syscw: 3481899
read_bytes: 31462015488
write_bytes: 49281994752
cancelled_write_bytes: 0

[2020-02-12T12:19:09-08:00]
rchar: 67412415473
wchar: 49154027265
syscr: 23931096
syscw: 3481899
read_bytes: 31462015488
write_bytes: 49281994752
cancelled_write_bytes: 0

[2020-02-12T12:19:12-08:00]
rchar: 67412415473
wchar: 49154027265
syscr: 23931096
syscw: 3481899
read_bytes: 31462015488
write_bytes: 49281994752
cancelled_write_bytes: 0

