[2020-01-21T03:32:00-08:00]
rchar: 16583888
wchar: 209
syscr: 2824
syscw: 10
read_bytes: 708608
write_bytes: 53248
cancelled_write_bytes: 0

[2020-01-21T03:32:03-08:00]
rchar: 16583888
wchar: 209
syscr: 2824
syscw: 10
read_bytes: 708608
write_bytes: 53248
cancelled_write_bytes: 0

[2020-01-21T03:32:06-08:00]
rchar: 16583888
wchar: 209
syscr: 2824
syscw: 10
read_bytes: 708608
write_bytes: 53248
cancelled_write_bytes: 0

[2020-01-21T03:32:09-08:00]
rchar: 16583888
wchar: 209
syscr: 2824
syscw: 10
read_bytes: 708608
write_bytes: 53248
cancelled_write_bytes: 0

[2020-01-21T03:32:12-08:00]
rchar: 16583888
wchar: 209
syscr: 2824
syscw: 10
read_bytes: 708608
write_bytes: 53248
cancelled_write_bytes: 0

[2020-01-21T03:32:15-08:00]
rchar: 16583888
wchar: 209
syscr: 2824
syscw: 10
read_bytes: 708608
write_bytes: 53248
cancelled_write_bytes: 0

[2020-01-21T03:32:18-08:00]
rchar: 16583888
wchar: 209
syscr: 2824
syscw: 10
read_bytes: 708608
write_bytes: 53248
cancelled_write_bytes: 0

[2020-01-21T03:32:21-08:00]
rchar: 16583888
wchar: 209
syscr: 2824
syscw: 10
read_bytes: 708608
write_bytes: 61440
cancelled_write_bytes: 0

[2020-01-21T03:32:24-08:00]
rchar: 16583888
wchar: 209
syscr: 2824
syscw: 10
read_bytes: 708608
write_bytes: 61440
cancelled_write_bytes: 0

[2020-01-21T03:32:27-08:00]
rchar: 246280659
wchar: 138170511
syscr: 11004
syscw: 1386
read_bytes: 240450048
write_bytes: 138260480
cancelled_write_bytes: 0

[2020-01-21T03:32:30-08:00]
rchar: 640678196
wchar: 326403550
syscr: 51679
syscw: 24381
read_bytes: 769722880
write_bytes: 326508544
cancelled_write_bytes: 0

[2020-01-21T03:32:33-08:00]
rchar: 1017138158
wchar: 470575583
syscr: 97337
syscw: 47680
read_bytes: 1298811392
write_bytes: 470683648
cancelled_write_bytes: 0

[2020-01-21T03:32:36-08:00]
rchar: 1487420719
wchar: 739402771
syscr: 154279
syscw: 64393
read_bytes: 1632725504
write_bytes: 739528704
cancelled_write_bytes: 0

[2020-01-21T03:32:39-08:00]
rchar: 2331694532
wchar: 897775700
syscr: 256656
syscw: 90631
read_bytes: 2159802880
write_bytes: 897904640
cancelled_write_bytes: 0

[2020-01-21T03:32:42-08:00]
rchar: 2887012111
wchar: 1269755433
syscr: 323907
syscw: 100450
read_bytes: 2343922176
write_bytes: 1269911552
cancelled_write_bytes: 0

[2020-01-21T03:32:45-08:00]
rchar: 3930098760
wchar: 1740398563
syscr: 450391
syscw: 113930
read_bytes: 2595478016
write_bytes: 1740582912
cancelled_write_bytes: 0

[2020-01-21T03:32:48-08:00]
rchar: 4593811593
wchar: 1862432451
syscr: 530631
syscw: 133971
read_bytes: 2984774144
write_bytes: 1862643712
cancelled_write_bytes: 0

[2020-01-21T03:32:51-08:00]
rchar: 5489230280
wchar: 2148322308
syscr: 639119
syscw: 152211
read_bytes: 3338066432
write_bytes: 2148548608
cancelled_write_bytes: 0

[2020-01-21T03:32:54-08:00]
rchar: 6613630502
wchar: 2288627208
syscr: 775456
syscw: 174066
read_bytes: 3761396224
write_bytes: 2288857088
cancelled_write_bytes: 0

[2020-01-21T03:32:57-08:00]
rchar: 7245025988
wchar: 2523985725
syscr: 851932
syscw: 184696
read_bytes: 3945269760
write_bytes: 2524233728
cancelled_write_bytes: 0

[2020-01-21T03:33:00-08:00]
rchar: 8901436018
wchar: 2675731258
syscr: 1052770
syscw: 208695
read_bytes: 4395702784
write_bytes: 2675982336
cancelled_write_bytes: 0

[2020-01-21T03:33:04-08:00]
rchar: 9669643916
wchar: 2916396928
syscr: 1145833
syscw: 219816
read_bytes: 4592056832
write_bytes: 2916671488
cancelled_write_bytes: 0

[2020-01-21T03:33:07-08:00]
rchar: 11812770276
wchar: 3072509576
syscr: 1405682
syscw: 245142
read_bytes: 5040736768
write_bytes: 3072782336
cancelled_write_bytes: 0

[2020-01-21T03:33:10-08:00]
rchar: 12940251210
wchar: 3329477992
syscr: 1542388
syscw: 258743
read_bytes: 5277891072
write_bytes: 3329757184
cancelled_write_bytes: 0

[2020-01-21T03:33:13-08:00]
rchar: 14358026273
wchar: 3803952416
syscr: 1714207
syscw: 269676
read_bytes: 5440539136
write_bytes: 3804270592
cancelled_write_bytes: 0

[2020-01-21T03:33:16-08:00]
rchar: 15964519335
wchar: 4318175702
syscr: 1908992
syscw: 282068
read_bytes: 5629245952
write_bytes: 4319322112
cancelled_write_bytes: 0

[2020-01-21T03:33:19-08:00]
rchar: 17258746342
wchar: 4794924681
syscr: 2065416
syscw: 298029
read_bytes: 5873605120
write_bytes: 4795346944
cancelled_write_bytes: 0

[2020-01-21T03:33:22-08:00]
rchar: 17635102039
wchar: 5209439193
syscr: 2110946
syscw: 304159
read_bytes: 5962942976
write_bytes: 5209915392
cancelled_write_bytes: 0

[2020-01-21T03:33:25-08:00]
rchar: 18300533322
wchar: 5467594595
syscr: 2191613
syscw: 313993
read_bytes: 6112713216
write_bytes: 5468106752
cancelled_write_bytes: 0

[2020-01-21T03:33:28-08:00]
rchar: 19231056072
wchar: 5759611088
syscr: 2304413
syscw: 328190
read_bytes: 6352521728
write_bytes: 5760196608
cancelled_write_bytes: 0

[2020-01-21T03:33:31-08:00]
rchar: 20079467343
wchar: 5953146285
syscr: 2407288
syscw: 344247
read_bytes: 6635633152
write_bytes: 5953736704
cancelled_write_bytes: 0

[2020-01-21T03:33:34-08:00]
rchar: 21392748244
wchar: 6162770107
syscr: 2566440
syscw: 362883
read_bytes: 6955383296
write_bytes: 6163369984
cancelled_write_bytes: 0

[2020-01-21T03:33:37-08:00]
rchar: 22640026410
wchar: 6281031883
syscr: 2717673
syscw: 381027
read_bytes: 7254858240
write_bytes: 6281633792
cancelled_write_bytes: 0

[2020-01-21T03:33:40-08:00]
rchar: 24017937827
wchar: 6559029758
syscr: 2884657
syscw: 397756
read_bytes: 7518161408
write_bytes: 6559657984
cancelled_write_bytes: 0

[2020-01-21T03:33:43-08:00]
rchar: 25972453845
wchar: 6706157576
syscr: 3121641
syscw: 419797
read_bytes: 7882750464
write_bytes: 6706786304
cancelled_write_bytes: 0

[2020-01-21T03:33:46-08:00]
rchar: 26801935578
wchar: 7094952563
syscr: 3222131
syscw: 427975
read_bytes: 7987227136
write_bytes: 7095607296
cancelled_write_bytes: 0

[2020-01-21T03:33:49-08:00]
rchar: 28358827149
wchar: 7657554882
syscr: 3410905
syscw: 439408
read_bytes: 8140143104
write_bytes: 7658258432
cancelled_write_bytes: 0

[2020-01-21T03:33:52-08:00]
rchar: 29734796816
wchar: 8155535808
syscr: 3577754
syscw: 449966
read_bytes: 8279013888
write_bytes: 8156278784
cancelled_write_bytes: 0

[2020-01-21T03:33:55-08:00]
rchar: 30351599192
wchar: 8416011429
syscr: 3652027
syscw: 459916
read_bytes: 8419990016
write_bytes: 8416784384
cancelled_write_bytes: 0

[2020-01-21T03:33:58-08:00]
rchar: 30863013911
wchar: 8856208286
syscr: 3714008
syscw: 467466
read_bytes: 8521902592
write_bytes: 8857026560
cancelled_write_bytes: 0

[2020-01-21T03:34:01-08:00]
rchar: 31932832911
wchar: 9234902461
syscr: 3843629
syscw: 480921
read_bytes: 8709745152
write_bytes: 9235779584
cancelled_write_bytes: 0

[2020-01-21T03:34:04-08:00]
rchar: 33053192589
wchar: 9626157052
syscr: 3979448
syscw: 494840
read_bytes: 8906816000
write_bytes: 9627103232
cancelled_write_bytes: 0

[2020-01-21T03:34:07-08:00]
rchar: 34005583091
wchar: 9904014069
syscr: 4094931
syscw: 507725
read_bytes: 9180244480
write_bytes: 9905008640
cancelled_write_bytes: 0

[2020-01-21T03:34:10-08:00]
rchar: 34871706984
wchar: 10214234108
syscr: 4199851
syscw: 519127
read_bytes: 9364011520
write_bytes: 10215272448
cancelled_write_bytes: 0

[2020-01-21T03:34:13-08:00]
rchar: 36804951784
wchar: 10373671184
syscr: 4434262
syscw: 543973
read_bytes: 9733581312
write_bytes: 10374721536
cancelled_write_bytes: 0

[2020-01-21T03:34:16-08:00]
rchar: 37525783083
wchar: 10603705923
syscr: 4521582
syscw: 553446
read_bytes: 9865107968
write_bytes: 10604777472
cancelled_write_bytes: 0

[2020-01-21T03:34:19-08:00]
rchar: 39306636734
wchar: 10723501447
syscr: 4737510
syscw: 572168
read_bytes: 10135448064
write_bytes: 10724593664
cancelled_write_bytes: 0

[2020-01-21T03:34:22-08:00]
rchar: 40798409172
wchar: 10826205626
syscr: 4918384
syscw: 587429
read_bytes: 10364787200
write_bytes: 10827300864
cancelled_write_bytes: 0

[2020-01-21T03:34:25-08:00]
rchar: 42082287608
wchar: 11353839734
syscr: 5073974
syscw: 598519
read_bytes: 10489457152
write_bytes: 11354963968
cancelled_write_bytes: 0

[2020-01-21T03:34:28-08:00]
rchar: 43709352428
wchar: 11909844701
syscr: 5271260
syscw: 610545
read_bytes: 10626394624
write_bytes: 11911000064
cancelled_write_bytes: 0

[2020-01-21T03:34:31-08:00]
rchar: 45106244557
wchar: 12370129368
syscr: 5440144
syscw: 624083
read_bytes: 10803530240
write_bytes: 12372037632
cancelled_write_bytes: 0

[2020-01-21T03:34:34-08:00]
rchar: 45824525282
wchar: 12749507714
syscr: 5527208
syscw: 633290
read_bytes: 10920114688
write_bytes: 12750745600
cancelled_write_bytes: 0

[2020-01-21T03:34:37-08:00]
rchar: 46148728257
wchar: 13063770620
syscr: 5566423
syscw: 637679
read_bytes: 10966907392
write_bytes: 13065056256
cancelled_write_bytes: 0

[2020-01-21T03:34:40-08:00]
rchar: 47339330337
wchar: 13462927802
syscr: 5710778
syscw: 651849
read_bytes: 11146873344
write_bytes: 13464256512
cancelled_write_bytes: 0

[2020-01-21T03:34:43-08:00]
rchar: 48529710535
wchar: 13858576882
syscr: 5855082
syscw: 666393
read_bytes: 11379358208
write_bytes: 13859962880
cancelled_write_bytes: 0

[2020-01-21T03:34:46-08:00]
rchar: 49348667257
wchar: 14166750890
syscr: 5954367
syscw: 676860
read_bytes: 11570031104
write_bytes: 14168158208
cancelled_write_bytes: 0

[2020-01-21T03:34:49-08:00]
rchar: 50479546707
wchar: 14584296033
syscr: 6091387
syscw: 689028
read_bytes: 11758656000
write_bytes: 14585749504
cancelled_write_bytes: 0

[2020-01-21T03:34:52-08:00]
rchar: 51943023538
wchar: 14865025734
syscr: 6268818
syscw: 705334
read_bytes: 12075837952
write_bytes: 14866534400
cancelled_write_bytes: 0

[2020-01-21T03:34:55-08:00]
rchar: 53003798683
wchar: 15075823212
syscr: 6397426
syscw: 717409
read_bytes: 12233714176
write_bytes: 15077384192
cancelled_write_bytes: 0

[2020-01-21T03:34:58-08:00]
rchar: 53331519117
wchar: 15273405875
syscr: 6437078
syscw: 721842
read_bytes: 12282395136
write_bytes: 15274983424
cancelled_write_bytes: 0

[2020-01-21T03:35:01-08:00]
rchar: 55441984135
wchar: 15413530937
syscr: 6692965
syscw: 742682
read_bytes: 12567935488
write_bytes: 15415107584
cancelled_write_bytes: 0

[2020-01-21T03:35:04-08:00]
rchar: 56865617458
wchar: 15560445194
syscr: 6865579
syscw: 757131
read_bytes: 12762200576
write_bytes: 15562027008
cancelled_write_bytes: 0

[2020-01-21T03:35:07-08:00]
rchar: 58314811807
wchar: 16129798640
syscr: 7041210
syscw: 768554
read_bytes: 12880345600
write_bytes: 16131416064
cancelled_write_bytes: 0

[2020-01-21T03:35:10-08:00]
rchar: 60037031154
wchar: 16686470355
syscr: 7250034
syscw: 781698
read_bytes: 13015247360
write_bytes: 16688115712
cancelled_write_bytes: 0

[2020-01-21T03:35:13-08:00]
rchar: 61378760793
wchar: 17125620223
syscr: 7412228
syscw: 795975
read_bytes: 13184236032
write_bytes: 17127317504
cancelled_write_bytes: 0

[2020-01-21T03:35:16-08:00]
rchar: 61868941799
wchar: 17467061082
syscr: 7471652
syscw: 802376
read_bytes: 13254220288
write_bytes: 17468784640
cancelled_write_bytes: 0

[2020-01-21T03:35:19-08:00]
rchar: 62497411714
wchar: 17740142825
syscr: 7547744
syscw: 809645
read_bytes: 13336250880
write_bytes: 17741910016
cancelled_write_bytes: 0

[2020-01-21T03:35:22-08:00]
rchar: 63825839752
wchar: 18190551300
syscr: 7708794
syscw: 824573
read_bytes: 13507815936
write_bytes: 18192379904
cancelled_write_bytes: 0

[2020-01-21T03:35:25-08:00]
rchar: 65141056546
wchar: 18621328659
syscr: 7868264
syscw: 839911
read_bytes: 13686368768
write_bytes: 18623209472
cancelled_write_bytes: 0

[2020-01-21T03:35:28-08:00]
rchar: 65709291745
wchar: 18956126267
syscr: 7937058
syscw: 847630
read_bytes: 13785410048
write_bytes: 18958053376
cancelled_write_bytes: 0

[2020-01-21T03:35:31-08:00]
rchar: 67308626222
wchar: 19231612446
syscr: 8130982
syscw: 865055
read_bytes: 14098885120
write_bytes: 19233558528
cancelled_write_bytes: 0

[2020-01-21T03:35:34-08:00]
rchar: 68378206139
wchar: 19548806747
syscr: 8260648
syscw: 876298
read_bytes: 14235990528
write_bytes: 19550793728
cancelled_write_bytes: 0

[2020-01-21T03:35:37-08:00]
rchar: 69478670348
wchar: 19921289168
syscr: 8394048
syscw: 886937
read_bytes: 14353508864
write_bytes: 19923316736
cancelled_write_bytes: 0

[2020-01-21T03:35:40-08:00]
rchar: 70607285725
wchar: 20424824228
syscr: 8530787
syscw: 897564
read_bytes: 14460246528
write_bytes: 20426907648
cancelled_write_bytes: 0

[2020-01-21T03:35:43-08:00]
rchar: 72279778000
wchar: 20700903183
syscr: 8733544
syscw: 913235
read_bytes: 14643132928
write_bytes: 20703055872
cancelled_write_bytes: 0

[2020-01-21T03:35:46-08:00]
rchar: 73742890920
wchar: 20800005986
syscr: 8910944
syscw: 927480
read_bytes: 14826011136
write_bytes: 20802170880
cancelled_write_bytes: 0

[2020-01-21T03:35:49-08:00]
rchar: 75129038987
wchar: 21371724587
syscr: 9078932
syscw: 939006
read_bytes: 14935869952
write_bytes: 21373919232
cancelled_write_bytes: 0

[2020-01-21T03:35:52-08:00]
rchar: 76081890642
wchar: 21738728230
syscr: 9194468
syscw: 945828
read_bytes: 14996793856
write_bytes: 21740953600
cancelled_write_bytes: 0

[2020-01-21T03:35:55-08:00]
rchar: 77724361659
wchar: 22316919079
syscr: 9393120
syscw: 958748
read_bytes: 15119198720
write_bytes: 22319190016
cancelled_write_bytes: 0

[2020-01-21T03:35:58-08:00]
rchar: 78776924461
wchar: 22737263861
syscr: 9520730
syscw: 972903
read_bytes: 15278836224
write_bytes: 22739587072
cancelled_write_bytes: 0

[2020-01-21T03:36:01-08:00]
rchar: 79291901724
wchar: 23022812430
syscr: 9583066
syscw: 981605
read_bytes: 15393622528
write_bytes: 23025160192
cancelled_write_bytes: 0

[2020-01-21T03:36:04-08:00]
rchar: 80484988256
wchar: 23369402179
syscr: 9727707
syscw: 995531
read_bytes: 15585167872
write_bytes: 23371788288
cancelled_write_bytes: 0

[2020-01-21T03:36:07-08:00]
rchar: 81852345320
wchar: 23789583207
syscr: 9893491
syscw: 1011195
read_bytes: 15790336512
write_bytes: 23792005120
cancelled_write_bytes: 0

[2020-01-21T03:36:10-08:00]
rchar: 82472233558
wchar: 24200587481
syscr: 9968534
syscw: 1018478
read_bytes: 15860132352
write_bytes: 24203051008
cancelled_write_bytes: 0

[2020-01-21T03:36:13-08:00]
rchar: 83769827420
wchar: 24419984843
syscr: 10125863
syscw: 1033037
read_bytes: 16089295360
write_bytes: 24422465536
cancelled_write_bytes: 0

[2020-01-21T03:36:16-08:00]
rchar: 85303981893
wchar: 24775714393
syscr: 10311845
syscw: 1048626
read_bytes: 16294509056
write_bytes: 24778235904
cancelled_write_bytes: 0

[2020-01-21T03:36:19-08:00]
rchar: 86398198925
wchar: 25150223344
syscr: 10444499
syscw: 1058873
read_bytes: 16392649216
write_bytes: 25152790528
cancelled_write_bytes: 0

[2020-01-21T03:36:22-08:00]
rchar: 87565667928
wchar: 25667044709
syscr: 10585944
syscw: 1069463
read_bytes: 16489437696
write_bytes: 25669685248
cancelled_write_bytes: 0

[2020-01-21T03:36:25-08:00]
rchar: 88845909164
wchar: 25989636574
syscr: 10741151
syscw: 1080539
read_bytes: 16597010944
write_bytes: 25993076736
cancelled_write_bytes: 0

[2020-01-21T03:36:28-08:00]
rchar: 90553782605
wchar: 26256819308
syscr: 10948235
syscw: 1096646
read_bytes: 16837102080
write_bytes: 26259529728
cancelled_write_bytes: 0

[2020-01-21T03:36:31-08:00]
rchar: 91523416104
wchar: 26560354570
syscr: 11065724
syscw: 1106167
read_bytes: 16977562112
write_bytes: 26563088384
cancelled_write_bytes: 0

[2020-01-21T03:36:34-08:00]
rchar: 93493669738
wchar: 27007992390
syscr: 11304579
syscw: 1120784
read_bytes: 17155152384
write_bytes: 27011059712
cancelled_write_bytes: 0

[2020-01-21T03:36:37-08:00]
rchar: 95249702660
wchar: 27595897175
syscr: 11517503
syscw: 1133356
read_bytes: 17261214208
write_bytes: 27598700544
cancelled_write_bytes: 0

[2020-01-21T03:36:40-08:00]
rchar: 96680038395
wchar: 28110358770
syscr: 11690442
syscw: 1146819
read_bytes: 17386879488
write_bytes: 28113211392
cancelled_write_bytes: 0

[2020-01-21T03:36:43-08:00]
rchar: 96785239147
wchar: 28253265689
syscr: 11703190
syscw: 1148837
read_bytes: 17402649088
write_bytes: 28256137216
cancelled_write_bytes: 0

[2020-01-21T03:36:46-08:00]
rchar: 97910332409
wchar: 28699848966
syscr: 11839490
syscw: 1161183
read_bytes: 17518320128
write_bytes: 28702765056
cancelled_write_bytes: 0

[2020-01-21T03:36:49-08:00]
rchar: 99275578441
wchar: 29172180557
syscr: 12005003
syscw: 1176377
read_bytes: 17659111936
write_bytes: 29175156736
cancelled_write_bytes: 0

[2020-01-21T03:36:52-08:00]
rchar: 100555808709
wchar: 29664361889
syscr: 12160203
syscw: 1190260
read_bytes: 17789143552
write_bytes: 29667401728
cancelled_write_bytes: 0

[2020-01-21T03:36:55-08:00]
rchar: 100713437564
wchar: 29812157053
syscr: 12179321
syscw: 1191872
read_bytes: 17801402880
write_bytes: 29815222272
cancelled_write_bytes: 0

[2020-01-21T03:36:58-08:00]
rchar: 101983996298
wchar: 30324154577
syscr: 12333268
syscw: 1204696
read_bytes: 17912904192
write_bytes: 30327267328
cancelled_write_bytes: 0

[2020-01-21T03:37:01-08:00]
rchar: 103532743189
wchar: 30756487221
syscr: 12520975
syscw: 1220446
read_bytes: 18059639296
write_bytes: 30759653376
cancelled_write_bytes: 0

[2020-01-21T03:37:04-08:00]
rchar: 104791994030
wchar: 31035731635
syscr: 12673666
syscw: 1233994
read_bytes: 18252347904
write_bytes: 31038918656
cancelled_write_bytes: 0

[2020-01-21T03:37:07-08:00]
rchar: 105167719105
wchar: 31264877807
syscr: 12719141
syscw: 1238459
read_bytes: 18309401088
write_bytes: 31268077568
cancelled_write_bytes: 0

[2020-01-21T03:37:10-08:00]
rchar: 107024116032
wchar: 31652299761
syscr: 12944170
syscw: 1254837
read_bytes: 18498333184
write_bytes: 31655534592
cancelled_write_bytes: 0

[2020-01-21T03:37:13-08:00]
rchar: 108731984342
wchar: 32134930488
syscr: 13151199
syscw: 1269857
read_bytes: 18630384128
write_bytes: 32138215424
cancelled_write_bytes: 0

[2020-01-21T03:37:16-08:00]
rchar: 109737046512
wchar: 32548239593
syscr: 13273071
syscw: 1279500
read_bytes: 18709228032
write_bytes: 32551571456
cancelled_write_bytes: 0

[2020-01-21T03:37:19-08:00]
rchar: 110802398126
wchar: 32939085568
syscr: 13402121
syscw: 1287694
read_bytes: 18773522944
write_bytes: 32942465024
cancelled_write_bytes: 0

[2020-01-21T03:37:22-08:00]
rchar: 112045871265
wchar: 33390897816
syscr: 13552894
syscw: 1296836
read_bytes: 18842049024
write_bytes: 33394307072
cancelled_write_bytes: 0

[2020-01-21T03:37:25-08:00]
rchar: 113622442027
wchar: 33984572120
syscr: 13743571
syscw: 1309182
read_bytes: 18939443712
write_bytes: 33988050944
cancelled_write_bytes: 0

[2020-01-21T03:37:28-08:00]
rchar: 114680981182
wchar: 34406409999
syscr: 13871906
syscw: 1323446
read_bytes: 19072997888
write_bytes: 34409938944
cancelled_write_bytes: 0

[2020-01-21T03:37:31-08:00]
rchar: 115407473873
wchar: 34846436950
syscr: 13959877
syscw: 1332169
read_bytes: 19144944128
write_bytes: 34850418688
cancelled_write_bytes: 0

[2020-01-21T03:37:34-08:00]
rchar: 116263972638
wchar: 35159243655
syscr: 14063719
syscw: 1342350
read_bytes: 19224087040
write_bytes: 35162857472
cancelled_write_bytes: 0

[2020-01-21T03:37:37-08:00]
rchar: 117657039854
wchar: 35657675025
syscr: 14232604
syscw: 1357783
read_bytes: 19358714368
write_bytes: 35661389824
cancelled_write_bytes: 0

[2020-01-21T03:37:40-08:00]
rchar: 118656278758
wchar: 36068309683
syscr: 14353740
syscw: 1368638
read_bytes: 19447949824
write_bytes: 36072017920
cancelled_write_bytes: 0

[2020-01-21T03:37:43-08:00]
rchar: 119521127655
wchar: 36523000376
syscr: 14458480
syscw: 1377886
read_bytes: 19520641536
write_bytes: 36526755840
cancelled_write_bytes: 0

[2020-01-21T03:37:46-08:00]
rchar: 120744711378
wchar: 36879104048
syscr: 14606803
syscw: 1390482
read_bytes: 19624651264
write_bytes: 36882903040
cancelled_write_bytes: 0

[2020-01-21T03:37:49-08:00]
rchar: 122328630774
wchar: 37346233087
syscr: 14798817
syscw: 1406799
read_bytes: 19760417280
write_bytes: 37350092800
cancelled_write_bytes: 0

[2020-01-21T03:37:52-08:00]
rchar: 123151872023
wchar: 37819949534
syscr: 14898620
syscw: 1414806
read_bytes: 19820739072
write_bytes: 37823848448
cancelled_write_bytes: 0

[2020-01-21T03:37:55-08:00]
rchar: 123839415163
wchar: 38065635642
syscr: 14981909
syscw: 1420932
read_bytes: 19866823168
write_bytes: 38069583872
cancelled_write_bytes: 0

[2020-01-21T03:37:58-08:00]
rchar: 125941399586
wchar: 38256973485
syscr: 15236732
syscw: 1440652
read_bytes: 20057188864
write_bytes: 38260961280
cancelled_write_bytes: 0

[2020-01-21T03:38:01-08:00]
rchar: 127366454132
wchar: 38455749767
syscr: 15409521
syscw: 1455013
read_bytes: 20191369728
write_bytes: 38459744256
cancelled_write_bytes: 0

[2020-01-21T03:38:04-08:00]
rchar: 128985502238
wchar: 39035502908
syscr: 15605748
syscw: 1467491
read_bytes: 20280134144
write_bytes: 39039533056
cancelled_write_bytes: 0

[2020-01-21T03:38:07-08:00]
rchar: 130241653503
wchar: 39447862360
syscr: 15758058
syscw: 1477556
read_bytes: 20347759104
write_bytes: 39451914240
cancelled_write_bytes: 0

[2020-01-21T03:38:10-08:00]
rchar: 131588136523
wchar: 39923948376
syscr: 15920866
syscw: 1492124
read_bytes: 20464859648
write_bytes: 39928045568
cancelled_write_bytes: 0

[2020-01-21T03:38:13-08:00]
rchar: 132293936854
wchar: 40339986993
syscr: 16006422
syscw: 1502114
read_bytes: 20540545536
write_bytes: 40344121344
cancelled_write_bytes: 0

[2020-01-21T03:38:16-08:00]
rchar: 132808322928
wchar: 40594450111
syscr: 16068715
syscw: 1507708
read_bytes: 20582410752
write_bytes: 40598614016
cancelled_write_bytes: 0

[2020-01-21T03:38:19-08:00]
rchar: 134286968626
wchar: 41104380518
syscr: 16247969
syscw: 1524486
read_bytes: 20714191360
write_bytes: 41108606976
cancelled_write_bytes: 0

[2020-01-21T03:38:22-08:00]
rchar: 135299025150
wchar: 41457601804
syscr: 16370628
syscw: 1536727
read_bytes: 20806797824
write_bytes: 41461882880
cancelled_write_bytes: 0

[2020-01-21T03:38:25-08:00]
rchar: 136115848507
wchar: 41825727118
syscr: 16469651
syscw: 1546913
read_bytes: 20893432320
write_bytes: 41830055936
cancelled_write_bytes: 0

[2020-01-21T03:38:28-08:00]
rchar: 137568872550
wchar: 42148254396
syscr: 16645751
syscw: 1561812
read_bytes: 21090929152
write_bytes: 42152611840
cancelled_write_bytes: 0

[2020-01-21T03:38:31-08:00]
rchar: 138804291911
wchar: 42525840212
syscr: 16795498
syscw: 1574188
read_bytes: 21185174016
write_bytes: 42530234368
cancelled_write_bytes: 0

[2020-01-21T03:38:34-08:00]
rchar: 140059284941
wchar: 42941328653
syscr: 16947644
syscw: 1586675
read_bytes: 21278046720
write_bytes: 42945761280
cancelled_write_bytes: 0

[2020-01-21T03:38:37-08:00]
rchar: 140970014908
wchar: 43386936449
syscr: 17057996
syscw: 1595570
read_bytes: 21339351552
write_bytes: 43391406080
cancelled_write_bytes: 0

[2020-01-21T03:38:40-08:00]
rchar: 143041406979
wchar: 43520730596
syscr: 17309116
syscw: 1613837
read_bytes: 21512366592
write_bytes: 43525226496
cancelled_write_bytes: 0

[2020-01-21T03:38:43-08:00]
rchar: 144409305336
wchar: 43717892143
syscr: 17474973
syscw: 1626900
read_bytes: 21627853312
write_bytes: 43722395648
cancelled_write_bytes: 0

[2020-01-21T03:38:46-08:00]
rchar: 145149585556
wchar: 44013496860
syscr: 17564647
syscw: 1632771
read_bytes: 21665298944
write_bytes: 44018020352
cancelled_write_bytes: 0

[2020-01-21T03:38:49-08:00]
rchar: 146959312503
wchar: 44620057180
syscr: 17784078
syscw: 1645985
read_bytes: 21751400960
write_bytes: 44624617472
cancelled_write_bytes: 0

[2020-01-21T03:38:52-08:00]
rchar: 148643770144
wchar: 45192271884
syscr: 17987829
syscw: 1660010
read_bytes: 21847906816
write_bytes: 45196877824
cancelled_write_bytes: 0

[2020-01-21T03:38:55-08:00]
rchar: 149505199129
wchar: 45525084578
syscr: 18092243
syscw: 1671110
read_bytes: 21936368128
write_bytes: 45529731072
cancelled_write_bytes: 0

[2020-01-21T03:38:58-08:00]
rchar: 149916785840
wchar: 45828573202
syscr: 18142052
syscw: 1676693
read_bytes: 21974170112
write_bytes: 45833732096
cancelled_write_bytes: 0

[2020-01-21T03:39:01-08:00]
rchar: 151362182977
wchar: 46316842095
syscr: 18317264
syscw: 1692624
read_bytes: 22092405248
write_bytes: 46321594368
cancelled_write_bytes: 0

[2020-01-21T03:39:04-08:00]
rchar: 152793860401
wchar: 46817488171
syscr: 18490842
syscw: 1708747
read_bytes: 22208018944
write_bytes: 46822678528
cancelled_write_bytes: 0

[2020-01-21T03:39:07-08:00]
rchar: 153365196315
wchar: 47054155395
syscr: 18560087
syscw: 1715381
read_bytes: 22250588672
write_bytes: 47058980864
cancelled_write_bytes: 0

[2020-01-21T03:39:10-08:00]
rchar: 154553794314
wchar: 47562245331
syscr: 18704091
syscw: 1728321
read_bytes: 22339803648
write_bytes: 47567130624
cancelled_write_bytes: 0

[2020-01-21T03:39:13-08:00]
rchar: 156331999039
wchar: 47874951434
syscr: 18919708
syscw: 1746644
read_bytes: 22555974144
write_bytes: 47879856128
cancelled_write_bytes: 0

[2020-01-21T03:39:16-08:00]
rchar: 157286909264
wchar: 48033199277
syscr: 19035497
syscw: 1756707
read_bytes: 22678149632
write_bytes: 48038113280
cancelled_write_bytes: 0

[2020-01-21T03:39:19-08:00]
rchar: 158126845417
wchar: 48347761451
syscr: 19137194
syscw: 1765181
read_bytes: 22753204736
write_bytes: 48352702464
cancelled_write_bytes: 0

[2020-01-21T03:39:22-08:00]
rchar: 160039657737
wchar: 48849260084
syscr: 19369100
syscw: 1781323
read_bytes: 22865848832
write_bytes: 48854261760
cancelled_write_bytes: 0

[2020-01-21T03:39:25-08:00]
rchar: 161891097225
wchar: 49325108813
syscr: 19593553
syscw: 1797583
read_bytes: 22977112576
write_bytes: 49330171904
cancelled_write_bytes: 0

[2020-01-21T03:39:28-08:00]
rchar: 162526669923
wchar: 49692942092
syscr: 19670590
syscw: 1803590
read_bytes: 23012071936
write_bytes: 49698045952
cancelled_write_bytes: 0

[2020-01-21T03:39:31-08:00]
rchar: 163884110893
wchar: 50042138996
syscr: 19835094
syscw: 1814598
read_bytes: 23080421888
write_bytes: 50047295488
cancelled_write_bytes: 0

[2020-01-21T03:39:34-08:00]
rchar: 165811283618
wchar: 50656067119
syscr: 20068728
syscw: 1828953
read_bytes: 23167310336
write_bytes: 50661257216
cancelled_write_bytes: 0

[2020-01-21T03:39:37-08:00]
rchar: 167440600911
wchar: 51190015034
syscr: 20266288
syscw: 1841108
read_bytes: 23240350208
write_bytes: 51195236352
cancelled_write_bytes: 0

[2020-01-21T03:39:40-08:00]
rchar: 168140683132
wchar: 51460410685
syscr: 20350680
syscw: 1848656
read_bytes: 23291324928
write_bytes: 51465662464
cancelled_write_bytes: 0

[2020-01-21T03:39:43-08:00]
rchar: 169004069532
wchar: 51933958745
syscr: 20455257
syscw: 1859283
read_bytes: 23357213184
write_bytes: 51939270656
cancelled_write_bytes: 0

[2020-01-21T03:39:47-08:00]
rchar: 170191503444
wchar: 52341431051
syscr: 20599209
syscw: 1872374
read_bytes: 23442176512
write_bytes: 52346793984
cancelled_write_bytes: 0

[2020-01-21T03:39:50-08:00]
rchar: 171654098428
wchar: 52841773767
syscr: 20776515
syscw: 1888541
read_bytes: 23550675456
write_bytes: 52847181824
cancelled_write_bytes: 0

[2020-01-21T03:39:53-08:00]
rchar: 172317686515
wchar: 53290380112
syscr: 20856943
syscw: 1896088
read_bytes: 23594400256
write_bytes: 53295828992
cancelled_write_bytes: 0

[2020-01-21T03:39:56-08:00]
rchar: 173361159488
wchar: 53588847588
syscr: 20983369
syscw: 1906675
read_bytes: 23659657728
write_bytes: 53594337280
cancelled_write_bytes: 0

[2020-01-21T03:39:59-08:00]
rchar: 175080130840
wchar: 54063094259
syscr: 21191773
syscw: 1923114
read_bytes: 23773104640
write_bytes: 54068649984
cancelled_write_bytes: 0

[2020-01-21T03:40:02-08:00]
rchar: 176331232407
wchar: 54467295181
syscr: 21343409
syscw: 1935677
read_bytes: 23850850816
write_bytes: 54472892416
cancelled_write_bytes: 0

[2020-01-21T03:40:05-08:00]
rchar: 176988629907
wchar: 54868522797
syscr: 21423012
syscw: 1942814
read_bytes: 23890680320
write_bytes: 54874165248
cancelled_write_bytes: 0

[2020-01-21T03:40:08-08:00]
rchar: 178309485106
wchar: 55242280915
syscr: 21583137
syscw: 1954707
read_bytes: 23961340416
write_bytes: 55247978496
cancelled_write_bytes: 0

[2020-01-21T03:40:11-08:00]
rchar: 180054949328
wchar: 55699968986
syscr: 21794731
syscw: 1970014
read_bytes: 24058673664
write_bytes: 55705718784
cancelled_write_bytes: 0

[2020-01-21T03:40:14-08:00]
rchar: 181632403991
wchar: 56019439647
syscr: 21985969
syscw: 1984083
read_bytes: 24176986624
write_bytes: 56025239552
cancelled_write_bytes: 0

[2020-01-21T03:40:17-08:00]
rchar: 182495036329
wchar: 56431895460
syscr: 22090471
syscw: 1991736
read_bytes: 24221579776
write_bytes: 56437723136
cancelled_write_bytes: 0

[2020-01-21T03:40:20-08:00]
rchar: 183990486450
wchar: 56908618505
syscr: 22271794
syscw: 2003018
read_bytes: 24284240384
write_bytes: 56914481152
cancelled_write_bytes: 0

[2020-01-21T03:40:23-08:00]
rchar: 185957243176
wchar: 57522317101
syscr: 22510182
syscw: 2018087
read_bytes: 24368798208
write_bytes: 57528221696
cancelled_write_bytes: 0

[2020-01-21T03:40:26-08:00]
rchar: 186894566024
wchar: 57858192992
syscr: 22623425
syscw: 2030827
read_bytes: 24453462528
write_bytes: 57864142848
cancelled_write_bytes: 0

[2020-01-21T03:40:29-08:00]
rchar: 187492018839
wchar: 58232019839
syscr: 22695773
syscw: 2038886
read_bytes: 24499534336
write_bytes: 58238025728
cancelled_write_bytes: 0

[2020-01-21T03:40:32-08:00]
rchar: 188511865414
wchar: 58602931934
syscr: 22819392
syscw: 2050372
read_bytes: 24566266368
write_bytes: 58608975872
cancelled_write_bytes: 0

[2020-01-21T03:40:35-08:00]
rchar: 189955889453
wchar: 59069199707
syscr: 22994445
syscw: 2066315
read_bytes: 24667851264
write_bytes: 59075293184
cancelled_write_bytes: 0

[2020-01-21T03:40:38-08:00]
rchar: 190965759434
wchar: 59484356720
syscr: 23116870
syscw: 2077847
read_bytes: 24739289600
write_bytes: 59490488320
cancelled_write_bytes: 0

[2020-01-21T03:40:41-08:00]
rchar: 191553791978
wchar: 59776264738
syscr: 23188071
syscw: 2084290
read_bytes: 24774269440
write_bytes: 59782422528
cancelled_write_bytes: 0

[2020-01-21T03:40:44-08:00]
rchar: 193375275529
wchar: 60299185584
syscr: 23408898
syscw: 2102266
read_bytes: 24880372224
write_bytes: 60305395712
cancelled_write_bytes: 0

[2020-01-21T03:40:47-08:00]
rchar: 194755671115
wchar: 60710373367
syscr: 23576236
syscw: 2116161
read_bytes: 24962796032
write_bytes: 60716625920
cancelled_write_bytes: 0

[2020-01-21T03:40:50-08:00]
rchar: 195519441935
wchar: 61069331978
syscr: 23668807
syscw: 2124600
read_bytes: 25008146944
write_bytes: 61075632128
cancelled_write_bytes: 0

[2020-01-21T03:40:53-08:00]
rchar: 197172890046
wchar: 61574200673
syscr: 23869199
syscw: 2139322
read_bytes: 25092430336
write_bytes: 61580546048
cancelled_write_bytes: 0

[2020-01-21T03:40:56-08:00]
rchar: 199155571134
wchar: 61927238485
syscr: 24109545
syscw: 2156736
read_bytes: 25236933120
write_bytes: 61933932544
cancelled_write_bytes: 0

[2020-01-21T03:40:59-08:00]
rchar: 200086920843
wchar: 62079546356
syscr: 24222475
syscw: 2165169
read_bytes: 25317886464
write_bytes: 62085951488
cancelled_write_bytes: 0

[2020-01-21T03:41:02-08:00]
rchar: 201383776236
wchar: 62445005611
syscr: 24379623
syscw: 2176682
read_bytes: 25414142464
write_bytes: 62451462144
cancelled_write_bytes: 0

[2020-01-21T03:41:05-08:00]
rchar: 203390379572
wchar: 63060335904
syscr: 24622913
syscw: 2191616
read_bytes: 25498212864
write_bytes: 63066836992
cancelled_write_bytes: 0

[2020-01-21T03:41:08-08:00]
rchar: 205343331164
wchar: 63683553202
syscr: 24859711
syscw: 2206204
read_bytes: 25574332928
write_bytes: 63690932224
cancelled_write_bytes: 0

[2020-01-21T03:41:11-08:00]
rchar: 205942760383
wchar: 63906441824
syscr: 24931883
syscw: 2211806
read_bytes: 25606158848
write_bytes: 63913000960
cancelled_write_bytes: 0

[2020-01-21T03:41:14-08:00]
rchar: 206663644236
wchar: 64356790856
syscr: 25019178
syscw: 2220439
read_bytes: 25650530816
write_bytes: 64363393024
cancelled_write_bytes: 0

[2020-01-21T03:41:17-08:00]
rchar: 207883174615
wchar: 64752531697
syscr: 25167010
syscw: 2234301
read_bytes: 25727306240
write_bytes: 64759181312
cancelled_write_bytes: 0

[2020-01-21T03:41:20-08:00]
rchar: 209416417350
wchar: 65321487479
syscr: 25352875
syscw: 2251076
read_bytes: 25821256192
write_bytes: 65328185344
cancelled_write_bytes: 0

[2020-01-21T03:41:23-08:00]
rchar: 210033778448
wchar: 65582191643
syscr: 25427742
syscw: 2257307
read_bytes: 25855441408
write_bytes: 65588916224
cancelled_write_bytes: 0

[2020-01-21T03:41:26-08:00]
rchar: 210933102829
wchar: 66018995784
syscr: 25536675
syscw: 2266906
read_bytes: 25906579968
write_bytes: 66026000384
cancelled_write_bytes: 0

[2020-01-21T03:41:29-08:00]
rchar: 212430011673
wchar: 66455560609
syscr: 25718112
syscw: 2281633
read_bytes: 25988217344
write_bytes: 66462380032
cancelled_write_bytes: 0

[2020-01-21T03:41:32-08:00]
rchar: 213814066501
wchar: 66841369134
syscr: 25885913
syscw: 2295476
read_bytes: 26066094592
write_bytes: 66848251904
cancelled_write_bytes: 0

[2020-01-21T03:41:35-08:00]
rchar: 214588902786
wchar: 67111270387
syscr: 25979845
syscw: 2302582
read_bytes: 26104678912
write_bytes: 67118174208
cancelled_write_bytes: 0

[2020-01-21T03:41:38-08:00]
rchar: 215678122649
wchar: 67576993493
syscr: 26111806
syscw: 2312822
read_bytes: 26157124096
write_bytes: 67583950848
cancelled_write_bytes: 0

[2020-01-21T03:41:41-08:00]
rchar: 217433982864
wchar: 68029994267
syscr: 26324650
syscw: 2328187
read_bytes: 26239969792
write_bytes: 68037001216
cancelled_write_bytes: 0

[2020-01-21T03:41:44-08:00]
rchar: 218919183111
wchar: 68424494642
syscr: 26504701
syscw: 2341510
read_bytes: 26309745152
write_bytes: 68432576512
cancelled_write_bytes: 0

[2020-01-21T03:41:47-08:00]
rchar: 219931294006
wchar: 68859420097
syscr: 26627404
syscw: 2351061
read_bytes: 26361719296
write_bytes: 68866502656
cancelled_write_bytes: 0

[2020-01-21T03:41:50-08:00]
rchar: 221974388446
wchar: 69139648177
syscr: 26875026
syscw: 2367300
read_bytes: 26501990912
write_bytes: 69146763264
cancelled_write_bytes: 0

[2020-01-21T03:41:53-08:00]
rchar: 223524519925
wchar: 69638991497
syscr: 27062983
syscw: 2378865
read_bytes: 26558298624
write_bytes: 69646143488
cancelled_write_bytes: 0

[2020-01-21T03:41:56-08:00]
rchar: 225538222168
wchar: 70261001539
syscr: 27306687
syscw: 2393975
read_bytes: 26631830016
write_bytes: 70268198912
cancelled_write_bytes: 0

[2020-01-21T03:41:59-08:00]
rchar: 225707137106
wchar: 70534527579
syscr: 27327162
syscw: 2396295
read_bytes: 26640595456
write_bytes: 70541750272
cancelled_write_bytes: 0

[2020-01-21T03:42:02-08:00]
rchar: 227018523710
wchar: 70964180600
syscr: 27486062
syscw: 2411070
read_bytes: 26719193600
write_bytes: 70971469824
cancelled_write_bytes: 0

[2020-01-21T03:42:05-08:00]
rchar: 228629491966
wchar: 71520976270
syscr: 27681363
syscw: 2429518
read_bytes: 26813012480
write_bytes: 71528329216
cancelled_write_bytes: 0

[2020-01-21T03:42:08-08:00]
rchar: 229567138838
wchar: 71885239219
syscr: 27795006
syscw: 2440459
read_bytes: 26865371648
write_bytes: 71892627456
cancelled_write_bytes: 0

[2020-01-21T03:42:11-08:00]
rchar: 230586099325
wchar: 72309153833
syscr: 27918452
syscw: 2452123
read_bytes: 26923190784
write_bytes: 72316588032
cancelled_write_bytes: 0

[2020-01-21T03:42:14-08:00]
rchar: 231777077859
wchar: 72679295413
syscr: 28062824
syscw: 2464144
read_bytes: 26980043264
write_bytes: 72686772224
cancelled_write_bytes: 0

[2020-01-21T03:42:17-08:00]
rchar: 233561849151
wchar: 73179778761
syscr: 28279187
syscw: 2481745
read_bytes: 27074308608
write_bytes: 73188274176
cancelled_write_bytes: 0

[2020-01-21T03:42:20-08:00]
rchar: 234092939374
wchar: 73473041106
syscr: 28343589
syscw: 2486782
read_bytes: 27097717248
write_bytes: 73480904704
cancelled_write_bytes: 0

[2020-01-21T03:42:23-08:00]
rchar: 235499789314
wchar: 73846351935
syscr: 28514046
syscw: 2499419
read_bytes: 27187571200
write_bytes: 73853935616
cancelled_write_bytes: 0

[2020-01-21T03:42:26-08:00]
rchar: 236997879271
wchar: 74223299835
syscr: 28695669
syscw: 2512835
read_bytes: 27258714624
write_bytes: 74230931456
cancelled_write_bytes: 0

[2020-01-21T03:42:29-08:00]
rchar: 238817910612
wchar: 74698969896
syscr: 28916338
syscw: 2529365
read_bytes: 27338926592
write_bytes: 74706640896
cancelled_write_bytes: 0

[2020-01-21T03:42:32-08:00]
rchar: 239368787029
wchar: 74942125425
syscr: 28983006
syscw: 2535599
read_bytes: 27376224768
write_bytes: 74949844992
cancelled_write_bytes: 0

[2020-01-21T03:42:35-08:00]
rchar: 241623712602
wchar: 75231763517
syscr: 29256419
syscw: 2553438
read_bytes: 27525196288
write_bytes: 75239501824
cancelled_write_bytes: 0

[2020-01-21T03:42:38-08:00]
rchar: 243816238616
wchar: 75728085755
syscr: 29522237
syscw: 2570448
read_bytes: 27630791168
write_bytes: 75735859200
cancelled_write_bytes: 0

[2020-01-21T03:42:41-08:00]
rchar: 244857197630
wchar: 76209501398
syscr: 29648375
syscw: 2578725
read_bytes: 27665869312
write_bytes: 76217319424
cancelled_write_bytes: 0

[2020-01-21T03:42:44-08:00]
rchar: 246202897119
wchar: 76561513027
syscr: 29811540
syscw: 2588324
read_bytes: 27706898944
write_bytes: 76569341952
cancelled_write_bytes: 0

[2020-01-21T03:42:47-08:00]
rchar: 248141199128
wchar: 77112955576
syscr: 30046046
syscw: 2605877
read_bytes: 27790584320
write_bytes: 77120831488
cancelled_write_bytes: 0

[2020-01-21T03:42:50-08:00]
rchar: 249364297555
wchar: 77521094148
syscr: 30194304
syscw: 2619607
read_bytes: 27860707840
write_bytes: 77529014272
cancelled_write_bytes: 0

[2020-01-21T03:42:53-08:00]
rchar: 249708061370
wchar: 77792405060
syscr: 30235888
syscw: 2624604
read_bytes: 27880962560
write_bytes: 77800353792
cancelled_write_bytes: 0

[2020-01-21T03:42:56-08:00]
rchar: 251557706374
wchar: 78269478846
syscr: 30460146
syscw: 2642694
read_bytes: 27972119040
write_bytes: 78277468160
cancelled_write_bytes: 0

[2020-01-21T03:42:59-08:00]
rchar: 253485808421
wchar: 78754848939
syscr: 30693874
syscw: 2661730
read_bytes: 28069710336
write_bytes: 78762881024
cancelled_write_bytes: 0

[2020-01-21T03:43:02-08:00]
rchar: 253967532145
wchar: 79079740298
syscr: 30752263
syscw: 2667339
read_bytes: 28092226048
write_bytes: 79087812608
cancelled_write_bytes: 0

[2020-01-21T03:43:05-08:00]
rchar: 255681858461
wchar: 79511489493
syscr: 30960015
syscw: 2682496
read_bytes: 28162091520
write_bytes: 79519617024
cancelled_write_bytes: 0

[2020-01-21T03:43:08-08:00]
rchar: 257790468043
wchar: 80028848864
syscr: 31215665
syscw: 2700663
read_bytes: 28249627136
write_bytes: 80037031936
cancelled_write_bytes: 0

[2020-01-21T03:43:11-08:00]
rchar: 258707507979
wchar: 80309084465
syscr: 31326798
syscw: 2709294
read_bytes: 28284668416
write_bytes: 80317300736
cancelled_write_bytes: 0

[2020-01-21T03:43:14-08:00]
rchar: 260330416644
wchar: 80813765355
syscr: 31523498
syscw: 2722930
read_bytes: 28346882560
write_bytes: 80822681600
cancelled_write_bytes: 0

[2020-01-21T03:43:17-08:00]
rchar: 261612873983
wchar: 81203994233
syscr: 31678943
syscw: 2733014
read_bytes: 28387822080
write_bytes: 81212293120
cancelled_write_bytes: 0

[2020-01-21T03:43:20-08:00]
rchar: 263727301372
wchar: 81840939569
syscr: 31935321
syscw: 2749056
read_bytes: 28455688704
write_bytes: 81849278464
cancelled_write_bytes: 0

[2020-01-21T03:43:23-08:00]
rchar: 264827906671
wchar: 82205935259
syscr: 32068775
syscw: 2757635
read_bytes: 28489566720
write_bytes: 82214289408
cancelled_write_bytes: 0

[2020-01-21T03:43:26-08:00]
rchar: 265735999996
wchar: 82836326051
syscr: 32178304
syscw: 2764807
read_bytes: 28529848832
write_bytes: 82844753920
cancelled_write_bytes: 0

[2020-01-21T03:43:29-08:00]
rchar: 266358992060
wchar: 83250073446
syscr: 32253846
syscw: 2769343
read_bytes: 28567990784
write_bytes: 83258507264
cancelled_write_bytes: 0

[2020-01-21T03:43:32-08:00]
rchar: 267354549503
wchar: 83884274437
syscr: 32374543
syscw: 2776937
read_bytes: 28654146048
write_bytes: 83892785152
cancelled_write_bytes: 0

[2020-01-21T03:43:35-08:00]
rchar: 268016170219
wchar: 84287842208
syscr: 32454756
syscw: 2782603
read_bytes: 28713443840
write_bytes: 84296388608
cancelled_write_bytes: 0

[2020-01-21T03:43:38-08:00]
rchar: 268877539843
wchar: 84790291846
syscr: 32559111
syscw: 2789901
read_bytes: 28816445952
write_bytes: 84799209472
cancelled_write_bytes: 0

[2020-01-21T03:43:41-08:00]
rchar: 269678290728
wchar: 85200865052
syscr: 32656192
syscw: 2798336
read_bytes: 28955435520
write_bytes: 85209518080
cancelled_write_bytes: 0

[2020-01-21T03:43:44-08:00]
rchar: 270480567940
wchar: 85588248588
syscr: 32753479
syscw: 2806869
read_bytes: 29109453312
write_bytes: 85596975104
cancelled_write_bytes: 0

[2020-01-21T03:43:47-08:00]
rchar: 271411560685
wchar: 86051121815
syscr: 32866378
syscw: 2815939
read_bytes: 29293445632
write_bytes: 86059876352
cancelled_write_bytes: 0

[2020-01-21T03:43:50-08:00]
rchar: 271855813215
wchar: 86394733432
syscr: 32920253
syscw: 2821234
read_bytes: 29359432192
write_bytes: 86403510272
cancelled_write_bytes: 0

[2020-01-21T03:43:53-08:00]
rchar: 272751193523
wchar: 86895930650
syscr: 33028757
syscw: 2829297
read_bytes: 29468910080
write_bytes: 86904766464
cancelled_write_bytes: 0

[2020-01-21T03:43:56-08:00]
rchar: 273894733140
wchar: 87444973245
syscr: 33167399
syscw: 2838879
read_bytes: 29631291904
write_bytes: 87453851648
cancelled_write_bytes: 0

[2020-01-21T03:43:59-08:00]
rchar: 274758533827
wchar: 87815043471
syscr: 33272114
syscw: 2847121
read_bytes: 29766783488
write_bytes: 87823962112
cancelled_write_bytes: 0

[2020-01-21T03:44:02-08:00]
rchar: 275927125091
wchar: 88380589008
syscr: 33413805
syscw: 2856675
read_bytes: 29922980352
write_bytes: 88389582848
cancelled_write_bytes: 0

[2020-01-21T03:44:05-08:00]
rchar: 276889761845
wchar: 88766684626
syscr: 33530491
syscw: 2866008
read_bytes: 30075437568
write_bytes: 88775737344
cancelled_write_bytes: 0

[2020-01-21T03:44:08-08:00]
rchar: 277484294508
wchar: 89004958858
syscr: 33602403
syscw: 2871958
read_bytes: 30144483840
write_bytes: 89014079488
cancelled_write_bytes: 0

[2020-01-21T03:44:11-08:00]
rchar: 278305825963
wchar: 89386577967
syscr: 33701935
syscw: 2880545
read_bytes: 30234612224
write_bytes: 89395716096
cancelled_write_bytes: 0

[2020-01-21T03:44:14-08:00]
rchar: 280180281670
wchar: 89792650858
syscr: 33929082
syscw: 2896581
read_bytes: 30409433600
write_bytes: 89801863168
cancelled_write_bytes: 0

[2020-01-21T03:44:17-08:00]
rchar: 282101592766
wchar: 90056194438
syscr: 34161960
syscw: 2915012
read_bytes: 30493147648
write_bytes: 90065420288
cancelled_write_bytes: 0

[2020-01-21T03:44:20-08:00]
rchar: 283482360215
wchar: 90553234764
syscr: 34329251
syscw: 2927112
read_bytes: 30535983616
write_bytes: 90562957312
cancelled_write_bytes: 0

[2020-01-21T03:44:23-08:00]
rchar: 284840847782
wchar: 90956044549
syscr: 34493966
syscw: 2937945
read_bytes: 30572741120
write_bytes: 90965344256
cancelled_write_bytes: 0

[2020-01-21T03:44:26-08:00]
rchar: 287083602501
wchar: 91535926400
syscr: 34765904
syscw: 2955557
read_bytes: 30637601280
write_bytes: 91545268224
cancelled_write_bytes: 0

[2020-01-21T03:44:29-08:00]
rchar: 288009269328
wchar: 91812194953
syscr: 34877668
syscw: 2963923
read_bytes: 30666965504
write_bytes: 91821551616
cancelled_write_bytes: 0

[2020-01-21T03:44:32-08:00]
rchar: 288947652242
wchar: 92301783253
syscr: 34991334
syscw: 2975645
read_bytes: 30709527040
write_bytes: 92311199744
cancelled_write_bytes: 0

[2020-01-21T03:44:35-08:00]
rchar: 290727878894
wchar: 92816849264
syscr: 35207160
syscw: 2995144
read_bytes: 30788395520
write_bytes: 92826333184
cancelled_write_bytes: 0

[2020-01-21T03:44:38-08:00]
rchar: 291838120756
wchar: 93184892266
syscr: 35341759
syscw: 3006933
read_bytes: 30835483136
write_bytes: 93194412032
cancelled_write_bytes: 0

[2020-01-21T03:44:41-08:00]
rchar: 292615028790
wchar: 93535007519
syscr: 35435848
syscw: 3016058
read_bytes: 30868652544
write_bytes: 93544566784
cancelled_write_bytes: 0

[2020-01-21T03:44:44-08:00]
rchar: 294317072790
wchar: 93981243825
syscr: 35642217
syscw: 3032045
read_bytes: 30931501568
write_bytes: 93990842368
cancelled_write_bytes: 0

[2020-01-21T03:44:47-08:00]
rchar: 295819878264
wchar: 94396676564
syscr: 35824371
syscw: 3047291
read_bytes: 30986072576
write_bytes: 94406328320
cancelled_write_bytes: 0

[2020-01-21T03:44:50-08:00]
rchar: 296670005935
wchar: 94817851995
syscr: 35927458
syscw: 3055950
read_bytes: 31016169984
write_bytes: 94827524096
cancelled_write_bytes: 0

[2020-01-21T03:44:53-08:00]
rchar: 298199882449
wchar: 95134746239
syscr: 36112829
syscw: 3069469
read_bytes: 31067562496
write_bytes: 95144468480
cancelled_write_bytes: 0

[2020-01-21T03:44:56-08:00]
rchar: 300162101755
wchar: 95581767040
syscr: 36350728
syscw: 3086887
read_bytes: 31131234816
write_bytes: 95591530496
cancelled_write_bytes: 0

[2020-01-21T03:44:59-08:00]
rchar: 301382293625
wchar: 95906921564
syscr: 36498631
syscw: 3097957
read_bytes: 31168692736
write_bytes: 95916716032
cancelled_write_bytes: 0

[2020-01-21T03:45:02-08:00]
rchar: 302214921993
wchar: 96252691832
syscr: 36599472
syscw: 3106219
read_bytes: 31195165184
write_bytes: 96262529024
cancelled_write_bytes: 0

[2020-01-21T03:45:05-08:00]
rchar: 304579009971
wchar: 96832618085
syscr: 36886117
syscw: 3124567
read_bytes: 31258808832
write_bytes: 96842502144
cancelled_write_bytes: 0

[2020-01-21T03:45:08-08:00]
rchar: 306289665231
wchar: 97304365857
syscr: 37093536
syscw: 3137762
read_bytes: 31303016960
write_bytes: 97314283520
cancelled_write_bytes: 0

[2020-01-21T03:45:11-08:00]
rchar: 307514970698
wchar: 97683833573
syscr: 37242109
syscw: 3147445
read_bytes: 31334126080
write_bytes: 97693782016
cancelled_write_bytes: 0

[2020-01-21T03:45:14-08:00]
rchar: 308472831588
wchar: 98238277838
syscr: 37357597
syscw: 3155494
read_bytes: 31365362176
write_bytes: 98248273920
cancelled_write_bytes: 0

[2020-01-21T03:45:17-08:00]
rchar: 309421680878
wchar: 98862423996
syscr: 37472650
syscw: 3162547
read_bytes: 31402066432
write_bytes: 98872434688
cancelled_write_bytes: 0

[2020-01-21T03:45:20-08:00]
rchar: 310176514024
wchar: 99342139665
syscr: 37564182
syscw: 3168495
read_bytes: 31437328896
write_bytes: 99352223744
cancelled_write_bytes: 0

[2020-01-21T03:45:23-08:00]
rchar: 310867802840
wchar: 99776371102
syscr: 37647857
syscw: 3174574
read_bytes: 31477109248
write_bytes: 99786534912
cancelled_write_bytes: 0

[2020-01-21T03:45:26-08:00]
rchar: 311833850400
wchar: 100155491986
syscr: 37764983
syscw: 3185337
read_bytes: 31616700928
write_bytes: 100165713920
cancelled_write_bytes: 0

[2020-01-21T03:45:29-08:00]
rchar: 312957268814
wchar: 100591525118
syscr: 37901213
syscw: 3198045
read_bytes: 31776543232
write_bytes: 100601757696
cancelled_write_bytes: 0

[2020-01-21T03:45:32-08:00]
rchar: 313493621248
wchar: 100951374901
syscr: 37966261
syscw: 3205441
read_bytes: 31846035968
write_bytes: 100961652736
cancelled_write_bytes: 0

[2020-01-21T03:45:35-08:00]
rchar: 314698157430
wchar: 101345181821
syscr: 38112240
syscw: 3217275
read_bytes: 31989674496
write_bytes: 101355474944
cancelled_write_bytes: 0

[2020-01-21T03:45:38-08:00]
rchar: 316340729874
wchar: 101910378114
syscr: 38311425
syscw: 3232344
read_bytes: 32192369152
write_bytes: 101920751616
cancelled_write_bytes: 0

[2020-01-21T03:45:41-08:00]
rchar: 317486456997
wchar: 102250154714
syscr: 38450330
syscw: 3244719
read_bytes: 32317424128
write_bytes: 102260576256
cancelled_write_bytes: 0

[2020-01-21T03:45:44-08:00]
rchar: 318398851578
wchar: 102695112638
syscr: 38560885
syscw: 3254706
read_bytes: 32415592960
write_bytes: 102705545216
cancelled_write_bytes: 0

[2020-01-21T03:45:47-08:00]
rchar: 319686419557
wchar: 103018113986
syscr: 38716886
syscw: 3266551
read_bytes: 32526295552
write_bytes: 103028633600
cancelled_write_bytes: 0

[2020-01-21T03:45:51-08:00]
rchar: 321741952121
wchar: 103440847422
syscr: 38965937
syscw: 3283829
read_bytes: 32686694912
write_bytes: 103451418624
cancelled_write_bytes: 0

[2020-01-21T03:45:54-08:00]
rchar: 322875906480
wchar: 103743247608
syscr: 39103434
syscw: 3293940
read_bytes: 32724128256
write_bytes: 103753834496
cancelled_write_bytes: 0

[2020-01-21T03:45:57-08:00]
rchar: 324298716419
wchar: 104097549710
syscr: 39275844
syscw: 3305129
read_bytes: 32759177728
write_bytes: 104108175360
cancelled_write_bytes: 0

[2020-01-21T03:46:00-08:00]
rchar: 326532996697
wchar: 104684493323
syscr: 39546755
syscw: 3322401
read_bytes: 32810992128
write_bytes: 104695152640
cancelled_write_bytes: 0

[2020-01-21T03:46:03-08:00]
rchar: 328043562547
wchar: 105093980468
syscr: 39729914
syscw: 3334690
read_bytes: 32845025792
write_bytes: 105104666624
cancelled_write_bytes: 0

[2020-01-21T03:46:06-08:00]
rchar: 328983554662
wchar: 105596085423
syscr: 39843399
syscw: 3341615
read_bytes: 32864117248
write_bytes: 105606807552
cancelled_write_bytes: 0

[2020-01-21T03:46:09-08:00]
rchar: 329604582577
wchar: 106116848226
syscr: 39918705
syscw: 3347069
read_bytes: 32876945920
write_bytes: 106127581184
cancelled_write_bytes: 0

[2020-01-21T03:46:12-08:00]
rchar: 330331989674
wchar: 106687646436
syscr: 40006836
syscw: 3351622
read_bytes: 32887869952
write_bytes: 106698448896
cancelled_write_bytes: 0

[2020-01-21T03:46:15-08:00]
rchar: 331184236792
wchar: 107266468187
syscr: 40110161
syscw: 3357168
read_bytes: 32900301312
write_bytes: 107277357056
cancelled_write_bytes: 0

[2020-01-21T03:46:18-08:00]
rchar: 331844365652
wchar: 107725030511
syscr: 40190159
syscw: 3361644
read_bytes: 32910549504
write_bytes: 107735961600
cancelled_write_bytes: 0

[2020-01-21T03:46:21-08:00]
rchar: 332603614643
wchar: 108263266573
syscr: 40282064
syscw: 3366648
read_bytes: 32921354752
write_bytes: 108274294784
cancelled_write_bytes: 0

[2020-01-21T03:46:24-08:00]
rchar: 333254958754
wchar: 108720590336
syscr: 40361025
syscw: 3370860
read_bytes: 32930669056
write_bytes: 108731682816
cancelled_write_bytes: 0

[2020-01-21T03:46:27-08:00]
rchar: 334088641901
wchar: 109288283468
syscr: 40462125
syscw: 3376484
read_bytes: 32943899136
write_bytes: 109299404800
cancelled_write_bytes: 0

[2020-01-21T03:46:30-08:00]
rchar: 334937470279
wchar: 109876612683
syscr: 40564953
syscw: 3382430
read_bytes: 32957252096
write_bytes: 109887807488
cancelled_write_bytes: 0

[2020-01-21T03:46:33-08:00]
rchar: 335482775405
wchar: 110259834394
syscr: 40630995
syscw: 3386355
read_bytes: 32965665280
write_bytes: 110271111168
cancelled_write_bytes: 0

[2020-01-21T03:46:36-08:00]
rchar: 336369259847
wchar: 110576566634
syscr: 40738306
syscw: 3396934
read_bytes: 33000403456
write_bytes: 110587899904
cancelled_write_bytes: 0

[2020-01-21T03:46:39-08:00]
rchar: 336742291239
wchar: 110861063697
syscr: 40783457
syscw: 3402101
read_bytes: 33014989312
write_bytes: 110872424448
cancelled_write_bytes: 0

[2020-01-21T03:46:42-08:00]
rchar: 338792489838
wchar: 111400726730
syscr: 41032012
syscw: 3423408
read_bytes: 33082626560
write_bytes: 111412142080
cancelled_write_bytes: 0

[2020-01-21T03:46:45-08:00]
rchar: 340122463177
wchar: 111774877424
syscr: 41193220
syscw: 3437948
read_bytes: 33125782016
write_bytes: 111786332160
cancelled_write_bytes: 0

[2020-01-21T03:46:48-08:00]
rchar: 341096957235
wchar: 112199150609
syscr: 41311275
syscw: 3449103
read_bytes: 33156878848
write_bytes: 112210661376
cancelled_write_bytes: 0

[2020-01-21T03:46:51-08:00]
rchar: 342585016630
wchar: 112604420917
syscr: 41491667
syscw: 3463145
read_bytes: 33197064704
write_bytes: 112616902656
cancelled_write_bytes: 0

[2020-01-21T03:46:54-08:00]
rchar: 344797563097
wchar: 113077957687
syscr: 41759901
syscw: 3483814
read_bytes: 33269428736
write_bytes: 113089732608
cancelled_write_bytes: 0

[2020-01-21T03:46:57-08:00]
rchar: 345239695801
wchar: 113297019473
syscr: 41813512
syscw: 3489341
read_bytes: 33289105920
write_bytes: 113308622848
cancelled_write_bytes: 0

[2020-01-21T03:47:00-08:00]
rchar: 347557675765
wchar: 113550907560
syscr: 42094484
syscw: 3507188
read_bytes: 33391469056
write_bytes: 113562542080
cancelled_write_bytes: 0

[2020-01-21T03:47:03-08:00]
rchar: 349645036109
wchar: 113788818432
syscr: 42347575
syscw: 3523253
read_bytes: 33486598656
write_bytes: 113800466432
cancelled_write_bytes: 0

[2020-01-21T03:47:06-08:00]
rchar: 351510208091
wchar: 114240461451
syscr: 42573603
syscw: 3538027
read_bytes: 33546715648
write_bytes: 114252144640
cancelled_write_bytes: 0

[2020-01-21T03:47:09-08:00]
rchar: 353231583008
wchar: 114660626441
syscr: 42782323
syscw: 3551376
read_bytes: 33580540416
write_bytes: 114672336896
cancelled_write_bytes: 0

[2020-01-21T03:47:12-08:00]
rchar: 355332374886
wchar: 115194499783
syscr: 43037042
syscw: 3566751
read_bytes: 33620050432
write_bytes: 115207188480
cancelled_write_bytes: 0

[2020-01-21T03:47:15-08:00]
rchar: 356347638883
wchar: 115612662872
syscr: 43160144
syscw: 3575410
read_bytes: 33639870976
write_bytes: 115624419328
cancelled_write_bytes: 0

[2020-01-21T03:47:18-08:00]
rchar: 357942073321
wchar: 116107600250
syscr: 43352813
syscw: 3586785
read_bytes: 33681490432
write_bytes: 116119875584
cancelled_write_bytes: 0

[2020-01-21T03:47:21-08:00]
rchar: 358787162510
wchar: 116653867002
syscr: 43455285
syscw: 3594134
read_bytes: 33719566848
write_bytes: 116666040320
cancelled_write_bytes: 0

[2020-01-21T03:47:24-08:00]
rchar: 359581859092
wchar: 117147612857
syscr: 43551608
syscw: 3601402
read_bytes: 33759011328
write_bytes: 117159575552
cancelled_write_bytes: 0

[2020-01-21T03:47:27-08:00]
rchar: 360320990577
wchar: 117606446059
syscr: 43641229
syscw: 3608249
read_bytes: 33796305408
write_bytes: 117618425856
cancelled_write_bytes: 0

[2020-01-21T03:47:30-08:00]
rchar: 360927433229
wchar: 117970695409
syscr: 43714686
syscw: 3613942
read_bytes: 33830044160
write_bytes: 117982728192
cancelled_write_bytes: 0

[2020-01-21T03:47:33-08:00]
rchar: 361797029734
wchar: 118501019343
syscr: 43820141
syscw: 3621640
read_bytes: 33876300288
write_bytes: 118513090560
cancelled_write_bytes: 0

[2020-01-21T03:47:36-08:00]
rchar: 362706087127
wchar: 119053641954
syscr: 43930378
syscw: 3629873
read_bytes: 33928016384
write_bytes: 119065776128
cancelled_write_bytes: 0

[2020-01-21T03:47:39-08:00]
rchar: 362968034190
wchar: 119197983462
syscr: 43962143
syscw: 3633105
read_bytes: 33945772544
write_bytes: 119210119168
cancelled_write_bytes: 0

[2020-01-21T03:47:42-08:00]
rchar: 363988445860
wchar: 119894587130
syscr: 44085885
syscw: 3643085
read_bytes: 34008576512
write_bytes: 119906746368
cancelled_write_bytes: 0

[2020-01-21T03:47:45-08:00]
rchar: 364621227200
wchar: 120300639017
syscr: 44162538
syscw: 3649339
read_bytes: 34048074240
write_bytes: 120312836096
cancelled_write_bytes: 0

[2020-01-21T03:47:48-08:00]
rchar: 365607453346
wchar: 120819890090
syscr: 44282045
syscw: 3657967
read_bytes: 34103742976
write_bytes: 120832200704
cancelled_write_bytes: 0

[2020-01-21T03:47:51-08:00]
rchar: 366355732230
wchar: 121161412330
syscr: 44372602
syscw: 3665273
read_bytes: 34162663936
write_bytes: 121173819392
cancelled_write_bytes: 0

[2020-01-21T03:47:54-08:00]
rchar: 367636414656
wchar: 121735188450
syscr: 44527851
syscw: 3676553
read_bytes: 34303250944
write_bytes: 121747615744
cancelled_write_bytes: 0

[2020-01-21T03:47:57-08:00]
rchar: 368652574061
wchar: 122113276947
syscr: 44651080
syscw: 3687739
read_bytes: 34418754048
write_bytes: 122125742080
cancelled_write_bytes: 0

[2020-01-21T03:48:00-08:00]
rchar: 369171193721
wchar: 122444591054
syscr: 44713972
syscw: 3694749
read_bytes: 34469941760
write_bytes: 122457108480
cancelled_write_bytes: 0

[2020-01-21T03:48:03-08:00]
rchar: 370596491221
wchar: 122991758105
syscr: 44886719
syscw: 3706117
read_bytes: 34631774720
write_bytes: 123005837312
cancelled_write_bytes: 0

[2020-01-21T03:48:06-08:00]
rchar: 371809201212
wchar: 123402964427
syscr: 45033774
syscw: 3717204
read_bytes: 34754765312
write_bytes: 123415535616
cancelled_write_bytes: 0

[2020-01-21T03:48:09-08:00]
rchar: 373240387106
wchar: 123914258661
syscr: 45207326
syscw: 3729139
read_bytes: 34905469440
write_bytes: 123926896640
cancelled_write_bytes: 0

[2020-01-21T03:48:12-08:00]
rchar: 374477402410
wchar: 124345017344
syscr: 45357326
syscw: 3740241
read_bytes: 35031638528
write_bytes: 124357677056
cancelled_write_bytes: 0

[2020-01-21T03:48:15-08:00]
rchar: 375303424147
wchar: 124755609881
syscr: 45457408
syscw: 3749246
read_bytes: 35103244800
write_bytes: 124768858112
cancelled_write_bytes: 0

[2020-01-21T03:48:18-08:00]
rchar: 376705837074
wchar: 125176517993
syscr: 45627393
syscw: 3760116
read_bytes: 35225575936
write_bytes: 125189287936
cancelled_write_bytes: 0

[2020-01-21T03:48:21-08:00]
rchar: 378360725292
wchar: 125674296598
syscr: 45828015
syscw: 3773083
read_bytes: 35370738176
write_bytes: 125687099392
cancelled_write_bytes: 0

[2020-01-21T03:48:24-08:00]
rchar: 380046002980
wchar: 126154953811
syscr: 46032335
syscw: 3786729
read_bytes: 35511230976
write_bytes: 126167834624
cancelled_write_bytes: 0

[2020-01-21T03:48:27-08:00]
rchar: 380893691564
wchar: 126405544963
syscr: 46134883
syscw: 3795463
read_bytes: 35566936576
write_bytes: 126418464768
cancelled_write_bytes: 0

[2020-01-21T03:48:30-08:00]
rchar: 383533982057
wchar: 126700825395
syscr: 46454681
syscw: 3815100
read_bytes: 35630010880
write_bytes: 126713815040
cancelled_write_bytes: 0

[2020-01-21T03:48:33-08:00]
rchar: 386120745499
wchar: 127149627256
syscr: 46768325
syscw: 3833297
read_bytes: 35672752640
write_bytes: 127162638336
cancelled_write_bytes: 0

[2020-01-21T03:48:36-08:00]
rchar: 386624983499
wchar: 127471629609
syscr: 46829464
syscw: 3838044
read_bytes: 35679633920
write_bytes: 127484649472
cancelled_write_bytes: 0

[2020-01-21T03:48:39-08:00]
rchar: 386835663171
wchar: 127575085573
syscr: 46854932
syscw: 3839420
read_bytes: 35681300992
write_bytes: 127588139008
cancelled_write_bytes: 0

[2020-01-21T03:48:42-08:00]
rchar: 386835663171
wchar: 127575085573
syscr: 46854932
syscw: 3839420
read_bytes: 35681300992
write_bytes: 127588139008
cancelled_write_bytes: 0

[2020-01-21T03:48:45-08:00]
rchar: 386835663171
wchar: 127575085573
syscr: 46854932
syscw: 3839420
read_bytes: 35681300992
write_bytes: 127588139008
cancelled_write_bytes: 0

[2020-01-21T03:48:48-08:00]
rchar: 386835663171
wchar: 127575085573
syscr: 46854932
syscw: 3839420
read_bytes: 35681300992
write_bytes: 127588139008
cancelled_write_bytes: 0

[2020-01-21T03:48:51-08:00]
rchar: 386835663171
wchar: 127575085573
syscr: 46854932
syscw: 3839420
read_bytes: 35681300992
write_bytes: 127588147200
cancelled_write_bytes: 0

[2020-01-21T03:48:54-08:00]
rchar: 386835663171
wchar: 127575085573
syscr: 46854932
syscw: 3839420
read_bytes: 35681300992
write_bytes: 127588147200
cancelled_write_bytes: 0

