[2020-01-23T05:50:55-08:00]
rchar: 16583973
wchar: 209
syscr: 2824
syscw: 10
read_bytes: 708608
write_bytes: 61440
cancelled_write_bytes: 0

[2020-01-23T05:50:58-08:00]
rchar: 16583973
wchar: 209
syscr: 2824
syscw: 10
read_bytes: 708608
write_bytes: 69632
cancelled_write_bytes: 0

[2020-01-23T05:51:01-08:00]
rchar: 16583973
wchar: 209
syscr: 2824
syscw: 10
read_bytes: 708608
write_bytes: 69632
cancelled_write_bytes: 0

[2020-01-23T05:51:04-08:00]
rchar: 16583973
wchar: 209
syscr: 2824
syscw: 10
read_bytes: 708608
write_bytes: 86016
cancelled_write_bytes: 0

[2020-01-23T05:51:07-08:00]
rchar: 16583973
wchar: 209
syscr: 2824
syscw: 10
read_bytes: 708608
write_bytes: 86016
cancelled_write_bytes: 0

[2020-01-23T05:51:10-08:00]
rchar: 16583973
wchar: 209
syscr: 2824
syscw: 10
read_bytes: 708608
write_bytes: 94208
cancelled_write_bytes: 0

[2020-01-23T05:51:13-08:00]
rchar: 16583973
wchar: 209
syscr: 2824
syscw: 10
read_bytes: 708608
write_bytes: 94208
cancelled_write_bytes: 0

[2020-01-23T05:51:16-08:00]
rchar: 16583973
wchar: 209
syscr: 2824
syscw: 10
read_bytes: 708608
write_bytes: 102400
cancelled_write_bytes: 0

[2020-01-23T05:51:19-08:00]
rchar: 16583973
wchar: 209
syscr: 2824
syscw: 10
read_bytes: 708608
write_bytes: 118784
cancelled_write_bytes: 0

[2020-01-23T05:51:22-08:00]
rchar: 96033538
wchar: 8275336
syscr: 6439
syscw: 1261
read_bytes: 88159744
write_bytes: 8421376
cancelled_write_bytes: 0

[2020-01-23T05:51:25-08:00]
rchar: 473584727
wchar: 270739687
syscr: 31277
syscw: 7314
read_bytes: 529414656
write_bytes: 270901248
cancelled_write_bytes: 0

[2020-01-23T05:51:28-08:00]
rchar: 1018261171
wchar: 475951539
syscr: 97334
syscw: 30550
read_bytes: 1296308736
write_bytes: 476119040
cancelled_write_bytes: 0

[2020-01-23T05:51:31-08:00]
rchar: 1424001946
wchar: 839486101
syscr: 146452
syscw: 38392
read_bytes: 1521109504
write_bytes: 839684096
cancelled_write_bytes: 0

[2020-01-23T05:51:34-08:00]
rchar: 2252224912
wchar: 1143647090
syscr: 246885
syscw: 51938
read_bytes: 2060380672
write_bytes: 1144508416
cancelled_write_bytes: 0

[2020-01-23T05:51:37-08:00]
rchar: 2807418212
wchar: 1361633362
syscr: 314212
syscw: 62261
read_bytes: 2451753472
write_bytes: 1362440192
cancelled_write_bytes: 0

[2020-01-23T05:51:40-08:00]
rchar: 3693731604
wchar: 1798857574
syscr: 421599
syscw: 73502
read_bytes: 2913348096
write_bytes: 1799143424
cancelled_write_bytes: 0

[2020-01-23T05:51:43-08:00]
rchar: 4825263411
wchar: 2118449840
syscr: 558805
syscw: 86404
read_bytes: 3463182848
write_bytes: 2118754304
cancelled_write_bytes: 0

[2020-01-23T05:51:46-08:00]
rchar: 5262838931
wchar: 2239624154
syscr: 611866
syscw: 92639
read_bytes: 3673377280
write_bytes: 2239942656
cancelled_write_bytes: 0

[2020-01-23T05:51:49-08:00]
rchar: 6340783790
wchar: 2732502831
syscr: 742491
syscw: 102660
read_bytes: 3944884736
write_bytes: 2732855296
cancelled_write_bytes: 0

[2020-01-23T05:51:52-08:00]
rchar: 8188183813
wchar: 2903533255
syscr: 965965
syscw: 118378
read_bytes: 4454586880
write_bytes: 2903945216
cancelled_write_bytes: 0

[2020-01-23T05:51:55-08:00]
rchar: 9192732245
wchar: 3155585106
syscr: 1087678
syscw: 126516
read_bytes: 4686969344
write_bytes: 3156041728
cancelled_write_bytes: 0

[2020-01-23T05:51:58-08:00]
rchar: 11533273173
wchar: 3330776832
syscr: 1371459
syscw: 142077
read_bytes: 5188381184
write_bytes: 3331235840
cancelled_write_bytes: 0

[2020-01-23T05:52:01-08:00]
rchar: 12802654245
wchar: 3758508402
syscr: 1525283
syscw: 151165
read_bytes: 5384362496
write_bytes: 3758993408
cancelled_write_bytes: 0

[2020-01-23T05:52:04-08:00]
rchar: 14672035299
wchar: 4237063674
syscr: 1751939
syscw: 161862
read_bytes: 5631470080
write_bytes: 4237578240
cancelled_write_bytes: 0

[2020-01-23T05:52:07-08:00]
rchar: 15919694164
wchar: 4590789423
syscr: 1903217
syscw: 169759
read_bytes: 5792651776
write_bytes: 4591333376
cancelled_write_bytes: 0

[2020-01-23T05:52:10-08:00]
rchar: 17080416670
wchar: 4974045384
syscr: 2043961
syscw: 177451
read_bytes: 5951306240
write_bytes: 4974616576
cancelled_write_bytes: 0

[2020-01-23T05:52:13-08:00]
rchar: 18068710190
wchar: 5366255847
syscr: 2163210
syscw: 187894
read_bytes: 6192638464
write_bytes: 5366972416
cancelled_write_bytes: 0

[2020-01-23T05:52:16-08:00]
rchar: 19300669493
wchar: 5591337040
syscr: 2312596
syscw: 201444
read_bytes: 6579972608
write_bytes: 5592068096
cancelled_write_bytes: 0

[2020-01-23T05:52:19-08:00]
rchar: 20373907931
wchar: 5869048150
syscr: 2442642
syscw: 212087
read_bytes: 6857026048
write_bytes: 5869793280
cancelled_write_bytes: 0

[2020-01-23T05:52:22-08:00]
rchar: 21997200016
wchar: 6021071477
syscr: 2639468
syscw: 225147
read_bytes: 7252335104
write_bytes: 6021820416
cancelled_write_bytes: 0

[2020-01-23T05:52:25-08:00]
rchar: 22443494966
wchar: 6229773284
syscr: 2693498
syscw: 229707
read_bytes: 7344470528
write_bytes: 6230536192
cancelled_write_bytes: 0

[2020-01-23T05:52:28-08:00]
rchar: 25329127800
wchar: 6444092597
syscr: 3043374
syscw: 248822
read_bytes: 7886498304
write_bytes: 6444863488
cancelled_write_bytes: 0

[2020-01-23T05:52:31-08:00]
rchar: 26400027368
wchar: 6826323886
syscr: 3173137
syscw: 257187
read_bytes: 8035662336
write_bytes: 6828146688
cancelled_write_bytes: 0

[2020-01-23T05:52:34-08:00]
rchar: 28321258700
wchar: 7333864515
syscr: 3406091
syscw: 268134
read_bytes: 8258537984
write_bytes: 7334694912
cancelled_write_bytes: 0

[2020-01-23T05:52:37-08:00]
rchar: 30090930079
wchar: 7851263746
syscr: 3620662
syscw: 278359
read_bytes: 8457792000
write_bytes: 7852118016
cancelled_write_bytes: 0

[2020-01-23T05:52:40-08:00]
rchar: 30984765762
wchar: 8299829474
syscr: 3728529
syscw: 284566
read_bytes: 8561564160
write_bytes: 8300736512
cancelled_write_bytes: 0

[2020-01-23T05:52:43-08:00]
rchar: 32233134160
wchar: 8655257486
syscr: 3879791
syscw: 296953
read_bytes: 8829037056
write_bytes: 8656224256
cancelled_write_bytes: 0

[2020-01-23T05:52:46-08:00]
rchar: 33398380121
wchar: 8980782510
syscr: 4021074
syscw: 308574
read_bytes: 9151425024
write_bytes: 8981794816
cancelled_write_bytes: 0

[2020-01-23T05:52:49-08:00]
rchar: 33717262935
wchar: 9246287200
syscr: 4059747
syscw: 312897
read_bytes: 9215289856
write_bytes: 9247318016
cancelled_write_bytes: 0

[2020-01-23T05:52:52-08:00]
rchar: 35091374297
wchar: 9613831306
syscr: 4226240
syscw: 324193
read_bytes: 9465833984
write_bytes: 9614921728
cancelled_write_bytes: 0

[2020-01-23T05:52:55-08:00]
rchar: 36625054777
wchar: 9927624195
syscr: 4412185
syscw: 336884
read_bytes: 9856612864
write_bytes: 9928941568
cancelled_write_bytes: 0

[2020-01-23T05:52:58-08:00]
rchar: 37481324050
wchar: 10244970893
syscr: 4515927
syscw: 345190
read_bytes: 10056219136
write_bytes: 10246107136
cancelled_write_bytes: 0

[2020-01-23T05:53:01-08:00]
rchar: 39348561460
wchar: 10544280037
syscr: 4742314
syscw: 357716
read_bytes: 10427808256
write_bytes: 10545442816
cancelled_write_bytes: 0

[2020-01-23T05:53:04-08:00]
rchar: 40590242554
wchar: 10808575531
syscr: 4892872
syscw: 366805
read_bytes: 10688018944
write_bytes: 10809769984
cancelled_write_bytes: 0

[2020-01-23T05:53:07-08:00]
rchar: 41804156275
wchar: 11125094755
syscr: 5039949
syscw: 376935
read_bytes: 10881636864
write_bytes: 11126312960
cancelled_write_bytes: 0

[2020-01-23T05:53:10-08:00]
rchar: 43584868495
wchar: 11619899044
syscr: 5255862
syscw: 388104
read_bytes: 11065301504
write_bytes: 11621154816
cancelled_write_bytes: 0

[2020-01-23T05:53:13-08:00]
rchar: 45382435283
wchar: 12170422032
syscr: 5473816
syscw: 398950
read_bytes: 11243510272
write_bytes: 12171722752
cancelled_write_bytes: 0

[2020-01-23T05:53:16-08:00]
rchar: 46223776067
wchar: 12605813105
syscr: 5575754
syscw: 405153
read_bytes: 11323980288
write_bytes: 12607152128
cancelled_write_bytes: 0

[2020-01-23T05:53:19-08:00]
rchar: 47759096161
wchar: 12984645417
syscr: 5761387
syscw: 418748
read_bytes: 11645344256
write_bytes: 12986023936
cancelled_write_bytes: 0

[2020-01-23T05:53:22-08:00]
rchar: 48769184978
wchar: 13214359253
syscr: 5883856
syscw: 428932
read_bytes: 11906644480
write_bytes: 13215760384
cancelled_write_bytes: 0

[2020-01-23T05:53:25-08:00]
rchar: 49510254952
wchar: 13551807748
syscr: 5973608
syscw: 436366
read_bytes: 12053920256
write_bytes: 13553238016
cancelled_write_bytes: 0

[2020-01-23T05:53:28-08:00]
rchar: 51208993939
wchar: 13944046682
syscr: 6179572
syscw: 448913
read_bytes: 12337494528
write_bytes: 13945511936
cancelled_write_bytes: 0

[2020-01-23T05:53:31-08:00]
rchar: 52421519005
wchar: 14271140110
syscr: 6326571
syscw: 458630
read_bytes: 12507281920
write_bytes: 14272651264
cancelled_write_bytes: 0

[2020-01-23T05:53:34-08:00]
rchar: 53724607586
wchar: 14768710659
syscr: 6484472
syscw: 468225
read_bytes: 12660382208
write_bytes: 14770298880
cancelled_write_bytes: 0

[2020-01-23T05:53:37-08:00]
rchar: 54945563968
wchar: 15003467869
syscr: 6632496
syscw: 477574
read_bytes: 12836985344
write_bytes: 15005106176
cancelled_write_bytes: 0

[2020-01-23T05:53:40-08:00]
rchar: 56531945113
wchar: 15255939695
syscr: 6824849
syscw: 488426
read_bytes: 13135718912
write_bytes: 15257616384
cancelled_write_bytes: 0

[2020-01-23T05:53:43-08:00]
rchar: 57992103846
wchar: 15698999067
syscr: 7001776
syscw: 498640
read_bytes: 13328165376
write_bytes: 15700701184
cancelled_write_bytes: 0

[2020-01-23T05:53:46-08:00]
rchar: 59916827955
wchar: 16220468397
syscr: 7235151
syscw: 510378
read_bytes: 13501884928
write_bytes: 16222216192
cancelled_write_bytes: 0

[2020-01-23T05:53:49-08:00]
rchar: 61761919708
wchar: 16755743209
syscr: 7458868
syscw: 521956
read_bytes: 13663525376
write_bytes: 16757518336
cancelled_write_bytes: 0

[2020-01-23T05:53:52-08:00]
rchar: 61977205851
wchar: 16953312093
syscr: 7484975
syscw: 523740
read_bytes: 13678090752
write_bytes: 16955105280
cancelled_write_bytes: 0

[2020-01-23T05:53:55-08:00]
rchar: 63266385949
wchar: 17358375455
syscr: 7640701
syscw: 534854
read_bytes: 13860116992
write_bytes: 17360232448
cancelled_write_bytes: 0

[2020-01-23T05:53:58-08:00]
rchar: 64809948811
wchar: 17770998883
syscr: 7827839
syscw: 548947
read_bytes: 14110329344
write_bytes: 17772912640
cancelled_write_bytes: 0

[2020-01-23T05:54:01-08:00]
rchar: 65271959816
wchar: 18068761605
syscr: 7883864
syscw: 554504
read_bytes: 14201117184
write_bytes: 18070683648
cancelled_write_bytes: 0

[2020-01-23T05:54:04-08:00]
rchar: 66562864469
wchar: 18319067108
syscr: 8040282
syscw: 564984
read_bytes: 14405007872
write_bytes: 18321047552
cancelled_write_bytes: 0

[2020-01-23T05:54:07-08:00]
rchar: 68228766835
wchar: 18735858221
syscr: 8242255
syscw: 577905
read_bytes: 14615063040
write_bytes: 18737872896
cancelled_write_bytes: 0

[2020-01-23T05:54:10-08:00]
rchar: 69062555977
wchar: 19143825423
syscr: 8343246
syscw: 585460
read_bytes: 14716586496
write_bytes: 19145887744
cancelled_write_bytes: 0

[2020-01-23T05:54:13-08:00]
rchar: 71067550930
wchar: 19559557269
syscr: 8586336
syscw: 598763
read_bytes: 14932806144
write_bytes: 19561672704
cancelled_write_bytes: 0

[2020-01-23T05:54:16-08:00]
rchar: 72970821623
wchar: 19957614287
syscr: 8817080
syscw: 611685
read_bytes: 15170443776
write_bytes: 19959775232
cancelled_write_bytes: 0

[2020-01-23T05:54:20-08:00]
rchar: 73250918960
wchar: 20168761179
syscr: 8851042
syscw: 615093
read_bytes: 15218551296
write_bytes: 20170924032
cancelled_write_bytes: 0

[2020-01-23T05:54:23-08:00]
rchar: 75361482566
wchar: 20485623293
syscr: 9106865
syscw: 627105
read_bytes: 15469279744
write_bytes: 20487819264
cancelled_write_bytes: 0

[2020-01-23T05:54:26-08:00]
rchar: 77456902146
wchar: 21015348204
syscr: 9360899
syscw: 640297
read_bytes: 15645407744
write_bytes: 21017583616
cancelled_write_bytes: 0

[2020-01-23T05:54:29-08:00]
rchar: 78486421270
wchar: 21455430745
syscr: 9485732
syscw: 647721
read_bytes: 15731919360
write_bytes: 21457686528
cancelled_write_bytes: 0

[2020-01-23T05:54:32-08:00]
rchar: 79972264826
wchar: 21821944746
syscr: 9665803
syscw: 656847
read_bytes: 15836174848
write_bytes: 21824253952
cancelled_write_bytes: 0

[2020-01-23T05:54:35-08:00]
rchar: 82032181886
wchar: 22307523330
syscr: 9915042
syscw: 670068
read_bytes: 16015809024
write_bytes: 22309888000
cancelled_write_bytes: 0

[2020-01-23T05:54:38-08:00]
rchar: 83019828658
wchar: 22695779480
syscr: 10034776
syscw: 679252
read_bytes: 16151804416
write_bytes: 22698381312
cancelled_write_bytes: 0

[2020-01-23T05:54:41-08:00]
rchar: 84514890870
wchar: 23125550314
syscr: 10215943
syscw: 691276
read_bytes: 16355211776
write_bytes: 23127986176
cancelled_write_bytes: 0

[2020-01-23T05:54:44-08:00]
rchar: 86092500415
wchar: 23404417821
syscr: 10407234
syscw: 705042
read_bytes: 16608881152
write_bytes: 23406870528
cancelled_write_bytes: 0

[2020-01-23T05:54:47-08:00]
rchar: 86883636636
wchar: 23841913095
syscr: 10503056
syscw: 711991
read_bytes: 16687585792
write_bytes: 23844401152
cancelled_write_bytes: 0

[2020-01-23T05:54:50-08:00]
rchar: 88923011761
wchar: 24299759566
syscr: 10750309
syscw: 725548
read_bytes: 16874150400
write_bytes: 24302301184
cancelled_write_bytes: 0

[2020-01-23T05:54:53-08:00]
rchar: 90558607302
wchar: 24693200350
syscr: 10948595
syscw: 736696
read_bytes: 17028340224
write_bytes: 24695779328
cancelled_write_bytes: 0

[2020-01-23T05:54:56-08:00]
rchar: 91415643170
wchar: 25037628910
syscr: 11052477
syscw: 744192
read_bytes: 17113201152
write_bytes: 25040252928
cancelled_write_bytes: 0

[2020-01-23T05:54:59-08:00]
rchar: 93320299551
wchar: 25494259442
syscr: 11283296
syscw: 756052
read_bytes: 17262860800
write_bytes: 25496932352
cancelled_write_bytes: 0

[2020-01-23T05:55:02-08:00]
rchar: 95375973905
wchar: 26055115769
syscr: 11532551
syscw: 768919
read_bytes: 17415637504
write_bytes: 26057822208
cancelled_write_bytes: 0

[2020-01-23T05:55:05-08:00]
rchar: 96559879707
wchar: 26412762501
syscr: 11676100
syscw: 776675
read_bytes: 17499200000
write_bytes: 26415493120
cancelled_write_bytes: 0

[2020-01-23T05:55:08-08:00]
rchar: 97581142263
wchar: 26832763305
syscr: 11799847
syscw: 784097
read_bytes: 17570847232
write_bytes: 26835529728
cancelled_write_bytes: 0

[2020-01-23T05:55:11-08:00]
rchar: 99437401727
wchar: 27328843017
syscr: 12024317
syscw: 797412
read_bytes: 17744837120
write_bytes: 27331661824
cancelled_write_bytes: 0

[2020-01-23T05:55:14-08:00]
rchar: 100750010646
wchar: 27764388842
syscr: 12183464
syscw: 808845
read_bytes: 17903692288
write_bytes: 27767263232
cancelled_write_bytes: 0

[2020-01-23T05:55:17-08:00]
rchar: 100957245373
wchar: 27996977671
syscr: 12208570
syscw: 812153
read_bytes: 17930816000
write_bytes: 27999879168
cancelled_write_bytes: 0

[2020-01-23T05:55:20-08:00]
rchar: 102632298763
wchar: 28479017019
syscr: 12411567
syscw: 824933
read_bytes: 18094021120
write_bytes: 28481966080
cancelled_write_bytes: 0

[2020-01-23T05:55:23-08:00]
rchar: 104469181403
wchar: 28862666912
syscr: 12634261
syscw: 838718
read_bytes: 18337491456
write_bytes: 28865662976
cancelled_write_bytes: 0

[2020-01-23T05:55:26-08:00]
rchar: 104795969281
wchar: 29183157548
syscr: 12673891
syscw: 841976
read_bytes: 18362407424
write_bytes: 29186170880
cancelled_write_bytes: 0

[2020-01-23T05:55:29-08:00]
rchar: 106285975657
wchar: 29523587237
syscr: 12854441
syscw: 852113
read_bytes: 18490341888
write_bytes: 29526642688
cancelled_write_bytes: 0

[2020-01-23T05:55:32-08:00]
rchar: 108375497364
wchar: 29997012459
syscr: 13107770
syscw: 866118
read_bytes: 18671090176
write_bytes: 30000562176
cancelled_write_bytes: 0

[2020-01-23T05:55:35-08:00]
rchar: 109159463510
wchar: 30187975846
syscr: 13202789
syscw: 871579
read_bytes: 18738907648
write_bytes: 30191128576
cancelled_write_bytes: 0

[2020-01-23T05:55:38-08:00]
rchar: 110423639837
wchar: 30634721009
syscr: 13355991
syscw: 880275
read_bytes: 18834024960
write_bytes: 30637924352
cancelled_write_bytes: 0

[2020-01-23T05:55:41-08:00]
rchar: 112577786944
wchar: 31153706745
syscr: 13617132
syscw: 893380
read_bytes: 18987551232
write_bytes: 31156944896
cancelled_write_bytes: 0

[2020-01-23T05:55:44-08:00]
rchar: 114439600756
wchar: 31632910793
syscr: 13842878
syscw: 905140
read_bytes: 19116792320
write_bytes: 31636172800
cancelled_write_bytes: 0

[2020-01-23T05:55:47-08:00]
rchar: 114932904700
wchar: 31953526526
syscr: 13902691
syscw: 908759
read_bytes: 19149236736
write_bytes: 31956803584
cancelled_write_bytes: 0

[2020-01-23T05:55:50-08:00]
rchar: 117028469518
wchar: 32417127827
syscr: 14156693
syscw: 920831
read_bytes: 19278817792
write_bytes: 32420450304
cancelled_write_bytes: 0

[2020-01-23T05:55:53-08:00]
rchar: 118642562419
wchar: 32878547019
syscr: 14351816
syscw: 934756
read_bytes: 19453852160
write_bytes: 32881926144
cancelled_write_bytes: 0

[2020-01-23T05:55:56-08:00]
rchar: 119473456171
wchar: 33306575103
syscr: 14452465
syscw: 943757
read_bytes: 19542112768
write_bytes: 33309995008
cancelled_write_bytes: 0

[2020-01-23T05:55:59-08:00]
rchar: 121324047285
wchar: 33781654335
syscr: 14676834
syscw: 957854
read_bytes: 19712662016
write_bytes: 33785434112
cancelled_write_bytes: 0

[2020-01-23T05:56:02-08:00]
rchar: 122609273868
wchar: 34141149172
syscr: 14832642
syscw: 969150
read_bytes: 19829447168
write_bytes: 34144665600
cancelled_write_bytes: 0

[2020-01-23T05:56:05-08:00]
rchar: 123672672197
wchar: 34494574874
syscr: 14961467
syscw: 978219
read_bytes: 19960277504
write_bytes: 34498142208
cancelled_write_bytes: 0

[2020-01-23T05:56:08-08:00]
rchar: 125895307979
wchar: 34785412586
syscr: 15230966
syscw: 990992
read_bytes: 20245359104
write_bytes: 34788990976
cancelled_write_bytes: 0

[2020-01-23T05:56:11-08:00]
rchar: 127143604851
wchar: 35186315904
syscr: 15382281
syscw: 999787
read_bytes: 20378896896
write_bytes: 35189923840
cancelled_write_bytes: 0

[2020-01-23T05:56:14-08:00]
rchar: 129091657100
wchar: 35644671626
syscr: 15618357
syscw: 1011968
read_bytes: 20503894528
write_bytes: 35648335872
cancelled_write_bytes: 0

[2020-01-23T05:56:17-08:00]
rchar: 130788448327
wchar: 36048755048
syscr: 15824095
syscw: 1023213
read_bytes: 20612274688
write_bytes: 36052443136
cancelled_write_bytes: 0

[2020-01-23T05:56:20-08:00]
rchar: 132337591810
wchar: 36456571547
syscr: 16011933
syscw: 1033152
read_bytes: 20706863616
write_bytes: 36460302336
cancelled_write_bytes: 0

[2020-01-23T05:56:23-08:00]
rchar: 134019007979
wchar: 37028789122
syscr: 16215719
syscw: 1043728
read_bytes: 20800793088
write_bytes: 37032566784
cancelled_write_bytes: 0

[2020-01-23T05:56:26-08:00]
rchar: 135828810582
wchar: 37442017038
syscr: 16434529
syscw: 1055284
read_bytes: 20908100096
write_bytes: 37445832704
cancelled_write_bytes: 0

[2020-01-23T05:56:29-08:00]
rchar: 137129998197
wchar: 37824247473
syscr: 16592282
syscw: 1066738
read_bytes: 21047368192
write_bytes: 37828108288
cancelled_write_bytes: 0

[2020-01-23T05:56:32-08:00]
rchar: 138456164896
wchar: 38345868398
syscr: 16752978
syscw: 1077821
read_bytes: 21163239936
write_bytes: 38349787136
cancelled_write_bytes: 0

[2020-01-23T05:56:35-08:00]
rchar: 139859797155
wchar: 38690984121
syscr: 16923149
syscw: 1090088
read_bytes: 21285251584
write_bytes: 38694936576
cancelled_write_bytes: 0

[2020-01-23T05:56:38-08:00]
rchar: 141148558830
wchar: 39097662368
syscr: 17079393
syscw: 1100512
read_bytes: 21400291840
write_bytes: 39102136320
cancelled_write_bytes: 0

[2020-01-23T05:56:41-08:00]
rchar: 142828504560
wchar: 39542255727
syscr: 17282970
syscw: 1112188
read_bytes: 21522647552
write_bytes: 39547121664
cancelled_write_bytes: 0

[2020-01-23T05:56:44-08:00]
rchar: 144383980397
wchar: 39904624327
syscr: 17471548
syscw: 1123667
read_bytes: 21633960448
write_bytes: 39908728832
cancelled_write_bytes: 0

[2020-01-23T05:56:47-08:00]
rchar: 145748575778
wchar: 40352929688
syscr: 17636983
syscw: 1133988
read_bytes: 21730798080
write_bytes: 40357896192
cancelled_write_bytes: 0

[2020-01-23T05:56:50-08:00]
rchar: 147211559077
wchar: 40759200268
syscr: 17814292
syscw: 1144139
read_bytes: 21818071552
write_bytes: 40763408384
cancelled_write_bytes: 0

[2020-01-23T05:56:53-08:00]
rchar: 149212049008
wchar: 41275290202
syscr: 18056816
syscw: 1157094
read_bytes: 21934963200
write_bytes: 41279528960
cancelled_write_bytes: 0

[2020-01-23T05:56:56-08:00]
rchar: 151023434644
wchar: 41784128613
syscr: 18276450
syscw: 1168317
read_bytes: 22036609536
write_bytes: 41788428288
cancelled_write_bytes: 0

[2020-01-23T05:56:59-08:00]
rchar: 151584676822
wchar: 42123264877
syscr: 18344418
syscw: 1172894
read_bytes: 22066985472
write_bytes: 42127585280
cancelled_write_bytes: 0

[2020-01-23T05:57:02-08:00]
rchar: 154062919863
wchar: 42666521457
syscr: 18644905
syscw: 1186819
read_bytes: 22193908224
write_bytes: 42670882816
cancelled_write_bytes: 0

[2020-01-23T05:57:05-08:00]
rchar: 155623071019
wchar: 43072766105
syscr: 18833411
syscw: 1199991
read_bytes: 22381468160
write_bytes: 43077169152
cancelled_write_bytes: 0

[2020-01-23T05:57:08-08:00]
rchar: 155929602654
wchar: 43313504802
syscr: 18870585
syscw: 1203433
read_bytes: 22408559104
write_bytes: 43317923840
cancelled_write_bytes: 0

[2020-01-23T05:57:11-08:00]
rchar: 157551635227
wchar: 43804529579
syscr: 19067147
syscw: 1216491
read_bytes: 22533704192
write_bytes: 43809005568
cancelled_write_bytes: 0

[2020-01-23T05:57:14-08:00]
rchar: 159420069702
wchar: 44284904638
syscr: 19293638
syscw: 1231448
read_bytes: 22681336320
write_bytes: 44289429504
cancelled_write_bytes: 0

[2020-01-23T05:57:17-08:00]
rchar: 159788012654
wchar: 44479749453
syscr: 19338258
syscw: 1234734
read_bytes: 22710569472
write_bytes: 44484304896
cancelled_write_bytes: 0

[2020-01-23T05:57:20-08:00]
rchar: 161484007583
wchar: 44962070172
syscr: 19543786
syscw: 1246543
read_bytes: 22822971904
write_bytes: 44967505920
cancelled_write_bytes: 0

[2020-01-23T05:57:23-08:00]
rchar: 163616220650
wchar: 45496668795
syscr: 19802286
syscw: 1260947
read_bytes: 22960761344
write_bytes: 45502337024
cancelled_write_bytes: 0

[2020-01-23T05:57:26-08:00]
rchar: 164324604310
wchar: 45660382772
syscr: 19888141
syscw: 1266646
read_bytes: 23009044992
write_bytes: 45665091584
cancelled_write_bytes: 0

[2020-01-23T05:57:29-08:00]
rchar: 166236772975
wchar: 46212383481
syscr: 20119870
syscw: 1279275
read_bytes: 23124748800
write_bytes: 46217142272
cancelled_write_bytes: 0

[2020-01-23T05:57:32-08:00]
rchar: 168053533629
wchar: 46626618883
syscr: 20340123
syscw: 1291444
read_bytes: 23227525632
write_bytes: 46631436288
cancelled_write_bytes: 0

[2020-01-23T05:57:35-08:00]
rchar: 169616447367
wchar: 47077279005
syscr: 20529633
syscw: 1301553
read_bytes: 23308298752
write_bytes: 47082143744
cancelled_write_bytes: 0

[2020-01-23T05:57:38-08:00]
rchar: 170070873249
wchar: 47404043420
syscr: 20584651
syscw: 1305455
read_bytes: 23329913344
write_bytes: 47408926720
cancelled_write_bytes: 0

[2020-01-23T05:57:41-08:00]
rchar: 172338626174
wchar: 47942727703
syscr: 20859613
syscw: 1317825
read_bytes: 23435356672
write_bytes: 47947657216
cancelled_write_bytes: 0

[2020-01-23T05:57:44-08:00]
rchar: 174584023624
wchar: 48509599765
syscr: 21131241
syscw: 1331577
read_bytes: 23553649152
write_bytes: 48514576384
cancelled_write_bytes: 0

[2020-01-23T05:57:47-08:00]
rchar: 175186094818
wchar: 48707827726
syscr: 21204252
syscw: 1337110
read_bytes: 23607060992
write_bytes: 48712830976
cancelled_write_bytes: 0

[2020-01-23T05:57:50-08:00]
rchar: 176414880651
wchar: 49209764861
syscr: 21353103
syscw: 1348224
read_bytes: 23699991040
write_bytes: 49214824448
cancelled_write_bytes: 0

[2020-01-23T05:57:53-08:00]
rchar: 178346969185
wchar: 49733256389
syscr: 21587349
syscw: 1362899
read_bytes: 23837702656
write_bytes: 49738383360
cancelled_write_bytes: 0

[2020-01-23T05:57:56-08:00]
rchar: 179180769381
wchar: 49992960033
syscr: 21688422
syscw: 1369281
read_bytes: 23894960640
write_bytes: 49999110144
cancelled_write_bytes: 0

[2020-01-23T05:57:59-08:00]
rchar: 180333830295
wchar: 50435894105
syscr: 21828108
syscw: 1378646
read_bytes: 23968512512
write_bytes: 50441105408
cancelled_write_bytes: 0

[2020-01-23T05:58:02-08:00]
rchar: 182037313702
wchar: 50890298838
syscr: 22034614
syscw: 1390739
read_bytes: 24067660288
write_bytes: 50895564800
cancelled_write_bytes: 0

[2020-01-23T05:58:05-08:00]
rchar: 183856801917
wchar: 51374631406
syscr: 22255191
syscw: 1402812
read_bytes: 24175258112
write_bytes: 51379945472
cancelled_write_bytes: 0

[2020-01-23T05:58:08-08:00]
rchar: 184436326134
wchar: 51694856956
syscr: 22325379
syscw: 1408223
read_bytes: 24208046592
write_bytes: 51700224000
cancelled_write_bytes: 0

[2020-01-23T05:58:11-08:00]
rchar: 186392852429
wchar: 52145635972
syscr: 22562570
syscw: 1420603
read_bytes: 24306715136
write_bytes: 52151054336
cancelled_write_bytes: 0

[2020-01-23T05:58:14-08:00]
rchar: 188388826744
wchar: 52671006584
syscr: 22804587
syscw: 1432962
read_bytes: 24405559808
write_bytes: 52676464640
cancelled_write_bytes: 0

[2020-01-23T05:58:17-08:00]
rchar: 189471820852
wchar: 52957526850
syscr: 22935903
syscw: 1440910
read_bytes: 24458611200
write_bytes: 52963020800
cancelled_write_bytes: 0

[2020-01-23T05:58:20-08:00]
rchar: 191513063473
wchar: 53604755777
syscr: 23183320
syscw: 1453832
read_bytes: 24550681088
write_bytes: 53610295296
cancelled_write_bytes: 0

[2020-01-23T05:58:23-08:00]
rchar: 193316108917
wchar: 54040729515
syscr: 23401287
syscw: 1467619
read_bytes: 24679750144
write_bytes: 54046330880
cancelled_write_bytes: 0

[2020-01-23T05:58:26-08:00]
rchar: 194138979897
wchar: 54384534636
syscr: 23501045
syscw: 1477125
read_bytes: 24748415488
write_bytes: 54390267904
cancelled_write_bytes: 0

[2020-01-23T05:58:29-08:00]
rchar: 195167431010
wchar: 54781693297
syscr: 23625639
syscw: 1487139
read_bytes: 24815778304
write_bytes: 54787383296
cancelled_write_bytes: 0

[2020-01-23T05:58:32-08:00]
rchar: 197065006027
wchar: 55290724471
syscr: 23855694
syscw: 1502217
read_bytes: 24942160384
write_bytes: 55296479232
cancelled_write_bytes: 0

[2020-01-23T05:58:35-08:00]
rchar: 198098099342
wchar: 55734523370
syscr: 23980925
syscw: 1511058
read_bytes: 25009990144
write_bytes: 55740317696
cancelled_write_bytes: 0

[2020-01-23T05:58:38-08:00]
rchar: 199227081816
wchar: 56029345724
syscr: 24117696
syscw: 1519686
read_bytes: 25072556544
write_bytes: 56035217408
cancelled_write_bytes: 0

[2020-01-23T05:58:41-08:00]
rchar: 201531265877
wchar: 56551805112
syscr: 24397042
syscw: 1535223
read_bytes: 25204668928
write_bytes: 56557723648
cancelled_write_bytes: 0

[2020-01-23T05:58:44-08:00]
rchar: 202745664247
wchar: 57042838927
syscr: 24544297
syscw: 1544458
read_bytes: 25271249408
write_bytes: 57048801280
cancelled_write_bytes: 0

[2020-01-23T05:58:47-08:00]
rchar: 204020581495
wchar: 57351881860
syscr: 24698755
syscw: 1553429
read_bytes: 25330768384
write_bytes: 57357897728
cancelled_write_bytes: 0

[2020-01-23T05:58:50-08:00]
rchar: 206461287900
wchar: 57935062297
syscr: 24994647
syscw: 1568364
read_bytes: 25445087744
write_bytes: 57941131264
cancelled_write_bytes: 0

[2020-01-23T05:58:53-08:00]
rchar: 207988384420
wchar: 58334839895
syscr: 25179812
syscw: 1577968
read_bytes: 25514789376
write_bytes: 58340950016
cancelled_write_bytes: 0

[2020-01-23T05:58:56-08:00]
rchar: 208842024947
wchar: 58677077427
syscr: 25283233
syscw: 1584435
read_bytes: 25552955904
write_bytes: 58684231680
cancelled_write_bytes: 0

[2020-01-23T05:58:59-08:00]
rchar: 211536844764
wchar: 59255771250
syscr: 25609977
syscw: 1598572
read_bytes: 25662716416
write_bytes: 59261960192
cancelled_write_bytes: 0

[2020-01-23T05:59:02-08:00]
rchar: 213196831947
wchar: 59688743466
syscr: 25810638
syscw: 1611787
read_bytes: 25768434176
write_bytes: 59694977024
cancelled_write_bytes: 0

[2020-01-23T05:59:05-08:00]
rchar: 213511360779
wchar: 59975264889
syscr: 25848663
syscw: 1615987
read_bytes: 25790609920
write_bytes: 59981549568
cancelled_write_bytes: 0

[2020-01-23T05:59:08-08:00]
rchar: 215562694905
wchar: 60506768163
syscr: 26097369
syscw: 1631638
read_bytes: 25919425024
write_bytes: 60513112064
cancelled_write_bytes: 0

[2020-01-23T05:59:11-08:00]
rchar: 217142662230
wchar: 60971984194
syscr: 26288915
syscw: 1643821
read_bytes: 26014398976
write_bytes: 60978372608
cancelled_write_bytes: 0

[2020-01-23T05:59:14-08:00]
rchar: 217511795440
wchar: 61236946574
syscr: 26333555
syscw: 1648447
read_bytes: 26038450688
write_bytes: 61243363328
cancelled_write_bytes: 0

[2020-01-23T05:59:17-08:00]
rchar: 219991978326
wchar: 61770975300
syscr: 26634248
syscw: 1665257
read_bytes: 26170341888
write_bytes: 61777448960
cancelled_write_bytes: 4096

[2020-01-23T05:59:20-08:00]
rchar: 221693807971
wchar: 62193394590
syscr: 26840562
syscw: 1678159
read_bytes: 26259397120
write_bytes: 62199906304
cancelled_write_bytes: 4096

[2020-01-23T05:59:23-08:00]
rchar: 222839366579
wchar: 62698535940
syscr: 26979389
syscw: 1687039
read_bytes: 26324838912
write_bytes: 62705086464
cancelled_write_bytes: 4096

[2020-01-23T05:59:26-08:00]
rchar: 223972868282
wchar: 63175530689
syscr: 27116824
syscw: 1695136
read_bytes: 26396260864
write_bytes: 63182139392
cancelled_write_bytes: 4096

[2020-01-23T05:59:29-08:00]
rchar: 225304381702
wchar: 63760544052
syscr: 27278246
syscw: 1703892
read_bytes: 26507348480
write_bytes: 63767191552
cancelled_write_bytes: 4096

[2020-01-23T05:59:32-08:00]
rchar: 226417672889
wchar: 64259212227
syscr: 27413178
syscw: 1711280
read_bytes: 26603215360
write_bytes: 64265928704
cancelled_write_bytes: 4096

[2020-01-23T05:59:35-08:00]
rchar: 227609171412
wchar: 64782075459
syscr: 27557622
syscw: 1719774
read_bytes: 26706012672
write_bytes: 64788860928
cancelled_write_bytes: 4096

[2020-01-23T05:59:38-08:00]
rchar: 228756602266
wchar: 65198539849
syscr: 27696730
syscw: 1727850
read_bytes: 26834405888
write_bytes: 65205350400
cancelled_write_bytes: 4096

[2020-01-23T05:59:41-08:00]
rchar: 229452727675
wchar: 65564526709
syscr: 27781141
syscw: 1734129
read_bytes: 26904521216
write_bytes: 65571381248
cancelled_write_bytes: 4096

[2020-01-23T05:59:44-08:00]
rchar: 230895443791
wchar: 66107544811
syscr: 27956000
syscw: 1742616
read_bytes: 27058018816
write_bytes: 66114478080
cancelled_write_bytes: 4096

[2020-01-23T05:59:47-08:00]
rchar: 232133095163
wchar: 66494257735
syscr: 28106073
syscw: 1751134
read_bytes: 27172526592
write_bytes: 66501197824
cancelled_write_bytes: 4096

[2020-01-23T05:59:50-08:00]
rchar: 233700099735
wchar: 67089817969
syscr: 28296061
syscw: 1760642
read_bytes: 27295861248
write_bytes: 67096850432
cancelled_write_bytes: 4096

[2020-01-23T05:59:53-08:00]
rchar: 234993291795
wchar: 67511568397
syscr: 28452867
syscw: 1769304
read_bytes: 27408169472
write_bytes: 67518627840
cancelled_write_bytes: 4096

[2020-01-23T05:59:56-08:00]
rchar: 236158617106
wchar: 67918390996
syscr: 28594114
syscw: 1776660
read_bytes: 27508391424
write_bytes: 67925499904
cancelled_write_bytes: 4096

[2020-01-23T05:59:59-08:00]
rchar: 236886942612
wchar: 68274135941
syscr: 28681709
syscw: 1783514
read_bytes: 27571654144
write_bytes: 68281991168
cancelled_write_bytes: 4096

[2020-01-23T06:00:02-08:00]
rchar: 238232397877
wchar: 68664543035
syscr: 28844761
syscw: 1795551
read_bytes: 27723857408
write_bytes: 68671758336
cancelled_write_bytes: 4096

[2020-01-23T06:00:05-08:00]
rchar: 240125473993
wchar: 68997935201
syscr: 29074209
syscw: 1808266
read_bytes: 27857006080
write_bytes: 69005213696
cancelled_write_bytes: 4096

[2020-01-23T06:00:08-08:00]
rchar: 241580219749
wchar: 69456946277
syscr: 29250495
syscw: 1819969
read_bytes: 27931520512
write_bytes: 69464260608
cancelled_write_bytes: 4096

[2020-01-23T06:00:11-08:00]
rchar: 243428267200
wchar: 69888285742
syscr: 29474554
syscw: 1833635
read_bytes: 28015926784
write_bytes: 69895651328
cancelled_write_bytes: 4096

[2020-01-23T06:00:14-08:00]
rchar: 244841037820
wchar: 70273521226
syscr: 29645829
syscw: 1843740
read_bytes: 28081581568
write_bytes: 70280921088
cancelled_write_bytes: 4096

[2020-01-23T06:00:17-08:00]
rchar: 246838742635
wchar: 70761985673
syscr: 29887910
syscw: 1856955
read_bytes: 28164931072
write_bytes: 70769438720
cancelled_write_bytes: 4096

[2020-01-23T06:00:20-08:00]
rchar: 249054932999
wchar: 71177013144
syscr: 30156587
syscw: 1871593
read_bytes: 28256013824
write_bytes: 71184506880
cancelled_write_bytes: 4096

[2020-01-23T06:00:23-08:00]
rchar: 250229159953
wchar: 71618432568
syscr: 30298969
syscw: 1880501
read_bytes: 28301741568
write_bytes: 71625949184
cancelled_write_bytes: 4096

[2020-01-23T06:00:26-08:00]
rchar: 252060668465
wchar: 72015937263
syscr: 30520914
syscw: 1891209
read_bytes: 28363775488
write_bytes: 72023842816
cancelled_write_bytes: 4096

[2020-01-23T06:00:29-08:00]
rchar: 254963405814
wchar: 72635237972
syscr: 30872870
syscw: 1907270
read_bytes: 28462358016
write_bytes: 72642830336
cancelled_write_bytes: 4096

[2020-01-23T06:00:32-08:00]
rchar: 256016006322
wchar: 72919572717
syscr: 31000500
syscw: 1913840
read_bytes: 28495752704
write_bytes: 72927182848
cancelled_write_bytes: 4096

[2020-01-23T06:00:35-08:00]
rchar: 257408671793
wchar: 73361111187
syscr: 31169278
syscw: 1922787
read_bytes: 28539272704
write_bytes: 73368772608
cancelled_write_bytes: 4096

[2020-01-23T06:00:38-08:00]
rchar: 260010303714
wchar: 73863115027
syscr: 31484719
syscw: 1935609
read_bytes: 28617555456
write_bytes: 73870811136
cancelled_write_bytes: 4096

[2020-01-23T06:00:41-08:00]
rchar: 261442494437
wchar: 74237374503
syscr: 31657623
syscw: 1947532
read_bytes: 28702400000
write_bytes: 74245115904
cancelled_write_bytes: 4096

[2020-01-23T06:00:44-08:00]
rchar: 261975051896
wchar: 74542470907
syscr: 31722101
syscw: 1953891
read_bytes: 28733193728
write_bytes: 74551205888
cancelled_write_bytes: 4096

[2020-01-23T06:00:48-08:00]
rchar: 264087440057
wchar: 75074772148
syscr: 31978209
syscw: 1970541
read_bytes: 28841680384
write_bytes: 75082592256
cancelled_write_bytes: 4096

[2020-01-23T06:00:51-08:00]
rchar: 265493516059
wchar: 75542466222
syscr: 32148671
syscw: 1982393
read_bytes: 28915641856
write_bytes: 75550318592
cancelled_write_bytes: 4096

[2020-01-23T06:00:54-08:00]
rchar: 266975427853
wchar: 75964593578
syscr: 32328240
syscw: 1994634
read_bytes: 28979191296
write_bytes: 75972485120
cancelled_write_bytes: 4096

[2020-01-23T06:00:57-08:00]
rchar: 269272612228
wchar: 76431914133
syscr: 32606717
syscw: 2010299
read_bytes: 29082414592
write_bytes: 76439871488
cancelled_write_bytes: 4096

[2020-01-23T06:01:00-08:00]
rchar: 269754390714
wchar: 76570805843
syscr: 32665137
syscw: 2014289
read_bytes: 29102222848
write_bytes: 76578770944
cancelled_write_bytes: 4096

[2020-01-23T06:01:03-08:00]
rchar: 271002410938
wchar: 77244275429
syscr: 32816389
syscw: 2023258
read_bytes: 29138902528
write_bytes: 77252276224
cancelled_write_bytes: 4096

[2020-01-23T06:01:06-08:00]
rchar: 272068615037
wchar: 77822376463
syscr: 32945650
syscw: 2029564
read_bytes: 29159620096
write_bytes: 77830459392
cancelled_write_bytes: 4096

[2020-01-23T06:01:09-08:00]
rchar: 272953404334
wchar: 78301490341
syscr: 33052944
syscw: 2034710
read_bytes: 29177323008
write_bytes: 78309625856
cancelled_write_bytes: 4096

[2020-01-23T06:01:12-08:00]
rchar: 274446312241
wchar: 78856268516
syscr: 33233771
syscw: 2044497
read_bytes: 29285658112
write_bytes: 78864502784
cancelled_write_bytes: 4096

[2020-01-23T06:01:15-08:00]
rchar: 275676737995
wchar: 79281635082
syscr: 33382966
syscw: 2054019
read_bytes: 29397081600
write_bytes: 79289880576
cancelled_write_bytes: 4096

[2020-01-23T06:01:18-08:00]
rchar: 276980509558
wchar: 79819896925
syscr: 33541060
syscw: 2062255
read_bytes: 29519318528
write_bytes: 79828172800
cancelled_write_bytes: 4096

[2020-01-23T06:01:21-08:00]
rchar: 277651496463
wchar: 80097343213
syscr: 33622392
syscw: 2068387
read_bytes: 29579234816
write_bytes: 80106360832
cancelled_write_bytes: 4096

[2020-01-23T06:01:24-08:00]
rchar: 278810648411
wchar: 80522785067
syscr: 33762871
syscw: 2076875
read_bytes: 29680852480
write_bytes: 80531152896
cancelled_write_bytes: 4096

[2020-01-23T06:01:27-08:00]
rchar: 280465212616
wchar: 81093249149
syscr: 33963497
syscw: 2086343
read_bytes: 29834657280
write_bytes: 81102536704
cancelled_write_bytes: 4096

[2020-01-23T06:01:30-08:00]
rchar: 281986733006
wchar: 81587456001
syscr: 34147986
syscw: 2096095
read_bytes: 29972778496
write_bytes: 81595883520
cancelled_write_bytes: 4096

[2020-01-23T06:01:33-08:00]
rchar: 283695937837
wchar: 82125915046
syscr: 34355241
syscw: 2107197
read_bytes: 30115155456
write_bytes: 82134401024
cancelled_write_bytes: 4096

[2020-01-23T06:01:36-08:00]
rchar: 284122958977
wchar: 82244431180
syscr: 34407027
syscw: 2110990
read_bytes: 30151097856
write_bytes: 82252951552
cancelled_write_bytes: 4096

[2020-01-23T06:01:39-08:00]
rchar: 285803664375
wchar: 82895635057
syscr: 34610733
syscw: 2121817
read_bytes: 30295240192
write_bytes: 82904203264
cancelled_write_bytes: 4096

[2020-01-23T06:01:42-08:00]
rchar: 287414976895
wchar: 83334906688
syscr: 34806105
syscw: 2132455
read_bytes: 30421327360
write_bytes: 83343478784
cancelled_write_bytes: 4096

[2020-01-23T06:01:45-08:00]
rchar: 288912596287
wchar: 83775579636
syscr: 34987084
syscw: 2142644
read_bytes: 30564941312
write_bytes: 83784245248
cancelled_write_bytes: 4096

[2020-01-23T06:01:48-08:00]
rchar: 290191749553
wchar: 84236775801
syscr: 35142196
syscw: 2153982
read_bytes: 30749289984
write_bytes: 84245479424
cancelled_write_bytes: 4096

[2020-01-23T06:01:51-08:00]
rchar: 290938075612
wchar: 84645850124
syscr: 35232697
syscw: 2161592
read_bytes: 30849060352
write_bytes: 84654551040
cancelled_write_bytes: 4096

[2020-01-23T06:01:54-08:00]
rchar: 292072615258
wchar: 84989674295
syscr: 35370193
syscw: 2171621
read_bytes: 30984179200
write_bytes: 84998451200
cancelled_write_bytes: 4096

[2020-01-23T06:01:57-08:00]
rchar: 293879765161
wchar: 85619348156
syscr: 35589329
syscw: 2183433
read_bytes: 31221218816
write_bytes: 85628674048
cancelled_write_bytes: 4096

[2020-01-23T06:02:00-08:00]
rchar: 295195320326
wchar: 86030351156
syscr: 35748740
syscw: 2194795
read_bytes: 31342714368
write_bytes: 86039220224
cancelled_write_bytes: 4096

[2020-01-23T06:02:03-08:00]
rchar: 296178369759
wchar: 86433179260
syscr: 35867904
syscw: 2203794
read_bytes: 31438982656
write_bytes: 86442115072
cancelled_write_bytes: 4096

[2020-01-23T06:02:06-08:00]
rchar: 297180961166
wchar: 86861579146
syscr: 35989355
syscw: 2210890
read_bytes: 31486689792
write_bytes: 86870564864
cancelled_write_bytes: 4096

[2020-01-23T06:02:09-08:00]
rchar: 298765883641
wchar: 87534848648
syscr: 36181543
syscw: 2221439
read_bytes: 31552193024
write_bytes: 87543889920
cancelled_write_bytes: 4096

[2020-01-23T06:02:12-08:00]
rchar: 299973359161
wchar: 88026153403
syscr: 36327935
syscw: 2229905
read_bytes: 31606280704
write_bytes: 88035217408
cancelled_write_bytes: 4096

[2020-01-23T06:02:15-08:00]
rchar: 301362603428
wchar: 88603965704
syscr: 36496352
syscw: 2239337
read_bytes: 31668654592
write_bytes: 88613101568
cancelled_write_bytes: 4096

[2020-01-23T06:02:18-08:00]
rchar: 302396945159
wchar: 89013877156
syscr: 36621784
syscw: 2247235
read_bytes: 31714198016
write_bytes: 89023086592
cancelled_write_bytes: 4096

[2020-01-23T06:02:21-08:00]
rchar: 303208774320
wchar: 89311262376
syscr: 36720109
syscw: 2254501
read_bytes: 31758856704
write_bytes: 89320538112
cancelled_write_bytes: 4096

[2020-01-23T06:02:24-08:00]
rchar: 304337069970
wchar: 89775351864
syscr: 36856741
syscw: 2263327
read_bytes: 31825715712
write_bytes: 89784676352
cancelled_write_bytes: 4096

[2020-01-23T06:02:27-08:00]
rchar: 305670565054
wchar: 90086740844
syscr: 37018078
syscw: 2272401
read_bytes: 31883670016
write_bytes: 90096148480
cancelled_write_bytes: 4096

[2020-01-23T06:02:30-08:00]
rchar: 308498024748
wchar: 90423860791
syscr: 37360807
syscw: 2284279
read_bytes: 31965000192
write_bytes: 90433286144
cancelled_write_bytes: 4096

[2020-01-23T06:02:33-08:00]
rchar: 309161808698
wchar: 90694587317
syscr: 37441290
syscw: 2290165
read_bytes: 31983366656
write_bytes: 90704015360
cancelled_write_bytes: 4096

[2020-01-23T06:02:36-08:00]
rchar: 312328634557
wchar: 91261583990
syscr: 37825177
syscw: 2305256
read_bytes: 32057442816
write_bytes: 91271065600
cancelled_write_bytes: 4096

[2020-01-23T06:02:39-08:00]
rchar: 314726109106
wchar: 91735880676
syscr: 38115866
syscw: 2317553
read_bytes: 32112529920
write_bytes: 91745394688
cancelled_write_bytes: 4096

[2020-01-23T06:02:42-08:00]
rchar: 315824526024
wchar: 92138813463
syscr: 38249048
syscw: 2325131
read_bytes: 32137376256
write_bytes: 92148330496
cancelled_write_bytes: 4096

[2020-01-23T06:02:45-08:00]
rchar: 318072026922
wchar: 92522223132
syscr: 38520761
syscw: 2336425
read_bytes: 32185463296
write_bytes: 92531806208
cancelled_write_bytes: 4096

[2020-01-23T06:02:48-08:00]
rchar: 320305971803
wchar: 93108039704
syscr: 38791589
syscw: 2354138
read_bytes: 32271319552
write_bytes: 93117689856
cancelled_write_bytes: 4096

[2020-01-23T06:02:51-08:00]
rchar: 320802439567
wchar: 93393768456
syscr: 38851789
syscw: 2360404
read_bytes: 32290976256
write_bytes: 93403426816
cancelled_write_bytes: 4096

[2020-01-23T06:02:54-08:00]
rchar: 323122361335
wchar: 93856526847
syscr: 39132945
syscw: 2375661
read_bytes: 32367952384
write_bytes: 93866250240
cancelled_write_bytes: 4096

[2020-01-23T06:02:57-08:00]
rchar: 324726987805
wchar: 94246113202
syscr: 39327477
syscw: 2386764
read_bytes: 32419164672
write_bytes: 94255865856
cancelled_write_bytes: 4096

[2020-01-23T06:03:00-08:00]
rchar: 325726656781
wchar: 94752143608
syscr: 39448613
syscw: 2394894
read_bytes: 32446091776
write_bytes: 94761930752
cancelled_write_bytes: 4096

[2020-01-23T06:03:03-08:00]
rchar: 326911441880
wchar: 95295976361
syscr: 39592281
syscw: 2402330
read_bytes: 32467055104
write_bytes: 95305793536
cancelled_write_bytes: 4096

[2020-01-23T06:03:06-08:00]
rchar: 327746120067
wchar: 95699394902
syscr: 39693460
syscw: 2407947
read_bytes: 32480731648
write_bytes: 95709294592
cancelled_write_bytes: 4096

[2020-01-23T06:03:09-08:00]
rchar: 329097443545
wchar: 96340245476
syscr: 39857293
syscw: 2417474
read_bytes: 32505532928
write_bytes: 96350232576
cancelled_write_bytes: 4096

[2020-01-23T06:03:12-08:00]
rchar: 330506333150
wchar: 96829492423
syscr: 40027976
syscw: 2427436
read_bytes: 32609485312
write_bytes: 96839557120
cancelled_write_bytes: 4096

[2020-01-23T06:03:15-08:00]
rchar: 331824594704
wchar: 97284116073
syscr: 40187822
syscw: 2436662
read_bytes: 32717414912
write_bytes: 97294192640
cancelled_write_bytes: 4096

[2020-01-23T06:03:18-08:00]
rchar: 332911071470
wchar: 97726477946
syscr: 40319565
syscw: 2446237
read_bytes: 32797438464
write_bytes: 97736564736
cancelled_write_bytes: 4096

[2020-01-23T06:03:21-08:00]
rchar: 334279921290
wchar: 98112980724
syscr: 40485459
syscw: 2456226
read_bytes: 32895898112
write_bytes: 98123120640
cancelled_write_bytes: 4096

[2020-01-23T06:03:24-08:00]
rchar: 335837164691
wchar: 98583301878
syscr: 40674298
syscw: 2466852
read_bytes: 32993317376
write_bytes: 98593533952
cancelled_write_bytes: 4096

[2020-01-23T06:03:27-08:00]
rchar: 337592455696
wchar: 99199178866
syscr: 40887139
syscw: 2477612
read_bytes: 33091297792
write_bytes: 99209424896
cancelled_write_bytes: 4096

[2020-01-23T06:03:30-08:00]
rchar: 338477546831
wchar: 99441882844
syscr: 40994462
syscw: 2484898
read_bytes: 33137664512
write_bytes: 99452145664
cancelled_write_bytes: 4096

[2020-01-23T06:03:33-08:00]
rchar: 339739942010
wchar: 99940097618
syscr: 41147534
syscw: 2494416
read_bytes: 33204748800
write_bytes: 99950403584
cancelled_write_bytes: 4096

[2020-01-23T06:03:36-08:00]
rchar: 341459361262
wchar: 100511993415
syscr: 41355940
syscw: 2504929
read_bytes: 33292358144
write_bytes: 100522340352
cancelled_write_bytes: 4096

[2020-01-23T06:03:39-08:00]
rchar: 343232854049
wchar: 101078407463
syscr: 41570995
syscw: 2515171
read_bytes: 33382011392
write_bytes: 101088813056
cancelled_write_bytes: 4096

[2020-01-23T06:03:42-08:00]
rchar: 344984088590
wchar: 101561749789
syscr: 41783344
syscw: 2526158
read_bytes: 33477394944
write_bytes: 101572214784
cancelled_write_bytes: 4096

[2020-01-23T06:03:45-08:00]
rchar: 346126416844
wchar: 101870625601
syscr: 41921806
syscw: 2533259
read_bytes: 33546699264
write_bytes: 101881098240
cancelled_write_bytes: 4096

[2020-01-23T06:03:48-08:00]
rchar: 347495544643
wchar: 102336211207
syscr: 42087730
syscw: 2542981
read_bytes: 33628230144
write_bytes: 102346723328
cancelled_write_bytes: 4096

[2020-01-23T06:03:51-08:00]
rchar: 349133399302
wchar: 102747268979
syscr: 42285643
syscw: 2554797
read_bytes: 33762927104
write_bytes: 102757801984
cancelled_write_bytes: 4096

[2020-01-23T06:03:54-08:00]
rchar: 350461210279
wchar: 103100401736
syscr: 42446657
syscw: 2565966
read_bytes: 33883578880
write_bytes: 103111000064
cancelled_write_bytes: 4096

[2020-01-23T06:03:57-08:00]
rchar: 351964368688
wchar: 103567727458
syscr: 42628927
syscw: 2576440
read_bytes: 34039902720
write_bytes: 103578357760
cancelled_write_bytes: 4096

[2020-01-23T06:04:00-08:00]
rchar: 352727560859
wchar: 103910912389
syscr: 42721416
syscw: 2584377
read_bytes: 34098442752
write_bytes: 103921561600
cancelled_write_bytes: 4096

[2020-01-23T06:04:03-08:00]
rchar: 354377757899
wchar: 104547029175
syscr: 42921440
syscw: 2595490
read_bytes: 34166895104
write_bytes: 104557752320
cancelled_write_bytes: 4096

[2020-01-23T06:04:06-08:00]
rchar: 355767689599
wchar: 105046487303
syscr: 43089988
syscw: 2605471
read_bytes: 34226094592
write_bytes: 105057275904
cancelled_write_bytes: 4096

[2020-01-23T06:04:09-08:00]
rchar: 357169731824
wchar: 105526168971
syscr: 43259996
syscw: 2616203
read_bytes: 34284581376
write_bytes: 105536966656
cancelled_write_bytes: 4096

[2020-01-23T06:04:12-08:00]
rchar: 358496815282
wchar: 106022079768
syscr: 43420921
syscw: 2625540
read_bytes: 34341609984
write_bytes: 106032914432
cancelled_write_bytes: 4096

[2020-01-23T06:04:15-08:00]
rchar: 359532745009
wchar: 106415199838
syscr: 43546534
syscw: 2633670
read_bytes: 34385637888
write_bytes: 106426052608
cancelled_write_bytes: 4096

[2020-01-23T06:04:18-08:00]
rchar: 360612459249
wchar: 106823598696
syscr: 43677460
syscw: 2643041
read_bytes: 34431554048
write_bytes: 106834497536
cancelled_write_bytes: 4096

[2020-01-23T06:04:21-08:00]
rchar: 362263491267
wchar: 107409383979
syscr: 43877552
syscw: 2654457
read_bytes: 34496459264
write_bytes: 107420352512
cancelled_write_bytes: 4096

[2020-01-23T06:04:24-08:00]
rchar: 363633377015
wchar: 107828711377
syscr: 44043495
syscw: 2664264
read_bytes: 34553397760
write_bytes: 107839750144
cancelled_write_bytes: 4096

[2020-01-23T06:04:27-08:00]
rchar: 364892044313
wchar: 108136071502
syscr: 44195922
syscw: 2674061
read_bytes: 34618466816
write_bytes: 108147208192
cancelled_write_bytes: 4096

[2020-01-23T06:04:30-08:00]
rchar: 365836071270
wchar: 108413832625
syscr: 44310388
syscw: 2681952
read_bytes: 34673664512
write_bytes: 108424970240
cancelled_write_bytes: 4096

[2020-01-23T06:04:33-08:00]
rchar: 367725848238
wchar: 108823731924
syscr: 44539401
syscw: 2693979
read_bytes: 34786189824
write_bytes: 108834914304
cancelled_write_bytes: 4096

[2020-01-23T06:04:36-08:00]
rchar: 370174544828
wchar: 109215945716
syscr: 44835928
syscw: 2706172
read_bytes: 34914329088
write_bytes: 109227225088
cancelled_write_bytes: 4096

[2020-01-23T06:04:39-08:00]
rchar: 371736422520
wchar: 109349107449
syscr: 45025202
syscw: 2713321
read_bytes: 34946695680
write_bytes: 109360410624
cancelled_write_bytes: 4096

[2020-01-23T06:04:42-08:00]
rchar: 373589271682
wchar: 109817219151
syscr: 45249773
syscw: 2724588
read_bytes: 34975965696
write_bytes: 109828550656
cancelled_write_bytes: 4096

[2020-01-23T06:04:45-08:00]
rchar: 377036483761
wchar: 110370987758
syscr: 45667741
syscw: 2739015
read_bytes: 35027763712
write_bytes: 110382350336
cancelled_write_bytes: 4096

[2020-01-23T06:04:48-08:00]
rchar: 378466698288
wchar: 110586826778
syscr: 45841150
syscw: 2746205
read_bytes: 35049103872
write_bytes: 110598197248
cancelled_write_bytes: 4096

[2020-01-23T06:04:51-08:00]
rchar: 381005231830
wchar: 111149642407
syscr: 46148856
syscw: 2758992
read_bytes: 35084583424
write_bytes: 111161053184
cancelled_write_bytes: 4096

[2020-01-23T06:04:54-08:00]
rchar: 384255296080
wchar: 111627363604
syscr: 46542915
syscw: 2773289
read_bytes: 35129131520
write_bytes: 111638802432
cancelled_write_bytes: 4096

[2020-01-23T06:04:57-08:00]
rchar: 386225847030
wchar: 111931803464
syscr: 46781068
syscw: 2781667
read_bytes: 35157021184
write_bytes: 111943274496
cancelled_write_bytes: 4096

[2020-01-23T06:05:00-08:00]
rchar: 387968571812
wchar: 112434585520
syscr: 46992276
syscw: 2795647
read_bytes: 35201155584
write_bytes: 112446111744
cancelled_write_bytes: 4096

[2020-01-23T06:05:03-08:00]
rchar: 390202211472
wchar: 112851917465
syscr: 47263064
syscw: 2811155
read_bytes: 35255861760
write_bytes: 112863510528
cancelled_write_bytes: 4096

[2020-01-23T06:05:06-08:00]
rchar: 391231091588
wchar: 113222415915
syscr: 47387738
syscw: 2821436
read_bytes: 35281105408
write_bytes: 113234022400
cancelled_write_bytes: 4096

[2020-01-23T06:05:09-08:00]
rchar: 392989407230
wchar: 113959062841
syscr: 47600952
syscw: 2832787
read_bytes: 35306209792
write_bytes: 113970704384
cancelled_write_bytes: 4096

[2020-01-23T06:05:12-08:00]
rchar: 394054732223
wchar: 114412216262
syscr: 47730109
syscw: 2840320
read_bytes: 35320721920
write_bytes: 114423930880
cancelled_write_bytes: 4096

[2020-01-23T06:05:15-08:00]
rchar: 395201611635
wchar: 114912986325
syscr: 47869183
syscw: 2848635
read_bytes: 35336258048
write_bytes: 114924761088
cancelled_write_bytes: 4096

[2020-01-23T06:05:18-08:00]
rchar: 396786996796
wchar: 115609310240
syscr: 48061393
syscw: 2859890
read_bytes: 35357184512
write_bytes: 115621707776
cancelled_write_bytes: 4096

[2020-01-23T06:05:21-08:00]
rchar: 397324623704
wchar: 115785397307
syscr: 48126514
syscw: 2864890
read_bytes: 35366097408
write_bytes: 115797254144
cancelled_write_bytes: 4096

[2020-01-23T06:05:24-08:00]
rchar: 398334316396
wchar: 116218086621
syscr: 48248627
syscw: 2875196
read_bytes: 35396022784
write_bytes: 116230041600
cancelled_write_bytes: 4096

[2020-01-23T06:05:27-08:00]
rchar: 400701821967
wchar: 116788405805
syscr: 48535692
syscw: 2889227
read_bytes: 35567383040
write_bytes: 116800368640
cancelled_write_bytes: 4096

[2020-01-23T06:05:30-08:00]
rchar: 402448372036
wchar: 117221729842
syscr: 48747467
syscw: 2900997
read_bytes: 35664372224
write_bytes: 117233737728
cancelled_write_bytes: 4096

[2020-01-23T06:05:33-08:00]
rchar: 403761609954
wchar: 117568487134
syscr: 48906716
syscw: 2911685
read_bytes: 35722392064
write_bytes: 117580578816
cancelled_write_bytes: 4096

[2020-01-23T06:05:36-08:00]
rchar: 405490524709
wchar: 118051054952
syscr: 49116224
syscw: 2924478
read_bytes: 35801387520
write_bytes: 118063173632
cancelled_write_bytes: 4096

[2020-01-23T06:05:39-08:00]
rchar: 407950584336
wchar: 118517282859
syscr: 49414506
syscw: 2938175
read_bytes: 35938873856
write_bytes: 118529396736
cancelled_write_bytes: 4096

[2020-01-23T06:05:42-08:00]
rchar: 409960074677
wchar: 118914084919
syscr: 49658170
syscw: 2949062
read_bytes: 36055249408
write_bytes: 118926274560
cancelled_write_bytes: 4096

[2020-01-23T06:05:45-08:00]
rchar: 411241930650
wchar: 119266285862
syscr: 49813508
syscw: 2959383
read_bytes: 36108583424
write_bytes: 119278493696
cancelled_write_bytes: 4096

[2020-01-23T06:05:48-08:00]
rchar: 413851303108
wchar: 119747202698
syscr: 50129905
syscw: 2971857
read_bytes: 36247450112
write_bytes: 119759450112
cancelled_write_bytes: 4096

[2020-01-23T06:05:51-08:00]
rchar: 416194954265
wchar: 120221581214
syscr: 50414073
syscw: 2984883
read_bytes: 36381131264
write_bytes: 120233852928
cancelled_write_bytes: 4096

[2020-01-23T06:05:54-08:00]
rchar: 416607649295
wchar: 120399932793
syscr: 50464123
syscw: 2987382
read_bytes: 36428648960
write_bytes: 120412205056
cancelled_write_bytes: 4096

[2020-01-23T06:05:57-08:00]
rchar: 416607649295
wchar: 120399932869
syscr: 50464123
syscw: 2987383
read_bytes: 36428648960
write_bytes: 120412217344
cancelled_write_bytes: 4096

[2020-01-23T06:06:00-08:00]
rchar: 416607649295
wchar: 120399932869
syscr: 50464123
syscw: 2987383
read_bytes: 36428648960
write_bytes: 120412225536
cancelled_write_bytes: 4096

[2020-01-23T06:06:03-08:00]
rchar: 416607649295
wchar: 120399932869
syscr: 50464123
syscw: 2987383
read_bytes: 36428648960
write_bytes: 120412225536
cancelled_write_bytes: 4096

[2020-01-23T06:06:06-08:00]
rchar: 416607649295
wchar: 120399932869
syscr: 50464123
syscw: 2987383
read_bytes: 36428648960
write_bytes: 120412225536
cancelled_write_bytes: 4096

