[2020-02-22T00:44:08-08:00]
rchar: 16584901
wchar: 209
syscr: 2825
syscw: 10
read_bytes: 708608
write_bytes: 53248
cancelled_write_bytes: 0

[2020-02-22T00:44:11-08:00]
rchar: 16584901
wchar: 209
syscr: 2825
syscw: 10
read_bytes: 708608
write_bytes: 53248
cancelled_write_bytes: 0

[2020-02-22T00:44:14-08:00]
rchar: 16584901
wchar: 209
syscr: 2825
syscw: 10
read_bytes: 708608
write_bytes: 65536
cancelled_write_bytes: 0

[2020-02-22T00:44:17-08:00]
rchar: 16584901
wchar: 209
syscr: 2825
syscw: 10
read_bytes: 708608
write_bytes: 65536
cancelled_write_bytes: 0

[2020-02-22T00:44:20-08:00]
rchar: 16584901
wchar: 209
syscr: 2825
syscw: 10
read_bytes: 708608
write_bytes: 81920
cancelled_write_bytes: 0

[2020-02-22T00:44:23-08:00]
rchar: 16584901
wchar: 209
syscr: 2825
syscw: 10
read_bytes: 708608
write_bytes: 81920
cancelled_write_bytes: 0

[2020-02-22T00:44:26-08:00]
rchar: 16584901
wchar: 209
syscr: 2825
syscw: 10
read_bytes: 708608
write_bytes: 90112
cancelled_write_bytes: 0

[2020-02-22T00:44:29-08:00]
rchar: 16584901
wchar: 209
syscr: 2825
syscw: 10
read_bytes: 708608
write_bytes: 98304
cancelled_write_bytes: 0

[2020-02-22T00:44:32-08:00]
rchar: 16584901
wchar: 209
syscr: 2825
syscw: 10
read_bytes: 708608
write_bytes: 98304
cancelled_write_bytes: 0

[2020-02-22T00:44:35-08:00]
rchar: 23147108
wchar: 8249927
syscr: 3936
syscw: 1205
read_bytes: 5939200
write_bytes: 8372224
cancelled_write_bytes: 0

[2020-02-22T00:44:38-08:00]
rchar: 147525617
wchar: 110283093
syscr: 35793
syscw: 2350
read_bytes: 189295104
write_bytes: 110428160
cancelled_write_bytes: 0

[2020-02-22T00:44:41-08:00]
rchar: 329618313
wchar: 197797200
syscr: 103756
syscw: 15685
read_bytes: 457587200
write_bytes: 197959680
cancelled_write_bytes: 0

[2020-02-22T00:44:44-08:00]
rchar: 436617271
wchar: 318869508
syscr: 140659
syscw: 25331
read_bytes: 562932224
write_bytes: 319057920
cancelled_write_bytes: 0

[2020-02-22T00:44:47-08:00]
rchar: 499982418
wchar: 399882805
syscr: 166508
syscw: 33908
read_bytes: 656726528
write_bytes: 400367616
cancelled_write_bytes: 0

[2020-02-22T00:44:50-08:00]
rchar: 555480621
wchar: 453136575
syscr: 189441
syscw: 41629
read_bytes: 738597376
write_bytes: 453775360
cancelled_write_bytes: 0

[2020-02-22T00:44:53-08:00]
rchar: 685768205
wchar: 538549188
syscr: 242739
syscw: 53562
read_bytes: 927312384
write_bytes: 539209728
cancelled_write_bytes: 0

[2020-02-22T00:44:56-08:00]
rchar: 765978640
wchar: 693222373
syscr: 275153
syscw: 63210
read_bytes: 1036728832
write_bytes: 694034432
cancelled_write_bytes: 0

[2020-02-22T00:44:59-08:00]
rchar: 890435439
wchar: 808502564
syscr: 325699
syscw: 82053
read_bytes: 1207970304
write_bytes: 809336832
cancelled_write_bytes: 0

[2020-02-22T00:45:02-08:00]
rchar: 983534894
wchar: 902621554
syscr: 363207
syscw: 94431
read_bytes: 1332414976
write_bytes: 903475200
cancelled_write_bytes: 0

[2020-02-22T00:45:05-08:00]
rchar: 1111798303
wchar: 1021733525
syscr: 415206
syscw: 110407
read_bytes: 1507080704
write_bytes: 1022611456
cancelled_write_bytes: 0

[2020-02-22T00:45:08-08:00]
rchar: 1187021133
wchar: 1139965389
syscr: 445122
syscw: 120581
read_bytes: 1601329664
write_bytes: 1141137408
cancelled_write_bytes: 0

[2020-02-22T00:45:11-08:00]
rchar: 1293904405
wchar: 1207285923
syscr: 487796
syscw: 128267
read_bytes: 1735842304
write_bytes: 1208565760
cancelled_write_bytes: 0

[2020-02-22T00:45:14-08:00]
rchar: 1427294772
wchar: 1325431741
syscr: 541080
syscw: 148628
read_bytes: 1905854976
write_bytes: 1326759936
cancelled_write_bytes: 0

[2020-02-22T00:45:17-08:00]
rchar: 1494075862
wchar: 1419542821
syscr: 567390
syscw: 157757
read_bytes: 1984436736
write_bytes: 1421086720
cancelled_write_bytes: 0

[2020-02-22T00:45:20-08:00]
rchar: 1566047029
wchar: 1482230705
syscr: 596256
syscw: 165500
read_bytes: 2067798528
write_bytes: 1484054528
cancelled_write_bytes: 0

[2020-02-22T00:45:23-08:00]
rchar: 1708827783
wchar: 1596537604
syscr: 648902
syscw: 175835
read_bytes: 2225007104
write_bytes: 1598533632
cancelled_write_bytes: 0

[2020-02-22T00:45:26-08:00]
rchar: 1846101149
wchar: 1779509973
syscr: 700162
syscw: 186606
read_bytes: 2372332032
write_bytes: 1781669888
cancelled_write_bytes: 0

[2020-02-22T00:45:29-08:00]
rchar: 2048420897
wchar: 1930179677
syscr: 773040
syscw: 198188
read_bytes: 2584369664
write_bytes: 1932361728
cancelled_write_bytes: 0

[2020-02-22T00:45:32-08:00]
rchar: 2308640038
wchar: 2198393227
syscr: 865057
syscw: 207000
read_bytes: 2852960768
write_bytes: 2200625152
cancelled_write_bytes: 0

[2020-02-22T00:45:35-08:00]
rchar: 2561380354
wchar: 2412610999
syscr: 954566
syscw: 217092
read_bytes: 3111672320
write_bytes: 2414952448
cancelled_write_bytes: 0

[2020-02-22T00:45:38-08:00]
rchar: 2711250116
wchar: 2570900404
syscr: 1006918
syscw: 222992
read_bytes: 3256728064
write_bytes: 2573348864
cancelled_write_bytes: 0

[2020-02-22T00:45:41-08:00]
rchar: 2894031954
wchar: 2691540332
syscr: 1074581
syscw: 233118
read_bytes: 3427889664
write_bytes: 2694270976
cancelled_write_bytes: 0

[2020-02-22T00:45:44-08:00]
rchar: 2964937729
wchar: 2796782874
syscr: 1100184
syscw: 236011
read_bytes: 3491426816
write_bytes: 2800205824
cancelled_write_bytes: 0

[2020-02-22T00:45:47-08:00]
rchar: 3054581011
wchar: 2900222645
syscr: 1130094
syscw: 239391
read_bytes: 3575865856
write_bytes: 2904371200
cancelled_write_bytes: 0

[2020-02-22T00:45:50-08:00]
rchar: 3167009482
wchar: 3001044707
syscr: 1168302
syscw: 243297
read_bytes: 3682525696
write_bytes: 3005554688
cancelled_write_bytes: 0

[2020-02-22T00:45:53-08:00]
rchar: 3354642077
wchar: 3152319558
syscr: 1230899
syscw: 248655
read_bytes: 3859407360
write_bytes: 3156987904
cancelled_write_bytes: 0

[2020-02-22T00:45:56-08:00]
rchar: 3576534213
wchar: 3393222210
syscr: 1305327
syscw: 256202
read_bytes: 4070195712
write_bytes: 3398119424
cancelled_write_bytes: 0

[2020-02-22T00:45:59-08:00]
rchar: 3721231440
wchar: 3527503324
syscr: 1354570
syscw: 261129
read_bytes: 4205715968
write_bytes: 3532591104
cancelled_write_bytes: 0

[2020-02-22T00:46:02-08:00]
rchar: 3878679516
wchar: 3685652424
syscr: 1409560
syscw: 267509
read_bytes: 4353188352
write_bytes: 3690905600
cancelled_write_bytes: 0

[2020-02-22T00:46:05-08:00]
rchar: 4036993071
wchar: 3817835326
syscr: 1466621
syscw: 277491
read_bytes: 4497093120
write_bytes: 3823239168
cancelled_write_bytes: 0

[2020-02-22T00:46:08-08:00]
rchar: 4197109711
wchar: 3965352334
syscr: 1523541
syscw: 285344
read_bytes: 4641423872
write_bytes: 3970977792
cancelled_write_bytes: 0

[2020-02-22T00:46:11-08:00]
rchar: 4266094491
wchar: 4035356647
syscr: 1550127
syscw: 292793
read_bytes: 4702835200
write_bytes: 4041191424
cancelled_write_bytes: 0

[2020-02-22T00:46:14-08:00]
rchar: 4361301702
wchar: 4090015466
syscr: 1586039
syscw: 300292
read_bytes: 4786774528
write_bytes: 4096073728
cancelled_write_bytes: 0

[2020-02-22T00:46:17-08:00]
rchar: 4490631087
wchar: 4201649338
syscr: 1634330
syscw: 308818
read_bytes: 4900413952
write_bytes: 4207996928
cancelled_write_bytes: 0

[2020-02-22T00:46:20-08:00]
rchar: 4591221194
wchar: 4270775525
syscr: 1673330
syscw: 319376
read_bytes: 4990026240
write_bytes: 4277301248
cancelled_write_bytes: 0

[2020-02-22T00:46:23-08:00]
rchar: 4689748758
wchar: 4338209413
syscr: 1712149
syscw: 328985
read_bytes: 5075517952
write_bytes: 4345040896
cancelled_write_bytes: 0

[2020-02-22T00:46:26-08:00]
rchar: 4755973303
wchar: 4407886589
syscr: 1738312
syscw: 335618
read_bytes: 5134254592
write_bytes: 4414935040
cancelled_write_bytes: 0

[2020-02-22T00:46:29-08:00]
rchar: 4927473097
wchar: 4469506539
syscr: 1802300
syscw: 340231
read_bytes: 5268308480
write_bytes: 4477743104
cancelled_write_bytes: 0

[2020-02-22T00:46:32-08:00]
rchar: 5030407866
wchar: 4606048443
syscr: 1835330
syscw: 342061
read_bytes: 5361705472
write_bytes: 4614799360
cancelled_write_bytes: 0

[2020-02-22T00:46:35-08:00]
rchar: 5267272550
wchar: 4813321206
syscr: 1911882
syscw: 346782
read_bytes: 5572858368
write_bytes: 4822433792
cancelled_write_bytes: 0

[2020-02-22T00:46:38-08:00]
rchar: 5430142281
wchar: 4950205996
syscr: 1964296
syscw: 349994
read_bytes: 5720105472
write_bytes: 4972343296
cancelled_write_bytes: 0

[2020-02-22T00:46:41-08:00]
rchar: 5713780669
wchar: 5233750559
syscr: 2055040
syscw: 355071
read_bytes: 5974802944
write_bytes: 5243166720
cancelled_write_bytes: 0

[2020-02-22T00:46:44-08:00]
rchar: 5915664245
wchar: 5461328166
syscr: 2120783
syscw: 360173
read_bytes: 6154863104
write_bytes: 5470945280
cancelled_write_bytes: 0

[2020-02-22T00:46:47-08:00]
rchar: 6071665288
wchar: 5594563693
syscr: 2171666
syscw: 364063
read_bytes: 6293619200
write_bytes: 5604257792
cancelled_write_bytes: 0

[2020-02-22T00:46:50-08:00]
rchar: 6391706881
wchar: 5966058767
syscr: 2275442
syscw: 370540
read_bytes: 6577304064
write_bytes: 5975834624
cancelled_write_bytes: 0

[2020-02-22T00:46:53-08:00]
rchar: 6622583797
wchar: 6152261981
syscr: 2350461
syscw: 375680
read_bytes: 6781989376
write_bytes: 6162108416
cancelled_write_bytes: 0

[2020-02-22T00:46:56-08:00]
rchar: 6835321692
wchar: 6334226166
syscr: 2420393
syscw: 381399
read_bytes: 6968771072
write_bytes: 6344232960
cancelled_write_bytes: 0

[2020-02-22T00:46:59-08:00]
rchar: 6922179743
wchar: 6450370989
syscr: 2449581
syscw: 384772
read_bytes: 7042863616
write_bytes: 6460682240
cancelled_write_bytes: 0

[2020-02-22T00:47:02-08:00]
rchar: 7131163295
wchar: 6657681777
syscr: 2518924
syscw: 391300
read_bytes: 7220765184
write_bytes: 6668189696
cancelled_write_bytes: 0

[2020-02-22T00:47:05-08:00]
rchar: 7474952583
wchar: 6942191593
syscr: 2631460
syscw: 398293
read_bytes: 7512056320
write_bytes: 6952734720
cancelled_write_bytes: 0

[2020-02-22T00:47:08-08:00]
rchar: 7720355977
wchar: 7171198750
syscr: 2712187
syscw: 404263
read_bytes: 7718568448
write_bytes: 7181832192
cancelled_write_bytes: 0

[2020-02-22T00:47:11-08:00]
rchar: 7926047887
wchar: 7381211836
syscr: 2780623
syscw: 410481
read_bytes: 7889863168
write_bytes: 7391985664
cancelled_write_bytes: 0

[2020-02-22T00:47:14-08:00]
rchar: 8071791652
wchar: 7506948277
syscr: 2829917
syscw: 416112
read_bytes: 8008557056
write_bytes: 7517990912
cancelled_write_bytes: 0

[2020-02-22T00:47:17-08:00]
rchar: 8376229002
wchar: 7775671762
syscr: 2931184
syscw: 424124
read_bytes: 8256467456
write_bytes: 7786745856
cancelled_write_bytes: 0

[2020-02-22T00:47:20-08:00]
rchar: 8747636808
wchar: 8093237369
syscr: 3054490
syscw: 432610
read_bytes: 8555270656
write_bytes: 8104353792
cancelled_write_bytes: 0

[2020-02-22T00:47:23-08:00]
rchar: 8871108243
wchar: 8219423061
syscr: 3096866
syscw: 437884
read_bytes: 8648708608
write_bytes: 8230834176
cancelled_write_bytes: 0

[2020-02-22T00:47:26-08:00]
rchar: 9045670542
wchar: 8357150407
syscr: 3156515
syscw: 444730
read_bytes: 8779395584
write_bytes: 8368697344
cancelled_write_bytes: 0

[2020-02-22T00:47:29-08:00]
rchar: 9142742415
wchar: 8467936474
syscr: 3191137
syscw: 451675
read_bytes: 8846438912
write_bytes: 8479715328
cancelled_write_bytes: 0

[2020-02-22T00:47:32-08:00]
rchar: 9265409604
wchar: 8546212860
syscr: 3233609
syscw: 457985
read_bytes: 8933360128
write_bytes: 8558280704
cancelled_write_bytes: 0

[2020-02-22T00:47:35-08:00]
rchar: 9401517288
wchar: 8649894660
syscr: 3282010
syscw: 465764
read_bytes: 9025974784
write_bytes: 8662208512
cancelled_write_bytes: 0

[2020-02-22T00:47:38-08:00]
rchar: 9509097129
wchar: 8730874408
syscr: 3321142
syscw: 474790
read_bytes: 9094214144
write_bytes: 8743473152
cancelled_write_bytes: 0

[2020-02-22T00:47:41-08:00]
rchar: 9613869495
wchar: 8778500513
syscr: 3360423
syscw: 483948
read_bytes: 9163747840
write_bytes: 8791347200
cancelled_write_bytes: 0

[2020-02-22T00:47:44-08:00]
rchar: 9751813832
wchar: 8878567679
syscr: 3412985
syscw: 494379
read_bytes: 9258799616
write_bytes: 8891699200
cancelled_write_bytes: 0

[2020-02-22T00:47:47-08:00]
rchar: 9831015742
wchar: 8952919723
syscr: 3443636
syscw: 502065
read_bytes: 9315787264
write_bytes: 8966287360
cancelled_write_bytes: 0

[2020-02-22T00:47:50-08:00]
rchar: 10116521479
wchar: 9146237202
syscr: 3546890
syscw: 511159
read_bytes: 9534820864
write_bytes: 9160028160
cancelled_write_bytes: 0

[2020-02-22T00:47:53-08:00]
rchar: 10172380254
wchar: 9242402102
syscr: 3568361
syscw: 514763
read_bytes: 9574208000
write_bytes: 9257160704
cancelled_write_bytes: 0

[2020-02-22T00:47:56-08:00]
rchar: 10284448345
wchar: 9348455514
syscr: 3610663
syscw: 521456
read_bytes: 9656197632
write_bytes: 9363427328
cancelled_write_bytes: 0

[2020-02-22T00:47:59-08:00]
rchar: 10519791244
wchar: 9498427777
syscr: 3695478
syscw: 530794
read_bytes: 9834291712
write_bytes: 9513574400
cancelled_write_bytes: 0

[2020-02-22T00:48:02-08:00]
rchar: 10634907166
wchar: 9602277908
syscr: 3744750
syscw: 537679
read_bytes: 9902244352
write_bytes: 9618116608
cancelled_write_bytes: 0

[2020-02-22T00:48:05-08:00]
rchar: 10744151134
wchar: 9629341894
syscr: 3781404
syscw: 542163
read_bytes: 9990226432
write_bytes: 9646489600
cancelled_write_bytes: 0

[2020-02-22T00:48:08-08:00]
rchar: 10823481857
wchar: 9741926791
syscr: 3808466
syscw: 545042
read_bytes: 10052313600
write_bytes: 9759559680
cancelled_write_bytes: 0

[2020-02-22T00:48:11-08:00]
rchar: 10916797412
wchar: 9865268886
syscr: 3840383
syscw: 548808
read_bytes: 10124857856
write_bytes: 9883389952
cancelled_write_bytes: 0

[2020-02-22T00:48:14-08:00]
rchar: 11064488390
wchar: 10009450112
syscr: 3890103
syscw: 553174
read_bytes: 10243580416
write_bytes: 10027970560
cancelled_write_bytes: 0

[2020-02-22T00:48:17-08:00]
rchar: 11334587476
wchar: 10212309921
syscr: 3979940
syscw: 560862
read_bytes: 10462372352
write_bytes: 10230996992
cancelled_write_bytes: 0

[2020-02-22T00:48:20-08:00]
rchar: 11682439156
wchar: 10519956358
syscr: 4095329
syscw: 569108
read_bytes: 10741531136
write_bytes: 10538692608
cancelled_write_bytes: 0

[2020-02-22T00:48:23-08:00]
rchar: 12027376073
wchar: 10825432175
syscr: 4209407
syscw: 577419
read_bytes: 11017470464
write_bytes: 10844217344
cancelled_write_bytes: 0

[2020-02-22T00:48:26-08:00]
rchar: 12240547777
wchar: 11070649524
syscr: 4279802
syscw: 582411
read_bytes: 11188118016
write_bytes: 11089543168
cancelled_write_bytes: 0

[2020-02-22T00:48:29-08:00]
rchar: 12447906591
wchar: 11248565454
syscr: 4349542
syscw: 588478
read_bytes: 11349070336
write_bytes: 11267661824
cancelled_write_bytes: 0

[2020-02-22T00:48:32-08:00]
rchar: 12545288681
wchar: 11383165814
syscr: 4383487
syscw: 593586
read_bytes: 11421749760
write_bytes: 11402469376
cancelled_write_bytes: 0

[2020-02-22T00:48:35-08:00]
rchar: 12646929641
wchar: 11450761866
syscr: 4418618
syscw: 598044
read_bytes: 11495481856
write_bytes: 11470450688
cancelled_write_bytes: 0

[2020-02-22T00:48:38-08:00]
rchar: 12951327075
wchar: 11704908858
syscr: 4520267
syscw: 604636
read_bytes: 11721454080
write_bytes: 11724816384
cancelled_write_bytes: 0

[2020-02-22T00:48:41-08:00]
rchar: 13104230004
wchar: 11842341967
syscr: 4573630
syscw: 611749
read_bytes: 11827692032
write_bytes: 11862454272
cancelled_write_bytes: 0

[2020-02-22T00:48:44-08:00]
rchar: 13235966184
wchar: 11961290653
syscr: 4620439
syscw: 619217
read_bytes: 11914916352
write_bytes: 11981635584
cancelled_write_bytes: 0

[2020-02-22T00:48:47-08:00]
rchar: 13363337761
wchar: 12063302194
syscr: 4666478
syscw: 627450
read_bytes: 11996467712
write_bytes: 12083912704
cancelled_write_bytes: 0

[2020-02-22T00:48:50-08:00]
rchar: 13487990445
wchar: 12119951056
syscr: 4713226
syscw: 636866
read_bytes: 12072944128
write_bytes: 12140793856
cancelled_write_bytes: 0

[2020-02-22T00:48:53-08:00]
rchar: 13600716090
wchar: 12207637739
syscr: 4756154
syscw: 646091
read_bytes: 12142572032
write_bytes: 12228730880
cancelled_write_bytes: 0

[2020-02-22T00:48:56-08:00]
rchar: 13714236834
wchar: 12293132027
syscr: 4798939
syscw: 655801
read_bytes: 12209787392
write_bytes: 12314451968
cancelled_write_bytes: 0

[2020-02-22T00:48:59-08:00]
rchar: 13859934647
wchar: 12393014976
syscr: 4853831
syscw: 665874
read_bytes: 12297826816
write_bytes: 12414611456
cancelled_write_bytes: 0

[2020-02-22T00:49:02-08:00]
rchar: 13981990328
wchar: 12457934433
syscr: 4904458
syscw: 674502
read_bytes: 12362699264
write_bytes: 12479832064
cancelled_write_bytes: 0

[2020-02-22T00:49:05-08:00]
rchar: 14077818152
wchar: 12538389667
syscr: 4938462
syscw: 678662
read_bytes: 12429390336
write_bytes: 12561342464
cancelled_write_bytes: 0

[2020-02-22T00:49:08-08:00]
rchar: 14168242030
wchar: 12618374344
syscr: 4970221
syscw: 683194
read_bytes: 12494098944
write_bytes: 12641931264
cancelled_write_bytes: 0

[2020-02-22T00:49:11-08:00]
rchar: 14250259905
wchar: 12701691709
syscr: 4999021
syscw: 686642
read_bytes: 12553384448
write_bytes: 12748509184
cancelled_write_bytes: 0

[2020-02-22T00:49:14-08:00]
rchar: 14484326414
wchar: 12924174275
syscr: 5079062
syscw: 693829
read_bytes: 12726104576
write_bytes: 12948414464
cancelled_write_bytes: 0

[2020-02-22T00:49:17-08:00]
rchar: 14653741023
wchar: 13066670997
syscr: 5138496
syscw: 700923
read_bytes: 12846993920
write_bytes: 13091106816
cancelled_write_bytes: 0

[2020-02-22T00:49:20-08:00]
rchar: 14801526266
wchar: 13211173033
syscr: 5191313
syscw: 708536
read_bytes: 12948992512
write_bytes: 13235998720
cancelled_write_bytes: 0

[2020-02-22T00:49:24-08:00]
rchar: 14971284308
wchar: 13335409755
syscr: 5250461
syscw: 715173
read_bytes: 13061767680
write_bytes: 13360455680
cancelled_write_bytes: 0

[2020-02-22T00:49:27-08:00]
rchar: 15068697640
wchar: 13434552400
syscr: 5286801
syscw: 723177
read_bytes: 13118919168
write_bytes: 13459894272
cancelled_write_bytes: 0

[2020-02-22T00:49:30-08:00]
rchar: 15218716883
wchar: 13499778653
syscr: 5342762
syscw: 733902
read_bytes: 13205475840
write_bytes: 13525430272
cancelled_write_bytes: 0

[2020-02-22T00:49:33-08:00]
rchar: 15348018240
wchar: 13591415041
syscr: 5391545
syscw: 742323
read_bytes: 13280010752
write_bytes: 13617299456
cancelled_write_bytes: 0

[2020-02-22T00:49:36-08:00]
rchar: 15497671694
wchar: 13664796828
syscr: 5453206
syscw: 750928
read_bytes: 13360255488
write_bytes: 13691105280
cancelled_write_bytes: 0

[2020-02-22T00:49:39-08:00]
rchar: 15590195827
wchar: 13733529188
syscr: 5484351
syscw: 752871
read_bytes: 13428011520
write_bytes: 13760692224
cancelled_write_bytes: 0

[2020-02-22T00:49:42-08:00]
rchar: 15685849951
wchar: 13784479881
syscr: 5516108
syscw: 755883
read_bytes: 13498999296
write_bytes: 13812211712
cancelled_write_bytes: 0

[2020-02-22T00:49:45-08:00]
rchar: 15886365832
wchar: 14025323202
syscr: 5581579
syscw: 760123
read_bytes: 13648126464
write_bytes: 14053363712
cancelled_write_bytes: 0

[2020-02-22T00:49:48-08:00]
rchar: 16080530503
wchar: 14177017703
syscr: 5645937
syscw: 765550
read_bytes: 13789295104
write_bytes: 14205394944
cancelled_write_bytes: 0

[2020-02-22T00:49:51-08:00]
rchar: 16260842104
wchar: 14363574240
syscr: 5705923
syscw: 770570
read_bytes: 13920227840
write_bytes: 14392176640
cancelled_write_bytes: 0

[2020-02-22T00:49:54-08:00]
rchar: 16349123026
wchar: 14468458838
syscr: 5736230
syscw: 774225
read_bytes: 13981962752
write_bytes: 14497361920
cancelled_write_bytes: 0

[2020-02-22T00:49:57-08:00]
rchar: 16554691743
wchar: 14672203632
syscr: 5805559
syscw: 780488
read_bytes: 14122197504
write_bytes: 14701481984
cancelled_write_bytes: 0

[2020-02-22T00:50:00-08:00]
rchar: 16685414267
wchar: 14744602389
syscr: 5850022
syscw: 785562
read_bytes: 14209745408
write_bytes: 14774173696
cancelled_write_bytes: 0

[2020-02-22T00:50:03-08:00]
rchar: 16866604441
wchar: 14902239417
syscr: 5912072
syscw: 792240
read_bytes: 14330151424
write_bytes: 14931988480
cancelled_write_bytes: 0

[2020-02-22T00:50:06-08:00]
rchar: 17161082807
wchar: 15124406022
syscr: 6011271
syscw: 800582
read_bytes: 14527578624
write_bytes: 15154364416
cancelled_write_bytes: 0

[2020-02-22T00:50:09-08:00]
rchar: 17417193651
wchar: 15392377879
syscr: 6098290
syscw: 808658
read_bytes: 14695977472
write_bytes: 15422373888
cancelled_write_bytes: 0

[2020-02-22T00:50:12-08:00]
rchar: 17592326662
wchar: 15517800702
syscr: 6158472
syscw: 815567
read_bytes: 14805377536
write_bytes: 15548067840
cancelled_write_bytes: 0

[2020-02-22T00:50:15-08:00]
rchar: 17939131429
wchar: 15776481122
syscr: 6277166
syscw: 822907
read_bytes: 15020552704
write_bytes: 15806787584
cancelled_write_bytes: 0

[2020-02-22T00:50:18-08:00]
rchar: 18075046009
wchar: 15916029801
syscr: 6326418
syscw: 829267
read_bytes: 15095828992
write_bytes: 15946706944
cancelled_write_bytes: 0

[2020-02-22T00:50:21-08:00]
rchar: 18191703818
wchar: 15982023374
syscr: 6369167
syscw: 837805
read_bytes: 15154700800
write_bytes: 16012951552
cancelled_write_bytes: 0

[2020-02-22T00:50:24-08:00]
rchar: 18508114347
wchar: 16123505113
syscr: 6484213
syscw: 844822
read_bytes: 15312785920
write_bytes: 16154460160
cancelled_write_bytes: 0

[2020-02-22T00:50:27-08:00]
rchar: 18692131044
wchar: 16298608042
syscr: 6550422
syscw: 852858
read_bytes: 15399404032
write_bytes: 16329777152
cancelled_write_bytes: 0

[2020-02-22T00:50:30-08:00]
rchar: 18834478870
wchar: 16371515959
syscr: 6602025
syscw: 862936
read_bytes: 15467389440
write_bytes: 16402890752
cancelled_write_bytes: 0

[2020-02-22T00:50:33-08:00]
rchar: 18954249951
wchar: 16475473525
syscr: 6646356
syscw: 871525
read_bytes: 15525736960
write_bytes: 16507457536
cancelled_write_bytes: 0

[2020-02-22T00:50:36-08:00]
rchar: 19098622570
wchar: 16545973053
syscr: 6700320
syscw: 879855
read_bytes: 15605158400
write_bytes: 16578191360
cancelled_write_bytes: 0

[2020-02-22T00:50:39-08:00]
rchar: 19224919394
wchar: 16638681134
syscr: 6750044
syscw: 888918
read_bytes: 15669998080
write_bytes: 16671612928
cancelled_write_bytes: 0

[2020-02-22T00:50:42-08:00]
rchar: 19321959219
wchar: 16726930650
syscr: 6789069
syscw: 895411
read_bytes: 15721517568
write_bytes: 16761184256
cancelled_write_bytes: 0

[2020-02-22T00:50:45-08:00]
rchar: 19417588250
wchar: 16806847808
syscr: 6825461
syscw: 903059
read_bytes: 15776023040
write_bytes: 16841285632
cancelled_write_bytes: 0

[2020-02-22T00:50:48-08:00]
rchar: 19628560105
wchar: 16940435665
syscr: 6905321
syscw: 913736
read_bytes: 15898161664
write_bytes: 16975204352
cancelled_write_bytes: 0

[2020-02-22T00:50:51-08:00]
rchar: 19679859189
wchar: 17004649329
syscr: 6925990
syscw: 918314
read_bytes: 15925248512
write_bytes: 17040404480
cancelled_write_bytes: 0

[2020-02-22T00:50:54-08:00]
rchar: 19749942130
wchar: 17077042089
syscr: 6953536
syscw: 925248
read_bytes: 15966331392
write_bytes: 17113399296
cancelled_write_bytes: 0

[2020-02-22T00:50:57-08:00]
rchar: 19899138693
wchar: 17169330061
syscr: 7011397
syscw: 935344
read_bytes: 16053404160
write_bytes: 17206095872
cancelled_write_bytes: 0

[2020-02-22T00:51:00-08:00]
rchar: 20057465099
wchar: 17290560548
syscr: 7070366
syscw: 945618
read_bytes: 16147255808
write_bytes: 17327439872
cancelled_write_bytes: 0

[2020-02-22T00:51:03-08:00]
rchar: 20258551885
wchar: 17471220932
syscr: 7145157
syscw: 956161
read_bytes: 16267743744
write_bytes: 17508372480
cancelled_write_bytes: 0

[2020-02-22T00:51:06-08:00]
rchar: 20364339371
wchar: 17556021262
syscr: 7185467
syscw: 965762
read_bytes: 16328446464
write_bytes: 17593389056
cancelled_write_bytes: 0

[2020-02-22T00:51:09-08:00]
rchar: 20510729517
wchar: 17642764723
syscr: 7241688
syscw: 977848
read_bytes: 16410997248
write_bytes: 17680420864
cancelled_write_bytes: 0

[2020-02-22T00:51:12-08:00]
rchar: 20626097695
wchar: 17748998014
syscr: 7285571
syscw: 986663
read_bytes: 16474628608
write_bytes: 17786908672
cancelled_write_bytes: 0

[2020-02-22T00:51:15-08:00]
rchar: 20746078675
wchar: 17836971918
syscr: 7331910
syscw: 996157
read_bytes: 16539996672
write_bytes: 17875087360
cancelled_write_bytes: 0

[2020-02-22T00:51:18-08:00]
rchar: 20960216975
wchar: 17933721292
syscr: 7411294
syscw: 1007111
read_bytes: 16663273984
write_bytes: 17972125696
cancelled_write_bytes: 0

[2020-02-22T00:51:21-08:00]
rchar: 21036881468
wchar: 18048121764
syscr: 7444409
syscw: 1008599
read_bytes: 16697000448
write_bytes: 18087735296
cancelled_write_bytes: 0

[2020-02-22T00:51:24-08:00]
rchar: 21129322321
wchar: 18147716903
syscr: 7478128
syscw: 1014564
read_bytes: 16752382464
write_bytes: 18198839296
cancelled_write_bytes: 0

[2020-02-22T00:51:27-08:00]
rchar: 21228959660
wchar: 18198658609
syscr: 7515043
syscw: 1021166
read_bytes: 16809812480
write_bytes: 18240040960
cancelled_write_bytes: 0

[2020-02-22T00:51:30-08:00]
rchar: 21339841722
wchar: 18273979198
syscr: 7555136
syscw: 1026673
read_bytes: 16878264832
write_bytes: 18315718656
cancelled_write_bytes: 0

[2020-02-22T00:51:33-08:00]
rchar: 21710847651
wchar: 18591698934
syscr: 7680948
syscw: 1033386
read_bytes: 17119457792
write_bytes: 18633576448
cancelled_write_bytes: 0

[2020-02-22T00:51:36-08:00]
rchar: 21827517163
wchar: 18741765279
syscr: 7722722
syscw: 1040054
read_bytes: 17183035904
write_bytes: 18783830016
cancelled_write_bytes: 0

[2020-02-22T00:51:39-08:00]
rchar: 22152524554
wchar: 18956246197
syscr: 7836668
syscw: 1048309
read_bytes: 17369334272
write_bytes: 18998370304
cancelled_write_bytes: 0

[2020-02-22T00:51:42-08:00]
rchar: 22316113002
wchar: 19093114334
syscr: 7899754
syscw: 1053384
read_bytes: 17452876288
write_bytes: 19136094208
cancelled_write_bytes: 0

[2020-02-22T00:51:45-08:00]
rchar: 22387417454
wchar: 19138625721
syscr: 7925568
syscw: 1058101
read_bytes: 17493623296
write_bytes: 19182772224
cancelled_write_bytes: 0

[2020-02-22T00:51:48-08:00]
rchar: 22504332632
wchar: 19265265735
syscr: 7968203
syscw: 1064601
read_bytes: 17561240064
write_bytes: 19310120960
cancelled_write_bytes: 0

[2020-02-22T00:51:51-08:00]
rchar: 22661536647
wchar: 19347844753
syscr: 8023350
syscw: 1071354
read_bytes: 17656128000
write_bytes: 19392983040
cancelled_write_bytes: 0

[2020-02-22T00:51:54-08:00]
rchar: 22856806641
wchar: 19531734448
syscr: 8093291
syscw: 1081264
read_bytes: 17768223232
write_bytes: 19577298944
cancelled_write_bytes: 0

[2020-02-22T00:51:57-08:00]
rchar: 22931609418
wchar: 19619671526
syscr: 8121239
syscw: 1087150
read_bytes: 17809105408
write_bytes: 19665473536
cancelled_write_bytes: 0

[2020-02-22T00:52:00-08:00]
rchar: 23062352441
wchar: 19726042807
syscr: 8169571
syscw: 1095758
read_bytes: 17875866112
write_bytes: 19772035072
cancelled_write_bytes: 0

[2020-02-22T00:52:03-08:00]
rchar: 23253833280
wchar: 19809024078
syscr: 8240671
syscw: 1107515
read_bytes: 17967878656
write_bytes: 19855306752
cancelled_write_bytes: 0

[2020-02-22T00:52:06-08:00]
rchar: 23358664571
wchar: 19924233442
syscr: 8281088
syscw: 1115317
read_bytes: 18018988544
write_bytes: 19971178496
cancelled_write_bytes: 0

[2020-02-22T00:52:09-08:00]
rchar: 23483206955
wchar: 19992585304
syscr: 8326926
syscw: 1122192
read_bytes: 18088165888
write_bytes: 20039831552
cancelled_write_bytes: 0

[2020-02-22T00:52:12-08:00]
rchar: 23676062214
wchar: 20166091572
syscr: 8398253
syscw: 1133322
read_bytes: 18196312576
write_bytes: 20213604352
cancelled_write_bytes: 0

[2020-02-22T00:52:15-08:00]
rchar: 23820349958
wchar: 20283275657
syscr: 8450054
syscw: 1140568
read_bytes: 18274030080
write_bytes: 20331577344
cancelled_write_bytes: 0

[2020-02-22T00:52:18-08:00]
rchar: 24090398570
wchar: 20495591952
syscr: 8546584
syscw: 1150084
read_bytes: 18424357376
write_bytes: 20543389696
cancelled_write_bytes: 0

[2020-02-22T00:52:21-08:00]
rchar: 24259222917
wchar: 20606300803
syscr: 8610575
syscw: 1161410
read_bytes: 18509677056
write_bytes: 20654428160
cancelled_write_bytes: 0

[2020-02-22T00:52:24-08:00]
rchar: 24395674998
wchar: 20702509655
syscr: 8661958
syscw: 1170785
read_bytes: 18576146944
write_bytes: 20750880768
cancelled_write_bytes: 0

[2020-02-22T00:52:27-08:00]
rchar: 24547014639
wchar: 20798827414
syscr: 8721231
syscw: 1180122
read_bytes: 18642670080
write_bytes: 20847546368
cancelled_write_bytes: 0

[2020-02-22T00:52:30-08:00]
rchar: 24625093443
wchar: 20843079643
syscr: 8749202
syscw: 1185095
read_bytes: 18685526528
write_bytes: 20892499968
cancelled_write_bytes: 0

[2020-02-22T00:52:33-08:00]
rchar: 24802014162
wchar: 21027514887
syscr: 8811230
syscw: 1192249
read_bytes: 18785096192
write_bytes: 21077266432
cancelled_write_bytes: 0

[2020-02-22T00:52:36-08:00]
rchar: 25092038142
wchar: 21253733105
syscr: 8910656
syscw: 1200399
read_bytes: 18954105344
write_bytes: 21303648256
cancelled_write_bytes: 0

[2020-02-22T00:52:39-08:00]
rchar: 25290206928
wchar: 21424188036
syscr: 8980570
syscw: 1208967
read_bytes: 19064975872
write_bytes: 21474279424
cancelled_write_bytes: 0

[2020-02-22T00:52:42-08:00]
rchar: 25571067904
wchar: 21648683055
syscr: 9078576
syscw: 1217056
read_bytes: 19224834560
write_bytes: 21715636224
cancelled_write_bytes: 0

[2020-02-22T00:52:45-08:00]
rchar: 25774386212
wchar: 21821958330
syscr: 9150711
syscw: 1225656
read_bytes: 19332846080
write_bytes: 21872427008
cancelled_write_bytes: 0

[2020-02-22T00:52:48-08:00]
rchar: 26082655999
wchar: 22057215103
syscr: 9257537
syscw: 1235256
read_bytes: 19493077504
write_bytes: 22107848704
cancelled_write_bytes: 0

[2020-02-22T00:52:51-08:00]
rchar: 26310978262
wchar: 22222075687
syscr: 9338333
syscw: 1244113
read_bytes: 19604775424
write_bytes: 22272823296
cancelled_write_bytes: 0

[2020-02-22T00:52:54-08:00]
rchar: 26435191137
wchar: 22340639485
syscr: 9384162
syscw: 1253292
read_bytes: 19658138112
write_bytes: 22391615488
cancelled_write_bytes: 0

[2020-02-22T00:52:57-08:00]
rchar: 26591617176
wchar: 22421926161
syscr: 9441867
syscw: 1263888
read_bytes: 19723047424
write_bytes: 22473154560
cancelled_write_bytes: 0

[2020-02-22T00:53:00-08:00]
rchar: 26737712265
wchar: 22518605439
syscr: 9496399
syscw: 1273747
read_bytes: 19786940928
write_bytes: 22570110976
cancelled_write_bytes: 0

[2020-02-22T00:53:03-08:00]
rchar: 26937411350
wchar: 22615744533
syscr: 9570290
syscw: 1283972
read_bytes: 19871711744
write_bytes: 22667481088
cancelled_write_bytes: 0

[2020-02-22T00:53:06-08:00]
rchar: 27058975951
wchar: 22695604801
syscr: 9619369
syscw: 1289789
read_bytes: 19917726208
write_bytes: 22748033024
cancelled_write_bytes: 0

[2020-02-22T00:53:09-08:00]
rchar: 27152390563
wchar: 22778658885
syscr: 9652907
syscw: 1293130
read_bytes: 19965051392
write_bytes: 22832361472
cancelled_write_bytes: 0

[2020-02-22T00:53:12-08:00]
rchar: 27249779277
wchar: 22863223893
syscr: 9688731
syscw: 1298551
read_bytes: 20012679680
write_bytes: 22917922816
cancelled_write_bytes: 0

[2020-02-22T00:53:15-08:00]
rchar: 27388382088
wchar: 22962791834
syscr: 9737840
syscw: 1304497
read_bytes: 20086645248
write_bytes: 23017746432
cancelled_write_bytes: 0

[2020-02-22T00:53:18-08:00]
rchar: 27710166915
wchar: 23254600300
syscr: 9847821
syscw: 1313151
read_bytes: 20267385344
write_bytes: 23309705216
cancelled_write_bytes: 0

[2020-02-22T00:53:21-08:00]
rchar: 27971481030
wchar: 23462349427
syscr: 9939434
syscw: 1321732
read_bytes: 20407149056
write_bytes: 23517605888
cancelled_write_bytes: 0

[2020-02-22T00:53:24-08:00]
rchar: 28129952426
wchar: 23594179548
syscr: 9997093
syscw: 1329935
read_bytes: 20486660608
write_bytes: 23649636352
cancelled_write_bytes: 0

[2020-02-22T00:53:27-08:00]
rchar: 28333072308
wchar: 23732553061
syscr: 10069010
syscw: 1338217
read_bytes: 20585722368
write_bytes: 23794802688
cancelled_write_bytes: 0

[2020-02-22T00:53:30-08:00]
rchar: 28710396656
wchar: 23993837333
syscr: 10203045
syscw: 1347885
read_bytes: 20761170432
write_bytes: 24049577984
cancelled_write_bytes: 0

[2020-02-22T00:53:33-08:00]
rchar: 28780254901
wchar: 24074340686
syscr: 10228693
syscw: 1352691
read_bytes: 20793131520
write_bytes: 24130568192
cancelled_write_bytes: 0

[2020-02-22T00:53:36-08:00]
rchar: 28936694285
wchar: 24171593813
syscr: 10283737
syscw: 1360062
read_bytes: 20873748992
write_bytes: 24228102144
cancelled_write_bytes: 0

[2020-02-22T00:53:39-08:00]
rchar: 29112304342
wchar: 24313143716
syscr: 10345623
syscw: 1368490
read_bytes: 20961726976
write_bytes: 24369926144
cancelled_write_bytes: 0

[2020-02-22T00:53:42-08:00]
rchar: 29352995239
wchar: 24517233736
syscr: 10430588
syscw: 1377476
read_bytes: 21082202624
write_bytes: 24574173184
cancelled_write_bytes: 0

[2020-02-22T00:53:45-08:00]
rchar: 29702350127
wchar: 24789132350
syscr: 10549052
syscw: 1385627
read_bytes: 21268410880
write_bytes: 24846254080
cancelled_write_bytes: 0

[2020-02-22T00:53:48-08:00]
rchar: 29923988872
wchar: 25016333157
syscr: 10625429
syscw: 1393218
read_bytes: 21373563392
write_bytes: 25073553408
cancelled_write_bytes: 0

[2020-02-22T00:53:51-08:00]
rchar: 30075568084
wchar: 25139971644
syscr: 10678876
syscw: 1401155
read_bytes: 21438181888
write_bytes: 25197428736
cancelled_write_bytes: 0

[2020-02-22T00:53:54-08:00]
rchar: 30395407436
wchar: 25358598505
syscr: 10788307
syscw: 1410468
read_bytes: 21585613312
write_bytes: 25423405056
cancelled_write_bytes: 0

[2020-02-22T00:53:57-08:00]
rchar: 30576176407
wchar: 25494644226
syscr: 10853029
syscw: 1420549
read_bytes: 21658853888
write_bytes: 25552457728
cancelled_write_bytes: 0

[2020-02-22T00:54:00-08:00]
rchar: 30783743613
wchar: 25608992356
syscr: 10928728
syscw: 1431401
read_bytes: 21736002048
write_bytes: 25667059712
cancelled_write_bytes: 0

[2020-02-22T00:54:03-08:00]
rchar: 30959397846
wchar: 25716129737
syscr: 10992985
syscw: 1442389
read_bytes: 21800600064
write_bytes: 25774473216
cancelled_write_bytes: 0

[2020-02-22T00:54:06-08:00]
rchar: 31123178492
wchar: 25813823310
syscr: 11052585
syscw: 1451721
read_bytes: 21861175808
write_bytes: 25872388096
cancelled_write_bytes: 0

[2020-02-22T00:54:09-08:00]
rchar: 31267551919
wchar: 25923346871
syscr: 11106851
syscw: 1459497
read_bytes: 21912400384
write_bytes: 25982713856
cancelled_write_bytes: 0

[2020-02-22T00:54:12-08:00]
rchar: 31440889276
wchar: 26038161353
syscr: 11170525
syscw: 1467323
read_bytes: 21988319744
write_bytes: 26098343936
cancelled_write_bytes: 0

[2020-02-22T00:54:15-08:00]
rchar: 31624765753
wchar: 26153836534
syscr: 11239772
syscw: 1477963
read_bytes: 22064247296
write_bytes: 26214326272
cancelled_write_bytes: 0

[2020-02-22T00:54:18-08:00]
rchar: 31746013886
wchar: 26226801670
syscr: 11289209
syscw: 1482591
read_bytes: 22107398656
write_bytes: 26287919104
cancelled_write_bytes: 0

[2020-02-22T00:54:21-08:00]
rchar: 31825958950
wchar: 26296825631
syscr: 11317477
syscw: 1483716
read_bytes: 22146490880
write_bytes: 26359287808
cancelled_write_bytes: 0

[2020-02-22T00:54:24-08:00]
rchar: 31946591295
wchar: 26423682195
syscr: 11361061
syscw: 1489825
read_bytes: 22203494912
write_bytes: 26486960128
cancelled_write_bytes: 0

[2020-02-22T00:54:27-08:00]
rchar: 32149556338
wchar: 26558414889
syscr: 11431392
syscw: 1496877
read_bytes: 22308508160
write_bytes: 26621853696
cancelled_write_bytes: 0

[2020-02-22T00:54:30-08:00]
rchar: 32454243004
wchar: 26829217175
syscr: 11536175
syscw: 1506361
read_bytes: 22463427072
write_bytes: 26892804096
cancelled_write_bytes: 0

[2020-02-22T00:54:33-08:00]
rchar: 32813589897
wchar: 27142162952
syscr: 11657989
syscw: 1515424
read_bytes: 22647751168
write_bytes: 27205828608
cancelled_write_bytes: 0

[2020-02-22T00:54:36-08:00]
rchar: 32967618648
wchar: 27319933277
syscr: 11712445
syscw: 1522998
read_bytes: 22720233984
write_bytes: 27383771136
cancelled_write_bytes: 0

[2020-02-22T00:54:39-08:00]
rchar: 33178258781
wchar: 27442752534
syscr: 11786380
syscw: 1530977
read_bytes: 22820516352
write_bytes: 27506835456
cancelled_write_bytes: 0

[2020-02-22T00:54:42-08:00]
rchar: 33355869739
wchar: 27615338226
syscr: 11851414
syscw: 1539486
read_bytes: 22893650432
write_bytes: 27679895552
cancelled_write_bytes: 0

[2020-02-22T00:54:45-08:00]
rchar: 33451059804
wchar: 27666491284
syscr: 11885579
syscw: 1545355
read_bytes: 22935331328
write_bytes: 27731648512
cancelled_write_bytes: 0

[2020-02-22T00:54:48-08:00]
rchar: 33554592532
wchar: 27746374567
syscr: 11923055
syscw: 1551790
read_bytes: 22980616704
write_bytes: 27817037824
cancelled_write_bytes: 0

[2020-02-22T00:54:51-08:00]
rchar: 33738477486
wchar: 27877901121
syscr: 11988781
syscw: 1560806
read_bytes: 23063908864
write_bytes: 27943657472
cancelled_write_bytes: 0

[2020-02-22T00:54:54-08:00]
rchar: 33919885895
wchar: 28037394720
syscr: 12054799
syscw: 1570166
read_bytes: 23141425664
write_bytes: 28103376896
cancelled_write_bytes: 0

[2020-02-22T00:54:57-08:00]
rchar: 34071014158
wchar: 28157008977
syscr: 12111902
syscw: 1581151
read_bytes: 23202497024
write_bytes: 28223242240
cancelled_write_bytes: 0

[2020-02-22T00:55:00-08:00]
rchar: 34221493732
wchar: 28274654099
syscr: 12168125
syscw: 1591645
read_bytes: 23260176896
write_bytes: 28341133312
cancelled_write_bytes: 0

[2020-02-22T00:55:03-08:00]
rchar: 34408088702
wchar: 28387080972
syscr: 12237157
syscw: 1603721
read_bytes: 23329894912
write_bytes: 28453818368
cancelled_write_bytes: 0

[2020-02-22T00:55:06-08:00]
rchar: 34555096901
wchar: 28473808709
syscr: 12292703
syscw: 1612122
read_bytes: 23384859136
write_bytes: 28541390848
cancelled_write_bytes: 0

[2020-02-22T00:55:09-08:00]
rchar: 34696955530
wchar: 28581964251
syscr: 12342388
syscw: 1618405
read_bytes: 23448883712
write_bytes: 28649795584
cancelled_write_bytes: 0

[2020-02-22T00:55:12-08:00]
rchar: 34921521412
wchar: 28774366600
syscr: 12420623
syscw: 1626772
read_bytes: 23549293056
write_bytes: 28842434560
cancelled_write_bytes: 0

[2020-02-22T00:55:15-08:00]
rchar: 35320155494
wchar: 29084597345
syscr: 12556578
syscw: 1636607
read_bytes: 23735710208
write_bytes: 29152849920
cancelled_write_bytes: 0

[2020-02-22T00:55:18-08:00]
rchar: 35520822804
wchar: 29275150095
syscr: 12627539
syscw: 1645385
read_bytes: 23819424256
write_bytes: 29343539200
cancelled_write_bytes: 0

[2020-02-22T00:55:21-08:00]
rchar: 35809089891
wchar: 29475841036
syscr: 12725708
syscw: 1653782
read_bytes: 23945032192
write_bytes: 29544325120
cancelled_write_bytes: 0

[2020-02-22T00:55:24-08:00]
rchar: 35956872042
wchar: 29603419861
syscr: 12778750
syscw: 1662628
read_bytes: 23997833728
write_bytes: 29672116224
cancelled_write_bytes: 0

[2020-02-22T00:55:27-08:00]
rchar: 36201676194
wchar: 29746904120
syscr: 12866353
syscw: 1671390
read_bytes: 24086360576
write_bytes: 29815992320
cancelled_write_bytes: 0

[2020-02-22T00:55:30-08:00]
rchar: 36329263943
wchar: 29853350144
syscr: 12914503
syscw: 1678711
read_bytes: 24132080128
write_bytes: 29922713600
cancelled_write_bytes: 0

[2020-02-22T00:55:33-08:00]
rchar: 36537463653
wchar: 29972621592
syscr: 12991943
syscw: 1690746
read_bytes: 24202105344
write_bytes: 30042304512
cancelled_write_bytes: 0

[2020-02-22T00:55:36-08:00]
rchar: 36750241879
wchar: 30125077767
syscr: 13070170
syscw: 1702602
read_bytes: 24269115904
write_bytes: 30195036160
cancelled_write_bytes: 0

[2020-02-22T00:55:39-08:00]
rchar: 36973150531
wchar: 30245633025
syscr: 13151818
syscw: 1714394
read_bytes: 24342934016
write_bytes: 30315847680
cancelled_write_bytes: 0

[2020-02-22T00:55:42-08:00]
rchar: 37108622139
wchar: 30352561575
syscr: 13201778
syscw: 1721508
read_bytes: 24385864192
write_bytes: 30423248896
cancelled_write_bytes: 0

[2020-02-22T00:55:45-08:00]
rchar: 37273710545
wchar: 30457375853
syscr: 13264152
syscw: 1732026
read_bytes: 24442331648
write_bytes: 30528487424
cancelled_write_bytes: 0

[2020-02-22T00:55:48-08:00]
rchar: 37531178618
wchar: 30593299843
syscr: 13360536
syscw: 1744209
read_bytes: 24524591616
write_bytes: 30665105408
cancelled_write_bytes: 0

[2020-02-22T00:55:51-08:00]
rchar: 37611952993
wchar: 30674251516
syscr: 13390908
syscw: 1747320
read_bytes: 24553419264
write_bytes: 30747164672
cancelled_write_bytes: 0

[2020-02-22T00:55:54-08:00]
rchar: 37738406819
wchar: 30775561735
syscr: 13436020
syscw: 1754488
read_bytes: 24603378176
write_bytes: 30848827392
cancelled_write_bytes: 0

[2020-02-22T00:55:57-08:00]
rchar: 37941627868
wchar: 30911550352
syscr: 13507757
syscw: 1763196
read_bytes: 24684687872
write_bytes: 30985064448
cancelled_write_bytes: 0

[2020-02-22T00:56:00-08:00]
rchar: 38397475101
wchar: 31264560128
syscr: 13662883
syscw: 1774075
read_bytes: 24883548672
write_bytes: 31338217472
cancelled_write_bytes: 0

[2020-02-22T00:56:03-08:00]
rchar: 38456408441
wchar: 31395737535
syscr: 13684465
syscw: 1776529
read_bytes: 24904344064
write_bytes: 31469518848
cancelled_write_bytes: 0

[2020-02-22T00:56:06-08:00]
rchar: 38714219560
wchar: 31574212270
syscr: 13775759
syscw: 1786233
read_bytes: 24999563776
write_bytes: 31648202752
cancelled_write_bytes: 0

[2020-02-22T00:56:09-08:00]
rchar: 38911460667
wchar: 31688278844
syscr: 13848082
syscw: 1797486
read_bytes: 25062584832
write_bytes: 31762530304
cancelled_write_bytes: 0

[2020-02-22T00:56:12-08:00]
rchar: 39160457777
wchar: 31843279714
syscr: 13936366
syscw: 1802961
read_bytes: 25146536448
write_bytes: 31917867008
cancelled_write_bytes: 0

[2020-02-22T00:56:15-08:00]
rchar: 39432084566
wchar: 32065776474
syscr: 14035068
syscw: 1814327
read_bytes: 25239749120
write_bytes: 32140525568
cancelled_write_bytes: 0

[2020-02-22T00:56:18-08:00]
rchar: 39703823287
wchar: 32243400140
syscr: 14133523
syscw: 1822767
read_bytes: 25330135552
write_bytes: 32318828544
cancelled_write_bytes: 0

[2020-02-22T00:56:21-08:00]
rchar: 39808944847
wchar: 32310005932
syscr: 14171890
syscw: 1826833
read_bytes: 25367499264
write_bytes: 32386265088
cancelled_write_bytes: 0

[2020-02-22T00:56:24-08:00]
rchar: 39931004068
wchar: 32381336683
syscr: 14214994
syscw: 1833430
read_bytes: 25410150912
write_bytes: 32457998336
cancelled_write_bytes: 0

[2020-02-22T00:56:27-08:00]
rchar: 40206488834
wchar: 32591712609
syscr: 14310932
syscw: 1843460
read_bytes: 25515880960
write_bytes: 32668598272
cancelled_write_bytes: 0

[2020-02-22T00:56:30-08:00]
rchar: 40620386546
wchar: 32933992501
syscr: 14452200
syscw: 1854952
read_bytes: 25681801728
write_bytes: 33011027968
cancelled_write_bytes: 0

[2020-02-22T00:56:33-08:00]
rchar: 40755353755
wchar: 33050887162
syscr: 14500539
syscw: 1862317
read_bytes: 25728369152
write_bytes: 33128185856
cancelled_write_bytes: 0

[2020-02-22T00:56:36-08:00]
rchar: 41001091860
wchar: 33258966028
syscr: 14586427
syscw: 1871790
read_bytes: 25814336000
write_bytes: 33336393728
cancelled_write_bytes: 0

[2020-02-22T00:56:39-08:00]
rchar: 41173897885
wchar: 33375621457
syscr: 14649030
syscw: 1881618
read_bytes: 25868743168
write_bytes: 33453240320
cancelled_write_bytes: 0

[2020-02-22T00:56:42-08:00]
rchar: 41410001303
wchar: 33528747965
syscr: 14733946
syscw: 1891329
read_bytes: 25945313792
write_bytes: 33606656000
cancelled_write_bytes: 0

[2020-02-22T00:56:45-08:00]
rchar: 41550767700
wchar: 33630762507
syscr: 14785315
syscw: 1898700
read_bytes: 25990898176
write_bytes: 33708867584
cancelled_write_bytes: 0

[2020-02-22T00:56:48-08:00]
rchar: 41834883119
wchar: 33815488300
syscr: 14887788
syscw: 1909636
read_bytes: 26088833536
write_bytes: 33893789696
cancelled_write_bytes: 0

[2020-02-22T00:56:52-08:00]
rchar: 41975866850
wchar: 33941098523
syscr: 14940949
syscw: 1917745
read_bytes: 26127184384
write_bytes: 34020413440
cancelled_write_bytes: 0

[2020-02-22T00:56:55-08:00]
rchar: 42110618539
wchar: 34047059457
syscr: 14990522
syscw: 1926092
read_bytes: 26169352704
write_bytes: 34126954496
cancelled_write_bytes: 0

[2020-02-22T00:56:58-08:00]
rchar: 42510781335
wchar: 34295356623
syscr: 15132571
syscw: 1935755
read_bytes: 26310373888
write_bytes: 34375655424
cancelled_write_bytes: 0

[2020-02-22T00:57:01-08:00]
rchar: 42591040650
wchar: 34407812385
syscr: 15163777
syscw: 1941669
read_bytes: 26333360640
write_bytes: 34489516032
cancelled_write_bytes: 0

[2020-02-22T00:57:04-08:00]
rchar: 42756704619
wchar: 34513534077
syscr: 15225685
syscw: 1951050
read_bytes: 26383925760
write_bytes: 34595438592
cancelled_write_bytes: 0

[2020-02-22T00:57:07-08:00]
rchar: 42943669240
wchar: 34620569969
syscr: 15297518
syscw: 1958525
read_bytes: 26438214144
write_bytes: 34702934016
cancelled_write_bytes: 0

[2020-02-22T00:57:10-08:00]
rchar: 43043243185
wchar: 34715723237
syscr: 15332413
syscw: 1962907
read_bytes: 26474516992
write_bytes: 34798690304
cancelled_write_bytes: 0

[2020-02-22T00:57:13-08:00]
rchar: 43258077471
wchar: 34781756894
syscr: 15404871
syscw: 1970864
read_bytes: 26554757632
write_bytes: 34865180672
cancelled_write_bytes: 0

[2020-02-22T00:57:16-08:00]
rchar: 43433489070
wchar: 34957261204
syscr: 15466308
syscw: 1980083
read_bytes: 26615751168
write_bytes: 35040878592
cancelled_write_bytes: 0

[2020-02-22T00:57:19-08:00]
rchar: 43667492835
wchar: 35148608157
syscr: 15546283
syscw: 1989653
read_bytes: 26700456448
write_bytes: 35232407552
cancelled_write_bytes: 0

[2020-02-22T00:57:22-08:00]
rchar: 43849698755
wchar: 35333709108
syscr: 15609296
syscw: 1998018
read_bytes: 26763993600
write_bytes: 35417640960
cancelled_write_bytes: 0

[2020-02-22T00:57:25-08:00]
rchar: 44134564013
wchar: 35561656682
syscr: 15706776
syscw: 2007782
read_bytes: 26865074688
write_bytes: 35645788160
cancelled_write_bytes: 0

[2020-02-22T00:57:28-08:00]
rchar: 44447852354
wchar: 35809831029
syscr: 15812884
syscw: 2017797
read_bytes: 26979549696
write_bytes: 35894054912
cancelled_write_bytes: 0

[2020-02-22T00:57:31-08:00]
rchar: 44611958389
wchar: 35933997233
syscr: 15870394
syscw: 2025076
read_bytes: 27032605184
write_bytes: 36027645952
cancelled_write_bytes: 0

[2020-02-22T00:57:34-08:00]
rchar: 45040212365
wchar: 36245675699
syscr: 16013537
syscw: 2035426
read_bytes: 27180175872
write_bytes: 36330160128
cancelled_write_bytes: 0

[2020-02-22T00:57:37-08:00]
rchar: 45215011848
wchar: 36407847910
syscr: 16075224
syscw: 2043650
read_bytes: 27232866816
write_bytes: 36492832768
cancelled_write_bytes: 0

[2020-02-22T00:57:40-08:00]
rchar: 45476847223
wchar: 36623728909
syscr: 16164804
syscw: 2053299
read_bytes: 27322569216
write_bytes: 36708843520
cancelled_write_bytes: 0

[2020-02-22T00:57:43-08:00]
rchar: 45794782592
wchar: 36860284319
syscr: 16275238
syscw: 2064305
read_bytes: 27426828800
write_bytes: 36945551360
cancelled_write_bytes: 0

[2020-02-22T00:57:46-08:00]
rchar: 45951071561
wchar: 36969343766
syscr: 16331367
syscw: 2073334
read_bytes: 27469865472
write_bytes: 37054750720
cancelled_write_bytes: 0

[2020-02-22T00:57:49-08:00]
rchar: 46151213732
wchar: 37113519652
syscr: 16403129
syscw: 2083822
read_bytes: 27525849600
write_bytes: 37199101952
cancelled_write_bytes: 0

[2020-02-22T00:57:52-08:00]
rchar: 46462988971
wchar: 37320132395
syscr: 16512127
syscw: 2094884
read_bytes: 27616035328
write_bytes: 37405904896
cancelled_write_bytes: 0

[2020-02-22T00:57:55-08:00]
rchar: 46750066619
wchar: 37511283508
syscr: 16613131
syscw: 2103136
read_bytes: 27693707776
write_bytes: 37597515776
cancelled_write_bytes: 0

[2020-02-22T00:57:58-08:00]
rchar: 46825726880
wchar: 37600970252
syscr: 16641446
syscw: 2106532
read_bytes: 27713872384
write_bytes: 37688086528
cancelled_write_bytes: 0

[2020-02-22T00:58:01-08:00]
rchar: 46967509042
wchar: 37688675518
syscr: 16693583
syscw: 2116324
read_bytes: 27750294016
write_bytes: 37776326656
cancelled_write_bytes: 0

[2020-02-22T00:58:04-08:00]
rchar: 47355695380
wchar: 37938796067
syscr: 16828723
syscw: 2127458
read_bytes: 27867480576
write_bytes: 38026629120
cancelled_write_bytes: 0

[2020-02-22T00:58:07-08:00]
rchar: 47531228535
wchar: 38124749132
syscr: 16891573
syscw: 2134646
read_bytes: 27915407872
write_bytes: 38212800512
cancelled_write_bytes: 0

[2020-02-22T00:58:10-08:00]
rchar: 47905350548
wchar: 38318920683
syscr: 17024687
syscw: 2145665
read_bytes: 28009079296
write_bytes: 38407159808
cancelled_write_bytes: 0

[2020-02-22T00:58:13-08:00]
rchar: 48007365829
wchar: 38440622306
syscr: 17062653
syscw: 2150352
read_bytes: 28037079552
write_bytes: 38530101248
cancelled_write_bytes: 0

[2020-02-22T00:58:16-08:00]
rchar: 48146581825
wchar: 38503836269
syscr: 17112943
syscw: 2158882
read_bytes: 28074721792
write_bytes: 38593703936
cancelled_write_bytes: 0

[2020-02-22T00:58:19-08:00]
rchar: 48641806432
wchar: 38861017244
syscr: 17281173
syscw: 2170586
read_bytes: 28236345856
write_bytes: 38950985728
cancelled_write_bytes: 0

[2020-02-22T00:58:22-08:00]
rchar: 48791585370
wchar: 39041475220
syscr: 17334479
syscw: 2175529
read_bytes: 28276642304
write_bytes: 39131680768
cancelled_write_bytes: 0

[2020-02-22T00:58:25-08:00]
rchar: 49150507204
wchar: 39306308277
syscr: 17456828
syscw: 2186302
read_bytes: 28379734528
write_bytes: 39396593664
cancelled_write_bytes: 0

[2020-02-22T00:58:28-08:00]
rchar: 49397200035
wchar: 39503771601
syscr: 17543752
syscw: 2192171
read_bytes: 28443693568
write_bytes: 39594672128
cancelled_write_bytes: 0

[2020-02-22T00:58:31-08:00]
rchar: 49541580294
wchar: 39551245810
syscr: 17595458
syscw: 2200827
read_bytes: 28482298368
write_bytes: 39642742784
cancelled_write_bytes: 0

[2020-02-22T00:58:34-08:00]
rchar: 49768438852
wchar: 39718709177
syscr: 17675451
syscw: 2210637
read_bytes: 28546626048
write_bytes: 39810543616
cancelled_write_bytes: 0

[2020-02-22T00:58:37-08:00]
rchar: 49911196484
wchar: 39862274964
syscr: 17727476
syscw: 2219971
read_bytes: 28582572544
write_bytes: 39954382848
cancelled_write_bytes: 0

[2020-02-22T00:58:40-08:00]
rchar: 50082753568
wchar: 39982765711
syscr: 17789998
syscw: 2230441
read_bytes: 28627849728
write_bytes: 40075182080
cancelled_write_bytes: 0

[2020-02-22T00:58:43-08:00]
rchar: 50381353857
wchar: 40170489617
syscr: 17895659
syscw: 2243088
read_bytes: 28700008960
write_bytes: 40263036928
cancelled_write_bytes: 0

[2020-02-22T00:58:46-08:00]
rchar: 50538100938
wchar: 40293523414
syscr: 17952563
syscw: 2246188
read_bytes: 28738093568
write_bytes: 40387055616
cancelled_write_bytes: 0

[2020-02-22T00:58:49-08:00]
rchar: 50690979329
wchar: 40395255307
syscr: 18008924
syscw: 2256815
read_bytes: 28773237248
write_bytes: 40489521152
cancelled_write_bytes: 0

[2020-02-22T00:58:52-08:00]
rchar: 51039545149
wchar: 40653183686
syscr: 18130499
syscw: 2268140
read_bytes: 28867838464
write_bytes: 40747683840
cancelled_write_bytes: 0

[2020-02-22T00:58:55-08:00]
rchar: 51130082189
wchar: 40756512735
syscr: 18163200
syscw: 2272771
read_bytes: 28890382848
write_bytes: 40851140608
cancelled_write_bytes: 0

[2020-02-22T00:58:58-08:00]
rchar: 51406685168
wchar: 40940796537
syscr: 18260856
syscw: 2283228
read_bytes: 28953035264
write_bytes: 41035554816
cancelled_write_bytes: 0

[2020-02-22T00:59:01-08:00]
rchar: 51651034593
wchar: 41082990200
syscr: 18349076
syscw: 2288764
read_bytes: 29009945088
write_bytes: 41178476544
cancelled_write_bytes: 0

[2020-02-22T00:59:04-08:00]
rchar: 51805085576
wchar: 41177779406
syscr: 18400520
syscw: 2290493
read_bytes: 29058085376
write_bytes: 41274073088
cancelled_write_bytes: 0

[2020-02-22T00:59:07-08:00]
rchar: 51942621354
wchar: 41269272825
syscr: 18447863
syscw: 2297097
read_bytes: 29093990912
write_bytes: 41366069248
cancelled_write_bytes: 0

[2020-02-22T00:59:10-08:00]
rchar: 52161738548
wchar: 41416372124
syscr: 18523129
syscw: 2307358
read_bytes: 29154210304
write_bytes: 41513447424
cancelled_write_bytes: 0

[2020-02-22T00:59:13-08:00]
rchar: 52511609246
wchar: 41741761904
syscr: 18639944
syscw: 2317772
read_bytes: 29258306048
write_bytes: 41838989312
cancelled_write_bytes: 0

[2020-02-22T00:59:16-08:00]
rchar: 52717621886
wchar: 41911595987
syscr: 18711028
syscw: 2327760
read_bytes: 29313581568
write_bytes: 42009092096
cancelled_write_bytes: 0

[2020-02-22T00:59:19-08:00]
rchar: 52949776586
wchar: 42104062798
syscr: 18790582
syscw: 2336114
read_bytes: 29374157312
write_bytes: 42201649152
cancelled_write_bytes: 0

[2020-02-22T00:59:22-08:00]
rchar: 53272187220
wchar: 42351211820
syscr: 18899179
syscw: 2346340
read_bytes: 29459005952
write_bytes: 42448928768
cancelled_write_bytes: 0

[2020-02-22T00:59:25-08:00]
rchar: 53569233209
wchar: 42564046645
syscr: 19000458
syscw: 2357000
read_bytes: 29532262912
write_bytes: 42662227968
cancelled_write_bytes: 0

[2020-02-22T00:59:28-08:00]
rchar: 53819143236
wchar: 42744101238
syscr: 19087303
syscw: 2367518
read_bytes: 29596148224
write_bytes: 42842501120
cancelled_write_bytes: 0

[2020-02-22T00:59:31-08:00]
rchar: 54011971882
wchar: 42952730140
syscr: 19155310
syscw: 2376155
read_bytes: 29640659456
write_bytes: 43051212800
cancelled_write_bytes: 0

[2020-02-22T00:59:34-08:00]
rchar: 54324243796
wchar: 43157612176
syscr: 19264766
syscw: 2388957
read_bytes: 29712527872
write_bytes: 43256324096
cancelled_write_bytes: 0

[2020-02-22T00:59:37-08:00]
rchar: 54499347953
wchar: 43271351221
syscr: 19327836
syscw: 2399374
read_bytes: 29747933696
write_bytes: 43370819584
cancelled_write_bytes: 0

[2020-02-22T00:59:40-08:00]
rchar: 54709912629
wchar: 43355686129
syscr: 19402256
syscw: 2409488
read_bytes: 29792879104
write_bytes: 43455557632
cancelled_write_bytes: 0

[2020-02-22T00:59:43-08:00]
rchar: 54823591411
wchar: 43488874880
syscr: 19442828
syscw: 2414551
read_bytes: 29818266112
write_bytes: 43601895424
cancelled_write_bytes: 0

[2020-02-22T00:59:46-08:00]
rchar: 54987255786
wchar: 43632847713
syscr: 19502374
syscw: 2425255
read_bytes: 29854413312
write_bytes: 43733483520
cancelled_write_bytes: 0

[2020-02-22T00:59:49-08:00]
rchar: 55105634718
wchar: 43754512009
syscr: 19545746
syscw: 2432657
read_bytes: 29879284224
write_bytes: 43856039936
cancelled_write_bytes: 0

[2020-02-22T00:59:52-08:00]
rchar: 55304168708
wchar: 43869270376
syscr: 19618101
syscw: 2445813
read_bytes: 29917716992
write_bytes: 43971129344
cancelled_write_bytes: 0

[2020-02-22T00:59:55-08:00]
rchar: 55587490407
wchar: 44040380106
syscr: 19720863
syscw: 2460587
read_bytes: 29977510400
write_bytes: 44142747648
cancelled_write_bytes: 0

[2020-02-22T00:59:58-08:00]
rchar: 55803574506
wchar: 44174990869
syscr: 19798330
syscw: 2470078
read_bytes: 30026002944
write_bytes: 44277616640
cancelled_write_bytes: 0

[2020-02-22T01:00:01-08:00]
rchar: 56005066284
wchar: 44370075777
syscr: 19869843
syscw: 2477818
read_bytes: 30071034368
write_bytes: 44472930304
cancelled_write_bytes: 0

[2020-02-22T01:00:04-08:00]
rchar: 56206569753
wchar: 44560055407
syscr: 19940891
syscw: 2486836
read_bytes: 30113542656
write_bytes: 44663304192
cancelled_write_bytes: 0

[2020-02-22T01:00:07-08:00]
rchar: 56358581303
wchar: 44641943168
syscr: 19997828
syscw: 2494852
read_bytes: 30141223424
write_bytes: 44746612736
cancelled_write_bytes: 0

[2020-02-22T01:00:10-08:00]
rchar: 56523397817
wchar: 44761026011
syscr: 20058816
syscw: 2506056
read_bytes: 30173168128
write_bytes: 44866035712
cancelled_write_bytes: 0

[2020-02-22T01:00:13-08:00]
rchar: 56728925030
wchar: 44877860914
syscr: 20134111
syscw: 2512800
read_bytes: 30217200128
write_bytes: 44983107584
cancelled_write_bytes: 0

[2020-02-22T01:00:16-08:00]
rchar: 56965973605
wchar: 45083922390
syscr: 20218273
syscw: 2522866
read_bytes: 30262292992
write_bytes: 45189349376
cancelled_write_bytes: 0

[2020-02-22T01:00:19-08:00]
rchar: 57159807096
wchar: 45173399707
syscr: 20288230
syscw: 2535033
read_bytes: 30299017728
write_bytes: 45279260672
cancelled_write_bytes: 0

[2020-02-22T01:00:22-08:00]
rchar: 57317459639
wchar: 45249718798
syscr: 20345913
syscw: 2540738
read_bytes: 30331748864
write_bytes: 45356265472
cancelled_write_bytes: 0

[2020-02-22T01:00:25-08:00]
rchar: 57689235740
wchar: 45468603397
syscr: 20472093
syscw: 2554373
read_bytes: 30423511552
write_bytes: 45575413760
cancelled_write_bytes: 0

[2020-02-22T01:00:28-08:00]
rchar: 57821854992
wchar: 45666791886
syscr: 20517178
syscw: 2560476
read_bytes: 30456656384
write_bytes: 45773783040
cancelled_write_bytes: 0

[2020-02-22T01:00:31-08:00]
rchar: 57915264095
wchar: 45825260322
syscr: 20545791
syscw: 2560516
read_bytes: 30488326656
write_bytes: 45932335104
cancelled_write_bytes: 0

[2020-02-22T01:00:34-08:00]
rchar: 58273259483
wchar: 46044980005
syscr: 20665486
syscw: 2570561
read_bytes: 30574400000
write_bytes: 46152241152
cancelled_write_bytes: 0

[2020-02-22T01:00:37-08:00]
rchar: 58667759748
wchar: 46365122811
syscr: 20796377
syscw: 2581454
read_bytes: 30667829760
write_bytes: 46472429568
cancelled_write_bytes: 0

[2020-02-22T01:00:40-08:00]
rchar: 58936960515
wchar: 46552833421
syscr: 20888215
syscw: 2592059
read_bytes: 30724166144
write_bytes: 46660292608
cancelled_write_bytes: 0

[2020-02-22T01:00:43-08:00]
rchar: 59123372961
wchar: 46684942567
syscr: 20953504
syscw: 2600585
read_bytes: 30761492992
write_bytes: 46792769536
cancelled_write_bytes: 0

[2020-02-22T01:00:46-08:00]
rchar: 59363366266
wchar: 46887069167
syscr: 21037051
syscw: 2609643
read_bytes: 30811808256
write_bytes: 46995103744
cancelled_write_bytes: 0

[2020-02-22T01:00:49-08:00]
rchar: 59506371182
wchar: 47015420194
syscr: 21089151
syscw: 2618806
read_bytes: 30836548096
write_bytes: 47123640320
cancelled_write_bytes: 0

[2020-02-22T01:00:52-08:00]
rchar: 59734117385
wchar: 47157165000
syscr: 21168934
syscw: 2626093
read_bytes: 30880973312
write_bytes: 47265714176
cancelled_write_bytes: 0

[2020-02-22T01:00:55-08:00]
rchar: 59975151034
wchar: 47332301268
syscr: 21254848
syscw: 2637343
read_bytes: 30919500288
write_bytes: 47441387520
cancelled_write_bytes: 0

[2020-02-22T01:00:58-08:00]
rchar: 60189694259
wchar: 47455613032
syscr: 21330769
syscw: 2647985
read_bytes: 30957150720
write_bytes: 47565119488
cancelled_write_bytes: 0

[2020-02-22T01:01:01-08:00]
rchar: 60547766307
wchar: 47738187513
syscr: 21453484
syscw: 2660215
read_bytes: 31029805568
write_bytes: 47847845888
cancelled_write_bytes: 0

[2020-02-22T01:01:04-08:00]
rchar: 60731067383
wchar: 47886598114
syscr: 21518315
syscw: 2670866
read_bytes: 31060828672
write_bytes: 47996387328
cancelled_write_bytes: 0

[2020-02-22T01:01:07-08:00]
rchar: 60986177874
wchar: 48077307403
syscr: 21608836
syscw: 2680746
read_bytes: 31102435840
write_bytes: 48187523072
cancelled_write_bytes: 0

[2020-02-22T01:01:10-08:00]
rchar: 61181426251
wchar: 48172637860
syscr: 21677912
syscw: 2692152
read_bytes: 31133872640
write_bytes: 48283291648
cancelled_write_bytes: 0

[2020-02-22T01:01:13-08:00]
rchar: 61532494844
wchar: 48376479802
syscr: 21798594
syscw: 2703682
read_bytes: 31201948160
write_bytes: 48487358464
cancelled_write_bytes: 0

[2020-02-22T01:01:16-08:00]
rchar: 61753664039
wchar: 48615205247
syscr: 21876372
syscw: 2715204
read_bytes: 31240253952
write_bytes: 48726274048
cancelled_write_bytes: 0

[2020-02-22T01:01:19-08:00]
rchar: 62021101569
wchar: 48743469258
syscr: 21969921
syscw: 2727738
read_bytes: 31284441600
write_bytes: 48854740992
cancelled_write_bytes: 0

[2020-02-22T01:01:22-08:00]
rchar: 62267668320
wchar: 48969064067
syscr: 22056090
syscw: 2739018
read_bytes: 31323644416
write_bytes: 49080848384
cancelled_write_bytes: 0

[2020-02-22T01:01:25-08:00]
rchar: 62547087039
wchar: 49169969067
syscr: 22153215
syscw: 2751130
read_bytes: 31372960256
write_bytes: 49281945600
cancelled_write_bytes: 0

[2020-02-22T01:01:28-08:00]
rchar: 62840048766
wchar: 49356101051
syscr: 22255646
syscw: 2762798
read_bytes: 31418503680
write_bytes: 49468203008
cancelled_write_bytes: 0

[2020-02-22T01:01:31-08:00]
rchar: 63160210512
wchar: 49561797726
syscr: 22367111
syscw: 2773848
read_bytes: 31466619392
write_bytes: 49674055680
cancelled_write_bytes: 0

[2020-02-22T01:01:34-08:00]
rchar: 63454889668
wchar: 49810085280
syscr: 22467874
syscw: 2780284
read_bytes: 31512433152
write_bytes: 49922400256
cancelled_write_bytes: 0

[2020-02-22T01:01:37-08:00]
rchar: 63822119604
wchar: 49984792127
syscr: 22597287
syscw: 2793098
read_bytes: 31555801600
write_bytes: 50097422336
cancelled_write_bytes: 0

[2020-02-22T01:01:40-08:00]
rchar: 64072374944
wchar: 50132663560
syscr: 22684829
syscw: 2797022
read_bytes: 31585882624
write_bytes: 50245521408
cancelled_write_bytes: 0

[2020-02-22T01:01:43-08:00]
rchar: 64396607062
wchar: 50311808552
syscr: 22799885
syscw: 2807550
read_bytes: 31619047936
write_bytes: 50425040896
cancelled_write_bytes: 0

[2020-02-22T01:01:46-08:00]
rchar: 64530535306
wchar: 50402255379
syscr: 22847488
syscw: 2812070
read_bytes: 31639286272
write_bytes: 50516385792
cancelled_write_bytes: 0

[2020-02-22T01:01:49-08:00]
rchar: 64881563874
wchar: 50587330541
syscr: 22967299
syscw: 2823686
read_bytes: 31701664256
write_bytes: 50701770752
cancelled_write_bytes: 0

[2020-02-22T01:01:52-08:00]
rchar: 65140597409
wchar: 50813669779
syscr: 23055326
syscw: 2829290
read_bytes: 31747101184
write_bytes: 50928332800
cancelled_write_bytes: 0

[2020-02-22T01:01:55-08:00]
rchar: 65374303357
wchar: 50958547088
syscr: 23138615
syscw: 2839773
read_bytes: 31778836992
write_bytes: 51073695744
cancelled_write_bytes: 0

[2020-02-22T01:01:58-08:00]
rchar: 65498658809
wchar: 51100648518
syscr: 23180675
syscw: 2841702
read_bytes: 31800422912
write_bytes: 51216171008
cancelled_write_bytes: 0

[2020-02-22T01:02:01-08:00]
rchar: 65865886856
wchar: 51307896111
syscr: 23305335
syscw: 2851141
read_bytes: 31864005120
write_bytes: 51423657984
cancelled_write_bytes: 0

[2020-02-22T01:02:04-08:00]
rchar: 66090806655
wchar: 51513519198
syscr: 23383239
syscw: 2857139
read_bytes: 31900787200
write_bytes: 51629555712
cancelled_write_bytes: 0

[2020-02-22T01:02:07-08:00]
rchar: 66334184995
wchar: 51668743642
syscr: 23470349
syscw: 2866785
read_bytes: 31936401920
write_bytes: 51785023488
cancelled_write_bytes: 0

[2020-02-22T01:02:10-08:00]
rchar: 66510620129
wchar: 51824275613
syscr: 23534156
syscw: 2877060
read_bytes: 31957164544
write_bytes: 51941064704
cancelled_write_bytes: 0

[2020-02-22T01:02:13-08:00]
rchar: 66660883730
wchar: 51947003914
syscr: 23587419
syscw: 2883837
read_bytes: 31977734656
write_bytes: 52064419840
cancelled_write_bytes: 0

[2020-02-22T01:02:16-08:00]
rchar: 66837034567
wchar: 52059265817
syscr: 23649718
syscw: 2893511
read_bytes: 32002605568
write_bytes: 52176953344
cancelled_write_bytes: 0

[2020-02-22T01:02:19-08:00]
rchar: 67185172006
wchar: 52324390204
syscr: 23774084
syscw: 2908004
read_bytes: 32051843584
write_bytes: 52442316800
cancelled_write_bytes: 0

[2020-02-22T01:02:22-08:00]
rchar: 67422425398
wchar: 52463432446
syscr: 23857545
syscw: 2914174
read_bytes: 32083370496
write_bytes: 52581617664
cancelled_write_bytes: 0

[2020-02-22T01:02:25-08:00]
rchar: 67640558990
wchar: 52601323802
syscr: 23936261
syscw: 2927532
read_bytes: 32108093952
write_bytes: 52720336896
cancelled_write_bytes: 0

[2020-02-22T01:02:28-08:00]
rchar: 67817307455
wchar: 52759207585
syscr: 24002169
syscw: 2937640
read_bytes: 32128004608
write_bytes: 52878643200
cancelled_write_bytes: 0

[2020-02-22T01:02:31-08:00]
rchar: 67966341843
wchar: 52855351414
syscr: 24055517
syscw: 2944648
read_bytes: 32150376960
write_bytes: 52975509504
cancelled_write_bytes: 0

[2020-02-22T01:02:34-08:00]
rchar: 68188140226
wchar: 52972139617
syscr: 24134734
syscw: 2956761
read_bytes: 32181953024
write_bytes: 53092716544
cancelled_write_bytes: 0

[2020-02-22T01:02:37-08:00]
rchar: 68421276534
wchar: 53159163718
syscr: 24217952
syscw: 2971287
read_bytes: 32212062720
write_bytes: 53280014336
cancelled_write_bytes: 0

[2020-02-22T01:02:40-08:00]
rchar: 68682829921
wchar: 53365809630
syscr: 24311000
syscw: 2985962
read_bytes: 32243487232
write_bytes: 53486866432
cancelled_write_bytes: 0

[2020-02-22T01:02:43-08:00]
rchar: 68856177440
wchar: 53507384914
syscr: 24372521
syscw: 2991996
read_bytes: 32264434176
write_bytes: 53629194240
cancelled_write_bytes: 0

[2020-02-22T01:02:46-08:00]
rchar: 69083466536
wchar: 53630079031
syscr: 24452836
syscw: 3003452
read_bytes: 32292397568
write_bytes: 53752315904
cancelled_write_bytes: 0

[2020-02-22T01:02:49-08:00]
rchar: 69389672631
wchar: 53866699597
syscr: 24559396
syscw: 3016229
read_bytes: 32332476928
write_bytes: 53989081088
cancelled_write_bytes: 0

[2020-02-22T01:02:52-08:00]
rchar: 69630240305
wchar: 54057937252
syscr: 24642551
syscw: 3026344
read_bytes: 32363266560
write_bytes: 54180524032
cancelled_write_bytes: 0

[2020-02-22T01:02:55-08:00]
rchar: 69984746981
wchar: 54215798435
syscr: 24766683
syscw: 3039420
read_bytes: 32403976704
write_bytes: 54338752512
cancelled_write_bytes: 0

[2020-02-22T01:02:58-08:00]
rchar: 70091500350
wchar: 54376884785
syscr: 24803835
syscw: 3043198
read_bytes: 32419389952
write_bytes: 54500741120
cancelled_write_bytes: 0

[2020-02-22T01:03:01-08:00]
rchar: 70309353696
wchar: 54504608785
syscr: 24882053
syscw: 3054887
read_bytes: 32443589120
write_bytes: 54628823040
cancelled_write_bytes: 0

[2020-02-22T01:03:04-08:00]
rchar: 70512079856
wchar: 54657821419
syscr: 24953594
syscw: 3059425
read_bytes: 32469570048
write_bytes: 54782296064
cancelled_write_bytes: 0

[2020-02-22T01:03:07-08:00]
rchar: 70767526647
wchar: 54834734555
syscr: 25044809
syscw: 3071596
read_bytes: 32496886272
write_bytes: 54959714304
cancelled_write_bytes: 0

[2020-02-22T01:03:10-08:00]
rchar: 70907036247
wchar: 54944430728
syscr: 25094176
syscw: 3076610
read_bytes: 32515305984
write_bytes: 55070105600
cancelled_write_bytes: 0

[2020-02-22T01:03:13-08:00]
rchar: 71161028457
wchar: 55059787291
syscr: 25183827
syscw: 3090230
read_bytes: 32545493504
write_bytes: 55185797120
cancelled_write_bytes: 0

[2020-02-22T01:03:16-08:00]
rchar: 71398542232
wchar: 55288273059
syscr: 25266913
syscw: 3101386
read_bytes: 32573817344
write_bytes: 55414530048
cancelled_write_bytes: 0

[2020-02-22T01:03:19-08:00]
rchar: 71655716085
wchar: 55504277560
syscr: 25358017
syscw: 3110358
read_bytes: 32602747392
write_bytes: 55630835712
cancelled_write_bytes: 0

[2020-02-22T01:03:22-08:00]
rchar: 71915046900
wchar: 55648225123
syscr: 25451313
syscw: 3121919
read_bytes: 32629494272
write_bytes: 55775350784
cancelled_write_bytes: 0

[2020-02-22T01:03:25-08:00]
rchar: 72112608494
wchar: 55774027293
syscr: 25518554
syscw: 3126072
read_bytes: 32656802304
write_bytes: 55901609984
cancelled_write_bytes: 0

[2020-02-22T01:03:28-08:00]
rchar: 72413223149
wchar: 55995506149
syscr: 25623761
syscw: 3136048
read_bytes: 32691016192
write_bytes: 56123310080
cancelled_write_bytes: 0

[2020-02-22T01:03:31-08:00]
rchar: 72645164606
wchar: 56130345154
syscr: 25702536
syscw: 3141855
read_bytes: 32721355264
write_bytes: 56258281472
cancelled_write_bytes: 0

[2020-02-22T01:03:34-08:00]
rchar: 72978663194
wchar: 56416616079
syscr: 25813327
syscw: 3148367
read_bytes: 32764944896
write_bytes: 56544620544
cancelled_write_bytes: 0

[2020-02-22T01:03:37-08:00]
rchar: 73200882965
wchar: 56619592219
syscr: 25888515
syscw: 3154489
read_bytes: 32792232448
write_bytes: 56747692032
cancelled_write_bytes: 0

[2020-02-22T01:03:40-08:00]
rchar: 73364065776
wchar: 56784865602
syscr: 25943220
syscw: 3159929
read_bytes: 32812335616
write_bytes: 56913121280
cancelled_write_bytes: 0

[2020-02-22T01:03:43-08:00]
rchar: 73734926608
wchar: 56965839242
syscr: 26070786
syscw: 3171914
read_bytes: 32845771264
write_bytes: 57094189056
cancelled_write_bytes: 0

[2020-02-22T01:03:46-08:00]
rchar: 73980056480
wchar: 57151983053
syscr: 26154738
syscw: 3177683
read_bytes: 32867451392
write_bytes: 57280626688
cancelled_write_bytes: 0

[2020-02-22T01:03:49-08:00]
rchar: 74235522489
wchar: 57324336272
syscr: 26243175
syscw: 3184802
read_bytes: 32886452736
write_bytes: 57453273088
cancelled_write_bytes: 0

[2020-02-22T01:03:52-08:00]
rchar: 74519743086
wchar: 57464509905
syscr: 26342912
syscw: 3196358
read_bytes: 32909742592
write_bytes: 57594081280
cancelled_write_bytes: 0

[2020-02-22T01:03:55-08:00]
rchar: 74676279439
wchar: 57583049740
syscr: 26398982
syscw: 3205220
read_bytes: 32926159360
write_bytes: 57713295360
cancelled_write_bytes: 0

[2020-02-22T01:03:58-08:00]
rchar: 74975692038
wchar: 57817866925
syscr: 26503848
syscw: 3220616
read_bytes: 32959848960
write_bytes: 57948315648
cancelled_write_bytes: 0

[2020-02-22T01:04:01-08:00]
rchar: 75239699735
wchar: 58056174387
syscr: 26591800
syscw: 3232001
read_bytes: 32997216768
write_bytes: 58186760192
cancelled_write_bytes: 0

[2020-02-22T01:04:04-08:00]
rchar: 75403162673
wchar: 58186581633
syscr: 26644814
syscw: 3237420
read_bytes: 33021719040
write_bytes: 58317324288
cancelled_write_bytes: 0

[2020-02-22T01:04:07-08:00]
rchar: 75485880478
wchar: 58328492664
syscr: 26670272
syscw: 3237903
read_bytes: 33036362240
write_bytes: 58459402240
cancelled_write_bytes: 0

[2020-02-22T01:04:10-08:00]
rchar: 75571505161
wchar: 58461460132
syscr: 26696354
syscw: 3237995
read_bytes: 33053102592
write_bytes: 58592616448
cancelled_write_bytes: 0

[2020-02-22T01:04:13-08:00]
rchar: 75571505161
wchar: 58461460132
syscr: 26696354
syscw: 3237995
read_bytes: 33053102592
write_bytes: 58592616448
cancelled_write_bytes: 0

[2020-02-22T01:04:16-08:00]
rchar: 75571505161
wchar: 58461460132
syscr: 26696354
syscw: 3237995
read_bytes: 33053102592
write_bytes: 58592616448
cancelled_write_bytes: 0

[2020-02-22T01:04:20-08:00]
rchar: 75571505161
wchar: 58461460132
syscr: 26696354
syscw: 3237995
read_bytes: 33053102592
write_bytes: 58592616448
cancelled_write_bytes: 0

[2020-02-22T01:04:23-08:00]
rchar: 75571505161
wchar: 58461460132
syscr: 26696354
syscw: 3237995
read_bytes: 33053102592
write_bytes: 58592616448
cancelled_write_bytes: 0

[2020-02-22T01:04:26-08:00]
rchar: 75571505161
wchar: 58461460132
syscr: 26696354
syscw: 3237995
read_bytes: 33053102592
write_bytes: 58592624640
cancelled_write_bytes: 0

