[2020-02-15T23:57:13-08:00]
rchar: 16584902
wchar: 209
syscr: 2825
syscw: 10
read_bytes: 716800
write_bytes: 53248
cancelled_write_bytes: 0

[2020-02-15T23:57:16-08:00]
rchar: 16584902
wchar: 209
syscr: 2825
syscw: 10
read_bytes: 716800
write_bytes: 53248
cancelled_write_bytes: 0

[2020-02-15T23:57:19-08:00]
rchar: 16584902
wchar: 209
syscr: 2825
syscw: 10
read_bytes: 716800
write_bytes: 53248
cancelled_write_bytes: 0

[2020-02-15T23:57:22-08:00]
rchar: 16584902
wchar: 209
syscr: 2825
syscw: 10
read_bytes: 716800
write_bytes: 53248
cancelled_write_bytes: 0

[2020-02-15T23:57:25-08:00]
rchar: 16584902
wchar: 209
syscr: 2825
syscw: 10
read_bytes: 716800
write_bytes: 53248
cancelled_write_bytes: 0

[2020-02-15T23:57:28-08:00]
rchar: 16584902
wchar: 209
syscr: 2825
syscw: 10
read_bytes: 716800
write_bytes: 53248
cancelled_write_bytes: 0

[2020-02-15T23:57:31-08:00]
rchar: 16584902
wchar: 209
syscr: 2825
syscw: 10
read_bytes: 716800
write_bytes: 61440
cancelled_write_bytes: 0

[2020-02-15T23:57:34-08:00]
rchar: 16584902
wchar: 209
syscr: 2825
syscw: 10
read_bytes: 716800
write_bytes: 69632
cancelled_write_bytes: 0

[2020-02-15T23:57:37-08:00]
rchar: 16584902
wchar: 209
syscr: 2825
syscw: 10
read_bytes: 716800
write_bytes: 69632
cancelled_write_bytes: 0

[2020-02-15T23:57:40-08:00]
rchar: 24439299
wchar: 8275336
syscr: 5569
syscw: 1261
read_bytes: 12281344
write_bytes: 8372224
cancelled_write_bytes: 0

[2020-02-15T23:57:43-08:00]
rchar: 178902724
wchar: 127830355
syscr: 47010
syscw: 5071
read_bytes: 245692928
write_bytes: 127954944
cancelled_write_bytes: 0

[2020-02-15T23:57:46-08:00]
rchar: 391989615
wchar: 238087436
syscr: 128038
syscw: 17796
read_bytes: 553765376
write_bytes: 238215168
cancelled_write_bytes: 0

[2020-02-15T23:57:49-08:00]
rchar: 582388292
wchar: 425496172
syscr: 198804
syscw: 30109
read_bytes: 775977472
write_bytes: 425676800
cancelled_write_bytes: 0

[2020-02-15T23:57:52-08:00]
rchar: 619830464
wchar: 565765898
syscr: 214137
syscw: 35328
read_bytes: 829655552
write_bytes: 566083584
cancelled_write_bytes: 0

[2020-02-15T23:57:55-08:00]
rchar: 689690291
wchar: 609935239
syscr: 242142
syscw: 43966
read_bytes: 921299456
write_bytes: 610566144
cancelled_write_bytes: 0

[2020-02-15T23:57:58-08:00]
rchar: 758024285
wchar: 654381230
syscr: 270007
syscw: 53918
read_bytes: 1015208448
write_bytes: 655142912
cancelled_write_bytes: 0

[2020-02-15T23:58:01-08:00]
rchar: 927827059
wchar: 800811554
syscr: 339117
syscw: 69737
read_bytes: 1252067840
write_bytes: 801624064
cancelled_write_bytes: 0

[2020-02-15T23:58:04-08:00]
rchar: 1048866054
wchar: 966139322
syscr: 388127
syscw: 84317
read_bytes: 1416133120
write_bytes: 974102528
cancelled_write_bytes: 0

[2020-02-15T23:58:07-08:00]
rchar: 1102677924
wchar: 1052938019
syscr: 409464
syscw: 91249
read_bytes: 1482504704
write_bytes: 1054015488
cancelled_write_bytes: 0

[2020-02-15T23:58:10-08:00]
rchar: 1240379140
wchar: 1138853821
syscr: 464482
syscw: 103304
read_bytes: 1656547840
write_bytes: 1140068352
cancelled_write_bytes: 0

[2020-02-15T23:58:13-08:00]
rchar: 1366240195
wchar: 1288329656
syscr: 514812
syscw: 115664
read_bytes: 1817012736
write_bytes: 1289592832
cancelled_write_bytes: 0

[2020-02-15T23:58:16-08:00]
rchar: 1459211400
wchar: 1380787171
syscr: 551485
syscw: 126249
read_bytes: 1927219712
write_bytes: 1382248448
cancelled_write_bytes: 0

[2020-02-15T23:58:19-08:00]
rchar: 1515282519
wchar: 1449027910
syscr: 573667
syscw: 133485
read_bytes: 1991592448
write_bytes: 1450713088
cancelled_write_bytes: 0

[2020-02-15T23:58:22-08:00]
rchar: 1638583171
wchar: 1569630251
syscr: 619285
syscw: 141174
read_bytes: 2123704832
write_bytes: 1571520512
cancelled_write_bytes: 0

[2020-02-15T23:58:25-08:00]
rchar: 1763256669
wchar: 1692605039
syscr: 665535
syscw: 150827
read_bytes: 2259749376
write_bytes: 1694674944
cancelled_write_bytes: 0

[2020-02-15T23:58:28-08:00]
rchar: 2077435483
wchar: 1919458049
syscr: 782215
syscw: 162565
read_bytes: 2583599616
write_bytes: 1921667072
cancelled_write_bytes: 0

[2020-02-15T23:58:31-08:00]
rchar: 2188149141
wchar: 2002239119
syscr: 817846
syscw: 165675
read_bytes: 2692708864
write_bytes: 2004824064
cancelled_write_bytes: 0

[2020-02-15T23:58:34-08:00]
rchar: 2277864877
wchar: 2166231972
syscr: 846843
syscw: 168143
read_bytes: 2779777536
write_bytes: 2169077760
cancelled_write_bytes: 0

[2020-02-15T23:58:37-08:00]
rchar: 2596503489
wchar: 2458110631
syscr: 949378
syscw: 174585
read_bytes: 3085797888
write_bytes: 2461114368
cancelled_write_bytes: 0

[2020-02-15T23:58:40-08:00]
rchar: 2840811565
wchar: 2693942066
syscr: 1029620
syscw: 181312
read_bytes: 3324164608
write_bytes: 2697031680
cancelled_write_bytes: 0

[2020-02-15T23:58:43-08:00]
rchar: 3041573565
wchar: 2899603275
syscr: 1095386
syscw: 187131
read_bytes: 3518450176
write_bytes: 2902740992
cancelled_write_bytes: 0

[2020-02-15T23:58:46-08:00]
rchar: 3177427335
wchar: 3059185981
syscr: 1140322
syscw: 191938
read_bytes: 3647613440
write_bytes: 3062558720
cancelled_write_bytes: 0

[2020-02-15T23:58:49-08:00]
rchar: 3444716331
wchar: 3299335931
syscr: 1228062
syscw: 197707
read_bytes: 3901094400
write_bytes: 3302748160
cancelled_write_bytes: 0

[2020-02-15T23:58:52-08:00]
rchar: 3709070683
wchar: 3556137762
syscr: 1315193
syscw: 205660
read_bytes: 4150995456
write_bytes: 3559632896
cancelled_write_bytes: 0

[2020-02-15T23:58:55-08:00]
rchar: 3876813090
wchar: 3723737763
syscr: 1371345
syscw: 211379
read_bytes: 4307905024
write_bytes: 3727409152
cancelled_write_bytes: 0

[2020-02-15T23:58:58-08:00]
rchar: 4158946680
wchar: 3958593278
syscr: 1465391
syscw: 219500
read_bytes: 4569848320
write_bytes: 3962306560
cancelled_write_bytes: 0

[2020-02-15T23:59:01-08:00]
rchar: 4295300766
wchar: 4093063276
syscr: 1512543
syscw: 226967
read_bytes: 4694993408
write_bytes: 4097032192
cancelled_write_bytes: 0

[2020-02-15T23:59:04-08:00]
rchar: 4535153038
wchar: 4286607682
syscr: 1594523
syscw: 233507
read_bytes: 4911323648
write_bytes: 4290682880
cancelled_write_bytes: 0

[2020-02-15T23:59:07-08:00]
rchar: 4811794024
wchar: 4518666114
syscr: 1690136
syscw: 242805
read_bytes: 5161818624
write_bytes: 4522893312
cancelled_write_bytes: 0

[2020-02-15T23:59:10-08:00]
rchar: 4901911502
wchar: 4619822906
syscr: 1721560
syscw: 247675
read_bytes: 5241969152
write_bytes: 4624162816
cancelled_write_bytes: 0

[2020-02-15T23:59:13-08:00]
rchar: 5100535649
wchar: 4808564818
syscr: 1790004
syscw: 254275
read_bytes: 5414509056
write_bytes: 4813099008
cancelled_write_bytes: 0

[2020-02-15T23:59:16-08:00]
rchar: 5387771051
wchar: 5051602026
syscr: 1887522
syscw: 262952
read_bytes: 5665470976
write_bytes: 5056172032
cancelled_write_bytes: 0

[2020-02-15T23:59:19-08:00]
rchar: 5700883792
wchar: 5305161912
syscr: 1994517
syscw: 272271
read_bytes: 5934615040
write_bytes: 5309820928
cancelled_write_bytes: 0

[2020-02-15T23:59:22-08:00]
rchar: 5768252807
wchar: 5405879056
syscr: 2019202
syscw: 278609
read_bytes: 5987363328
write_bytes: 5410828288
cancelled_write_bytes: 0

[2020-02-15T23:59:25-08:00]
rchar: 5848482044
wchar: 5443524535
syscr: 2048531
syscw: 285868
read_bytes: 6048864768
write_bytes: 5448765440
cancelled_write_bytes: 0

[2020-02-15T23:59:28-08:00]
rchar: 5928623355
wchar: 5516144838
syscr: 2078465
syscw: 293223
read_bytes: 6111070720
write_bytes: 5521678336
cancelled_write_bytes: 0

[2020-02-15T23:59:31-08:00]
rchar: 6029552663
wchar: 5566545849
syscr: 2115911
syscw: 301478
read_bytes: 6188972544
write_bytes: 5572399104
cancelled_write_bytes: 0

[2020-02-15T23:59:34-08:00]
rchar: 6094585675
wchar: 5632801609
syscr: 2140125
syscw: 307533
read_bytes: 6238595584
write_bytes: 5638877184
cancelled_write_bytes: 0

[2020-02-15T23:59:37-08:00]
rchar: 6216031492
wchar: 5693264154
syscr: 2185615
syscw: 318311
read_bytes: 6334659072
write_bytes: 5699633152
cancelled_write_bytes: 0

[2020-02-15T23:59:40-08:00]
rchar: 6336389197
wchar: 5814732577
syscr: 2229423
syscw: 326788
read_bytes: 6437337600
write_bytes: 5821296640
cancelled_write_bytes: 0

[2020-02-15T23:59:43-08:00]
rchar: 6488074698
wchar: 5933430042
syscr: 2284015
syscw: 335258
read_bytes: 6565505536
write_bytes: 5940219904
cancelled_write_bytes: 0

[2020-02-15T23:59:46-08:00]
rchar: 6563737486
wchar: 6005128859
syscr: 2312987
syscw: 342729
read_bytes: 6626892288
write_bytes: 6012133376
cancelled_write_bytes: 0

[2020-02-15T23:59:49-08:00]
rchar: 6694004131
wchar: 6112523259
syscr: 2362295
syscw: 351791
read_bytes: 6734187008
write_bytes: 6119829504
cancelled_write_bytes: 0

[2020-02-15T23:59:52-08:00]
rchar: 6758903840
wchar: 6180604262
syscr: 2387812
syscw: 358823
read_bytes: 6787475968
write_bytes: 6188122112
cancelled_write_bytes: 0

[2020-02-15T23:59:55-08:00]
rchar: 6877855090
wchar: 6274409038
syscr: 2433939
syscw: 369436
read_bytes: 6883801600
write_bytes: 6282215424
cancelled_write_bytes: 0

[2020-02-15T23:59:58-08:00]
rchar: 6962470665
wchar: 6352101489
syscr: 2466717
syscw: 378738
read_bytes: 6951795200
write_bytes: 6360162304
cancelled_write_bytes: 0

[2020-02-16T00:00:01-08:00]
rchar: 7078231183
wchar: 6411573681
syscr: 2511373
syscw: 388181
read_bytes: 7044405760
write_bytes: 6419894272
cancelled_write_bytes: 0

[2020-02-16T00:00:04-08:00]
rchar: 7166436291
wchar: 6497021678
syscr: 2544550
syscw: 395034
read_bytes: 7115811328
write_bytes: 6505549824
cancelled_write_bytes: 0

[2020-02-16T00:00:07-08:00]
rchar: 7288865817
wchar: 6592351469
syscr: 2591884
syscw: 405402
read_bytes: 7211796992
write_bytes: 6601195520
cancelled_write_bytes: 0

[2020-02-16T00:00:10-08:00]
rchar: 7392398279
wchar: 6676687152
syscr: 2632389
syscw: 414224
read_bytes: 7292008960
write_bytes: 6685761536
cancelled_write_bytes: 0

[2020-02-16T00:00:13-08:00]
rchar: 7489459727
wchar: 6758520478
syscr: 2669756
syscw: 422163
read_bytes: 7368546816
write_bytes: 6767894528
cancelled_write_bytes: 0

[2020-02-16T00:00:16-08:00]
rchar: 7574794241
wchar: 6836116396
syscr: 2702780
syscw: 430693
read_bytes: 7435610624
write_bytes: 6845755392
cancelled_write_bytes: 0

[2020-02-16T00:00:19-08:00]
rchar: 7694334201
wchar: 6896799627
syscr: 2748714
syscw: 440771
read_bytes: 7526550016
write_bytes: 6906732544
cancelled_write_bytes: 0

[2020-02-16T00:00:22-08:00]
rchar: 7787920920
wchar: 6977111660
syscr: 2784975
syscw: 450229
read_bytes: 7597722112
write_bytes: 6987333632
cancelled_write_bytes: 0

[2020-02-16T00:00:25-08:00]
rchar: 7875422316
wchar: 7054118423
syscr: 2818810
syscw: 457514
read_bytes: 7663266304
write_bytes: 7064633344
cancelled_write_bytes: 0

[2020-02-16T00:00:28-08:00]
rchar: 7984704320
wchar: 7142162064
syscr: 2860911
syscw: 467153
read_bytes: 7746210304
write_bytes: 7153025024
cancelled_write_bytes: 0

[2020-02-16T00:00:31-08:00]
rchar: 8070010804
wchar: 7218837253
syscr: 2893617
syscw: 475351
read_bytes: 7810345472
write_bytes: 7229919232
cancelled_write_bytes: 0

[2020-02-16T00:00:34-08:00]
rchar: 8227613003
wchar: 7309040932
syscr: 2952308
syscw: 484367
read_bytes: 7933082112
write_bytes: 7320440832
cancelled_write_bytes: 0

[2020-02-16T00:00:37-08:00]
rchar: 8381100291
wchar: 7449327086
syscr: 3010468
syscw: 493464
read_bytes: 8048837120
write_bytes: 7461040128
cancelled_write_bytes: 0

[2020-02-16T00:00:40-08:00]
rchar: 8557240668
wchar: 7591440513
syscr: 3069339
syscw: 497760
read_bytes: 8192156160
write_bytes: 7603855360
cancelled_write_bytes: 0

[2020-02-16T00:00:43-08:00]
rchar: 8658071550
wchar: 7688837988
syscr: 3103343
syscw: 501169
read_bytes: 8274932224
write_bytes: 7701626880
cancelled_write_bytes: 0

[2020-02-16T00:00:46-08:00]
rchar: 8920885478
wchar: 7939489080
syscr: 3190371
syscw: 506990
read_bytes: 8492073472
write_bytes: 7952375808
cancelled_write_bytes: 0

[2020-02-16T00:00:49-08:00]
rchar: 9132865073
wchar: 8137849230
syscr: 3262376
syscw: 512523
read_bytes: 8665494016
write_bytes: 8162123776
cancelled_write_bytes: 0

[2020-02-16T00:00:52-08:00]
rchar: 9409060263
wchar: 8393087008
syscr: 3356818
syscw: 520635
read_bytes: 8891732480
write_bytes: 8406319104
cancelled_write_bytes: 0

[2020-02-16T00:00:55-08:00]
rchar: 9712809912
wchar: 8630716428
syscr: 3458823
syscw: 527214
read_bytes: 9139843584
write_bytes: 8643997696
cancelled_write_bytes: 0

[2020-02-16T00:00:58-08:00]
rchar: 9854243085
wchar: 8809259318
syscr: 3509703
syscw: 535786
read_bytes: 9248133632
write_bytes: 8822988800
cancelled_write_bytes: 0

[2020-02-16T00:01:01-08:00]
rchar: 9989124635
wchar: 8880595571
syscr: 3558575
syscw: 544677
read_bytes: 9342206464
write_bytes: 8900337664
cancelled_write_bytes: 0

[2020-02-16T00:01:04-08:00]
rchar: 10079050175
wchar: 8955233864
syscr: 3592258
syscw: 552595
read_bytes: 9401369088
write_bytes: 8969383936
cancelled_write_bytes: 0

[2020-02-16T00:01:07-08:00]
rchar: 10207487219
wchar: 9047767164
syscr: 3640867
syscw: 563703
read_bytes: 9487380992
write_bytes: 9062211584
cancelled_write_bytes: 0

[2020-02-16T00:01:10-08:00]
rchar: 10306261539
wchar: 9127349860
syscr: 3678852
syscw: 570658
read_bytes: 9554117120
write_bytes: 9141972992
cancelled_write_bytes: 0

[2020-02-16T00:01:13-08:00]
rchar: 10418441898
wchar: 9179874208
syscr: 3721480
syscw: 579625
read_bytes: 9630007808
write_bytes: 9194803200
cancelled_write_bytes: 0

[2020-02-16T00:01:16-08:00]
rchar: 10513606208
wchar: 9293466792
syscr: 3757832
syscw: 588191
read_bytes: 9694609920
write_bytes: 9308663808
cancelled_write_bytes: 0

[2020-02-16T00:01:19-08:00]
rchar: 10630346544
wchar: 9346884018
syscr: 3802356
syscw: 597282
read_bytes: 9773048320
write_bytes: 9362337792
cancelled_write_bytes: 0

[2020-02-16T00:01:22-08:00]
rchar: 10744404516
wchar: 9432670974
syscr: 3846172
syscw: 605997
read_bytes: 9849627136
write_bytes: 9448435712
cancelled_write_bytes: 0

[2020-02-16T00:01:25-08:00]
rchar: 10863411904
wchar: 9521720632
syscr: 3891607
syscw: 615370
read_bytes: 9929286144
write_bytes: 9537794048
cancelled_write_bytes: 0

[2020-02-16T00:01:28-08:00]
rchar: 10954201382
wchar: 9599496986
syscr: 3926199
syscw: 623390
read_bytes: 9991102976
write_bytes: 9615790080
cancelled_write_bytes: 0

[2020-02-16T00:01:31-08:00]
rchar: 11096580263
wchar: 9704214931
syscr: 3979384
syscw: 633434
read_bytes: 10085659136
write_bytes: 9720725504
cancelled_write_bytes: 0

[2020-02-16T00:01:34-08:00]
rchar: 11215282084
wchar: 9792388297
syscr: 4024442
syscw: 642537
read_bytes: 10163274240
write_bytes: 9809170432
cancelled_write_bytes: 0

[2020-02-16T00:01:37-08:00]
rchar: 11379786657
wchar: 9899066628
syscr: 4087314
syscw: 653117
read_bytes: 10269794816
write_bytes: 9916157952
cancelled_write_bytes: 0

[2020-02-16T00:01:40-08:00]
rchar: 11466681552
wchar: 9972872519
syscr: 4119969
syscw: 660820
read_bytes: 10326356480
write_bytes: 9990193152
cancelled_write_bytes: 0

[2020-02-16T00:01:43-08:00]
rchar: 11571859199
wchar: 10019922641
syscr: 4159998
syscw: 669272
read_bytes: 10395034112
write_bytes: 10037448704
cancelled_write_bytes: 0

[2020-02-16T00:01:46-08:00]
rchar: 11718902006
wchar: 10121409538
syscr: 4215966
syscw: 679132
read_bytes: 10491556352
write_bytes: 10139238400
cancelled_write_bytes: 0

[2020-02-16T00:01:49-08:00]
rchar: 11871576832
wchar: 10249168726
syscr: 4270549
syscw: 685903
read_bytes: 10600305152
write_bytes: 10267131904
cancelled_write_bytes: 0

[2020-02-16T00:01:52-08:00]
rchar: 11999865612
wchar: 10324178968
syscr: 4319775
syscw: 695126
read_bytes: 10683396608
write_bytes: 10342432768
cancelled_write_bytes: 0

[2020-02-16T00:01:55-08:00]
rchar: 12116196645
wchar: 10427189332
syscr: 4363860
syscw: 702759
read_bytes: 10757595648
write_bytes: 10445729792
cancelled_write_bytes: 0

[2020-02-16T00:01:58-08:00]
rchar: 12227805309
wchar: 10495350035
syscr: 4406323
syscw: 712231
read_bytes: 10829529600
write_bytes: 10514173952
cancelled_write_bytes: 0

[2020-02-16T00:02:01-08:00]
rchar: 12346316028
wchar: 10567612023
syscr: 4451475
syscw: 720947
read_bytes: 10905629184
write_bytes: 10586746880
cancelled_write_bytes: 0

[2020-02-16T00:02:04-08:00]
rchar: 12439372212
wchar: 10677311036
syscr: 4487056
syscw: 728094
read_bytes: 10963923456
write_bytes: 10696687616
cancelled_write_bytes: 0

[2020-02-16T00:02:07-08:00]
rchar: 12587438062
wchar: 10742701317
syscr: 4542934
syscw: 738337
read_bytes: 11056792064
write_bytes: 10762420224
cancelled_write_bytes: 0

[2020-02-16T00:02:10-08:00]
rchar: 12672031609
wchar: 10813669336
syscr: 4575055
syscw: 745617
read_bytes: 11109327360
write_bytes: 10833604608
cancelled_write_bytes: 0

[2020-02-16T00:02:13-08:00]
rchar: 12804483118
wchar: 10907010724
syscr: 4625005
syscw: 754839
read_bytes: 11193377280
write_bytes: 10927222784
cancelled_write_bytes: 0

[2020-02-16T00:02:16-08:00]
rchar: 12922435875
wchar: 10994097275
syscr: 4669340
syscw: 763564
read_bytes: 11266990592
write_bytes: 11014549504
cancelled_write_bytes: 0

[2020-02-16T00:02:19-08:00]
rchar: 13019197887
wchar: 11057097654
syscr: 4705778
syscw: 771820
read_bytes: 11326833152
write_bytes: 11077824512
cancelled_write_bytes: 0

[2020-02-16T00:02:22-08:00]
rchar: 13151628360
wchar: 11146975433
syscr: 4755627
syscw: 781919
read_bytes: 11406959104
write_bytes: 11167985664
cancelled_write_bytes: 0

[2020-02-16T00:02:25-08:00]
rchar: 13279426745
wchar: 11237366587
syscr: 4803138
syscw: 791786
read_bytes: 11488162304
write_bytes: 11258675200
cancelled_write_bytes: 0

[2020-02-16T00:02:28-08:00]
rchar: 13394883485
wchar: 11305178202
syscr: 4846564
syscw: 801090
read_bytes: 11558318592
write_bytes: 11326783488
cancelled_write_bytes: 0

[2020-02-16T00:02:31-08:00]
rchar: 13483512554
wchar: 11378103757
syscr: 4879835
syscw: 808881
read_bytes: 11613372928
write_bytes: 11399909376
cancelled_write_bytes: 0

[2020-02-16T00:02:34-08:00]
rchar: 13639389168
wchar: 11482238260
syscr: 4938493
syscw: 818008
read_bytes: 11711984128
write_bytes: 11504332800
cancelled_write_bytes: 0

[2020-02-16T00:02:37-08:00]
rchar: 13740136411
wchar: 11567765530
syscr: 4975866
syscw: 825021
read_bytes: 11775607296
write_bytes: 11590053888
cancelled_write_bytes: 0

[2020-02-16T00:02:40-08:00]
rchar: 13882377028
wchar: 11664451008
syscr: 5030130
syscw: 835844
read_bytes: 11863044608
write_bytes: 11687075840
cancelled_write_bytes: 0

[2020-02-16T00:02:43-08:00]
rchar: 13973540167
wchar: 11739337087
syscr: 5064179
syscw: 844224
read_bytes: 11920028160
write_bytes: 11762176000
cancelled_write_bytes: 0

[2020-02-16T00:02:46-08:00]
rchar: 14117350108
wchar: 11802326141
syscr: 5118621
syscw: 854074
read_bytes: 12006859264
write_bytes: 11825471488
cancelled_write_bytes: 0

[2020-02-16T00:02:49-08:00]
rchar: 14206121271
wchar: 11910961994
syscr: 5152096
syscw: 862083
read_bytes: 12063371776
write_bytes: 11934351360
cancelled_write_bytes: 0

[2020-02-16T00:02:52-08:00]
rchar: 14355611744
wchar: 11977818227
syscr: 5208053
syscw: 872935
read_bytes: 12155388416
write_bytes: 12001566720
cancelled_write_bytes: 0

[2020-02-16T00:02:55-08:00]
rchar: 14434962618
wchar: 12048934998
syscr: 5237861
syscw: 879681
read_bytes: 12205232640
write_bytes: 12072919040
cancelled_write_bytes: 0

[2020-02-16T00:02:58-08:00]
rchar: 14549768787
wchar: 12134400921
syscr: 5280841
syscw: 888827
read_bytes: 12275450368
write_bytes: 12158693376
cancelled_write_bytes: 0

[2020-02-16T00:03:01-08:00]
rchar: 14674161886
wchar: 12204962177
syscr: 5327793
syscw: 897867
read_bytes: 12350644736
write_bytes: 12229517312
cancelled_write_bytes: 0

[2020-02-16T00:03:04-08:00]
rchar: 14789732628
wchar: 12290149618
syscr: 5371170
syscw: 907115
read_bytes: 12420297216
write_bytes: 12314984448
cancelled_write_bytes: 0

[2020-02-16T00:03:07-08:00]
rchar: 14930557830
wchar: 12367898623
syscr: 5423753
syscw: 916401
read_bytes: 12504334848
write_bytes: 12393046016
cancelled_write_bytes: 0

[2020-02-16T00:03:10-08:00]
rchar: 15069198694
wchar: 12480282799
syscr: 5475763
syscw: 925740
read_bytes: 12590051840
write_bytes: 12505694208
cancelled_write_bytes: 0

[2020-02-16T00:03:13-08:00]
rchar: 15189098099
wchar: 12552156698
syscr: 5520877
syscw: 934061
read_bytes: 12664627712
write_bytes: 12577808384
cancelled_write_bytes: 0

[2020-02-16T00:03:16-08:00]
rchar: 15304554550
wchar: 12635995445
syscr: 5563821
syscw: 942165
read_bytes: 12731425280
write_bytes: 12661899264
cancelled_write_bytes: 0

[2020-02-16T00:03:19-08:00]
rchar: 15457693799
wchar: 12736939576
syscr: 5621161
syscw: 951298
read_bytes: 12823224832
write_bytes: 12763181056
cancelled_write_bytes: 0

[2020-02-16T00:03:22-08:00]
rchar: 15600902620
wchar: 12832790355
syscr: 5674595
syscw: 961221
read_bytes: 12907885056
write_bytes: 12859281408
cancelled_write_bytes: 0

[2020-02-16T00:03:25-08:00]
rchar: 15735852798
wchar: 12925225344
syscr: 5724764
syscw: 969496
read_bytes: 12989166080
write_bytes: 12951969792
cancelled_write_bytes: 0

[2020-02-16T00:03:28-08:00]
rchar: 15843620074
wchar: 12991028791
syscr: 5765288
syscw: 979424
read_bytes: 13054796288
write_bytes: 13018017792
cancelled_write_bytes: 0

[2020-02-16T00:03:31-08:00]
rchar: 15968823051
wchar: 13099479215
syscr: 5812210
syscw: 988822
read_bytes: 13130428928
write_bytes: 13126766592
cancelled_write_bytes: 0

[2020-02-16T00:03:34-08:00]
rchar: 16057834003
wchar: 13171499394
syscr: 5845365
syscw: 995501
read_bytes: 13182771712
write_bytes: 13198970880
cancelled_write_bytes: 0

[2020-02-16T00:03:37-08:00]
rchar: 16236424008
wchar: 13264818648
syscr: 5912238
syscw: 1006524
read_bytes: 13287531008
write_bytes: 13297479680
cancelled_write_bytes: 0

[2020-02-16T00:03:40-08:00]
rchar: 16330117735
wchar: 13356162505
syscr: 5947465
syscw: 1014205
read_bytes: 13341618688
write_bytes: 13384200192
cancelled_write_bytes: 0

[2020-02-16T00:03:43-08:00]
rchar: 16467783491
wchar: 13432593651
syscr: 5998601
syscw: 1024766
read_bytes: 13422178816
write_bytes: 13461000192
cancelled_write_bytes: 0

[2020-02-16T00:03:46-08:00]
rchar: 16584755766
wchar: 13499468405
syscr: 6041989
syscw: 1032376
read_bytes: 13491319296
write_bytes: 13528092672
cancelled_write_bytes: 0

[2020-02-16T00:03:49-08:00]
rchar: 16714241599
wchar: 13591135406
syscr: 6090325
syscw: 1042046
read_bytes: 13568713216
write_bytes: 13620047872
cancelled_write_bytes: 0

[2020-02-16T00:03:52-08:00]
rchar: 16836166595
wchar: 13681085951
syscr: 6136044
syscw: 1050069
read_bytes: 13644055040
write_bytes: 13710266368
cancelled_write_bytes: 0

[2020-02-16T00:03:55-08:00]
rchar: 16969638554
wchar: 13772980881
syscr: 6185861
syscw: 1059860
read_bytes: 13721440768
write_bytes: 13802455040
cancelled_write_bytes: 0

[2020-02-16T00:03:58-08:00]
rchar: 17094201486
wchar: 13859576642
syscr: 6231867
syscw: 1067949
read_bytes: 13792641536
write_bytes: 13889355776
cancelled_write_bytes: 0

[2020-02-16T00:04:01-08:00]
rchar: 17237986690
wchar: 13954490681
syscr: 6285300
syscw: 1077333
read_bytes: 13875630592
write_bytes: 13984526336
cancelled_write_bytes: 0

[2020-02-16T00:04:04-08:00]
rchar: 17369329773
wchar: 14044914929
syscr: 6334057
syscw: 1086141
read_bytes: 13951910400
write_bytes: 14075265024
cancelled_write_bytes: 0

[2020-02-16T00:04:07-08:00]
rchar: 17472411545
wchar: 14123307426
syscr: 6372317
syscw: 1093488
read_bytes: 14011453952
write_bytes: 14153871360
cancelled_write_bytes: 0

[2020-02-16T00:04:10-08:00]
rchar: 17625850369
wchar: 14207924425
syscr: 6429899
syscw: 1103971
read_bytes: 14101770752
write_bytes: 14238842880
cancelled_write_bytes: 0

[2020-02-16T00:04:13-08:00]
rchar: 17726366440
wchar: 14302983641
syscr: 6467632
syscw: 1111364
read_bytes: 14160232960
write_bytes: 14334132224
cancelled_write_bytes: 0

[2020-02-16T00:04:16-08:00]
rchar: 17878435493
wchar: 14391152860
syscr: 6523693
syscw: 1121311
read_bytes: 14247797248
write_bytes: 14422585344
cancelled_write_bytes: 0

[2020-02-16T00:04:19-08:00]
rchar: 18048645113
wchar: 14490333050
syscr: 6586243
syscw: 1130129
read_bytes: 14348583424
write_bytes: 14522048512
cancelled_write_bytes: 0

[2020-02-16T00:04:23-08:00]
rchar: 18156542823
wchar: 14588743089
syscr: 6626511
syscw: 1138915
read_bytes: 14410408448
write_bytes: 14620688384
cancelled_write_bytes: 0

[2020-02-16T00:04:26-08:00]
rchar: 18329260947
wchar: 14680482208
syscr: 6690936
syscw: 1148800
read_bytes: 14510330368
write_bytes: 14712700928
cancelled_write_bytes: 0

[2020-02-16T00:04:29-08:00]
rchar: 18432553685
wchar: 14794381574
syscr: 6729478
syscw: 1157010
read_bytes: 14571590144
write_bytes: 14826823680
cancelled_write_bytes: 0

[2020-02-16T00:04:32-08:00]
rchar: 18572174943
wchar: 14872628644
syscr: 6781256
syscw: 1167322
read_bytes: 14648889856
write_bytes: 14905397248
cancelled_write_bytes: 0

[2020-02-16T00:04:35-08:00]
rchar: 18703190691
wchar: 14943314815
syscr: 6829400
syscw: 1176446
read_bytes: 14720201216
write_bytes: 14976368640
cancelled_write_bytes: 0

[2020-02-16T00:04:38-08:00]
rchar: 18809402555
wchar: 15021546314
syscr: 6868716
syscw: 1184015
read_bytes: 14779597312
write_bytes: 15054827520
cancelled_write_bytes: 0

[2020-02-16T00:04:41-08:00]
rchar: 18966860039
wchar: 15120853671
syscr: 6926524
syscw: 1193939
read_bytes: 14865256960
write_bytes: 15154442240
cancelled_write_bytes: 0

[2020-02-16T00:04:44-08:00]
rchar: 19075179746
wchar: 15200691150
syscr: 6966376
syscw: 1201701
read_bytes: 14925206016
write_bytes: 15234453504
cancelled_write_bytes: 0

[2020-02-16T00:04:47-08:00]
rchar: 19228347217
wchar: 15302018672
syscr: 7023705
syscw: 1212685
read_bytes: 15013900800
write_bytes: 15336128512
cancelled_write_bytes: 0

[2020-02-16T00:04:50-08:00]
rchar: 19318929339
wchar: 15376532359
syscr: 7057747
syscw: 1220096
read_bytes: 15063818752
write_bytes: 15410880512
cancelled_write_bytes: 0

[2020-02-16T00:04:53-08:00]
rchar: 19485373023
wchar: 15470989130
syscr: 7119312
syscw: 1230248
read_bytes: 15158596096
write_bytes: 15505653760
cancelled_write_bytes: 0

[2020-02-16T00:04:56-08:00]
rchar: 19598537024
wchar: 15570740045
syscr: 7161553
syscw: 1238348
read_bytes: 15220982272
write_bytes: 15605682176
cancelled_write_bytes: 0

[2020-02-16T00:04:59-08:00]
rchar: 19740489898
wchar: 15630683664
syscr: 7214606
syscw: 1247310
read_bytes: 15299965440
write_bytes: 15665889280
cancelled_write_bytes: 0

[2020-02-16T00:05:02-08:00]
rchar: 19887251316
wchar: 15744999686
syscr: 7269718
syscw: 1257320
read_bytes: 15381492224
write_bytes: 15780548608
cancelled_write_bytes: 0

[2020-02-16T00:05:05-08:00]
rchar: 20010637453
wchar: 15851368448
syscr: 7315883
syscw: 1265925
read_bytes: 15452549632
write_bytes: 15887224832
cancelled_write_bytes: 0

[2020-02-16T00:05:08-08:00]
rchar: 20158078091
wchar: 15913383876
syscr: 7370635
syscw: 1275030
read_bytes: 15530791424
write_bytes: 15949504512
cancelled_write_bytes: 0

[2020-02-16T00:05:11-08:00]
rchar: 20279342065
wchar: 16014275940
syscr: 7415269
syscw: 1283867
read_bytes: 15596585472
write_bytes: 16050651136
cancelled_write_bytes: 0

[2020-02-16T00:05:14-08:00]
rchar: 20452979585
wchar: 16102226642
syscr: 7479055
syscw: 1293798
read_bytes: 15687913984
write_bytes: 16138932224
cancelled_write_bytes: 0

[2020-02-16T00:05:17-08:00]
rchar: 20579447257
wchar: 16188005706
syscr: 7525466
syscw: 1301760
read_bytes: 15756915200
write_bytes: 16224956416
cancelled_write_bytes: 0

[2020-02-16T00:05:20-08:00]
rchar: 20726368470
wchar: 16283080750
syscr: 7579391
syscw: 1311157
read_bytes: 15836951040
write_bytes: 16320282624
cancelled_write_bytes: 0

[2020-02-16T00:05:23-08:00]
rchar: 20870625008
wchar: 16378176090
syscr: 7632491
syscw: 1320955
read_bytes: 15915106816
write_bytes: 16415682560
cancelled_write_bytes: 0

[2020-02-16T00:05:26-08:00]
rchar: 20966274823
wchar: 16453880621
syscr: 7667861
syscw: 1328566
read_bytes: 15968461312
write_bytes: 16491626496
cancelled_write_bytes: 0

[2020-02-16T00:05:29-08:00]
rchar: 21126493665
wchar: 16555067949
syscr: 7726835
syscw: 1338300
read_bytes: 16053395968
write_bytes: 16593141760
cancelled_write_bytes: 0

[2020-02-16T00:05:32-08:00]
rchar: 21274654970
wchar: 16648128383
syscr: 7781124
syscw: 1346861
read_bytes: 16133014016
write_bytes: 16686440448
cancelled_write_bytes: 0

[2020-02-16T00:05:35-08:00]
rchar: 21427839294
wchar: 16728231641
syscr: 7837163
syscw: 1356568
read_bytes: 16214143488
write_bytes: 16766828544
cancelled_write_bytes: 0

[2020-02-16T00:05:38-08:00]
rchar: 21573565231
wchar: 16838505628
syscr: 7890106
syscw: 1365115
read_bytes: 16290210304
write_bytes: 16877404160
cancelled_write_bytes: 0

[2020-02-16T00:05:41-08:00]
rchar: 21681860388
wchar: 16918311812
syscr: 7929716
syscw: 1373069
read_bytes: 16347525632
write_bytes: 16957452288
cancelled_write_bytes: 0

[2020-02-16T00:05:44-08:00]
rchar: 21881429452
wchar: 17037865467
syscr: 8002990
syscw: 1384256
read_bytes: 16457507328
write_bytes: 17077346304
cancelled_write_bytes: 0

[2020-02-16T00:05:47-08:00]
rchar: 22042852396
wchar: 17134590680
syscr: 8061941
syscw: 1391248
read_bytes: 16541573632
write_bytes: 17174237184
cancelled_write_bytes: 4096

[2020-02-16T00:05:50-08:00]
rchar: 22294839216
wchar: 17267918838
syscr: 8153876
syscw: 1396384
read_bytes: 16674771456
write_bytes: 17307602944
cancelled_write_bytes: 4096

[2020-02-16T00:05:53-08:00]
rchar: 22448462256
wchar: 17396789582
syscr: 8209506
syscw: 1402469
read_bytes: 16753734144
write_bytes: 17436631040
cancelled_write_bytes: 4096

[2020-02-16T00:05:56-08:00]
rchar: 22592473933
wchar: 17486787698
syscr: 8261463
syscw: 1410779
read_bytes: 16823501312
write_bytes: 17526898688
cancelled_write_bytes: 4096

[2020-02-16T00:05:59-08:00]
rchar: 22781816857
wchar: 17599936299
syscr: 8329338
syscw: 1420313
read_bytes: 16918258176
write_bytes: 17640353792
cancelled_write_bytes: 4096

[2020-02-16T00:06:02-08:00]
rchar: 22893254333
wchar: 17677628325
syscr: 8369642
syscw: 1428122
read_bytes: 16972227072
write_bytes: 17718288384
cancelled_write_bytes: 4096

[2020-02-16T00:06:05-08:00]
rchar: 23086898378
wchar: 17788097112
syscr: 8439844
syscw: 1438949
read_bytes: 17069617664
write_bytes: 17829081088
cancelled_write_bytes: 4096

[2020-02-16T00:06:08-08:00]
rchar: 23216632100
wchar: 17873529064
syscr: 8487489
syscw: 1446634
read_bytes: 17134604800
write_bytes: 17914785792
cancelled_write_bytes: 4096

[2020-02-16T00:06:11-08:00]
rchar: 23385137859
wchar: 17960100380
syscr: 8549985
syscw: 1456219
read_bytes: 17222246912
write_bytes: 18001641472
cancelled_write_bytes: 4096

[2020-02-16T00:06:14-08:00]
rchar: 23523439374
wchar: 18071279020
syscr: 8601214
syscw: 1466011
read_bytes: 17289929216
write_bytes: 18113097728
cancelled_write_bytes: 4096

[2020-02-16T00:06:17-08:00]
rchar: 23653149690
wchar: 18155476461
syscr: 8648381
syscw: 1473739
read_bytes: 17353646592
write_bytes: 18197487616
cancelled_write_bytes: 4096

[2020-02-16T00:06:20-08:00]
rchar: 23857727402
wchar: 18269667232
syscr: 8722828
syscw: 1484012
read_bytes: 17455374848
write_bytes: 18311995392
cancelled_write_bytes: 4096

[2020-02-16T00:06:23-08:00]
rchar: 23997124994
wchar: 18359609145
syscr: 8774336
syscw: 1492436
read_bytes: 17525432832
write_bytes: 18402152448
cancelled_write_bytes: 4096

[2020-02-16T00:06:26-08:00]
rchar: 24152191595
wchar: 18458262843
syscr: 8831998
syscw: 1501598
read_bytes: 17605046784
write_bytes: 18501054464
cancelled_write_bytes: 4096

[2020-02-16T00:06:29-08:00]
rchar: 24297126851
wchar: 18552966052
syscr: 8885241
syscw: 1510809
read_bytes: 17674273280
write_bytes: 18596159488
cancelled_write_bytes: 4096

[2020-02-16T00:06:32-08:00]
rchar: 24413370417
wchar: 18632485319
syscr: 8927753
syscw: 1518359
read_bytes: 17730998784
write_bytes: 18675879936
cancelled_write_bytes: 4096

[2020-02-16T00:06:35-08:00]
rchar: 24576279419
wchar: 18730817874
syscr: 8987452
syscw: 1528601
read_bytes: 17810092544
write_bytes: 18774523904
cancelled_write_bytes: 4096

[2020-02-16T00:06:38-08:00]
rchar: 24727841191
wchar: 18825344802
syscr: 9041997
syscw: 1537338
read_bytes: 17884770816
write_bytes: 18869329920
cancelled_write_bytes: 4096

[2020-02-16T00:06:41-08:00]
rchar: 24855578645
wchar: 18909230669
syscr: 9088369
syscw: 1545252
read_bytes: 17946350080
write_bytes: 18953453568
cancelled_write_bytes: 4096

[2020-02-16T00:06:44-08:00]
rchar: 25086181585
wchar: 18998369049
syscr: 9171700
syscw: 1556661
read_bytes: 18057228800
write_bytes: 19042918400
cancelled_write_bytes: 4096

[2020-02-16T00:06:47-08:00]
rchar: 25150529983
wchar: 19099306216
syscr: 9197006
syscw: 1560235
read_bytes: 18081526272
write_bytes: 19145203712
cancelled_write_bytes: 4096

[2020-02-16T00:06:50-08:00]
rchar: 25273808035
wchar: 19172440355
syscr: 9243393
syscw: 1569833
read_bytes: 18147226112
write_bytes: 19219017728
cancelled_write_bytes: 4096

[2020-02-16T00:06:53-08:00]
rchar: 25408202383
wchar: 19248874578
syscr: 9293437
syscw: 1577971
read_bytes: 18219840000
write_bytes: 19295735808
cancelled_write_bytes: 4096

[2020-02-16T00:06:56-08:00]
rchar: 25531911579
wchar: 19339299419
syscr: 9339732
syscw: 1586491
read_bytes: 18287043072
write_bytes: 19386425344
cancelled_write_bytes: 4096

[2020-02-16T00:06:59-08:00]
rchar: 25687542810
wchar: 19441529953
syscr: 9397587
syscw: 1596092
read_bytes: 18370728448
write_bytes: 19488960512
cancelled_write_bytes: 4096

[2020-02-16T00:07:02-08:00]
rchar: 25816707771
wchar: 19531281262
syscr: 9445532
syscw: 1603882
read_bytes: 18439553536
write_bytes: 19578957824
cancelled_write_bytes: 4096

[2020-02-16T00:07:05-08:00]
rchar: 26012731538
wchar: 19674224229
syscr: 9515178
syscw: 1611303
read_bytes: 18545623552
write_bytes: 19722088448
cancelled_write_bytes: 4096

[2020-02-16T00:07:08-08:00]
rchar: 26168600776
wchar: 19809240149
syscr: 9572681
syscw: 1621138
read_bytes: 18627334656
write_bytes: 19857420288
cancelled_write_bytes: 4096

[2020-02-16T00:07:11-08:00]
rchar: 26309595614
wchar: 19903779210
syscr: 9624615
syscw: 1630344
read_bytes: 18700857856
write_bytes: 19952152576
cancelled_write_bytes: 4096

[2020-02-16T00:07:14-08:00]
rchar: 26433187582
wchar: 19976660701
syscr: 9670074
syscw: 1639204
read_bytes: 18766201344
write_bytes: 20025274368
cancelled_write_bytes: 4096

[2020-02-16T00:07:17-08:00]
rchar: 26614334416
wchar: 20084879388
syscr: 9736270
syscw: 1649883
read_bytes: 18853855744
write_bytes: 20133842944
cancelled_write_bytes: 4096

[2020-02-16T00:07:20-08:00]
rchar: 26719201921
wchar: 20179726657
syscr: 9773851
syscw: 1657555
read_bytes: 18907107840
write_bytes: 20228927488
cancelled_write_bytes: 4096

[2020-02-16T00:07:23-08:00]
rchar: 26895197257
wchar: 20267047220
syscr: 9837548
syscw: 1666852
read_bytes: 18994844160
write_bytes: 20316540928
cancelled_write_bytes: 4096

[2020-02-16T00:07:26-08:00]
rchar: 27087333958
wchar: 20396821900
syscr: 9906524
syscw: 1676699
read_bytes: 19088204288
write_bytes: 20446625792
cancelled_write_bytes: 4096

[2020-02-16T00:07:29-08:00]
rchar: 27210566382
wchar: 20480925371
syscr: 9950812
syscw: 1685038
read_bytes: 19149271552
write_bytes: 20530991104
cancelled_write_bytes: 4096

[2020-02-16T00:07:32-08:00]
rchar: 27371016830
wchar: 20583391088
syscr: 10009093
syscw: 1694999
read_bytes: 19229094400
write_bytes: 20633845760
cancelled_write_bytes: 4096

[2020-02-16T00:07:35-08:00]
rchar: 27526044778
wchar: 20681624836
syscr: 10065286
syscw: 1703870
read_bytes: 19302023680
write_bytes: 20732375040
cancelled_write_bytes: 4096

[2020-02-16T00:07:38-08:00]
rchar: 27658957809
wchar: 20769234064
syscr: 10113258
syscw: 1711765
read_bytes: 19365384704
write_bytes: 20820213760
cancelled_write_bytes: 4096

[2020-02-16T00:07:41-08:00]
rchar: 27840450842
wchar: 20877250236
syscr: 10178693
syscw: 1721782
read_bytes: 19451679232
write_bytes: 20928524288
cancelled_write_bytes: 4096

[2020-02-16T00:07:44-08:00]
rchar: 28031317762
wchar: 20988864778
syscr: 10247564
syscw: 1731140
read_bytes: 19542991360
write_bytes: 21040410624
cancelled_write_bytes: 4096

[2020-02-16T00:07:47-08:00]
rchar: 28166870043
wchar: 21096497608
syscr: 10296806
syscw: 1740705
read_bytes: 19609752064
write_bytes: 21148327936
cancelled_write_bytes: 4096

[2020-02-16T00:07:50-08:00]
rchar: 28464888925
wchar: 21265623113
syscr: 10400892
syscw: 1750311
read_bytes: 19753640448
write_bytes: 21317746688
cancelled_write_bytes: 4096

[2020-02-16T00:07:53-08:00]
rchar: 28615325337
wchar: 21407273460
syscr: 10453527
syscw: 1753299
read_bytes: 19825484288
write_bytes: 21459611648
cancelled_write_bytes: 4096

[2020-02-16T00:07:56-08:00]
rchar: 29021977314
wchar: 21679040605
syscr: 10584774
syscw: 1761594
read_bytes: 20031382016
write_bytes: 21731434496
cancelled_write_bytes: 4096

[2020-02-16T00:07:59-08:00]
rchar: 29273858196
wchar: 21903375685
syscr: 10666976
syscw: 1768689
read_bytes: 20155888128
write_bytes: 21955887104
cancelled_write_bytes: 4096

[2020-02-16T00:08:02-08:00]
rchar: 29629674295
wchar: 22162090308
syscr: 10782950
syscw: 1777571
read_bytes: 20332012032
write_bytes: 22214692864
cancelled_write_bytes: 4096

[2020-02-16T00:08:05-08:00]
rchar: 29945624599
wchar: 22457037255
syscr: 10885484
syscw: 1785097
read_bytes: 20485636608
write_bytes: 22514438144
cancelled_write_bytes: 4096

[2020-02-16T00:08:08-08:00]
rchar: 30128177036
wchar: 22634739204
syscr: 10945595
syscw: 1791395
read_bytes: 20574007808
write_bytes: 22687567872
cancelled_write_bytes: 4096

[2020-02-16T00:08:11-08:00]
rchar: 30252170580
wchar: 22766941574
syscr: 10987465
syscw: 1797307
read_bytes: 20628521472
write_bytes: 22819971072
cancelled_write_bytes: 4096

[2020-02-16T00:08:14-08:00]
rchar: 30372709738
wchar: 22881373537
syscr: 11029325
syscw: 1804143
read_bytes: 20678312448
write_bytes: 22934683648
cancelled_write_bytes: 4096

[2020-02-16T00:08:17-08:00]
rchar: 30623771434
wchar: 23028358070
syscr: 11114581
syscw: 1812160
read_bytes: 20791562752
write_bytes: 23081897984
cancelled_write_bytes: 4096

[2020-02-16T00:08:20-08:00]
rchar: 30787034169
wchar: 23122703224
syscr: 11172272
syscw: 1821346
read_bytes: 20856586752
write_bytes: 23176470528
cancelled_write_bytes: 4096

[2020-02-16T00:08:23-08:00]
rchar: 30930038451
wchar: 23210605787
syscr: 11223052
syscw: 1830279
read_bytes: 20915667456
write_bytes: 23276212224
cancelled_write_bytes: 4096

[2020-02-16T00:08:26-08:00]
rchar: 31116530919
wchar: 23313710905
syscr: 11289162
syscw: 1839547
read_bytes: 20990476800
write_bytes: 23368003584
cancelled_write_bytes: 4096

[2020-02-16T00:08:29-08:00]
rchar: 31297543170
wchar: 23417263627
syscr: 11353866
syscw: 1848835
read_bytes: 21067100672
write_bytes: 23471861760
cancelled_write_bytes: 4096

[2020-02-16T00:08:32-08:00]
rchar: 31431177918
wchar: 23538764330
syscr: 11402329
syscw: 1857445
read_bytes: 21125448192
write_bytes: 23593590784
cancelled_write_bytes: 4096

[2020-02-16T00:08:35-08:00]
rchar: 31632666361
wchar: 23636578501
syscr: 11475705
syscw: 1868251
read_bytes: 21212062208
write_bytes: 23691894784
cancelled_write_bytes: 4096

[2020-02-16T00:08:38-08:00]
rchar: 31793918632
wchar: 23749832170
syscr: 11533926
syscw: 1876504
read_bytes: 21278605824
write_bytes: 23805358080
cancelled_write_bytes: 4096

[2020-02-16T00:08:41-08:00]
rchar: 32064616918
wchar: 23886101424
syscr: 11631076
syscw: 1881885
read_bytes: 21390987776
write_bytes: 23941660672
cancelled_write_bytes: 4096

[2020-02-16T00:08:44-08:00]
rchar: 32181560195
wchar: 24001933462
syscr: 11672935
syscw: 1889764
read_bytes: 21439341056
write_bytes: 24057708544
cancelled_write_bytes: 4096

[2020-02-16T00:08:47-08:00]
rchar: 32402602054
wchar: 24091261724
syscr: 11751183
syscw: 1899465
read_bytes: 21526921728
write_bytes: 24147271680
cancelled_write_bytes: 4096

[2020-02-16T00:08:50-08:00]
rchar: 32564655493
wchar: 24219446097
syscr: 11809171
syscw: 1908362
read_bytes: 21591253504
write_bytes: 24275709952
cancelled_write_bytes: 4096

[2020-02-16T00:08:53-08:00]
rchar: 32786683444
wchar: 24338708957
syscr: 11888867
syscw: 1919281
read_bytes: 21682565632
write_bytes: 24395304960
cancelled_write_bytes: 4096

[2020-02-16T00:08:56-08:00]
rchar: 32931249013
wchar: 24430019180
syscr: 11941643
syscw: 1927709
read_bytes: 21745123840
write_bytes: 24486809600
cancelled_write_bytes: 4096

[2020-02-16T00:08:59-08:00]
rchar: 33133717832
wchar: 24542156407
syscr: 12017057
syscw: 1937712
read_bytes: 21828321792
write_bytes: 24599285760
cancelled_write_bytes: 4096

[2020-02-16T00:09:02-08:00]
rchar: 33236065231
wchar: 24633768970
syscr: 12055418
syscw: 1944932
read_bytes: 21872849408
write_bytes: 24692289536
cancelled_write_bytes: 4096

[2020-02-16T00:09:05-08:00]
rchar: 33350538355
wchar: 24717009779
syscr: 12097469
syscw: 1952831
read_bytes: 21923799552
write_bytes: 24775819264
cancelled_write_bytes: 4096

[2020-02-16T00:09:08-08:00]
rchar: 33578567728
wchar: 24824653731
syscr: 12180481
syscw: 1964954
read_bytes: 22017614336
write_bytes: 24883806208
cancelled_write_bytes: 4096

[2020-02-16T00:09:11-08:00]
rchar: 33667519904
wchar: 24926050916
syscr: 12213800
syscw: 1969969
read_bytes: 22052524544
write_bytes: 24986693632
cancelled_write_bytes: 4096

[2020-02-16T00:09:14-08:00]
rchar: 33754002025
wchar: 24994201985
syscr: 12245337
syscw: 1976411
read_bytes: 22090605056
write_bytes: 25055285248
cancelled_write_bytes: 4096

[2020-02-16T00:09:17-08:00]
rchar: 33910303354
wchar: 25083532480
syscr: 12302888
syscw: 1985618
read_bytes: 22164238848
write_bytes: 25144905728
cancelled_write_bytes: 4096

[2020-02-16T00:09:20-08:00]
rchar: 34149990369
wchar: 25160427943
syscr: 12385302
syscw: 1993420
read_bytes: 22268445184
write_bytes: 25222234112
cancelled_write_bytes: 4096

[2020-02-16T00:09:23-08:00]
rchar: 34345690885
wchar: 25295281141
syscr: 12448098
syscw: 1997778
read_bytes: 22355382784
write_bytes: 25357324288
cancelled_write_bytes: 4096

[2020-02-16T00:09:26-08:00]
rchar: 34650376601
wchar: 25634709463
syscr: 12544398
syscw: 2003530
read_bytes: 22499062272
write_bytes: 25696841728
cancelled_write_bytes: 4096

[2020-02-16T00:09:29-08:00]
rchar: 34995119917
wchar: 25958588011
syscr: 12653324
syscw: 2008800
read_bytes: 22661038592
write_bytes: 26024071168
cancelled_write_bytes: 4096

[2020-02-16T00:09:32-08:00]
rchar: 35384395267
wchar: 26270876844
syscr: 12776907
syscw: 2016576
read_bytes: 22838542848
write_bytes: 26349260800
cancelled_write_bytes: 4096

[2020-02-16T00:09:35-08:00]
rchar: 35531458088
wchar: 26468600836
syscr: 12823964
syscw: 2020599
read_bytes: 22905508352
write_bytes: 26531024896
cancelled_write_bytes: 4096

[2020-02-16T00:09:38-08:00]
rchar: 35744232197
wchar: 26636955742
syscr: 12891942
syscw: 2025200
read_bytes: 23003156992
write_bytes: 26699550720
cancelled_write_bytes: 4096

[2020-02-16T00:09:41-08:00]
rchar: 35952208839
wchar: 26866745543
syscr: 12958954
syscw: 2030145
read_bytes: 23097532928
write_bytes: 26929569792
cancelled_write_bytes: 4096

[2020-02-16T00:09:44-08:00]
rchar: 36105474143
wchar: 27018672468
syscr: 13009334
syscw: 2035664
read_bytes: 23164506624
write_bytes: 27081662464
cancelled_write_bytes: 4096

[2020-02-16T00:09:47-08:00]
rchar: 36245786564
wchar: 27168847474
syscr: 13056637
syscw: 2041979
read_bytes: 23222944256
write_bytes: 27232063488
cancelled_write_bytes: 4096

[2020-02-16T00:09:50-08:00]
rchar: 36347001208
wchar: 27248183640
syscr: 13092408
syscw: 2048992
read_bytes: 23263621632
write_bytes: 27311693824
cancelled_write_bytes: 4096

[2020-02-16T00:09:53-08:00]
rchar: 36524658269
wchar: 27340727737
syscr: 13156533
syscw: 2058380
read_bytes: 23332827648
write_bytes: 27404513280
cancelled_write_bytes: 4096

[2020-02-16T00:09:56-08:00]
rchar: 36776900213
wchar: 27465584756
syscr: 13238857
syscw: 2066115
read_bytes: 23443677696
write_bytes: 27529588736
cancelled_write_bytes: 4096

[2020-02-16T00:09:59-08:00]
rchar: 36997954353
wchar: 27671190411
syscr: 13310586
syscw: 2072611
read_bytes: 23539134976
write_bytes: 27735355392
cancelled_write_bytes: 4096

[2020-02-16T00:10:02-08:00]
rchar: 37308107079
wchar: 27945312356
syscr: 13410872
syscw: 2079931
read_bytes: 23673901568
write_bytes: 28009553920
cancelled_write_bytes: 4096

[2020-02-16T00:10:05-08:00]
rchar: 37511851416
wchar: 28171032550
syscr: 13477293
syscw: 2086125
read_bytes: 23759712768
write_bytes: 28235431936
cancelled_write_bytes: 4096

[2020-02-16T00:10:08-08:00]
rchar: 37788009851
wchar: 28394247253
syscr: 13567531
syscw: 2094368
read_bytes: 23874863616
write_bytes: 28458844160
cancelled_write_bytes: 4096

[2020-02-16T00:10:11-08:00]
rchar: 37993761707
wchar: 28581325285
syscr: 13635676
syscw: 2100917
read_bytes: 23956308480
write_bytes: 28646137856
cancelled_write_bytes: 4096

[2020-02-16T00:10:14-08:00]
rchar: 38079362589
wchar: 28664988457
syscr: 13665169
syscw: 2106116
read_bytes: 23989006848
write_bytes: 28729954304
cancelled_write_bytes: 4096

[2020-02-16T00:10:17-08:00]
rchar: 38362582360
wchar: 28835120237
syscr: 13762471
syscw: 2117138
read_bytes: 24097112576
write_bytes: 28900306944
cancelled_write_bytes: 4096

[2020-02-16T00:10:20-08:00]
rchar: 38484554886
wchar: 28936180502
syscr: 13805765
syscw: 2125799
read_bytes: 24137884160
write_bytes: 29001801728
cancelled_write_bytes: 4096

[2020-02-16T00:10:23-08:00]
rchar: 38723089496
wchar: 29026824195
syscr: 13890749
syscw: 2133638
read_bytes: 24221061632
write_bytes: 29092564992
cancelled_write_bytes: 4096

[2020-02-16T00:10:26-08:00]
rchar: 38862016761
wchar: 29180927284
syscr: 13939720
syscw: 2138541
read_bytes: 24267649536
write_bytes: 29246746624
cancelled_write_bytes: 4096

[2020-02-16T00:10:29-08:00]
rchar: 39058056050
wchar: 29254598867
syscr: 14009105
syscw: 2149051
read_bytes: 24332636672
write_bytes: 29320720384
cancelled_write_bytes: 4096

[2020-02-16T00:10:32-08:00]
rchar: 39221375487
wchar: 29366803037
syscr: 14067850
syscw: 2155709
read_bytes: 24386462208
write_bytes: 29433643008
cancelled_write_bytes: 4096

[2020-02-16T00:10:35-08:00]
rchar: 39407290522
wchar: 29520528145
syscr: 14134057
syscw: 2164845
read_bytes: 24455574016
write_bytes: 29588180992
cancelled_write_bytes: 4096

[2020-02-16T00:10:38-08:00]
rchar: 39669130702
wchar: 29650733695
syscr: 14227687
syscw: 2176019
read_bytes: 24552342016
write_bytes: 29718577152
cancelled_write_bytes: 4096

[2020-02-16T00:10:41-08:00]
rchar: 39789917267
wchar: 29752164666
syscr: 14273205
syscw: 2183147
read_bytes: 24592962048
write_bytes: 29820911616
cancelled_write_bytes: 4096

[2020-02-16T00:10:44-08:00]
rchar: 39890891011
wchar: 29865398023
syscr: 14310491
syscw: 2190636
read_bytes: 24632586752
write_bytes: 29934571520
cancelled_write_bytes: 4096

[2020-02-16T00:10:47-08:00]
rchar: 40178770707
wchar: 29936464366
syscr: 14410677
syscw: 2199921
read_bytes: 24745329152
write_bytes: 30006063104
cancelled_write_bytes: 4096

[2020-02-16T00:10:50-08:00]
rchar: 40286126386
wchar: 30112395966
syscr: 14446847
syscw: 2204762
read_bytes: 24785691136
write_bytes: 30182178816
cancelled_write_bytes: 4096

[2020-02-16T00:10:53-08:00]
rchar: 40536402508
wchar: 30358672884
syscr: 14529313
syscw: 2212140
read_bytes: 24888168960
write_bytes: 30428635136
cancelled_write_bytes: 4096

[2020-02-16T00:10:56-08:00]
rchar: 40694945112
wchar: 30464685071
syscr: 14582350
syscw: 2218426
read_bytes: 24949649920
write_bytes: 30534873088
cancelled_write_bytes: 4096

[2020-02-16T00:10:59-08:00]
rchar: 40794205576
wchar: 30565784058
syscr: 14616486
syscw: 2224002
read_bytes: 24985821696
write_bytes: 30636191744
cancelled_write_bytes: 4096

[2020-02-16T00:11:02-08:00]
rchar: 40983461568
wchar: 30711779344
syscr: 14682053
syscw: 2233204
read_bytes: 25056162304
write_bytes: 30782636032
cancelled_write_bytes: 4096

[2020-02-16T00:11:05-08:00]
rchar: 41142225661
wchar: 30821899409
syscr: 14738325
syscw: 2241588
read_bytes: 25112191488
write_bytes: 30893060096
cancelled_write_bytes: 4096

[2020-02-16T00:11:08-08:00]
rchar: 41334914565
wchar: 30933992616
syscr: 14808157
syscw: 2251923
read_bytes: 25179738624
write_bytes: 31005396992
cancelled_write_bytes: 4096

[2020-02-16T00:11:11-08:00]
rchar: 41480949177
wchar: 31039748447
syscr: 14863587
syscw: 2258565
read_bytes: 25226506752
write_bytes: 31112007680
cancelled_write_bytes: 4096

[2020-02-16T00:11:15-08:00]
rchar: 41718746847
wchar: 31213203119
syscr: 14944500
syscw: 2266516
read_bytes: 25312530944
write_bytes: 31286124544
cancelled_write_bytes: 4096

[2020-02-16T00:11:18-08:00]
rchar: 41973726120
wchar: 31386188467
syscr: 15030654
syscw: 2275997
read_bytes: 25404015104
write_bytes: 31459328000
cancelled_write_bytes: 4096

[2020-02-16T00:11:21-08:00]
rchar: 42154556012
wchar: 31535011209
syscr: 15093201
syscw: 2285085
read_bytes: 25464836608
write_bytes: 31608369152
cancelled_write_bytes: 4096

[2020-02-16T00:11:24-08:00]
rchar: 42565466695
wchar: 31803374544
syscr: 15233067
syscw: 2296221
read_bytes: 25609417216
write_bytes: 31876796416
cancelled_write_bytes: 4096

[2020-02-16T00:11:27-08:00]
rchar: 42744359253
wchar: 31953224915
syscr: 15294904
syscw: 2304262
read_bytes: 25668928000
write_bytes: 32026959872
cancelled_write_bytes: 4096

[2020-02-16T00:11:30-08:00]
rchar: 42986237066
wchar: 32105830616
syscr: 15378586
syscw: 2314566
read_bytes: 25745838592
write_bytes: 32179695616
cancelled_write_bytes: 4096

[2020-02-16T00:11:33-08:00]
rchar: 43187086160
wchar: 32216371964
syscr: 15449622
syscw: 2326299
read_bytes: 25807823360
write_bytes: 32290496512
cancelled_write_bytes: 4096

[2020-02-16T00:11:36-08:00]
rchar: 43364323030
wchar: 32352726536
syscr: 15512596
syscw: 2336720
read_bytes: 25862947328
write_bytes: 32427089920
cancelled_write_bytes: 4096

[2020-02-16T00:11:39-08:00]
rchar: 43546349707
wchar: 32459534028
syscr: 15577627
syscw: 2348232
read_bytes: 25918218752
write_bytes: 32534286336
cancelled_write_bytes: 4096

[2020-02-16T00:11:42-08:00]
rchar: 43709169558
wchar: 32556231323
syscr: 15635894
syscw: 2358761
read_bytes: 25967178240
write_bytes: 32631263232
cancelled_write_bytes: 4096

[2020-02-16T00:11:45-08:00]
rchar: 43999269152
wchar: 32698798847
syscr: 15739298
syscw: 2371030
read_bytes: 26055262720
write_bytes: 32774086656
cancelled_write_bytes: 4096

[2020-02-16T00:11:48-08:00]
rchar: 44191872495
wchar: 32840407815
syscr: 15807350
syscw: 2379158
read_bytes: 26111386112
write_bytes: 32915873792
cancelled_write_bytes: 4096

[2020-02-16T00:11:51-08:00]
rchar: 44372374312
wchar: 32942637893
syscr: 15871184
syscw: 2389939
read_bytes: 26162602496
write_bytes: 33018339328
cancelled_write_bytes: 4096

[2020-02-16T00:11:54-08:00]
rchar: 44640548305
wchar: 33093711437
syscr: 15964748
syscw: 2401573
read_bytes: 26245935616
write_bytes: 33169575936
cancelled_write_bytes: 4096

[2020-02-16T00:11:57-08:00]
rchar: 44841114704
wchar: 33224827089
syscr: 16037014
syscw: 2413346
read_bytes: 26298655232
write_bytes: 33301827584
cancelled_write_bytes: 4096

[2020-02-16T00:12:00-08:00]
rchar: 44935496763
wchar: 33278096716
syscr: 16072385
syscw: 2418456
read_bytes: 26325643776
write_bytes: 33355964416
cancelled_write_bytes: 4096

[2020-02-16T00:12:03-08:00]
rchar: 45057865727
wchar: 33374075738
syscr: 16116973
syscw: 2426837
read_bytes: 26367750656
write_bytes: 33452695552
cancelled_write_bytes: 4096

[2020-02-16T00:12:06-08:00]
rchar: 45175679412
wchar: 33466880523
syscr: 16159332
syscw: 2433950
read_bytes: 26405474816
write_bytes: 33545850880
cancelled_write_bytes: 4096

[2020-02-16T00:12:09-08:00]
rchar: 45323686287
wchar: 33567159197
syscr: 16212821
syscw: 2442756
read_bytes: 26453594624
write_bytes: 33646616576
cancelled_write_bytes: 4096

[2020-02-16T00:12:12-08:00]
rchar: 45653590824
wchar: 33832335097
syscr: 16322749
syscw: 2452098
read_bytes: 26562261504
write_bytes: 33911992320
cancelled_write_bytes: 4096

[2020-02-16T00:12:15-08:00]
rchar: 45942623855
wchar: 34079966119
syscr: 16420428
syscw: 2462038
read_bytes: 26656051712
write_bytes: 34159734784
cancelled_write_bytes: 4096

[2020-02-16T00:12:18-08:00]
rchar: 46320547428
wchar: 34380152883
syscr: 16547852
syscw: 2472412
read_bytes: 26774475264
write_bytes: 34460131328
cancelled_write_bytes: 4096

[2020-02-16T00:12:21-08:00]
rchar: 46528701685
wchar: 34506380542
syscr: 16621425
syscw: 2483390
read_bytes: 26836529664
write_bytes: 34586566656
cancelled_write_bytes: 4096

[2020-02-16T00:12:24-08:00]
rchar: 46768974166
wchar: 34649901854
syscr: 16707913
syscw: 2496530
read_bytes: 26903589376
write_bytes: 34730385408
cancelled_write_bytes: 4096

[2020-02-16T00:12:27-08:00]
rchar: 46897193584
wchar: 34745502546
syscr: 16754469
syscw: 2504257
read_bytes: 26936467968
write_bytes: 34826711040
cancelled_write_bytes: 4096

[2020-02-16T00:12:30-08:00]
rchar: 47067557703
wchar: 34835416621
syscr: 16812599
syscw: 2512074
read_bytes: 26989470208
write_bytes: 34916904960
cancelled_write_bytes: 4096

[2020-02-16T00:12:33-08:00]
rchar: 47272881371
wchar: 35008882818
syscr: 16881575
syscw: 2519499
read_bytes: 27052339712
write_bytes: 35090534400
cancelled_write_bytes: 4096

[2020-02-16T00:12:36-08:00]
rchar: 47617416707
wchar: 35255038932
syscr: 16999166
syscw: 2530979
read_bytes: 27153371648
write_bytes: 35336859648
cancelled_write_bytes: 4096

[2020-02-16T00:12:39-08:00]
rchar: 47851554278
wchar: 35411101476
syscr: 17082235
syscw: 2544164
read_bytes: 27215839744
write_bytes: 35493203968
cancelled_write_bytes: 4096

[2020-02-16T00:12:42-08:00]
rchar: 47960968066
wchar: 35485571091
syscr: 17121070
syscw: 2550434
read_bytes: 27244708352
write_bytes: 35567833088
cancelled_write_bytes: 4096

[2020-02-16T00:12:45-08:00]
rchar: 48192487948
wchar: 35603534399
syscr: 17203143
syscw: 2562151
read_bytes: 27303682560
write_bytes: 35686047744
cancelled_write_bytes: 4096

[2020-02-16T00:12:48-08:00]
rchar: 48422567358
wchar: 35721438699
syscr: 17284429
syscw: 2573667
read_bytes: 27365478912
write_bytes: 35804164096
cancelled_write_bytes: 4096

[2020-02-16T00:12:51-08:00]
rchar: 48685450104
wchar: 35886632580
syscr: 17378508
syscw: 2585168
read_bytes: 27433345536
write_bytes: 35969662976
cancelled_write_bytes: 4096

[2020-02-16T00:12:54-08:00]
rchar: 48834874087
wchar: 35948688512
syscr: 17428173
syscw: 2589914
read_bytes: 27476324864
write_bytes: 36032204800
cancelled_write_bytes: 4096

[2020-02-16T00:12:57-08:00]
rchar: 49155821918
wchar: 36234469328
syscr: 17533710
syscw: 2598812
read_bytes: 27573932544
write_bytes: 36318068736
cancelled_write_bytes: 4096

[2020-02-16T00:13:00-08:00]
rchar: 49331406059
wchar: 36353309820
syscr: 17593469
syscw: 2606794
read_bytes: 27625296384
write_bytes: 36437151744
cancelled_write_bytes: 4096

[2020-02-16T00:13:03-08:00]
rchar: 49675620501
wchar: 36609710299
syscr: 17708837
syscw: 2617624
read_bytes: 27724845568
write_bytes: 36693663744
cancelled_write_bytes: 4096

[2020-02-16T00:13:06-08:00]
rchar: 49850310238
wchar: 36778854442
syscr: 17769588
syscw: 2627228
read_bytes: 27767022080
write_bytes: 36875784192
cancelled_write_bytes: 4096

[2020-02-16T00:13:09-08:00]
rchar: 50085511734
wchar: 36882525404
syscr: 17852670
syscw: 2639872
read_bytes: 27823043072
write_bytes: 36966957056
cancelled_write_bytes: 4096

[2020-02-16T00:13:12-08:00]
rchar: 50202550286
wchar: 36984003212
syscr: 17894434
syscw: 2643410
read_bytes: 27849753088
write_bytes: 37069275136
cancelled_write_bytes: 4096

[2020-02-16T00:13:15-08:00]
rchar: 50331099493
wchar: 37075535449
syscr: 17938252
syscw: 2649655
read_bytes: 27884433920
write_bytes: 37161345024
cancelled_write_bytes: 4096

[2020-02-16T00:13:18-08:00]
rchar: 50668156188
wchar: 37334737032
syscr: 18048734
syscw: 2658191
read_bytes: 27978404352
write_bytes: 37438132224
cancelled_write_bytes: 4096

[2020-02-16T00:13:21-08:00]
rchar: 51006675458
wchar: 37588001269
syscr: 18161021
syscw: 2668919
read_bytes: 28075110912
write_bytes: 37674110976
cancelled_write_bytes: 4096

[2020-02-16T00:13:24-08:00]
rchar: 51100381501
wchar: 37669075021
syscr: 18194971
syscw: 2671898
read_bytes: 28096950784
write_bytes: 37756198912
cancelled_write_bytes: 4096

[2020-02-16T00:13:27-08:00]
rchar: 51211838248
wchar: 37743153614
syscr: 18234088
syscw: 2677949
read_bytes: 28128477696
write_bytes: 37830680576
cancelled_write_bytes: 4096

[2020-02-16T00:13:30-08:00]
rchar: 51415562360
wchar: 37851271887
syscr: 18303809
syscw: 2686743
read_bytes: 28189639168
write_bytes: 37939195904
cancelled_write_bytes: 4096

[2020-02-16T00:13:33-08:00]
rchar: 51785655085
wchar: 38151976504
syscr: 18426051
syscw: 2697101
read_bytes: 28295307776
write_bytes: 38257238016
cancelled_write_bytes: 4096

[2020-02-16T00:13:36-08:00]
rchar: 51985650372
wchar: 38325912414
syscr: 18493857
syscw: 2705849
read_bytes: 28351201792
write_bytes: 38414209024
cancelled_write_bytes: 4096

[2020-02-16T00:13:39-08:00]
rchar: 52234625250
wchar: 38534118522
syscr: 18579508
syscw: 2716814
read_bytes: 28416328192
write_bytes: 38622552064
cancelled_write_bytes: 4096

[2020-02-16T00:13:42-08:00]
rchar: 52527416874
wchar: 38724510687
syscr: 18682267
syscw: 2728810
read_bytes: 28489355776
write_bytes: 38813163520
cancelled_write_bytes: 4096

[2020-02-16T00:13:45-08:00]
rchar: 52598750358
wchar: 38816123479
syscr: 18706741
syscw: 2731582
read_bytes: 28508447232
write_bytes: 38905741312
cancelled_write_bytes: 4096

[2020-02-16T00:13:48-08:00]
rchar: 52798182567
wchar: 38947097730
syscr: 18775160
syscw: 2741613
read_bytes: 28561097216
write_bytes: 39036981248
cancelled_write_bytes: 4096

[2020-02-16T00:13:51-08:00]
rchar: 53080496687
wchar: 39144232479
syscr: 18870913
syscw: 2752799
read_bytes: 28633379328
write_bytes: 39234252800
cancelled_write_bytes: 4096

[2020-02-16T00:13:54-08:00]
rchar: 53293236762
wchar: 39350065941
syscr: 18942728
syscw: 2762397
read_bytes: 28688728576
write_bytes: 39440273408
cancelled_write_bytes: 4096

[2020-02-16T00:13:57-08:00]
rchar: 53490504405
wchar: 39459723144
syscr: 19011256
syscw: 2772738
read_bytes: 28735525376
write_bytes: 39550181376
cancelled_write_bytes: 4096

[2020-02-16T00:14:00-08:00]
rchar: 53630141986
wchar: 39566807355
syscr: 19060724
syscw: 2782397
read_bytes: 28765630976
write_bytes: 39657787392
cancelled_write_bytes: 4096

[2020-02-16T00:14:03-08:00]
rchar: 53886701796
wchar: 39684403358
syscr: 19153882
syscw: 2793951
read_bytes: 28823577088
write_bytes: 39775891456
cancelled_write_bytes: 4096

[2020-02-16T00:14:06-08:00]
rchar: 53995991492
wchar: 39786827070
syscr: 19193230
syscw: 2799380
read_bytes: 28852613632
write_bytes: 39879249920
cancelled_write_bytes: 4096

[2020-02-16T00:14:09-08:00]
rchar: 54234647862
wchar: 39973939379
syscr: 19274799
syscw: 2809118
read_bytes: 28915823104
write_bytes: 40066584576
cancelled_write_bytes: 4096

[2020-02-16T00:14:12-08:00]
rchar: 54485640446
wchar: 40163931937
syscr: 19361996
syscw: 2820769
read_bytes: 28980503040
write_bytes: 40256794624
cancelled_write_bytes: 4096

[2020-02-16T00:14:15-08:00]
rchar: 54611761919
wchar: 40233012595
syscr: 19407789
syscw: 2827992
read_bytes: 29010022912
write_bytes: 40326504448
cancelled_write_bytes: 4096

[2020-02-16T00:14:18-08:00]
rchar: 54754099745
wchar: 40344614696
syscr: 19456908
syscw: 2835357
read_bytes: 29047132672
write_bytes: 40438575104
cancelled_write_bytes: 4096

[2020-02-16T00:14:21-08:00]
rchar: 55054572657
wchar: 40578867595
syscr: 19555140
syscw: 2844311
read_bytes: 29127328256
write_bytes: 40673189888
cancelled_write_bytes: 4096

[2020-02-16T00:14:24-08:00]
rchar: 55273113519
wchar: 40744779060
syscr: 19627239
syscw: 2852854
read_bytes: 29184848384
write_bytes: 40839319552
cancelled_write_bytes: 4096

[2020-02-16T00:14:27-08:00]
rchar: 55547013441
wchar: 40992144578
syscr: 19717629
syscw: 2862950
read_bytes: 29255623168
write_bytes: 41106071552
cancelled_write_bytes: 4096

[2020-02-16T00:14:30-08:00]
rchar: 55839810274
wchar: 41191626351
syscr: 19815003
syscw: 2873376
read_bytes: 29330588160
write_bytes: 41286377472
cancelled_write_bytes: 4096

[2020-02-16T00:14:33-08:00]
rchar: 56065304981
wchar: 41420623367
syscr: 19890746
syscw: 2882192
read_bytes: 29383762432
write_bytes: 41515589632
cancelled_write_bytes: 4096

[2020-02-16T00:14:36-08:00]
rchar: 56214889425
wchar: 41537088230
syscr: 19943279
syscw: 2888238
read_bytes: 29418029568
write_bytes: 41632509952
cancelled_write_bytes: 4096

[2020-02-16T00:14:39-08:00]
rchar: 56392998333
wchar: 41615476894
syscr: 20003302
syscw: 2895340
read_bytes: 29460910592
write_bytes: 41711407104
cancelled_write_bytes: 4096

[2020-02-16T00:14:42-08:00]
rchar: 56851812610
wchar: 42007775926
syscr: 20153178
syscw: 2907337
read_bytes: 29574603264
write_bytes: 42103771136
cancelled_write_bytes: 4096

[2020-02-16T00:14:45-08:00]
rchar: 57144575603
wchar: 42247924309
syscr: 20249515
syscw: 2916397
read_bytes: 29645574656
write_bytes: 42344017920
cancelled_write_bytes: 4096

[2020-02-16T00:14:48-08:00]
rchar: 57322157063
wchar: 42447552065
syscr: 20310187
syscw: 2925252
read_bytes: 29684552192
write_bytes: 42543804416
cancelled_write_bytes: 4096

[2020-02-16T00:14:51-08:00]
rchar: 57623861681
wchar: 42586653339
syscr: 20412623
syscw: 2936603
read_bytes: 29746795008
write_bytes: 42683117568
cancelled_write_bytes: 4096

[2020-02-16T00:14:54-08:00]
rchar: 57740154189
wchar: 42737176108
syscr: 20450845
syscw: 2939216
read_bytes: 29772182016
write_bytes: 42833788928
cancelled_write_bytes: 4096

[2020-02-16T00:14:57-08:00]
rchar: 58062109805
wchar: 42969573996
syscr: 20559181
syscw: 2949581
read_bytes: 29841756672
write_bytes: 43066347520
cancelled_write_bytes: 4096

[2020-02-16T00:15:00-08:00]
rchar: 58391581025
wchar: 43202211474
syscr: 20670440
syscw: 2958825
read_bytes: 29911208448
write_bytes: 43299229696
cancelled_write_bytes: 4096

[2020-02-16T00:15:03-08:00]
rchar: 58490119762
wchar: 43289036925
syscr: 20706000
syscw: 2965587
read_bytes: 29930922496
write_bytes: 43386785792
cancelled_write_bytes: 4096

[2020-02-16T00:15:06-08:00]
rchar: 58848631439
wchar: 43566935955
syscr: 20827158
syscw: 2976909
read_bytes: 30010216960
write_bytes: 43664834560
cancelled_write_bytes: 4096

[2020-02-16T00:15:09-08:00]
rchar: 59077132609
wchar: 43689001707
syscr: 20908067
syscw: 2986412
read_bytes: 30057505280
write_bytes: 43787182080
cancelled_write_bytes: 4096

[2020-02-16T00:15:12-08:00]
rchar: 59246476187
wchar: 43801132750
syscr: 20968189
syscw: 2996666
read_bytes: 30091313664
write_bytes: 43899793408
cancelled_write_bytes: 4096

[2020-02-16T00:15:15-08:00]
rchar: 59437777136
wchar: 43961142198
syscr: 21035874
syscw: 3008289
read_bytes: 30126207488
write_bytes: 44060037120
cancelled_write_bytes: 4096

[2020-02-16T00:15:18-08:00]
rchar: 59685310966
wchar: 44126232269
syscr: 21121457
syscw: 3015773
read_bytes: 30173188608
write_bytes: 44226015232
cancelled_write_bytes: 4096

[2020-02-16T00:15:21-08:00]
rchar: 59904936969
wchar: 44340266644
syscr: 21197399
syscw: 3025399
read_bytes: 30219190784
write_bytes: 44440469504
cancelled_write_bytes: 4096

[2020-02-16T00:15:24-08:00]
rchar: 60222067963
wchar: 44519054567
syscr: 21308268
syscw: 3038993
read_bytes: 30279578112
write_bytes: 44619472896
cancelled_write_bytes: 4096

[2020-02-16T00:15:27-08:00]
rchar: 60390759767
wchar: 44609799585
syscr: 21367887
syscw: 3045051
read_bytes: 30312677888
write_bytes: 44710817792
cancelled_write_bytes: 4096

[2020-02-16T00:15:30-08:00]
rchar: 60560388856
wchar: 44726896258
syscr: 21426408
syscw: 3054845
read_bytes: 30347665920
write_bytes: 44828217344
cancelled_write_bytes: 4096

[2020-02-16T00:15:33-08:00]
rchar: 60740319964
wchar: 44892431416
syscr: 21489310
syscw: 3066073
read_bytes: 30383165952
write_bytes: 44994056192
cancelled_write_bytes: 4096

[2020-02-16T00:15:36-08:00]
rchar: 60859986420
wchar: 45005713581
syscr: 21531255
syscw: 3072991
read_bytes: 30403002880
write_bytes: 45107957760
cancelled_write_bytes: 4096

[2020-02-16T00:15:39-08:00]
rchar: 61105735130
wchar: 45192546507
syscr: 21614026
syscw: 3083383
read_bytes: 30454153728
write_bytes: 45302730752
cancelled_write_bytes: 4096

[2020-02-16T00:15:42-08:00]
rchar: 61473430625
wchar: 45478690015
syscr: 21739603
syscw: 3094277
read_bytes: 30527062528
write_bytes: 45581647872
cancelled_write_bytes: 4096

[2020-02-16T00:15:45-08:00]
rchar: 61544723790
wchar: 45526257848
syscr: 21764319
syscw: 3095613
read_bytes: 30541726208
write_bytes: 45629898752
cancelled_write_bytes: 4096

[2020-02-16T00:15:48-08:00]
rchar: 61820187471
wchar: 45670757868
syscr: 21856643
syscw: 3106021
read_bytes: 30597194240
write_bytes: 45774753792
cancelled_write_bytes: 4096

[2020-02-16T00:15:51-08:00]
rchar: 62071177223
wchar: 45916935726
syscr: 21942215
syscw: 3116590
read_bytes: 30644736512
write_bytes: 46021120000
cancelled_write_bytes: 4096

[2020-02-16T00:15:54-08:00]
rchar: 62357793054
wchar: 46136062341
syscr: 22038604
syscw: 3127867
read_bytes: 30696739328
write_bytes: 46240382976
cancelled_write_bytes: 4096

[2020-02-16T00:15:57-08:00]
rchar: 62602733825
wchar: 46357556087
syscr: 22120365
syscw: 3135971
read_bytes: 30744330752
write_bytes: 46462197760
cancelled_write_bytes: 4096

[2020-02-16T00:16:00-08:00]
rchar: 62811596552
wchar: 46480537042
syscr: 22193477
syscw: 3148332
read_bytes: 30777119232
write_bytes: 46585491456
cancelled_write_bytes: 4096

[2020-02-16T00:16:03-08:00]
rchar: 63107196874
wchar: 46638593621
syscr: 22296695
syscw: 3162684
read_bytes: 30823358976
write_bytes: 46743805952
cancelled_write_bytes: 4096

[2020-02-16T00:16:06-08:00]
rchar: 63198499870
wchar: 46736338907
syscr: 22328725
syscw: 3166335
read_bytes: 30839230976
write_bytes: 46842589184
cancelled_write_bytes: 4096

[2020-02-16T00:16:09-08:00]
rchar: 63351854354
wchar: 46862768325
syscr: 22383445
syscw: 3177131
read_bytes: 30864863744
write_bytes: 46969393152
cancelled_write_bytes: 4096

[2020-02-16T00:16:12-08:00]
rchar: 63735896362
wchar: 47141368207
syscr: 22516152
syscw: 3190796
read_bytes: 30935388672
write_bytes: 47248130048
cancelled_write_bytes: 4096

[2020-02-16T00:16:15-08:00]
rchar: 63926561455
wchar: 47266791233
syscr: 22584451
syscw: 3200462
read_bytes: 30965887488
write_bytes: 47373815808
cancelled_write_bytes: 4096

[2020-02-16T00:16:18-08:00]
rchar: 64260767809
wchar: 47452424891
syscr: 22703217
syscw: 3212056
read_bytes: 31018172928
write_bytes: 47559741440
cancelled_write_bytes: 4096

[2020-02-16T00:16:21-08:00]
rchar: 64414159929
wchar: 47586974401
syscr: 22758840
syscw: 3221632
read_bytes: 31043187200
write_bytes: 47695564800
cancelled_write_bytes: 4096

[2020-02-16T00:16:24-08:00]
rchar: 64547678642
wchar: 47681093116
syscr: 22808154
syscw: 3228534
read_bytes: 31064990208
write_bytes: 47790325760
cancelled_write_bytes: 4096

[2020-02-16T00:16:27-08:00]
rchar: 64782227422
wchar: 47806877747
syscr: 22889694
syscw: 3240756
read_bytes: 31108833792
write_bytes: 47916453888
cancelled_write_bytes: 4096

[2020-02-16T00:16:30-08:00]
rchar: 65126624484
wchar: 48084106945
syscr: 23008401
syscw: 3254616
read_bytes: 31174775296
write_bytes: 48193896448
cancelled_write_bytes: 4096

[2020-02-16T00:16:33-08:00]
rchar: 65247889583
wchar: 48206115705
syscr: 23050417
syscw: 3257748
read_bytes: 31197372928
write_bytes: 48333889536
cancelled_write_bytes: 4096

[2020-02-16T00:16:36-08:00]
rchar: 65543076398
wchar: 48407458705
syscr: 23154202
syscw: 3272115
read_bytes: 31243252224
write_bytes: 48517758976
cancelled_write_bytes: 4096

[2020-02-16T00:16:39-08:00]
rchar: 65707987728
wchar: 48539964413
syscr: 23211610
syscw: 3282611
read_bytes: 31268626944
write_bytes: 48650768384
cancelled_write_bytes: 4096

[2020-02-16T00:16:42-08:00]
rchar: 65951576550
wchar: 48679695182
syscr: 23296975
syscw: 3293956
read_bytes: 31307694592
write_bytes: 48791207936
cancelled_write_bytes: 4096

[2020-02-16T00:16:45-08:00]
rchar: 66061599719
wchar: 48781189238
syscr: 23336632
syscw: 3297690
read_bytes: 31326032384
write_bytes: 48893272064
cancelled_write_bytes: 4096

[2020-02-16T00:16:48-08:00]
rchar: 66228706258
wchar: 48895263752
syscr: 23394777
syscw: 3305429
read_bytes: 31357088256
write_bytes: 49007783936
cancelled_write_bytes: 4096

[2020-02-16T00:16:51-08:00]
rchar: 66436131646
wchar: 48981382015
syscr: 23466106
syscw: 3316337
read_bytes: 31393718784
write_bytes: 49094295552
cancelled_write_bytes: 4096

[2020-02-16T00:16:54-08:00]
rchar: 66638268366
wchar: 49198731830
syscr: 23536898
syscw: 3327394
read_bytes: 31428469248
write_bytes: 49312010240
cancelled_write_bytes: 4096

[2020-02-16T00:16:57-08:00]
rchar: 66933372954
wchar: 49451857917
syscr: 23638639
syscw: 3337749
read_bytes: 31479026176
write_bytes: 49565511680
cancelled_write_bytes: 4096

[2020-02-16T00:17:00-08:00]
rchar: 67006244180
wchar: 49558024598
syscr: 23663784
syscw: 3341392
read_bytes: 31490302464
write_bytes: 49672228864
cancelled_write_bytes: 4096

[2020-02-16T00:17:03-08:00]
rchar: 67169957927
wchar: 49625223084
syscr: 23721340
syscw: 3349827
read_bytes: 31515542016
write_bytes: 49739919360
cancelled_write_bytes: 4096

[2020-02-16T00:17:06-08:00]
rchar: 67378780755
wchar: 49785301079
syscr: 23795805
syscw: 3361368
read_bytes: 31547286016
write_bytes: 49900474368
cancelled_write_bytes: 4096

[2020-02-16T00:17:09-08:00]
rchar: 67606317093
wchar: 50011499464
syscr: 23874801
syscw: 3371002
read_bytes: 31584780800
write_bytes: 50127380480
cancelled_write_bytes: 4096

[2020-02-16T00:17:12-08:00]
rchar: 67963636398
wchar: 50253045586
syscr: 23995450
syscw: 3382498
read_bytes: 31646528000
write_bytes: 50369044480
cancelled_write_bytes: 4096

[2020-02-16T00:17:15-08:00]
rchar: 68150708661
wchar: 50448035268
syscr: 24061758
syscw: 3391247
read_bytes: 31676367360
write_bytes: 50564554752
cancelled_write_bytes: 4096

[2020-02-16T00:17:18-08:00]
rchar: 68302811619
wchar: 50515568154
syscr: 24112654
syscw: 3397263
read_bytes: 31703429632
write_bytes: 50632454144
cancelled_write_bytes: 4096

[2020-02-16T00:17:21-08:00]
rchar: 68500485507
wchar: 50689537404
syscr: 24181597
syscw: 3409754
read_bytes: 31733105152
write_bytes: 50806763520
cancelled_write_bytes: 4096

[2020-02-16T00:17:24-08:00]
rchar: 68719470030
wchar: 50870121988
syscr: 24257045
syscw: 3422455
read_bytes: 31764685312
write_bytes: 50987610112
cancelled_write_bytes: 4096

[2020-02-16T00:17:27-08:00]
rchar: 68958685828
wchar: 51037870742
syscr: 24337689
syscw: 3432715
read_bytes: 31801975296
write_bytes: 51155521536
cancelled_write_bytes: 4096

[2020-02-16T00:17:30-08:00]
rchar: 69166215243
wchar: 51194303214
syscr: 24410636
syscw: 3445415
read_bytes: 31830041088
write_bytes: 51312390144
cancelled_write_bytes: 4096

[2020-02-16T00:17:33-08:00]
rchar: 69370197809
wchar: 51294966620
syscr: 24482046
syscw: 3458133
read_bytes: 31860593152
write_bytes: 51413528576
cancelled_write_bytes: 4096

[2020-02-16T00:17:36-08:00]
rchar: 69545080352
wchar: 51445566701
syscr: 24542385
syscw: 3467031
read_bytes: 31883207168
write_bytes: 51564511232
cancelled_write_bytes: 4096

[2020-02-16T00:17:39-08:00]
rchar: 69846230564
wchar: 51674169320
syscr: 24643536
syscw: 3478767
read_bytes: 31929750016
write_bytes: 51793321984
cancelled_write_bytes: 4096

[2020-02-16T00:17:42-08:00]
rchar: 70037036166
wchar: 51859936603
syscr: 24706758
syscw: 3483674
read_bytes: 31959298560
write_bytes: 51979251712
cancelled_write_bytes: 4096

[2020-02-16T00:17:45-08:00]
rchar: 70247406817
wchar: 52044102341
syscr: 24778969
syscw: 3495814
read_bytes: 31988064768
write_bytes: 52163575808
cancelled_write_bytes: 4096

[2020-02-16T00:17:48-08:00]
rchar: 70452712535
wchar: 52231628389
syscr: 24848925
syscw: 3507756
read_bytes: 32014033408
write_bytes: 52351221760
cancelled_write_bytes: 4096

[2020-02-16T00:17:51-08:00]
rchar: 70615118073
wchar: 52366117149
syscr: 24903414
syscw: 3517119
read_bytes: 32037380608
write_bytes: 52485922816
cancelled_write_bytes: 4096

[2020-02-16T00:17:54-08:00]
rchar: 70739404989
wchar: 52530292049
syscr: 24942131
syscw: 3519039
read_bytes: 32057106944
write_bytes: 52650377216
cancelled_write_bytes: 4096

[2020-02-16T00:17:57-08:00]
rchar: 70750946469
wchar: 52552754128
syscr: 24945689
syscw: 3519198
read_bytes: 32058548736
write_bytes: 52673200128
cancelled_write_bytes: 4096

[2020-02-16T00:18:00-08:00]
rchar: 70750946470
wchar: 52552754128
syscr: 24945690
syscw: 3519198
read_bytes: 32058548736
write_bytes: 52673200128
cancelled_write_bytes: 4096

[2020-02-16T00:18:03-08:00]
rchar: 70750946470
wchar: 52552754128
syscr: 24945690
syscw: 3519198
read_bytes: 32058548736
write_bytes: 52673200128
cancelled_write_bytes: 4096

[2020-02-16T00:18:06-08:00]
rchar: 70750946470
wchar: 52552754128
syscr: 24945690
syscw: 3519198
read_bytes: 32058548736
write_bytes: 52673200128
cancelled_write_bytes: 4096

[2020-02-16T00:18:09-08:00]
rchar: 70750946470
wchar: 52552754128
syscr: 24945690
syscw: 3519198
read_bytes: 32058548736
write_bytes: 52673208320
cancelled_write_bytes: 4096

[2020-02-16T00:18:12-08:00]
rchar: 70750954123
wchar: 52552754595
syscr: 24945700
syscw: 3519202
read_bytes: 32058659328
write_bytes: 52673216512
cancelled_write_bytes: 4096

