[2020-01-25T17:27:12-08:00]
rchar: 16583973
wchar: 209
syscr: 2824
syscw: 10
read_bytes: 712704
write_bytes: 53248
cancelled_write_bytes: 0

[2020-01-25T17:27:15-08:00]
rchar: 16583973
wchar: 209
syscr: 2824
syscw: 10
read_bytes: 712704
write_bytes: 53248
cancelled_write_bytes: 0

[2020-01-25T17:27:18-08:00]
rchar: 16583973
wchar: 209
syscr: 2824
syscw: 10
read_bytes: 712704
write_bytes: 53248
cancelled_write_bytes: 0

[2020-01-25T17:27:21-08:00]
rchar: 16583973
wchar: 209
syscr: 2824
syscw: 10
read_bytes: 712704
write_bytes: 53248
cancelled_write_bytes: 0

[2020-01-25T17:27:24-08:00]
rchar: 16583973
wchar: 209
syscr: 2824
syscw: 10
read_bytes: 712704
write_bytes: 69632
cancelled_write_bytes: 0

[2020-01-25T17:27:27-08:00]
rchar: 16583973
wchar: 209
syscr: 2824
syscw: 10
read_bytes: 712704
write_bytes: 69632
cancelled_write_bytes: 0

[2020-01-25T17:27:30-08:00]
rchar: 16583973
wchar: 209
syscr: 2824
syscw: 10
read_bytes: 712704
write_bytes: 77824
cancelled_write_bytes: 0

[2020-01-25T17:27:33-08:00]
rchar: 16583973
wchar: 209
syscr: 2824
syscw: 10
read_bytes: 712704
write_bytes: 77824
cancelled_write_bytes: 0

[2020-01-25T17:27:36-08:00]
rchar: 16583973
wchar: 209
syscr: 2824
syscw: 10
read_bytes: 712704
write_bytes: 94208
cancelled_write_bytes: 0

[2020-01-25T17:27:39-08:00]
rchar: 244739071
wchar: 11417062
syscr: 10974
syscw: 1264
read_bytes: 237667840
write_bytes: 11816960
cancelled_write_bytes: 0

[2020-01-25T17:27:42-08:00]
rchar: 358646488
wchar: 224863610
syscr: 17978
syscw: 3125
read_bytes: 368990720
write_bytes: 225050624
cancelled_write_bytes: 0

[2020-01-25T17:27:45-08:00]
rchar: 971872617
wchar: 452440070
syscr: 92347
syscw: 34426
read_bytes: 1237547520
write_bytes: 452632576
cancelled_write_bytes: 0

[2020-01-25T17:27:48-08:00]
rchar: 1324496256
wchar: 708470727
syscr: 135026
syscw: 44928
read_bytes: 1528986112
write_bytes: 708681728
cancelled_write_bytes: 0

[2020-01-25T17:27:51-08:00]
rchar: 2348894412
wchar: 897408158
syscr: 259243
syscw: 59403
read_bytes: 2168793600
write_bytes: 897617920
cancelled_write_bytes: 0

[2020-01-25T17:27:54-08:00]
rchar: 3576736499
wchar: 1227998639
syscr: 408038
syscw: 74460
read_bytes: 2681326080
write_bytes: 1228242944
cancelled_write_bytes: 0

[2020-01-25T17:27:57-08:00]
rchar: 4550517325
wchar: 1521947831
syscr: 526110
syscw: 85052
read_bytes: 3061819904
write_bytes: 1522196480
cancelled_write_bytes: 0

[2020-01-25T17:28:00-08:00]
rchar: 6993116323
wchar: 1743657783
syscr: 822183
syscw: 100272
read_bytes: 3746368000
write_bytes: 1743917056
cancelled_write_bytes: 0

[2020-01-25T17:28:03-08:00]
rchar: 7960301867
wchar: 2104142807
syscr: 939370
syscw: 107998
read_bytes: 3950926336
write_bytes: 2104426496
cancelled_write_bytes: 0

[2020-01-25T17:28:07-08:00]
rchar: 9456048204
wchar: 2476177583
syscr: 1120726
syscw: 116876
read_bytes: 4207643136
write_bytes: 2476482560
cancelled_write_bytes: 0

[2020-01-25T17:28:10-08:00]
rchar: 10805189819
wchar: 2822082009
syscr: 1284309
syscw: 125847
read_bytes: 4479609344
write_bytes: 2822418432
cancelled_write_bytes: 0

[2020-01-25T17:28:13-08:00]
rchar: 11787553851
wchar: 3129082051
syscr: 1403337
syscw: 132981
read_bytes: 4728257024
write_bytes: 3129835520
cancelled_write_bytes: 0

[2020-01-25T17:28:16-08:00]
rchar: 13951061956
wchar: 3517012880
syscr: 1665661
syscw: 143253
read_bytes: 5181938176
write_bytes: 3517399040
cancelled_write_bytes: 0

[2020-01-25T17:28:19-08:00]
rchar: 15050242563
wchar: 3766257475
syscr: 1798463
syscw: 153631
read_bytes: 5451913728
write_bytes: 3766730752
cancelled_write_bytes: 0

[2020-01-25T17:28:22-08:00]
rchar: 16007700239
wchar: 4121374759
syscr: 1914475
syscw: 162993
read_bytes: 5764762112
write_bytes: 4121870336
cancelled_write_bytes: 0

[2020-01-25T17:28:25-08:00]
rchar: 17536269698
wchar: 4405469464
syscr: 2099797
syscw: 173656
read_bytes: 6203075072
write_bytes: 4406001664
cancelled_write_bytes: 0

[2020-01-25T17:28:28-08:00]
rchar: 18185625071
wchar: 4640292597
syscr: 2178535
syscw: 179532
read_bytes: 6368172544
write_bytes: 4640849920
cancelled_write_bytes: 0

[2020-01-25T17:28:31-08:00]
rchar: 20358591088
wchar: 4800336076
syscr: 2441919
syscw: 190658
read_bytes: 6792047104
write_bytes: 4800913408
cancelled_write_bytes: 0

[2020-01-25T17:28:34-08:00]
rchar: 21801795396
wchar: 5094105594
syscr: 2616822
syscw: 199838
read_bytes: 7068686848
write_bytes: 5094707200
cancelled_write_bytes: 0

[2020-01-25T17:28:37-08:00]
rchar: 23932916413
wchar: 5590348946
syscr: 2875221
syscw: 210446
read_bytes: 7338666496
write_bytes: 5590982656
cancelled_write_bytes: 0

[2020-01-25T17:28:40-08:00]
rchar: 25939474237
wchar: 6079607920
syscr: 3118512
syscw: 220638
read_bytes: 7590582784
write_bytes: 6080270336
cancelled_write_bytes: 0

[2020-01-25T17:28:43-08:00]
rchar: 26839039353
wchar: 6511201259
syscr: 3227502
syscw: 227638
read_bytes: 7692802560
write_bytes: 6512381952
cancelled_write_bytes: 0

[2020-01-25T17:28:46-08:00]
rchar: 28140893774
wchar: 6820498703
syscr: 3384856
syscw: 237835
read_bytes: 7910910464
write_bytes: 6821257216
cancelled_write_bytes: 0

[2020-01-25T17:28:49-08:00]
rchar: 29348443119
wchar: 7170561469
syscr: 3531267
syscw: 248547
read_bytes: 8194800128
write_bytes: 7171424256
cancelled_write_bytes: 0

[2020-01-25T17:28:52-08:00]
rchar: 29989522319
wchar: 7547966367
syscr: 3608905
syscw: 256588
read_bytes: 8340601344
write_bytes: 7548882944
cancelled_write_bytes: 0

[2020-01-25T17:28:55-08:00]
rchar: 31634563892
wchar: 7852768983
syscr: 3808374
syscw: 267684
read_bytes: 8773761536
write_bytes: 7854112768
cancelled_write_bytes: 0

[2020-01-25T17:28:58-08:00]
rchar: 32763662005
wchar: 8091703239
syscr: 3945263
syscw: 276157
read_bytes: 9061366272
write_bytes: 8093630464
cancelled_write_bytes: 0

[2020-01-25T17:29:01-08:00]
rchar: 34316697044
wchar: 8472317871
syscr: 4133465
syscw: 286676
read_bytes: 9390201344
write_bytes: 8473333760
cancelled_write_bytes: 0

[2020-01-25T17:29:04-08:00]
rchar: 36303274783
wchar: 8778362648
syscr: 4374342
syscw: 297612
read_bytes: 9809476096
write_bytes: 8779399168
cancelled_write_bytes: 0

[2020-01-25T17:29:07-08:00]
rchar: 36735720812
wchar: 9012767585
syscr: 4426692
syscw: 302409
read_bytes: 9903864320
write_bytes: 9013821440
cancelled_write_bytes: 0

[2020-01-25T17:29:10-08:00]
rchar: 38622566847
wchar: 9441474293
syscr: 4655441
syscw: 312633
read_bytes: 10120145408
write_bytes: 9442574336
cancelled_write_bytes: 0

[2020-01-25T17:29:13-08:00]
rchar: 40678231632
wchar: 9947792671
syscr: 4904689
syscw: 323660
read_bytes: 10347674112
write_bytes: 9948930048
cancelled_write_bytes: 0

[2020-01-25T17:29:16-08:00]
rchar: 41805529475
wchar: 10394933068
syscr: 5041375
syscw: 331673
read_bytes: 10473572864
write_bytes: 10396086272
cancelled_write_bytes: 0

[2020-01-25T17:29:19-08:00]
rchar: 43584694626
wchar: 10794929900
syscr: 5256498
syscw: 341994
read_bytes: 10680117760
write_bytes: 10796150784
cancelled_write_bytes: 0

[2020-01-25T17:29:22-08:00]
rchar: 44715719286
wchar: 11130425928
syscr: 5393617
syscw: 352027
read_bytes: 10898713088
write_bytes: 11131678720
cancelled_write_bytes: 0

[2020-01-25T17:29:25-08:00]
rchar: 45398330268
wchar: 11438678151
syscr: 5476390
syscw: 359353
read_bytes: 11101391360
write_bytes: 11439972352
cancelled_write_bytes: 0

[2020-01-25T17:29:28-08:00]
rchar: 47241886783
wchar: 11765111414
syscr: 5699823
syscw: 370951
read_bytes: 11488868864
write_bytes: 11766431744
cancelled_write_bytes: 0

[2020-01-25T17:29:31-08:00]
rchar: 48618175302
wchar: 12080444599
syscr: 5866682
syscw: 380700
read_bytes: 11794262528
write_bytes: 12082098176
cancelled_write_bytes: 0

[2020-01-25T17:29:34-08:00]
rchar: 50275420950
wchar: 12406345016
syscr: 6067519
syscw: 391253
read_bytes: 12080708096
write_bytes: 12407713792
cancelled_write_bytes: 0

[2020-01-25T17:29:37-08:00]
rchar: 51887506838
wchar: 12743751056
syscr: 6262967
syscw: 400893
read_bytes: 12298340864
write_bytes: 12745154560
cancelled_write_bytes: 0

[2020-01-25T17:29:40-08:00]
rchar: 52987666787
wchar: 13062676382
syscr: 6396285
syscw: 408498
read_bytes: 12498098688
write_bytes: 13065035776
cancelled_write_bytes: 0

[2020-01-25T17:29:43-08:00]
rchar: 55220425905
wchar: 13560890379
syscr: 6666978
syscw: 419396
read_bytes: 12731591168
write_bytes: 13562355712
cancelled_write_bytes: 0

[2020-01-25T17:29:46-08:00]
rchar: 57387598775
wchar: 14070094340
syscr: 6929750
syscw: 430640
read_bytes: 12940999168
write_bytes: 14071590912
cancelled_write_bytes: 0

[2020-01-25T17:29:49-08:00]
rchar: 57594692041
wchar: 14222807828
syscr: 6954862
syscw: 432822
read_bytes: 12960750080
write_bytes: 14224314368
cancelled_write_bytes: 0

[2020-01-25T17:29:52-08:00]
rchar: 59648717393
wchar: 14712981315
syscr: 7203824
syscw: 443655
read_bytes: 13136189952
write_bytes: 14714523648
cancelled_write_bytes: 0

[2020-01-25T17:29:55-08:00]
rchar: 61612297471
wchar: 15191766197
syscr: 7441335
syscw: 455171
read_bytes: 13358189056
write_bytes: 15193374720
cancelled_write_bytes: 0

[2020-01-25T17:29:58-08:00]
rchar: 62453858781
wchar: 15592442137
syscr: 7543384
syscw: 463567
read_bytes: 13499800064
write_bytes: 15594070016
cancelled_write_bytes: 0

[2020-01-25T17:30:01-08:00]
rchar: 63527246590
wchar: 15851368444
syscr: 7673441
syscw: 472249
read_bytes: 13638523392
write_bytes: 15853047808
cancelled_write_bytes: 0

[2020-01-25T17:30:04-08:00]
rchar: 65352516485
wchar: 16301106653
syscr: 7894717
syscw: 484829
read_bytes: 13884086784
write_bytes: 16302837760
cancelled_write_bytes: 0

[2020-01-25T17:30:07-08:00]
rchar: 66444394215
wchar: 16636064131
syscr: 8027029
syscw: 493467
read_bytes: 14095931904
write_bytes: 16637812736
cancelled_write_bytes: 0

[2020-01-25T17:30:10-08:00]
rchar: 68380065929
wchar: 16897999531
syscr: 8261733
syscw: 504953
read_bytes: 14402243072
write_bytes: 16899764224
cancelled_write_bytes: 0

[2020-01-25T17:30:13-08:00]
rchar: 69858606104
wchar: 17246979354
syscr: 8440982
syscw: 513164
read_bytes: 14568012288
write_bytes: 17248780288
cancelled_write_bytes: 0

[2020-01-25T17:30:16-08:00]
rchar: 71509989450
wchar: 17774646461
syscr: 8641104
syscw: 524088
read_bytes: 14721251840
write_bytes: 17776496640
cancelled_write_bytes: 0

[2020-01-25T17:30:19-08:00]
rchar: 73765309852
wchar: 18311496680
syscr: 8914567
syscw: 536374
read_bytes: 14915574272
write_bytes: 18313383936
cancelled_write_bytes: 0

[2020-01-25T17:30:22-08:00]
rchar: 75010293508
wchar: 18596056690
syscr: 9065523
syscw: 543602
read_bytes: 15024589312
write_bytes: 18597953536
cancelled_write_bytes: 0

[2020-01-25T17:30:25-08:00]
rchar: 76496789760
wchar: 19065682210
syscr: 9245676
syscw: 553099
read_bytes: 15148374528
write_bytes: 19067629568
cancelled_write_bytes: 0

[2020-01-25T17:30:28-08:00]
rchar: 78744660393
wchar: 19719699332
syscr: 9517599
syscw: 564039
read_bytes: 15323970048
write_bytes: 19721719808
cancelled_write_bytes: 0

[2020-01-25T17:30:31-08:00]
rchar: 79437550939
wchar: 20137867083
syscr: 9601617
syscw: 570160
read_bytes: 15405672960
write_bytes: 20139880448
cancelled_write_bytes: 0

[2020-01-25T17:30:34-08:00]
rchar: 80425639440
wchar: 20742995007
syscr: 9721445
syscw: 578150
read_bytes: 15544707584
write_bytes: 20745084928
cancelled_write_bytes: 0

[2020-01-25T17:30:37-08:00]
rchar: 81011602374
wchar: 21094161260
syscr: 9792506
syscw: 582999
read_bytes: 15636109824
write_bytes: 21096280064
cancelled_write_bytes: 0

[2020-01-25T17:30:40-08:00]
rchar: 81599675505
wchar: 21501506803
syscr: 9863805
syscw: 588773
read_bytes: 15733467648
write_bytes: 21503664128
cancelled_write_bytes: 0

[2020-01-25T17:30:43-08:00]
rchar: 82443899126
wchar: 22048348317
syscr: 9966061
syscw: 596317
read_bytes: 15882480128
write_bytes: 22050590720
cancelled_write_bytes: 0

[2020-01-25T17:30:46-08:00]
rchar: 83225715243
wchar: 22414128338
syscr: 10060842
syscw: 603051
read_bytes: 16023132672
write_bytes: 22416572416
cancelled_write_bytes: 0

[2020-01-25T17:30:49-08:00]
rchar: 84348365152
wchar: 22876348749
syscr: 10196862
syscw: 612878
read_bytes: 16318122496
write_bytes: 22878695424
cancelled_write_bytes: 0

[2020-01-25T17:30:52-08:00]
rchar: 85641407861
wchar: 23428193433
syscr: 10353630
syscw: 623188
read_bytes: 16619018752
write_bytes: 23430590464
cancelled_write_bytes: 0

[2020-01-25T17:30:55-08:00]
rchar: 85990416618
wchar: 23542177123
syscr: 10395911
syscw: 627207
read_bytes: 16712829440
write_bytes: 23544606720
cancelled_write_bytes: 0

[2020-01-25T17:30:58-08:00]
rchar: 87217891895
wchar: 24046923173
syscr: 10544634
syscw: 636533
read_bytes: 16994056704
write_bytes: 24049397760
cancelled_write_bytes: 0

[2020-01-25T17:31:01-08:00]
rchar: 88655643770
wchar: 24365240070
syscr: 10718888
syscw: 646541
read_bytes: 17265392128
write_bytes: 24367771648
cancelled_write_bytes: 0

[2020-01-25T17:31:04-08:00]
rchar: 90202733515
wchar: 24643603797
syscr: 10906478
syscw: 655918
read_bytes: 17541720576
write_bytes: 24646152192
cancelled_write_bytes: 0

[2020-01-25T17:31:07-08:00]
rchar: 91728953430
wchar: 25061130312
syscr: 11091449
syscw: 665490
read_bytes: 17781103104
write_bytes: 25063714816
cancelled_write_bytes: 0

[2020-01-25T17:31:10-08:00]
rchar: 94178521759
wchar: 25373841232
syscr: 11388395
syscw: 676213
read_bytes: 18089826816
write_bytes: 25376468992
cancelled_write_bytes: 0

[2020-01-25T17:31:13-08:00]
rchar: 95163235049
wchar: 25646754155
syscr: 11507792
syscw: 682744
read_bytes: 18207095296
write_bytes: 25649389568
cancelled_write_bytes: 0

[2020-01-25T17:31:16-08:00]
rchar: 97449912764
wchar: 25852340646
syscr: 11784825
syscw: 692572
read_bytes: 18444438016
write_bytes: 25855004672
cancelled_write_bytes: 0

[2020-01-25T17:31:19-08:00]
rchar: 100022135890
wchar: 26240850267
syscr: 12096699
syscw: 703474
read_bytes: 18630347264
write_bytes: 26243526656
cancelled_write_bytes: 0

[2020-01-25T17:31:22-08:00]
rchar: 102291485383
wchar: 26804550048
syscr: 12371766
syscw: 715528
read_bytes: 18770655744
write_bytes: 26807267328
cancelled_write_bytes: 0

[2020-01-25T17:31:25-08:00]
rchar: 104561332517
wchar: 27228214232
syscr: 12646979
syscw: 726484
read_bytes: 18904713728
write_bytes: 27230965760
cancelled_write_bytes: 0

[2020-01-25T17:31:28-08:00]
rchar: 106500455182
wchar: 27595726407
syscr: 12882096
syscw: 735645
read_bytes: 19018246656
write_bytes: 27598508032
cancelled_write_bytes: 0

[2020-01-25T17:31:31-08:00]
rchar: 107673007476
wchar: 27959494525
syscr: 13023591
syscw: 743418
read_bytes: 19086543360
write_bytes: 27962318848
cancelled_write_bytes: 0

[2020-01-25T17:31:34-08:00]
rchar: 109778889449
wchar: 28393441046
syscr: 13278914
syscw: 756446
read_bytes: 19301730816
write_bytes: 28396306432
cancelled_write_bytes: 0

[2020-01-25T17:31:37-08:00]
rchar: 111045413571
wchar: 28830033513
syscr: 13432468
syscw: 766110
read_bytes: 19428882944
write_bytes: 28833607680
cancelled_write_bytes: 0

[2020-01-25T17:31:40-08:00]
rchar: 113014273035
wchar: 29254551245
syscr: 13671087
syscw: 778047
read_bytes: 19596384768
write_bytes: 29257494528
cancelled_write_bytes: 0

[2020-01-25T17:31:43-08:00]
rchar: 114657496176
wchar: 29616599356
syscr: 13870280
syscw: 789129
read_bytes: 19731888640
write_bytes: 29619585024
cancelled_write_bytes: 0

[2020-01-25T17:31:46-08:00]
rchar: 115855923565
wchar: 30080017817
syscr: 14015513
syscw: 798223
read_bytes: 19826502144
write_bytes: 30083047424
cancelled_write_bytes: 0

[2020-01-25T17:31:49-08:00]
rchar: 117927142805
wchar: 30486761554
syscr: 14266585
syscw: 810009
read_bytes: 19972692480
write_bytes: 30489841664
cancelled_write_bytes: 0

[2020-01-25T17:31:52-08:00]
rchar: 120005415794
wchar: 30972924663
syscr: 14518580
syscw: 820997
read_bytes: 20113725952
write_bytes: 30976028672
cancelled_write_bytes: 0

[2020-01-25T17:31:55-08:00]
rchar: 120867808100
wchar: 31325800573
syscr: 14623150
syscw: 827968
read_bytes: 20174465536
write_bytes: 31328915456
cancelled_write_bytes: 0

[2020-01-25T17:31:58-08:00]
rchar: 122937535389
wchar: 31749507419
syscr: 14874018
syscw: 838482
read_bytes: 20297591296
write_bytes: 31752675328
cancelled_write_bytes: 0

[2020-01-25T17:32:01-08:00]
rchar: 125739656367
wchar: 32277990830
syscr: 15213775
syscw: 851584
read_bytes: 20467882496
write_bytes: 32282013696
cancelled_write_bytes: 0

[2020-01-25T17:32:04-08:00]
rchar: 126471867264
wchar: 32577408723
syscr: 15302561
syscw: 857059
read_bytes: 20513733120
write_bytes: 32580624384
cancelled_write_bytes: 0

[2020-01-25T17:32:07-08:00]
rchar: 128172700645
wchar: 32883652088
syscr: 15508057
syscw: 867790
read_bytes: 20716022272
write_bytes: 32886906880
cancelled_write_bytes: 0

[2020-01-25T17:32:10-08:00]
rchar: 129954258781
wchar: 33316868306
syscr: 15724061
syscw: 879757
read_bytes: 20877806080
write_bytes: 33320157184
cancelled_write_bytes: 0

[2020-01-25T17:32:13-08:00]
rchar: 130347624511
wchar: 33583824141
syscr: 15771732
syscw: 885507
read_bytes: 20914104832
write_bytes: 33587134464
cancelled_write_bytes: 0

[2020-01-25T17:32:16-08:00]
rchar: 132758102523
wchar: 34055703605
syscr: 16063901
syscw: 899331
read_bytes: 21100374528
write_bytes: 34059067392
cancelled_write_bytes: 0

[2020-01-25T17:32:19-08:00]
rchar: 134451669663
wchar: 34417464657
syscr: 16269229
syscw: 909341
read_bytes: 21232585216
write_bytes: 34420875264
cancelled_write_bytes: 0

[2020-01-25T17:32:22-08:00]
rchar: 135166140564
wchar: 34769600765
syscr: 16355754
syscw: 915489
read_bytes: 21277714944
write_bytes: 34773053440
cancelled_write_bytes: 0

[2020-01-25T17:32:25-08:00]
rchar: 136918259400
wchar: 35424970851
syscr: 16568186
syscw: 926481
read_bytes: 21363862016
write_bytes: 35428495360
cancelled_write_bytes: 0

[2020-01-25T17:32:28-08:00]
rchar: 139244984527
wchar: 35945045175
syscr: 16850235
syscw: 938805
read_bytes: 21510199808
write_bytes: 35948638208
cancelled_write_bytes: 0

[2020-01-25T17:32:31-08:00]
rchar: 140101848532
wchar: 36148068972
syscr: 16954133
syscw: 945265
read_bytes: 21563365888
write_bytes: 36151672832
cancelled_write_bytes: 0

[2020-01-25T17:32:34-08:00]
rchar: 142322115899
wchar: 36773498914
syscr: 17223257
syscw: 957877
read_bytes: 21691320832
write_bytes: 36777148416
cancelled_write_bytes: 0

[2020-01-25T17:32:37-08:00]
rchar: 144560230783
wchar: 37205905407
syscr: 17494627
syscw: 969324
read_bytes: 21814028800
write_bytes: 37209583616
cancelled_write_bytes: 0

[2020-01-25T17:32:40-08:00]
rchar: 145990644201
wchar: 37563708956
syscr: 17667443
syscw: 977469
read_bytes: 21896575488
write_bytes: 37567799296
cancelled_write_bytes: 0

[2020-01-25T17:32:43-08:00]
rchar: 147622347047
wchar: 38131917711
syscr: 17865184
syscw: 990684
read_bytes: 22039742976
write_bytes: 38135697408
cancelled_write_bytes: 0

[2020-01-25T17:32:46-08:00]
rchar: 149148641132
wchar: 38496258070
syscr: 18050227
syscw: 1002664
read_bytes: 22168324608
write_bytes: 38500777984
cancelled_write_bytes: 0

[2020-01-25T17:32:49-08:00]
rchar: 150224506883
wchar: 38965359192
syscr: 18180571
syscw: 1012373
read_bytes: 22255659520
write_bytes: 38969208832
cancelled_write_bytes: 0

[2020-01-25T17:32:52-08:00]
rchar: 151913315090
wchar: 39319970078
syscr: 18385325
syscw: 1023605
read_bytes: 22374627840
write_bytes: 39323873280
cancelled_write_bytes: 0

[2020-01-25T17:32:55-08:00]
rchar: 154095250127
wchar: 39794154768
syscr: 18649823
syscw: 1036073
read_bytes: 22532139520
write_bytes: 39798108160
cancelled_write_bytes: 0

[2020-01-25T17:32:58-08:00]
rchar: 155431339053
wchar: 40368934387
syscr: 18811748
syscw: 1046792
read_bytes: 22608022016
write_bytes: 40373661696
cancelled_write_bytes: 0

[2020-01-25T17:33:01-08:00]
rchar: 156516546874
wchar: 40643196612
syscr: 18943303
syscw: 1054025
read_bytes: 22669646336
write_bytes: 40647270400
cancelled_write_bytes: 0

[2020-01-25T17:33:04-08:00]
rchar: 159088442635
wchar: 41194392284
syscr: 19255106
syscw: 1066983
read_bytes: 22820862464
write_bytes: 41198501888
cancelled_write_bytes: 0

[2020-01-25T17:33:07-08:00]
rchar: 159740117851
wchar: 41445748449
syscr: 19334125
syscw: 1071693
read_bytes: 22858287616
write_bytes: 41449877504
cancelled_write_bytes: 0

[2020-01-25T17:33:10-08:00]
rchar: 161869035985
wchar: 41942834154
syscr: 19592169
syscw: 1082899
read_bytes: 22970841600
write_bytes: 41947811840
cancelled_write_bytes: 0

[2020-01-25T17:33:13-08:00]
rchar: 164609338929
wchar: 42500610708
syscr: 19924428
syscw: 1095597
read_bytes: 23111207424
write_bytes: 42504806400
cancelled_write_bytes: 0

[2020-01-25T17:33:16-08:00]
rchar: 165461828346
wchar: 42675332957
syscr: 20027794
syscw: 1100386
read_bytes: 23154932224
write_bytes: 42679541760
cancelled_write_bytes: 0

[2020-01-25T17:33:19-08:00]
rchar: 167010596345
wchar: 43178211744
syscr: 20214843
syscw: 1113634
read_bytes: 23283755520
write_bytes: 43182469120
cancelled_write_bytes: 0

[2020-01-25T17:33:22-08:00]
rchar: 168788076661
wchar: 43606368928
syscr: 20430357
syscw: 1126122
read_bytes: 23420639744
write_bytes: 43610673152
cancelled_write_bytes: 0

[2020-01-25T17:33:25-08:00]
rchar: 169733722632
wchar: 44050120538
syscr: 20544916
syscw: 1134691
read_bytes: 23489587712
write_bytes: 44054458368
cancelled_write_bytes: 0

[2020-01-25T17:33:28-08:00]
rchar: 171476717573
wchar: 44400000966
syscr: 20756238
syscw: 1146071
read_bytes: 23602862592
write_bytes: 44404408320
cancelled_write_bytes: 0

[2020-01-25T17:33:31-08:00]
rchar: 173586417458
wchar: 44843865733
syscr: 21011997
syscw: 1158519
read_bytes: 23741340160
write_bytes: 44848324608
cancelled_write_bytes: 0

[2020-01-25T17:33:34-08:00]
rchar: 174127298565
wchar: 45148942073
syscr: 21077582
syscw: 1163831
read_bytes: 23775652352
write_bytes: 45153406976
cancelled_write_bytes: 0

[2020-01-25T17:33:37-08:00]
rchar: 175706408563
wchar: 45732210452
syscr: 21268983
syscw: 1174018
read_bytes: 23843203584
write_bytes: 45736742912
cancelled_write_bytes: 0

[2020-01-25T17:33:40-08:00]
rchar: 177277682739
wchar: 46104273237
syscr: 21459392
syscw: 1183438
read_bytes: 23925561856
write_bytes: 46108876800
cancelled_write_bytes: 0

[2020-01-25T17:33:43-08:00]
rchar: 179275236209
wchar: 46561393205
syscr: 21701598
syscw: 1194103
read_bytes: 24033016320
write_bytes: 46566019072
cancelled_write_bytes: 0

[2020-01-25T17:33:46-08:00]
rchar: 180229212051
wchar: 46915700597
syscr: 21817187
syscw: 1201501
read_bytes: 24085043712
write_bytes: 46920347648
cancelled_write_bytes: 0

[2020-01-25T17:33:49-08:00]
rchar: 183282293490
wchar: 47476573922
syscr: 22187375
syscw: 1215142
read_bytes: 24230783488
write_bytes: 47481257984
cancelled_write_bytes: 0

[2020-01-25T17:33:52-08:00]
rchar: 185064500452
wchar: 47849898354
syscr: 22403466
syscw: 1224775
read_bytes: 24314391040
write_bytes: 47854604288
cancelled_write_bytes: 0

[2020-01-25T17:33:55-08:00]
rchar: 186388917763
wchar: 48305008596
syscr: 22563343
syscw: 1234492
read_bytes: 24385194496
write_bytes: 48309755904
cancelled_write_bytes: 0

[2020-01-25T17:33:58-08:00]
rchar: 188334525565
wchar: 48698709128
syscr: 22799232
syscw: 1249099
read_bytes: 24531102208
write_bytes: 48703500288
cancelled_write_bytes: 0

[2020-01-25T17:34:01-08:00]
rchar: 189601327670
wchar: 49174178788
syscr: 22952815
syscw: 1259413
read_bytes: 24622512640
write_bytes: 49179234304
cancelled_write_bytes: 0

[2020-01-25T17:34:05-08:00]
rchar: 191642559256
wchar: 49597626655
syscr: 23200214
syscw: 1272225
read_bytes: 24746527232
write_bytes: 49602506752
cancelled_write_bytes: 0

[2020-01-25T17:34:08-08:00]
rchar: 193634764258
wchar: 50011162221
syscr: 23441714
syscw: 1283841
read_bytes: 24867662336
write_bytes: 50016088064
cancelled_write_bytes: 0

[2020-01-25T17:34:11-08:00]
rchar: 194776322950
wchar: 50411539625
syscr: 23580047
syscw: 1293015
read_bytes: 24947771904
write_bytes: 50416500736
cancelled_write_bytes: 0

[2020-01-25T17:34:14-08:00]
rchar: 196082479690
wchar: 50870157061
syscr: 23738429
syscw: 1301451
read_bytes: 25010063872
write_bytes: 50875158528
cancelled_write_bytes: 0

[2020-01-25T17:34:17-08:00]
rchar: 197940323932
wchar: 51526850488
syscr: 23963630
syscw: 1312335
read_bytes: 25191860736
write_bytes: 51531911168
cancelled_write_bytes: 0

[2020-01-25T17:34:20-08:00]
rchar: 199258433379
wchar: 51903552448
syscr: 24123415
syscw: 1322186
read_bytes: 25345116672
write_bytes: 51908653056
cancelled_write_bytes: 0

[2020-01-25T17:34:23-08:00]
rchar: 200326325524
wchar: 52358576109
syscr: 24252910
syscw: 1330083
read_bytes: 25455798784
write_bytes: 52363718656
cancelled_write_bytes: 0

[2020-01-25T17:34:26-08:00]
rchar: 202303595370
wchar: 52765519499
syscr: 24492516
syscw: 1340079
read_bytes: 25635670528
write_bytes: 52770713600
cancelled_write_bytes: 0

[2020-01-25T17:34:29-08:00]
rchar: 204262807705
wchar: 53140065634
syscr: 24730030
syscw: 1350322
read_bytes: 25773853184
write_bytes: 53145305088
cancelled_write_bytes: 0

[2020-01-25T17:34:32-08:00]
rchar: 206018223505
wchar: 53572410451
syscr: 24942799
syscw: 1359558
read_bytes: 25861286400
write_bytes: 53577703424
cancelled_write_bytes: 0

[2020-01-25T17:34:35-08:00]
rchar: 209074212653
wchar: 54101165574
syscr: 25313247
syscw: 1372452
read_bytes: 25978255872
write_bytes: 54106497024
cancelled_write_bytes: 0

[2020-01-25T17:34:38-08:00]
rchar: 211509814918
wchar: 54539763467
syscr: 25608560
syscw: 1383621
read_bytes: 26071833088
write_bytes: 54545117184
cancelled_write_bytes: 0

[2020-01-25T17:34:41-08:00]
rchar: 213031226400
wchar: 54993627205
syscr: 25792948
syscw: 1392442
read_bytes: 26128509440
write_bytes: 54999015424
cancelled_write_bytes: 0

[2020-01-25T17:34:44-08:00]
rchar: 216120049030
wchar: 55477619892
syscr: 26167460
syscw: 1403644
read_bytes: 26233113088
write_bytes: 55483039744
cancelled_write_bytes: 0

[2020-01-25T17:34:47-08:00]
rchar: 218198666072
wchar: 55907290563
syscr: 26418791
syscw: 1415765
read_bytes: 26335275520
write_bytes: 55912759296
cancelled_write_bytes: 0

[2020-01-25T17:34:50-08:00]
rchar: 219257910608
wchar: 56298897446
syscr: 26547121
syscw: 1425054
read_bytes: 26400844288
write_bytes: 56304394240
cancelled_write_bytes: 0

[2020-01-25T17:34:53-08:00]
rchar: 221359724010
wchar: 56718524213
syscr: 26801950
syscw: 1438347
read_bytes: 26513783296
write_bytes: 56724074496
cancelled_write_bytes: 0

[2020-01-25T17:34:56-08:00]
rchar: 223006451536
wchar: 57201737832
syscr: 27001596
syscw: 1449302
read_bytes: 26602228224
write_bytes: 57207324672
cancelled_write_bytes: 0

[2020-01-25T17:34:59-08:00]
rchar: 224062200257
wchar: 57683633487
syscr: 27129498
syscw: 1457129
read_bytes: 26638941696
write_bytes: 57689260032
cancelled_write_bytes: 0

[2020-01-25T17:35:02-08:00]
rchar: 225613716025
wchar: 58350549088
syscr: 27317630
syscw: 1467505
read_bytes: 26687618560
write_bytes: 58357047296
cancelled_write_bytes: 0

[2020-01-25T17:35:05-08:00]
rchar: 226821250282
wchar: 58859200439
syscr: 27464061
syscw: 1476137
read_bytes: 26725719552
write_bytes: 58865168384
cancelled_write_bytes: 4096

[2020-01-25T17:35:08-08:00]
rchar: 228117855352
wchar: 59360933360
syscr: 27621142
syscw: 1485192
read_bytes: 26770583040
write_bytes: 59366813696
cancelled_write_bytes: 4096

[2020-01-25T17:35:11-08:00]
rchar: 229279064038
wchar: 59566051735
syscr: 27761852
syscw: 1491656
read_bytes: 26831592960
write_bytes: 59572269056
cancelled_write_bytes: 4096

[2020-01-25T17:35:14-08:00]
rchar: 231487116363
wchar: 60054999164
syscr: 28029494
syscw: 1503525
read_bytes: 26924301824
write_bytes: 60060938240
cancelled_write_bytes: 4096

[2020-01-25T17:35:17-08:00]
rchar: 234264057351
wchar: 60585215802
syscr: 28366197
syscw: 1515922
read_bytes: 27035794944
write_bytes: 60591177728
cancelled_write_bytes: 4096

[2020-01-25T17:35:20-08:00]
rchar: 235496664775
wchar: 60974208267
syscr: 28515654
syscw: 1524545
read_bytes: 27084905984
write_bytes: 60980195328
cancelled_write_bytes: 4096

[2020-01-25T17:35:23-08:00]
rchar: 237835409465
wchar: 61460579739
syscr: 28799140
syscw: 1535840
read_bytes: 27164810752
write_bytes: 61466619904
cancelled_write_bytes: 4096

[2020-01-25T17:35:26-08:00]
rchar: 240122754951
wchar: 61922458539
syscr: 29075839
syscw: 1549037
read_bytes: 27274001920
write_bytes: 61928521728
cancelled_write_bytes: 4096

[2020-01-25T17:35:29-08:00]
rchar: 240768219216
wchar: 62194395993
syscr: 29154079
syscw: 1555488
read_bytes: 27314376192
write_bytes: 62200487936
cancelled_write_bytes: 4096

[2020-01-25T17:35:32-08:00]
rchar: 242965232875
wchar: 62670731255
syscr: 29420357
syscw: 1569372
read_bytes: 27426041344
write_bytes: 62676881408
cancelled_write_bytes: 4096

[2020-01-25T17:35:35-08:00]
rchar: 244790243122
wchar: 63062023503
syscr: 29641609
syscw: 1579704
read_bytes: 27516648960
write_bytes: 63068205056
cancelled_write_bytes: 4096

[2020-01-25T17:35:38-08:00]
rchar: 245811818394
wchar: 63502795149
syscr: 29765401
syscw: 1587830
read_bytes: 27562896896
write_bytes: 63509016576
cancelled_write_bytes: 4096

[2020-01-25T17:35:41-08:00]
rchar: 247454537345
wchar: 64196902127
syscr: 29964565
syscw: 1598660
read_bytes: 27611045376
write_bytes: 64203177984
cancelled_write_bytes: 4096

[2020-01-25T17:35:44-08:00]
rchar: 248502759965
wchar: 64627904859
syscr: 30091677
syscw: 1605817
read_bytes: 27641970176
write_bytes: 64634236928
cancelled_write_bytes: 4096

[2020-01-25T17:35:47-08:00]
rchar: 250328815806
wchar: 65355894151
syscr: 30312918
syscw: 1617643
read_bytes: 27712667136
write_bytes: 65362358272
cancelled_write_bytes: 4096

[2020-01-25T17:35:50-08:00]
rchar: 251404170186
wchar: 65759803320
syscr: 30443309
syscw: 1625257
read_bytes: 27775958528
write_bytes: 65766260736
cancelled_write_bytes: 4096

[2020-01-25T17:35:53-08:00]
rchar: 252500304229
wchar: 66203287602
syscr: 30576227
syscw: 1632983
read_bytes: 27869777408
write_bytes: 66209787904
cancelled_write_bytes: 4096

[2020-01-25T17:35:56-08:00]
rchar: 253740863967
wchar: 66662954692
syscr: 30726652
syscw: 1641901
read_bytes: 27979230720
write_bytes: 66669465600
cancelled_write_bytes: 4096

[2020-01-25T17:35:59-08:00]
rchar: 255436327776
wchar: 67213283933
syscr: 30932137
syscw: 1651341
read_bytes: 28135972352
write_bytes: 67219853312
cancelled_write_bytes: 4096

[2020-01-25T17:36:02-08:00]
rchar: 257117659113
wchar: 67753081506
syscr: 31135989
syscw: 1660596
read_bytes: 28292361728
write_bytes: 67759751168
cancelled_write_bytes: 4096

[2020-01-25T17:36:05-08:00]
rchar: 258189441265
wchar: 68051895637
syscr: 31265911
syscw: 1667761
read_bytes: 28373749248
write_bytes: 68058599424
cancelled_write_bytes: 4096

[2020-01-25T17:36:08-08:00]
rchar: 259813442337
wchar: 68647242773
syscr: 31462742
syscw: 1677247
read_bytes: 28512939520
write_bytes: 68654366720
cancelled_write_bytes: 4096

[2020-01-25T17:36:11-08:00]
rchar: 261354668944
wchar: 69045165865
syscr: 31649621
syscw: 1685946
read_bytes: 28621475328
write_bytes: 69051944960
cancelled_write_bytes: 4096

[2020-01-25T17:36:14-08:00]
rchar: 263202877088
wchar: 69580144737
syscr: 31873729
syscw: 1695901
read_bytes: 28748525056
write_bytes: 69586984960
cancelled_write_bytes: 4096

[2020-01-25T17:36:17-08:00]
rchar: 265037545706
wchar: 70088132875
syscr: 32096126
syscw: 1705699
read_bytes: 28875976192
write_bytes: 70094991360
cancelled_write_bytes: 4096

[2020-01-25T17:36:20-08:00]
rchar: 266092336489
wchar: 70386076992
syscr: 32224025
syscw: 1712585
read_bytes: 28951744000
write_bytes: 70392958976
cancelled_write_bytes: 4096

[2020-01-25T17:36:23-08:00]
rchar: 267682517089
wchar: 70857662074
syscr: 32416728
syscw: 1721443
read_bytes: 29055024640
write_bytes: 70864596992
cancelled_write_bytes: 4096

[2020-01-25T17:36:26-08:00]
rchar: 269695613223
wchar: 71291168244
syscr: 32660095
syscw: 1732696
read_bytes: 29216235008
write_bytes: 71298158592
cancelled_write_bytes: 4096

[2020-01-25T17:36:29-08:00]
rchar: 271362967252
wchar: 71628919820
syscr: 32862142
syscw: 1743331
read_bytes: 29341548032
write_bytes: 71635972096
cancelled_write_bytes: 4096

[2020-01-25T17:36:32-08:00]
rchar: 272632300942
wchar: 71893533505
syscr: 33015926
syscw: 1752263
read_bytes: 29406526976
write_bytes: 71900610560
cancelled_write_bytes: 4096

[2020-01-25T17:36:35-08:00]
rchar: 275795949651
wchar: 72404305437
syscr: 33399507
syscw: 1766605
read_bytes: 29527100928
write_bytes: 72411447296
cancelled_write_bytes: 4096

[2020-01-25T17:36:38-08:00]
rchar: 276462383161
wchar: 72638540115
syscr: 33480284
syscw: 1771920
read_bytes: 29551537664
write_bytes: 72645705728
cancelled_write_bytes: 4096

[2020-01-25T17:36:41-08:00]
rchar: 279194534531
wchar: 73132377324
syscr: 33811445
syscw: 1784598
read_bytes: 29642345984
write_bytes: 73139597312
cancelled_write_bytes: 4096

[2020-01-25T17:36:44-08:00]
rchar: 281721392846
wchar: 73635561649
syscr: 34117821
syscw: 1796267
read_bytes: 29721038336
write_bytes: 73642799104
cancelled_write_bytes: 4096

[2020-01-25T17:36:47-08:00]
rchar: 282925161115
wchar: 74019554922
syscr: 34263699
syscw: 1805281
read_bytes: 29758950912
write_bytes: 74026835968
cancelled_write_bytes: 4096

[2020-01-25T17:36:50-08:00]
rchar: 285843815067
wchar: 74530047449
syscr: 34617578
syscw: 1817484
read_bytes: 29840698880
write_bytes: 74537353216
cancelled_write_bytes: 8192

[2020-01-25T17:36:53-08:00]
rchar: 288640516995
wchar: 75006508691
syscr: 34956675
syscw: 1828990
read_bytes: 29919137280
write_bytes: 75013844992
cancelled_write_bytes: 8192

[2020-01-25T17:36:56-08:00]
rchar: 290214186564
wchar: 75384456470
syscr: 35147394
syscw: 1838622
read_bytes: 29963701760
write_bytes: 75392622592
cancelled_write_bytes: 8192

[2020-01-25T17:36:59-08:00]
rchar: 293072696343
wchar: 75857872905
syscr: 35493134
syscw: 1849753
read_bytes: 30042603008
write_bytes: 75865276416
cancelled_write_bytes: 8192

[2020-01-25T17:37:02-08:00]
rchar: 294403853698
wchar: 76176976093
syscr: 35654519
syscw: 1859631
read_bytes: 30108786176
write_bytes: 76184666112
cancelled_write_bytes: 8192

[2020-01-25T17:37:05-08:00]
rchar: 295849398918
wchar: 76591521975
syscr: 35829686
syscw: 1871319
read_bytes: 30172192256
write_bytes: 76598996992
cancelled_write_bytes: 8192

[2020-01-25T17:37:08-08:00]
rchar: 298501428326
wchar: 77118543593
syscr: 36151230
syscw: 1885868
read_bytes: 30281510400
write_bytes: 77126066176
cancelled_write_bytes: 8192

[2020-01-25T17:37:11-08:00]
rchar: 298991726176
wchar: 77377713288
syscr: 36210652
syscw: 1891765
read_bytes: 30302592512
write_bytes: 77385273344
cancelled_write_bytes: 8192

[2020-01-25T17:37:14-08:00]
rchar: 300103891854
wchar: 77834292899
syscr: 36345434
syscw: 1899970
read_bytes: 30330543616
write_bytes: 77841883136
cancelled_write_bytes: 8192

[2020-01-25T17:37:17-08:00]
rchar: 301586478287
wchar: 78429117016
syscr: 36525217
syscw: 1910435
read_bytes: 30366744064
write_bytes: 78436773888
cancelled_write_bytes: 8192

[2020-01-25T17:37:20-08:00]
rchar: 303191898665
wchar: 79081681886
syscr: 36719885
syscw: 1921626
read_bytes: 30406049280
write_bytes: 79089565696
cancelled_write_bytes: 8192

[2020-01-25T17:37:23-08:00]
rchar: 304134529129
wchar: 79453376504
syscr: 36834194
syscw: 1928680
read_bytes: 30429507072
write_bytes: 79461122048
cancelled_write_bytes: 8192

[2020-01-25T17:37:26-08:00]
rchar: 305506068414
wchar: 80000756054
syscr: 37000471
syscw: 1938124
read_bytes: 30463741440
write_bytes: 80008519680
cancelled_write_bytes: 8192

[2020-01-25T17:37:29-08:00]
rchar: 306403836389
wchar: 80385631241
syscr: 37109338
syscw: 1945367
read_bytes: 30487887360
write_bytes: 80393449472
cancelled_write_bytes: 8192

[2020-01-25T17:37:32-08:00]
rchar: 307637272932
wchar: 80963644383
syscr: 37258832
syscw: 1954443
read_bytes: 30520745472
write_bytes: 80971509760
cancelled_write_bytes: 8192

[2020-01-25T17:37:35-08:00]
rchar: 308911591188
wchar: 81242750484
syscr: 37412905
syscw: 1962650
read_bytes: 30558326272
write_bytes: 81250754560
cancelled_write_bytes: 8192

[2020-01-25T17:37:38-08:00]
rchar: 311423785939
wchar: 81628425192
syscr: 37717503
syscw: 1972806
read_bytes: 30638046720
write_bytes: 81636442112
cancelled_write_bytes: 8192

[2020-01-25T17:37:41-08:00]
rchar: 312518339349
wchar: 81971739807
syscr: 37850132
syscw: 1980942
read_bytes: 30671101440
write_bytes: 81979781120
cancelled_write_bytes: 8192

[2020-01-25T17:37:44-08:00]
rchar: 315595415285
wchar: 82475524076
syscr: 38223226
syscw: 1993692
read_bytes: 30753762816
write_bytes: 82483728384
cancelled_write_bytes: 8192

[2020-01-25T17:37:47-08:00]
rchar: 317836384882
wchar: 82896191062
syscr: 38494942
syscw: 2004338
read_bytes: 30813097472
write_bytes: 82904289280
cancelled_write_bytes: 8192

[2020-01-25T17:37:50-08:00]
rchar: 319763758051
wchar: 83382859459
syscr: 38728549
syscw: 2015293
read_bytes: 30860631552
write_bytes: 83390992384
cancelled_write_bytes: 8192

[2020-01-25T17:37:53-08:00]
rchar: 322179130794
wchar: 84109415663
syscr: 39020734
syscw: 2027447
read_bytes: 30918946304
write_bytes: 84117590016
cancelled_write_bytes: 8192

[2020-01-25T17:37:56-08:00]
rchar: 323033816087
wchar: 84518313684
syscr: 39124376
syscw: 2035219
read_bytes: 30943022592
write_bytes: 84526530560
cancelled_write_bytes: 8192

[2020-01-25T17:37:59-08:00]
rchar: 324084464330
wchar: 85033008320
syscr: 39251782
syscw: 2043970
read_bytes: 30972620288
write_bytes: 85041250304
cancelled_write_bytes: 8192

[2020-01-25T17:38:02-08:00]
rchar: 324938883477
wchar: 85460372410
syscr: 39355399
syscw: 2052782
read_bytes: 31000960512
write_bytes: 85468680192
cancelled_write_bytes: 8192

[2020-01-25T17:38:05-08:00]
rchar: 325683203616
wchar: 85853257071
syscr: 39445656
syscw: 2060201
read_bytes: 31024999936
write_bytes: 85861588992
cancelled_write_bytes: 8192

[2020-01-25T17:38:08-08:00]
rchar: 327160182324
wchar: 86544355364
syscr: 39624621
syscw: 2072058
read_bytes: 31064784384
write_bytes: 86552784896
cancelled_write_bytes: 8192

[2020-01-25T17:38:11-08:00]
rchar: 328197514901
wchar: 86975572815
syscr: 39750342
syscw: 2080501
read_bytes: 31092358656
write_bytes: 86984048640
cancelled_write_bytes: 8192

[2020-01-25T17:38:14-08:00]
rchar: 329587718234
wchar: 87590123598
syscr: 39918703
syscw: 2091642
read_bytes: 31128641024
write_bytes: 87598698496
cancelled_write_bytes: 8192

[2020-01-25T17:38:17-08:00]
rchar: 330289814403
wchar: 87851042659
syscr: 40003783
syscw: 2098215
read_bytes: 31151296000
write_bytes: 87859654656
cancelled_write_bytes: 8192

[2020-01-25T17:38:20-08:00]
rchar: 331728898895
wchar: 88481888414
syscr: 40178143
syscw: 2109136
read_bytes: 31230205440
write_bytes: 88490590208
cancelled_write_bytes: 8192

[2020-01-25T17:38:23-08:00]
rchar: 333267846846
wchar: 88950299634
syscr: 40364699
syscw: 2119563
read_bytes: 31348485632
write_bytes: 88959844352
cancelled_write_bytes: 8192

[2020-01-25T17:38:26-08:00]
rchar: 335179181775
wchar: 89573588205
syscr: 40596456
syscw: 2131136
read_bytes: 31526428160
write_bytes: 89582342144
cancelled_write_bytes: 8192

[2020-01-25T17:38:29-08:00]
rchar: 336118102209
wchar: 89860329880
syscr: 40710304
syscw: 2137360
read_bytes: 31611657728
write_bytes: 89869115392
cancelled_write_bytes: 8192

[2020-01-25T17:38:32-08:00]
rchar: 337632366037
wchar: 90400790122
syscr: 40893916
syscw: 2147404
read_bytes: 31742742016
write_bytes: 90409844736
cancelled_write_bytes: 8192

[2020-01-25T17:38:35-08:00]
rchar: 338815225410
wchar: 90749878259
syscr: 41037360
syscw: 2156708
read_bytes: 31831490048
write_bytes: 90758750208
cancelled_write_bytes: 8192

[2020-01-25T17:38:38-08:00]
rchar: 340640071994
wchar: 91270586159
syscr: 41258547
syscw: 2167493
read_bytes: 31977065984
write_bytes: 91279507456
cancelled_write_bytes: 8192

[2020-01-25T17:38:41-08:00]
rchar: 342201015029
wchar: 91678084914
syscr: 41447773
syscw: 2177317
read_bytes: 32086842880
write_bytes: 91687059456
cancelled_write_bytes: 8192

[2020-01-25T17:38:44-08:00]
rchar: 343454180279
wchar: 91987023757
syscr: 41599727
syscw: 2186438
read_bytes: 32167210496
write_bytes: 91996024832
cancelled_write_bytes: 8192

[2020-01-25T17:38:47-08:00]
rchar: 345108876544
wchar: 92472466319
syscr: 41800341
syscw: 2197751
read_bytes: 32281935360
write_bytes: 92481499136
cancelled_write_bytes: 8192

[2020-01-25T17:38:50-08:00]
rchar: 347214089863
wchar: 93042419679
syscr: 42055504
syscw: 2208331
read_bytes: 32443018752
write_bytes: 93051482112
cancelled_write_bytes: 8192

[2020-01-25T17:38:53-08:00]
rchar: 348630664051
wchar: 93358941961
syscr: 42227280
syscw: 2217117
read_bytes: 32527334912
write_bytes: 93368090624
cancelled_write_bytes: 8192

[2020-01-25T17:38:56-08:00]
rchar: 350165639676
wchar: 93730956602
syscr: 42413367
syscw: 2227102
read_bytes: 32604573184
write_bytes: 93740138496
cancelled_write_bytes: 8192

[2020-01-25T17:38:59-08:00]
rchar: 352159576124
wchar: 94314281268
syscr: 42655056
syscw: 2237721
read_bytes: 32720145920
write_bytes: 94323499008
cancelled_write_bytes: 8192

[2020-01-25T17:39:02-08:00]
rchar: 354280615809
wchar: 94772268987
syscr: 42912233
syscw: 2248998
read_bytes: 32834522624
write_bytes: 94781509632
cancelled_write_bytes: 8192

[2020-01-25T17:39:05-08:00]
rchar: 356138948006
wchar: 95213002162
syscr: 43137558
syscw: 2257967
read_bytes: 32956390912
write_bytes: 95222259712
cancelled_write_bytes: 8192

[2020-01-25T17:39:08-08:00]
rchar: 357324446473
wchar: 95480872300
syscr: 43281307
syscw: 2265184
read_bytes: 33011879424
write_bytes: 95490183168
cancelled_write_bytes: 8192

[2020-01-25T17:39:11-08:00]
rchar: 359420170488
wchar: 95995660062
syscr: 43535332
syscw: 2276181
read_bytes: 33125522944
write_bytes: 96005033984
cancelled_write_bytes: 8192

[2020-01-25T17:39:14-08:00]
rchar: 361817310569
wchar: 96549735043
syscr: 43825983
syscw: 2287080
read_bytes: 33237917184
write_bytes: 96559140864
cancelled_write_bytes: 8192

[2020-01-25T17:39:17-08:00]
rchar: 364204213321
wchar: 97102519645
syscr: 44115395
syscw: 2297965
read_bytes: 33346854400
write_bytes: 97111941120
cancelled_write_bytes: 8192

[2020-01-25T17:39:20-08:00]
rchar: 365467669931
wchar: 97341689995
syscr: 44268586
syscw: 2305125
read_bytes: 33396788736
write_bytes: 97351376896
cancelled_write_bytes: 8192

[2020-01-25T17:39:23-08:00]
rchar: 367417086209
wchar: 97800536017
syscr: 44504904
syscw: 2315506
read_bytes: 33477930496
write_bytes: 97809997824
cancelled_write_bytes: 8192

[2020-01-25T17:39:26-08:00]
rchar: 369975412925
wchar: 98405808957
syscr: 44815024
syscw: 2326325
read_bytes: 33584070144
write_bytes: 98415357952
cancelled_write_bytes: 8192

[2020-01-25T17:39:29-08:00]
rchar: 371693243003
wchar: 98857328610
syscr: 45022676
syscw: 2335187
read_bytes: 33658860032
write_bytes: 98866917376
cancelled_write_bytes: 8192

[2020-01-25T17:39:32-08:00]
rchar: 373096460312
wchar: 99235173681
syscr: 45192820
syscw: 2344532
read_bytes: 33716994560
write_bytes: 99245555712
cancelled_write_bytes: 8192

[2020-01-25T17:39:35-08:00]
rchar: 374376714836
wchar: 99751789892
syscr: 45347739
syscw: 2355700
read_bytes: 33797116416
write_bytes: 99761463296
cancelled_write_bytes: 8192

[2020-01-25T17:39:38-08:00]
rchar: 375501509298
wchar: 100209879105
syscr: 45484048
syscw: 2366075
read_bytes: 33866945024
write_bytes: 100219568128
cancelled_write_bytes: 8192

[2020-01-25T17:39:41-08:00]
rchar: 377325056122
wchar: 100875673876
syscr: 45705134
syscw: 2378408
read_bytes: 33962123776
write_bytes: 100885757952
cancelled_write_bytes: 8192

[2020-01-25T17:39:44-08:00]
rchar: 377893796914
wchar: 101034923996
syscr: 45774080
syscw: 2383881
read_bytes: 33987305984
write_bytes: 101044690944
cancelled_write_bytes: 8192

[2020-01-25T17:39:47-08:00]
rchar: 379497879051
wchar: 101686143705
syscr: 45968496
syscw: 2396469
read_bytes: 34067948032
write_bytes: 101696008192
cancelled_write_bytes: 8192

[2020-01-25T17:39:50-08:00]
rchar: 380707431243
wchar: 102079400942
syscr: 46114946
syscw: 2406573
read_bytes: 34120368640
write_bytes: 102089322496
cancelled_write_bytes: 8192

[2020-01-25T17:39:53-08:00]
rchar: 382143255521
wchar: 102496311073
syscr: 46289016
syscw: 2417309
read_bytes: 34170765824
write_bytes: 102506270720
cancelled_write_bytes: 8192

[2020-01-25T17:39:56-08:00]
rchar: 383061901202
wchar: 102700232544
syscr: 46400122
syscw: 2425049
read_bytes: 34211275264
write_bytes: 102710267904
cancelled_write_bytes: 8192

[2020-01-25T17:39:59-08:00]
rchar: 384867841984
wchar: 103136320216
syscr: 46618968
syscw: 2436428
read_bytes: 34307703296
write_bytes: 103146504192
cancelled_write_bytes: 8192

[2020-01-25T17:40:02-08:00]
rchar: 387581665171
wchar: 103536298698
syscr: 46947885
syscw: 2448019
read_bytes: 34444808704
write_bytes: 103546437632
cancelled_write_bytes: 8192

[2020-01-25T17:40:05-08:00]
rchar: 388751272230
wchar: 103639728558
syscr: 47089547
syscw: 2455106
read_bytes: 34484380160
write_bytes: 103649890304
cancelled_write_bytes: 8192

[2020-01-25T17:40:08-08:00]
rchar: 391959202964
wchar: 104264243370
syscr: 47478418
syscw: 2469826
read_bytes: 34546582016
write_bytes: 104274452480
cancelled_write_bytes: 8192

[2020-01-25T17:40:12-08:00]
rchar: 394551651913
wchar: 104667384642
syscr: 47792750
syscw: 2480705
read_bytes: 34592576000
write_bytes: 104677621760
cancelled_write_bytes: 8192

[2020-01-25T17:40:15-08:00]
rchar: 395756935657
wchar: 104981033721
syscr: 47938804
syscw: 2489251
read_bytes: 34615521792
write_bytes: 104991297536
cancelled_write_bytes: 8192

[2020-01-25T17:40:18-08:00]
rchar: 398382353216
wchar: 105417721846
syscr: 48257130
syscw: 2499893
read_bytes: 34656756224
write_bytes: 105428008960
cancelled_write_bytes: 8192

[2020-01-25T17:40:21-08:00]
rchar: 401473053190
wchar: 105891289026
syscr: 48631872
syscw: 2511046
read_bytes: 34706997760
write_bytes: 105901600768
cancelled_write_bytes: 8192

[2020-01-25T17:40:24-08:00]
rchar: 403276826072
wchar: 106279284457
syscr: 48850490
syscw: 2520295
read_bytes: 34736062976
write_bytes: 106289623040
cancelled_write_bytes: 8192

[2020-01-25T17:40:27-08:00]
rchar: 406394714176
wchar: 106732338363
syscr: 49228525
syscw: 2531068
read_bytes: 34781585920
write_bytes: 106742706176
cancelled_write_bytes: 8192

[2020-01-25T17:40:30-08:00]
rchar: 408876804009
wchar: 107363161994
syscr: 49528581
syscw: 2542729
read_bytes: 34822345216
write_bytes: 107373584384
cancelled_write_bytes: 8192

[2020-01-25T17:40:33-08:00]
rchar: 409906609356
wchar: 107771375845
syscr: 49653449
syscw: 2552574
read_bytes: 34843542016
write_bytes: 107781804032
cancelled_write_bytes: 8192

[2020-01-25T17:40:36-08:00]
rchar: 411619110059
wchar: 108499944164
syscr: 49861113
syscw: 2566665
read_bytes: 34877702656
write_bytes: 108510490624
cancelled_write_bytes: 8192

[2020-01-25T17:40:39-08:00]
rchar: 412849644031
wchar: 108989661546
syscr: 50010231
syscw: 2577163
read_bytes: 34901135872
write_bytes: 109000298496
cancelled_write_bytes: 8192

[2020-01-25T17:40:42-08:00]
rchar: 414399172738
wchar: 109526401538
syscr: 50198116
syscw: 2588759
read_bytes: 34927256064
write_bytes: 109536968704
cancelled_write_bytes: 8192

[2020-01-25T17:40:45-08:00]
rchar: 415374486935
wchar: 109831537075
syscr: 50316393
syscw: 2597682
read_bytes: 34946015744
write_bytes: 109842190336
cancelled_write_bytes: 8192

[2020-01-25T17:40:48-08:00]
rchar: 416954693139
wchar: 110433908894
syscr: 50508002
syscw: 2609358
read_bytes: 34973524480
write_bytes: 110444564480
cancelled_write_bytes: 8192

[2020-01-25T17:40:51-08:00]
rchar: 418193250599
wchar: 110865608427
syscr: 50658102
syscw: 2619249
read_bytes: 34995917312
write_bytes: 110876307456
cancelled_write_bytes: 8192

[2020-01-25T17:40:54-08:00]
rchar: 420158155834
wchar: 111507438134
syscr: 50896131
syscw: 2633109
read_bytes: 35027038720
write_bytes: 111518253056
cancelled_write_bytes: 8192

[2020-01-25T17:40:57-08:00]
rchar: 420938386601
wchar: 111721736194
syscr: 50990740
syscw: 2639369
read_bytes: 35040281088
write_bytes: 111732568064
cancelled_write_bytes: 8192

[2020-01-25T17:41:00-08:00]
rchar: 422099172978
wchar: 112086439116
syscr: 51131375
syscw: 2649386
read_bytes: 35061359104
write_bytes: 112097325056
cancelled_write_bytes: 8192

[2020-01-25T17:41:03-08:00]
rchar: 423338640932
wchar: 112489357767
syscr: 51281447
syscw: 2659042
read_bytes: 35081638400
write_bytes: 112500297728
cancelled_write_bytes: 8192

[2020-01-25T17:41:06-08:00]
rchar: 426920688131
wchar: 112852311494
syscr: 51715615
syscw: 2672385
read_bytes: 35147215360
write_bytes: 112863674368
cancelled_write_bytes: 8192

[2020-01-25T17:41:09-08:00]
rchar: 428055635416
wchar: 113182771123
syscr: 51853143
syscw: 2681170
read_bytes: 35166806528
write_bytes: 113193779200
cancelled_write_bytes: 8192

[2020-01-25T17:41:12-08:00]
rchar: 430786299148
wchar: 113610831473
syscr: 52184228
syscw: 2691628
read_bytes: 35207561728
write_bytes: 113621876736
cancelled_write_bytes: 8192

[2020-01-25T17:41:15-08:00]
rchar: 433613558129
wchar: 114015685498
syscr: 52527023
syscw: 2702119
read_bytes: 35251139072
write_bytes: 114026749952
cancelled_write_bytes: 8192

[2020-01-25T17:41:18-08:00]
rchar: 435280818856
wchar: 114386467747
syscr: 52729091
syscw: 2712346
read_bytes: 35277095424
write_bytes: 114397556736
cancelled_write_bytes: 8192

[2020-01-25T17:41:21-08:00]
rchar: 439096502592
wchar: 114923467888
syscr: 53191729
syscw: 2725774
read_bytes: 35329044992
write_bytes: 114934751232
cancelled_write_bytes: 8192

[2020-01-25T17:41:24-08:00]
rchar: 440030938233
wchar: 115209549515
syscr: 53304304
syscw: 2731292
read_bytes: 35339076096
write_bytes: 115220742144
cancelled_write_bytes: 8192

[2020-01-25T17:41:27-08:00]
rchar: 440030938233
wchar: 115209549591
syscr: 53304304
syscw: 2731293
read_bytes: 35339076096
write_bytes: 115220754432
cancelled_write_bytes: 8192

[2020-01-25T17:41:30-08:00]
rchar: 440030938233
wchar: 115209549591
syscr: 53304304
syscw: 2731293
read_bytes: 35339076096
write_bytes: 115220754432
cancelled_write_bytes: 8192

[2020-01-25T17:41:33-08:00]
rchar: 440030938233
wchar: 115209549591
syscr: 53304304
syscw: 2731293
read_bytes: 35339076096
write_bytes: 115220754432
cancelled_write_bytes: 8192

[2020-01-25T17:41:36-08:00]
rchar: 440030938233
wchar: 115209549591
syscr: 53304304
syscw: 2731293
read_bytes: 35339076096
write_bytes: 115220754432
cancelled_write_bytes: 8192

[2020-01-25T17:41:39-08:00]
rchar: 440030938233
wchar: 115209549591
syscr: 53304304
syscw: 2731293
read_bytes: 35339076096
write_bytes: 115220754432
cancelled_write_bytes: 8192

[2020-01-25T17:41:42-08:00]
rchar: 440030938233
wchar: 115209549591
syscr: 53304304
syscw: 2731293
read_bytes: 35339076096
write_bytes: 115220762624
cancelled_write_bytes: 8192

