[2020-01-20T21:28:12-08:00]
rchar: 16583888
wchar: 209
syscr: 2824
syscw: 10
read_bytes: 712704
write_bytes: 53248
cancelled_write_bytes: 0

[2020-01-20T21:28:15-08:00]
rchar: 16583888
wchar: 209
syscr: 2824
syscw: 10
read_bytes: 712704
write_bytes: 53248
cancelled_write_bytes: 0

[2020-01-20T21:28:18-08:00]
rchar: 16583888
wchar: 209
syscr: 2824
syscw: 10
read_bytes: 712704
write_bytes: 53248
cancelled_write_bytes: 0

[2020-01-20T21:28:21-08:00]
rchar: 16583888
wchar: 209
syscr: 2824
syscw: 10
read_bytes: 712704
write_bytes: 53248
cancelled_write_bytes: 0

[2020-01-20T21:28:24-08:00]
rchar: 16583888
wchar: 209
syscr: 2824
syscw: 10
read_bytes: 712704
write_bytes: 53248
cancelled_write_bytes: 0

[2020-01-20T21:28:27-08:00]
rchar: 16583888
wchar: 209
syscr: 2824
syscw: 10
read_bytes: 712704
write_bytes: 53248
cancelled_write_bytes: 0

[2020-01-20T21:28:30-08:00]
rchar: 16583888
wchar: 209
syscr: 2824
syscw: 10
read_bytes: 712704
write_bytes: 53248
cancelled_write_bytes: 0

[2020-01-20T21:28:33-08:00]
rchar: 16583888
wchar: 209
syscr: 2824
syscw: 10
read_bytes: 712704
write_bytes: 61440
cancelled_write_bytes: 0

[2020-01-20T21:28:36-08:00]
rchar: 16583888
wchar: 209
syscr: 2824
syscw: 10
read_bytes: 712704
write_bytes: 61440
cancelled_write_bytes: 0

[2020-01-20T21:28:39-08:00]
rchar: 17169609
wchar: 319
syscr: 3160
syscw: 11
read_bytes: 827392
write_bytes: 81920
cancelled_write_bytes: 0

[2020-01-20T21:28:42-08:00]
rchar: 362351632
wchar: 225391664
syscr: 18543
syscw: 4127
read_bytes: 374692352
write_bytes: 225497088
cancelled_write_bytes: 0

[2020-01-20T21:28:45-08:00]
rchar: 841100467
wchar: 401154127
syscr: 76603
syscw: 39549
read_bytes: 1053985280
write_bytes: 401260544
cancelled_write_bytes: 0

[2020-01-20T21:28:48-08:00]
rchar: 1048906715
wchar: 607823512
syscr: 101807
syscw: 53316
read_bytes: 1344592384
write_bytes: 607932416
cancelled_write_bytes: 0

[2020-01-20T21:28:51-08:00]
rchar: 1359739204
wchar: 831044076
syscr: 139415
syscw: 58933
read_bytes: 1451506176
write_bytes: 831176704
cancelled_write_bytes: 0

[2020-01-20T21:28:54-08:00]
rchar: 2045488094
wchar: 1161601595
syscr: 222573
syscw: 73401
read_bytes: 1942120960
write_bytes: 1161764864
cancelled_write_bytes: 0

[2020-01-20T21:28:57-08:00]
rchar: 2749881466
wchar: 1489241449
syscr: 307993
syscw: 89107
read_bytes: 2460719616
write_bytes: 1489432576
cancelled_write_bytes: 0

[2020-01-20T21:29:00-08:00]
rchar: 3173102154
wchar: 1812710020
syscr: 359317
syscw: 99015
read_bytes: 2766686720
write_bytes: 1812922368
cancelled_write_bytes: 0

[2020-01-20T21:29:03-08:00]
rchar: 4037510935
wchar: 2182851449
syscr: 464050
syscw: 112408
read_bytes: 3150371328
write_bytes: 2183094272
cancelled_write_bytes: 0

[2020-01-20T21:29:06-08:00]
rchar: 5056226330
wchar: 2398407114
syscr: 587063
syscw: 131501
read_bytes: 3502348800
write_bytes: 2398736384
cancelled_write_bytes: 0

[2020-01-20T21:29:09-08:00]
rchar: 5655427751
wchar: 2647033931
syscr: 659636
syscw: 144266
read_bytes: 3735255552
write_bytes: 2647371776
cancelled_write_bytes: 0

[2020-01-20T21:29:12-08:00]
rchar: 7377300444
wchar: 2804352224
syscr: 868410
syscw: 171468
read_bytes: 4211366400
write_bytes: 2804699136
cancelled_write_bytes: 0

[2020-01-20T21:29:15-08:00]
rchar: 8365114048
wchar: 3031431743
syscr: 988183
syscw: 187444
read_bytes: 4487084544
write_bytes: 3031785472
cancelled_write_bytes: 0

[2020-01-20T21:29:18-08:00]
rchar: 9265571747
wchar: 3136891843
syscr: 1097275
syscw: 198735
read_bytes: 4679682560
write_bytes: 3137257472
cancelled_write_bytes: 0

[2020-01-20T21:29:21-08:00]
rchar: 11338213221
wchar: 3291227927
syscr: 1348573
syscw: 224570
read_bytes: 5120195072
write_bytes: 3291594752
cancelled_write_bytes: 0

[2020-01-20T21:29:24-08:00]
rchar: 12185059312
wchar: 3607055406
syscr: 1451168
syscw: 233971
read_bytes: 5266934272
write_bytes: 3608018944
cancelled_write_bytes: 0

[2020-01-20T21:29:27-08:00]
rchar: 13711772021
wchar: 4122949211
syscr: 1636279
syscw: 246073
read_bytes: 5444004352
write_bytes: 4123377664
cancelled_write_bytes: 0

[2020-01-20T21:29:30-08:00]
rchar: 15142671919
wchar: 4645768916
syscr: 1809784
syscw: 257373
read_bytes: 5606545920
write_bytes: 4646236160
cancelled_write_bytes: 0

[2020-01-20T21:29:33-08:00]
rchar: 16066735597
wchar: 5030751466
syscr: 1921338
syscw: 273227
read_bytes: 5857847808
write_bytes: 5031301120
cancelled_write_bytes: 0

[2020-01-20T21:29:36-08:00]
rchar: 16270443979
wchar: 5322831128
syscr: 1946046
syscw: 277503
read_bytes: 5915679232
write_bytes: 5323460608
cancelled_write_bytes: 0

[2020-01-20T21:29:40-08:00]
rchar: 16963758048
wchar: 5528962909
syscr: 2030033
syscw: 289678
read_bytes: 6201543168
write_bytes: 5529624576
cancelled_write_bytes: 0

[2020-01-20T21:29:43-08:00]
rchar: 18045816904
wchar: 5704479110
syscr: 2161227
syscw: 310241
read_bytes: 6549703168
write_bytes: 5705162752
cancelled_write_bytes: 0

[2020-01-20T21:29:46-08:00]
rchar: 18745652450
wchar: 5959172374
syscr: 2246004
syscw: 324253
read_bytes: 6764935680
write_bytes: 5959876608
cancelled_write_bytes: 0

[2020-01-20T21:29:49-08:00]
rchar: 20246236738
wchar: 6097856615
syscr: 2427949
syscw: 345721
read_bytes: 7127144960
write_bytes: 6098558976
cancelled_write_bytes: 0

[2020-01-20T21:29:52-08:00]
rchar: 21255127265
wchar: 6319202352
syscr: 2550279
syscw: 361350
read_bytes: 7373613568
write_bytes: 6319915008
cancelled_write_bytes: 0

[2020-01-20T21:29:55-08:00]
rchar: 22903328487
wchar: 6487480376
syscr: 2750034
syscw: 381210
read_bytes: 7682607616
write_bytes: 6488207360
cancelled_write_bytes: 0

[2020-01-20T21:29:58-08:00]
rchar: 24471174558
wchar: 6605690854
syscr: 2940130
syscw: 400745
read_bytes: 7978027520
write_bytes: 6606422016
cancelled_write_bytes: 0

[2020-01-20T21:30:01-08:00]
rchar: 25565673540
wchar: 7108096058
syscr: 3072754
syscw: 410757
read_bytes: 8105581056
write_bytes: 7108861952
cancelled_write_bytes: 0

[2020-01-20T21:30:04-08:00]
rchar: 26634493018
wchar: 7497664585
syscr: 3202349
syscw: 419139
read_bytes: 8210110976
write_bytes: 7498457088
cancelled_write_bytes: 0

[2020-01-20T21:30:07-08:00]
rchar: 27888712157
wchar: 7945920396
syscr: 3354424
syscw: 429282
read_bytes: 8335714816
write_bytes: 7946760192
cancelled_write_bytes: 0

[2020-01-20T21:30:10-08:00]
rchar: 28883096205
wchar: 8356107362
syscr: 3474496
syscw: 444021
read_bytes: 8545417728
write_bytes: 8357007360
cancelled_write_bytes: 0

[2020-01-20T21:30:13-08:00]
rchar: 29315107617
wchar: 8759256842
syscr: 3526875
syscw: 451168
read_bytes: 8638966272
write_bytes: 8760729600
cancelled_write_bytes: 0

[2020-01-20T21:30:16-08:00]
rchar: 30363766685
wchar: 9065607717
syscr: 3653933
syscw: 466947
read_bytes: 8962931200
write_bytes: 9066590208
cancelled_write_bytes: 0

[2020-01-20T21:30:19-08:00]
rchar: 31442783679
wchar: 9357653231
syscr: 3784754
syscw: 484494
read_bytes: 9316260352
write_bytes: 9359282176
cancelled_write_bytes: 0

[2020-01-20T21:30:22-08:00]
rchar: 32053170911
wchar: 9754413443
syscr: 3858754
syscw: 493388
read_bytes: 9458694656
write_bytes: 9755459584
cancelled_write_bytes: 0

[2020-01-20T21:30:25-08:00]
rchar: 32769725851
wchar: 9955301924
syscr: 3945538
syscw: 503069
read_bytes: 9620056576
write_bytes: 9956401152
cancelled_write_bytes: 0

[2020-01-20T21:30:28-08:00]
rchar: 34029879821
wchar: 10217528032
syscr: 4098318
syscw: 519317
read_bytes: 9945971200
write_bytes: 10218663936
cancelled_write_bytes: 0

[2020-01-20T21:30:31-08:00]
rchar: 35073558658
wchar: 10314298696
syscr: 4224866
syscw: 534198
read_bytes: 10165930496
write_bytes: 10315436032
cancelled_write_bytes: 0

[2020-01-20T21:30:34-08:00]
rchar: 36577025165
wchar: 10598976945
syscr: 4407074
syscw: 552326
read_bytes: 10418895360
write_bytes: 10600132608
cancelled_write_bytes: 0

[2020-01-20T21:30:37-08:00]
rchar: 38430946727
wchar: 10736106264
syscr: 4631858
syscw: 574049
read_bytes: 10725837312
write_bytes: 10737278976
cancelled_write_bytes: 0

[2020-01-20T21:30:40-08:00]
rchar: 39257254245
wchar: 11120293590
syscr: 4731966
syscw: 582396
read_bytes: 10819897856
write_bytes: 11121491968
cancelled_write_bytes: 0

[2020-01-20T21:30:43-08:00]
rchar: 40811330265
wchar: 11675970956
syscr: 4920403
syscw: 594463
read_bytes: 10956339712
write_bytes: 11677204480
cancelled_write_bytes: 0

[2020-01-20T21:30:46-08:00]
rchar: 42322685325
wchar: 12236397681
syscr: 5103662
syscw: 606387
read_bytes: 11087895040
write_bytes: 12237676544
cancelled_write_bytes: 0

[2020-01-20T21:30:49-08:00]
rchar: 42965162849
wchar: 12493745790
syscr: 5181049
syscw: 617071
read_bytes: 11234576896
write_bytes: 12495073280
cancelled_write_bytes: 0

[2020-01-20T21:30:52-08:00]
rchar: 43401033263
wchar: 12836422843
syscr: 5233825
syscw: 625209
read_bytes: 11384519168
write_bytes: 12837785600
cancelled_write_bytes: 0

[2020-01-20T21:30:55-08:00]
rchar: 44568429917
wchar: 13232885749
syscr: 5375339
syscw: 640405
read_bytes: 11608181248
write_bytes: 13234307072
cancelled_write_bytes: 0

[2020-01-20T21:30:58-08:00]
rchar: 45634493625
wchar: 13662105394
syscr: 5504588
syscw: 654218
read_bytes: 11772987904
write_bytes: 13664100352
cancelled_write_bytes: 0

[2020-01-20T21:31:01-08:00]
rchar: 46430917768
wchar: 13997179388
syscr: 5601140
syscw: 664977
read_bytes: 11897088512
write_bytes: 13998698496
cancelled_write_bytes: 0

[2020-01-20T21:31:04-08:00]
rchar: 46899240744
wchar: 14306092091
syscr: 5657828
syscw: 672502
read_bytes: 12012210688
write_bytes: 14307647488
cancelled_write_bytes: 0

[2020-01-20T21:31:07-08:00]
rchar: 48333994016
wchar: 14588821670
syscr: 5831799
syscw: 690768
read_bytes: 12352719360
write_bytes: 14590398464
cancelled_write_bytes: 0

[2020-01-20T21:31:10-08:00]
rchar: 49705799988
wchar: 14881839755
syscr: 5998102
syscw: 708104
read_bytes: 12666206720
write_bytes: 14883946496
cancelled_write_bytes: 0

[2020-01-20T21:31:13-08:00]
rchar: 50463461623
wchar: 15197997810
syscr: 6089889
syscw: 717524
read_bytes: 12818479616
write_bytes: 15199637504
cancelled_write_bytes: 0

[2020-01-20T21:31:16-08:00]
rchar: 51500901818
wchar: 15399198274
syscr: 6215649
syscw: 728775
read_bytes: 12948650496
write_bytes: 15400865792
cancelled_write_bytes: 0

[2020-01-20T21:31:19-08:00]
rchar: 53373750534
wchar: 15537498680
syscr: 6442727
syscw: 749963
read_bytes: 13223205376
write_bytes: 15539175424
cancelled_write_bytes: 0

[2020-01-20T21:31:22-08:00]
rchar: 54226947619
wchar: 15906241679
syscr: 6546096
syscw: 758706
read_bytes: 13314828800
write_bytes: 15908622336
cancelled_write_bytes: 0

[2020-01-20T21:31:25-08:00]
rchar: 55860399565
wchar: 16492731373
syscr: 6744156
syscw: 771453
read_bytes: 13441948160
write_bytes: 16494456832
cancelled_write_bytes: 0

[2020-01-20T21:31:28-08:00]
rchar: 57373208477
wchar: 17047079922
syscr: 6927069
syscw: 783288
read_bytes: 13559384576
write_bytes: 17048862720
cancelled_write_bytes: 0

[2020-01-20T21:31:31-08:00]
rchar: 58331103278
wchar: 17463637390
syscr: 7043215
syscw: 798418
read_bytes: 13736397312
write_bytes: 17465458688
cancelled_write_bytes: 0

[2020-01-20T21:31:34-08:00]
rchar: 58448910139
wchar: 17627391932
syscr: 7057502
syscw: 801237
read_bytes: 13777517056
write_bytes: 17629224960
cancelled_write_bytes: 0

[2020-01-20T21:31:37-08:00]
rchar: 59487554772
wchar: 17914085306
syscr: 7183339
syscw: 816077
read_bytes: 14036441600
write_bytes: 17915949056
cancelled_write_bytes: 0

[2020-01-20T21:31:40-08:00]
rchar: 60683223143
wchar: 18392834700
syscr: 7328301
syscw: 830747
read_bytes: 14195497472
write_bytes: 18394767360
cancelled_write_bytes: 0

[2020-01-20T21:31:43-08:00]
rchar: 61611410219
wchar: 18777540719
syscr: 7440829
syscw: 842460
read_bytes: 14320302592
write_bytes: 18779516928
cancelled_write_bytes: 0

[2020-01-20T21:31:46-08:00]
rchar: 62174162902
wchar: 19164990713
syscr: 7508951
syscw: 849431
read_bytes: 14384912896
write_bytes: 19167010816
cancelled_write_bytes: 0

[2020-01-20T21:31:49-08:00]
rchar: 63313151141
wchar: 19553420534
syscr: 7647042
syscw: 862023
read_bytes: 14513592832
write_bytes: 19555491840
cancelled_write_bytes: 0

[2020-01-20T21:31:52-08:00]
rchar: 64619964873
wchar: 19953398978
syscr: 7805442
syscw: 877215
read_bytes: 14677256704
write_bytes: 19955535872
cancelled_write_bytes: 0

[2020-01-20T21:31:55-08:00]
rchar: 65474866909
wchar: 20206127315
syscr: 7909100
syscw: 889781
read_bytes: 14824708608
write_bytes: 20208271360
cancelled_write_bytes: 0

[2020-01-20T21:31:58-08:00]
rchar: 67440414150
wchar: 20348322034
syscr: 8147335
syscw: 912392
read_bytes: 15086844416
write_bytes: 20350476288
cancelled_write_bytes: 0

[2020-01-20T21:32:01-08:00]
rchar: 68793566459
wchar: 20453920960
syscr: 8311406
syscw: 927807
read_bytes: 15268125184
write_bytes: 20456374272
cancelled_write_bytes: 0

[2020-01-20T21:32:04-08:00]
rchar: 69819434097
wchar: 20957080427
syscr: 8435711
syscw: 937178
read_bytes: 15349934592
write_bytes: 20959272960
cancelled_write_bytes: 0

[2020-01-20T21:32:07-08:00]
rchar: 71029951936
wchar: 21401217745
syscr: 8582490
syscw: 946693
read_bytes: 15435446784
write_bytes: 21403443200
cancelled_write_bytes: 0

[2020-01-20T21:32:10-08:00]
rchar: 72535910039
wchar: 21952776469
syscr: 8764572
syscw: 958818
read_bytes: 15549286912
write_bytes: 21955067904
cancelled_write_bytes: 0

[2020-01-20T21:32:13-08:00]
rchar: 73336404778
wchar: 22182010791
syscr: 8861646
syscw: 973708
read_bytes: 15787665920
write_bytes: 22184308736
cancelled_write_bytes: 0

[2020-01-20T21:32:16-08:00]
rchar: 74232380514
wchar: 22592259587
syscr: 8970181
syscw: 986998
read_bytes: 15978027520
write_bytes: 22594961408
cancelled_write_bytes: 0

[2020-01-20T21:32:19-08:00]
rchar: 75123655195
wchar: 22945716070
syscr: 9078228
syscw: 997918
read_bytes: 16081787392
write_bytes: 22948098048
cancelled_write_bytes: 0

[2020-01-20T21:32:22-08:00]
rchar: 76185302695
wchar: 23274990752
syscr: 9206938
syscw: 1011996
read_bytes: 16272427520
write_bytes: 23277404160
cancelled_write_bytes: 0

[2020-01-20T21:32:25-08:00]
rchar: 76816186028
wchar: 23711346695
syscr: 9283408
syscw: 1020173
read_bytes: 16346925568
write_bytes: 23713800192
cancelled_write_bytes: 0

[2020-01-20T21:32:28-08:00]
rchar: 78221887408
wchar: 24076950788
syscr: 9453759
syscw: 1035928
read_bytes: 16544922112
write_bytes: 24079441920
cancelled_write_bytes: 0

[2020-01-20T21:32:31-08:00]
rchar: 79483651987
wchar: 24486018355
syscr: 9606717
syscw: 1049759
read_bytes: 16674875904
write_bytes: 24488546304
cancelled_write_bytes: 0

[2020-01-20T21:32:34-08:00]
rchar: 80514976555
wchar: 24824079719
syscr: 9731735
syscw: 1061449
read_bytes: 16783612416
write_bytes: 24826650624
cancelled_write_bytes: 0

[2020-01-20T21:32:37-08:00]
rchar: 81125631426
wchar: 25248436043
syscr: 9805664
syscw: 1067441
read_bytes: 16834374144
write_bytes: 25251061760
cancelled_write_bytes: 0

[2020-01-20T21:32:40-08:00]
rchar: 83103843118
wchar: 25384323936
syscr: 10045519
syscw: 1088111
read_bytes: 17062640128
write_bytes: 25386983424
cancelled_write_bytes: 0

[2020-01-20T21:32:43-08:00]
rchar: 84524742963
wchar: 25485002531
syscr: 10217800
syscw: 1103344
read_bytes: 17230494208
write_bytes: 25487667200
cancelled_write_bytes: 0

[2020-01-20T21:32:46-08:00]
rchar: 85918298368
wchar: 26076066814
syscr: 10386686
syscw: 1115615
read_bytes: 17331853824
write_bytes: 26078769152
cancelled_write_bytes: 0

[2020-01-20T21:32:49-08:00]
rchar: 86922418935
wchar: 26427611440
syscr: 10508437
syscw: 1123676
read_bytes: 17395309056
write_bytes: 26430337024
cancelled_write_bytes: 0

[2020-01-20T21:32:52-08:00]
rchar: 88576782306
wchar: 27016177684
syscr: 10709036
syscw: 1136487
read_bytes: 17498958336
write_bytes: 27018940416
cancelled_write_bytes: 0

[2020-01-20T21:32:55-08:00]
rchar: 89534099127
wchar: 27435056924
syscr: 10824580
syscw: 1150627
read_bytes: 17636215296
write_bytes: 27437871104
cancelled_write_bytes: 0

[2020-01-20T21:32:58-08:00]
rchar: 89684080428
wchar: 27706160467
syscr: 10842742
syscw: 1152592
read_bytes: 17648929280
write_bytes: 27708997632
cancelled_write_bytes: 0

[2020-01-20T21:33:01-08:00]
rchar: 90821423333
wchar: 28145410404
syscr: 10980549
syscw: 1166302
read_bytes: 17771424256
write_bytes: 28148297728
cancelled_write_bytes: 0

[2020-01-20T21:33:04-08:00]
rchar: 92033618688
wchar: 28590467068
syscr: 11127501
syscw: 1181513
read_bytes: 17914898944
write_bytes: 28593405952
cancelled_write_bytes: 0

[2020-01-20T21:33:07-08:00]
rchar: 92945275966
wchar: 28821494009
syscr: 11238015
syscw: 1194635
read_bytes: 18098956800
write_bytes: 28824465408
cancelled_write_bytes: 0

[2020-01-20T21:33:10-08:00]
rchar: 93355792899
wchar: 29090354287
syscr: 11287711
syscw: 1200536
read_bytes: 18162498048
write_bytes: 29093355520
cancelled_write_bytes: 0

[2020-01-20T21:33:13-08:00]
rchar: 94848562797
wchar: 29405188404
syscr: 11468685
syscw: 1217880
read_bytes: 18405448192
write_bytes: 29408227328
cancelled_write_bytes: 0

[2020-01-20T21:33:16-08:00]
rchar: 96331742573
wchar: 29870212698
syscr: 11648489
syscw: 1234117
read_bytes: 18547911168
write_bytes: 29873291264
cancelled_write_bytes: 0

[2020-01-20T21:33:19-08:00]
rchar: 96955963689
wchar: 30277588930
syscr: 11724137
syscw: 1241164
read_bytes: 18602715648
write_bytes: 30280699904
cancelled_write_bytes: 0

[2020-01-20T21:33:22-08:00]
rchar: 98140165979
wchar: 30361086863
syscr: 11867636
syscw: 1254337
read_bytes: 18729101824
write_bytes: 30364233728
cancelled_write_bytes: 0

[2020-01-20T21:33:25-08:00]
rchar: 100157716104
wchar: 30502572485
syscr: 12112260
syscw: 1275729
read_bytes: 18942958080
write_bytes: 30505721856
cancelled_write_bytes: 0

[2020-01-20T21:33:28-08:00]
rchar: 101114432315
wchar: 30864344603
syscr: 12228181
syscw: 1285781
read_bytes: 19023866368
write_bytes: 30867513344
cancelled_write_bytes: 0

[2020-01-20T21:33:31-08:00]
rchar: 102677656341
wchar: 31422741317
syscr: 12417727
syscw: 1298110
read_bytes: 19113245184
write_bytes: 31425945600
cancelled_write_bytes: 0

[2020-01-20T21:33:34-08:00]
rchar: 103736792144
wchar: 31799115806
syscr: 12546151
syscw: 1306613
read_bytes: 19174201856
write_bytes: 31802347520
cancelled_write_bytes: 0

[2020-01-20T21:33:37-08:00]
rchar: 105061242198
wchar: 32303304135
syscr: 12706201
syscw: 1321727
read_bytes: 19302111744
write_bytes: 32306585600
cancelled_write_bytes: 0

[2020-01-20T21:33:40-08:00]
rchar: 105599455651
wchar: 32745823566
syscr: 12771452
syscw: 1329656
read_bytes: 19364080128
write_bytes: 32749146112
cancelled_write_bytes: 0

[2020-01-20T21:33:43-08:00]
rchar: 106304064275
wchar: 33001229189
syscr: 12856785
syscw: 1338785
read_bytes: 19437353472
write_bytes: 33004625920
cancelled_write_bytes: 0

[2020-01-20T21:33:46-08:00]
rchar: 107571137371
wchar: 33497796307
syscr: 13010372
syscw: 1354117
read_bytes: 19564349952
write_bytes: 33501249536
cancelled_write_bytes: 0

[2020-01-20T21:33:49-08:00]
rchar: 108833629470
wchar: 33923314908
syscr: 13163430
syscw: 1370474
read_bytes: 19705293312
write_bytes: 33926819840
cancelled_write_bytes: 0

[2020-01-20T21:33:52-08:00]
rchar: 108988314393
wchar: 33989005148
syscr: 13182189
syscw: 1372487
read_bytes: 19720419840
write_bytes: 33992511488
cancelled_write_bytes: 0

[2020-01-20T21:33:55-08:00]
rchar: 110140770717
wchar: 34544303423
syscr: 13321815
syscw: 1385803
read_bytes: 19822246400
write_bytes: 34547867648
cancelled_write_bytes: 0

[2020-01-20T21:33:58-08:00]
rchar: 111574634483
wchar: 35025498146
syscr: 13495636
syscw: 1400862
read_bytes: 19941874176
write_bytes: 35029123072
cancelled_write_bytes: 0

[2020-01-20T21:34:01-08:00]
rchar: 112620601809
wchar: 35390686851
syscr: 13622421
syscw: 1412562
read_bytes: 20029970944
write_bytes: 35394355200
cancelled_write_bytes: 0

[2020-01-20T21:34:04-08:00]
rchar: 113317439674
wchar: 35622649929
syscr: 13706831
syscw: 1422547
read_bytes: 20112194048
write_bytes: 35626336256
cancelled_write_bytes: 0

[2020-01-20T21:34:07-08:00]
rchar: 115365967608
wchar: 35764386754
syscr: 13955211
syscw: 1443741
read_bytes: 20311042560
write_bytes: 35768074240
cancelled_write_bytes: 0

[2020-01-20T21:34:10-08:00]
rchar: 116763148332
wchar: 35941814838
syscr: 14124618
syscw: 1458774
read_bytes: 20448119296
write_bytes: 35945512960
cancelled_write_bytes: 0

[2020-01-20T21:34:13-08:00]
rchar: 117927009442
wchar: 36400957509
syscr: 14265652
syscw: 1469029
read_bytes: 20515199488
write_bytes: 36404703232
cancelled_write_bytes: 0

[2020-01-20T21:34:16-08:00]
rchar: 119306639419
wchar: 36870989807
syscr: 14432936
syscw: 1480461
read_bytes: 20590168576
write_bytes: 36875300864
cancelled_write_bytes: 0

[2020-01-20T21:34:19-08:00]
rchar: 120959610915
wchar: 37467100116
syscr: 14632838
syscw: 1494675
read_bytes: 20687137280
write_bytes: 37470928896
cancelled_write_bytes: 0

[2020-01-20T21:34:22-08:00]
rchar: 121722319941
wchar: 37803308808
syscr: 14725305
syscw: 1506226
read_bytes: 20781627904
write_bytes: 37807177728
cancelled_write_bytes: 0

[2020-01-20T21:34:25-08:00]
rchar: 122072547915
wchar: 38126336160
syscr: 14767655
syscw: 1511546
read_bytes: 20815723008
write_bytes: 38130245632
cancelled_write_bytes: 0

[2020-01-20T21:34:28-08:00]
rchar: 123414610329
wchar: 38526297895
syscr: 14930360
syscw: 1528889
read_bytes: 20994578944
write_bytes: 38530240512
cancelled_write_bytes: 0

[2020-01-20T21:34:31-08:00]
rchar: 124724737020
wchar: 39024232768
syscr: 15089183
syscw: 1545249
read_bytes: 21119207936
write_bytes: 39029207040
cancelled_write_bytes: 0

[2020-01-20T21:34:34-08:00]
rchar: 125216677475
wchar: 39239059316
syscr: 15148839
syscw: 1551043
read_bytes: 21161679360
write_bytes: 39243063296
cancelled_write_bytes: 0

[2020-01-20T21:34:37-08:00]
rchar: 126030149932
wchar: 39666149933
syscr: 15247359
syscw: 1560708
read_bytes: 21229558272
write_bytes: 39670206464
cancelled_write_bytes: 0

[2020-01-20T21:34:40-08:00]
rchar: 127534864182
wchar: 40176222645
syscr: 15429780
syscw: 1576555
read_bytes: 21344905728
write_bytes: 40180334592
cancelled_write_bytes: 0

[2020-01-20T21:34:43-08:00]
rchar: 128543203956
wchar: 40541580017
syscr: 15552010
syscw: 1587814
read_bytes: 21420136960
write_bytes: 40545738752
cancelled_write_bytes: 0

[2020-01-20T21:34:46-08:00]
rchar: 129511604251
wchar: 40869847176
syscr: 15669396
syscw: 1597943
read_bytes: 21497154048
write_bytes: 40874065920
cancelled_write_bytes: 0

[2020-01-20T21:34:49-08:00]
rchar: 130874776015
wchar: 41189683468
syscr: 15834556
syscw: 1612576
read_bytes: 21615196672
write_bytes: 41193943040
cancelled_write_bytes: 0

[2020-01-20T21:34:52-08:00]
rchar: 132958482427
wchar: 41335622946
syscr: 16087202
syscw: 1634019
read_bytes: 21801961984
write_bytes: 41339887616
cancelled_write_bytes: 0

[2020-01-20T21:34:55-08:00]
rchar: 133369473344
wchar: 41522853618
syscr: 16137036
syscw: 1639245
read_bytes: 21839591936
write_bytes: 41527119872
cancelled_write_bytes: 0

[2020-01-20T21:34:58-08:00]
rchar: 135054776140
wchar: 42001821702
syscr: 16341297
syscw: 1653551
read_bytes: 21932399104
write_bytes: 42006126592
cancelled_write_bytes: 0

[2020-01-20T21:35:01-08:00]
rchar: 136745984163
wchar: 42525911234
syscr: 16546362
syscw: 1667190
read_bytes: 22023145984
write_bytes: 42530254848
cancelled_write_bytes: 0

[2020-01-20T21:35:04-08:00]
rchar: 137809351417
wchar: 42893943893
syscr: 16674784
syscw: 1675874
read_bytes: 22076307968
write_bytes: 42898325504
cancelled_write_bytes: 0

[2020-01-20T21:35:07-08:00]
rchar: 138509573398
wchar: 43302819643
syscr: 16759669
syscw: 1686697
read_bytes: 22156167680
write_bytes: 43308261376
cancelled_write_bytes: 0

[2020-01-20T21:35:10-08:00]
rchar: 139381100854
wchar: 43689451881
syscr: 16865236
syscw: 1697969
read_bytes: 22232107520
write_bytes: 43694821376
cancelled_write_bytes: 0

[2020-01-20T21:35:13-08:00]
rchar: 140474259170
wchar: 44081064351
syscr: 16997764
syscw: 1711826
read_bytes: 22329018880
write_bytes: 44085583872
cancelled_write_bytes: 0

[2020-01-20T21:35:16-08:00]
rchar: 141805629905
wchar: 44530817639
syscr: 17159172
syscw: 1729361
read_bytes: 22457113088
write_bytes: 44535382016
cancelled_write_bytes: 0

[2020-01-20T21:35:19-08:00]
rchar: 142123281687
wchar: 44842386147
syscr: 17197693
syscw: 1733656
read_bytes: 22482377216
write_bytes: 44846964736
cancelled_write_bytes: 0

[2020-01-20T21:35:22-08:00]
rchar: 143290602250
wchar: 45235457295
syscr: 17339121
syscw: 1746063
read_bytes: 22565784064
write_bytes: 45240094720
cancelled_write_bytes: 0

[2020-01-20T21:35:25-08:00]
rchar: 144813766154
wchar: 45755751730
syscr: 17523742
syscw: 1762599
read_bytes: 22675540480
write_bytes: 45760446464
cancelled_write_bytes: 0

[2020-01-20T21:35:28-08:00]
rchar: 145988747834
wchar: 46112285815
syscr: 17666178
syscw: 1776410
read_bytes: 22775392768
write_bytes: 46117019648
cancelled_write_bytes: 0

[2020-01-20T21:35:31-08:00]
rchar: 146741837683
wchar: 46402264845
syscr: 17757399
syscw: 1785793
read_bytes: 22863149568
write_bytes: 46407028736
cancelled_write_bytes: 0

[2020-01-20T21:35:34-08:00]
rchar: 148548693232
wchar: 46737718898
syscr: 17976472
syscw: 1803726
read_bytes: 23048636928
write_bytes: 46742507520
cancelled_write_bytes: 0

[2020-01-20T21:35:37-08:00]
rchar: 150139761314
wchar: 47006151194
syscr: 18169378
syscw: 1819898
read_bytes: 23217379840
write_bytes: 47010967552
cancelled_write_bytes: 0

[2020-01-20T21:35:40-08:00]
rchar: 150476429122
wchar: 47219110364
syscr: 18210116
syscw: 1824311
read_bytes: 23251765760
write_bytes: 47223939072
cancelled_write_bytes: 0

[2020-01-20T21:35:43-08:00]
rchar: 152409009375
wchar: 47785246382
syscr: 18444425
syscw: 1840062
read_bytes: 23351368192
write_bytes: 47790297088
cancelled_write_bytes: 0

[2020-01-20T21:35:46-08:00]
rchar: 153859946784
wchar: 48296844390
syscr: 18620357
syscw: 1851693
read_bytes: 23417014784
write_bytes: 48301768704
cancelled_write_bytes: 0

[2020-01-20T21:35:49-08:00]
rchar: 155139311368
wchar: 48746334495
syscr: 18774952
syscw: 1863096
read_bytes: 23483734528
write_bytes: 48751296512
cancelled_write_bytes: 0

[2020-01-20T21:35:52-08:00]
rchar: 155772497375
wchar: 49222030980
syscr: 18851716
syscw: 1873232
read_bytes: 23545764352
write_bytes: 49227034624
cancelled_write_bytes: 0

[2020-01-20T21:35:55-08:00]
rchar: 156491351224
wchar: 49520427387
syscr: 18938773
syscw: 1882165
read_bytes: 23597951488
write_bytes: 49525993472
cancelled_write_bytes: 0

[2020-01-20T21:35:58-08:00]
rchar: 157890090370
wchar: 49994594620
syscr: 19108350
syscw: 1899957
read_bytes: 23717095936
write_bytes: 49999695872
cancelled_write_bytes: 0

[2020-01-20T21:36:02-08:00]
rchar: 159035567644
wchar: 50375996051
syscr: 19247191
syscw: 1914977
read_bytes: 23817587200
write_bytes: 50381131776
cancelled_write_bytes: 0

[2020-01-20T21:36:05-08:00]
rchar: 159234576673
wchar: 50680878274
syscr: 19271327
syscw: 1916843
read_bytes: 23825406464
write_bytes: 50686025728
cancelled_write_bytes: 0

[2020-01-20T21:36:08-08:00]
rchar: 160731109959
wchar: 51102457686
syscr: 19452676
syscw: 1933119
read_bytes: 23931734528
write_bytes: 51107663872
cancelled_write_bytes: 0

[2020-01-20T21:36:11-08:00]
rchar: 162310971121
wchar: 51556407820
syscr: 19644202
syscw: 1950678
read_bytes: 24045492736
write_bytes: 51561660416
cancelled_write_bytes: 0

[2020-01-20T21:36:14-08:00]
rchar: 163126421674
wchar: 51812034707
syscr: 19743033
syscw: 1960063
read_bytes: 24103127552
write_bytes: 51817308160
cancelled_write_bytes: 0

[2020-01-20T21:36:17-08:00]
rchar: 164022514046
wchar: 52222207435
syscr: 19851559
syscw: 1969510
read_bytes: 24158620160
write_bytes: 52227547136
cancelled_write_bytes: 0

[2020-01-20T21:36:20-08:00]
rchar: 165912000860
wchar: 52511393203
syscr: 20080658
syscw: 1988604
read_bytes: 24357624320
write_bytes: 52516761600
cancelled_write_bytes: 0

[2020-01-20T21:36:23-08:00]
rchar: 167253993933
wchar: 52698139925
syscr: 20243377
syscw: 2003606
read_bytes: 24500406784
write_bytes: 52703514624
cancelled_write_bytes: 0

[2020-01-20T21:36:26-08:00]
rchar: 168510458541
wchar: 53194902872
syscr: 20395615
syscw: 2015448
read_bytes: 24570952192
write_bytes: 53200318464
cancelled_write_bytes: 0

[2020-01-20T21:36:29-08:00]
rchar: 170463369411
wchar: 53739707970
syscr: 20632411
syscw: 2031828
read_bytes: 24662948352
write_bytes: 53745156096
cancelled_write_bytes: 0

[2020-01-20T21:36:32-08:00]
rchar: 172174706355
wchar: 54280590915
syscr: 20839911
syscw: 2046106
read_bytes: 24739731968
write_bytes: 54286073856
cancelled_write_bytes: 0

[2020-01-20T21:36:35-08:00]
rchar: 172853680794
wchar: 54524184853
syscr: 20921693
syscw: 2053073
read_bytes: 24777771520
write_bytes: 54529691648
cancelled_write_bytes: 0

[2020-01-20T21:36:38-08:00]
rchar: 173843638311
wchar: 55069115689
syscr: 21041621
syscw: 2066319
read_bytes: 24854866432
write_bytes: 55074680832
cancelled_write_bytes: 0

[2020-01-20T21:36:41-08:00]
rchar: 174852426080
wchar: 55431543774
syscr: 21163916
syscw: 2079526
read_bytes: 24930703872
write_bytes: 55437139968
cancelled_write_bytes: 0

[2020-01-20T21:36:44-08:00]
rchar: 176074839436
wchar: 55892853762
syscr: 21312116
syscw: 2094788
read_bytes: 25020627456
write_bytes: 55898505216
cancelled_write_bytes: 0

[2020-01-20T21:36:47-08:00]
rchar: 176714219679
wchar: 56324567980
syscr: 21389527
syscw: 2103028
read_bytes: 25065667072
write_bytes: 56330276864
cancelled_write_bytes: 0

[2020-01-20T21:36:50-08:00]
rchar: 177892906342
wchar: 56739572487
syscr: 21532406
syscw: 2115408
read_bytes: 25133300224
write_bytes: 56745320448
cancelled_write_bytes: 0

[2020-01-20T21:36:53-08:00]
rchar: 179247135367
wchar: 57177003994
syscr: 21696575
syscw: 2130202
read_bytes: 25218918912
write_bytes: 57182797824
cancelled_write_bytes: 0

[2020-01-20T21:36:56-08:00]
rchar: 180748376048
wchar: 57682213074
syscr: 21878568
syscw: 2146093
read_bytes: 25311685120
write_bytes: 57688059904
cancelled_write_bytes: 0

[2020-01-20T21:36:59-08:00]
rchar: 180912350310
wchar: 57902784837
syscr: 21898453
syscw: 2148606
read_bytes: 25322916352
write_bytes: 57908641792
cancelled_write_bytes: 0

[2020-01-20T21:37:02-08:00]
rchar: 182743339015
wchar: 58242233955
syscr: 22120334
syscw: 2166654
read_bytes: 25471416832
write_bytes: 58248146944
cancelled_write_bytes: 0

[2020-01-20T21:37:05-08:00]
rchar: 184619386407
wchar: 58541065668
syscr: 22347789
syscw: 2185182
read_bytes: 25647561216
write_bytes: 58547453952
cancelled_write_bytes: 0

[2020-01-20T21:37:08-08:00]
rchar: 185114958248
wchar: 58776189663
syscr: 22407879
syscw: 2191027
read_bytes: 25695758848
write_bytes: 58782130176
cancelled_write_bytes: 0

[2020-01-20T21:37:11-08:00]
rchar: 186603057118
wchar: 59241110239
syscr: 22588219
syscw: 2203088
read_bytes: 25757673984
write_bytes: 59247095808
cancelled_write_bytes: 0

[2020-01-20T21:37:14-08:00]
rchar: 188398168257
wchar: 59820114683
syscr: 22805880
syscw: 2217417
read_bytes: 25830111744
write_bytes: 59826143232
cancelled_write_bytes: 0

[2020-01-20T21:37:17-08:00]
rchar: 189532965922
wchar: 60241271235
syscr: 22943476
syscw: 2226251
read_bytes: 25872640512
write_bytes: 60247343104
cancelled_write_bytes: 0

[2020-01-20T21:37:20-08:00]
rchar: 190384906802
wchar: 60633398125
syscr: 23046208
syscw: 2238867
read_bytes: 25947683328
write_bytes: 60639916032
cancelled_write_bytes: 0

[2020-01-20T21:37:23-08:00]
rchar: 190822718047
wchar: 60891468533
syscr: 23099187
syscw: 2245323
read_bytes: 25979972096
write_bytes: 60897619968
cancelled_write_bytes: 0

[2020-01-20T21:37:26-08:00]
rchar: 192173945485
wchar: 61390670916
syscr: 23263009
syscw: 2261877
read_bytes: 26073045504
write_bytes: 61396869120
cancelled_write_bytes: 0

[2020-01-20T21:37:29-08:00]
rchar: 193111492998
wchar: 61765700346
syscr: 23376662
syscw: 2274442
read_bytes: 26135202304
write_bytes: 61771948032
cancelled_write_bytes: 0

[2020-01-20T21:37:32-08:00]
rchar: 194008019040
wchar: 62224524589
syscr: 23485337
syscw: 2286213
read_bytes: 26197703168
write_bytes: 62230810624
cancelled_write_bytes: 0

[2020-01-20T21:37:35-08:00]
rchar: 194620916926
wchar: 62524807159
syscr: 23559575
syscw: 2293247
read_bytes: 26229742080
write_bytes: 62531125248
cancelled_write_bytes: 0

[2020-01-20T21:37:38-08:00]
rchar: 196242959675
wchar: 63034598643
syscr: 23756171
syscw: 2310872
read_bytes: 26322909696
write_bytes: 63040983040
cancelled_write_bytes: 0

[2020-01-20T21:37:41-08:00]
rchar: 197773273073
wchar: 63535017178
syscr: 23941715
syscw: 2327104
read_bytes: 26412792320
write_bytes: 63541448704
cancelled_write_bytes: 0

[2020-01-20T21:37:44-08:00]
rchar: 198202554483
wchar: 63752827249
syscr: 23993773
syscw: 2332326
read_bytes: 26437925376
write_bytes: 63759269888
cancelled_write_bytes: 0

[2020-01-20T21:37:47-08:00]
rchar: 199767798556
wchar: 64081226544
syscr: 24183420
syscw: 2348495
read_bytes: 26583300608
write_bytes: 64087724032
cancelled_write_bytes: 0

[2020-01-20T21:37:50-08:00]
rchar: 201640757325
wchar: 64408699231
syscr: 24410495
syscw: 2367327
read_bytes: 26738457088
write_bytes: 64415232000
cancelled_write_bytes: 0

[2020-01-20T21:37:53-08:00]
rchar: 202381652014
wchar: 64677874663
syscr: 24500332
syscw: 2376671
read_bytes: 26804005376
write_bytes: 64684412928
cancelled_write_bytes: 0

[2020-01-20T21:37:56-08:00]
rchar: 204512889001
wchar: 64997729545
syscr: 24758635
syscw: 2394899
read_bytes: 26956122624
write_bytes: 65004306432
cancelled_write_bytes: 0

[2020-01-20T21:37:59-08:00]
rchar: 206120266752
wchar: 65471258447
syscr: 24953531
syscw: 2408511
read_bytes: 27018799616
write_bytes: 65477865472
cancelled_write_bytes: 0

[2020-01-20T21:38:02-08:00]
rchar: 207484688520
wchar: 65916236604
syscr: 25118972
syscw: 2419573
read_bytes: 27070237184
write_bytes: 65922871296
cancelled_write_bytes: 0

[2020-01-20T21:38:05-08:00]
rchar: 208091796038
wchar: 66250465237
syscr: 25192501
syscw: 2425296
read_bytes: 27094399488
write_bytes: 66257121280
cancelled_write_bytes: 0

[2020-01-20T21:38:08-08:00]
rchar: 209763234494
wchar: 66683342181
syscr: 25394584
syscw: 2439473
read_bytes: 27162855936
write_bytes: 66690039808
cancelled_write_bytes: 0

[2020-01-20T21:38:11-08:00]
rchar: 211272226691
wchar: 67141723946
syscr: 25577527
syscw: 2459237
read_bytes: 27269966336
write_bytes: 67148464128
cancelled_write_bytes: 0

[2020-01-20T21:38:14-08:00]
rchar: 211802821582
wchar: 67349297128
syscr: 25641873
syscw: 2465897
read_bytes: 27303553536
write_bytes: 67356049408
cancelled_write_bytes: 0

[2020-01-20T21:38:17-08:00]
rchar: 212887347155
wchar: 67834926335
syscr: 25773256
syscw: 2478321
read_bytes: 27364301312
write_bytes: 67841720320
cancelled_write_bytes: 0

[2020-01-20T21:38:20-08:00]
rchar: 214435191905
wchar: 68294251739
syscr: 25960866
syscw: 2495474
read_bytes: 27447446016
write_bytes: 68301590528
cancelled_write_bytes: 0

[2020-01-20T21:38:23-08:00]
rchar: 215596459699
wchar: 68672074783
syscr: 26101635
syscw: 2508315
read_bytes: 27509189120
write_bytes: 68678983680
cancelled_write_bytes: 0

[2020-01-20T21:38:26-08:00]
rchar: 216274240230
wchar: 69085488750
syscr: 26183741
syscw: 2516080
read_bytes: 27543030272
write_bytes: 69092425728
cancelled_write_bytes: 0

[2020-01-20T21:38:29-08:00]
rchar: 217594966088
wchar: 69469187531
syscr: 26343850
syscw: 2529105
read_bytes: 27601226240
write_bytes: 69476175872
cancelled_write_bytes: 0

[2020-01-20T21:38:32-08:00]
rchar: 219519280734
wchar: 69959899251
syscr: 26577113
syscw: 2548014
read_bytes: 27690887680
write_bytes: 69966950400
cancelled_write_bytes: 0

[2020-01-20T21:38:35-08:00]
rchar: 220606463426
wchar: 70136055617
syscr: 26708925
syscw: 2558859
read_bytes: 27777223168
write_bytes: 70143143936
cancelled_write_bytes: 0

[2020-01-20T21:38:38-08:00]
rchar: 221494858146
wchar: 70707164178
syscr: 26816580
syscw: 2566005
read_bytes: 27839024640
write_bytes: 70714306560
cancelled_write_bytes: 0

[2020-01-20T21:38:41-08:00]
rchar: 222305881403
wchar: 71097712845
syscr: 26914924
syscw: 2571826
read_bytes: 27921890816
write_bytes: 71104860160
cancelled_write_bytes: 0

[2020-01-20T21:38:44-08:00]
rchar: 223562810514
wchar: 71696866854
syscr: 27067340
syscw: 2580476
read_bytes: 28082945536
write_bytes: 71704059904
cancelled_write_bytes: 0

[2020-01-20T21:38:47-08:00]
rchar: 224446877114
wchar: 72073160679
syscr: 27174543
syscw: 2587532
read_bytes: 28203003392
write_bytes: 72080408576
cancelled_write_bytes: 0

[2020-01-20T21:38:50-08:00]
rchar: 225702125572
wchar: 72648081824
syscr: 27326768
syscw: 2596497
read_bytes: 28382862848
write_bytes: 72655396864
cancelled_write_bytes: 0

[2020-01-20T21:38:53-08:00]
rchar: 226668770917
wchar: 73058847842
syscr: 27443981
syscw: 2604175
read_bytes: 28513230336
write_bytes: 73066168320
cancelled_write_bytes: 0

[2020-01-20T21:38:56-08:00]
rchar: 227842308758
wchar: 73603593951
syscr: 27586263
syscw: 2612391
read_bytes: 28679622144
write_bytes: 73611010048
cancelled_write_bytes: 0

[2020-01-20T21:38:59-08:00]
rchar: 228558752539
wchar: 73925391658
syscr: 27673146
syscw: 2617744
read_bytes: 28767002112
write_bytes: 73932869632
cancelled_write_bytes: 0

[2020-01-20T21:39:02-08:00]
rchar: 229326431793
wchar: 74400134132
syscr: 27766233
syscw: 2624222
read_bytes: 28871294464
write_bytes: 74407645184
cancelled_write_bytes: 0

[2020-01-20T21:39:05-08:00]
rchar: 230278699330
wchar: 74772866263
syscr: 27881617
syscw: 2631250
read_bytes: 28990950912
write_bytes: 74780413952
cancelled_write_bytes: 0

[2020-01-20T21:39:08-08:00]
rchar: 231586107618
wchar: 75340075635
syscr: 28040134
syscw: 2639844
read_bytes: 29137931776
write_bytes: 75348111360
cancelled_write_bytes: 0

[2020-01-20T21:39:11-08:00]
rchar: 232453597141
wchar: 75671435089
syscr: 28144732
syscw: 2646948
read_bytes: 29244042752
write_bytes: 75679096832
cancelled_write_bytes: 0

[2020-01-20T21:39:14-08:00]
rchar: 233552051404
wchar: 76248626299
syscr: 28277942
syscw: 2658391
read_bytes: 29480148480
write_bytes: 76256325632
cancelled_write_bytes: 0

[2020-01-20T21:39:17-08:00]
rchar: 234079647122
wchar: 76568490178
syscr: 28341804
syscw: 2663693
read_bytes: 29539663360
write_bytes: 76576256000
cancelled_write_bytes: 0

[2020-01-20T21:39:20-08:00]
rchar: 234956953001
wchar: 76941660985
syscr: 28447979
syscw: 2674619
read_bytes: 29676273152
write_bytes: 76949520384
cancelled_write_bytes: 0

[2020-01-20T21:39:23-08:00]
rchar: 235225703938
wchar: 77189494193
syscr: 28480496
syscw: 2679515
read_bytes: 29700132352
write_bytes: 77197385728
cancelled_write_bytes: 0

[2020-01-20T21:39:26-08:00]
rchar: 237079678176
wchar: 77474864842
syscr: 28705167
syscw: 2700290
read_bytes: 29801471488
write_bytes: 77482790912
cancelled_write_bytes: 0

[2020-01-20T21:39:29-08:00]
rchar: 238556603735
wchar: 77860728528
syscr: 28884226
syscw: 2716727
read_bytes: 29873528320
write_bytes: 77868699648
cancelled_write_bytes: 0

[2020-01-20T21:39:32-08:00]
rchar: 238851851102
wchar: 78164883182
syscr: 28919946
syscw: 2720124
read_bytes: 29884276224
write_bytes: 78172868608
cancelled_write_bytes: 0

[2020-01-20T21:39:35-08:00]
rchar: 240884497117
wchar: 78613160906
syscr: 29166348
syscw: 2739694
read_bytes: 29967371776
write_bytes: 78621220864
cancelled_write_bytes: 0

[2020-01-20T21:39:38-08:00]
rchar: 242810613584
wchar: 79045502327
syscr: 29399859
syscw: 2758004
read_bytes: 30044433920
write_bytes: 79053611008
cancelled_write_bytes: 0

[2020-01-20T21:39:41-08:00]
rchar: 243319144298
wchar: 79247752696
syscr: 29461525
syscw: 2763318
read_bytes: 30063226368
write_bytes: 79256244224
cancelled_write_bytes: 0

[2020-01-20T21:39:44-08:00]
rchar: 244716588092
wchar: 79684836295
syscr: 29630844
syscw: 2776501
read_bytes: 30112247296
write_bytes: 79693004800
cancelled_write_bytes: 0

[2020-01-20T21:39:47-08:00]
rchar: 246634726614
wchar: 80123432041
syscr: 29863388
syscw: 2793050
read_bytes: 30177811968
write_bytes: 80131649536
cancelled_write_bytes: 0

[2020-01-20T21:39:50-08:00]
rchar: 248698677605
wchar: 80744375598
syscr: 30113602
syscw: 2810180
read_bytes: 30241668608
write_bytes: 80752635904
cancelled_write_bytes: 0

[2020-01-20T21:39:53-08:00]
rchar: 249034490122
wchar: 81000257152
syscr: 30154321
syscw: 2813796
read_bytes: 30252924416
write_bytes: 81008521216
cancelled_write_bytes: 0

[2020-01-20T21:39:56-08:00]
rchar: 251197216087
wchar: 81564457546
syscr: 30416469
syscw: 2830277
read_bytes: 30312095232
write_bytes: 81572786176
cancelled_write_bytes: 0

[2020-01-20T21:39:59-08:00]
rchar: 252335000838
wchar: 81956674195
syscr: 30554431
syscw: 2838277
read_bytes: 30338719232
write_bytes: 81965023232
cancelled_write_bytes: 0

[2020-01-20T21:40:02-08:00]
rchar: 253991931090
wchar: 82463687091
syscr: 30754680
syscw: 2858414
read_bytes: 30421839360
write_bytes: 82472087552
cancelled_write_bytes: 0

[2020-01-20T21:40:05-08:00]
rchar: 254253579805
wchar: 82778192094
syscr: 30786409
syscw: 2861581
read_bytes: 30431120896
write_bytes: 82786598912
cancelled_write_bytes: 0

[2020-01-20T21:40:08-08:00]
rchar: 255692065926
wchar: 83174487700
syscr: 30960681
syscw: 2877495
read_bytes: 30493298176
write_bytes: 83182968832
cancelled_write_bytes: 0

[2020-01-20T21:40:11-08:00]
rchar: 257263030132
wchar: 83670934445
syscr: 31151133
syscw: 2894861
read_bytes: 30558014976
write_bytes: 83679457280
cancelled_write_bytes: 0

[2020-01-20T21:40:14-08:00]
rchar: 258310315706
wchar: 84056655058
syscr: 31278089
syscw: 2906143
read_bytes: 30599085568
write_bytes: 84065214464
cancelled_write_bytes: 0

[2020-01-20T21:40:17-08:00]
rchar: 258657726284
wchar: 84328398373
syscr: 31320133
syscw: 2910992
read_bytes: 30614498816
write_bytes: 84336979968
cancelled_write_bytes: 0

[2020-01-20T21:40:20-08:00]
rchar: 260250680055
wchar: 84776263914
syscr: 31513242
syscw: 2926202
read_bytes: 30670188032
write_bytes: 84784885760
cancelled_write_bytes: 0

[2020-01-20T21:40:23-08:00]
rchar: 261851206287
wchar: 85212245447
syscr: 31707271
syscw: 2941913
read_bytes: 30727568896
write_bytes: 85220909056
cancelled_write_bytes: 0

[2020-01-20T21:40:26-08:00]
rchar: 263097059521
wchar: 85600806237
syscr: 31858290
syscw: 2954055
read_bytes: 30770613760
write_bytes: 85609504768
cancelled_write_bytes: 0

[2020-01-20T21:40:29-08:00]
rchar: 264019328264
wchar: 85974870481
syscr: 31969990
syscw: 2963576
read_bytes: 30803828224
write_bytes: 85984505856
cancelled_write_bytes: 0

[2020-01-20T21:40:32-08:00]
rchar: 265404086679
wchar: 86357661033
syscr: 32137849
syscw: 2975881
read_bytes: 30844599808
write_bytes: 86366437376
cancelled_write_bytes: 0

[2020-01-20T21:40:35-08:00]
rchar: 267547270158
wchar: 86986424223
syscr: 32397717
syscw: 2993989
read_bytes: 30906891776
write_bytes: 86995238912
cancelled_write_bytes: 0

[2020-01-20T21:40:38-08:00]
rchar: 268781501132
wchar: 87387291326
syscr: 32547370
syscw: 3004745
read_bytes: 30940114432
write_bytes: 87396151296
cancelled_write_bytes: 0

[2020-01-20T21:40:41-08:00]
rchar: 269890669849
wchar: 87854651956
syscr: 32681775
syscw: 3014504
read_bytes: 30970830336
write_bytes: 87864057856
cancelled_write_bytes: 0

[2020-01-20T21:40:44-08:00]
rchar: 270925156382
wchar: 88228656635
syscr: 32806624
syscw: 3025300
read_bytes: 31007768064
write_bytes: 88237588480
cancelled_write_bytes: 0

[2020-01-20T21:40:47-08:00]
rchar: 272355412778
wchar: 88725682309
syscr: 32979996
syscw: 3043373
read_bytes: 31077658112
write_bytes: 88734662656
cancelled_write_bytes: 0

[2020-01-20T21:40:50-08:00]
rchar: 273072866751
wchar: 89024160361
syscr: 33066963
syscw: 3052628
read_bytes: 31109217792
write_bytes: 89033175040
cancelled_write_bytes: 0

[2020-01-20T21:40:53-08:00]
rchar: 273759672177
wchar: 89398758811
syscr: 33150121
syscw: 3062408
read_bytes: 31139659264
write_bytes: 89407811584
cancelled_write_bytes: 0

[2020-01-20T21:40:56-08:00]
rchar: 275510040148
wchar: 89899281160
syscr: 33362333
syscw: 3081836
read_bytes: 31211097600
write_bytes: 89909227520
cancelled_write_bytes: 0

[2020-01-20T21:40:59-08:00]
rchar: 277011487936
wchar: 90322602508
syscr: 33544357
syscw: 3098588
read_bytes: 31272357376
write_bytes: 90331738112
cancelled_write_bytes: 0

[2020-01-20T21:41:02-08:00]
rchar: 277407562122
wchar: 90590855783
syscr: 33592301
syscw: 3104428
read_bytes: 31290129920
write_bytes: 90600013824
cancelled_write_bytes: 0

[2020-01-20T21:41:05-08:00]
rchar: 279549763877
wchar: 90997291934
syscr: 33852003
syscw: 3125213
read_bytes: 31370632704
write_bytes: 91006496768
cancelled_write_bytes: 0

[2020-01-20T21:41:08-08:00]
rchar: 281048720143
wchar: 91377661555
syscr: 34033703
syscw: 3140282
read_bytes: 31423258112
write_bytes: 91386916864
cancelled_write_bytes: 0

[2020-01-20T21:41:11-08:00]
rchar: 281932413357
wchar: 91834318311
syscr: 34140779
syscw: 3149038
read_bytes: 31458656768
write_bytes: 91846197248
cancelled_write_bytes: 0

[2020-01-20T21:41:14-08:00]
rchar: 282856771134
wchar: 92297545667
syscr: 34252865
syscw: 3155814
read_bytes: 31519490560
write_bytes: 92306894848
cancelled_write_bytes: 0

[2020-01-20T21:41:17-08:00]
rchar: 284203698787
wchar: 92943226659
syscr: 34416195
syscw: 3165102
read_bytes: 31636304384
write_bytes: 92953600000
cancelled_write_bytes: 0

[2020-01-20T21:41:20-08:00]
rchar: 285118320073
wchar: 93332545726
syscr: 34527104
syscw: 3172338
read_bytes: 31717642752
write_bytes: 93342408704
cancelled_write_bytes: 0

[2020-01-20T21:41:23-08:00]
rchar: 286379496418
wchar: 93896741871
syscr: 34680037
syscw: 3181521
read_bytes: 31843455488
write_bytes: 93906202624
cancelled_write_bytes: 0

[2020-01-20T21:41:26-08:00]
rchar: 287469577276
wchar: 94326888892
syscr: 34812226
syscw: 3190639
read_bytes: 31946867200
write_bytes: 94336659456
cancelled_write_bytes: 0

[2020-01-20T21:41:29-08:00]
rchar: 288758883095
wchar: 94873854722
syscr: 34968531
syscw: 3200395
read_bytes: 32084939264
write_bytes: 94884261888
cancelled_write_bytes: 0

[2020-01-20T21:41:32-08:00]
rchar: 289457656202
wchar: 95156594207
syscr: 35053262
syscw: 3206911
read_bytes: 32154477056
write_bytes: 95166738432
cancelled_write_bytes: 0

[2020-01-20T21:41:35-08:00]
rchar: 290527344554
wchar: 95681040847
syscr: 35182888
syscw: 3215754
read_bytes: 32268620288
write_bytes: 95690661888
cancelled_write_bytes: 0

[2020-01-20T21:41:38-08:00]
rchar: 291817720446
wchar: 96161096844
syscr: 35339344
syscw: 3225111
read_bytes: 32400323072
write_bytes: 96170766336
cancelled_write_bytes: 0

[2020-01-20T21:41:41-08:00]
rchar: 293058038130
wchar: 96636654493
syscr: 35489758
syscw: 3233818
read_bytes: 32519512576
write_bytes: 96646410240
cancelled_write_bytes: 0

[2020-01-20T21:41:44-08:00]
rchar: 294401266927
wchar: 97130169845
syscr: 35652630
syscw: 3243809
read_bytes: 32648962560
write_bytes: 97139937280
cancelled_write_bytes: 0

[2020-01-20T21:41:47-08:00]
rchar: 295585417396
wchar: 97545529965
syscr: 35796220
syscw: 3253044
read_bytes: 32766743040
write_bytes: 97555341312
cancelled_write_bytes: 0

[2020-01-20T21:41:50-08:00]
rchar: 297012866588
wchar: 98118887976
syscr: 35969231
syscw: 3262893
read_bytes: 32891109888
write_bytes: 98128748544
cancelled_write_bytes: 0

[2020-01-20T21:41:53-08:00]
rchar: 297382950774
wchar: 98274073832
syscr: 36014113
syscw: 3266219
read_bytes: 32913945088
write_bytes: 98283974656
cancelled_write_bytes: 0

[2020-01-20T21:41:56-08:00]
rchar: 298481239249
wchar: 98795737373
syscr: 36146612
syscw: 3275445
read_bytes: 33034813952
write_bytes: 98805702656
cancelled_write_bytes: 0

[2020-01-20T21:41:59-08:00]
rchar: 299480809888
wchar: 99203569139
syscr: 36267822
syscw: 3285456
read_bytes: 33175835136
write_bytes: 99213557760
cancelled_write_bytes: 0

[2020-01-20T21:42:02-08:00]
rchar: 300732995903
wchar: 99740617339
syscr: 36419643
syscw: 3297314
read_bytes: 33357783552
write_bytes: 99750682624
cancelled_write_bytes: 0

[2020-01-20T21:42:05-08:00]
rchar: 301733096748
wchar: 100155394681
syscr: 36540917
syscw: 3307782
read_bytes: 33501647360
write_bytes: 100165468160
cancelled_write_bytes: 0

[2020-01-20T21:42:08-08:00]
rchar: 302804730183
wchar: 100593586160
syscr: 36670797
syscw: 3318464
read_bytes: 33651110400
write_bytes: 100603719680
cancelled_write_bytes: 0

[2020-01-20T21:42:11-08:00]
rchar: 303172645995
wchar: 100828161726
syscr: 36715368
syscw: 3323265
read_bytes: 33692885504
write_bytes: 100838367232
cancelled_write_bytes: 0

[2020-01-20T21:42:14-08:00]
rchar: 304192474488
wchar: 101205663780
syscr: 36838945
syscw: 3333539
read_bytes: 33805156864
write_bytes: 101215883264
cancelled_write_bytes: 0

[2020-01-20T21:42:17-08:00]
rchar: 305661763509
wchar: 101695074891
syscr: 37016878
syscw: 3346769
read_bytes: 33949671936
write_bytes: 101705637888
cancelled_write_bytes: 0

[2020-01-20T21:42:20-08:00]
rchar: 307630337032
wchar: 102003123176
syscr: 37255265
syscw: 3369085
read_bytes: 34065662464
write_bytes: 102013464576
cancelled_write_bytes: 0

[2020-01-20T21:42:23-08:00]
rchar: 308790947026
wchar: 102425217697
syscr: 37395891
syscw: 3380036
read_bytes: 34094195200
write_bytes: 102435598336
cancelled_write_bytes: 0

[2020-01-20T21:42:26-08:00]
rchar: 310560186248
wchar: 102796031203
syscr: 37610398
syscw: 3395897
read_bytes: 34134381056
write_bytes: 102806437888
cancelled_write_bytes: 0

[2020-01-20T21:42:29-08:00]
rchar: 312838735623
wchar: 103190833256
syscr: 37886647
syscw: 3415526
read_bytes: 34189681152
write_bytes: 103201280000
cancelled_write_bytes: 0

[2020-01-20T21:42:32-08:00]
rchar: 313236468161
wchar: 103494485639
syscr: 37934842
syscw: 3419527
read_bytes: 34197434880
write_bytes: 103504953344
cancelled_write_bytes: 0

[2020-01-20T21:42:35-08:00]
rchar: 315871762778
wchar: 104028414215
syscr: 38254254
syscw: 3440426
read_bytes: 34249888256
write_bytes: 104038936576
cancelled_write_bytes: 0

[2020-01-20T21:42:38-08:00]
rchar: 317408942632
wchar: 104443706601
syscr: 38440638
syscw: 3452829
read_bytes: 34277667328
write_bytes: 104454258688
cancelled_write_bytes: 0

[2020-01-20T21:42:41-08:00]
rchar: 319235563478
wchar: 104867424328
syscr: 38662115
syscw: 3467520
read_bytes: 34312413696
write_bytes: 104878014464
cancelled_write_bytes: 0

[2020-01-20T21:42:44-08:00]
rchar: 320291133441
wchar: 105242106666
syscr: 38790019
syscw: 3476254
read_bytes: 34332226048
write_bytes: 105252728832
cancelled_write_bytes: 0

[2020-01-20T21:42:47-08:00]
rchar: 322997523210
wchar: 105828913513
syscr: 39118166
syscw: 3494449
read_bytes: 34377527808
write_bytes: 105839566848
cancelled_write_bytes: 0

[2020-01-20T21:42:51-08:00]
rchar: 324339486074
wchar: 106129660634
syscr: 39280091
syscw: 3509795
read_bytes: 34418602496
write_bytes: 106140356608
cancelled_write_bytes: 0

[2020-01-20T21:42:54-08:00]
rchar: 325307383657
wchar: 106610119992
syscr: 39397378
syscw: 3523437
read_bytes: 34451419648
write_bytes: 106620850176
cancelled_write_bytes: 0

[2020-01-20T21:42:57-08:00]
rchar: 326499644531
wchar: 106992163797
syscr: 39541878
syscw: 3536597
read_bytes: 34484642304
write_bytes: 107002929152
cancelled_write_bytes: 0

[2020-01-20T21:43:00-08:00]
rchar: 328417709870
wchar: 107529408918
syscr: 39774427
syscw: 3558870
read_bytes: 34541658624
write_bytes: 107540230144
cancelled_write_bytes: 0

[2020-01-20T21:43:03-08:00]
rchar: 328979947483
wchar: 107838563446
syscr: 39842572
syscw: 3566612
read_bytes: 34558173696
write_bytes: 107849400320
cancelled_write_bytes: 0

[2020-01-20T21:43:06-08:00]
rchar: 330096393347
wchar: 108141784953
syscr: 39977831
syscw: 3578366
read_bytes: 34585887232
write_bytes: 108152676352
cancelled_write_bytes: 0

[2020-01-20T21:43:09-08:00]
rchar: 332179930419
wchar: 108647436161
syscr: 40230432
syscw: 3599390
read_bytes: 34637468160
write_bytes: 108658364416
cancelled_write_bytes: 0

[2020-01-20T21:43:12-08:00]
rchar: 333280256654
wchar: 109001256605
syscr: 40363819
syscw: 3610530
read_bytes: 34662867456
write_bytes: 109012242432
cancelled_write_bytes: 0

[2020-01-20T21:43:15-08:00]
rchar: 333905694345
wchar: 109423812524
syscr: 40439538
syscw: 3616488
read_bytes: 34674430464
write_bytes: 109434843136
cancelled_write_bytes: 0

[2020-01-20T21:43:18-08:00]
rchar: 334815701560
wchar: 109899249052
syscr: 40549889
syscw: 3622451
read_bytes: 34685968896
write_bytes: 109910306816
cancelled_write_bytes: 0

[2020-01-20T21:43:21-08:00]
rchar: 335868887820
wchar: 110505513753
syscr: 40677606
syscw: 3628741
read_bytes: 34697368064
write_bytes: 110516621312
cancelled_write_bytes: 0

[2020-01-20T21:43:24-08:00]
rchar: 336888052402
wchar: 110928729881
syscr: 40801002
syscw: 3636952
read_bytes: 34731393536
write_bytes: 110939930624
cancelled_write_bytes: 0

[2020-01-20T21:43:27-08:00]
rchar: 338029352826
wchar: 111383812923
syscr: 40939392
syscw: 3646639
read_bytes: 34811617792
write_bytes: 111395020800
cancelled_write_bytes: 0

[2020-01-20T21:43:30-08:00]
rchar: 339136160362
wchar: 111818722286
syscr: 41073601
syscw: 3655744
read_bytes: 34897064448
write_bytes: 111830433792
cancelled_write_bytes: 0

[2020-01-20T21:43:33-08:00]
rchar: 340450413771
wchar: 112305816138
syscr: 41232960
syscw: 3666692
read_bytes: 35000525312
write_bytes: 112317358080
cancelled_write_bytes: 0

[2020-01-20T21:43:36-08:00]
rchar: 341129051873
wchar: 112672832343
syscr: 41315261
syscw: 3673679
read_bytes: 35040301568
write_bytes: 112684146688
cancelled_write_bytes: 0

[2020-01-20T21:43:39-08:00]
rchar: 342134794054
wchar: 113068540838
syscr: 41437131
syscw: 3682080
read_bytes: 35109876224
write_bytes: 113079906304
cancelled_write_bytes: 0

[2020-01-20T21:43:42-08:00]
rchar: 343243334843
wchar: 113433993057
syscr: 41571546
syscw: 3691290
read_bytes: 35172692480
write_bytes: 113445404672
cancelled_write_bytes: 0

[2020-01-20T21:43:45-08:00]
rchar: 344926067234
wchar: 114039720575
syscr: 41775585
syscw: 3703505
read_bytes: 35291898368
write_bytes: 114051145728
cancelled_write_bytes: 0

[2020-01-20T21:43:48-08:00]
rchar: 346204621280
wchar: 114478263929
syscr: 41930626
syscw: 3713925
read_bytes: 35368190464
write_bytes: 114490392576
cancelled_write_bytes: 0

[2020-01-20T21:43:51-08:00]
rchar: 347309159401
wchar: 114855539020
syscr: 42063922
syscw: 3723504
read_bytes: 35454214656
write_bytes: 114867073024
cancelled_write_bytes: 0

[2020-01-20T21:43:54-08:00]
rchar: 347760195842
wchar: 115041290080
syscr: 42118617
syscw: 3729501
read_bytes: 35510120960
write_bytes: 115052847104
cancelled_write_bytes: 0

[2020-01-20T21:43:57-08:00]
rchar: 348980510021
wchar: 115678736213
syscr: 42266513
syscw: 3743466
read_bytes: 35652604416
write_bytes: 115691204608
cancelled_write_bytes: 0

[2020-01-20T21:44:00-08:00]
rchar: 350012406664
wchar: 116037546530
syscr: 42391651
syscw: 3754975
read_bytes: 35760837120
write_bytes: 116049195008
cancelled_write_bytes: 0

[2020-01-20T21:44:03-08:00]
rchar: 351261993388
wchar: 116480741205
syscr: 42543173
syscw: 3768248
read_bytes: 35895247360
write_bytes: 116492402688
cancelled_write_bytes: 0

[2020-01-20T21:44:06-08:00]
rchar: 352572217312
wchar: 116975728024
syscr: 42702034
syscw: 3781267
read_bytes: 36040647168
write_bytes: 116987469824
cancelled_write_bytes: 0

[2020-01-20T21:44:09-08:00]
rchar: 352984435997
wchar: 117250344430
syscr: 42752019
syscw: 3787412
read_bytes: 36075405824
write_bytes: 117262766080
cancelled_write_bytes: 0

[2020-01-20T21:44:12-08:00]
rchar: 354223196931
wchar: 117643932322
syscr: 42902143
syscw: 3799995
read_bytes: 36182245888
write_bytes: 117655691264
cancelled_write_bytes: 0

[2020-01-20T21:44:15-08:00]
rchar: 355675142732
wchar: 118098126393
syscr: 43078086
syscw: 3813241
read_bytes: 36301865472
write_bytes: 118110003200
cancelled_write_bytes: 0

[2020-01-20T21:44:18-08:00]
rchar: 357207501308
wchar: 118458164435
syscr: 43263539
syscw: 3828957
read_bytes: 36407071232
write_bytes: 118470107136
cancelled_write_bytes: 0

[2020-01-20T21:44:21-08:00]
rchar: 357989418904
wchar: 118741017183
syscr: 43358301
syscw: 3838086
read_bytes: 36427715072
write_bytes: 118752976896
cancelled_write_bytes: 0

[2020-01-20T21:44:24-08:00]
rchar: 359366184392
wchar: 119396917042
syscr: 43525163
syscw: 3847699
read_bytes: 36442329600
write_bytes: 119409901568
cancelled_write_bytes: 0

[2020-01-20T21:44:27-08:00]
rchar: 360274367777
wchar: 119861996830
syscr: 43635271
syscw: 3853686
read_bytes: 36450918912
write_bytes: 119874273280
cancelled_write_bytes: 0

[2020-01-20T21:44:30-08:00]
rchar: 361119517190
wchar: 120304374030
syscr: 43737759
syscw: 3859231
read_bytes: 36459045376
write_bytes: 120316485632
cancelled_write_bytes: 0

[2020-01-20T21:44:33-08:00]
rchar: 362317719653
wchar: 120913355126
syscr: 43882992
syscw: 3867443
read_bytes: 36471329280
write_bytes: 120925519872
cancelled_write_bytes: 0

[2020-01-20T21:44:36-08:00]
rchar: 363581082618
wchar: 121192942821
syscr: 44035956
syscw: 3878027
read_bytes: 36492669440
write_bytes: 121205174272
cancelled_write_bytes: 0

[2020-01-20T21:44:39-08:00]
rchar: 364862142561
wchar: 121657010691
syscr: 44191289
syscw: 3889690
read_bytes: 36512981504
write_bytes: 121669263360
cancelled_write_bytes: 0

[2020-01-20T21:44:42-08:00]
rchar: 366391054889
wchar: 122051665127
syscr: 44376584
syscw: 3902306
read_bytes: 36535599616
write_bytes: 122063958016
cancelled_write_bytes: 0

[2020-01-20T21:44:45-08:00]
rchar: 368528946316
wchar: 122562212546
syscr: 44635803
syscw: 3919722
read_bytes: 36564558336
write_bytes: 122574553088
cancelled_write_bytes: 0

[2020-01-20T21:44:48-08:00]
rchar: 370540594279
wchar: 123063951496
syscr: 44879097
syscw: 3936074
read_bytes: 36593177088
write_bytes: 123076329472
cancelled_write_bytes: 0

[2020-01-20T21:44:51-08:00]
rchar: 370881837192
wchar: 123332582012
syscr: 44920477
syscw: 3942206
read_bytes: 36602716672
write_bytes: 123344969728
cancelled_write_bytes: 0

[2020-01-20T21:44:54-08:00]
rchar: 372985875828
wchar: 123854589511
syscr: 45175449
syscw: 3965831
read_bytes: 36649226752
write_bytes: 123867045888
cancelled_write_bytes: 0

[2020-01-20T21:44:57-08:00]
rchar: 373953881415
wchar: 124245302869
syscr: 45292790
syscw: 3977840
read_bytes: 36666528256
write_bytes: 124257792000
cancelled_write_bytes: 0

[2020-01-20T21:45:00-08:00]
rchar: 374119657511
wchar: 124365968150
syscr: 45312900
syscw: 3978815
read_bytes: 36667658752
write_bytes: 124378480640
cancelled_write_bytes: 0

[2020-01-20T21:45:03-08:00]
rchar: 374119657511
wchar: 124365968150
syscr: 45312900
syscw: 3978815
read_bytes: 36667658752
write_bytes: 124378480640
cancelled_write_bytes: 0

[2020-01-20T21:45:06-08:00]
rchar: 374119657511
wchar: 124365968150
syscr: 45312900
syscw: 3978815
read_bytes: 36667658752
write_bytes: 124378480640
cancelled_write_bytes: 0

