[2020-01-21T08:04:50-08:00]
rchar: 16583883
wchar: 209
syscr: 2823
syscw: 10
read_bytes: 708608
write_bytes: 53248
cancelled_write_bytes: 0

[2020-01-21T08:04:53-08:00]
rchar: 16583883
wchar: 209
syscr: 2823
syscw: 10
read_bytes: 708608
write_bytes: 53248
cancelled_write_bytes: 0

[2020-01-21T08:04:56-08:00]
rchar: 16583883
wchar: 209
syscr: 2823
syscw: 10
read_bytes: 708608
write_bytes: 53248
cancelled_write_bytes: 0

[2020-01-21T08:04:59-08:00]
rchar: 16583883
wchar: 209
syscr: 2823
syscw: 10
read_bytes: 708608
write_bytes: 53248
cancelled_write_bytes: 0

[2020-01-21T08:05:02-08:00]
rchar: 16583883
wchar: 209
syscr: 2823
syscw: 10
read_bytes: 708608
write_bytes: 53248
cancelled_write_bytes: 0

[2020-01-21T08:05:05-08:00]
rchar: 16583883
wchar: 209
syscr: 2823
syscw: 10
read_bytes: 708608
write_bytes: 53248
cancelled_write_bytes: 0

[2020-01-21T08:05:08-08:00]
rchar: 16583883
wchar: 209
syscr: 2823
syscw: 10
read_bytes: 708608
write_bytes: 53248
cancelled_write_bytes: 0

[2020-01-21T08:05:11-08:00]
rchar: 16583883
wchar: 209
syscr: 2823
syscw: 10
read_bytes: 708608
write_bytes: 61440
cancelled_write_bytes: 0

[2020-01-21T08:05:14-08:00]
rchar: 16583883
wchar: 209
syscr: 2823
syscw: 10
read_bytes: 708608
write_bytes: 61440
cancelled_write_bytes: 0

[2020-01-21T08:05:17-08:00]
rchar: 241110478
wchar: 111955088
syscr: 11018
syscw: 1360
read_bytes: 234572288
write_bytes: 112046080
cancelled_write_bytes: 0

[2020-01-21T08:05:20-08:00]
rchar: 613825712
wchar: 325485736
syscr: 48144
syscw: 21330
read_bytes: 729430528
write_bytes: 325591040
cancelled_write_bytes: 0

[2020-01-21T08:05:23-08:00]
rchar: 1021694976
wchar: 480829767
syscr: 97612
syscw: 47577
read_bytes: 1301756416
write_bytes: 480940032
cancelled_write_bytes: 0

[2020-01-21T08:05:26-08:00]
rchar: 1514492333
wchar: 753440030
syscr: 157285
syscw: 63383
read_bytes: 1649461760
write_bytes: 753565696
cancelled_write_bytes: 0

[2020-01-21T08:05:29-08:00]
rchar: 2339961935
wchar: 905283480
syscr: 257382
syscw: 87337
read_bytes: 2166024704
write_bytes: 905412608
cancelled_write_bytes: 0

[2020-01-21T08:05:32-08:00]
rchar: 3005471994
wchar: 1329305206
syscr: 337994
syscw: 97795
read_bytes: 2375682560
write_bytes: 1329713152
cancelled_write_bytes: 0

[2020-01-21T08:05:35-08:00]
rchar: 4023575106
wchar: 1760994207
syscr: 461450
syscw: 110823
read_bytes: 2634340864
write_bytes: 1761181696
cancelled_write_bytes: 0

[2020-01-21T08:05:38-08:00]
rchar: 4530445522
wchar: 1913039329
syscr: 522662
syscw: 123280
read_bytes: 2881890816
write_bytes: 1913266176
cancelled_write_bytes: 0

[2020-01-21T08:05:41-08:00]
rchar: 5037292206
wchar: 2166724894
syscr: 584038
syscw: 135910
read_bytes: 3134392832
write_bytes: 2166972416
cancelled_write_bytes: 0

[2020-01-21T08:05:44-08:00]
rchar: 6433837027
wchar: 2339438072
syscr: 753369
syscw: 161819
read_bytes: 3658906112
write_bytes: 2339696640
cancelled_write_bytes: 0

[2020-01-21T08:05:47-08:00]
rchar: 7099109956
wchar: 2588512034
syscr: 833953
syscw: 173527
read_bytes: 3883059712
write_bytes: 2588778496
cancelled_write_bytes: 0

[2020-01-21T08:05:50-08:00]
rchar: 8900473279
wchar: 2754214649
syscr: 1052363
syscw: 198687
read_bytes: 4370741760
write_bytes: 2754482176
cancelled_write_bytes: 0

[2020-01-21T08:05:53-08:00]
rchar: 9731614482
wchar: 3003133981
syscr: 1153055
syscw: 210423
read_bytes: 4589804032
write_bytes: 3003424768
cancelled_write_bytes: 0

[2020-01-21T08:05:56-08:00]
rchar: 12006210101
wchar: 3170501654
syscr: 1428838
syscw: 236169
read_bytes: 5064010240
write_bytes: 3170791424
cancelled_write_bytes: 0

[2020-01-21T08:05:59-08:00]
rchar: 13036197130
wchar: 3420089838
syscr: 1553721
syscw: 248322
read_bytes: 5279984128
write_bytes: 3420401664
cancelled_write_bytes: 0

[2020-01-21T08:06:02-08:00]
rchar: 14558733543
wchar: 3912048941
syscr: 1738242
syscw: 259918
read_bytes: 5457345024
write_bytes: 3913289728
cancelled_write_bytes: 0

[2020-01-21T08:06:05-08:00]
rchar: 16184883100
wchar: 4422053499
syscr: 1935410
syscw: 272654
read_bytes: 5651237376
write_bytes: 4422434816
cancelled_write_bytes: 0

[2020-01-21T08:06:08-08:00]
rchar: 17038291915
wchar: 4743669106
syscr: 2038409
syscw: 280973
read_bytes: 5777365504
write_bytes: 4744077312
cancelled_write_bytes: 0

[2020-01-21T08:06:11-08:00]
rchar: 17550577827
wchar: 5015599371
syscr: 2100503
syscw: 289980
read_bytes: 5926996480
write_bytes: 5016739840
cancelled_write_bytes: 0

[2020-01-21T08:06:14-08:00]
rchar: 18364883554
wchar: 5488103193
syscr: 2199121
syscw: 301557
read_bytes: 6115367424
write_bytes: 5488619520
cancelled_write_bytes: 0

[2020-01-21T08:06:17-08:00]
rchar: 19433219219
wchar: 5812168609
syscr: 2328644
syscw: 316803
read_bytes: 6375946752
write_bytes: 5812744192
cancelled_write_bytes: 0

[2020-01-21T08:06:20-08:00]
rchar: 20299883053
wchar: 6073325901
syscr: 2433730
syscw: 332203
read_bytes: 6645914112
write_bytes: 6073905152
cancelled_write_bytes: 0

[2020-01-21T08:06:23-08:00]
rchar: 21956282322
wchar: 6234872658
syscr: 2634484
syscw: 353976
read_bytes: 7024802304
write_bytes: 6235467776
cancelled_write_bytes: 0

[2020-01-21T08:06:26-08:00]
rchar: 23087977453
wchar: 6474411920
syscr: 2771704
syscw: 369391
read_bytes: 7284529664
write_bytes: 6475018240
cancelled_write_bytes: 0

[2020-01-21T08:06:29-08:00]
rchar: 24838952299
wchar: 6637156008
syscr: 2983920
syscw: 387900
read_bytes: 7599127040
write_bytes: 6637789184
cancelled_write_bytes: 0

[2020-01-21T08:06:32-08:00]
rchar: 26466990830
wchar: 6754989626
syscr: 3181316
syscw: 405364
read_bytes: 7891835392
write_bytes: 6755622912
cancelled_write_bytes: 0

[2020-01-21T08:06:35-08:00]
rchar: 27799575747
wchar: 7290154864
syscr: 3342810
syscw: 416835
read_bytes: 8046901760
write_bytes: 7290822656
cancelled_write_bytes: 0

[2020-01-21T08:06:38-08:00]
rchar: 28836700058
wchar: 7640081610
syscr: 3468559
syscw: 424580
read_bytes: 8150456832
write_bytes: 7640768512
cancelled_write_bytes: 0

[2020-01-21T08:06:41-08:00]
rchar: 30325255625
wchar: 8108430191
syscr: 3649052
syscw: 436062
read_bytes: 8305515008
write_bytes: 8109150208
cancelled_write_bytes: 0

[2020-01-21T08:06:44-08:00]
rchar: 31395120661
wchar: 8515225574
syscr: 3778256
syscw: 449097
read_bytes: 8503810560
write_bytes: 8515985408
cancelled_write_bytes: 0

[2020-01-21T08:06:47-08:00]
rchar: 32040693946
wchar: 8935112969
syscr: 3856426
syscw: 457495
read_bytes: 8616876544
write_bytes: 8935915520
cancelled_write_bytes: 0

[2020-01-21T08:06:50-08:00]
rchar: 33229255219
wchar: 9338879700
syscr: 4000517
syscw: 471370
read_bytes: 8823413248
write_bytes: 9339760640
cancelled_write_bytes: 0

[2020-01-21T08:06:53-08:00]
rchar: 34433704201
wchar: 9774303391
syscr: 4146550
syscw: 485528
read_bytes: 9028012544
write_bytes: 9775235072
cancelled_write_bytes: 0

[2020-01-21T08:06:56-08:00]
rchar: 34969668846
wchar: 10084976309
syscr: 4211503
syscw: 492270
read_bytes: 9124551168
write_bytes: 10085945344
cancelled_write_bytes: 0

[2020-01-21T08:06:59-08:00]
rchar: 35476713937
wchar: 10309866461
syscr: 4272896
syscw: 497494
read_bytes: 9193114112
write_bytes: 10310889472
cancelled_write_bytes: 0

[2020-01-21T08:07:02-08:00]
rchar: 37376666759
wchar: 10533530626
syscr: 4503239
syscw: 520129
read_bytes: 9544854016
write_bytes: 10534572032
cancelled_write_bytes: 0

[2020-01-21T08:07:05-08:00]
rchar: 38358984986
wchar: 10790451994
syscr: 4622346
syscw: 532662
read_bytes: 9735510528
write_bytes: 10791518208
cancelled_write_bytes: 0

[2020-01-21T08:07:08-08:00]
rchar: 40562911458
wchar: 10940439416
syscr: 4889484
syscw: 554290
read_bytes: 10074143232
write_bytes: 10941521920
cancelled_write_bytes: 0

[2020-01-21T08:07:11-08:00]
rchar: 42015275274
wchar: 11152091124
syscr: 5065582
syscw: 569238
read_bytes: 10300697088
write_bytes: 11153178624
cancelled_write_bytes: 0

[2020-01-21T08:07:14-08:00]
rchar: 43480802951
wchar: 11680042906
syscr: 5243195
syscw: 580302
read_bytes: 10432027136
write_bytes: 11681165312
cancelled_write_bytes: 0

[2020-01-21T08:07:17-08:00]
rchar: 45142949581
wchar: 12224389085
syscr: 5444733
syscw: 592228
read_bytes: 10576140800
write_bytes: 12225552384
cancelled_write_bytes: 0

[2020-01-21T08:07:20-08:00]
rchar: 46293626788
wchar: 12693897732
syscr: 5583814
syscw: 607208
read_bytes: 10776889856
write_bytes: 12695392256
cancelled_write_bytes: 0

[2020-01-21T08:07:23-08:00]
rchar: 46618122691
wchar: 12871381268
syscr: 5623147
syscw: 610914
read_bytes: 10824305152
write_bytes: 12872613888
cancelled_write_bytes: 0

[2020-01-21T08:07:26-08:00]
rchar: 47393915868
wchar: 13311333880
syscr: 5717120
syscw: 620607
read_bytes: 10945976832
write_bytes: 13312622592
cancelled_write_bytes: 0

[2020-01-21T08:07:29-08:00]
rchar: 48669712612
wchar: 13694140599
syscr: 5871782
syscw: 636115
read_bytes: 11211438592
write_bytes: 13695459328
cancelled_write_bytes: 0

[2020-01-21T08:07:32-08:00]
rchar: 49757400370
wchar: 13945611574
syscr: 6003659
syscw: 650596
read_bytes: 11496253952
write_bytes: 13946966016
cancelled_write_bytes: 0

[2020-01-21T08:07:35-08:00]
rchar: 50623619337
wchar: 14315427682
syscr: 6108581
syscw: 661068
read_bytes: 11661695488
write_bytes: 14316830720
cancelled_write_bytes: 0

[2020-01-21T08:07:38-08:00]
rchar: 52110324522
wchar: 14725282157
syscr: 6288832
syscw: 676007
read_bytes: 11880778240
write_bytes: 14726737920
cancelled_write_bytes: 0

[2020-01-21T08:07:41-08:00]
rchar: 53424285045
wchar: 14949308642
syscr: 6448133
syscw: 690551
read_bytes: 12173146624
write_bytes: 14950797312
cancelled_write_bytes: 0

[2020-01-21T08:07:44-08:00]
rchar: 53585896879
wchar: 15136084417
syscr: 6467729
syscw: 693101
read_bytes: 12201331200
write_bytes: 15137574912
cancelled_write_bytes: 0

[2020-01-21T08:07:47-08:00]
rchar: 55573615943
wchar: 15269168237
syscr: 6708651
syscw: 711639
read_bytes: 12472162816
write_bytes: 15270670336
cancelled_write_bytes: 0

[2020-01-21T08:07:50-08:00]
rchar: 57193351693
wchar: 15378760296
syscr: 6905040
syscw: 727040
read_bytes: 12694755840
write_bytes: 15380262912
cancelled_write_bytes: 0

[2020-01-21T08:07:53-08:00]
rchar: 58523868121
wchar: 15916307063
syscr: 7066283
syscw: 738276
read_bytes: 12814572032
write_bytes: 15917846528
cancelled_write_bytes: 0

[2020-01-21T08:07:56-08:00]
rchar: 60304381397
wchar: 16477350466
syscr: 7282174
syscw: 751385
read_bytes: 12956408320
write_bytes: 16478924800
cancelled_write_bytes: 0

[2020-01-21T08:07:59-08:00]
rchar: 61823962308
wchar: 16968801895
syscr: 7465915
syscw: 765535
read_bytes: 13121165824
write_bytes: 16970416128
cancelled_write_bytes: 0

[2020-01-21T08:08:03-08:00]
rchar: 62439810858
wchar: 17394501533
syscr: 7540577
syscw: 774021
read_bytes: 13219133952
write_bytes: 17396224000
cancelled_write_bytes: 0

[2020-01-21T08:08:06-08:00]
rchar: 63530756519
wchar: 17814329772
syscr: 7672746
syscw: 785843
read_bytes: 13359258112
write_bytes: 17816051712
cancelled_write_bytes: 0

[2020-01-21T08:08:09-08:00]
rchar: 64362697847
wchar: 18033794755
syscr: 7773600
syscw: 796374
read_bytes: 13519702528
write_bytes: 18035552256
cancelled_write_bytes: 0

[2020-01-21T08:08:12-08:00]
rchar: 65697160428
wchar: 18395898944
syscr: 7935387
syscw: 812207
read_bytes: 13783210496
write_bytes: 18397700096
cancelled_write_bytes: 0

[2020-01-21T08:08:15-08:00]
rchar: 66449503592
wchar: 18746069614
syscr: 8026518
syscw: 820713
read_bytes: 13909875200
write_bytes: 18747908096
cancelled_write_bytes: 0

[2020-01-21T08:08:18-08:00]
rchar: 68094713323
wchar: 19088013649
syscr: 8225984
syscw: 837230
read_bytes: 14177589760
write_bytes: 19089879040
cancelled_write_bytes: 0

[2020-01-21T08:08:21-08:00]
rchar: 69607274303
wchar: 19552269562
syscr: 8409335
syscw: 851428
read_bytes: 14341884416
write_bytes: 19554181120
cancelled_write_bytes: 0

[2020-01-21T08:08:24-08:00]
rchar: 69916784538
wchar: 19750019132
syscr: 8446867
syscw: 855400
read_bytes: 14395705856
write_bytes: 19752235008
cancelled_write_bytes: 0

[2020-01-21T08:08:27-08:00]
rchar: 71362466619
wchar: 20122266534
syscr: 8622062
syscw: 868058
read_bytes: 14565579264
write_bytes: 20124577792
cancelled_write_bytes: 0

[2020-01-21T08:08:30-08:00]
rchar: 73046178140
wchar: 20531648601
syscr: 8826158
syscw: 882533
read_bytes: 14727469568
write_bytes: 20533686272
cancelled_write_bytes: 0

[2020-01-21T08:08:33-08:00]
rchar: 74382861598
wchar: 20725142042
syscr: 8988232
syscw: 895439
read_bytes: 14893722112
write_bytes: 20727410688
cancelled_write_bytes: 0

[2020-01-21T08:08:36-08:00]
rchar: 75941211394
wchar: 21270268432
syscr: 9177100
syscw: 907374
read_bytes: 15009913344
write_bytes: 21272367104
cancelled_write_bytes: 0

[2020-01-21T08:08:39-08:00]
rchar: 76912286358
wchar: 21616066045
syscr: 9294843
syscw: 914547
read_bytes: 15075072512
write_bytes: 21618184192
cancelled_write_bytes: 0

[2020-01-21T08:08:42-08:00]
rchar: 78580575250
wchar: 22140005303
syscr: 9496636
syscw: 928121
read_bytes: 15210260992
write_bytes: 22142160896
cancelled_write_bytes: 0

[2020-01-21T08:08:45-08:00]
rchar: 79379803860
wchar: 22483388526
syscr: 9593505
syscw: 938831
read_bytes: 15330703872
write_bytes: 22485594112
cancelled_write_bytes: 0

[2020-01-21T08:08:48-08:00]
rchar: 80334967866
wchar: 22980196810
syscr: 9709219
syscw: 949995
read_bytes: 15479187968
write_bytes: 22982447104
cancelled_write_bytes: 0

[2020-01-21T08:08:51-08:00]
rchar: 81712278062
wchar: 23406645980
syscr: 9876191
syscw: 965327
read_bytes: 15669049856
write_bytes: 23408943104
cancelled_write_bytes: 0

[2020-01-21T08:08:54-08:00]
rchar: 82938522003
wchar: 23840286235
syscr: 10024844
syscw: 979275
read_bytes: 15817251328
write_bytes: 23842631680
cancelled_write_bytes: 0

[2020-01-21T08:08:57-08:00]
rchar: 83159263189
wchar: 24089796816
syscr: 10051617
syscw: 981934
read_bytes: 15838894592
write_bytes: 24092160000
cancelled_write_bytes: 0

[2020-01-21T08:09:00-08:00]
rchar: 84605720355
wchar: 24392103044
syscr: 10226900
syscw: 996444
read_bytes: 16082385408
write_bytes: 24394498048
cancelled_write_bytes: 0

[2020-01-21T08:09:03-08:00]
rchar: 86214644761
wchar: 24722372315
syscr: 10421962
syscw: 1012534
read_bytes: 16335538688
write_bytes: 24724799488
cancelled_write_bytes: 0

[2020-01-21T08:09:06-08:00]
rchar: 87059149106
wchar: 25059278579
syscr: 10524367
syscw: 1022060
read_bytes: 16490674688
write_bytes: 25061724160
cancelled_write_bytes: 0

[2020-01-21T08:09:09-08:00]
rchar: 88672688314
wchar: 25458482392
syscr: 10719892
syscw: 1035590
read_bytes: 16633981440
write_bytes: 25461653504
cancelled_write_bytes: 0

[2020-01-21T08:09:12-08:00]
rchar: 90146965470
wchar: 25736414312
syscr: 10898626
syscw: 1049202
read_bytes: 16832100864
write_bytes: 25738964992
cancelled_write_bytes: 0

[2020-01-21T08:09:15-08:00]
rchar: 91427701554
wchar: 25931348715
syscr: 11053919
syscw: 1060827
read_bytes: 17026042368
write_bytes: 25933905920
cancelled_write_bytes: 0

[2020-01-21T08:09:18-08:00]
rchar: 92944118403
wchar: 26525433492
syscr: 11237660
syscw: 1073018
read_bytes: 17134578176
write_bytes: 26528051200
cancelled_write_bytes: 0

[2020-01-21T08:09:21-08:00]
rchar: 94275877804
wchar: 26979069982
syscr: 11399138
syscw: 1082661
read_bytes: 17215314432
write_bytes: 26981715968
cancelled_write_bytes: 0

[2020-01-21T08:09:24-08:00]
rchar: 95710573074
wchar: 27447781575
syscr: 11573101
syscw: 1093234
read_bytes: 17305721344
write_bytes: 27450458112
cancelled_write_bytes: 0

[2020-01-21T08:09:27-08:00]
rchar: 96691455629
wchar: 27808877142
syscr: 11691535
syscw: 1106119
read_bytes: 17441823232
write_bytes: 27811610624
cancelled_write_bytes: 0

[2020-01-21T08:09:30-08:00]
rchar: 97226326020
wchar: 28221161091
syscr: 11756303
syscw: 1112868
read_bytes: 17497434624
write_bytes: 28223938560
cancelled_write_bytes: 0

[2020-01-21T08:09:33-08:00]
rchar: 98365430243
wchar: 28579220433
syscr: 11894368
syscw: 1125756
read_bytes: 17618786816
write_bytes: 28582051840
cancelled_write_bytes: 0

[2020-01-21T08:09:36-08:00]
rchar: 99697589685
wchar: 29043653181
syscr: 12055867
syscw: 1140272
read_bytes: 17758177792
write_bytes: 29046538240
cancelled_write_bytes: 0

[2020-01-21T08:09:39-08:00]
rchar: 100583307744
wchar: 29389301930
syscr: 12163239
syscw: 1149575
read_bytes: 17845160448
write_bytes: 29392244736
cancelled_write_bytes: 0

[2020-01-21T08:09:42-08:00]
rchar: 100992019164
wchar: 29700111981
syscr: 12212716
syscw: 1153765
read_bytes: 17882044928
write_bytes: 29703081984
cancelled_write_bytes: 0

[2020-01-21T08:09:45-08:00]
rchar: 102605493178
wchar: 30174511011
syscr: 12408300
syscw: 1168708
read_bytes: 18026031616
write_bytes: 30177525760
cancelled_write_bytes: 0

[2020-01-21T08:09:48-08:00]
rchar: 104269422179
wchar: 30570277389
syscr: 12610035
syscw: 1184740
read_bytes: 18230774272
write_bytes: 30573326336
cancelled_write_bytes: 0

[2020-01-21T08:09:51-08:00]
rchar: 104972121485
wchar: 30876968449
syscr: 12695209
syscw: 1191649
read_bytes: 18293492224
write_bytes: 30880059392
cancelled_write_bytes: 0

[2020-01-21T08:09:54-08:00]
rchar: 105843179197
wchar: 31174754459
syscr: 12800724
syscw: 1199574
read_bytes: 18384767488
write_bytes: 31177871360
cancelled_write_bytes: 0

[2020-01-21T08:09:57-08:00]
rchar: 107820318611
wchar: 31451971907
syscr: 13040458
syscw: 1216727
read_bytes: 18659101184
write_bytes: 31455109120
cancelled_write_bytes: 0

[2020-01-21T08:10:00-08:00]
rchar: 109293317058
wchar: 31658444544
syscr: 13219008
syscw: 1229974
read_bytes: 18852223488
write_bytes: 31661604864
cancelled_write_bytes: 0

[2020-01-21T08:10:03-08:00]
rchar: 110994840159
wchar: 32028479484
syscr: 13425232
syscw: 1244241
read_bytes: 19049519616
write_bytes: 32031666176
cancelled_write_bytes: 0

[2020-01-21T08:10:06-08:00]
rchar: 113173659599
wchar: 32346029070
syscr: 13689364
syscw: 1260776
read_bytes: 19274799616
write_bytes: 32349253632
cancelled_write_bytes: 0

[2020-01-21T08:10:09-08:00]
rchar: 114255612067
wchar: 32735465979
syscr: 13820553
syscw: 1268519
read_bytes: 19332655616
write_bytes: 32738754560
cancelled_write_bytes: 0

[2020-01-21T08:10:12-08:00]
rchar: 115031627876
wchar: 33164931142
syscr: 13914566
syscw: 1274904
read_bytes: 19376286208
write_bytes: 33168228352
cancelled_write_bytes: 0

[2020-01-21T08:10:15-08:00]
rchar: 116926812414
wchar: 33765634049
syscr: 14143851
syscw: 1287602
read_bytes: 19474393600
write_bytes: 33768968192
cancelled_write_bytes: 0

[2020-01-21T08:10:18-08:00]
rchar: 118131700320
wchar: 34173252602
syscr: 14289910
syscw: 1300433
read_bytes: 19587004928
write_bytes: 34176634880
cancelled_write_bytes: 0

[2020-01-21T08:10:21-08:00]
rchar: 119269820806
wchar: 34575750268
syscr: 14427879
syscw: 1313255
read_bytes: 19695495680
write_bytes: 34579169280
cancelled_write_bytes: 0

[2020-01-21T08:10:24-08:00]
rchar: 119912674871
wchar: 35023463335
syscr: 14505715
syscw: 1319871
read_bytes: 19745982976
write_bytes: 35026931712
cancelled_write_bytes: 0

[2020-01-21T08:10:27-08:00]
rchar: 120966732978
wchar: 35368940118
syscr: 14633496
syscw: 1330155
read_bytes: 19826129408
write_bytes: 35372453888
cancelled_write_bytes: 0

[2020-01-21T08:10:30-08:00]
rchar: 122579566926
wchar: 35815511265
syscr: 14829017
syscw: 1345432
read_bytes: 19960924672
write_bytes: 35819253760
cancelled_write_bytes: 0

[2020-01-21T08:10:33-08:00]
rchar: 123953667737
wchar: 36135263102
syscr: 14995603
syscw: 1358754
read_bytes: 20107901440
write_bytes: 36138860544
cancelled_write_bytes: 0

[2020-01-21T08:10:36-08:00]
rchar: 125195173823
wchar: 36501274963
syscr: 15146056
syscw: 1371137
read_bytes: 20255660544
write_bytes: 36504903680
cancelled_write_bytes: 0

[2020-01-21T08:10:39-08:00]
rchar: 126935393035
wchar: 36773160310
syscr: 15357031
syscw: 1386686
read_bytes: 20452407808
write_bytes: 36776841216
cancelled_write_bytes: 0

[2020-01-21T08:10:42-08:00]
rchar: 128494921012
wchar: 37163560242
syscr: 15546099
syscw: 1399841
read_bytes: 20561992192
write_bytes: 37167288320
cancelled_write_bytes: 0

[2020-01-21T08:10:45-08:00]
rchar: 129555203955
wchar: 37602338008
syscr: 15674536
syscw: 1408727
read_bytes: 20625902080
write_bytes: 37606105088
cancelled_write_bytes: 0

[2020-01-21T08:10:48-08:00]
rchar: 130823668894
wchar: 38028151126
syscr: 15828337
syscw: 1417867
read_bytes: 20689496576
write_bytes: 38031941632
cancelled_write_bytes: 0

[2020-01-21T08:10:51-08:00]
rchar: 132702708739
wchar: 38639321756
syscr: 16056179
syscw: 1431324
read_bytes: 20786928128
write_bytes: 38643142656
cancelled_write_bytes: 0

[2020-01-21T08:10:54-08:00]
rchar: 133633860695
wchar: 38929738565
syscr: 16168578
syscw: 1439896
read_bytes: 20854581760
write_bytes: 38933594112
cancelled_write_bytes: 0

[2020-01-21T08:10:57-08:00]
rchar: 134338198107
wchar: 39413131135
syscr: 16253973
syscw: 1449122
read_bytes: 20925897216
write_bytes: 39417020416
cancelled_write_bytes: 0

[2020-01-21T08:11:00-08:00]
rchar: 135666654390
wchar: 39895882265
syscr: 16414921
syscw: 1462923
read_bytes: 21034424832
write_bytes: 39899824128
cancelled_write_bytes: 0

[2020-01-21T08:11:03-08:00]
rchar: 136614267654
wchar: 40231470806
syscr: 16529784
syscw: 1473916
read_bytes: 21113838080
write_bytes: 40235470848
cancelled_write_bytes: 0

[2020-01-21T08:11:06-08:00]
rchar: 138028874262
wchar: 40722829980
syscr: 16701292
syscw: 1489377
read_bytes: 21239962112
write_bytes: 40727298048
cancelled_write_bytes: 0

[2020-01-21T08:11:09-08:00]
rchar: 138376980152
wchar: 41018121132
syscr: 16743395
syscw: 1493945
read_bytes: 21269334528
write_bytes: 41022205952
cancelled_write_bytes: 0

[2020-01-21T08:11:12-08:00]
rchar: 139739902070
wchar: 41448738734
syscr: 16908619
syscw: 1506802
read_bytes: 21366495744
write_bytes: 41452879872
cancelled_write_bytes: 0

[2020-01-21T08:11:15-08:00]
rchar: 141399392068
wchar: 41949252927
syscr: 17109807
syscw: 1522429
read_bytes: 21491235328
write_bytes: 41954025472
cancelled_write_bytes: 0

[2020-01-21T08:11:18-08:00]
rchar: 142579834888
wchar: 42335548713
syscr: 17252881
syscw: 1533668
read_bytes: 21577779712
write_bytes: 42339794944
cancelled_write_bytes: 0

[2020-01-21T08:11:21-08:00]
rchar: 142846004768
wchar: 42653112097
syscr: 17285075
syscw: 1535952
read_bytes: 21590505984
write_bytes: 42657374208
cancelled_write_bytes: 0

[2020-01-21T08:11:24-08:00]
rchar: 144701073440
wchar: 43115014200
syscr: 17509974
syscw: 1552040
read_bytes: 21712439808
write_bytes: 43119337472
cancelled_write_bytes: 0

[2020-01-21T08:11:27-08:00]
rchar: 146425535671
wchar: 43478280861
syscr: 17719013
syscw: 1567526
read_bytes: 21834971648
write_bytes: 43482705920
cancelled_write_bytes: 0

[2020-01-21T08:11:30-08:00]
rchar: 147597434722
wchar: 43729489737
syscr: 17861022
syscw: 1579376
read_bytes: 21934782976
write_bytes: 43733921792
cancelled_write_bytes: 0

[2020-01-21T08:11:33-08:00]
rchar: 148692705090
wchar: 44092679494
syscr: 17993827
syscw: 1587523
read_bytes: 21986359808
write_bytes: 44097138688
cancelled_write_bytes: 0

[2020-01-21T08:11:36-08:00]
rchar: 150615419569
wchar: 44685063888
syscr: 18226957
syscw: 1602226
read_bytes: 22083361280
write_bytes: 44689563648
cancelled_write_bytes: 0

[2020-01-21T08:11:39-08:00]
rchar: 151952465147
wchar: 45176426402
syscr: 18388624
syscw: 1617062
read_bytes: 22200322560
write_bytes: 45180977152
cancelled_write_bytes: 0

[2020-01-21T08:11:42-08:00]
rchar: 152258607402
wchar: 45344761978
syscr: 18425733
syscw: 1620852
read_bytes: 22228486656
write_bytes: 45349408768
cancelled_write_bytes: 0

[2020-01-21T08:11:45-08:00]
rchar: 153277980914
wchar: 45835056858
syscr: 18549240
syscw: 1632616
read_bytes: 22313712128
write_bytes: 45839687680
cancelled_write_bytes: 0

[2020-01-21T08:11:48-08:00]
rchar: 154764086676
wchar: 46293655086
syscr: 18729390
syscw: 1649357
read_bytes: 22444263936
write_bytes: 46298341376
cancelled_write_bytes: 0

[2020-01-21T08:11:51-08:00]
rchar: 155916349461
wchar: 46713838890
syscr: 18869064
syscw: 1662148
read_bytes: 22540478976
write_bytes: 46718570496
cancelled_write_bytes: 0

[2020-01-21T08:11:54-08:00]
rchar: 156198124517
wchar: 46976097598
syscr: 18903149
syscw: 1666500
read_bytes: 22566185472
write_bytes: 46980845568
cancelled_write_bytes: 0

[2020-01-21T08:11:57-08:00]
rchar: 157847837711
wchar: 47433561232
syscr: 19103136
syscw: 1682441
read_bytes: 22685096448
write_bytes: 47438356480
cancelled_write_bytes: 0

[2020-01-21T08:12:00-08:00]
rchar: 158790245493
wchar: 47787059663
syscr: 19217388
syscw: 1691359
read_bytes: 22743792128
write_bytes: 47791902720
cancelled_write_bytes: 0

[2020-01-21T08:12:03-08:00]
rchar: 160245132146
wchar: 48217382937
syscr: 19393739
syscw: 1705312
read_bytes: 22849374720
write_bytes: 48222265344
cancelled_write_bytes: 0

[2020-01-21T08:12:06-08:00]
rchar: 161115006136
wchar: 48637180695
syscr: 19499101
syscw: 1713883
read_bytes: 22904261120
write_bytes: 48642105344
cancelled_write_bytes: 0

[2020-01-21T08:12:09-08:00]
rchar: 162448817253
wchar: 48986726515
syscr: 19660795
syscw: 1725357
read_bytes: 22986332672
write_bytes: 48991698944
cancelled_write_bytes: 0

[2020-01-21T08:12:12-08:00]
rchar: 164559301865
wchar: 49126289697
syscr: 19916690
syscw: 1743476
read_bytes: 23153023488
write_bytes: 49131282432
cancelled_write_bytes: 0

[2020-01-21T08:12:15-08:00]
rchar: 165910966224
wchar: 49613585573
syscr: 20080494
syscw: 1755293
read_bytes: 23227873792
write_bytes: 49618608128
cancelled_write_bytes: 0

[2020-01-21T08:12:18-08:00]
rchar: 167035968731
wchar: 49985547757
syscr: 20216903
syscw: 1763985
read_bytes: 23278254592
write_bytes: 49990594560
cancelled_write_bytes: 0

[2020-01-21T08:12:21-08:00]
rchar: 168817564799
wchar: 50575588473
syscr: 20432463
syscw: 1777664
read_bytes: 23364639232
write_bytes: 50580676608
cancelled_write_bytes: 0

[2020-01-21T08:12:24-08:00]
rchar: 169756420237
wchar: 50964841932
syscr: 20546277
syscw: 1789306
read_bytes: 23450655232
write_bytes: 50969980928
cancelled_write_bytes: 0

[2020-01-21T08:12:27-08:00]
rchar: 170799041184
wchar: 51469901679
syscr: 20672577
syscw: 1801675
read_bytes: 23535884800
write_bytes: 51475091456
cancelled_write_bytes: 0

[2020-01-21T08:12:30-08:00]
rchar: 171734612421
wchar: 51832656950
syscr: 20786013
syscw: 1812041
read_bytes: 23601338880
write_bytes: 51837890560
cancelled_write_bytes: 0

[2020-01-21T08:12:33-08:00]
rchar: 173186477654
wchar: 52309032848
syscr: 20961995
syscw: 1828284
read_bytes: 23716895232
write_bytes: 52314329088
cancelled_write_bytes: 0

[2020-01-21T08:12:36-08:00]
rchar: 173783662073
wchar: 52693242695
syscr: 21034414
syscw: 1835503
read_bytes: 23761967616
write_bytes: 52698554368
cancelled_write_bytes: 0

[2020-01-21T08:12:39-08:00]
rchar: 174765338686
wchar: 53019333486
syscr: 21153319
syscw: 1844964
read_bytes: 23820753408
write_bytes: 53024702464
cancelled_write_bytes: 0

[2020-01-21T08:12:42-08:00]
rchar: 176509250579
wchar: 53549263556
syscr: 21364744
syscw: 1861426
read_bytes: 23930616320
write_bytes: 53554692096
cancelled_write_bytes: 0

[2020-01-21T08:12:45-08:00]
rchar: 177888183029
wchar: 53905426013
syscr: 21531886
syscw: 1875025
read_bytes: 24040970752
write_bytes: 53910933504
cancelled_write_bytes: 4096

[2020-01-21T08:12:48-08:00]
rchar: 178340402357
wchar: 54141072043
syscr: 21586635
syscw: 1880827
read_bytes: 24091474432
write_bytes: 54146596864
cancelled_write_bytes: 4096

[2020-01-21T08:12:51-08:00]
rchar: 180334681111
wchar: 54505848550
syscr: 21828427
syscw: 1897298
read_bytes: 24253782528
write_bytes: 54511415296
cancelled_write_bytes: 4096

[2020-01-21T08:12:54-08:00]
rchar: 182301598033
wchar: 54816142351
syscr: 22066889
syscw: 1913782
read_bytes: 24423594496
write_bytes: 54821744640
cancelled_write_bytes: 4096

[2020-01-21T08:12:57-08:00]
rchar: 182627683378
wchar: 55024934727
syscr: 22106431
syscw: 1917626
read_bytes: 24453089792
write_bytes: 55030542336
cancelled_write_bytes: 4096

[2020-01-21T08:13:00-08:00]
rchar: 184672536060
wchar: 55458444725
syscr: 22354280
syscw: 1932701
read_bytes: 24573135360
write_bytes: 55464091648
cancelled_write_bytes: 4096

[2020-01-21T08:13:03-08:00]
rchar: 186316530783
wchar: 55992707299
syscr: 22553618
syscw: 1944504
read_bytes: 24640375296
write_bytes: 55998390272
cancelled_write_bytes: 4096

[2020-01-21T08:13:06-08:00]
rchar: 187800021367
wchar: 56410823860
syscr: 22733011
syscw: 1956254
read_bytes: 24708311552
write_bytes: 56416555008
cancelled_write_bytes: 4096

[2020-01-21T08:13:09-08:00]
rchar: 188437502909
wchar: 56815856190
syscr: 22810213
syscw: 1964452
read_bytes: 24761305600
write_bytes: 56821620736
cancelled_write_bytes: 4096

[2020-01-21T08:13:12-08:00]
rchar: 189803832101
wchar: 57252385404
syscr: 22975850
syscw: 1979287
read_bytes: 24854620672
write_bytes: 57258205184
cancelled_write_bytes: 4096

[2020-01-21T08:13:15-08:00]
rchar: 191080581274
wchar: 57651886698
syscr: 23130642
syscw: 1993685
read_bytes: 24943315456
write_bytes: 57657757696
cancelled_write_bytes: 4096

[2020-01-21T08:13:18-08:00]
rchar: 192005141428
wchar: 58094325872
syscr: 23242710
syscw: 2004130
read_bytes: 25007938048
write_bytes: 58100240384
cancelled_write_bytes: 4096

[2020-01-21T08:13:21-08:00]
rchar: 193521419503
wchar: 58604575285
syscr: 23426449
syscw: 2018311
read_bytes: 25091844608
write_bytes: 58610540544
cancelled_write_bytes: 4096

[2020-01-21T08:13:24-08:00]
rchar: 194881044937
wchar: 58977616135
syscr: 23591284
syscw: 2031757
read_bytes: 25172118016
write_bytes: 58983641088
cancelled_write_bytes: 4096

[2020-01-21T08:13:27-08:00]
rchar: 196302196230
wchar: 59418887286
syscr: 23763574
syscw: 2045353
read_bytes: 25252960768
write_bytes: 59424948224
cancelled_write_bytes: 4096

[2020-01-21T08:13:30-08:00]
rchar: 197384690121
wchar: 59827624553
syscr: 23894686
syscw: 2055827
read_bytes: 25313593856
write_bytes: 59833733120
cancelled_write_bytes: 4096

[2020-01-21T08:13:33-08:00]
rchar: 199463261950
wchar: 60299307872
syscr: 24146673
syscw: 2073032
read_bytes: 25443994112
write_bytes: 60305453056
cancelled_write_bytes: 4096

[2020-01-21T08:13:36-08:00]
rchar: 201050556425
wchar: 60580934197
syscr: 24339120
syscw: 2086226
read_bytes: 25565944320
write_bytes: 60587106304
cancelled_write_bytes: 4096

[2020-01-21T08:13:39-08:00]
rchar: 201335801427
wchar: 60888898785
syscr: 24373711
syscw: 2088634
read_bytes: 25575864832
write_bytes: 60895088640
cancelled_write_bytes: 4096

[2020-01-21T08:13:42-08:00]
rchar: 203456140564
wchar: 61402432316
syscr: 24630675
syscw: 2104642
read_bytes: 25666849280
write_bytes: 61408681984
cancelled_write_bytes: 4096

[2020-01-21T08:13:45-08:00]
rchar: 205548368898
wchar: 62032531747
syscr: 24884360
syscw: 2120179
read_bytes: 25748265472
write_bytes: 62038835200
cancelled_write_bytes: 4096

[2020-01-21T08:13:48-08:00]
rchar: 206802724407
wchar: 62391976639
syscr: 25035949
syscw: 2130533
read_bytes: 25801308672
write_bytes: 62398304256
cancelled_write_bytes: 4096

[2020-01-21T08:13:51-08:00]
rchar: 207441574381
wchar: 62822544218
syscr: 25113306
syscw: 2139009
read_bytes: 25847523840
write_bytes: 62828916736
cancelled_write_bytes: 4096

[2020-01-21T08:13:54-08:00]
rchar: 208541814642
wchar: 63222726257
syscr: 25246682
syscw: 2150914
read_bytes: 25911855616
write_bytes: 63229136896
cancelled_write_bytes: 4096

[2020-01-21T08:13:57-08:00]
rchar: 210034196233
wchar: 63670252079
syscr: 25427592
syscw: 2167238
read_bytes: 26011716096
write_bytes: 63676715008
cancelled_write_bytes: 4096

[2020-01-21T08:14:00-08:00]
rchar: 210978537253
wchar: 63999457938
syscr: 25542107
syscw: 2177293
read_bytes: 26069699072
write_bytes: 64005943296
cancelled_write_bytes: 4096

[2020-01-21T08:14:03-08:00]
rchar: 211796807361
wchar: 64388160638
syscr: 25641200
syscw: 2186162
read_bytes: 26116569600
write_bytes: 64394686464
cancelled_write_bytes: 4096

[2020-01-21T08:14:06-08:00]
rchar: 213206227714
wchar: 64820770288
syscr: 25812050
syscw: 2199406
read_bytes: 26190883328
write_bytes: 64827338752
cancelled_write_bytes: 4096

[2020-01-21T08:14:09-08:00]
rchar: 214731408151
wchar: 65300665327
syscr: 25996948
syscw: 2213846
read_bytes: 26269694464
write_bytes: 65307287552
cancelled_write_bytes: 4096

[2020-01-21T08:14:12-08:00]
rchar: 215607199107
wchar: 65562079334
syscr: 26103126
syscw: 2221994
read_bytes: 26316933632
write_bytes: 65568722944
cancelled_write_bytes: 4096

[2020-01-21T08:14:15-08:00]
rchar: 216648324333
wchar: 66011089860
syscr: 26229258
syscw: 2231909
read_bytes: 26365315584
write_bytes: 66017796096
cancelled_write_bytes: 4096

[2020-01-21T08:14:18-08:00]
rchar: 218800725917
wchar: 66344385479
syscr: 26490205
syscw: 2249322
read_bytes: 26525985280
write_bytes: 66351263744
cancelled_write_bytes: 4096

[2020-01-21T08:14:21-08:00]
rchar: 220292652570
wchar: 66580016152
syscr: 26671087
syscw: 2262099
read_bytes: 26638842368
write_bytes: 66587451392
cancelled_write_bytes: 4096

[2020-01-21T08:14:24-08:00]
rchar: 221402627790
wchar: 66857879300
syscr: 26805586
syscw: 2271907
read_bytes: 26717448704
write_bytes: 66864672768
cancelled_write_bytes: 4096

[2020-01-21T08:14:27-08:00]
rchar: 223650137517
wchar: 67325643556
syscr: 27078070
syscw: 2288207
read_bytes: 26828872192
write_bytes: 67332460544
cancelled_write_bytes: 4096

[2020-01-21T08:14:30-08:00]
rchar: 225869326332
wchar: 67934576739
syscr: 27347150
syscw: 2304700
read_bytes: 26911046144
write_bytes: 67941433344
cancelled_write_bytes: 4096

[2020-01-21T08:14:33-08:00]
rchar: 226184878286
wchar: 68166642049
syscr: 27385412
syscw: 2307632
read_bytes: 26922818048
write_bytes: 68173508608
cancelled_write_bytes: 4096

[2020-01-21T08:14:36-08:00]
rchar: 228123358166
wchar: 68656131950
syscr: 27619838
syscw: 2322807
read_bytes: 27002604032
write_bytes: 68663054336
cancelled_write_bytes: 4096

[2020-01-21T08:14:39-08:00]
rchar: 229333505963
wchar: 69042584675
syscr: 27766544
syscw: 2336229
read_bytes: 27073747456
write_bytes: 69049540608
cancelled_write_bytes: 4096

[2020-01-21T08:14:42-08:00]
rchar: 230538115479
wchar: 69448243041
syscr: 27912569
syscw: 2349214
read_bytes: 27146254848
write_bytes: 69455241216
cancelled_write_bytes: 4096

[2020-01-21T08:14:46-08:00]
rchar: 231035293336
wchar: 69786567662
syscr: 27972774
syscw: 2355265
read_bytes: 27172817408
write_bytes: 69793607680
cancelled_write_bytes: 4096

[2020-01-21T08:14:49-08:00]
rchar: 232687475723
wchar: 70219604500
syscr: 28173051
syscw: 2370454
read_bytes: 27258427904
write_bytes: 70226694144
cancelled_write_bytes: 4096

[2020-01-21T08:14:52-08:00]
rchar: 234412227541
wchar: 70686996094
syscr: 28382137
syscw: 2387131
read_bytes: 27347130880
write_bytes: 70694141952
cancelled_write_bytes: 4096

[2020-01-21T08:14:55-08:00]
rchar: 235179936289
wchar: 71028946069
syscr: 28475232
syscw: 2394820
read_bytes: 27382766080
write_bytes: 71037005824
cancelled_write_bytes: 4096

[2020-01-21T08:14:58-08:00]
rchar: 236883982009
wchar: 71552924272
syscr: 28681732
syscw: 2409823
read_bytes: 27456240128
write_bytes: 71560146944
cancelled_write_bytes: 4096

[2020-01-21T08:15:01-08:00]
rchar: 238343988909
wchar: 71940785621
syscr: 28858703
syscw: 2422841
read_bytes: 27520092672
write_bytes: 71948054528
cancelled_write_bytes: 4096

[2020-01-21T08:15:04-08:00]
rchar: 240126331164
wchar: 72399996881
syscr: 29074783
syscw: 2438045
read_bytes: 27598154240
write_bytes: 72407302144
cancelled_write_bytes: 4096

[2020-01-21T08:15:07-08:00]
rchar: 240626997907
wchar: 72683142427
syscr: 29135370
syscw: 2443236
read_bytes: 27620424192
write_bytes: 72690483200
cancelled_write_bytes: 4096

[2020-01-21T08:15:10-08:00]
rchar: 242598159174
wchar: 73267325922
syscr: 29374374
syscw: 2457922
read_bytes: 27686357504
write_bytes: 73275707392
cancelled_write_bytes: 4096

[2020-01-21T08:15:13-08:00]
rchar: 244617479422
wchar: 73829392316
syscr: 29619221
syscw: 2473203
read_bytes: 27757242880
write_bytes: 73836797952
cancelled_write_bytes: 4096

[2020-01-21T08:15:16-08:00]
rchar: 245805029471
wchar: 74209421611
syscr: 29762674
syscw: 2484448
read_bytes: 27812076032
write_bytes: 74216865792
cancelled_write_bytes: 4096

[2020-01-21T08:15:19-08:00]
rchar: 246121664573
wchar: 74537871873
syscr: 29801058
syscw: 2488444
read_bytes: 27829234176
write_bytes: 74545356800
cancelled_write_bytes: 4096

[2020-01-21T08:15:22-08:00]
rchar: 247368219816
wchar: 74913799866
syscr: 29952081
syscw: 2502100
read_bytes: 27899689472
write_bytes: 74922299392
cancelled_write_bytes: 4096

[2020-01-21T08:15:25-08:00]
rchar: 249084578743
wchar: 75404604393
syscr: 30160137
syscw: 2521104
read_bytes: 27999365632
write_bytes: 75412189184
cancelled_write_bytes: 4096

[2020-01-21T08:15:28-08:00]
rchar: 249722055548
wchar: 75633066061
syscr: 30237440
syscw: 2528257
read_bytes: 28033550848
write_bytes: 75640664064
cancelled_write_bytes: 4096

[2020-01-21T08:15:31-08:00]
rchar: 251024888486
wchar: 76157566130
syscr: 30395296
syscw: 2542042
read_bytes: 28098193920
write_bytes: 76165218304
cancelled_write_bytes: 4096

[2020-01-21T08:15:34-08:00]
rchar: 252877822586
wchar: 76650488612
syscr: 30619924
syscw: 2559672
read_bytes: 28187793920
write_bytes: 76658188288
cancelled_write_bytes: 4096

[2020-01-21T08:15:37-08:00]
rchar: 254056352168
wchar: 77004014023
syscr: 30762783
syscw: 2571032
read_bytes: 28241553920
write_bytes: 77011746816
cancelled_write_bytes: 4096

[2020-01-21T08:15:40-08:00]
rchar: 254853752688
wchar: 77439290155
syscr: 30859369
syscw: 2578404
read_bytes: 28272081408
write_bytes: 77447073792
cancelled_write_bytes: 4096

[2020-01-21T08:15:43-08:00]
rchar: 256878291839
wchar: 77921375899
syscr: 31104787
syscw: 2595780
read_bytes: 28355348992
write_bytes: 77929201664
cancelled_write_bytes: 4096

[2020-01-21T08:15:46-08:00]
rchar: 258510902055
wchar: 78310882586
syscr: 31302695
syscw: 2610395
read_bytes: 28422392320
write_bytes: 78318751744
cancelled_write_bytes: 4096

[2020-01-21T08:15:49-08:00]
rchar: 259516868352
wchar: 78757454537
syscr: 31424647
syscw: 2619867
read_bytes: 28462533120
write_bytes: 78765375488
cancelled_write_bytes: 4096

[2020-01-21T08:15:52-08:00]
rchar: 260812274861
wchar: 79105295917
syscr: 31581601
syscw: 2629892
read_bytes: 28505717248
write_bytes: 79114010624
cancelled_write_bytes: 4096

[2020-01-21T08:15:55-08:00]
rchar: 262995146255
wchar: 79737189952
syscr: 31846277
syscw: 2646242
read_bytes: 28575709696
write_bytes: 79745183744
cancelled_write_bytes: 4096

[2020-01-21T08:15:58-08:00]
rchar: 264563267900
wchar: 80278652321
syscr: 32036014
syscw: 2657687
read_bytes: 28632047104
write_bytes: 80286756864
cancelled_write_bytes: 4096

[2020-01-21T08:16:01-08:00]
rchar: 265477859877
wchar: 80933784989
syscr: 32146921
syscw: 2665291
read_bytes: 28687744512
write_bytes: 80941875200
cancelled_write_bytes: 4096

[2020-01-21T08:16:04-08:00]
rchar: 265958445045
wchar: 81275274880
syscr: 32205200
syscw: 2670494
read_bytes: 28735901184
write_bytes: 81283362816
cancelled_write_bytes: 4096

[2020-01-21T08:16:07-08:00]
rchar: 266623165423
wchar: 81798400124
syscr: 32285814
syscw: 2676996
read_bytes: 28802506240
write_bytes: 81806548992
cancelled_write_bytes: 4096

[2020-01-21T08:16:10-08:00]
rchar: 267513693728
wchar: 82422127970
syscr: 32393640
syscw: 2684728
read_bytes: 28892691968
write_bytes: 82430373888
cancelled_write_bytes: 4096

[2020-01-21T08:16:13-08:00]
rchar: 268152368721
wchar: 82798931391
syscr: 32471087
syscw: 2690213
read_bytes: 28955700736
write_bytes: 82807181312
cancelled_write_bytes: 4096

[2020-01-21T08:16:16-08:00]
rchar: 269144983271
wchar: 83401304027
syscr: 32591422
syscw: 2698242
read_bytes: 29057519104
write_bytes: 83409743872
cancelled_write_bytes: 4096

[2020-01-21T08:16:19-08:00]
rchar: 269829243559
wchar: 83789039426
syscr: 32674401
syscw: 2704722
read_bytes: 29125598720
write_bytes: 83797417984
cancelled_write_bytes: 4096

[2020-01-21T08:16:22-08:00]
rchar: 270846167284
wchar: 84418400209
syscr: 32797731
syscw: 2712369
read_bytes: 29232983552
write_bytes: 84426846208
cancelled_write_bytes: 4096

[2020-01-21T08:16:25-08:00]
rchar: 271494442697
wchar: 84796703241
syscr: 32876348
syscw: 2718268
read_bytes: 29302816256
write_bytes: 84805177344
cancelled_write_bytes: 4096

[2020-01-21T08:16:28-08:00]
rchar: 272349731583
wchar: 85300518165
syscr: 32979947
syscw: 2725773
read_bytes: 29405826560
write_bytes: 85309054976
cancelled_write_bytes: 4096

[2020-01-21T08:16:31-08:00]
rchar: 272743698362
wchar: 85548722248
syscr: 33027727
syscw: 2729957
read_bytes: 29456051712
write_bytes: 85557293056
cancelled_write_bytes: 4096

[2020-01-21T08:16:34-08:00]
rchar: 273325885110
wchar: 85946156188
syscr: 33098326
syscw: 2736711
read_bytes: 29526658560
write_bytes: 85954748416
cancelled_write_bytes: 4096

[2020-01-21T08:16:37-08:00]
rchar: 274326908938
wchar: 86494420145
syscr: 33219549
syscw: 2745323
read_bytes: 29663546880
write_bytes: 86503084032
cancelled_write_bytes: 4096

[2020-01-21T08:16:40-08:00]
rchar: 275136259590
wchar: 86864330578
syscr: 33317673
syscw: 2752945
read_bytes: 29780966912
write_bytes: 86873051136
cancelled_write_bytes: 4096

[2020-01-21T08:16:43-08:00]
rchar: 276253088593
wchar: 87358373413
syscr: 33452989
syscw: 2762842
read_bytes: 29973376512
write_bytes: 87367131136
cancelled_write_bytes: 4096

[2020-01-21T08:16:46-08:00]
rchar: 277176881126
wchar: 87760694473
syscr: 33564992
syscw: 2771662
read_bytes: 30114606592
write_bytes: 87769505792
cancelled_write_bytes: 4096

[2020-01-21T08:16:49-08:00]
rchar: 278224786301
wchar: 88200470865
syscr: 33691986
syscw: 2781142
read_bytes: 30286986752
write_bytes: 88209350656
cancelled_write_bytes: 4096

[2020-01-21T08:16:52-08:00]
rchar: 278513073522
wchar: 88404761193
syscr: 33726945
syscw: 2785141
read_bytes: 30323322368
write_bytes: 88413650944
cancelled_write_bytes: 4096

[2020-01-21T08:16:55-08:00]
rchar: 279659116683
wchar: 89016659751
syscr: 33865777
syscw: 2793981
read_bytes: 30421724672
write_bytes: 89025638400
cancelled_write_bytes: 4096

[2020-01-21T08:16:58-08:00]
rchar: 280559920008
wchar: 89255927230
syscr: 33974844
syscw: 2802227
read_bytes: 30508498432
write_bytes: 89264947200
cancelled_write_bytes: 4096

[2020-01-21T08:17:01-08:00]
rchar: 282509045695
wchar: 89691655328
syscr: 34211025
syscw: 2818549
read_bytes: 30683848192
write_bytes: 89701523456
cancelled_write_bytes: 4096

[2020-01-21T08:17:04-08:00]
rchar: 283501318033
wchar: 89897719288
syscr: 34331301
syscw: 2826620
read_bytes: 30724021760
write_bytes: 89906827264
cancelled_write_bytes: 4096

[2020-01-21T08:17:07-08:00]
rchar: 284800861769
wchar: 90325913722
syscr: 34488767
syscw: 2836979
read_bytes: 30762434048
write_bytes: 90335293440
cancelled_write_bytes: 4096

[2020-01-21T08:17:10-08:00]
rchar: 286387692958
wchar: 90766602987
syscr: 34681172
syscw: 2849358
read_bytes: 30805646848
write_bytes: 90775781376
cancelled_write_bytes: 4096

[2020-01-21T08:17:13-08:00]
rchar: 288632424747
wchar: 91342267706
syscr: 34953347
syscw: 2866579
read_bytes: 30868925952
write_bytes: 91351478272
cancelled_write_bytes: 4096

[2020-01-21T08:17:16-08:00]
rchar: 289219235413
wchar: 91551391558
syscr: 35024018
syscw: 2872469
read_bytes: 30891204096
write_bytes: 91560624128
cancelled_write_bytes: 4096

[2020-01-21T08:17:19-08:00]
rchar: 290333461616
wchar: 92074521953
syscr: 35159020
syscw: 2885539
read_bytes: 30943297024
write_bytes: 92083818496
cancelled_write_bytes: 4096

[2020-01-21T08:17:22-08:00]
rchar: 291435394929
wchar: 92437022402
syscr: 35292586
syscw: 2898297
read_bytes: 30990806528
write_bytes: 92446965760
cancelled_write_bytes: 4096

[2020-01-21T08:17:25-08:00]
rchar: 292915382622
wchar: 92893688647
syscr: 35472007
syscw: 2914651
read_bytes: 31058611712
write_bytes: 92903071744
cancelled_write_bytes: 4096

[2020-01-21T08:17:28-08:00]
rchar: 293226200671
wchar: 93163258877
syscr: 35509615
syscw: 2919101
read_bytes: 31072579072
write_bytes: 93172662272
cancelled_write_bytes: 4096

[2020-01-21T08:17:31-08:00]
rchar: 295260514326
wchar: 93670843817
syscr: 35756250
syscw: 2938924
read_bytes: 31149878784
write_bytes: 93680312320
cancelled_write_bytes: 4096

[2020-01-21T08:17:34-08:00]
rchar: 297029180424
wchar: 94152432320
syscr: 35970644
syscw: 2956726
read_bytes: 31219154432
write_bytes: 94161952768
cancelled_write_bytes: 4096

[2020-01-21T08:17:37-08:00]
rchar: 297530410947
wchar: 94476498278
syscr: 36031424
syscw: 2962877
read_bytes: 31237090816
write_bytes: 94486036480
cancelled_write_bytes: 4096

[2020-01-21T08:17:40-08:00]
rchar: 298935067447
wchar: 94826814904
syscr: 36201609
syscw: 2975570
read_bytes: 31281683968
write_bytes: 94836408320
cancelled_write_bytes: 4096

[2020-01-21T08:17:43-08:00]
rchar: 301148630431
wchar: 95377725721
syscr: 36469957
syscw: 2994769
read_bytes: 31353257472
write_bytes: 95387385856
cancelled_write_bytes: 4096

[2020-01-21T08:17:46-08:00]
rchar: 302127337216
wchar: 95628608481
syscr: 36588632
syscw: 3003187
read_bytes: 31385341440
write_bytes: 95638282240
cancelled_write_bytes: 4096

[2020-01-21T08:17:49-08:00]
rchar: 303027127473
wchar: 96012767282
syscr: 36697608
syscw: 3011982
read_bytes: 31412362752
write_bytes: 96022478848
cancelled_write_bytes: 4096

[2020-01-21T08:17:52-08:00]
rchar: 304998218395
wchar: 96533415285
syscr: 36936606
syscw: 3026536
read_bytes: 31464697344
write_bytes: 96543178752
cancelled_write_bytes: 4096

[2020-01-21T08:17:55-08:00]
rchar: 306627699048
wchar: 96971826477
syscr: 37134184
syscw: 3039525
read_bytes: 31507783168
write_bytes: 96981610496
cancelled_write_bytes: 4096

[2020-01-21T08:17:58-08:00]
rchar: 308065286623
wchar: 97353053958
syscr: 37307965
syscw: 3050170
read_bytes: 31545773568
write_bytes: 97362870272
cancelled_write_bytes: 4096

[2020-01-21T08:18:01-08:00]
rchar: 308829057670
wchar: 97775696004
syscr: 37400478
syscw: 3061446
read_bytes: 31582682624
write_bytes: 97785548800
cancelled_write_bytes: 4096

[2020-01-21T08:18:04-08:00]
rchar: 310641233133
wchar: 98281819202
syscr: 37620164
syscw: 3082245
read_bytes: 31660281344
write_bytes: 98291728384
cancelled_write_bytes: 4096

[2020-01-21T08:18:07-08:00]
rchar: 311617782671
wchar: 98610086241
syscr: 37738566
syscw: 3093694
read_bytes: 31699148288
write_bytes: 98620022784
cancelled_write_bytes: 4096

[2020-01-21T08:18:10-08:00]
rchar: 312735449997
wchar: 99112097292
syscr: 37873974
syscw: 3105507
read_bytes: 31738887680
write_bytes: 99122089984
cancelled_write_bytes: 4096

[2020-01-21T08:18:13-08:00]
rchar: 314069026240
wchar: 99477885706
syscr: 38035628
syscw: 3118935
read_bytes: 31785623040
write_bytes: 99487916032
cancelled_write_bytes: 4096

[2020-01-21T08:18:16-08:00]
rchar: 315977758745
wchar: 99982712524
syscr: 38267015
syscw: 3136975
read_bytes: 31855091200
write_bytes: 99992793088
cancelled_write_bytes: 4096

[2020-01-21T08:18:19-08:00]
rchar: 316352552590
wchar: 100215883489
syscr: 38312462
syscw: 3141643
read_bytes: 31869861376
write_bytes: 100225970176
cancelled_write_bytes: 4096

[2020-01-21T08:18:22-08:00]
rchar: 318328574798
wchar: 100662796400
syscr: 38551963
syscw: 3159236
read_bytes: 31931002368
write_bytes: 100672954368
cancelled_write_bytes: 4096

[2020-01-21T08:18:25-08:00]
rchar: 320229272663
wchar: 101053619371
syscr: 38782342
syscw: 3176192
read_bytes: 31999454720
write_bytes: 101063811072
cancelled_write_bytes: 4096

[2020-01-21T08:18:28-08:00]
rchar: 321070641360
wchar: 101320876919
syscr: 38884360
syscw: 3184485
read_bytes: 32042954240
write_bytes: 101331070976
cancelled_write_bytes: 4096

[2020-01-21T08:18:31-08:00]
rchar: 323183713412
wchar: 101568319369
syscr: 39140493
syscw: 3200005
read_bytes: 32137608704
write_bytes: 101578543104
cancelled_write_bytes: 4096

[2020-01-21T08:18:34-08:00]
rchar: 324946700852
wchar: 101949526569
syscr: 39354230
syscw: 3213432
read_bytes: 32193494528
write_bytes: 101960511488
cancelled_write_bytes: 4096

[2020-01-21T08:18:37-08:00]
rchar: 326215327035
wchar: 102335583465
syscr: 39508055
syscw: 3222977
read_bytes: 32221982208
write_bytes: 102345859072
cancelled_write_bytes: 4096

[2020-01-21T08:18:40-08:00]
rchar: 327053581715
wchar: 102742997136
syscr: 39609613
syscw: 3229670
read_bytes: 32240893440
write_bytes: 102753300480
cancelled_write_bytes: 4096

[2020-01-21T08:18:43-08:00]
rchar: 329509046075
wchar: 103471418074
syscr: 39906815
syscw: 3246328
read_bytes: 32303422976
write_bytes: 103481831424
cancelled_write_bytes: 4096

[2020-01-21T08:18:46-08:00]
rchar: 330280707003
wchar: 103954526740
syscr: 40000386
syscw: 3253038
read_bytes: 32343141888
write_bytes: 103964934144
cancelled_write_bytes: 4096

[2020-01-21T08:18:49-08:00]
rchar: 331009367422
wchar: 104382300649
syscr: 40088716
syscw: 3259631
read_bytes: 32385154560
write_bytes: 104392720384
cancelled_write_bytes: 4096

[2020-01-21T08:18:52-08:00]
rchar: 332021480278
wchar: 105000016673
syscr: 40211454
syscw: 3268060
read_bytes: 32445869568
write_bytes: 105010524160
cancelled_write_bytes: 4096

[2020-01-21T08:18:55-08:00]
rchar: 332665574596
wchar: 105349188206
syscr: 40289436
syscw: 3274493
read_bytes: 32495144448
write_bytes: 105359773696
cancelled_write_bytes: 4096

[2020-01-21T08:18:58-08:00]
rchar: 333124071930
wchar: 105616504381
syscr: 40345038
syscw: 3278973
read_bytes: 32528023040
write_bytes: 105628147712
cancelled_write_bytes: 4096

[2020-01-21T08:19:01-08:00]
rchar: 334022866830
wchar: 106215848045
syscr: 40454032
syscw: 3287987
read_bytes: 32594714112
write_bytes: 106226470912
cancelled_write_bytes: 4096

[2020-01-21T08:19:04-08:00]
rchar: 334665549690
wchar: 106633768162
syscr: 40531891
syscw: 3294362
read_bytes: 32643304960
write_bytes: 106644422656
cancelled_write_bytes: 4096

[2020-01-21T08:19:07-08:00]
rchar: 335635730182
wchar: 107113636480
syscr: 40649537
syscw: 3302555
read_bytes: 32717671936
write_bytes: 107124338688
cancelled_write_bytes: 4096

[2020-01-21T08:19:10-08:00]
rchar: 336719402144
wchar: 107673182671
syscr: 40780961
syscw: 3311184
read_bytes: 32796782080
write_bytes: 107684245504
cancelled_write_bytes: 4096

[2020-01-21T08:19:13-08:00]
rchar: 337583567654
wchar: 108097625981
syscr: 40885734
syscw: 3319093
read_bytes: 32860622336
write_bytes: 108108488704
cancelled_write_bytes: 4096

[2020-01-21T08:19:16-08:00]
rchar: 338696656269
wchar: 108675207548
syscr: 41020678
syscw: 3328060
read_bytes: 32947269120
write_bytes: 108686524416
cancelled_write_bytes: 4096

[2020-01-21T08:19:19-08:00]
rchar: 339507786553
wchar: 109066635827
syscr: 41118997
syscw: 3335327
read_bytes: 33010941440
write_bytes: 109077540864
cancelled_write_bytes: 4096

[2020-01-21T08:19:22-08:00]
rchar: 340232401517
wchar: 109462441228
syscr: 41206867
syscw: 3342099
read_bytes: 33063542272
write_bytes: 109473374208
cancelled_write_bytes: 4096

[2020-01-21T08:19:25-08:00]
rchar: 341012592629
wchar: 109912809695
syscr: 41301320
syscw: 3349708
read_bytes: 33126174208
write_bytes: 109923799040
cancelled_write_bytes: 4096

[2020-01-21T08:19:28-08:00]
rchar: 341888505485
wchar: 110328042379
syscr: 41407451
syscw: 3357415
read_bytes: 33192713728
write_bytes: 110339051520
cancelled_write_bytes: 4096

[2020-01-21T08:19:31-08:00]
rchar: 343040410664
wchar: 110856079066
syscr: 41547080
syscw: 3366123
read_bytes: 33285332480
write_bytes: 110867197952
cancelled_write_bytes: 4096

[2020-01-21T08:19:34-08:00]
rchar: 344276209843
wchar: 111382523568
syscr: 41696887
syscw: 3376160
read_bytes: 33398779392
write_bytes: 111393685504
cancelled_write_bytes: 4096

[2020-01-21T08:19:37-08:00]
rchar: 345518686298
wchar: 111878888686
syscr: 41847553
syscw: 3386556
read_bytes: 33524346368
write_bytes: 111890096128
cancelled_write_bytes: 4096

[2020-01-21T08:19:40-08:00]
rchar: 346391336981
wchar: 112227707650
syscr: 41953350
syscw: 3394279
read_bytes: 33603571200
write_bytes: 112238952448
cancelled_write_bytes: 4096

[2020-01-21T08:19:43-08:00]
rchar: 347165036744
wchar: 112651564711
syscr: 42047171
syscw: 3402216
read_bytes: 33668218368
write_bytes: 112662843392
cancelled_write_bytes: 4096

[2020-01-21T08:19:46-08:00]
rchar: 348286237137
wchar: 113049704339
syscr: 42183050
syscw: 3411217
read_bytes: 33764498944
write_bytes: 113061040128
cancelled_write_bytes: 4096

[2020-01-21T08:19:49-08:00]
rchar: 349766656156
wchar: 113580906897
syscr: 42362480
syscw: 3421987
read_bytes: 33909067264
write_bytes: 113592291328
cancelled_write_bytes: 4096

[2020-01-21T08:19:52-08:00]
rchar: 351105944196
wchar: 114059113129
syscr: 42524881
syscw: 3432849
read_bytes: 34013625856
write_bytes: 114070519808
cancelled_write_bytes: 4096

[2020-01-21T08:19:55-08:00]
rchar: 352491823378
wchar: 114520704849
syscr: 42692777
syscw: 3443368
read_bytes: 34143568384
write_bytes: 114532208640
cancelled_write_bytes: 4096

[2020-01-21T08:19:58-08:00]
rchar: 353379353645
wchar: 114809425580
syscr: 42800305
syscw: 3451366
read_bytes: 34215010816
write_bytes: 114820968448
cancelled_write_bytes: 4096

[2020-01-21T08:20:01-08:00]
rchar: 354810563682
wchar: 115233600973
syscr: 42973758
syscw: 3463740
read_bytes: 34318926336
write_bytes: 115245154304
cancelled_write_bytes: 4096

[2020-01-21T08:20:04-08:00]
rchar: 356862597099
wchar: 115756593925
syscr: 43222501
syscw: 3478160
read_bytes: 34463699456
write_bytes: 115768221696
cancelled_write_bytes: 4096

[2020-01-21T08:20:07-08:00]
rchar: 358712532554
wchar: 116118256478
syscr: 43446587
syscw: 3492127
read_bytes: 34571944448
write_bytes: 116129943552
cancelled_write_bytes: 4096

[2020-01-21T08:20:10-08:00]
rchar: 360387545045
wchar: 116408638472
syscr: 43649410
syscw: 3505554
read_bytes: 34617954816
write_bytes: 116420403200
cancelled_write_bytes: 4096

[2020-01-21T08:20:13-08:00]
rchar: 363100412839
wchar: 116784383326
syscr: 43978336
syscw: 3524540
read_bytes: 34664219136
write_bytes: 116796166144
cancelled_write_bytes: 4096

[2020-01-21T08:20:16-08:00]
rchar: 365821354988
wchar: 117353752443
syscr: 44308244
syscw: 3542074
read_bytes: 34706973184
write_bytes: 117365575680
cancelled_write_bytes: 4096

[2020-01-21T08:20:19-08:00]
rchar: 366432911428
wchar: 117660611878
syscr: 44382395
syscw: 3546933
read_bytes: 34716881408
write_bytes: 117672443904
cancelled_write_bytes: 4096

[2020-01-21T08:20:22-08:00]
rchar: 369295856499
wchar: 118184414105
syscr: 44729433
syscw: 3564551
read_bytes: 34758631936
write_bytes: 118196289536
cancelled_write_bytes: 4096

[2020-01-21T08:20:25-08:00]
rchar: 371075307901
wchar: 118814941636
syscr: 44944586
syscw: 3577870
read_bytes: 34804335104
write_bytes: 118826881024
cancelled_write_bytes: 4096

[2020-01-21T08:20:28-08:00]
rchar: 371800673249
wchar: 119237497807
syscr: 45032536
syscw: 3584854
read_bytes: 34833035776
write_bytes: 119249469440
cancelled_write_bytes: 4096

[2020-01-21T08:20:31-08:00]
rchar: 372788292418
wchar: 119829086653
syscr: 45152273
syscw: 3593785
read_bytes: 34871230976
write_bytes: 119841103872
cancelled_write_bytes: 4096

[2020-01-21T08:20:34-08:00]
rchar: 373211094246
wchar: 120073660227
syscr: 45203496
syscw: 3598722
read_bytes: 34889830912
write_bytes: 120085745664
cancelled_write_bytes: 4096

[2020-01-21T08:20:37-08:00]
rchar: 373831991337
wchar: 120512028233
syscr: 45278787
syscw: 3604980
read_bytes: 34915127808
write_bytes: 120524111872
cancelled_write_bytes: 4096

[2020-01-21T08:20:40-08:00]
rchar: 374682701589
wchar: 121061724485
syscr: 45381780
syscw: 3613125
read_bytes: 34947371520
write_bytes: 121073893376
cancelled_write_bytes: 4096

[2020-01-21T08:20:43-08:00]
rchar: 375616749852
wchar: 121558715475
syscr: 45494967
syscw: 3621457
read_bytes: 34981298688
write_bytes: 121570963456
cancelled_write_bytes: 4096

[2020-01-21T08:20:46-08:00]
rchar: 376585513641
wchar: 121853922870
syscr: 45612370
syscw: 3632232
read_bytes: 35060175360
write_bytes: 121866829824
cancelled_write_bytes: 4096

[2020-01-21T08:20:49-08:00]
rchar: 378126704591
wchar: 122325739539
syscr: 45799249
syscw: 3647082
read_bytes: 35203457536
write_bytes: 122338062336
cancelled_write_bytes: 4096

[2020-01-21T08:20:52-08:00]
rchar: 378881140929
wchar: 122714037773
syscr: 45890659
syscw: 3656604
read_bytes: 35250086400
write_bytes: 122726428672
cancelled_write_bytes: 4096

[2020-01-21T08:20:55-08:00]
rchar: 380229719994
wchar: 123123177434
syscr: 46054183
syscw: 3668425
read_bytes: 35338121728
write_bytes: 123135582208
cancelled_write_bytes: 4096

[2020-01-21T08:20:58-08:00]
rchar: 382111495746
wchar: 123619616851
syscr: 46282368
syscw: 3684618
read_bytes: 35485540864
write_bytes: 123632545792
cancelled_write_bytes: 4096

[2020-01-21T08:21:01-08:00]
rchar: 383508990708
wchar: 123971233952
syscr: 46451779
syscw: 3696960
read_bytes: 35590115840
write_bytes: 123983708160
cancelled_write_bytes: 4096

[2020-01-21T08:21:04-08:00]
rchar: 384332393124
wchar: 124303730176
syscr: 46551542
syscw: 3705825
read_bytes: 35637772800
write_bytes: 124316262400
cancelled_write_bytes: 4096

[2020-01-21T08:21:07-08:00]
rchar: 386438908258
wchar: 124768373782
syscr: 46806927
syscw: 3721659
read_bytes: 35773997568
write_bytes: 124780904448
cancelled_write_bytes: 4096

[2020-01-21T08:21:10-08:00]
rchar: 388234132973
wchar: 125153805979
syscr: 47024393
syscw: 3737432
read_bytes: 35885175296
write_bytes: 125166440448
cancelled_write_bytes: 4096

[2020-01-21T08:21:14-08:00]
rchar: 388334632743
wchar: 125159317961
syscr: 47036538
syscw: 3738922
read_bytes: 35887174144
write_bytes: 125171974144
cancelled_write_bytes: 4096

[2020-01-21T08:21:17-08:00]
rchar: 388334632743
wchar: 125159317961
syscr: 47036538
syscw: 3738922
read_bytes: 35887174144
write_bytes: 125171974144
cancelled_write_bytes: 4096

[2020-01-21T08:21:20-08:00]
rchar: 388334632743
wchar: 125159317961
syscr: 47036538
syscw: 3738922
read_bytes: 35887174144
write_bytes: 125171974144
cancelled_write_bytes: 4096

[2020-01-21T08:21:23-08:00]
rchar: 388334632743
wchar: 125159317961
syscr: 47036538
syscw: 3738922
read_bytes: 35887174144
write_bytes: 125171974144
cancelled_write_bytes: 4096

