[2020-01-21T09:34:10-08:00]
rchar: 16583888
wchar: 209
syscr: 2824
syscw: 10
read_bytes: 708608
write_bytes: 53248
cancelled_write_bytes: 0

[2020-01-21T09:34:13-08:00]
rchar: 16583888
wchar: 209
syscr: 2824
syscw: 10
read_bytes: 708608
write_bytes: 53248
cancelled_write_bytes: 0

[2020-01-21T09:34:16-08:00]
rchar: 16583888
wchar: 209
syscr: 2824
syscw: 10
read_bytes: 708608
write_bytes: 53248
cancelled_write_bytes: 0

[2020-01-21T09:34:19-08:00]
rchar: 16583888
wchar: 209
syscr: 2824
syscw: 10
read_bytes: 708608
write_bytes: 53248
cancelled_write_bytes: 0

[2020-01-21T09:34:22-08:00]
rchar: 16583888
wchar: 209
syscr: 2824
syscw: 10
read_bytes: 708608
write_bytes: 61440
cancelled_write_bytes: 0

[2020-01-21T09:34:25-08:00]
rchar: 16583888
wchar: 209
syscr: 2824
syscw: 10
read_bytes: 708608
write_bytes: 61440
cancelled_write_bytes: 0

[2020-01-21T09:34:28-08:00]
rchar: 16583888
wchar: 209
syscr: 2824
syscw: 10
read_bytes: 708608
write_bytes: 61440
cancelled_write_bytes: 0

[2020-01-21T09:34:31-08:00]
rchar: 16583888
wchar: 209
syscr: 2824
syscw: 10
read_bytes: 708608
write_bytes: 69632
cancelled_write_bytes: 0

[2020-01-21T09:34:34-08:00]
rchar: 16583888
wchar: 209
syscr: 2824
syscw: 10
read_bytes: 708608
write_bytes: 69632
cancelled_write_bytes: 0

[2020-01-21T09:34:37-08:00]
rchar: 16926717
wchar: 209
syscr: 3026
syscw: 10
read_bytes: 761856
write_bytes: 94208
cancelled_write_bytes: 0

[2020-01-21T09:34:40-08:00]
rchar: 350889828
wchar: 227457720
syscr: 16931
syscw: 2947
read_bytes: 356465152
write_bytes: 227577856
cancelled_write_bytes: 0

[2020-01-21T09:34:43-08:00]
rchar: 830446606
wchar: 402007793
syscr: 75092
syscw: 34561
read_bytes: 1036945920
write_bytes: 402132992
cancelled_write_bytes: 0

[2020-01-21T09:34:46-08:00]
rchar: 1065823596
wchar: 666745726
syscr: 103639
syscw: 48887
read_bytes: 1366239744
write_bytes: 666877952
cancelled_write_bytes: 0

[2020-01-21T09:34:49-08:00]
rchar: 1439017436
wchar: 869937703
syscr: 148810
syscw: 55323
read_bytes: 1500719616
write_bytes: 870100992
cancelled_write_bytes: 0

[2020-01-21T09:34:52-08:00]
rchar: 2162565421
wchar: 1181126464
syscr: 236553
syscw: 70555
read_bytes: 2022599168
write_bytes: 1181319168
cancelled_write_bytes: 0

[2020-01-21T09:34:55-08:00]
rchar: 2912208801
wchar: 1504255317
syscr: 327458
syscw: 86652
read_bytes: 2562804224
write_bytes: 1504464896
cancelled_write_bytes: 0

[2020-01-21T09:34:58-08:00]
rchar: 3300162830
wchar: 1826112335
syscr: 374421
syscw: 93915
read_bytes: 2799147520
write_bytes: 1826369536
cancelled_write_bytes: 0

[2020-01-21T09:35:01-08:00]
rchar: 4327570833
wchar: 2175758211
syscr: 499003
syscw: 109452
read_bytes: 3298699776
write_bytes: 2176036864
cancelled_write_bytes: 0

[2020-01-21T09:35:04-08:00]
rchar: 5343689317
wchar: 2450846420
syscr: 621695
syscw: 125940
read_bytes: 3623459328
write_bytes: 2451193856
cancelled_write_bytes: 0

[2020-01-21T09:35:07-08:00]
rchar: 6084373000
wchar: 2701160853
syscr: 711422
syscw: 138413
read_bytes: 3860535808
write_bytes: 2701524992
cancelled_write_bytes: 0

[2020-01-21T09:35:10-08:00]
rchar: 7880565215
wchar: 2867191434
syscr: 929204
syscw: 163430
read_bytes: 4358330880
write_bytes: 2867556352
cancelled_write_bytes: 0

[2020-01-21T09:35:13-08:00]
rchar: 8730864974
wchar: 3113664268
syscr: 1032219
syscw: 175026
read_bytes: 4572764672
write_bytes: 3114045440
cancelled_write_bytes: 0

[2020-01-21T09:35:16-08:00]
rchar: 11023717533
wchar: 3282804188
syscr: 1310217
syscw: 201528
read_bytes: 5063383552
write_bytes: 3283189760
cancelled_write_bytes: 0

[2020-01-21T09:35:19-08:00]
rchar: 11961477890
wchar: 3560440459
syscr: 1423835
syscw: 212486
read_bytes: 5249112576
write_bytes: 3561807872
cancelled_write_bytes: 0

[2020-01-21T09:35:22-08:00]
rchar: 13391688612
wchar: 3996545191
syscr: 1597244
syscw: 223602
read_bytes: 5424916992
write_bytes: 3996979200
cancelled_write_bytes: 0

[2020-01-21T09:35:25-08:00]
rchar: 14512579013
wchar: 4350735967
syscr: 1733150
syscw: 232331
read_bytes: 5560281600
write_bytes: 4351197184
cancelled_write_bytes: 0

[2020-01-21T09:35:28-08:00]
rchar: 15879262866
wchar: 4861977969
syscr: 1898363
syscw: 243291
read_bytes: 5733001728
write_bytes: 4862504960
cancelled_write_bytes: 0

[2020-01-21T09:35:31-08:00]
rchar: 16396256088
wchar: 5181075434
syscr: 1961062
syscw: 254626
read_bytes: 5926844928
write_bytes: 5181665280
cancelled_write_bytes: 0

[2020-01-21T09:35:34-08:00]
rchar: 17170769538
wchar: 5494068443
syscr: 2054897
syscw: 266508
read_bytes: 6186801664
write_bytes: 5494743040
cancelled_write_bytes: 0

[2020-01-21T09:35:37-08:00]
rchar: 18237778975
wchar: 5766282938
syscr: 2184260
syscw: 283788
read_bytes: 6583671296
write_bytes: 5766991872
cancelled_write_bytes: 0

[2020-01-21T09:35:40-08:00]
rchar: 18768855876
wchar: 5940183251
syscr: 2248657
syscw: 294111
read_bytes: 6762498560
write_bytes: 5940895744
cancelled_write_bytes: 0

[2020-01-21T09:35:43-08:00]
rchar: 19667838033
wchar: 6089922973
syscr: 2357573
syscw: 306115
read_bytes: 6977452544
write_bytes: 6090657792
cancelled_write_bytes: 0

[2020-01-21T09:35:46-08:00]
rchar: 21365853490
wchar: 6249412600
syscr: 2563460
syscw: 328967
read_bytes: 7388408320
write_bytes: 6250147840
cancelled_write_bytes: 0

[2020-01-21T09:35:49-08:00]
rchar: 22355701583
wchar: 6498134572
syscr: 2683393
syscw: 341162
read_bytes: 7583713792
write_bytes: 6498889728
cancelled_write_bytes: 0

[2020-01-21T09:35:52-08:00]
rchar: 24511281011
wchar: 6658853852
syscr: 2944752
syscw: 364399
read_bytes: 7991081472
write_bytes: 6659608576
cancelled_write_bytes: 0

[2020-01-21T09:35:55-08:00]
rchar: 25427462667
wchar: 7015401858
syscr: 3055757
syscw: 373927
read_bytes: 8125209088
write_bytes: 7016181760
cancelled_write_bytes: 0

[2020-01-21T09:35:58-08:00]
rchar: 27010267173
wchar: 7533652673
syscr: 3247674
syscw: 386011
read_bytes: 8290564608
write_bytes: 7534477312
cancelled_write_bytes: 0

[2020-01-21T09:36:01-08:00]
rchar: 28533028111
wchar: 8074616220
syscr: 3432313
syscw: 397514
read_bytes: 8444492288
write_bytes: 8075485184
cancelled_write_bytes: 0

[2020-01-21T09:36:04-08:00]
rchar: 29359040131
wchar: 8380225807
syscr: 3531968
syscw: 410137
read_bytes: 8659765760
write_bytes: 8381124608
cancelled_write_bytes: 0

[2020-01-21T09:36:07-08:00]
rchar: 29730027854
wchar: 8692820749
syscr: 3576860
syscw: 417027
read_bytes: 8774953472
write_bytes: 8693755904
cancelled_write_bytes: 0

[2020-01-21T09:36:10-08:00]
rchar: 30870905984
wchar: 9092655856
syscr: 3715176
syscw: 431431
read_bytes: 8996059648
write_bytes: 9094324224
cancelled_write_bytes: 0

[2020-01-21T09:36:13-08:00]
rchar: 31951862007
wchar: 9403417937
syscr: 3846234
syscw: 447046
read_bytes: 9347832320
write_bytes: 9404440576
cancelled_write_bytes: 0

[2020-01-21T09:36:16-08:00]
rchar: 32498331350
wchar: 9792032421
syscr: 3912482
syscw: 454686
read_bytes: 9465190912
write_bytes: 9793097728
cancelled_write_bytes: 0

[2020-01-21T09:36:19-08:00]
rchar: 33849284849
wchar: 10103197348
syscr: 4076209
syscw: 470720
read_bytes: 9821919744
write_bytes: 10104287232
cancelled_write_bytes: 0

[2020-01-21T09:36:22-08:00]
rchar: 34942894986
wchar: 10359483257
syscr: 4208792
syscw: 484166
read_bytes: 10119010816
write_bytes: 10360606720
cancelled_write_bytes: 0

[2020-01-21T09:36:25-08:00]
rchar: 35743774624
wchar: 10602585452
syscr: 4305881
syscw: 494519
read_bytes: 10332465664
write_bytes: 10604634112
cancelled_write_bytes: 0

[2020-01-21T09:36:28-08:00]
rchar: 37539800162
wchar: 10836652633
syscr: 4523561
syscw: 513863
read_bytes: 10629630464
write_bytes: 10837819392
cancelled_write_bytes: 0

[2020-01-21T09:36:31-08:00]
rchar: 39078847335
wchar: 10951508471
syscr: 4710168
syscw: 530577
read_bytes: 10882243072
write_bytes: 10952695808
cancelled_write_bytes: 0

[2020-01-21T09:36:34-08:00]
rchar: 40455721144
wchar: 11521845238
syscr: 4877032
syscw: 542517
read_bytes: 11022993920
write_bytes: 11523063808
cancelled_write_bytes: 0

[2020-01-21T09:36:37-08:00]
rchar: 42041068306
wchar: 12068677592
syscr: 5069260
syscw: 554364
read_bytes: 11165661696
write_bytes: 12069937152
cancelled_write_bytes: 0

[2020-01-21T09:36:40-08:00]
rchar: 43503834157
wchar: 12561727112
syscr: 5246100
syscw: 568249
read_bytes: 11344398848
write_bytes: 12563034112
cancelled_write_bytes: 0

[2020-01-21T09:36:43-08:00]
rchar: 43984655084
wchar: 12809948868
syscr: 5304395
syscw: 575191
read_bytes: 11431205376
write_bytes: 12811284480
cancelled_write_bytes: 0

[2020-01-21T09:36:46-08:00]
rchar: 44622659997
wchar: 13222715188
syscr: 5381663
syscw: 583970
read_bytes: 11541125632
write_bytes: 13224116224
cancelled_write_bytes: 0

[2020-01-21T09:36:49-08:00]
rchar: 45846994543
wchar: 13568395776
syscr: 5530100
syscw: 600279
read_bytes: 11839748608
write_bytes: 13569818624
cancelled_write_bytes: 0

[2020-01-21T09:36:52-08:00]
rchar: 46964570970
wchar: 13940868529
syscr: 5665593
syscw: 614864
read_bytes: 12071426560
write_bytes: 13942329344
cancelled_write_bytes: 0

[2020-01-21T09:36:55-08:00]
rchar: 47497857881
wchar: 14323088030
syscr: 5730153
syscw: 621169
read_bytes: 12142963200
write_bytes: 14324588544
cancelled_write_bytes: 0

[2020-01-21T09:36:58-08:00]
rchar: 48597671789
wchar: 14580998462
syscr: 5863489
syscw: 634146
read_bytes: 12367014400
write_bytes: 14582530048
cancelled_write_bytes: 0

[2020-01-21T09:37:01-08:00]
rchar: 50042045135
wchar: 14889740797
syscr: 6038597
syscw: 650628
read_bytes: 12685490688
write_bytes: 14891319296
cancelled_write_bytes: 0

[2020-01-21T09:37:04-08:00]
rchar: 50637344021
wchar: 15292801911
syscr: 6110760
syscw: 656974
read_bytes: 12757989888
write_bytes: 15294435328
cancelled_write_bytes: 0

[2020-01-21T09:37:07-08:00]
rchar: 52878954427
wchar: 15453029664
syscr: 6382467
syscw: 679735
read_bytes: 13081152000
write_bytes: 15454666752
cancelled_write_bytes: 0

[2020-01-21T09:37:10-08:00]
rchar: 54259929791
wchar: 15668887089
syscr: 6549909
syscw: 694526
read_bytes: 13282716160
write_bytes: 15670530048
cancelled_write_bytes: 0

[2020-01-21T09:37:13-08:00]
rchar: 55727406345
wchar: 16193622029
syscr: 6727760
syscw: 706293
read_bytes: 13406046720
write_bytes: 16195301376
cancelled_write_bytes: 0

[2020-01-21T09:37:16-08:00]
rchar: 56695970917
wchar: 16558950336
syscr: 6845202
syscw: 713262
read_bytes: 13478337024
write_bytes: 16560652288
cancelled_write_bytes: 0

[2020-01-21T09:37:19-08:00]
rchar: 58156757924
wchar: 17056722762
syscr: 7021808
syscw: 724632
read_bytes: 13597293056
write_bytes: 17058463744
cancelled_write_bytes: 0

[2020-01-21T09:37:22-08:00]
rchar: 59028432151
wchar: 17447968663
syscr: 7127500
syscw: 737359
read_bytes: 13754337792
write_bytes: 17449758720
cancelled_write_bytes: 0

[2020-01-21T09:37:25-08:00]
rchar: 59790416042
wchar: 17919824380
syscr: 7219796
syscw: 747025
read_bytes: 13861263872
write_bytes: 17921667072
cancelled_write_bytes: 0

[2020-01-21T09:37:28-08:00]
rchar: 61034151434
wchar: 18347764241
syscr: 7370567
syscw: 762027
read_bytes: 14044850688
write_bytes: 18350297088
cancelled_write_bytes: 0

[2020-01-21T09:37:31-08:00]
rchar: 62155437027
wchar: 18716751709
syscr: 7506508
syscw: 776574
read_bytes: 14257682944
write_bytes: 18718711808
cancelled_write_bytes: 0

[2020-01-21T09:37:34-08:00]
rchar: 62399971012
wchar: 18945433915
syscr: 7536163
syscw: 781064
read_bytes: 14326360576
write_bytes: 18947403776
cancelled_write_bytes: 0

[2020-01-21T09:37:37-08:00]
rchar: 63812544570
wchar: 19330057334
syscr: 7707324
syscw: 796452
read_bytes: 14544800256
write_bytes: 19333099520
cancelled_write_bytes: 0

[2020-01-21T09:37:40-08:00]
rchar: 65322303685
wchar: 19612253103
syscr: 7890392
syscw: 813574
read_bytes: 14874380800
write_bytes: 19614281728
cancelled_write_bytes: 0

[2020-01-21T09:37:43-08:00]
rchar: 66076989216
wchar: 19921575870
syscr: 7981770
syscw: 823013
read_bytes: 15028742656
write_bytes: 19923644416
cancelled_write_bytes: 0

[2020-01-21T09:37:46-08:00]
rchar: 67915644613
wchar: 20204579799
syscr: 8204710
syscw: 839747
read_bytes: 15353862656
write_bytes: 20206657536
cancelled_write_bytes: 0

[2020-01-21T09:37:49-08:00]
rchar: 69540505600
wchar: 20546040353
syscr: 8401677
syscw: 854903
read_bytes: 15587133952
write_bytes: 20548165632
cancelled_write_bytes: 0

[2020-01-21T09:37:52-08:00]
rchar: 69907743050
wchar: 20693954758
syscr: 8446209
syscw: 859014
read_bytes: 15643994624
write_bytes: 20696092672
cancelled_write_bytes: 0

[2020-01-21T09:37:55-08:00]
rchar: 71545633022
wchar: 21076136731
syscr: 8644684
syscw: 873013
read_bytes: 15859878400
write_bytes: 21078310912
cancelled_write_bytes: 0

[2020-01-21T09:37:58-08:00]
rchar: 73360405503
wchar: 21663683307
syscr: 8864728
syscw: 886771
read_bytes: 15992969728
write_bytes: 21666758656
cancelled_write_bytes: 0

[2020-01-21T09:38:01-08:00]
rchar: 75096318928
wchar: 22255561974
syscr: 9075209
syscw: 900069
read_bytes: 16116259328
write_bytes: 22257827840
cancelled_write_bytes: 0

[2020-01-21T09:38:04-08:00]
rchar: 75461572531
wchar: 22417208266
syscr: 9118990
syscw: 902874
read_bytes: 16141507072
write_bytes: 22420172800
cancelled_write_bytes: 0

[2020-01-21T09:38:07-08:00]
rchar: 76351785477
wchar: 22889104363
syscr: 9226824
syscw: 913911
read_bytes: 16252860928
write_bytes: 22891446272
cancelled_write_bytes: 0

[2020-01-21T09:38:10-08:00]
rchar: 77694901160
wchar: 23367519684
syscr: 9389668
syscw: 929660
read_bytes: 16417159680
write_bytes: 23369912320
cancelled_write_bytes: 0

[2020-01-21T09:38:13-08:00]
rchar: 78699372007
wchar: 23575261865
syscr: 9511443
syscw: 942974
read_bytes: 16651409920
write_bytes: 23577673728
cancelled_write_bytes: 0

[2020-01-21T09:38:16-08:00]
rchar: 79821269536
wchar: 23947880193
syscr: 9647394
syscw: 955971
read_bytes: 16852466176
write_bytes: 23950319616
cancelled_write_bytes: 0

[2020-01-21T09:38:19-08:00]
rchar: 80953015887
wchar: 24327927776
syscr: 9784596
syscw: 967796
read_bytes: 16961477120
write_bytes: 24330395648
cancelled_write_bytes: 0

[2020-01-21T09:38:22-08:00]
rchar: 82265182542
wchar: 24730878457
syscr: 9943668
syscw: 981185
read_bytes: 17096096256
write_bytes: 24733392896
cancelled_write_bytes: 0

[2020-01-21T09:38:25-08:00]
rchar: 83002630299
wchar: 25151839173
syscr: 10032970
syscw: 988850
read_bytes: 17167194624
write_bytes: 25154400256
cancelled_write_bytes: 0

[2020-01-21T09:38:28-08:00]
rchar: 84679271841
wchar: 25602715956
syscr: 10236243
syscw: 1003741
read_bytes: 17313827328
write_bytes: 25605341184
cancelled_write_bytes: 0

[2020-01-21T09:38:31-08:00]
rchar: 86027211647
wchar: 25730465981
syscr: 10399636
syscw: 1018288
read_bytes: 17467001344
write_bytes: 25733152768
cancelled_write_bytes: 0

[2020-01-21T09:38:34-08:00]
rchar: 87062535952
wchar: 25982735510
syscr: 10525086
syscw: 1029295
read_bytes: 17585187328
write_bytes: 25985978368
cancelled_write_bytes: 0

[2020-01-21T09:38:37-08:00]
rchar: 88927142439
wchar: 26536952391
syscr: 10751169
syscw: 1043809
read_bytes: 17712220672
write_bytes: 26539687936
cancelled_write_bytes: 0

[2020-01-21T09:38:40-08:00]
rchar: 90678402255
wchar: 27098986187
syscr: 10963512
syscw: 1057242
read_bytes: 17829644800
write_bytes: 27101749248
cancelled_write_bytes: 0

[2020-01-21T09:38:43-08:00]
rchar: 91666163831
wchar: 27423939257
syscr: 11082747
syscw: 1066416
read_bytes: 17911056896
write_bytes: 27426734080
cancelled_write_bytes: 0

[2020-01-21T09:38:46-08:00]
rchar: 92182044641
wchar: 27832261442
syscr: 11145213
syscw: 1073939
read_bytes: 17983228416
write_bytes: 27835088896
cancelled_write_bytes: 0

[2020-01-21T09:38:49-08:00]
rchar: 93338764478
wchar: 28215920312
syscr: 11285445
syscw: 1087442
read_bytes: 18114972160
write_bytes: 28218789888
cancelled_write_bytes: 0

[2020-01-21T09:38:52-08:00]
rchar: 94436537391
wchar: 28573874823
syscr: 11418525
syscw: 1101045
read_bytes: 18247281152
write_bytes: 28576784384
cancelled_write_bytes: 0

[2020-01-21T09:38:55-08:00]
rchar: 95439289618
wchar: 28947981079
syscr: 11540082
syscw: 1112696
read_bytes: 18359659008
write_bytes: 28950933504
cancelled_write_bytes: 0

[2020-01-21T09:38:58-08:00]
rchar: 96428806145
wchar: 29436138913
syscr: 11659952
syscw: 1123351
read_bytes: 18455603712
write_bytes: 29439135744
cancelled_write_bytes: 0

[2020-01-21T09:39:01-08:00]
rchar: 97480881359
wchar: 29779472153
syscr: 11787482
syscw: 1134488
read_bytes: 18550209024
write_bytes: 29782519808
cancelled_write_bytes: 0

[2020-01-21T09:39:05-08:00]
rchar: 99054224021
wchar: 30224159723
syscr: 11978207
syscw: 1150932
read_bytes: 18708343296
write_bytes: 30227259392
cancelled_write_bytes: 0

[2020-01-21T09:39:08-08:00]
rchar: 99609406447
wchar: 30514219714
syscr: 12045531
syscw: 1156844
read_bytes: 18759748096
write_bytes: 30517338112
cancelled_write_bytes: 0

[2020-01-21T09:39:11-08:00]
rchar: 100710868249
wchar: 30854689310
syscr: 12178959
syscw: 1167034
read_bytes: 18849499648
write_bytes: 30857850880
cancelled_write_bytes: 0

[2020-01-21T09:39:14-08:00]
rchar: 102578407944
wchar: 31158091452
syscr: 12405373
syscw: 1184240
read_bytes: 19023038976
write_bytes: 31161290752
cancelled_write_bytes: 0

[2020-01-21T09:39:17-08:00]
rchar: 103834219708
wchar: 31419090425
syscr: 12557641
syscw: 1196516
read_bytes: 19154520576
write_bytes: 31422291968
cancelled_write_bytes: 0

[2020-01-21T09:39:20-08:00]
rchar: 105195691660
wchar: 31845756541
syscr: 12722638
syscw: 1207111
read_bytes: 19237763584
write_bytes: 31848992768
cancelled_write_bytes: 0

[2020-01-21T09:39:23-08:00]
rchar: 106606689674
wchar: 32302919505
syscr: 12893725
syscw: 1217883
read_bytes: 19323427328
write_bytes: 32306192384
cancelled_write_bytes: 0

[2020-01-21T09:39:26-08:00]
rchar: 108265744474
wchar: 32879007730
syscr: 13094352
syscw: 1231269
read_bytes: 19429730816
write_bytes: 32883240960
cancelled_write_bytes: 0

[2020-01-21T09:39:29-08:00]
rchar: 108903222238
wchar: 33296029959
syscr: 13171651
syscw: 1241414
read_bytes: 19520494080
write_bytes: 33299382272
cancelled_write_bytes: 0

[2020-01-21T09:39:32-08:00]
rchar: 109467265692
wchar: 33554225088
syscr: 13239937
syscw: 1248021
read_bytes: 19570629120
write_bytes: 33557622784
cancelled_write_bytes: 0

[2020-01-21T09:39:35-08:00]
rchar: 110837417518
wchar: 34023984327
syscr: 13406053
syscw: 1264436
read_bytes: 19715508736
write_bytes: 34027462656
cancelled_write_bytes: 0

[2020-01-21T09:39:38-08:00]
rchar: 112133609210
wchar: 34494435756
syscr: 13563163
syscw: 1280063
read_bytes: 19854060032
write_bytes: 34497970176
cancelled_write_bytes: 0

[2020-01-21T09:39:41-08:00]
rchar: 112820861045
wchar: 34925410339
syscr: 13646420
syscw: 1288440
read_bytes: 19918621184
write_bytes: 34928975872
cancelled_write_bytes: 0

[2020-01-21T09:39:44-08:00]
rchar: 113943325349
wchar: 35288805959
syscr: 13782491
syscw: 1299990
read_bytes: 20014033408
write_bytes: 35292422144
cancelled_write_bytes: 0

[2020-01-21T09:39:47-08:00]
rchar: 115378180181
wchar: 35721034602
syscr: 13956412
syscw: 1315185
read_bytes: 20142926336
write_bytes: 35724701696
cancelled_write_bytes: 0

[2020-01-21T09:39:50-08:00]
rchar: 116402437923
wchar: 36083269544
syscr: 14080576
syscw: 1326155
read_bytes: 20232710656
write_bytes: 36086968320
cancelled_write_bytes: 0

[2020-01-21T09:39:53-08:00]
rchar: 118165909002
wchar: 36354049131
syscr: 14294312
syscw: 1343280
read_bytes: 20403829248
write_bytes: 36357787648
cancelled_write_bytes: 0

[2020-01-21T09:39:56-08:00]
rchar: 120015710579
wchar: 36484260212
syscr: 14518600
syscw: 1360449
read_bytes: 20585110016
write_bytes: 36487999488
cancelled_write_bytes: 0

[2020-01-21T09:39:59-08:00]
rchar: 120478438035
wchar: 36749884843
syscr: 14574622
syscw: 1365240
read_bytes: 20620438016
write_bytes: 36753637376
cancelled_write_bytes: 0

[2020-01-21T09:40:02-08:00]
rchar: 122317457488
wchar: 37357829056
syscr: 14797609
syscw: 1379098
read_bytes: 20719950336
write_bytes: 37361631232
cancelled_write_bytes: 0

[2020-01-21T09:40:05-08:00]
rchar: 124191725847
wchar: 37956656266
syscr: 15024865
syscw: 1393420
read_bytes: 20825180672
write_bytes: 37961560064
cancelled_write_bytes: 0

[2020-01-21T09:40:08-08:00]
rchar: 125193940267
wchar: 38319790369
syscr: 15145833
syscw: 1406026
read_bytes: 20928522752
write_bytes: 38323691520
cancelled_write_bytes: 0

[2020-01-21T09:40:11-08:00]
rchar: 125578011859
wchar: 38678763387
syscr: 15192324
syscw: 1411112
read_bytes: 20964968960
write_bytes: 38682693632
cancelled_write_bytes: 0

[2020-01-21T09:40:14-08:00]
rchar: 126948056797
wchar: 39176874645
syscr: 15358393
syscw: 1426958
read_bytes: 21092968960
write_bytes: 39180857344
cancelled_write_bytes: 0

[2020-01-21T09:40:17-08:00]
rchar: 128135752042
wchar: 39612371358
syscr: 15502386
syscw: 1440582
read_bytes: 21205858816
write_bytes: 39616405504
cancelled_write_bytes: 0

[2020-01-21T09:40:20-08:00]
rchar: 128832097906
wchar: 39894470303
syscr: 15586790
syscw: 1448787
read_bytes: 21270190592
write_bytes: 39898537984
cancelled_write_bytes: 0

[2020-01-21T09:40:23-08:00]
rchar: 129914102081
wchar: 40401229476
syscr: 15717871
syscw: 1460836
read_bytes: 21361342976
write_bytes: 40405352448
cancelled_write_bytes: 0

[2020-01-21T09:40:26-08:00]
rchar: 130933140468
wchar: 40745687914
syscr: 15841401
syscw: 1471352
read_bytes: 21439199744
write_bytes: 40749850624
cancelled_write_bytes: 0

[2020-01-21T09:40:29-08:00]
rchar: 132375969913
wchar: 41201829844
syscr: 16016341
syscw: 1486135
read_bytes: 21556623872
write_bytes: 41206038528
cancelled_write_bytes: 0

[2020-01-21T09:40:32-08:00]
rchar: 133142651323
wchar: 41525190559
syscr: 16109264
syscw: 1495924
read_bytes: 21631109632
write_bytes: 41529450496
cancelled_write_bytes: 0

[2020-01-21T09:40:35-08:00]
rchar: 135247270183
wchar: 41670027138
syscr: 16364366
syscw: 1514769
read_bytes: 21816965632
write_bytes: 41674326016
cancelled_write_bytes: 0

[2020-01-21T09:40:38-08:00]
rchar: 136643109387
wchar: 41837513102
syscr: 16533613
syscw: 1527835
read_bytes: 21942069760
write_bytes: 41841811456
cancelled_write_bytes: 0

[2020-01-21T09:40:41-08:00]
rchar: 137430556057
wchar: 42169790394
syscr: 16629007
syscw: 1534773
read_bytes: 21984745984
write_bytes: 42174115840
cancelled_write_bytes: 0

[2020-01-21T09:40:44-08:00]
rchar: 139366493256
wchar: 42760639542
syscr: 16863745
syscw: 1549962
read_bytes: 22087223808
write_bytes: 42764996608
cancelled_write_bytes: 0

[2020-01-21T09:40:47-08:00]
rchar: 140834541136
wchar: 43242535813
syscr: 17041752
syscw: 1561185
read_bytes: 22161562112
write_bytes: 43246927872
cancelled_write_bytes: 0

[2020-01-21T09:40:50-08:00]
rchar: 141851379069
wchar: 43636917143
syscr: 17164523
syscw: 1573098
read_bytes: 22251366912
write_bytes: 43641360384
cancelled_write_bytes: 0

[2020-01-21T09:40:53-08:00]
rchar: 142162836440
wchar: 43974726639
syscr: 17202180
syscw: 1577620
read_bytes: 22278371840
write_bytes: 43980255232
cancelled_write_bytes: 0

[2020-01-21T09:40:56-08:00]
rchar: 143348048749
wchar: 44380571121
syscr: 17345865
syscw: 1592160
read_bytes: 22383991296
write_bytes: 44385079296
cancelled_write_bytes: 0

[2020-01-21T09:40:59-08:00]
rchar: 144767129531
wchar: 44804121564
syscr: 17517909
syscw: 1609424
read_bytes: 22525684224
write_bytes: 44808675328
cancelled_write_bytes: 0

[2020-01-21T09:41:02-08:00]
rchar: 145305842009
wchar: 45144521310
syscr: 17583201
syscw: 1615442
read_bytes: 22572108288
write_bytes: 45149106176
cancelled_write_bytes: 0

[2020-01-21T09:41:05-08:00]
rchar: 146139944252
wchar: 45470337846
syscr: 17684219
syscw: 1623690
read_bytes: 22631459328
write_bytes: 45474971648
cancelled_write_bytes: 0

[2020-01-21T09:41:08-08:00]
rchar: 147836346350
wchar: 45924660628
syscr: 17889878
syscw: 1641355
read_bytes: 22764497408
write_bytes: 45929349120
cancelled_write_bytes: 0

[2020-01-21T09:41:11-08:00]
rchar: 149290049452
wchar: 46378469167
syscr: 18066107
syscw: 1655920
read_bytes: 22873770496
write_bytes: 46383202304
cancelled_write_bytes: 0

[2020-01-21T09:41:14-08:00]
rchar: 149497570741
wchar: 46605338990
syscr: 18091271
syscw: 1658947
read_bytes: 22891178496
write_bytes: 46610083840
cancelled_write_bytes: 0

[2020-01-21T09:41:17-08:00]
rchar: 151138905594
wchar: 47034746962
syscr: 18290145
syscw: 1673455
read_bytes: 22997404160
write_bytes: 47039553536
cancelled_write_bytes: 0

[2020-01-21T09:41:20-08:00]
rchar: 152766287171
wchar: 47514961842
syscr: 18487430
syscw: 1688184
read_bytes: 23097149952
write_bytes: 47519813632
cancelled_write_bytes: 0

[2020-01-21T09:41:23-08:00]
rchar: 153845200967
wchar: 47650078622
syscr: 18618240
syscw: 1699550
read_bytes: 23213173248
write_bytes: 47654944768
cancelled_write_bytes: 0

[2020-01-21T09:41:26-08:00]
rchar: 155642497050
wchar: 48047772583
syscr: 18836080
syscw: 1715364
read_bytes: 23381694976
write_bytes: 48052670464
cancelled_write_bytes: 0

[2020-01-21T09:41:29-08:00]
rchar: 157417336027
wchar: 48620702456
syscr: 19051263
syscw: 1728928
read_bytes: 23467264512
write_bytes: 48625639424
cancelled_write_bytes: 0

[2020-01-21T09:41:32-08:00]
rchar: 158636669465
wchar: 48984781142
syscr: 19199110
syscw: 1738976
read_bytes: 23527438848
write_bytes: 48989749248
cancelled_write_bytes: 0

[2020-01-21T09:41:35-08:00]
rchar: 159710955175
wchar: 49495807783
syscr: 19329371
syscw: 1747792
read_bytes: 23579953664
write_bytes: 49500798976
cancelled_write_bytes: 0

[2020-01-21T09:41:38-08:00]
rchar: 161210202440
wchar: 49955105348
syscr: 19510516
syscw: 1762368
read_bytes: 23681260032
write_bytes: 49960181760
cancelled_write_bytes: 0

[2020-01-21T09:41:41-08:00]
rchar: 162320968907
wchar: 50352297607
syscr: 19645171
syscw: 1775892
read_bytes: 23771613696
write_bytes: 50357829632
cancelled_write_bytes: 0

[2020-01-21T09:41:44-08:00]
rchar: 163333142277
wchar: 50748667031
syscr: 19767872
syscw: 1787611
read_bytes: 23850908160
write_bytes: 50753818624
cancelled_write_bytes: 0

[2020-01-21T09:41:47-08:00]
rchar: 164308265652
wchar: 51233919209
syscr: 19886011
syscw: 1798201
read_bytes: 23917746688
write_bytes: 51239112704
cancelled_write_bytes: 0

[2020-01-21T09:41:50-08:00]
rchar: 165388164522
wchar: 51605428267
syscr: 20016934
syscw: 1809207
read_bytes: 23987821056
write_bytes: 51610652672
cancelled_write_bytes: 0

[2020-01-21T09:41:53-08:00]
rchar: 167031968780
wchar: 52087639228
syscr: 20216161
syscw: 1826050
read_bytes: 24104716800
write_bytes: 52092915712
cancelled_write_bytes: 0

[2020-01-21T09:41:56-08:00]
rchar: 167760395122
wchar: 52527735768
syscr: 20304381
syscw: 1833730
read_bytes: 24151214592
write_bytes: 52533059584
cancelled_write_bytes: 0

[2020-01-21T09:41:59-08:00]
rchar: 169321988201
wchar: 52914095029
syscr: 20493686
syscw: 1847175
read_bytes: 24243571200
write_bytes: 52919451648
cancelled_write_bytes: 0

[2020-01-21T09:42:02-08:00]
rchar: 170989370621
wchar: 53184687322
syscr: 20695860
syscw: 1862971
read_bytes: 24415410688
write_bytes: 53190062080
cancelled_write_bytes: 0

[2020-01-21T09:42:05-08:00]
rchar: 172178640590
wchar: 53621415796
syscr: 20840025
syscw: 1874016
read_bytes: 24489028096
write_bytes: 53626830848
cancelled_write_bytes: 0

[2020-01-21T09:42:08-08:00]
rchar: 173809901403
wchar: 54188658424
syscr: 21037714
syscw: 1886827
read_bytes: 24562571776
write_bytes: 54194139136
cancelled_write_bytes: 0

[2020-01-21T09:42:11-08:00]
rchar: 175712648117
wchar: 54747845474
syscr: 21268428
syscw: 1901604
read_bytes: 24650254848
write_bytes: 54753370112
cancelled_write_bytes: 0

[2020-01-21T09:42:14-08:00]
rchar: 176880181534
wchar: 55125428164
syscr: 21409995
syscw: 1910964
read_bytes: 24701737472
write_bytes: 55130980352
cancelled_write_bytes: 0

[2020-01-21T09:42:17-08:00]
rchar: 177818783645
wchar: 55581147024
syscr: 21523248
syscw: 1921089
read_bytes: 24763550208
write_bytes: 55586746368
cancelled_write_bytes: 0

[2020-01-21T09:42:20-08:00]
rchar: 179012202132
wchar: 56059519801
syscr: 21667851
syscw: 1935357
read_bytes: 24856279552
write_bytes: 56065167360
cancelled_write_bytes: 0

[2020-01-21T09:42:23-08:00]
rchar: 180409071598
wchar: 56553343003
syscr: 21837172
syscw: 1952073
read_bytes: 24964016640
write_bytes: 56559140864
cancelled_write_bytes: 0

[2020-01-21T09:42:26-08:00]
rchar: 181192089450
wchar: 56869003592
syscr: 21932086
syscw: 1961976
read_bytes: 25021106688
write_bytes: 56874745856
cancelled_write_bytes: 0

[2020-01-21T09:42:29-08:00]
rchar: 182004600058
wchar: 57371697470
syscr: 22030532
syscw: 1970727
read_bytes: 25068952064
write_bytes: 57378525184
cancelled_write_bytes: 0

[2020-01-21T09:42:32-08:00]
rchar: 183668081648
wchar: 57855154936
syscr: 22232168
syscw: 1987579
read_bytes: 25177635328
write_bytes: 57860993024
cancelled_write_bytes: 0

[2020-01-21T09:42:35-08:00]
rchar: 184555081921
wchar: 58184925046
syscr: 22339718
syscw: 1996677
read_bytes: 25228741120
write_bytes: 58190794752
cancelled_write_bytes: 0

[2020-01-21T09:42:38-08:00]
rchar: 185594237000
wchar: 58613429035
syscr: 22465681
syscw: 2007882
read_bytes: 25296493056
write_bytes: 58619359232
cancelled_write_bytes: 0

[2020-01-21T09:42:41-08:00]
rchar: 187316915554
wchar: 59038315106
syscr: 22674433
syscw: 2023659
read_bytes: 25399302656
write_bytes: 59044450304
cancelled_write_bytes: 0

[2020-01-21T09:42:44-08:00]
rchar: 189050135637
wchar: 59363257180
syscr: 22884571
syscw: 2040858
read_bytes: 25529313792
write_bytes: 59369275392
cancelled_write_bytes: 0

[2020-01-21T09:42:47-08:00]
rchar: 190105449646
wchar: 59673664894
syscr: 23012447
syscw: 2051591
read_bytes: 25629260288
write_bytes: 59679707136
cancelled_write_bytes: 0

[2020-01-21T09:42:50-08:00]
rchar: 192247556319
wchar: 60224233389
syscr: 23272163
syscw: 2068835
read_bytes: 25728047616
write_bytes: 60230320128
cancelled_write_bytes: 0

[2020-01-21T09:42:53-08:00]
rchar: 193680148399
wchar: 60634220228
syscr: 23445867
syscw: 2080696
read_bytes: 25789336064
write_bytes: 60640329728
cancelled_write_bytes: 0

[2020-01-21T09:42:56-08:00]
rchar: 195258912376
wchar: 61101628982
syscr: 23637297
syscw: 2092937
read_bytes: 25855552000
write_bytes: 61107769344
cancelled_write_bytes: 0

[2020-01-21T09:42:59-08:00]
rchar: 196419731441
wchar: 61559979686
syscr: 23777412
syscw: 2105478
read_bytes: 25927944704
write_bytes: 61566164992
cancelled_write_bytes: 0

[2020-01-21T09:43:02-08:00]
rchar: 197594884258
wchar: 61946420417
syscr: 23919879
syscw: 2119679
read_bytes: 26014738944
write_bytes: 61952630784
cancelled_write_bytes: 0

[2020-01-21T09:43:05-08:00]
rchar: 198842322922
wchar: 62404694233
syscr: 24071110
syscw: 2134894
read_bytes: 26102184448
write_bytes: 62410956800
cancelled_write_bytes: 0

[2020-01-21T09:43:08-08:00]
rchar: 199689635919
wchar: 62836592768
syscr: 24173728
syscw: 2145369
read_bytes: 26157697536
write_bytes: 62842908672
cancelled_write_bytes: 0

[2020-01-21T09:43:11-08:00]
rchar: 200797729834
wchar: 63197781585
syscr: 24308051
syscw: 2157095
read_bytes: 26220227072
write_bytes: 63204139008
cancelled_write_bytes: 0

[2020-01-21T09:43:14-08:00]
rchar: 202540392737
wchar: 63707777464
syscr: 24519319
syscw: 2175070
read_bytes: 26325576192
write_bytes: 63714185216
cancelled_write_bytes: 0

[2020-01-21T09:43:17-08:00]
rchar: 203200928790
wchar: 64112247679
syscr: 24599369
syscw: 2182504
read_bytes: 26363095552
write_bytes: 64118697984
cancelled_write_bytes: 0

[2020-01-21T09:43:20-08:00]
rchar: 204451399665
wchar: 64439505811
syscr: 24750911
syscw: 2193839
read_bytes: 26426100224
write_bytes: 64446070784
cancelled_write_bytes: 0

[2020-01-21T09:43:23-08:00]
rchar: 206429006217
wchar: 64965691290
syscr: 24990608
syscw: 2211314
read_bytes: 26525325824
write_bytes: 64972230656
cancelled_write_bytes: 0

[2020-01-21T09:43:26-08:00]
rchar: 207706065416
wchar: 65252973793
syscr: 25145460
syscw: 2222749
read_bytes: 26610756096
write_bytes: 65259528192
cancelled_write_bytes: 0

[2020-01-21T09:43:29-08:00]
rchar: 208643991928
wchar: 65621555416
syscr: 25259074
syscw: 2231512
read_bytes: 26661091840
write_bytes: 65628135424
cancelled_write_bytes: 0

[2020-01-21T09:43:32-08:00]
rchar: 210623616470
wchar: 66219509447
syscr: 25499110
syscw: 2246784
read_bytes: 26738825728
write_bytes: 66226139136
cancelled_write_bytes: 0

[2020-01-21T09:43:35-08:00]
rchar: 211949950866
wchar: 66621135137
syscr: 25659930
syscw: 2257543
read_bytes: 26790689280
write_bytes: 66627784704
cancelled_write_bytes: 0

[2020-01-21T09:43:38-08:00]
rchar: 213439626469
wchar: 67061344098
syscr: 25839985
syscw: 2269543
read_bytes: 26852645376
write_bytes: 67068035072
cancelled_write_bytes: 0

[2020-01-21T09:43:41-08:00]
rchar: 214288104642
wchar: 67509532450
syscr: 25942791
syscw: 2281135
read_bytes: 26915199488
write_bytes: 67516489728
cancelled_write_bytes: 0

[2020-01-21T09:43:44-08:00]
rchar: 215402659811
wchar: 67864191282
syscr: 26077903
syscw: 2295380
read_bytes: 26992773632
write_bytes: 67871346688
cancelled_write_bytes: 0

[2020-01-21T09:43:47-08:00]
rchar: 216701047188
wchar: 68295979781
syscr: 26235307
syscw: 2311220
read_bytes: 27084036608
write_bytes: 68302811136
cancelled_write_bytes: 0

[2020-01-21T09:43:50-08:00]
rchar: 217421619620
wchar: 68685948821
syscr: 26322557
syscw: 2320797
read_bytes: 27129162240
write_bytes: 68693377024
cancelled_write_bytes: 0

[2020-01-21T09:43:53-08:00]
rchar: 218988011856
wchar: 69109010933
syscr: 26512442
syscw: 2336932
read_bytes: 27219147264
write_bytes: 69115924480
cancelled_write_bytes: 0

[2020-01-21T09:43:56-08:00]
rchar: 220551938039
wchar: 69516329093
syscr: 26702083
syscw: 2353438
read_bytes: 27311995392
write_bytes: 69523279872
cancelled_write_bytes: 0

[2020-01-21T09:43:59-08:00]
rchar: 220966958595
wchar: 69859395923
syscr: 26752276
syscw: 2357939
read_bytes: 27330210304
write_bytes: 69866385408
cancelled_write_bytes: 0

[2020-01-21T09:44:02-08:00]
rchar: 222813062086
wchar: 70286457596
syscr: 26976070
syscw: 2374397
read_bytes: 27420424704
write_bytes: 70293479424
cancelled_write_bytes: 0

[2020-01-21T09:44:05-08:00]
rchar: 224867460581
wchar: 70727837191
syscr: 27225125
syscw: 2392612
read_bytes: 27523426816
write_bytes: 70734905344
cancelled_write_bytes: 0

[2020-01-21T09:44:08-08:00]
rchar: 225322335064
wchar: 71041444337
syscr: 27280266
syscw: 2397212
read_bytes: 27543460352
write_bytes: 71048540160
cancelled_write_bytes: 0

[2020-01-21T09:44:11-08:00]
rchar: 226465532461
wchar: 71634404924
syscr: 27418823
syscw: 2404553
read_bytes: 27638067712
write_bytes: 71641575424
cancelled_write_bytes: 0

[2020-01-21T09:44:14-08:00]
rchar: 227741924248
wchar: 72229961060
syscr: 27573596
syscw: 2413227
read_bytes: 27819192832
write_bytes: 72237146112
cancelled_write_bytes: 0

[2020-01-21T09:44:17-08:00]
rchar: 228698962014
wchar: 72600654453
syscr: 27689647
syscw: 2421187
read_bytes: 27952763392
write_bytes: 72607895552
cancelled_write_bytes: 0

[2020-01-21T09:44:20-08:00]
rchar: 229974185663
wchar: 73151059434
syscr: 27844290
syscw: 2430246
read_bytes: 28140376576
write_bytes: 73158361088
cancelled_write_bytes: 0

[2020-01-21T09:44:23-08:00]
rchar: 230924040532
wchar: 73517527255
syscr: 27959468
syscw: 2437983
read_bytes: 28273353216
write_bytes: 73524998144
cancelled_write_bytes: 0

[2020-01-21T09:44:26-08:00]
rchar: 232260737314
wchar: 74111763737
syscr: 28121553
syscw: 2447275
read_bytes: 28470743552
write_bytes: 74119102464
cancelled_write_bytes: 0

[2020-01-21T09:44:29-08:00]
rchar: 232891436069
wchar: 74377493891
syscr: 28198036
syscw: 2452145
read_bytes: 28558365184
write_bytes: 74384875520
cancelled_write_bytes: 0

[2020-01-21T09:44:32-08:00]
rchar: 233759413998
wchar: 74848392270
syscr: 28303290
syscw: 2459657
read_bytes: 28673597952
write_bytes: 74855796736
cancelled_write_bytes: 0

[2020-01-21T09:44:35-08:00]
rchar: 234826544207
wchar: 75306625891
syscr: 28432586
syscw: 2467190
read_bytes: 28797997568
write_bytes: 75314126848
cancelled_write_bytes: 0

[2020-01-21T09:44:38-08:00]
rchar: 236042867736
wchar: 75787776963
syscr: 28580044
syscw: 2475385
read_bytes: 28937122304
write_bytes: 75795292160
cancelled_write_bytes: 0

[2020-01-21T09:44:41-08:00]
rchar: 237424020070
wchar: 76368032942
syscr: 28747496
syscw: 2484237
read_bytes: 29101969920
write_bytes: 76376092672
cancelled_write_bytes: 0

[2020-01-21T09:44:44-08:00]
rchar: 238205487704
wchar: 76696080299
syscr: 28842210
syscw: 2489833
read_bytes: 29174587904
write_bytes: 76703731712
cancelled_write_bytes: 0

[2020-01-21T09:44:47-08:00]
rchar: 239594590084
wchar: 77251292480
syscr: 29010596
syscw: 2499345
read_bytes: 29322904064
write_bytes: 77259005952
cancelled_write_bytes: 0

[2020-01-21T09:44:50-08:00]
rchar: 240372297659
wchar: 77639614910
syscr: 29104294
syscw: 2508208
read_bytes: 29457474048
write_bytes: 77647351808
cancelled_write_bytes: 0

[2020-01-21T09:44:53-08:00]
rchar: 240793662339
wchar: 78024953742
syscr: 29155216
syscw: 2514073
read_bytes: 29505806848
write_bytes: 78032773120
cancelled_write_bytes: 0

[2020-01-21T09:44:56-08:00]
rchar: 241777514351
wchar: 78315232128
syscr: 29274421
syscw: 2524686
read_bytes: 29631169024
write_bytes: 78323093504
cancelled_write_bytes: 0

[2020-01-21T09:44:59-08:00]
rchar: 243469181539
wchar: 78674858459
syscr: 29479352
syscw: 2541670
read_bytes: 29776097792
write_bytes: 78682779648
cancelled_write_bytes: 0

[2020-01-21T09:45:02-08:00]
rchar: 244524930393
wchar: 79057179519
syscr: 29607286
syscw: 2552507
read_bytes: 29832794624
write_bytes: 79065116672
cancelled_write_bytes: 0

[2020-01-21T09:45:05-08:00]
rchar: 246430617561
wchar: 79429235810
syscr: 29838323
syscw: 2568925
read_bytes: 29912089088
write_bytes: 79437225984
cancelled_write_bytes: 0

[2020-01-21T09:45:08-08:00]
rchar: 248127678072
wchar: 79877200089
syscr: 30044077
syscw: 2584635
read_bytes: 29976863232
write_bytes: 79885242368
cancelled_write_bytes: 0

[2020-01-21T09:45:11-08:00]
rchar: 248962564337
wchar: 80129872074
syscr: 30145285
syscw: 2592043
read_bytes: 30009324032
write_bytes: 80137945088
cancelled_write_bytes: 0

[2020-01-21T09:45:14-08:00]
rchar: 250428446974
wchar: 80595588175
syscr: 30322911
syscw: 2604080
read_bytes: 30058942976
write_bytes: 80603713536
cancelled_write_bytes: 0

[2020-01-21T09:45:17-08:00]
rchar: 252030218482
wchar: 80963433181
syscr: 30517077
syscw: 2617731
read_bytes: 30113284608
write_bytes: 80971608064
cancelled_write_bytes: 0

[2020-01-21T09:45:20-08:00]
rchar: 254231549240
wchar: 81527638445
syscr: 30783958
syscw: 2635146
read_bytes: 30184681984
write_bytes: 81535864832
cancelled_write_bytes: 0

[2020-01-21T09:45:23-08:00]
rchar: 254876436091
wchar: 81906077382
syscr: 30862154
syscw: 2640851
read_bytes: 30203744768
write_bytes: 81914318848
cancelled_write_bytes: 0

[2020-01-21T09:45:26-08:00]
rchar: 256704684467
wchar: 82350166901
syscr: 31083748
syscw: 2654260
read_bytes: 30254764544
write_bytes: 82358444032
cancelled_write_bytes: 0

[2020-01-21T09:45:29-08:00]
rchar: 259131181551
wchar: 82989888128
syscr: 31377964
syscw: 2671407
read_bytes: 30321181184
write_bytes: 82999009280
cancelled_write_bytes: 0

[2020-01-21T09:45:32-08:00]
rchar: 260231737289
wchar: 83372909461
syscr: 31510777
syscw: 2683008
read_bytes: 30366056960
write_bytes: 83381264384
cancelled_write_bytes: 0

[2020-01-21T09:45:35-08:00]
rchar: 261000240151
wchar: 83842169011
syscr: 31603849
syscw: 2692337
read_bytes: 30399472128
write_bytes: 83850567680
cancelled_write_bytes: 0

[2020-01-21T09:45:38-08:00]
rchar: 262558687906
wchar: 84288839386
syscr: 31792766
syscw: 2708895
read_bytes: 30466503168
write_bytes: 84297285632
cancelled_write_bytes: 0

[2020-01-21T09:45:41-08:00]
rchar: 264107722293
wchar: 84737466262
syscr: 31980538
syscw: 2725232
read_bytes: 30534218240
write_bytes: 84745953280
cancelled_write_bytes: 0

[2020-01-21T09:45:44-08:00]
rchar: 264822089420
wchar: 85118861980
syscr: 32067164
syscw: 2733433
read_bytes: 30565179904
write_bytes: 85127389184
cancelled_write_bytes: 0

[2020-01-21T09:45:47-08:00]
rchar: 266402634100
wchar: 85497859655
syscr: 32258692
syscw: 2748000
read_bytes: 30624338432
write_bytes: 85506437120
cancelled_write_bytes: 0

[2020-01-21T09:45:50-08:00]
rchar: 268184439275
wchar: 85949581839
syscr: 32474706
syscw: 2764449
read_bytes: 30690091520
write_bytes: 85958524928
cancelled_write_bytes: 0

[2020-01-21T09:45:53-08:00]
rchar: 269288061611
wchar: 86307301590
syscr: 32608482
syscw: 2775621
read_bytes: 30731969024
write_bytes: 86315950080
cancelled_write_bytes: 0

[2020-01-21T09:45:57-08:00]
rchar: 270123378281
wchar: 86669512420
syscr: 32709693
syscw: 2783156
read_bytes: 30790418944
write_bytes: 86678204416
cancelled_write_bytes: 0

[2020-01-21T09:46:00-08:00]
rchar: 271676417528
wchar: 87313675458
syscr: 32897968
syscw: 2794010
read_bytes: 30926758400
write_bytes: 87322398720
cancelled_write_bytes: 0

[2020-01-21T09:46:03-08:00]
rchar: 272732381597
wchar: 87795626809
syscr: 33026016
syscw: 2801837
read_bytes: 31007748608
write_bytes: 87804383232
cancelled_write_bytes: 0

[2020-01-21T09:46:06-08:00]
rchar: 273600767305
wchar: 88192600754
syscr: 33131322
syscw: 2808367
read_bytes: 31069544960
write_bytes: 88201408512
cancelled_write_bytes: 0

[2020-01-21T09:46:09-08:00]
rchar: 274556753610
wchar: 88608206554
syscr: 33247195
syscw: 2815469
read_bytes: 31147725312
write_bytes: 88617037824
cancelled_write_bytes: 0

[2020-01-21T09:46:12-08:00]
rchar: 275950822234
wchar: 89176165202
syscr: 33416239
syscw: 2825602
read_bytes: 31282528768
write_bytes: 89185984512
cancelled_write_bytes: 4096

[2020-01-21T09:46:15-08:00]
rchar: 276536583066
wchar: 89408152778
syscr: 33487268
syscw: 2830294
read_bytes: 31338553856
write_bytes: 89417068544
cancelled_write_bytes: 4096

[2020-01-21T09:46:18-08:00]
rchar: 277550411572
wchar: 89928772843
syscr: 33610108
syscw: 2838856
read_bytes: 31420436992
write_bytes: 89937747968
cancelled_write_bytes: 4096

[2020-01-21T09:46:21-08:00]
rchar: 278776454865
wchar: 90363627192
syscr: 33758771
syscw: 2847739
read_bytes: 31516443136
write_bytes: 90372628480
cancelled_write_bytes: 4096

[2020-01-21T09:46:24-08:00]
rchar: 280111059528
wchar: 90845718453
syscr: 33920599
syscw: 2857142
read_bytes: 31624172032
write_bytes: 90854756352
cancelled_write_bytes: 4096

[2020-01-21T09:46:27-08:00]
rchar: 281230744586
wchar: 91293187653
syscr: 34055730
syscw: 2868258
read_bytes: 31782515200
write_bytes: 91302273024
cancelled_write_bytes: 4096

[2020-01-21T09:46:30-08:00]
rchar: 282182543081
wchar: 91692303861
syscr: 34171149
syscw: 2879854
read_bytes: 31935345152
write_bytes: 91701415936
cancelled_write_bytes: 4096

[2020-01-21T09:46:33-08:00]
rchar: 282797199350
wchar: 92100249072
syscr: 34245694
syscw: 2888318
read_bytes: 32026239488
write_bytes: 92109402112
cancelled_write_bytes: 4096

[2020-01-21T09:46:36-08:00]
rchar: 283815807027
wchar: 92452257726
syscr: 34369128
syscw: 2898798
read_bytes: 32160059904
write_bytes: 92461461504
cancelled_write_bytes: 4096

[2020-01-21T09:46:39-08:00]
rchar: 285244370225
wchar: 92983087498
syscr: 34542290
syscw: 2912099
read_bytes: 32350691840
write_bytes: 92992335872
cancelled_write_bytes: 4096

[2020-01-21T09:46:42-08:00]
rchar: 286700295327
wchar: 93503768821
syscr: 34718694
syscw: 2926101
read_bytes: 32513511936
write_bytes: 93513699328
cancelled_write_bytes: 4096

[2020-01-21T09:46:45-08:00]
rchar: 287300627427
wchar: 93757690981
syscr: 34791493
syscw: 2933013
read_bytes: 32575914496
write_bytes: 93767024640
cancelled_write_bytes: 4096

[2020-01-21T09:46:48-08:00]
rchar: 288794116304
wchar: 94097522064
syscr: 34972245
syscw: 2946442
read_bytes: 32678130176
write_bytes: 94106923008
cancelled_write_bytes: 4096

[2020-01-21T09:46:51-08:00]
rchar: 290932617694
wchar: 94459612937
syscr: 35231534
syscw: 2965556
read_bytes: 32748900864
write_bytes: 94469042176
cancelled_write_bytes: 4096

[2020-01-21T09:46:54-08:00]
rchar: 291935757177
wchar: 94870948149
syscr: 35353143
syscw: 2976262
read_bytes: 32779264512
write_bytes: 94880419840
cancelled_write_bytes: 4096

[2020-01-21T09:46:57-08:00]
rchar: 292864019464
wchar: 95368618309
syscr: 35465626
syscw: 2981795
read_bytes: 32793059840
write_bytes: 95378116608
cancelled_write_bytes: 4096

[2020-01-21T09:47:00-08:00]
rchar: 293989586200
wchar: 96001301133
syscr: 35602122
syscw: 2988391
read_bytes: 32807834112
write_bytes: 96010858496
cancelled_write_bytes: 4096

[2020-01-21T09:47:03-08:00]
rchar: 294855432581
wchar: 96511477120
syscr: 35707123
syscw: 2993189
read_bytes: 32819155456
write_bytes: 96521076736
cancelled_write_bytes: 4096

[2020-01-21T09:47:06-08:00]
rchar: 295581392148
wchar: 96902758580
syscr: 35794934
syscw: 2998079
read_bytes: 32829956608
write_bytes: 96912453632
cancelled_write_bytes: 4096

[2020-01-21T09:47:09-08:00]
rchar: 297863948305
wchar: 97454874294
syscr: 36071648
syscw: 3016917
read_bytes: 32889721344
write_bytes: 97464606720
cancelled_write_bytes: 4096

[2020-01-21T09:47:12-08:00]
rchar: 298563789935
wchar: 97679180533
syscr: 36156507
syscw: 3022608
read_bytes: 32905327104
write_bytes: 97689018368
cancelled_write_bytes: 4096

[2020-01-21T09:47:15-08:00]
rchar: 300361312890
wchar: 98316524521
syscr: 36374374
syscw: 3037006
read_bytes: 32944964096
write_bytes: 98326335488
cancelled_write_bytes: 4096

[2020-01-21T09:47:18-08:00]
rchar: 301856478078
wchar: 98693468271
syscr: 36555666
syscw: 3048422
read_bytes: 32978022912
write_bytes: 98703310848
cancelled_write_bytes: 4096

[2020-01-21T09:47:21-08:00]
rchar: 303610828891
wchar: 99182730810
syscr: 36767715
syscw: 3066834
read_bytes: 33044382208
write_bytes: 99192610816
cancelled_write_bytes: 4096

[2020-01-21T09:47:24-08:00]
rchar: 304301846094
wchar: 99602181745
syscr: 36851425
syscw: 3075709
read_bytes: 33068028416
write_bytes: 99612094464
cancelled_write_bytes: 4096

[2020-01-21T09:47:27-08:00]
rchar: 306042336727
wchar: 100085184380
syscr: 37062395
syscw: 3094139
read_bytes: 33125777920
write_bytes: 100095148032
cancelled_write_bytes: 4096

[2020-01-21T09:47:30-08:00]
rchar: 307672599526
wchar: 100548676892
syscr: 37260038
syscw: 3110633
read_bytes: 33180496384
write_bytes: 100558680064
cancelled_write_bytes: 4096

[2020-01-21T09:47:33-08:00]
rchar: 308143616013
wchar: 100828356594
syscr: 37317071
syscw: 3116774
read_bytes: 33196601856
write_bytes: 100838387712
cancelled_write_bytes: 4096

[2020-01-21T09:47:36-08:00]
rchar: 310480239616
wchar: 101373543426
syscr: 37600319
syscw: 3137696
read_bytes: 33263870464
write_bytes: 101383626752
cancelled_write_bytes: 4096

[2020-01-21T09:47:39-08:00]
rchar: 311957200586
wchar: 101733540024
syscr: 37779368
syscw: 3152445
read_bytes: 33305661952
write_bytes: 101743669248
cancelled_write_bytes: 4096

[2020-01-21T09:47:42-08:00]
rchar: 313116079843
wchar: 102291796621
syscr: 37919813
syscw: 3163477
read_bytes: 33340117504
write_bytes: 102301974528
cancelled_write_bytes: 4096

[2020-01-21T09:47:45-08:00]
rchar: 314174427793
wchar: 102691432860
syscr: 38048104
syscw: 3171382
read_bytes: 33402282496
write_bytes: 102701645824
cancelled_write_bytes: 4096

[2020-01-21T09:47:48-08:00]
rchar: 315620855848
wchar: 103191729581
syscr: 38223455
syscw: 3182637
read_bytes: 33518420480
write_bytes: 103201992704
cancelled_write_bytes: 4096

[2020-01-21T09:47:51-08:00]
rchar: 317073365277
wchar: 103737879764
syscr: 38399584
syscw: 3194136
read_bytes: 33636381184
write_bytes: 103748177920
cancelled_write_bytes: 4096

[2020-01-21T09:47:54-08:00]
rchar: 318120342927
wchar: 104121413853
syscr: 38526542
syscw: 3203281
read_bytes: 33713619456
write_bytes: 104132829184
cancelled_write_bytes: 4096

[2020-01-21T09:47:57-08:00]
rchar: 319066896823
wchar: 104473846643
syscr: 38641319
syscw: 3210957
read_bytes: 33788711424
write_bytes: 104484225024
cancelled_write_bytes: 4096

[2020-01-21T09:48:00-08:00]
rchar: 320133461729
wchar: 104981294778
syscr: 38770562
syscw: 3220287
read_bytes: 33869132288
write_bytes: 104991694848
cancelled_write_bytes: 4096

[2020-01-21T09:48:03-08:00]
rchar: 321317818061
wchar: 105350188438
syscr: 38914174
syscw: 3229867
read_bytes: 33946423808
write_bytes: 105360617472
cancelled_write_bytes: 4096

[2020-01-21T09:48:06-08:00]
rchar: 322813216879
wchar: 105952318873
syscr: 39095510
syscw: 3239825
read_bytes: 34026004992
write_bytes: 105963200512
cancelled_write_bytes: 4096

[2020-01-21T09:48:09-08:00]
rchar: 324130797663
wchar: 106403663575
syscr: 39255239
syscw: 3249363
read_bytes: 34119995904
write_bytes: 106414202880
cancelled_write_bytes: 4096

[2020-01-21T09:48:12-08:00]
rchar: 325466584994
wchar: 106857587422
syscr: 39417213
syscw: 3259538
read_bytes: 34208666112
write_bytes: 106868146176
cancelled_write_bytes: 4096

[2020-01-21T09:48:15-08:00]
rchar: 326446388045
wchar: 107230231549
syscr: 39535395
syscw: 3268742
read_bytes: 34293072384
write_bytes: 107240837120
cancelled_write_bytes: 4096

[2020-01-21T09:48:18-08:00]
rchar: 327141138840
wchar: 107574658212
syscr: 39619561
syscw: 3278302
read_bytes: 34370023936
write_bytes: 107585847296
cancelled_write_bytes: 4096

[2020-01-21T09:48:21-08:00]
rchar: 328719782987
wchar: 108182406364
syscr: 39810993
syscw: 3292831
read_bytes: 34566201856
write_bytes: 108193099776
cancelled_write_bytes: 4096

[2020-01-21T09:48:24-08:00]
rchar: 329774234990
wchar: 108531662966
syscr: 39938794
syscw: 3304304
read_bytes: 34678993408
write_bytes: 108542414848
cancelled_write_bytes: 4096

[2020-01-21T09:48:27-08:00]
rchar: 330947954817
wchar: 108945284859
syscr: 40081124
syscw: 3315566
read_bytes: 34814530048
write_bytes: 108956065792
cancelled_write_bytes: 4096

[2020-01-21T09:48:30-08:00]
rchar: 331475992346
wchar: 109266323586
syscr: 40145072
syscw: 3322903
read_bytes: 34858152448
write_bytes: 109277130752
cancelled_write_bytes: 4096

[2020-01-21T09:48:33-08:00]
rchar: 333227737934
wchar: 109793779685
syscr: 40357399
syscw: 3337730
read_bytes: 35013284352
write_bytes: 109804646400
cancelled_write_bytes: 4096

[2020-01-21T09:48:36-08:00]
rchar: 334744853360
wchar: 110131744395
syscr: 40541180
syscw: 3351685
read_bytes: 35123671552
write_bytes: 110142660608
cancelled_write_bytes: 4096

[2020-01-21T09:48:39-08:00]
rchar: 336150100552
wchar: 110534544980
syscr: 40711380
syscw: 3365199
read_bytes: 35185140224
write_bytes: 110545694720
cancelled_write_bytes: 4096

[2020-01-21T09:48:42-08:00]
rchar: 337038728822
wchar: 110950157285
syscr: 40819043
syscw: 3371588
read_bytes: 35197305344
write_bytes: 110961160192
cancelled_write_bytes: 4096

[2020-01-21T09:48:45-08:00]
rchar: 338151130584
wchar: 111504981313
syscr: 40953936
syscw: 3378710
read_bytes: 35210764800
write_bytes: 111516028928
cancelled_write_bytes: 4096

[2020-01-21T09:48:48-08:00]
rchar: 339272161928
wchar: 112110184889
syscr: 41089880
syscw: 3385799
read_bytes: 35223163392
write_bytes: 112121294848
cancelled_write_bytes: 4096

[2020-01-21T09:48:51-08:00]
rchar: 340067984108
wchar: 112522021158
syscr: 41186335
syscw: 3391190
read_bytes: 35231715840
write_bytes: 112533204992
cancelled_write_bytes: 4096

[2020-01-21T09:48:54-08:00]
rchar: 341322574410
wchar: 112985001311
syscr: 41338280
syscw: 3401118
read_bytes: 35251909120
write_bytes: 112996278272
cancelled_write_bytes: 4096

[2020-01-21T09:48:57-08:00]
rchar: 342862588372
wchar: 113369400739
syscr: 41524948
syscw: 3413838
read_bytes: 35281945088
write_bytes: 113380708352
cancelled_write_bytes: 4096

[2020-01-21T09:49:00-08:00]
rchar: 343611001466
wchar: 113711564219
syscr: 41615611
syscw: 3420887
read_bytes: 35296297472
write_bytes: 113722892288
cancelled_write_bytes: 4096

[2020-01-21T09:49:03-08:00]
rchar: 346478551133
wchar: 114314621388
syscr: 41963302
syscw: 3441539
read_bytes: 35346448896
write_bytes: 114325991424
cancelled_write_bytes: 4096

[2020-01-21T09:49:06-08:00]
rchar: 348549347719
wchar: 114796603495
syscr: 42214385
syscw: 3457192
read_bytes: 35382280704
write_bytes: 114808700928
cancelled_write_bytes: 4096

[2020-01-21T09:49:09-08:00]
rchar: 349592687421
wchar: 115208634874
syscr: 42340182
syscw: 3467559
read_bytes: 35403477504
write_bytes: 115220082688
cancelled_write_bytes: 4096

[2020-01-21T09:49:12-08:00]
rchar: 351518952303
wchar: 115729665616
syscr: 42573703
syscw: 3487168
read_bytes: 35453350400
write_bytes: 115741155328
cancelled_write_bytes: 4096

[2020-01-21T09:49:15-08:00]
rchar: 352867307662
wchar: 116074400439
syscr: 42737164
syscw: 3502270
read_bytes: 35489001984
write_bytes: 116085915648
cancelled_write_bytes: 4096

[2020-01-21T09:49:18-08:00]
rchar: 353302861185
wchar: 116406238788
syscr: 42789897
syscw: 3507670
read_bytes: 35498648064
write_bytes: 116417789952
cancelled_write_bytes: 4096

[2020-01-21T09:49:21-08:00]
rchar: 355770002965
wchar: 116884775083
syscr: 43088972
syscw: 3529670
read_bytes: 35554816512
write_bytes: 116896382976
cancelled_write_bytes: 4096

[2020-01-21T09:49:24-08:00]
rchar: 357259635607
wchar: 117194752228
syscr: 43269557
syscw: 3544255
read_bytes: 35589861888
write_bytes: 117206401024
cancelled_write_bytes: 4096

[2020-01-21T09:49:27-08:00]
rchar: 358182349764
wchar: 117735710826
syscr: 43381362
syscw: 3552332
read_bytes: 35605037568
write_bytes: 117747392512
cancelled_write_bytes: 4096

[2020-01-21T09:49:30-08:00]
rchar: 359350900821
wchar: 118247051385
syscr: 43523065
syscw: 3560910
read_bytes: 35619922432
write_bytes: 118258774016
cancelled_write_bytes: 4096

[2020-01-21T09:49:33-08:00]
rchar: 360079086066
wchar: 118599152874
syscr: 43611334
syscw: 3566170
read_bytes: 35633766912
write_bytes: 118610919424
cancelled_write_bytes: 4096

[2020-01-21T09:49:36-08:00]
rchar: 361745689329
wchar: 119224125505
syscr: 43813313
syscw: 3579153
read_bytes: 35741577728
write_bytes: 119235960832
cancelled_write_bytes: 4096

[2020-01-21T09:49:39-08:00]
rchar: 363166997950
wchar: 119716179503
syscr: 43985652
syscw: 3591312
read_bytes: 35833569792
write_bytes: 119728906240
cancelled_write_bytes: 4096

[2020-01-21T09:49:42-08:00]
rchar: 364216050301
wchar: 120058057089
syscr: 44112855
syscw: 3600269
read_bytes: 35905774080
write_bytes: 120069926912
cancelled_write_bytes: 4096

[2020-01-21T09:49:45-08:00]
rchar: 365174038523
wchar: 120522226164
syscr: 44229023
syscw: 3609658
read_bytes: 35957043712
write_bytes: 120534142976
cancelled_write_bytes: 4096

[2020-01-21T09:49:48-08:00]
rchar: 366319141042
wchar: 120888484173
syscr: 44367795
syscw: 3618113
read_bytes: 36020462080
write_bytes: 120900812800
cancelled_write_bytes: 4096

[2020-01-21T09:49:51-08:00]
rchar: 367955327340
wchar: 121395788493
syscr: 44566186
syscw: 3630277
read_bytes: 36116537856
write_bytes: 121407807488
cancelled_write_bytes: 4096

[2020-01-21T09:49:54-08:00]
rchar: 369501472704
wchar: 121885977402
syscr: 44753660
syscw: 3642177
read_bytes: 36202205696
write_bytes: 121898020864
cancelled_write_bytes: 4096

[2020-01-21T09:49:57-08:00]
rchar: 371107128363
wchar: 122395972146
syscr: 44948362
syscw: 3654404
read_bytes: 36284498432
write_bytes: 122408091648
cancelled_write_bytes: 4096

[2020-01-21T09:50:00-08:00]
rchar: 371672482943
wchar: 122580584693
syscr: 45016919
syscw: 3659599
read_bytes: 36313281024
write_bytes: 122592735232
cancelled_write_bytes: 4096

[2020-01-21T09:50:03-08:00]
rchar: 372665147374
wchar: 122997348386
syscr: 45136573
syscw: 3671840
read_bytes: 36396667392
write_bytes: 123009519616
cancelled_write_bytes: 4096

[2020-01-21T09:50:06-08:00]
rchar: 373998950981
wchar: 123461689145
syscr: 45298311
syscw: 3685344
read_bytes: 36528439808
write_bytes: 123473858560
cancelled_write_bytes: 4096

[2020-01-21T09:50:09-08:00]
rchar: 375435584873
wchar: 123972151391
syscr: 45472530
syscw: 3699443
read_bytes: 36673077760
write_bytes: 123984990208
cancelled_write_bytes: 4096

[2020-01-21T09:50:12-08:00]
rchar: 376206058309
wchar: 124222788559
syscr: 45565958
syscw: 3708205
read_bytes: 36743655936
write_bytes: 124235030528
cancelled_write_bytes: 4096

[2020-01-21T09:50:15-08:00]
rchar: 377285202137
wchar: 124695728203
syscr: 45696706
syscw: 3720526
read_bytes: 36828574208
write_bytes: 124708016128
cancelled_write_bytes: 4096

[2020-01-21T09:50:18-08:00]
rchar: 378952250768
wchar: 125225681349
syscr: 45898859
syscw: 3734984
read_bytes: 36945650176
write_bytes: 125238718464
cancelled_write_bytes: 4096

[2020-01-21T09:50:21-08:00]
rchar: 380278696603
wchar: 125616463978
syscr: 46059614
syscw: 3747728
read_bytes: 37047431680
write_bytes: 125628870656
cancelled_write_bytes: 4096

[2020-01-21T09:50:24-08:00]
rchar: 380989725392
wchar: 125981678425
syscr: 46145776
syscw: 3753467
read_bytes: 37146423808
write_bytes: 125994180608
cancelled_write_bytes: 4096

[2020-01-21T09:50:27-08:00]
rchar: 381003994176
wchar: 125996943847
syscr: 46147501
syscw: 3753547
read_bytes: 37149405696
write_bytes: 126009442304
cancelled_write_bytes: 4096

[2020-01-21T09:50:30-08:00]
rchar: 381003994176
wchar: 125996943847
syscr: 46147501
syscw: 3753547
read_bytes: 37149405696
write_bytes: 126009442304
cancelled_write_bytes: 4096

[2020-01-21T09:50:33-08:00]
rchar: 381003994176
wchar: 125996943847
syscr: 46147501
syscw: 3753547
read_bytes: 37149405696
write_bytes: 126009442304
cancelled_write_bytes: 4096

[2020-01-21T09:50:36-08:00]
rchar: 381003994176
wchar: 125996943847
syscr: 46147501
syscw: 3753547
read_bytes: 37149405696
write_bytes: 126009442304
cancelled_write_bytes: 4096

[2020-01-21T09:50:39-08:00]
rchar: 381003994176
wchar: 125996943847
syscr: 46147501
syscw: 3753547
read_bytes: 37149405696
write_bytes: 126009442304
cancelled_write_bytes: 4096

[2020-01-21T09:50:42-08:00]
rchar: 381003994176
wchar: 125996943847
syscr: 46147501
syscw: 3753547
read_bytes: 37149405696
write_bytes: 126009442304
cancelled_write_bytes: 4096

